01:57:36.334 [main                     ] DEBUG Logger               - Configured Logger
01:57:36.340 [main                     ] DEBUG GameApplication      - Logging settings
Title: BOMBERMAN
Version: 1.0
Width: 720
Height: 720
Fullscreen: false
Intro: false
Profiling: false
Single step:false
App Mode: DEVELOPER
Menu Key: ESCAPE
Stage Style: DECORATED
Scene Factory: class Bomber.BombermanApp$1

01:57:36.753 [JavaFX Application Thread] DEBUG FXGLApplication      - Initializing FXGL
01:57:36.755 [JavaFX Application Thread] INFO  Engine               - FXGL-11.17 (16.07.2021 15.46) on WINDOWS (J:17.0.1 FX:16)
01:57:36.755 [JavaFX Application Thread] DEBUG Engine               - JRE Vendor Name: Oracle Corporation
01:57:36.755 [JavaFX Application Thread] DEBUG Engine               - Running on OS: Windows 10 version 10.0
01:57:36.756 [JavaFX Application Thread] DEBUG Engine               - Architecture: amd64
01:57:36.756 [JavaFX Application Thread] INFO  Engine               - Source code and latest versions at: https://github.com/AlmasB/FXGL
01:57:36.756 [JavaFX Application Thread] INFO  Engine               -              Join the FXGL chat at: https://gitter.im/AlmasB/FXGL
01:57:36.890 [JavaFX Application Thread] DEBUG PrimaryStageWindow   - Creating a JavaFX scene
01:57:36.939 [JavaFX Application Thread] DEBUG PrimaryStageWindow   - Target settings size: 720.0 x 720.0
01:57:36.940 [JavaFX Application Thread] DEBUG PrimaryStageWindow   - Scaled scene size:    720.0 x 720.0
01:57:36.940 [JavaFX Application Thread] DEBUG PrimaryStageWindow   - Scaled ratio: (1.0, 1.0)
01:57:36.941 [JavaFX Application Thread] DEBUG PrimaryStageWindow   - Set initial scene to FXGLStartupScene
01:57:36.951 [JavaFX Application Thread] DEBUG PrimaryStageWindow   - Opening main window
01:57:37.117 [JavaFX Application Thread] DEBUG PrimaryStageWindow   - Window border size: (14.4000244140625, 37.5999755859375)
01:57:37.118 [JavaFX Application Thread] DEBUG PrimaryStageWindow   - Scaled size: 720.0 x 720.0
01:57:37.118 [JavaFX Application Thread] DEBUG PrimaryStageWindow   - Scaled ratio: (1.0, 1.0)
01:57:37.118 [JavaFX Application Thread] DEBUG PrimaryStageWindow   - Scene size: 720.0 x 720.0
01:57:37.119 [JavaFX Application Thread] DEBUG PrimaryStageWindow   - Stage size: 734.4000244140625 x 757.5999755859375
01:57:37.132 [FXGL Background Thread 1 ] DEBUG Engine               - Initializing environment variables
01:57:37.232 [FXGL Background Thread 1 ] DEBUG FXGLAssetLoaderServi - User app class for loading assets: class Bomber.BombermanApp
01:57:37.232 [FXGL Background Thread 1 ] DEBUG GameApplicationServi - Applying CSS: fxgl_dark.css
01:57:37.233 [FXGL Background Thread 1 ] DEBUG FXGLAssetLoaderServi - Loading from file system: jar:file:/C:/Users/thinh/.m2/repository/com/github/almasb/fxgl/11.17/fxgl-11.17.jar!/fxglassets/ui/css/fxgl_dark.css
01:57:37.311 [FXGL Background Thread 1 ] DEBUG GameApplicationServi - Initializing application scenes
01:57:37.387 [FXGL Background Thread 1 ] DEBUG GameWorld            - Game world initialized
01:57:37.518 [FXGL Background Thread 1 ] DEBUG PhysicsWorld         - Physics world initialized: appHeight=720, physics.ppm=50.0
01:57:37.519 [FXGL Background Thread 1 ] DEBUG PhysicsWorld         - Using strategy: BRUTE_FORCE
01:57:37.525 [FXGL Background Thread 1 ] DEBUG GameScene            - Game scene initialized: 720x720
01:57:37.640 [FXGL Background Thread 1 ] DEBUG GameApplicationServi - Application scenes initialized
01:57:37.656 [FXGL Background Thread 1 ] DEBUG SystemBundleService  - Loading FXGL system data
01:57:37.665 [FXGL Background Thread 1 ] DEBUG FileSystemAccess     - Reading from: D:\Code\ProjectJavaFX\bomberman\Bomber\system\fxgl.bundle
01:57:37.677 [FXGL Background Thread 1 ] DEBUG SystemBundleService  - Bundle FXGL: {}
01:57:37.677 [FXGL Background Thread 1 ] DEBUG UpdaterService       - Checking for updates
01:57:37.687 [FXGL Background Thread 4 ] DEBUG FXGLApplication      - Loading fonts
01:57:37.687 [FXGL Background Thread 4 ] DEBUG FXGLAssetLoaderServi - Loading from file system: file:/D:/Code/ProjectJavaFX/bomberman/Bomber/target/classes/assets/ui/fonts/Quinquefive-Ea6d4.ttf
01:57:37.688 [FXGL Background Thread 1 ] DEBUG FXGLApplication      - Loading default localization
01:57:37.688 [FXGL Background Thread 1 ] DEBUG FXGLAssetLoaderServi - Loading from file system: jar:file:/C:/Users/thinh/.m2/repository/com/github/almasb/fxgl/11.17/fxgl-11.17.jar!/fxglassets/languages/english.lang
01:57:37.755 [FXGL Background Thread 1 ] INFO  FXGLApplication      - FXGL initialization took: 0.621 sec
01:57:37.774 [JavaFX Application Thread] DEBUG Input                - Registered new binding: Move Up - W
01:57:37.775 [JavaFX Application Thread] DEBUG Input                - Registered new binding: Move Down - S
01:57:37.775 [JavaFX Application Thread] DEBUG Input                - Registered new binding: Move Left - A
01:57:37.775 [JavaFX Application Thread] DEBUG Input                - Registered new binding: Move Right - D
01:57:37.776 [JavaFX Application Thread] DEBUG Input                - Registered new binding: Place Bomb - Space
01:57:37.776 [JavaFX Application Thread] DEBUG FXGLAssetLoaderServi - Loading from file system: file:/D:/Code/ProjectJavaFX/bomberman/Bomber/target/classes/assets/music/title_screen.mp3
01:57:37.853 [FXGL Background Thread 4 ] DEBUG FXGLAssetLoaderServi - Loading from file system: jar:file:/C:/Users/thinh/.m2/repository/com/github/almasb/fxgl/11.17/fxgl-11.17.jar!/fxglassets/ui/fonts/Abel-Regular.ttf
01:57:37.882 [FXGL Background Thread 4 ] DEBUG FXGLAssetLoaderServi - Loading from file system: jar:file:/C:/Users/thinh/.m2/repository/com/github/almasb/fxgl/11.17/fxgl-11.17.jar!/fxglassets/ui/fonts/lucida_console.ttf
01:57:37.953 [FXGL Background Thread 4 ] DEBUG FXGLAssetLoaderServi - Loading from file system: jar:file:/C:/Users/thinh/.m2/repository/com/github/almasb/fxgl/11.17/fxgl-11.17.jar!/fxglassets/ui/fonts/Courier-Prime.ttf
01:57:38.057 [JavaFX Application Thread] DEBUG AudioPlayer          - Playing music com.almasb.fxgl.audio.Music@23797d06
01:57:38.058 [JavaFX Application Thread] DEBUG FXGLAssetLoaderServi - Loading from file system: jar:file:/C:/Users/thinh/.m2/repository/com/github/almasb/fxgl/11.17/fxgl-11.17.jar!/fxglassets/textures/fxgl_icon.png
01:57:38.102 [JavaFX Application Thread] DEBUG FXGLAssetLoaderServi - Loading from file system: jar:file:/C:/Users/thinh/.m2/repository/com/github/almasb/fxgl/11.17/fxgl-11.17.jar!/fxglassets/textures/fxgl_default_cursor.png
01:57:38.105 [JavaFX Application Thread] DEBUG Input                - Registered new binding: Screenshot - CTRL+8
01:57:38.106 [JavaFX Application Thread] DEBUG Input                - Registered new binding: System info dump - CTRL+9
01:57:38.106 [JavaFX Application Thread] DEBUG Input                - Registered new binding: Restart - CTRL+R
01:57:38.107 [JavaFX Application Thread] DEBUG Input                - Registered new binding: Toggle Debug Camera - CTRL+C
01:57:38.109 [JavaFX Application Thread] DEBUG LoopRunner           - Starting loop
01:57:38.110 [JavaFX Application Thread] DEBUG LoopRunner           - Initializing JavaFX AnimationTimerLoop
01:57:38.112 [JavaFX Application Thread] DEBUG Input                - Clearing active input actions
01:57:38.123 [JavaFX Application Thread] DEBUG GameApplicationServi - Removing overlay from FXGLStartupScene and adding to FXGLMainMenuDummyScene
01:57:38.123 [JavaFX Application Thread] DEBUG PrimaryStageWindow   - FXGLStartupScene -> FXGLMainMenuDummyScene
01:57:38.123 [JavaFX Application Thread] DEBUG PrimaryStageWindow   - Push state: BombermanMenu
01:57:38.124 [JavaFX Application Thread] DEBUG Input                - Clearing active input actions
01:57:38.129 [JavaFX Application Thread] DEBUG GameApplicationServi - Removing overlay from FXGLMainMenuDummyScene and adding to BombermanMenu
01:57:38.129 [JavaFX Application Thread] DEBUG PrimaryStageWindow   - FXGLMainMenuDummyScene -> BombermanMenu
01:57:38.130 [JavaFX Application Thread] DEBUG FXGLApplication      - Registering font factories with UI factory
01:57:39.645 [JavaFX Application Thread] DEBUG Menu                 - fireNewGame()
01:57:39.645 [JavaFX Application Thread] DEBUG GameApplicationServi - Starting new game
01:57:39.645 [JavaFX Application Thread] DEBUG PrimaryStageWindow   - Pop state: BombermanMenu
01:57:39.646 [JavaFX Application Thread] DEBUG Input                - Clearing active input actions
01:57:39.646 [JavaFX Application Thread] DEBUG GameApplicationServi - Removing overlay from BombermanMenu and adding to FXGLMainMenuDummyScene
01:57:39.646 [JavaFX Application Thread] DEBUG PrimaryStageWindow   - FXGLMainMenuDummyScene <- BombermanMenu
01:57:39.647 [JavaFX Application Thread] DEBUG Input                - Clearing active input actions
01:57:39.653 [JavaFX Application Thread] DEBUG GameApplicationServi - Removing overlay from FXGLMainMenuDummyScene and adding to FXGLLoadingScene
01:57:39.654 [JavaFX Application Thread] DEBUG PrimaryStageWindow   - FXGLMainMenuDummyScene -> FXGLLoadingScene
01:57:39.654 [JavaFX Application Thread] DEBUG GameApplicationServi - Clearing previous game
01:57:39.654 [JavaFX Application Thread] DEBUG GameScene            - Clearing game scene
01:57:39.654 [JavaFX Application Thread] DEBUG GameWorld            - Clearing game world
01:57:39.654 [JavaFX Application Thread] DEBUG PhysicsWorld         - Clearing physics world
01:57:39.657 [FXGL Background Thread 2 ] DEBUG FXGLApplication      - Initializing game
01:57:39.696 [FXGL Background Thread 2 ] WARN  TMXLevelLoader       - TiledMap generated from 1.7.2. Supported version: 1.2.3. Some features may not be parsed fully.
01:57:39.723 [FXGL Background Thread 2 ] DEBUG TMXLevelLoader       - Parsed TiledMap: file:/D:/Code/ProjectJavaFX/bomberman/Bomber/target/classes/assets/levels/bbm_level1.tmx
01:57:39.725 [FXGL Background Thread 2 ] DEBUG TMXLevelLoader       - Creating tile layer entities
01:57:39.726 [FXGL Background Thread 2 ] DEBUG TilesetLoader        - Loading view for layer Tile Layer 1
01:57:39.733 [FXGL Background Thread 2 ] DEBUG TilesetLoader        - Created buffer with size 1488.0x720.0
01:57:39.897 [FXGL Background Thread 2 ] DEBUG TMXLevelLoader       - Creating object layer entities
01:57:39.970 [FXGL Background Thread 2 ] DEBUG FXGLAssetLoaderServi - Loading from file system: file:/D:/Code/ProjectJavaFX/bomberman/Bomber/target/classes/assets/textures/player_die.png
01:57:39.973 [FXGL Background Thread 2 ] DEBUG FXGLAssetLoaderServi - Loading from file system: file:/D:/Code/ProjectJavaFX/bomberman/Bomber/target/classes/assets/textures/player_down.png
01:57:39.974 [FXGL Background Thread 2 ] DEBUG FXGLAssetLoaderServi - Loading from file system: file:/D:/Code/ProjectJavaFX/bomberman/Bomber/target/classes/assets/textures/player_right.png
01:57:39.976 [FXGL Background Thread 2 ] DEBUG FXGLAssetLoaderServi - Loading from file system: file:/D:/Code/ProjectJavaFX/bomberman/Bomber/target/classes/assets/textures/player_up.png
01:57:39.978 [FXGL Background Thread 2 ] DEBUG FXGLAssetLoaderServi - Loading from file system: file:/D:/Code/ProjectJavaFX/bomberman/Bomber/target/classes/assets/textures/player_left.png
01:57:39.985 [FXGL Background Thread 2 ] WARN  Entity               - Entity already has component: com.almasb.fxgl.physics.PhysicsComponent
01:57:39.987 [FXGL Background Thread 2 ] DEBUG FXGLAssetLoaderServi - Loading from file system: file:/D:/Code/ProjectJavaFX/bomberman/Bomber/target/classes/assets/textures/brick.png
01:57:40.069 [FXGL Background Thread 2 ] DEBUG FXGLAssetLoaderServi - Loading from file system: file:/D:/Code/ProjectJavaFX/bomberman/Bomber/target/classes/assets/textures/powerup_speed.png
01:57:40.074 [FXGL Background Thread 2 ] DEBUG FXGLAssetLoaderServi - Loading from file system: file:/D:/Code/ProjectJavaFX/bomberman/Bomber/target/classes/assets/textures/powerup_flames.png
01:57:40.081 [FXGL Background Thread 2 ] DEBUG FXGLAssetLoaderServi - Loading from file system: file:/D:/Code/ProjectJavaFX/bomberman/Bomber/target/classes/assets/textures/powerup_bombs.png
01:57:40.086 [FXGL Background Thread 2 ] DEBUG FXGLAssetLoaderServi - Loading from file system: file:/D:/Code/ProjectJavaFX/bomberman/Bomber/target/classes/assets/textures/powerup_flamepass.png
01:57:40.093 [FXGL Background Thread 2 ] DEBUG FXGLAssetLoaderServi - Loading from file system: file:/D:/Code/ProjectJavaFX/bomberman/Bomber/target/classes/assets/textures/portal.png
01:57:40.099 [FXGL Background Thread 2 ] DEBUG GameWorld            - Clearing removable entities
01:57:40.100 [FXGL Background Thread 2 ] DEBUG GameWorld            - Setting level: com.almasb.fxgl.entity.level.Level@4d8a836a
01:57:40.198 [FXGL Background Thread 2 ] INFO  FXGLApplication      - Game initialization took: 0.541 sec
01:57:40.199 [JavaFX Application Thread] DEBUG Input                - Clearing active input actions
01:57:40.221 [JavaFX Application Thread] DEBUG GameApplicationServi - Removing overlay from FXGLLoadingScene and adding to GameScene
01:57:40.222 [JavaFX Application Thread] DEBUG PrimaryStageWindow   - FXGLLoadingScene -> GameScene
01:57:40.684 [FXGL Background Thread 3 ] DEBUG Engine               - Logging environment variables
01:57:40.684 [FXGL Background Thread 3 ] DEBUG Engine               - achievements: []
01:57:40.684 [FXGL Background Thread 3 ] DEBUG Engine               - actualHeight: 720.0
01:57:40.684 [FXGL Background Thread 3 ] DEBUG Engine               - actualHeightProperty: ReadOnlyDoubleProperty [value: 720.0]
01:57:40.685 [FXGL Background Thread 3 ] DEBUG Engine               - actualWidth: 720.0
01:57:40.685 [FXGL Background Thread 3 ] DEBUG Engine               - actualWidthProperty: ReadOnlyDoubleProperty [value: 720.0]
01:57:40.685 [FXGL Background Thread 3 ] DEBUG Engine               - appIcon: fxgl_icon.png
01:57:40.685 [FXGL Background Thread 3 ] DEBUG Engine               - applicationMode: DEVELOPER
01:57:40.685 [FXGL Background Thread 3 ] DEBUG Engine               - cSSList: [fxgl_dark.css]
01:57:40.685 [FXGL Background Thread 3 ] DEBUG Engine               - collisionDetectionStrategy: BRUTE_FORCE
01:57:40.685 [FXGL Background Thread 3 ] DEBUG Engine               - configClass: Optional.empty
01:57:40.685 [FXGL Background Thread 3 ] DEBUG Engine               - credits: []
01:57:40.686 [FXGL Background Thread 3 ] DEBUG Engine               - defaultCursor: CursorInfo(imageName=fxgl_default_cursor.png, hotspotX=7.0, hotspotY=6.0)
01:57:40.686 [FXGL Background Thread 3 ] DEBUG Engine               - devBBoxColorProperty: ObjectProperty [value: 0xff0000ff]
01:57:40.686 [FXGL Background Thread 3 ] DEBUG Engine               - devEnableDebugCameraProperty: BooleanProperty [value: false]
01:57:40.686 [FXGL Background Thread 3 ] DEBUG Engine               - devSensorColorProperty: ObjectProperty [value: 0xffff00ff]
01:57:40.686 [FXGL Background Thread 3 ] DEBUG Engine               - devShowBBoxProperty: BooleanProperty [value: false]
01:57:40.686 [FXGL Background Thread 3 ] DEBUG Engine               - devShowPositionProperty: BooleanProperty [value: false]
01:57:40.686 [FXGL Background Thread 3 ] DEBUG Engine               - enabledMenuItems: []
01:57:40.686 [FXGL Background Thread 3 ] DEBUG Engine               - engineServices: [class com.almasb.fxgl.app.services.FXGLAssetLoaderService, class com.almasb.fxgl.app.FXGLApplication$GameApplicationService, class com.almasb.fxgl.app.services.FXGLDialogService, class com.almasb.fxgl.app.services.IOTaskExecutorService, class com.almasb.fxgl.io.FileSystemService, class com.almasb.fxgl.localization.LocalizationService, class com.almasb.fxgl.app.services.SystemBundleService, class com.almasb.fxgl.profile.SaveLoadService, class com.almasb.fxgl.ui.FXGLUIFactoryServiceProvider, class com.almasb.fxgl.ui.FXGLDialogFactoryServiceProvider, class com.almasb.fxgl.audio.AudioPlayer, class com.almasb.fxgl.notification.impl.NotificationServiceProvider, class com.almasb.fxgl.achievement.AchievementService, class com.almasb.fxgl.cutscene.CutsceneService, class com.almasb.fxgl.minigames.MiniGameService, class com.almasb.fxgl.net.NetService, class com.almasb.fxgl.app.services.UpdaterService, class com.almasb.fxgl.dev.DevService]
01:57:40.687 [FXGL Background Thread 3 ] DEBUG Engine               - fontGame: Abel-Regular.ttf
01:57:40.687 [FXGL Background Thread 3 ] DEBUG Engine               - fontMono: lucida_console.ttf
01:57:40.687 [FXGL Background Thread 3 ] DEBUG Engine               - fontText: Courier-Prime.ttf
01:57:40.687 [FXGL Background Thread 3 ] DEBUG Engine               - fontUI: Quinquefive-Ea6d4.ttf
01:57:40.687 [FXGL Background Thread 3 ] DEBUG Engine               - fullScreen: BooleanProperty [value: false]
01:57:40.687 [FXGL Background Thread 3 ] DEBUG Engine               - gameDifficulty: MEDIUM
01:57:40.687 [FXGL Background Thread 3 ] DEBUG Engine               - gameDifficultyProperty: ObjectProperty [value: MEDIUM]
01:57:40.688 [FXGL Background Thread 3 ] DEBUG Engine               - globalMusicVolume: 0.5
01:57:40.688 [FXGL Background Thread 3 ] DEBUG Engine               - globalMusicVolumeProperty: DoubleProperty [value: 0.1]
01:57:40.688 [FXGL Background Thread 3 ] DEBUG Engine               - globalSoundVolume: 0.5
01:57:40.688 [FXGL Background Thread 3 ] DEBUG Engine               - globalSoundVolumeProperty: DoubleProperty [value: 0.1]
01:57:40.688 [FXGL Background Thread 3 ] DEBUG Engine               - height: 720
01:57:40.688 [FXGL Background Thread 3 ] DEBUG Engine               - is3D: false
01:57:40.688 [FXGL Background Thread 3 ] DEBUG Engine               - isAndroid: false
01:57:40.688 [FXGL Background Thread 3 ] DEBUG Engine               - isBrowser: false
01:57:40.688 [FXGL Background Thread 3 ] DEBUG Engine               - isClickFeedbackEnabled: false
01:57:40.688 [FXGL Background Thread 3 ] DEBUG Engine               - isCloseConfirmation: false
01:57:40.688 [FXGL Background Thread 3 ] DEBUG Engine               - isDesktop: true
01:57:40.688 [FXGL Background Thread 3 ] DEBUG Engine               - isDeveloperMenuEnabled: false
01:57:40.688 [FXGL Background Thread 3 ] DEBUG Engine               - isEntityPreloadEnabled: true
01:57:40.689 [FXGL Background Thread 3 ] DEBUG Engine               - isExperimentalTiledLargeMap: false
01:57:40.689 [FXGL Background Thread 3 ] DEBUG Engine               - isFileSystemWriteAllowed: true
01:57:40.689 [FXGL Background Thread 3 ] DEBUG Engine               - isFullScreenAllowed: false
01:57:40.689 [FXGL Background Thread 3 ] DEBUG Engine               - isFullScreenFromStart: false
01:57:40.689 [FXGL Background Thread 3 ] DEBUG Engine               - isGameMenuEnabled: true
01:57:40.689 [FXGL Background Thread 3 ] DEBUG Engine               - isIOS: false
01:57:40.689 [FXGL Background Thread 3 ] DEBUG Engine               - isIntroEnabled: false
01:57:40.689 [FXGL Background Thread 3 ] DEBUG Engine               - isLinux: false
01:57:40.689 [FXGL Background Thread 3 ] DEBUG Engine               - isMac: false
01:57:40.689 [FXGL Background Thread 3 ] DEBUG Engine               - isMainMenuEnabled: true
01:57:40.689 [FXGL Background Thread 3 ] DEBUG Engine               - isManualResizeEnabled: true
01:57:40.689 [FXGL Background Thread 3 ] DEBUG Engine               - isMobile: false
01:57:40.689 [FXGL Background Thread 3 ] DEBUG Engine               - isNative: false
01:57:40.690 [FXGL Background Thread 3 ] DEBUG Engine               - isPauseMusicWhenMinimized: true
01:57:40.690 [FXGL Background Thread 3 ] DEBUG Engine               - isPreserveResizeRatio: true
01:57:40.690 [FXGL Background Thread 3 ] DEBUG Engine               - isProfilingEnabled: false
01:57:40.690 [FXGL Background Thread 3 ] DEBUG Engine               - isScaleAffectedOnResize: true
01:57:40.690 [FXGL Background Thread 3 ] DEBUG Engine               - isSingleStep: false
01:57:40.690 [FXGL Background Thread 3 ] DEBUG Engine               - isUserProfileEnabled: false
01:57:40.690 [FXGL Background Thread 3 ] DEBUG Engine               - isWindows: true
01:57:40.690 [FXGL Background Thread 3 ] DEBUG Engine               - language: ObjectProperty [value: ENGLISH]
01:57:40.690 [FXGL Background Thread 3 ] DEBUG Engine               - menuKey: ESCAPE
01:57:40.690 [FXGL Background Thread 3 ] DEBUG Engine               - mouseSensitivity: 0.2
01:57:40.691 [FXGL Background Thread 3 ] DEBUG Engine               - notificationViewClass: class com.almasb.fxgl.notification.view.XboxNotificationView
01:57:40.691 [FXGL Background Thread 3 ] DEBUG Engine               - pixelsPerMeter: 50.0
01:57:40.691 [FXGL Background Thread 3 ] DEBUG Engine               - platform: WINDOWS
01:57:40.691 [FXGL Background Thread 3 ] DEBUG Engine               - prefHeightProperty: ReadOnlyDoubleProperty [value: 720.0]
01:57:40.691 [FXGL Background Thread 3 ] DEBUG Engine               - prefWidthProperty: ReadOnlyDoubleProperty [value: 720.0]
01:57:40.691 [FXGL Background Thread 3 ] DEBUG Engine               - profileDir: profiles/
01:57:40.691 [FXGL Background Thread 3 ] DEBUG Engine               - profileName: StringProperty [value: DEFAULT]
01:57:40.691 [FXGL Background Thread 3 ] DEBUG Engine               - randomSeed: -1
01:57:40.691 [FXGL Background Thread 3 ] DEBUG Engine               - runtimeInfo: RuntimeInfo(platform=WINDOWS, version=11.17, build=16.07.2021 15.46)
01:57:40.691 [FXGL Background Thread 3 ] DEBUG Engine               - saveFileExt: sav
01:57:40.691 [FXGL Background Thread 3 ] DEBUG Engine               - scaledHeightProp$fxgl: DoubleProperty [bound, value: 720.0]
01:57:40.691 [FXGL Background Thread 3 ] DEBUG Engine               - scaledWidthProp$fxgl: DoubleProperty [bound, value: 720.0]
01:57:40.692 [FXGL Background Thread 3 ] DEBUG Engine               - sceneFactory: Bomber.BombermanApp$1@77d4dbdc
01:57:40.692 [FXGL Background Thread 3 ] DEBUG Engine               - secondsIn24h: 60
01:57:40.692 [FXGL Background Thread 3 ] DEBUG Engine               - soundMenuBack: menu/back.wav
01:57:40.692 [FXGL Background Thread 3 ] DEBUG Engine               - soundMenuPress: menu/press.wav
01:57:40.692 [FXGL Background Thread 3 ] DEBUG Engine               - soundMenuSelect: menu/select.wav
01:57:40.692 [FXGL Background Thread 3 ] DEBUG Engine               - soundNotification: core/notification.wav
01:57:40.692 [FXGL Background Thread 3 ] DEBUG Engine               - stageStyle: DECORATED
01:57:40.692 [FXGL Background Thread 3 ] DEBUG Engine               - supportedLanguages: [ENGLISH, FRENCH, GERMAN, HUNGARIAN, RUSSIAN]
01:57:40.693 [FXGL Background Thread 3 ] DEBUG Engine               - ticksPerSecond: -1
01:57:40.693 [FXGL Background Thread 3 ] DEBUG Engine               - title: BOMBERMAN
01:57:40.693 [FXGL Background Thread 3 ] DEBUG Engine               - urlGithub: https://github.com/AlmasB/FXGL
01:57:40.693 [FXGL Background Thread 3 ] DEBUG Engine               - urlLeaderboard: http://fxgl-top.herokuapp.com/
01:57:40.693 [FXGL Background Thread 3 ] DEBUG Engine               - urlPOM: https://raw.githubusercontent.com/AlmasB/FXGL/release/README.md
01:57:40.693 [FXGL Background Thread 3 ] DEBUG Engine               - userAppClass: class Bomber.BombermanApp
01:57:40.693 [FXGL Background Thread 3 ] DEBUG Engine               - version: 1.0
01:57:40.693 [FXGL Background Thread 3 ] DEBUG Engine               - versionCheckDays: 7
01:57:40.693 [FXGL Background Thread 3 ] DEBUG Engine               - width: 720
01:57:40.693 [FXGL Background Thread 3 ] DEBUG Engine               - Logging services
01:57:40.693 [FXGL Background Thread 3 ] DEBUG Engine               - class com.almasb.fxgl.app.services.FXGLAssetLoaderService
01:57:40.693 [FXGL Background Thread 3 ] DEBUG Engine               - class com.almasb.fxgl.app.FXGLApplication$GameApplicationService
01:57:40.693 [FXGL Background Thread 3 ] DEBUG Engine               - class com.almasb.fxgl.app.services.FXGLDialogService
01:57:40.693 [FXGL Background Thread 3 ] DEBUG Engine               - class com.almasb.fxgl.app.services.IOTaskExecutorService
01:57:40.694 [FXGL Background Thread 3 ] DEBUG Engine               - class com.almasb.fxgl.io.FileSystemService
01:57:40.694 [FXGL Background Thread 3 ] DEBUG Engine               - class com.almasb.fxgl.localization.LocalizationService
01:57:40.694 [FXGL Background Thread 3 ] DEBUG Engine               - class com.almasb.fxgl.app.services.SystemBundleService
01:57:40.694 [FXGL Background Thread 3 ] DEBUG Engine               - class com.almasb.fxgl.profile.SaveLoadService
01:57:40.694 [FXGL Background Thread 3 ] DEBUG Engine               - class com.almasb.fxgl.ui.FXGLUIFactoryServiceProvider
01:57:40.694 [FXGL Background Thread 3 ] DEBUG Engine               - class com.almasb.fxgl.ui.FXGLDialogFactoryServiceProvider
01:57:40.694 [FXGL Background Thread 3 ] DEBUG Engine               - class com.almasb.fxgl.audio.AudioPlayer
01:57:40.694 [FXGL Background Thread 3 ] DEBUG Engine               - class com.almasb.fxgl.notification.impl.NotificationServiceProvider
01:57:40.694 [FXGL Background Thread 3 ] DEBUG Engine               - class com.almasb.fxgl.achievement.AchievementService
01:57:40.694 [FXGL Background Thread 3 ] DEBUG Engine               - class com.almasb.fxgl.cutscene.CutsceneService
01:57:40.694 [FXGL Background Thread 3 ] DEBUG Engine               - class com.almasb.fxgl.minigames.MiniGameService
01:57:40.694 [FXGL Background Thread 3 ] DEBUG Engine               - class com.almasb.fxgl.net.NetService
01:57:40.695 [FXGL Background Thread 3 ] DEBUG Engine               - class com.almasb.fxgl.app.services.UpdaterService
01:57:40.695 [FXGL Background Thread 3 ] DEBUG Engine               - class com.almasb.fxgl.dev.DevService
01:57:41.595 [JavaFX Application Thread] DEBUG FXGLAssetLoaderServi - Loading from file system: file:/D:/Code/ProjectJavaFX/bomberman/Bomber/target/classes/assets/textures/bomb_ani.png
01:57:43.728 [JavaFX Application Thread] DEBUG FXGLAssetLoaderServi - Loading from file system: file:/D:/Code/ProjectJavaFX/bomberman/Bomber/target/classes/assets/textures/bomb_exploded_1.png
01:57:43.737 [JavaFX Application Thread] DEBUG FXGLAssetLoaderServi - Loading from file system: file:/D:/Code/ProjectJavaFX/bomberman/Bomber/target/classes/assets/textures/brick_break.png
01:58:16.528 [JavaFX Application Thread] WARN  TMXLevelLoader       - TiledMap generated from 1.7.2. Supported version: 1.2.3. Some features may not be parsed fully.
01:58:16.539 [JavaFX Application Thread] DEBUG TMXLevelLoader       - Parsed TiledMap: file:/D:/Code/ProjectJavaFX/bomberman/Bomber/target/classes/assets/levels/bbm_level2.tmx
01:58:16.539 [JavaFX Application Thread] DEBUG TMXLevelLoader       - Creating tile layer entities
01:58:16.540 [JavaFX Application Thread] DEBUG TilesetLoader        - Loading view for layer Tile Layer 1
01:58:16.541 [JavaFX Application Thread] DEBUG TilesetLoader        - Created buffer with size 1488.0x720.0
01:58:16.655 [JavaFX Application Thread] DEBUG TilesetLoader        - Loading view for layer Tile Layer 2
01:58:16.657 [JavaFX Application Thread] DEBUG TilesetLoader        - Created buffer with size 1488.0x720.0
01:58:16.659 [JavaFX Application Thread] DEBUG TMXLevelLoader       - Creating object layer entities
01:58:16.661 [JavaFX Application Thread] WARN  Entity               - Entity already has component: com.almasb.fxgl.physics.PhysicsComponent
01:58:16.662 [JavaFX Application Thread] DEBUG FXGLAssetLoaderServi - Loading from file system: file:/D:/Code/ProjectJavaFX/bomberman/Bomber/target/classes/assets/textures/grass.png
01:58:16.696 [JavaFX Application Thread] DEBUG GameWorld            - Clearing removable entities
01:58:16.708 [JavaFX Application Thread] DEBUG GameWorld            - Setting level: com.almasb.fxgl.entity.level.Level@68c17cdc
01:58:22.915 [JavaFX Application Thread] DEBUG FXGLAssetLoaderServi - Loading from file system: file:/D:/Code/ProjectJavaFX/bomberman/Bomber/target/classes/assets/textures/grass_break_1.png
01:59:40.172 [JavaFX Application Thread] DEBUG FXGLApplication      - Exiting FXGL
01:59:40.172 [JavaFX Application Thread] DEBUG LoopRunner           - Stopping loop
01:59:40.172 [JavaFX Application Thread] DEBUG SystemBundleService  - Saving FXGL system data
01:59:40.173 [JavaFX Application Thread] DEBUG FileSystemAccess     - Writing to: D:\Code\ProjectJavaFX\bomberman\Bomber\system\fxgl.bundle
01:59:40.174 [JavaFX Application Thread] DEBUG Async                - Shutting down background threads
01:59:40.174 [JavaFX Application Thread] DEBUG PrimaryStageWindow   - Closing main window
01:59:40.225 [JavaFX Application Thread] DEBUG Logger               - Closing Logger
