16:39:05.766 [main                     ] DEBUG Logger               - Configured Logger
16:39:05.782 [main                     ] DEBUG GameApplication      - Logging settings
Title: BOMBERMAN
Version: 1.0
Width: 704
Height: 704
Fullscreen: false
Intro: false
Profiling: false
Single step:false
App Mode: DEVELOPER
Menu Key: ESCAPE
Stage Style: DECORATED
Scene Factory: class Bomber.BombermanApp$1

16:39:06.122 [JavaFX Application Thread] DEBUG FXGLApplication      - Initializing FXGL
16:39:06.124 [JavaFX Application Thread] INFO  Engine               - FXGL-11.17 (16.07.2021 15.46) on WINDOWS (J:17.0.1 FX:16)
16:39:06.124 [JavaFX Application Thread] DEBUG Engine               - JRE Vendor Name: Oracle Corporation
16:39:06.124 [JavaFX Application Thread] DEBUG Engine               - Running on OS: Windows 10 version 10.0
16:39:06.125 [JavaFX Application Thread] DEBUG Engine               - Architecture: amd64
16:39:06.125 [JavaFX Application Thread] INFO  Engine               - Source code and latest versions at: https://github.com/AlmasB/FXGL
16:39:06.125 [JavaFX Application Thread] INFO  Engine               -              Join the FXGL chat at: https://gitter.im/AlmasB/FXGL
16:39:06.231 [JavaFX Application Thread] DEBUG PrimaryStageWindow   - Creating a JavaFX scene
16:39:06.268 [JavaFX Application Thread] DEBUG PrimaryStageWindow   - Target settings size: 704.0 x 704.0
16:39:06.268 [JavaFX Application Thread] DEBUG PrimaryStageWindow   - Scaled scene size:    704.0 x 704.0
16:39:06.269 [JavaFX Application Thread] DEBUG PrimaryStageWindow   - Scaled ratio: (1.0, 1.0)
16:39:06.269 [JavaFX Application Thread] DEBUG PrimaryStageWindow   - Set initial scene to FXGLStartupScene
16:39:06.277 [JavaFX Application Thread] DEBUG PrimaryStageWindow   - Opening main window
16:39:06.362 [JavaFX Application Thread] DEBUG PrimaryStageWindow   - Window border size: (14.4000244140625, 37.5999755859375)
16:39:06.362 [JavaFX Application Thread] DEBUG PrimaryStageWindow   - Scaled size: 704.0 x 704.0
16:39:06.363 [JavaFX Application Thread] DEBUG PrimaryStageWindow   - Scaled ratio: (1.0, 1.0)
16:39:06.363 [JavaFX Application Thread] DEBUG PrimaryStageWindow   - Scene size: 704.0 x 704.0
16:39:06.363 [JavaFX Application Thread] DEBUG PrimaryStageWindow   - Stage size: 718.4000244140625 x 741.5999755859375
16:39:06.370 [FXGL Background Thread 1 ] DEBUG Engine               - Initializing environment variables
16:39:06.448 [FXGL Background Thread 1 ] DEBUG FXGLAssetLoaderServi - User app class for loading assets: class Bomber.BombermanApp
16:39:06.448 [FXGL Background Thread 1 ] DEBUG GameApplicationServi - Applying CSS: fxgl_dark.css
16:39:06.449 [FXGL Background Thread 1 ] DEBUG FXGLAssetLoaderServi - Loading from file system: jar:file:/C:/Users/thinh/.m2/repository/com/github/almasb/fxgl/11.17/fxgl-11.17.jar!/fxglassets/ui/css/fxgl_dark.css
16:39:06.502 [FXGL Background Thread 1 ] DEBUG GameApplicationServi - Initializing application scenes
16:39:06.552 [FXGL Background Thread 1 ] DEBUG GameWorld            - Game world initialized
16:39:06.630 [FXGL Background Thread 1 ] DEBUG PhysicsWorld         - Physics world initialized: appHeight=704, physics.ppm=50.0
16:39:06.631 [FXGL Background Thread 1 ] DEBUG PhysicsWorld         - Using strategy: BRUTE_FORCE
16:39:06.634 [FXGL Background Thread 1 ] DEBUG GameScene            - Game scene initialized: 704x704
16:39:06.711 [FXGL Background Thread 1 ] DEBUG GameApplicationServi - Application scenes initialized
16:39:06.723 [FXGL Background Thread 1 ] DEBUG SystemBundleService  - Loading FXGL system data
16:39:06.728 [FXGL Background Thread 1 ] DEBUG FileSystemAccess     - Reading from: D:\Code\ProjectJavaFX\bomberman\Bomber\system\fxgl.bundle
16:39:06.733 [FXGL Background Thread 1 ] DEBUG SystemBundleService  - Bundle FXGL: {}
16:39:06.733 [FXGL Background Thread 1 ] DEBUG UpdaterService       - Checking for updates
16:39:06.740 [FXGL Background Thread 4 ] DEBUG FXGLApplication      - Loading fonts
16:39:06.740 [FXGL Background Thread 4 ] DEBUG FXGLAssetLoaderServi - Loading from file system: file:/D:/Code/ProjectJavaFX/bomberman/Bomber/target/classes/assets/ui/fonts/Quinquefive-Ea6d4.ttf
16:39:06.741 [FXGL Background Thread 1 ] DEBUG FXGLApplication      - Loading default localization
16:39:06.741 [FXGL Background Thread 1 ] DEBUG FXGLAssetLoaderServi - Loading from file system: jar:file:/C:/Users/thinh/.m2/repository/com/github/almasb/fxgl/11.17/fxgl-11.17.jar!/fxglassets/languages/english.lang
16:39:06.766 [FXGL Background Thread 1 ] INFO  FXGLApplication      - FXGL initialization took: 0.395 sec
16:39:06.780 [JavaFX Application Thread] DEBUG Input                - Registered new binding: Move Up - W
16:39:06.781 [JavaFX Application Thread] DEBUG Input                - Registered new binding: Move Down - S
16:39:06.781 [JavaFX Application Thread] DEBUG Input                - Registered new binding: Move Left - A
16:39:06.781 [JavaFX Application Thread] DEBUG Input                - Registered new binding: Move Right - D
16:39:06.781 [JavaFX Application Thread] DEBUG Input                - Registered new binding: Place Bomb - Space
16:39:06.782 [JavaFX Application Thread] DEBUG FXGLAssetLoaderServi - Loading from file system: file:/D:/Code/ProjectJavaFX/bomberman/Bomber/target/classes/assets/music/title_screen.mp3
16:39:06.836 [FXGL Background Thread 4 ] DEBUG FXGLAssetLoaderServi - Loading from file system: jar:file:/C:/Users/thinh/.m2/repository/com/github/almasb/fxgl/11.17/fxgl-11.17.jar!/fxglassets/ui/fonts/Abel-Regular.ttf
16:39:06.852 [FXGL Background Thread 4 ] DEBUG FXGLAssetLoaderServi - Loading from file system: jar:file:/C:/Users/thinh/.m2/repository/com/github/almasb/fxgl/11.17/fxgl-11.17.jar!/fxglassets/ui/fonts/lucida_console.ttf
16:39:06.871 [FXGL Background Thread 4 ] DEBUG FXGLAssetLoaderServi - Loading from file system: jar:file:/C:/Users/thinh/.m2/repository/com/github/almasb/fxgl/11.17/fxgl-11.17.jar!/fxglassets/ui/fonts/Courier-Prime.ttf
16:39:06.940 [JavaFX Application Thread] DEBUG AudioPlayer          - Playing music com.almasb.fxgl.audio.Music@3489af70
16:39:06.940 [JavaFX Application Thread] DEBUG FXGLAssetLoaderServi - Loading from file system: jar:file:/C:/Users/thinh/.m2/repository/com/github/almasb/fxgl/11.17/fxgl-11.17.jar!/fxglassets/textures/fxgl_icon.png
16:39:06.964 [JavaFX Application Thread] DEBUG FXGLAssetLoaderServi - Loading from file system: jar:file:/C:/Users/thinh/.m2/repository/com/github/almasb/fxgl/11.17/fxgl-11.17.jar!/fxglassets/textures/fxgl_default_cursor.png
16:39:06.966 [JavaFX Application Thread] DEBUG Input                - Registered new binding: Screenshot - CTRL+8
16:39:06.966 [JavaFX Application Thread] DEBUG Input                - Registered new binding: System info dump - CTRL+9
16:39:06.966 [JavaFX Application Thread] DEBUG Input                - Registered new binding: Restart - CTRL+R
16:39:06.967 [JavaFX Application Thread] DEBUG Input                - Registered new binding: Toggle Debug Camera - CTRL+C
16:39:06.969 [JavaFX Application Thread] DEBUG LoopRunner           - Starting loop
16:39:06.969 [JavaFX Application Thread] DEBUG LoopRunner           - Initializing JavaFX AnimationTimerLoop
16:39:06.972 [JavaFX Application Thread] DEBUG Input                - Clearing active input actions
16:39:06.979 [JavaFX Application Thread] DEBUG GameApplicationServi - Removing overlay from FXGLStartupScene and adding to FXGLMainMenuDummyScene
16:39:06.979 [JavaFX Application Thread] DEBUG PrimaryStageWindow   - FXGLStartupScene -> FXGLMainMenuDummyScene
16:39:06.979 [JavaFX Application Thread] DEBUG PrimaryStageWindow   - Push state: BombermanMenu
16:39:06.980 [JavaFX Application Thread] DEBUG Input                - Clearing active input actions
16:39:06.984 [JavaFX Application Thread] DEBUG GameApplicationServi - Removing overlay from FXGLMainMenuDummyScene and adding to BombermanMenu
16:39:06.985 [JavaFX Application Thread] DEBUG PrimaryStageWindow   - FXGLMainMenuDummyScene -> BombermanMenu
16:39:06.985 [JavaFX Application Thread] DEBUG FXGLApplication      - Registering font factories with UI factory
16:39:09.739 [FXGL Background Thread 3 ] DEBUG Engine               - Logging environment variables
16:39:09.740 [FXGL Background Thread 3 ] DEBUG Engine               - achievements: []
16:39:09.740 [FXGL Background Thread 3 ] DEBUG Engine               - actualHeight: 704.0
16:39:09.740 [FXGL Background Thread 3 ] DEBUG Engine               - actualHeightProperty: ReadOnlyDoubleProperty [value: 704.0]
16:39:09.740 [FXGL Background Thread 3 ] DEBUG Engine               - actualWidth: 704.0
16:39:09.740 [FXGL Background Thread 3 ] DEBUG Engine               - actualWidthProperty: ReadOnlyDoubleProperty [value: 704.0]
16:39:09.740 [FXGL Background Thread 3 ] DEBUG Engine               - appIcon: fxgl_icon.png
16:39:09.740 [FXGL Background Thread 3 ] DEBUG Engine               - applicationMode: DEVELOPER
16:39:09.740 [FXGL Background Thread 3 ] DEBUG Engine               - cSSList: [fxgl_dark.css]
16:39:09.740 [FXGL Background Thread 3 ] DEBUG Engine               - collisionDetectionStrategy: BRUTE_FORCE
16:39:09.740 [FXGL Background Thread 3 ] DEBUG Engine               - configClass: Optional.empty
16:39:09.741 [FXGL Background Thread 3 ] DEBUG Engine               - credits: []
16:39:09.741 [FXGL Background Thread 3 ] DEBUG Engine               - defaultCursor: CursorInfo(imageName=fxgl_default_cursor.png, hotspotX=7.0, hotspotY=6.0)
16:39:09.741 [FXGL Background Thread 3 ] DEBUG Engine               - devBBoxColorProperty: ObjectProperty [value: 0xff0000ff]
16:39:09.741 [FXGL Background Thread 3 ] DEBUG Engine               - devEnableDebugCameraProperty: BooleanProperty [value: false]
16:39:09.741 [FXGL Background Thread 3 ] DEBUG Engine               - devSensorColorProperty: ObjectProperty [value: 0xffff00ff]
16:39:09.741 [FXGL Background Thread 3 ] DEBUG Engine               - devShowBBoxProperty: BooleanProperty [value: false]
16:39:09.741 [FXGL Background Thread 3 ] DEBUG Engine               - devShowPositionProperty: BooleanProperty [value: false]
16:39:09.741 [FXGL Background Thread 3 ] DEBUG Engine               - enabledMenuItems: []
16:39:09.741 [FXGL Background Thread 3 ] DEBUG Engine               - engineServices: [class com.almasb.fxgl.app.services.FXGLAssetLoaderService, class com.almasb.fxgl.app.FXGLApplication$GameApplicationService, class com.almasb.fxgl.app.services.FXGLDialogService, class com.almasb.fxgl.app.services.IOTaskExecutorService, class com.almasb.fxgl.io.FileSystemService, class com.almasb.fxgl.localization.LocalizationService, class com.almasb.fxgl.app.services.SystemBundleService, class com.almasb.fxgl.profile.SaveLoadService, class com.almasb.fxgl.ui.FXGLUIFactoryServiceProvider, class com.almasb.fxgl.ui.FXGLDialogFactoryServiceProvider, class com.almasb.fxgl.audio.AudioPlayer, class com.almasb.fxgl.notification.impl.NotificationServiceProvider, class com.almasb.fxgl.achievement.AchievementService, class com.almasb.fxgl.cutscene.CutsceneService, class com.almasb.fxgl.minigames.MiniGameService, class com.almasb.fxgl.net.NetService, class com.almasb.fxgl.app.services.UpdaterService, class com.almasb.fxgl.dev.DevService]
16:39:09.742 [FXGL Background Thread 3 ] DEBUG Engine               - fontGame: Abel-Regular.ttf
16:39:09.742 [FXGL Background Thread 3 ] DEBUG Engine               - fontMono: lucida_console.ttf
16:39:09.742 [FXGL Background Thread 3 ] DEBUG Engine               - fontText: Courier-Prime.ttf
16:39:09.742 [FXGL Background Thread 3 ] DEBUG Engine               - fontUI: Quinquefive-Ea6d4.ttf
16:39:09.742 [FXGL Background Thread 3 ] DEBUG Engine               - fullScreen: BooleanProperty [value: false]
16:39:09.742 [FXGL Background Thread 3 ] DEBUG Engine               - gameDifficulty: MEDIUM
16:39:09.742 [FXGL Background Thread 3 ] DEBUG Engine               - gameDifficultyProperty: ObjectProperty [value: MEDIUM]
16:39:09.742 [FXGL Background Thread 3 ] DEBUG Engine               - globalMusicVolume: 0.5
16:39:09.742 [FXGL Background Thread 3 ] DEBUG Engine               - globalMusicVolumeProperty: DoubleProperty [value: 0.3]
16:39:09.743 [FXGL Background Thread 3 ] DEBUG Engine               - globalSoundVolume: 0.5
16:39:09.743 [FXGL Background Thread 3 ] DEBUG Engine               - globalSoundVolumeProperty: DoubleProperty [value: 0.3]
16:39:09.743 [FXGL Background Thread 3 ] DEBUG Engine               - height: 704
16:39:09.743 [FXGL Background Thread 3 ] DEBUG Engine               - is3D: false
16:39:09.743 [FXGL Background Thread 3 ] DEBUG Engine               - isAndroid: false
16:39:09.743 [FXGL Background Thread 3 ] DEBUG Engine               - isBrowser: false
16:39:09.743 [FXGL Background Thread 3 ] DEBUG Engine               - isClickFeedbackEnabled: false
16:39:09.743 [FXGL Background Thread 3 ] DEBUG Engine               - isCloseConfirmation: false
16:39:09.743 [FXGL Background Thread 3 ] DEBUG Engine               - isDesktop: true
16:39:09.743 [FXGL Background Thread 3 ] DEBUG Engine               - isDeveloperMenuEnabled: false
16:39:09.743 [FXGL Background Thread 3 ] DEBUG Engine               - isEntityPreloadEnabled: true
16:39:09.743 [FXGL Background Thread 3 ] DEBUG Engine               - isExperimentalTiledLargeMap: false
16:39:09.743 [FXGL Background Thread 3 ] DEBUG Engine               - isFileSystemWriteAllowed: true
16:39:09.743 [FXGL Background Thread 3 ] DEBUG Engine               - isFullScreenAllowed: false
16:39:09.744 [FXGL Background Thread 3 ] DEBUG Engine               - isFullScreenFromStart: false
16:39:09.744 [FXGL Background Thread 3 ] DEBUG Engine               - isGameMenuEnabled: true
16:39:09.744 [FXGL Background Thread 3 ] DEBUG Engine               - isIOS: false
16:39:09.744 [FXGL Background Thread 3 ] DEBUG Engine               - isIntroEnabled: false
16:39:09.744 [FXGL Background Thread 3 ] DEBUG Engine               - isLinux: false
16:39:09.744 [FXGL Background Thread 3 ] DEBUG Engine               - isMac: false
16:39:09.744 [FXGL Background Thread 3 ] DEBUG Engine               - isMainMenuEnabled: true
16:39:09.744 [FXGL Background Thread 3 ] DEBUG Engine               - isManualResizeEnabled: false
16:39:09.744 [FXGL Background Thread 3 ] DEBUG Engine               - isMobile: false
16:39:09.744 [FXGL Background Thread 3 ] DEBUG Engine               - isNative: false
16:39:09.744 [FXGL Background Thread 3 ] DEBUG Engine               - isPauseMusicWhenMinimized: true
16:39:09.744 [FXGL Background Thread 3 ] DEBUG Engine               - isPreserveResizeRatio: false
16:39:09.744 [FXGL Background Thread 3 ] DEBUG Engine               - isProfilingEnabled: false
16:39:09.744 [FXGL Background Thread 3 ] DEBUG Engine               - isScaleAffectedOnResize: true
16:39:09.744 [FXGL Background Thread 3 ] DEBUG Engine               - isSingleStep: false
16:39:09.744 [FXGL Background Thread 3 ] DEBUG Engine               - isUserProfileEnabled: false
16:39:09.745 [FXGL Background Thread 3 ] DEBUG Engine               - isWindows: true
16:39:09.745 [FXGL Background Thread 3 ] DEBUG Engine               - language: ObjectProperty [value: ENGLISH]
16:39:09.745 [FXGL Background Thread 3 ] DEBUG Engine               - menuKey: ESCAPE
16:39:09.745 [FXGL Background Thread 3 ] DEBUG Engine               - mouseSensitivity: 0.2
16:39:09.745 [FXGL Background Thread 3 ] DEBUG Engine               - notificationViewClass: class com.almasb.fxgl.notification.view.XboxNotificationView
16:39:09.745 [FXGL Background Thread 3 ] DEBUG Engine               - pixelsPerMeter: 50.0
16:39:09.745 [FXGL Background Thread 3 ] DEBUG Engine               - platform: WINDOWS
16:39:09.745 [FXGL Background Thread 3 ] DEBUG Engine               - prefHeightProperty: ReadOnlyDoubleProperty [value: 704.0]
16:39:09.745 [FXGL Background Thread 3 ] DEBUG Engine               - prefWidthProperty: ReadOnlyDoubleProperty [value: 704.0]
16:39:09.745 [FXGL Background Thread 3 ] DEBUG Engine               - profileDir: profiles/
16:39:09.745 [FXGL Background Thread 3 ] DEBUG Engine               - profileName: StringProperty [value: DEFAULT]
16:39:09.745 [FXGL Background Thread 3 ] DEBUG Engine               - randomSeed: -1
16:39:09.745 [FXGL Background Thread 3 ] DEBUG Engine               - runtimeInfo: RuntimeInfo(platform=WINDOWS, version=11.17, build=16.07.2021 15.46)
16:39:09.746 [FXGL Background Thread 3 ] DEBUG Engine               - saveFileExt: sav
16:39:09.746 [FXGL Background Thread 3 ] DEBUG Engine               - scaledHeightProp$fxgl: DoubleProperty [bound, value: 704.0]
16:39:09.746 [FXGL Background Thread 3 ] DEBUG Engine               - scaledWidthProp$fxgl: DoubleProperty [bound, value: 704.0]
16:39:09.746 [FXGL Background Thread 3 ] DEBUG Engine               - sceneFactory: Bomber.BombermanApp$1@21ddee75
16:39:09.746 [FXGL Background Thread 3 ] DEBUG Engine               - secondsIn24h: 60
16:39:09.746 [FXGL Background Thread 3 ] DEBUG Engine               - soundMenuBack: menu/back.wav
16:39:09.746 [FXGL Background Thread 3 ] DEBUG Engine               - soundMenuPress: menu/press.wav
16:39:09.746 [FXGL Background Thread 3 ] DEBUG Engine               - soundMenuSelect: menu/select.wav
16:39:09.746 [FXGL Background Thread 3 ] DEBUG Engine               - soundNotification: core/notification.wav
16:39:09.746 [FXGL Background Thread 3 ] DEBUG Engine               - stageStyle: DECORATED
16:39:09.746 [FXGL Background Thread 3 ] DEBUG Engine               - supportedLanguages: [ENGLISH, FRENCH, GERMAN, HUNGARIAN, RUSSIAN]
16:39:09.746 [FXGL Background Thread 3 ] DEBUG Engine               - ticksPerSecond: -1
16:39:09.747 [FXGL Background Thread 3 ] DEBUG Engine               - title: BOMBERMAN
16:39:09.747 [FXGL Background Thread 3 ] DEBUG Engine               - urlGithub: https://github.com/AlmasB/FXGL
16:39:09.747 [FXGL Background Thread 3 ] DEBUG Engine               - urlLeaderboard: http://fxgl-top.herokuapp.com/
16:39:09.747 [FXGL Background Thread 3 ] DEBUG Engine               - urlPOM: https://raw.githubusercontent.com/AlmasB/FXGL/release/README.md
16:39:09.747 [FXGL Background Thread 3 ] DEBUG Engine               - userAppClass: class Bomber.BombermanApp
16:39:09.747 [FXGL Background Thread 3 ] DEBUG Engine               - version: 1.0
16:39:09.747 [FXGL Background Thread 3 ] DEBUG Engine               - versionCheckDays: 7
16:39:09.747 [FXGL Background Thread 3 ] DEBUG Engine               - width: 704
16:39:09.747 [FXGL Background Thread 3 ] DEBUG Engine               - Logging services
16:39:09.747 [FXGL Background Thread 3 ] DEBUG Engine               - class com.almasb.fxgl.app.services.FXGLAssetLoaderService
16:39:09.747 [FXGL Background Thread 3 ] DEBUG Engine               - class com.almasb.fxgl.app.FXGLApplication$GameApplicationService
16:39:09.747 [FXGL Background Thread 3 ] DEBUG Engine               - class com.almasb.fxgl.app.services.FXGLDialogService
16:39:09.747 [FXGL Background Thread 3 ] DEBUG Engine               - class com.almasb.fxgl.app.services.IOTaskExecutorService
16:39:09.747 [FXGL Background Thread 3 ] DEBUG Engine               - class com.almasb.fxgl.io.FileSystemService
16:39:09.748 [FXGL Background Thread 3 ] DEBUG Engine               - class com.almasb.fxgl.localization.LocalizationService
16:39:09.748 [FXGL Background Thread 3 ] DEBUG Engine               - class com.almasb.fxgl.app.services.SystemBundleService
16:39:09.748 [FXGL Background Thread 3 ] DEBUG Engine               - class com.almasb.fxgl.profile.SaveLoadService
16:39:09.748 [FXGL Background Thread 3 ] DEBUG Engine               - class com.almasb.fxgl.ui.FXGLUIFactoryServiceProvider
16:39:09.748 [FXGL Background Thread 3 ] DEBUG Engine               - class com.almasb.fxgl.ui.FXGLDialogFactoryServiceProvider
16:39:09.748 [FXGL Background Thread 3 ] DEBUG Engine               - class com.almasb.fxgl.audio.AudioPlayer
16:39:09.748 [FXGL Background Thread 3 ] DEBUG Engine               - class com.almasb.fxgl.notification.impl.NotificationServiceProvider
16:39:09.748 [FXGL Background Thread 3 ] DEBUG Engine               - class com.almasb.fxgl.achievement.AchievementService
16:39:09.748 [FXGL Background Thread 3 ] DEBUG Engine               - class com.almasb.fxgl.cutscene.CutsceneService
16:39:09.748 [FXGL Background Thread 3 ] DEBUG Engine               - class com.almasb.fxgl.minigames.MiniGameService
16:39:09.748 [FXGL Background Thread 3 ] DEBUG Engine               - class com.almasb.fxgl.net.NetService
16:39:09.748 [FXGL Background Thread 3 ] DEBUG Engine               - class com.almasb.fxgl.app.services.UpdaterService
16:39:09.748 [FXGL Background Thread 3 ] DEBUG Engine               - class com.almasb.fxgl.dev.DevService
16:39:34.175 [JavaFX Application Thread] DEBUG FXGLApplication      - Exiting FXGL
16:39:34.175 [JavaFX Application Thread] DEBUG LoopRunner           - Stopping loop
16:39:34.176 [JavaFX Application Thread] DEBUG SystemBundleService  - Saving FXGL system data
16:39:34.177 [JavaFX Application Thread] DEBUG FileSystemAccess     - Writing to: D:\Code\ProjectJavaFX\bomberman\Bomber\system\fxgl.bundle
16:39:34.178 [JavaFX Application Thread] DEBUG Async                - Shutting down background threads
16:39:34.178 [JavaFX Application Thread] DEBUG PrimaryStageWindow   - Closing main window
16:39:34.187 [JavaFX Application Thread] DEBUG Logger               - Closing Logger
