20:41:47.862 [main                     ] DEBUG Logger               - Configured Logger
20:41:47.862 [main                     ] DEBUG GameApplication      - Logging settings
Title: BOMBERMAN
Version: 1.0
Width: 720
Height: 720
Fullscreen: false
Intro: false
Profiling: false
Single step:false
App Mode: DEVELOPER
Menu Key: ESCAPE
Stage Style: DECORATED
Scene Factory: class Bomber.BombermanApp$1

20:41:48.208 [JavaFX Application Thread] DEBUG FXGLApplication      - Initializing FXGL
20:41:48.211 [JavaFX Application Thread] INFO  Engine               - FXGL-11.17 (16.07.2021 15.46) on WINDOWS (J:17.0.1 FX:16)
20:41:48.211 [JavaFX Application Thread] DEBUG Engine               - JRE Vendor Name: Oracle Corporation
20:41:48.211 [JavaFX Application Thread] DEBUG Engine               - Running on OS: Windows 10 version 10.0
20:41:48.211 [JavaFX Application Thread] DEBUG Engine               - Architecture: amd64
20:41:48.212 [JavaFX Application Thread] INFO  Engine               - Source code and latest versions at: https://github.com/AlmasB/FXGL
20:41:48.212 [JavaFX Application Thread] INFO  Engine               -              Join the FXGL chat at: https://gitter.im/AlmasB/FXGL
20:41:48.323 [JavaFX Application Thread] DEBUG PrimaryStageWindow   - Creating a JavaFX scene
20:41:48.360 [JavaFX Application Thread] DEBUG PrimaryStageWindow   - Target settings size: 720.0 x 720.0
20:41:48.360 [JavaFX Application Thread] DEBUG PrimaryStageWindow   - Scaled scene size:    720.0 x 720.0
20:41:48.360 [JavaFX Application Thread] DEBUG PrimaryStageWindow   - Scaled ratio: (1.0, 1.0)
20:41:48.361 [JavaFX Application Thread] DEBUG PrimaryStageWindow   - Set initial scene to FXGLStartupScene
20:41:48.368 [JavaFX Application Thread] DEBUG PrimaryStageWindow   - Opening main window
20:41:48.441 [JavaFX Application Thread] DEBUG PrimaryStageWindow   - Window border size: (14.4000244140625, 37.5999755859375)
20:41:48.441 [JavaFX Application Thread] DEBUG PrimaryStageWindow   - Scaled size: 720.0 x 720.0
20:41:48.441 [JavaFX Application Thread] DEBUG PrimaryStageWindow   - Scaled ratio: (1.0, 1.0)
20:41:48.442 [JavaFX Application Thread] DEBUG PrimaryStageWindow   - Scene size: 720.0 x 720.0
20:41:48.442 [JavaFX Application Thread] DEBUG PrimaryStageWindow   - Stage size: 734.4000244140625 x 757.5999755859375
20:41:48.455 [FXGL Background Thread 1 ] DEBUG Engine               - Initializing environment variables
20:41:48.530 [FXGL Background Thread 1 ] DEBUG FXGLAssetLoaderServi - User app class for loading assets: class Bomber.BombermanApp
20:41:48.530 [FXGL Background Thread 1 ] DEBUG GameApplicationServi - Applying CSS: fxgl_dark.css
20:41:48.534 [FXGL Background Thread 1 ] DEBUG FXGLAssetLoaderServi - Loading from file system: jar:file:/C:/Users/thinh/.m2/repository/com/github/almasb/fxgl/11.17/fxgl-11.17.jar!/fxglassets/ui/css/fxgl_dark.css
20:41:48.593 [FXGL Background Thread 1 ] DEBUG GameApplicationServi - Initializing application scenes
20:41:48.639 [FXGL Background Thread 1 ] DEBUG GameWorld            - Game world initialized
20:41:48.699 [FXGL Background Thread 1 ] DEBUG PhysicsWorld         - Physics world initialized: appHeight=720, physics.ppm=50.0
20:41:48.699 [FXGL Background Thread 1 ] DEBUG PhysicsWorld         - Using strategy: BRUTE_FORCE
20:41:48.702 [FXGL Background Thread 1 ] DEBUG GameScene            - Game scene initialized: 720x720
20:41:48.800 [FXGL Background Thread 1 ] DEBUG GameApplicationServi - Application scenes initialized
20:41:48.816 [FXGL Background Thread 1 ] DEBUG SystemBundleService  - Loading FXGL system data
20:41:48.821 [FXGL Background Thread 1 ] DEBUG FileSystemAccess     - Reading from: D:\Code\ProjectJavaFX\bomberman\Bomber\system\fxgl.bundle
20:41:48.829 [FXGL Background Thread 1 ] DEBUG SystemBundleService  - Bundle FXGL: {}
20:41:48.829 [FXGL Background Thread 1 ] DEBUG UpdaterService       - Checking for updates
20:41:48.839 [FXGL Background Thread 4 ] DEBUG FXGLApplication      - Loading fonts
20:41:48.840 [FXGL Background Thread 4 ] DEBUG FXGLAssetLoaderServi - Loading from file system: file:/D:/Code/ProjectJavaFX/bomberman/Bomber/target/classes/assets/ui/fonts/Quinquefive-Ea6d4.ttf
20:41:48.840 [FXGL Background Thread 1 ] DEBUG FXGLApplication      - Loading default localization
20:41:48.840 [FXGL Background Thread 1 ] DEBUG FXGLAssetLoaderServi - Loading from file system: jar:file:/C:/Users/thinh/.m2/repository/com/github/almasb/fxgl/11.17/fxgl-11.17.jar!/fxglassets/languages/english.lang
20:41:48.862 [FXGL Background Thread 1 ] INFO  FXGLApplication      - FXGL initialization took: 0.407 sec
20:41:48.876 [JavaFX Application Thread] DEBUG Input                - Registered new binding: Move Up - W
20:41:48.876 [JavaFX Application Thread] DEBUG Input                - Registered new binding: Move Down - S
20:41:48.876 [JavaFX Application Thread] DEBUG Input                - Registered new binding: Move Left - A
20:41:48.876 [JavaFX Application Thread] DEBUG Input                - Registered new binding: Move Right - D
20:41:48.877 [JavaFX Application Thread] DEBUG Input                - Registered new binding: Place Bomb - Space
20:41:48.877 [JavaFX Application Thread] DEBUG FXGLAssetLoaderServi - Loading from file system: file:/D:/Code/ProjectJavaFX/bomberman/Bomber/target/classes/assets/music/title_screen.mp3
20:41:48.946 [FXGL Background Thread 4 ] DEBUG FXGLAssetLoaderServi - Loading from file system: jar:file:/C:/Users/thinh/.m2/repository/com/github/almasb/fxgl/11.17/fxgl-11.17.jar!/fxglassets/ui/fonts/Abel-Regular.ttf
20:41:48.962 [FXGL Background Thread 4 ] DEBUG FXGLAssetLoaderServi - Loading from file system: jar:file:/C:/Users/thinh/.m2/repository/com/github/almasb/fxgl/11.17/fxgl-11.17.jar!/fxglassets/ui/fonts/lucida_console.ttf
20:41:48.981 [FXGL Background Thread 4 ] DEBUG FXGLAssetLoaderServi - Loading from file system: jar:file:/C:/Users/thinh/.m2/repository/com/github/almasb/fxgl/11.17/fxgl-11.17.jar!/fxglassets/ui/fonts/Courier-Prime.ttf
20:41:49.034 [JavaFX Application Thread] DEBUG AudioPlayer          - Playing music com.almasb.fxgl.audio.Music@2d4f64e1
20:41:49.034 [JavaFX Application Thread] DEBUG FXGLAssetLoaderServi - Loading from file system: jar:file:/C:/Users/thinh/.m2/repository/com/github/almasb/fxgl/11.17/fxgl-11.17.jar!/fxglassets/textures/fxgl_icon.png
20:41:49.056 [JavaFX Application Thread] DEBUG FXGLAssetLoaderServi - Loading from file system: jar:file:/C:/Users/thinh/.m2/repository/com/github/almasb/fxgl/11.17/fxgl-11.17.jar!/fxglassets/textures/fxgl_default_cursor.png
20:41:49.058 [JavaFX Application Thread] DEBUG Input                - Registered new binding: Screenshot - CTRL+8
20:41:49.058 [JavaFX Application Thread] DEBUG Input                - Registered new binding: System info dump - CTRL+9
20:41:49.058 [JavaFX Application Thread] DEBUG Input                - Registered new binding: Restart - CTRL+R
20:41:49.059 [JavaFX Application Thread] DEBUG Input                - Registered new binding: Toggle Debug Camera - CTRL+C
20:41:49.060 [JavaFX Application Thread] DEBUG LoopRunner           - Starting loop
20:41:49.061 [JavaFX Application Thread] DEBUG LoopRunner           - Initializing JavaFX AnimationTimerLoop
20:41:49.062 [JavaFX Application Thread] DEBUG Input                - Clearing active input actions
20:41:49.068 [JavaFX Application Thread] DEBUG GameApplicationServi - Removing overlay from FXGLStartupScene and adding to FXGLMainMenuDummyScene
20:41:49.068 [JavaFX Application Thread] DEBUG PrimaryStageWindow   - FXGLStartupScene -> FXGLMainMenuDummyScene
20:41:49.068 [JavaFX Application Thread] DEBUG PrimaryStageWindow   - Push state: BombermanMenu
20:41:49.068 [JavaFX Application Thread] DEBUG Input                - Clearing active input actions
20:41:49.071 [JavaFX Application Thread] DEBUG GameApplicationServi - Removing overlay from FXGLMainMenuDummyScene and adding to BombermanMenu
20:41:49.072 [JavaFX Application Thread] DEBUG PrimaryStageWindow   - FXGLMainMenuDummyScene -> BombermanMenu
20:41:49.072 [JavaFX Application Thread] DEBUG FXGLApplication      - Registering font factories with UI factory
20:41:51.838 [FXGL Background Thread 3 ] DEBUG Engine               - Logging environment variables
20:41:51.838 [FXGL Background Thread 3 ] DEBUG Engine               - achievements: []
20:41:51.838 [FXGL Background Thread 3 ] DEBUG Engine               - actualHeight: 720.0
20:41:51.838 [FXGL Background Thread 3 ] DEBUG Engine               - actualHeightProperty: ReadOnlyDoubleProperty [value: 720.0]
20:41:51.838 [FXGL Background Thread 3 ] DEBUG Engine               - actualWidth: 720.0
20:41:51.838 [FXGL Background Thread 3 ] DEBUG Engine               - actualWidthProperty: ReadOnlyDoubleProperty [value: 720.0]
20:41:51.838 [FXGL Background Thread 3 ] DEBUG Engine               - appIcon: fxgl_icon.png
20:41:51.839 [FXGL Background Thread 3 ] DEBUG Engine               - applicationMode: DEVELOPER
20:41:51.839 [FXGL Background Thread 3 ] DEBUG Engine               - cSSList: [fxgl_dark.css]
20:41:51.839 [FXGL Background Thread 3 ] DEBUG Engine               - collisionDetectionStrategy: BRUTE_FORCE
20:41:51.839 [FXGL Background Thread 3 ] DEBUG Engine               - configClass: Optional.empty
20:41:51.839 [FXGL Background Thread 3 ] DEBUG Engine               - credits: []
20:41:51.839 [FXGL Background Thread 3 ] DEBUG Engine               - defaultCursor: CursorInfo(imageName=fxgl_default_cursor.png, hotspotX=7.0, hotspotY=6.0)
20:41:51.839 [FXGL Background Thread 3 ] DEBUG Engine               - devBBoxColorProperty: ObjectProperty [value: 0xff0000ff]
20:41:51.840 [FXGL Background Thread 3 ] DEBUG Engine               - devEnableDebugCameraProperty: BooleanProperty [value: false]
20:41:51.840 [FXGL Background Thread 3 ] DEBUG Engine               - devSensorColorProperty: ObjectProperty [value: 0xffff00ff]
20:41:51.840 [FXGL Background Thread 3 ] DEBUG Engine               - devShowBBoxProperty: BooleanProperty [value: false]
20:41:51.840 [FXGL Background Thread 3 ] DEBUG Engine               - devShowPositionProperty: BooleanProperty [value: false]
20:41:51.840 [FXGL Background Thread 3 ] DEBUG Engine               - enabledMenuItems: []
20:41:51.840 [FXGL Background Thread 3 ] DEBUG Engine               - engineServices: [class com.almasb.fxgl.app.services.FXGLAssetLoaderService, class com.almasb.fxgl.app.FXGLApplication$GameApplicationService, class com.almasb.fxgl.app.services.FXGLDialogService, class com.almasb.fxgl.app.services.IOTaskExecutorService, class com.almasb.fxgl.io.FileSystemService, class com.almasb.fxgl.localization.LocalizationService, class com.almasb.fxgl.app.services.SystemBundleService, class com.almasb.fxgl.profile.SaveLoadService, class com.almasb.fxgl.ui.FXGLUIFactoryServiceProvider, class com.almasb.fxgl.ui.FXGLDialogFactoryServiceProvider, class com.almasb.fxgl.audio.AudioPlayer, class com.almasb.fxgl.notification.impl.NotificationServiceProvider, class com.almasb.fxgl.achievement.AchievementService, class com.almasb.fxgl.cutscene.CutsceneService, class com.almasb.fxgl.minigames.MiniGameService, class com.almasb.fxgl.net.NetService, class com.almasb.fxgl.app.services.UpdaterService, class com.almasb.fxgl.dev.DevService]
20:41:51.840 [FXGL Background Thread 3 ] DEBUG Engine               - fontGame: Abel-Regular.ttf
20:41:51.841 [FXGL Background Thread 3 ] DEBUG Engine               - fontMono: lucida_console.ttf
20:41:51.841 [FXGL Background Thread 3 ] DEBUG Engine               - fontText: Courier-Prime.ttf
20:41:51.841 [FXGL Background Thread 3 ] DEBUG Engine               - fontUI: Quinquefive-Ea6d4.ttf
20:41:51.841 [FXGL Background Thread 3 ] DEBUG Engine               - fullScreen: BooleanProperty [value: false]
20:41:51.841 [FXGL Background Thread 3 ] DEBUG Engine               - gameDifficulty: MEDIUM
20:41:51.842 [FXGL Background Thread 3 ] DEBUG Engine               - gameDifficultyProperty: ObjectProperty [value: MEDIUM]
20:41:51.842 [FXGL Background Thread 3 ] DEBUG Engine               - globalMusicVolume: 0.5
20:41:51.842 [FXGL Background Thread 3 ] DEBUG Engine               - globalMusicVolumeProperty: DoubleProperty [value: 0.1]
20:41:51.842 [FXGL Background Thread 3 ] DEBUG Engine               - globalSoundVolume: 0.5
20:41:51.842 [FXGL Background Thread 3 ] DEBUG Engine               - globalSoundVolumeProperty: DoubleProperty [value: 0.1]
20:41:51.842 [FXGL Background Thread 3 ] DEBUG Engine               - height: 720
20:41:51.842 [FXGL Background Thread 3 ] DEBUG Engine               - is3D: false
20:41:51.842 [FXGL Background Thread 3 ] DEBUG Engine               - isAndroid: false
20:41:51.843 [FXGL Background Thread 3 ] DEBUG Engine               - isBrowser: false
20:41:51.843 [FXGL Background Thread 3 ] DEBUG Engine               - isClickFeedbackEnabled: false
20:41:51.843 [FXGL Background Thread 3 ] DEBUG Engine               - isCloseConfirmation: false
20:41:51.843 [FXGL Background Thread 3 ] DEBUG Engine               - isDesktop: true
20:41:51.843 [FXGL Background Thread 3 ] DEBUG Engine               - isDeveloperMenuEnabled: false
20:41:51.843 [FXGL Background Thread 3 ] DEBUG Engine               - isEntityPreloadEnabled: true
20:41:51.843 [FXGL Background Thread 3 ] DEBUG Engine               - isExperimentalTiledLargeMap: false
20:41:51.843 [FXGL Background Thread 3 ] DEBUG Engine               - isFileSystemWriteAllowed: true
20:41:51.843 [FXGL Background Thread 3 ] DEBUG Engine               - isFullScreenAllowed: false
20:41:51.843 [FXGL Background Thread 3 ] DEBUG Engine               - isFullScreenFromStart: false
20:41:51.843 [FXGL Background Thread 3 ] DEBUG Engine               - isGameMenuEnabled: true
20:41:51.843 [FXGL Background Thread 3 ] DEBUG Engine               - isIOS: false
20:41:51.844 [FXGL Background Thread 3 ] DEBUG Engine               - isIntroEnabled: false
20:41:51.844 [FXGL Background Thread 3 ] DEBUG Engine               - isLinux: false
20:41:51.844 [FXGL Background Thread 3 ] DEBUG Engine               - isMac: false
20:41:51.844 [FXGL Background Thread 3 ] DEBUG Engine               - isMainMenuEnabled: true
20:41:51.844 [FXGL Background Thread 3 ] DEBUG Engine               - isManualResizeEnabled: true
20:41:51.844 [FXGL Background Thread 3 ] DEBUG Engine               - isMobile: false
20:41:51.844 [FXGL Background Thread 3 ] DEBUG Engine               - isNative: false
20:41:51.844 [FXGL Background Thread 3 ] DEBUG Engine               - isPauseMusicWhenMinimized: true
20:41:51.844 [FXGL Background Thread 3 ] DEBUG Engine               - isPreserveResizeRatio: true
20:41:51.844 [FXGL Background Thread 3 ] DEBUG Engine               - isProfilingEnabled: false
20:41:51.844 [FXGL Background Thread 3 ] DEBUG Engine               - isScaleAffectedOnResize: true
20:41:51.845 [FXGL Background Thread 3 ] DEBUG Engine               - isSingleStep: false
20:41:51.845 [FXGL Background Thread 3 ] DEBUG Engine               - isUserProfileEnabled: false
20:41:51.845 [FXGL Background Thread 3 ] DEBUG Engine               - isWindows: true
20:41:51.845 [FXGL Background Thread 3 ] DEBUG Engine               - language: ObjectProperty [value: ENGLISH]
20:41:51.845 [FXGL Background Thread 3 ] DEBUG Engine               - menuKey: ESCAPE
20:41:51.845 [FXGL Background Thread 3 ] DEBUG Engine               - mouseSensitivity: 0.2
20:41:51.845 [FXGL Background Thread 3 ] DEBUG Engine               - notificationViewClass: class com.almasb.fxgl.notification.view.XboxNotificationView
20:41:51.845 [FXGL Background Thread 3 ] DEBUG Engine               - pixelsPerMeter: 50.0
20:41:51.845 [FXGL Background Thread 3 ] DEBUG Engine               - platform: WINDOWS
20:41:51.845 [FXGL Background Thread 3 ] DEBUG Engine               - prefHeightProperty: ReadOnlyDoubleProperty [value: 720.0]
20:41:51.845 [FXGL Background Thread 3 ] DEBUG Engine               - prefWidthProperty: ReadOnlyDoubleProperty [value: 720.0]
20:41:51.845 [FXGL Background Thread 3 ] DEBUG Engine               - profileDir: profiles/
20:41:51.845 [FXGL Background Thread 3 ] DEBUG Engine               - profileName: StringProperty [value: DEFAULT]
20:41:51.845 [FXGL Background Thread 3 ] DEBUG Engine               - randomSeed: -1
20:41:51.846 [FXGL Background Thread 3 ] DEBUG Engine               - runtimeInfo: RuntimeInfo(platform=WINDOWS, version=11.17, build=16.07.2021 15.46)
20:41:51.846 [FXGL Background Thread 3 ] DEBUG Engine               - saveFileExt: sav
20:41:51.846 [FXGL Background Thread 3 ] DEBUG Engine               - scaledHeightProp$fxgl: DoubleProperty [bound, value: 720.0]
20:41:51.846 [FXGL Background Thread 3 ] DEBUG Engine               - scaledWidthProp$fxgl: DoubleProperty [bound, value: 720.0]
20:41:51.846 [FXGL Background Thread 3 ] DEBUG Engine               - sceneFactory: Bomber.BombermanApp$1@48c72462
20:41:51.847 [FXGL Background Thread 3 ] DEBUG Engine               - secondsIn24h: 60
20:41:51.847 [FXGL Background Thread 3 ] DEBUG Engine               - soundMenuBack: menu/back.wav
20:41:51.847 [FXGL Background Thread 3 ] DEBUG Engine               - soundMenuPress: menu/press.wav
20:41:51.847 [FXGL Background Thread 3 ] DEBUG Engine               - soundMenuSelect: menu/select.wav
20:41:51.847 [FXGL Background Thread 3 ] DEBUG Engine               - soundNotification: core/notification.wav
20:41:51.847 [FXGL Background Thread 3 ] DEBUG Engine               - stageStyle: DECORATED
20:41:51.847 [FXGL Background Thread 3 ] DEBUG Engine               - supportedLanguages: [ENGLISH, FRENCH, GERMAN, HUNGARIAN, RUSSIAN]
20:41:51.847 [FXGL Background Thread 3 ] DEBUG Engine               - ticksPerSecond: -1
20:41:51.847 [FXGL Background Thread 3 ] DEBUG Engine               - title: BOMBERMAN
20:41:51.847 [FXGL Background Thread 3 ] DEBUG Engine               - urlGithub: https://github.com/AlmasB/FXGL
20:41:51.847 [FXGL Background Thread 3 ] DEBUG Engine               - urlLeaderboard: http://fxgl-top.herokuapp.com/
20:41:51.847 [FXGL Background Thread 3 ] DEBUG Engine               - urlPOM: https://raw.githubusercontent.com/AlmasB/FXGL/release/README.md
20:41:51.847 [FXGL Background Thread 3 ] DEBUG Engine               - userAppClass: class Bomber.BombermanApp
20:41:51.847 [FXGL Background Thread 3 ] DEBUG Engine               - version: 1.0
20:41:51.848 [FXGL Background Thread 3 ] DEBUG Engine               - versionCheckDays: 7
20:41:51.848 [FXGL Background Thread 3 ] DEBUG Engine               - width: 720
20:41:51.848 [FXGL Background Thread 3 ] DEBUG Engine               - Logging services
20:41:51.848 [FXGL Background Thread 3 ] DEBUG Engine               - class com.almasb.fxgl.app.services.FXGLAssetLoaderService
20:41:51.848 [FXGL Background Thread 3 ] DEBUG Engine               - class com.almasb.fxgl.app.FXGLApplication$GameApplicationService
20:41:51.848 [FXGL Background Thread 3 ] DEBUG Engine               - class com.almasb.fxgl.app.services.FXGLDialogService
20:41:51.848 [FXGL Background Thread 3 ] DEBUG Engine               - class com.almasb.fxgl.app.services.IOTaskExecutorService
20:41:51.848 [FXGL Background Thread 3 ] DEBUG Engine               - class com.almasb.fxgl.io.FileSystemService
20:41:51.848 [FXGL Background Thread 3 ] DEBUG Engine               - class com.almasb.fxgl.localization.LocalizationService
20:41:51.848 [FXGL Background Thread 3 ] DEBUG Engine               - class com.almasb.fxgl.app.services.SystemBundleService
20:41:51.848 [FXGL Background Thread 3 ] DEBUG Engine               - class com.almasb.fxgl.profile.SaveLoadService
20:41:51.849 [FXGL Background Thread 3 ] DEBUG Engine               - class com.almasb.fxgl.ui.FXGLUIFactoryServiceProvider
20:41:51.849 [FXGL Background Thread 3 ] DEBUG Engine               - class com.almasb.fxgl.ui.FXGLDialogFactoryServiceProvider
20:41:51.849 [FXGL Background Thread 3 ] DEBUG Engine               - class com.almasb.fxgl.audio.AudioPlayer
20:41:51.849 [FXGL Background Thread 3 ] DEBUG Engine               - class com.almasb.fxgl.notification.impl.NotificationServiceProvider
20:41:51.849 [FXGL Background Thread 3 ] DEBUG Engine               - class com.almasb.fxgl.achievement.AchievementService
20:41:51.849 [FXGL Background Thread 3 ] DEBUG Engine               - class com.almasb.fxgl.cutscene.CutsceneService
20:41:51.849 [FXGL Background Thread 3 ] DEBUG Engine               - class com.almasb.fxgl.minigames.MiniGameService
20:41:51.849 [FXGL Background Thread 3 ] DEBUG Engine               - class com.almasb.fxgl.net.NetService
20:41:51.849 [FXGL Background Thread 3 ] DEBUG Engine               - class com.almasb.fxgl.app.services.UpdaterService
20:41:51.849 [FXGL Background Thread 3 ] DEBUG Engine               - class com.almasb.fxgl.dev.DevService
20:42:14.209 [JavaFX Application Thread] DEBUG Menu                 - fireNewGame()
20:42:14.209 [JavaFX Application Thread] DEBUG GameApplicationServi - Starting new game
20:42:14.209 [JavaFX Application Thread] DEBUG PrimaryStageWindow   - Pop state: BombermanMenu
20:42:14.209 [JavaFX Application Thread] DEBUG Input                - Clearing active input actions
20:42:14.210 [JavaFX Application Thread] DEBUG GameApplicationServi - Removing overlay from BombermanMenu and adding to FXGLMainMenuDummyScene
20:42:14.210 [JavaFX Application Thread] DEBUG PrimaryStageWindow   - FXGLMainMenuDummyScene <- BombermanMenu
20:42:14.211 [JavaFX Application Thread] DEBUG Input                - Clearing active input actions
20:42:14.221 [JavaFX Application Thread] DEBUG GameApplicationServi - Removing overlay from FXGLMainMenuDummyScene and adding to FXGLLoadingScene
20:42:14.221 [JavaFX Application Thread] DEBUG PrimaryStageWindow   - FXGLMainMenuDummyScene -> FXGLLoadingScene
20:42:14.222 [JavaFX Application Thread] DEBUG GameApplicationServi - Clearing previous game
20:42:14.222 [JavaFX Application Thread] DEBUG GameScene            - Clearing game scene
20:42:14.222 [JavaFX Application Thread] DEBUG GameWorld            - Clearing game world
20:42:14.222 [JavaFX Application Thread] DEBUG PhysicsWorld         - Clearing physics world
20:42:14.224 [FXGL Background Thread 2 ] DEBUG FXGLApplication      - Initializing game
20:42:14.282 [FXGL Background Thread 2 ] WARN  TMXLevelLoader       - TiledMap generated from 1.7.2. Supported version: 1.2.3. Some features may not be parsed fully.
20:42:14.308 [FXGL Background Thread 2 ] DEBUG TMXLevelLoader       - Parsed TiledMap: file:/D:/Code/ProjectJavaFX/bomberman/Bomber/target/classes/assets/levels/bbm_level1.tmx
20:42:14.308 [FXGL Background Thread 2 ] DEBUG TMXLevelLoader       - Creating tile layer entities
20:42:14.309 [FXGL Background Thread 2 ] DEBUG TilesetLoader        - Loading view for layer Tile Layer 1
20:42:14.312 [FXGL Background Thread 2 ] DEBUG TilesetLoader        - Created buffer with size 1488.0x720.0
20:42:14.432 [FXGL Background Thread 2 ] DEBUG TMXLevelLoader       - Creating object layer entities
20:42:14.472 [FXGL Background Thread 2 ] DEBUG FXGLAssetLoaderServi - Loading from file system: file:/D:/Code/ProjectJavaFX/bomberman/Bomber/target/classes/assets/textures/player_die.png
20:42:14.475 [FXGL Background Thread 2 ] DEBUG FXGLAssetLoaderServi - Loading from file system: file:/D:/Code/ProjectJavaFX/bomberman/Bomber/target/classes/assets/textures/player_down.png
20:42:14.476 [FXGL Background Thread 2 ] DEBUG FXGLAssetLoaderServi - Loading from file system: file:/D:/Code/ProjectJavaFX/bomberman/Bomber/target/classes/assets/textures/player_right.png
20:42:14.478 [FXGL Background Thread 2 ] DEBUG FXGLAssetLoaderServi - Loading from file system: file:/D:/Code/ProjectJavaFX/bomberman/Bomber/target/classes/assets/textures/player_up.png
20:42:14.479 [FXGL Background Thread 2 ] DEBUG FXGLAssetLoaderServi - Loading from file system: file:/D:/Code/ProjectJavaFX/bomberman/Bomber/target/classes/assets/textures/player_left.png
20:42:14.483 [FXGL Background Thread 2 ] WARN  Entity               - Entity already has component: com.almasb.fxgl.physics.PhysicsComponent
20:42:14.484 [FXGL Background Thread 2 ] DEBUG FXGLAssetLoaderServi - Loading from file system: file:/D:/Code/ProjectJavaFX/bomberman/Bomber/target/classes/assets/textures/brick.png
20:42:14.509 [FXGL Background Thread 2 ] DEBUG FXGLAssetLoaderServi - Loading from file system: file:/D:/Code/ProjectJavaFX/bomberman/Bomber/target/classes/assets/textures/balloom.png
20:42:14.563 [FXGL Background Thread 2 ] DEBUG FXGLAssetLoaderServi - Loading from file system: file:/D:/Code/ProjectJavaFX/bomberman/Bomber/target/classes/assets/textures/powerup_speed.png
20:42:14.565 [FXGL Background Thread 2 ] DEBUG FXGLAssetLoaderServi - Loading from file system: file:/D:/Code/ProjectJavaFX/bomberman/Bomber/target/classes/assets/textures/powerup_flames.png
20:42:14.567 [FXGL Background Thread 2 ] DEBUG FXGLAssetLoaderServi - Loading from file system: file:/D:/Code/ProjectJavaFX/bomberman/Bomber/target/classes/assets/textures/powerup_bombs.png
20:42:14.569 [FXGL Background Thread 2 ] DEBUG FXGLAssetLoaderServi - Loading from file system: file:/D:/Code/ProjectJavaFX/bomberman/Bomber/target/classes/assets/textures/powerup_flamepass.png
20:42:14.573 [FXGL Background Thread 2 ] DEBUG FXGLAssetLoaderServi - Loading from file system: file:/D:/Code/ProjectJavaFX/bomberman/Bomber/target/classes/assets/textures/portal.png
20:42:14.575 [FXGL Background Thread 2 ] DEBUG GameWorld            - Clearing removable entities
20:42:14.575 [FXGL Background Thread 2 ] DEBUG GameWorld            - Setting level: com.almasb.fxgl.entity.level.Level@5504d4ae
20:42:14.648 [FXGL Background Thread 2 ] INFO  FXGLApplication      - Game initialization took: 0.423 sec
20:42:14.653 [JavaFX Application Thread] DEBUG Input                - Clearing active input actions
20:42:14.667 [JavaFX Application Thread] DEBUG GameApplicationServi - Removing overlay from FXGLLoadingScene and adding to GameScene
20:42:14.667 [JavaFX Application Thread] DEBUG PrimaryStageWindow   - FXGLLoadingScene -> GameScene
20:42:26.217 [JavaFX Application Thread] DEBUG FXGLAssetLoaderServi - Loading from file system: file:/D:/Code/ProjectJavaFX/bomberman/Bomber/target/classes/assets/textures/bomb_ani.png
20:42:28.176 [JavaFX Application Thread] WARN  TMXLevelLoader       - TiledMap generated from 1.7.2. Supported version: 1.2.3. Some features may not be parsed fully.
20:42:28.189 [JavaFX Application Thread] DEBUG TMXLevelLoader       - Parsed TiledMap: file:/D:/Code/ProjectJavaFX/bomberman/Bomber/target/classes/assets/levels/bbm_level1.tmx
20:42:28.189 [JavaFX Application Thread] DEBUG TMXLevelLoader       - Creating tile layer entities
20:42:28.190 [JavaFX Application Thread] DEBUG TilesetLoader        - Loading view for layer Tile Layer 1
20:42:28.190 [JavaFX Application Thread] DEBUG TilesetLoader        - Created buffer with size 1488.0x720.0
20:42:28.265 [JavaFX Application Thread] DEBUG TMXLevelLoader       - Creating object layer entities
20:42:28.266 [JavaFX Application Thread] WARN  Entity               - Entity already has component: com.almasb.fxgl.physics.PhysicsComponent
20:42:28.306 [JavaFX Application Thread] DEBUG GameWorld            - Clearing removable entities
20:42:28.325 [JavaFX Application Thread] DEBUG GameWorld            - Setting level: com.almasb.fxgl.entity.level.Level@a4220ff
20:42:31.302 [JavaFX Application Thread] DEBUG FXGLApplication      - Exiting FXGL
20:42:31.302 [JavaFX Application Thread] DEBUG LoopRunner           - Stopping loop
20:42:31.302 [JavaFX Application Thread] DEBUG SystemBundleService  - Saving FXGL system data
20:42:31.307 [JavaFX Application Thread] DEBUG FileSystemAccess     - Writing to: D:\Code\ProjectJavaFX\bomberman\Bomber\system\fxgl.bundle
20:42:31.309 [JavaFX Application Thread] DEBUG Async                - Shutting down background threads
20:42:31.309 [JavaFX Application Thread] DEBUG PrimaryStageWindow   - Closing main window
20:42:31.323 [JavaFX Application Thread] DEBUG Logger               - Closing Logger
