23:08:20.063 [main                     ] DEBUG Logger               - Configured Logger
23:08:20.073 [main                     ] DEBUG GameApplication      - Logging settings
Title: BOMBERMAN
Version: 1.0
Width: 720
Height: 720
Fullscreen: false
Intro: false
Profiling: false
Single step:false
App Mode: DEVELOPER
Menu Key: ESCAPE
Stage Style: DECORATED
Scene Factory: class Bomber.BombermanApp$1

23:08:20.414 [JavaFX Application Thread] DEBUG FXGLApplication      - Initializing FXGL
23:08:20.416 [JavaFX Application Thread] INFO  Engine               - FXGL-11.17 (16.07.2021 15.46) on WINDOWS (J:17.0.1 FX:16)
23:08:20.416 [JavaFX Application Thread] DEBUG Engine               - JRE Vendor Name: Oracle Corporation
23:08:20.416 [JavaFX Application Thread] DEBUG Engine               - Running on OS: Windows 10 version 10.0
23:08:20.417 [JavaFX Application Thread] DEBUG Engine               - Architecture: amd64
23:08:20.417 [JavaFX Application Thread] INFO  Engine               - Source code and latest versions at: https://github.com/AlmasB/FXGL
23:08:20.417 [JavaFX Application Thread] INFO  Engine               -              Join the FXGL chat at: https://gitter.im/AlmasB/FXGL
23:08:20.527 [JavaFX Application Thread] DEBUG PrimaryStageWindow   - Creating a JavaFX scene
23:08:20.565 [JavaFX Application Thread] DEBUG PrimaryStageWindow   - Target settings size: 720.0 x 720.0
23:08:20.565 [JavaFX Application Thread] DEBUG PrimaryStageWindow   - Scaled scene size:    720.0 x 720.0
23:08:20.566 [JavaFX Application Thread] DEBUG PrimaryStageWindow   - Scaled ratio: (1.0, 1.0)
23:08:20.566 [JavaFX Application Thread] DEBUG PrimaryStageWindow   - Set initial scene to FXGLStartupScene
23:08:20.573 [JavaFX Application Thread] DEBUG PrimaryStageWindow   - Opening main window
23:08:20.649 [JavaFX Application Thread] DEBUG PrimaryStageWindow   - Window border size: (14.4000244140625, 37.5999755859375)
23:08:20.649 [JavaFX Application Thread] DEBUG PrimaryStageWindow   - Scaled size: 720.0 x 720.0
23:08:20.649 [JavaFX Application Thread] DEBUG PrimaryStageWindow   - Scaled ratio: (1.0, 1.0)
23:08:20.650 [JavaFX Application Thread] DEBUG PrimaryStageWindow   - Scene size: 720.0 x 720.0
23:08:20.650 [JavaFX Application Thread] DEBUG PrimaryStageWindow   - Stage size: 734.4000244140625 x 757.5999755859375
23:08:20.661 [FXGL Background Thread 1 ] DEBUG Engine               - Initializing environment variables
23:08:20.737 [FXGL Background Thread 1 ] DEBUG FXGLAssetLoaderServi - User app class for loading assets: class Bomber.BombermanApp
23:08:20.737 [FXGL Background Thread 1 ] DEBUG GameApplicationServi - Applying CSS: fxgl_dark.css
23:08:20.739 [FXGL Background Thread 1 ] DEBUG FXGLAssetLoaderServi - Loading from file system: jar:file:/C:/Users/thinh/.m2/repository/com/github/almasb/fxgl/11.17/fxgl-11.17.jar!/fxglassets/ui/css/fxgl_dark.css
23:08:20.799 [FXGL Background Thread 1 ] DEBUG GameApplicationServi - Initializing application scenes
23:08:20.862 [FXGL Background Thread 1 ] DEBUG GameWorld            - Game world initialized
23:08:20.952 [FXGL Background Thread 1 ] DEBUG PhysicsWorld         - Physics world initialized: appHeight=720, physics.ppm=50.0
23:08:20.952 [FXGL Background Thread 1 ] DEBUG PhysicsWorld         - Using strategy: BRUTE_FORCE
23:08:20.957 [FXGL Background Thread 1 ] DEBUG GameScene            - Game scene initialized: 720x720
23:08:21.042 [FXGL Background Thread 1 ] DEBUG GameApplicationServi - Application scenes initialized
23:08:21.057 [FXGL Background Thread 1 ] DEBUG SystemBundleService  - Loading FXGL system data
23:08:21.062 [FXGL Background Thread 1 ] DEBUG FileSystemAccess     - Reading from: D:\Code\ProjectJavaFX\bomberman\Bomber\system\fxgl.bundle
23:08:21.068 [FXGL Background Thread 1 ] DEBUG SystemBundleService  - Bundle FXGL: {}
23:08:21.068 [FXGL Background Thread 1 ] DEBUG UpdaterService       - Checking for updates
23:08:21.104 [FXGL Background Thread 4 ] DEBUG FXGLApplication      - Loading fonts
23:08:21.105 [FXGL Background Thread 4 ] DEBUG FXGLAssetLoaderServi - Loading from file system: file:/D:/Code/ProjectJavaFX/bomberman/Bomber/target/classes/assets/ui/fonts/Quinquefive-Ea6d4.ttf
23:08:21.106 [FXGL Background Thread 1 ] DEBUG FXGLApplication      - Loading default localization
23:08:21.107 [FXGL Background Thread 1 ] DEBUG FXGLAssetLoaderServi - Loading from file system: jar:file:/C:/Users/thinh/.m2/repository/com/github/almasb/fxgl/11.17/fxgl-11.17.jar!/fxglassets/languages/english.lang
23:08:21.137 [FXGL Background Thread 1 ] INFO  FXGLApplication      - FXGL initialization took: 0.476 sec
23:08:21.150 [JavaFX Application Thread] DEBUG Input                - Registered new binding: Move Up - W
23:08:21.151 [JavaFX Application Thread] DEBUG Input                - Registered new binding: Move Down - S
23:08:21.151 [JavaFX Application Thread] DEBUG Input                - Registered new binding: Move Left - A
23:08:21.151 [JavaFX Application Thread] DEBUG Input                - Registered new binding: Move Right - D
23:08:21.151 [JavaFX Application Thread] DEBUG Input                - Registered new binding: Place Bomb - Space
23:08:21.152 [JavaFX Application Thread] DEBUG FXGLAssetLoaderServi - Loading from file system: file:/D:/Code/ProjectJavaFX/bomberman/Bomber/target/classes/assets/music/title_screen.mp3
23:08:21.209 [FXGL Background Thread 4 ] DEBUG FXGLAssetLoaderServi - Loading from file system: jar:file:/C:/Users/thinh/.m2/repository/com/github/almasb/fxgl/11.17/fxgl-11.17.jar!/fxglassets/ui/fonts/Abel-Regular.ttf
23:08:21.226 [FXGL Background Thread 4 ] DEBUG FXGLAssetLoaderServi - Loading from file system: jar:file:/C:/Users/thinh/.m2/repository/com/github/almasb/fxgl/11.17/fxgl-11.17.jar!/fxglassets/ui/fonts/lucida_console.ttf
23:08:21.243 [FXGL Background Thread 4 ] DEBUG FXGLAssetLoaderServi - Loading from file system: jar:file:/C:/Users/thinh/.m2/repository/com/github/almasb/fxgl/11.17/fxgl-11.17.jar!/fxglassets/ui/fonts/Courier-Prime.ttf
23:08:21.309 [JavaFX Application Thread] DEBUG AudioPlayer          - Playing music com.almasb.fxgl.audio.Music@23cb454a
23:08:21.310 [JavaFX Application Thread] DEBUG FXGLAssetLoaderServi - Loading from file system: jar:file:/C:/Users/thinh/.m2/repository/com/github/almasb/fxgl/11.17/fxgl-11.17.jar!/fxglassets/textures/fxgl_icon.png
23:08:21.339 [JavaFX Application Thread] DEBUG FXGLAssetLoaderServi - Loading from file system: jar:file:/C:/Users/thinh/.m2/repository/com/github/almasb/fxgl/11.17/fxgl-11.17.jar!/fxglassets/textures/fxgl_default_cursor.png
23:08:21.341 [JavaFX Application Thread] DEBUG Input                - Registered new binding: Screenshot - CTRL+8
23:08:21.341 [JavaFX Application Thread] DEBUG Input                - Registered new binding: Dev Options - 1
23:08:21.342 [JavaFX Application Thread] DEBUG Input                - Registered new binding: Dev Console - 2
23:08:21.342 [JavaFX Application Thread] DEBUG Input                - Registered new binding: System info dump - CTRL+9
23:08:21.342 [JavaFX Application Thread] DEBUG Input                - Registered new binding: Restart - CTRL+R
23:08:21.343 [JavaFX Application Thread] DEBUG Input                - Registered new binding: Toggle Debug Camera - CTRL+C
23:08:21.345 [JavaFX Application Thread] DEBUG LoopRunner           - Starting loop
23:08:21.377 [JavaFX Application Thread] DEBUG LoopRunner           - Initializing JavaFX AnimationTimerLoop
23:08:21.381 [JavaFX Application Thread] DEBUG Input                - Clearing active input actions
23:08:21.387 [JavaFX Application Thread] DEBUG GameApplicationServi - Removing overlay from FXGLStartupScene and adding to FXGLMainMenuDummyScene
23:08:21.391 [JavaFX Application Thread] DEBUG PrimaryStageWindow   - FXGLStartupScene -> FXGLMainMenuDummyScene
23:08:21.392 [JavaFX Application Thread] DEBUG PrimaryStageWindow   - Push state: BombermanMenu
23:08:21.392 [JavaFX Application Thread] DEBUG Input                - Clearing active input actions
23:08:21.397 [JavaFX Application Thread] DEBUG GameApplicationServi - Removing overlay from FXGLMainMenuDummyScene and adding to BombermanMenu
23:08:21.398 [JavaFX Application Thread] DEBUG PrimaryStageWindow   - FXGLMainMenuDummyScene -> BombermanMenu
23:08:21.398 [JavaFX Application Thread] DEBUG FXGLApplication      - Registering font factories with UI factory
23:08:23.447 [JavaFX Application Thread] DEBUG Menu                 - fireNewGame()
23:08:23.447 [JavaFX Application Thread] DEBUG GameApplicationServi - Starting new game
23:08:23.448 [JavaFX Application Thread] DEBUG PrimaryStageWindow   - Pop state: BombermanMenu
23:08:23.448 [JavaFX Application Thread] DEBUG Input                - Clearing active input actions
23:08:23.449 [JavaFX Application Thread] DEBUG GameApplicationServi - Removing overlay from BombermanMenu and adding to FXGLMainMenuDummyScene
23:08:23.450 [JavaFX Application Thread] DEBUG PrimaryStageWindow   - FXGLMainMenuDummyScene <- BombermanMenu
23:08:23.450 [JavaFX Application Thread] DEBUG Input                - Clearing active input actions
23:08:23.456 [JavaFX Application Thread] DEBUG GameApplicationServi - Removing overlay from FXGLMainMenuDummyScene and adding to FXGLLoadingScene
23:08:23.456 [JavaFX Application Thread] DEBUG PrimaryStageWindow   - FXGLMainMenuDummyScene -> FXGLLoadingScene
23:08:23.457 [JavaFX Application Thread] DEBUG GameApplicationServi - Clearing previous game
23:08:23.457 [JavaFX Application Thread] DEBUG GameScene            - Clearing game scene
23:08:23.457 [JavaFX Application Thread] DEBUG GameWorld            - Clearing game world
23:08:23.458 [JavaFX Application Thread] DEBUG PhysicsWorld         - Clearing physics world
23:08:23.464 [FXGL Background Thread 2 ] DEBUG FXGLApplication      - Initializing game
23:08:23.510 [FXGL Background Thread 2 ] WARN  TMXLevelLoader       - TiledMap generated from 1.7.2. Supported version: 1.2.3. Some features may not be parsed fully.
23:08:23.540 [FXGL Background Thread 2 ] DEBUG TMXLevelLoader       - Parsed TiledMap: file:/D:/Code/ProjectJavaFX/bomberman/Bomber/target/classes/assets/levels/bbm_level1.tmx
23:08:23.543 [FXGL Background Thread 2 ] DEBUG TMXLevelLoader       - Creating tile layer entities
23:08:23.544 [FXGL Background Thread 2 ] DEBUG TilesetLoader        - Loading view for layer Tile Layer 1
23:08:23.547 [FXGL Background Thread 2 ] DEBUG TilesetLoader        - Created buffer with size 1488.0x720.0
23:08:23.768 [FXGL Background Thread 2 ] DEBUG TMXLevelLoader       - Creating object layer entities
23:08:23.794 [FXGL Background Thread 2 ] DEBUG FXGLAssetLoaderServi - Loading from file system: file:/D:/Code/ProjectJavaFX/bomberman/Bomber/target/classes/assets/textures/player_die.png
23:08:23.797 [FXGL Background Thread 2 ] DEBUG FXGLAssetLoaderServi - Loading from file system: file:/D:/Code/ProjectJavaFX/bomberman/Bomber/target/classes/assets/textures/player_down.png
23:08:23.798 [FXGL Background Thread 2 ] DEBUG FXGLAssetLoaderServi - Loading from file system: file:/D:/Code/ProjectJavaFX/bomberman/Bomber/target/classes/assets/textures/player_right.png
23:08:23.800 [FXGL Background Thread 2 ] DEBUG FXGLAssetLoaderServi - Loading from file system: file:/D:/Code/ProjectJavaFX/bomberman/Bomber/target/classes/assets/textures/player_up.png
23:08:23.800 [FXGL Background Thread 2 ] DEBUG FXGLAssetLoaderServi - Loading from file system: file:/D:/Code/ProjectJavaFX/bomberman/Bomber/target/classes/assets/textures/player_left.png
23:08:23.810 [FXGL Background Thread 2 ] DEBUG FXGLAssetLoaderServi - Loading from file system: file:/D:/Code/ProjectJavaFX/bomberman/Bomber/target/classes/assets/textures/brick.png
23:08:23.860 [FXGL Background Thread 2 ] DEBUG FXGLAssetLoaderServi - Loading from file system: file:/D:/Code/ProjectJavaFX/bomberman/Bomber/target/classes/assets/textures/balloom.png
23:08:23.886 [FXGL Background Thread 2 ] DEBUG FXGLAssetLoaderServi - Loading from file system: file:/D:/Code/ProjectJavaFX/bomberman/Bomber/target/classes/assets/textures/powerup_speed.png
23:08:23.890 [FXGL Background Thread 2 ] DEBUG FXGLAssetLoaderServi - Loading from file system: file:/D:/Code/ProjectJavaFX/bomberman/Bomber/target/classes/assets/textures/powerup_flames.png
23:08:23.891 [FXGL Background Thread 2 ] DEBUG FXGLAssetLoaderServi - Loading from file system: file:/D:/Code/ProjectJavaFX/bomberman/Bomber/target/classes/assets/textures/powerup_bombs.png
23:08:23.893 [FXGL Background Thread 2 ] DEBUG FXGLAssetLoaderServi - Loading from file system: file:/D:/Code/ProjectJavaFX/bomberman/Bomber/target/classes/assets/textures/powerup_flamepass.png
23:08:23.895 [FXGL Background Thread 2 ] DEBUG FXGLAssetLoaderServi - Loading from file system: file:/D:/Code/ProjectJavaFX/bomberman/Bomber/target/classes/assets/textures/portal.png
23:08:23.897 [FXGL Background Thread 2 ] DEBUG GameWorld            - Clearing removable entities
23:08:23.897 [FXGL Background Thread 2 ] DEBUG GameWorld            - Setting level: com.almasb.fxgl.entity.level.Level@738fdd43
23:08:23.980 [FXGL Background Thread 2 ] INFO  FXGLApplication      - Game initialization took: 0.516 sec
23:08:23.981 [JavaFX Application Thread] DEBUG Input                - Clearing active input actions
23:08:23.992 [JavaFX Application Thread] DEBUG GameApplicationServi - Removing overlay from FXGLLoadingScene and adding to GameScene
23:08:23.994 [JavaFX Application Thread] DEBUG PrimaryStageWindow   - FXGLLoadingScene -> GameScene
23:08:24.104 [FXGL Background Thread 3 ] DEBUG Engine               - Logging environment variables
23:08:24.105 [FXGL Background Thread 3 ] DEBUG Engine               - achievements: []
23:08:24.106 [FXGL Background Thread 3 ] DEBUG Engine               - actualHeight: 720.0
23:08:24.106 [FXGL Background Thread 3 ] DEBUG Engine               - actualHeightProperty: ReadOnlyDoubleProperty [value: 720.0]
23:08:24.107 [FXGL Background Thread 3 ] DEBUG Engine               - actualWidth: 720.0
23:08:24.107 [FXGL Background Thread 3 ] DEBUG Engine               - actualWidthProperty: ReadOnlyDoubleProperty [value: 720.0]
23:08:24.107 [FXGL Background Thread 3 ] DEBUG Engine               - appIcon: fxgl_icon.png
23:08:24.107 [FXGL Background Thread 3 ] DEBUG Engine               - applicationMode: DEVELOPER
23:08:24.107 [FXGL Background Thread 3 ] DEBUG Engine               - cSSList: [fxgl_dark.css]
23:08:24.107 [FXGL Background Thread 3 ] DEBUG Engine               - collisionDetectionStrategy: BRUTE_FORCE
23:08:24.107 [FXGL Background Thread 3 ] DEBUG Engine               - configClass: Optional.empty
23:08:24.107 [FXGL Background Thread 3 ] DEBUG Engine               - credits: []
23:08:24.108 [FXGL Background Thread 3 ] DEBUG Engine               - defaultCursor: CursorInfo(imageName=fxgl_default_cursor.png, hotspotX=7.0, hotspotY=6.0)
23:08:24.108 [FXGL Background Thread 3 ] DEBUG Engine               - devBBoxColorProperty: ObjectProperty [value: 0xff0000ff]
23:08:24.108 [FXGL Background Thread 3 ] DEBUG Engine               - devEnableDebugCameraProperty: BooleanProperty [value: false]
23:08:24.108 [FXGL Background Thread 3 ] DEBUG Engine               - devSensorColorProperty: ObjectProperty [value: 0xffff00ff]
23:08:24.108 [FXGL Background Thread 3 ] DEBUG Engine               - devShowBBoxProperty: BooleanProperty [value: false]
23:08:24.108 [FXGL Background Thread 3 ] DEBUG Engine               - devShowPositionProperty: BooleanProperty [value: false]
23:08:24.109 [FXGL Background Thread 3 ] DEBUG Engine               - enabledMenuItems: []
23:08:24.109 [FXGL Background Thread 3 ] DEBUG Engine               - engineServices: [class com.almasb.fxgl.app.services.FXGLAssetLoaderService, class com.almasb.fxgl.app.FXGLApplication$GameApplicationService, class com.almasb.fxgl.app.services.FXGLDialogService, class com.almasb.fxgl.app.services.IOTaskExecutorService, class com.almasb.fxgl.io.FileSystemService, class com.almasb.fxgl.localization.LocalizationService, class com.almasb.fxgl.app.services.SystemBundleService, class com.almasb.fxgl.profile.SaveLoadService, class com.almasb.fxgl.ui.FXGLUIFactoryServiceProvider, class com.almasb.fxgl.ui.FXGLDialogFactoryServiceProvider, class com.almasb.fxgl.audio.AudioPlayer, class com.almasb.fxgl.notification.impl.NotificationServiceProvider, class com.almasb.fxgl.achievement.AchievementService, class com.almasb.fxgl.cutscene.CutsceneService, class com.almasb.fxgl.minigames.MiniGameService, class com.almasb.fxgl.net.NetService, class com.almasb.fxgl.app.services.UpdaterService, class com.almasb.fxgl.dev.DevService]
23:08:24.109 [FXGL Background Thread 3 ] DEBUG Engine               - fontGame: Abel-Regular.ttf
23:08:24.109 [FXGL Background Thread 3 ] DEBUG Engine               - fontMono: lucida_console.ttf
23:08:24.109 [FXGL Background Thread 3 ] DEBUG Engine               - fontText: Courier-Prime.ttf
23:08:24.109 [FXGL Background Thread 3 ] DEBUG Engine               - fontUI: Quinquefive-Ea6d4.ttf
23:08:24.109 [FXGL Background Thread 3 ] DEBUG Engine               - fullScreen: BooleanProperty [value: false]
23:08:24.110 [FXGL Background Thread 3 ] DEBUG Engine               - gameDifficulty: MEDIUM
23:08:24.110 [FXGL Background Thread 3 ] DEBUG Engine               - gameDifficultyProperty: ObjectProperty [value: MEDIUM]
23:08:24.110 [FXGL Background Thread 3 ] DEBUG Engine               - globalMusicVolume: 0.5
23:08:24.110 [FXGL Background Thread 3 ] DEBUG Engine               - globalMusicVolumeProperty: DoubleProperty [value: 0.1]
23:08:24.110 [FXGL Background Thread 3 ] DEBUG Engine               - globalSoundVolume: 0.5
23:08:24.110 [FXGL Background Thread 3 ] DEBUG Engine               - globalSoundVolumeProperty: DoubleProperty [value: 0.1]
23:08:24.110 [FXGL Background Thread 3 ] DEBUG Engine               - height: 720
23:08:24.110 [FXGL Background Thread 3 ] DEBUG Engine               - is3D: false
23:08:24.110 [FXGL Background Thread 3 ] DEBUG Engine               - isAndroid: false
23:08:24.110 [FXGL Background Thread 3 ] DEBUG Engine               - isBrowser: false
23:08:24.110 [FXGL Background Thread 3 ] DEBUG Engine               - isClickFeedbackEnabled: false
23:08:24.111 [FXGL Background Thread 3 ] DEBUG Engine               - isCloseConfirmation: false
23:08:24.111 [FXGL Background Thread 3 ] DEBUG Engine               - isDesktop: true
23:08:24.111 [FXGL Background Thread 3 ] DEBUG Engine               - isDeveloperMenuEnabled: true
23:08:24.111 [FXGL Background Thread 3 ] DEBUG Engine               - isEntityPreloadEnabled: true
23:08:24.111 [FXGL Background Thread 3 ] DEBUG Engine               - isExperimentalTiledLargeMap: false
23:08:24.111 [FXGL Background Thread 3 ] DEBUG Engine               - isFileSystemWriteAllowed: true
23:08:24.111 [FXGL Background Thread 3 ] DEBUG Engine               - isFullScreenAllowed: false
23:08:24.111 [FXGL Background Thread 3 ] DEBUG Engine               - isFullScreenFromStart: false
23:08:24.111 [FXGL Background Thread 3 ] DEBUG Engine               - isGameMenuEnabled: true
23:08:24.111 [FXGL Background Thread 3 ] DEBUG Engine               - isIOS: false
23:08:24.112 [FXGL Background Thread 3 ] DEBUG Engine               - isIntroEnabled: false
23:08:24.112 [FXGL Background Thread 3 ] DEBUG Engine               - isLinux: false
23:08:24.112 [FXGL Background Thread 3 ] DEBUG Engine               - isMac: false
23:08:24.112 [FXGL Background Thread 3 ] DEBUG Engine               - isMainMenuEnabled: true
23:08:24.112 [FXGL Background Thread 3 ] DEBUG Engine               - isManualResizeEnabled: true
23:08:24.112 [FXGL Background Thread 3 ] DEBUG Engine               - isMobile: false
23:08:24.112 [FXGL Background Thread 3 ] DEBUG Engine               - isNative: false
23:08:24.112 [FXGL Background Thread 3 ] DEBUG Engine               - isPauseMusicWhenMinimized: true
23:08:24.112 [FXGL Background Thread 3 ] DEBUG Engine               - isPreserveResizeRatio: true
23:08:24.112 [FXGL Background Thread 3 ] DEBUG Engine               - isProfilingEnabled: false
23:08:24.113 [FXGL Background Thread 3 ] DEBUG Engine               - isScaleAffectedOnResize: true
23:08:24.113 [FXGL Background Thread 3 ] DEBUG Engine               - isSingleStep: false
23:08:24.113 [FXGL Background Thread 3 ] DEBUG Engine               - isUserProfileEnabled: false
23:08:24.113 [FXGL Background Thread 3 ] DEBUG Engine               - isWindows: true
23:08:24.113 [FXGL Background Thread 3 ] DEBUG Engine               - language: ObjectProperty [value: ENGLISH]
23:08:24.113 [FXGL Background Thread 3 ] DEBUG Engine               - menuKey: ESCAPE
23:08:24.113 [FXGL Background Thread 3 ] DEBUG Engine               - mouseSensitivity: 0.2
23:08:24.113 [FXGL Background Thread 3 ] DEBUG Engine               - notificationViewClass: class com.almasb.fxgl.notification.view.XboxNotificationView
23:08:24.113 [FXGL Background Thread 3 ] DEBUG Engine               - pixelsPerMeter: 50.0
23:08:24.114 [FXGL Background Thread 3 ] DEBUG Engine               - platform: WINDOWS
23:08:24.114 [FXGL Background Thread 3 ] DEBUG Engine               - prefHeightProperty: ReadOnlyDoubleProperty [value: 720.0]
23:08:24.114 [FXGL Background Thread 3 ] DEBUG Engine               - prefWidthProperty: ReadOnlyDoubleProperty [value: 720.0]
23:08:24.114 [FXGL Background Thread 3 ] DEBUG Engine               - profileDir: profiles/
23:08:24.114 [FXGL Background Thread 3 ] DEBUG Engine               - profileName: StringProperty [value: DEFAULT]
23:08:24.114 [FXGL Background Thread 3 ] DEBUG Engine               - randomSeed: -1
23:08:24.114 [FXGL Background Thread 3 ] DEBUG Engine               - runtimeInfo: RuntimeInfo(platform=WINDOWS, version=11.17, build=16.07.2021 15.46)
23:08:24.114 [FXGL Background Thread 3 ] DEBUG Engine               - saveFileExt: sav
23:08:24.115 [FXGL Background Thread 3 ] DEBUG Engine               - scaledHeightProp$fxgl: DoubleProperty [bound, value: 720.0]
23:08:24.115 [FXGL Background Thread 3 ] DEBUG Engine               - scaledWidthProp$fxgl: DoubleProperty [bound, value: 720.0]
23:08:24.115 [FXGL Background Thread 3 ] DEBUG Engine               - sceneFactory: Bomber.BombermanApp$1@b481577
23:08:24.115 [FXGL Background Thread 3 ] DEBUG Engine               - secondsIn24h: 60
23:08:24.115 [FXGL Background Thread 3 ] DEBUG Engine               - soundMenuBack: menu/back.wav
23:08:24.115 [FXGL Background Thread 3 ] DEBUG Engine               - soundMenuPress: menu/press.wav
23:08:24.115 [FXGL Background Thread 3 ] DEBUG Engine               - soundMenuSelect: menu/select.wav
23:08:24.115 [FXGL Background Thread 3 ] DEBUG Engine               - soundNotification: core/notification.wav
23:08:24.115 [FXGL Background Thread 3 ] DEBUG Engine               - stageStyle: DECORATED
23:08:24.115 [FXGL Background Thread 3 ] DEBUG Engine               - supportedLanguages: [ENGLISH, FRENCH, GERMAN, HUNGARIAN, RUSSIAN]
23:08:24.116 [FXGL Background Thread 3 ] DEBUG Engine               - ticksPerSecond: -1
23:08:24.116 [FXGL Background Thread 3 ] DEBUG Engine               - title: BOMBERMAN
23:08:24.116 [FXGL Background Thread 3 ] DEBUG Engine               - urlGithub: https://github.com/AlmasB/FXGL
23:08:24.116 [FXGL Background Thread 3 ] DEBUG Engine               - urlLeaderboard: http://fxgl-top.herokuapp.com/
23:08:24.116 [FXGL Background Thread 3 ] DEBUG Engine               - urlPOM: https://raw.githubusercontent.com/AlmasB/FXGL/release/README.md
23:08:24.116 [FXGL Background Thread 3 ] DEBUG Engine               - userAppClass: class Bomber.BombermanApp
23:08:24.116 [FXGL Background Thread 3 ] DEBUG Engine               - version: 1.0
23:08:24.116 [FXGL Background Thread 3 ] DEBUG Engine               - versionCheckDays: 7
23:08:24.116 [FXGL Background Thread 3 ] DEBUG Engine               - width: 720
23:08:24.116 [FXGL Background Thread 3 ] DEBUG Engine               - Logging services
23:08:24.116 [FXGL Background Thread 3 ] DEBUG Engine               - class com.almasb.fxgl.app.services.FXGLAssetLoaderService
23:08:24.116 [FXGL Background Thread 3 ] DEBUG Engine               - class com.almasb.fxgl.app.FXGLApplication$GameApplicationService
23:08:24.116 [FXGL Background Thread 3 ] DEBUG Engine               - class com.almasb.fxgl.app.services.FXGLDialogService
23:08:24.116 [FXGL Background Thread 3 ] DEBUG Engine               - class com.almasb.fxgl.app.services.IOTaskExecutorService
23:08:24.116 [FXGL Background Thread 3 ] DEBUG Engine               - class com.almasb.fxgl.io.FileSystemService
23:08:24.117 [FXGL Background Thread 3 ] DEBUG Engine               - class com.almasb.fxgl.localization.LocalizationService
23:08:24.117 [FXGL Background Thread 3 ] DEBUG Engine               - class com.almasb.fxgl.app.services.SystemBundleService
23:08:24.117 [FXGL Background Thread 3 ] DEBUG Engine               - class com.almasb.fxgl.profile.SaveLoadService
23:08:24.117 [FXGL Background Thread 3 ] DEBUG Engine               - class com.almasb.fxgl.ui.FXGLUIFactoryServiceProvider
23:08:24.117 [FXGL Background Thread 3 ] DEBUG Engine               - class com.almasb.fxgl.ui.FXGLDialogFactoryServiceProvider
23:08:24.117 [FXGL Background Thread 3 ] DEBUG Engine               - class com.almasb.fxgl.audio.AudioPlayer
23:08:24.117 [FXGL Background Thread 3 ] DEBUG Engine               - class com.almasb.fxgl.notification.impl.NotificationServiceProvider
23:08:24.117 [FXGL Background Thread 3 ] DEBUG Engine               - class com.almasb.fxgl.achievement.AchievementService
23:08:24.117 [FXGL Background Thread 3 ] DEBUG Engine               - class com.almasb.fxgl.cutscene.CutsceneService
23:08:24.117 [FXGL Background Thread 3 ] DEBUG Engine               - class com.almasb.fxgl.minigames.MiniGameService
23:08:24.117 [FXGL Background Thread 3 ] DEBUG Engine               - class com.almasb.fxgl.net.NetService
23:08:24.117 [FXGL Background Thread 3 ] DEBUG Engine               - class com.almasb.fxgl.app.services.UpdaterService
23:08:24.117 [FXGL Background Thread 3 ] DEBUG Engine               - class com.almasb.fxgl.dev.DevService
23:08:32.140 [JavaFX Application Thread] DEBUG FXGLAssetLoaderServi - Loading from file system: file:/D:/Code/ProjectJavaFX/bomberman/Bomber/target/classes/assets/textures/bomb_ani.png
23:08:34.643 [JavaFX Application Thread] DEBUG FXGLAssetLoaderServi - Loading from file system: file:/D:/Code/ProjectJavaFX/bomberman/Bomber/target/classes/assets/textures/bomb_exploded_1.png
23:08:34.647 [JavaFX Application Thread] DEBUG FXGLAssetLoaderServi - Loading from file system: file:/D:/Code/ProjectJavaFX/bomberman/Bomber/target/classes/assets/textures/brick_break.png
23:08:35.634 [JavaFX Application Thread] WARN  GameWorld            - Attempted to remove entity which is not active
23:08:50.815 [JavaFX Application Thread] DEBUG FXGLApplication      - Exiting FXGL
23:08:50.815 [JavaFX Application Thread] DEBUG LoopRunner           - Stopping loop
23:08:50.815 [JavaFX Application Thread] DEBUG SystemBundleService  - Saving FXGL system data
23:08:50.817 [JavaFX Application Thread] DEBUG FileSystemAccess     - Writing to: D:\Code\ProjectJavaFX\bomberman\Bomber\system\fxgl.bundle
23:08:50.818 [JavaFX Application Thread] DEBUG Async                - Shutting down background threads
23:08:50.818 [JavaFX Application Thread] DEBUG PrimaryStageWindow   - Closing main window
23:08:50.831 [JavaFX Application Thread] DEBUG Logger               - Closing Logger
