21:52:17.391 [main                     ] DEBUG Logger               - Configured Logger
21:52:17.393 [main                     ] DEBUG GameApplication      - Logging settings
Title: BOMBERMAN
Version: 1.0
Width: 720
Height: 720
Fullscreen: false
Intro: false
Profiling: false
Single step:false
App Mode: DEVELOPER
Menu Key: ESCAPE
Stage Style: DECORATED
Scene Factory: class Bomber.BombermanApp$1

21:52:17.771 [JavaFX Application Thread] DEBUG FXGLApplication      - Initializing FXGL
21:52:17.773 [JavaFX Application Thread] INFO  Engine               - FXGL-11.17 (16.07.2021 15.46) on WINDOWS (J:17.0.1 FX:16)
21:52:17.773 [JavaFX Application Thread] DEBUG Engine               - JRE Vendor Name: Oracle Corporation
21:52:17.773 [JavaFX Application Thread] DEBUG Engine               - Running on OS: Windows 10 version 10.0
21:52:17.773 [JavaFX Application Thread] DEBUG Engine               - Architecture: amd64
21:52:17.773 [JavaFX Application Thread] INFO  Engine               - Source code and latest versions at: https://github.com/AlmasB/FXGL
21:52:17.774 [JavaFX Application Thread] INFO  Engine               -              Join the FXGL chat at: https://gitter.im/AlmasB/FXGL
21:52:18.059 [JavaFX Application Thread] DEBUG PrimaryStageWindow   - Creating a JavaFX scene
21:52:18.126 [JavaFX Application Thread] DEBUG PrimaryStageWindow   - Target settings size: 720.0 x 720.0
21:52:18.126 [JavaFX Application Thread] DEBUG PrimaryStageWindow   - Scaled scene size:    720.0 x 720.0
21:52:18.127 [JavaFX Application Thread] DEBUG PrimaryStageWindow   - Scaled ratio: (1.0, 1.0)
21:52:18.128 [JavaFX Application Thread] DEBUG PrimaryStageWindow   - Set initial scene to FXGLStartupScene
21:52:18.141 [JavaFX Application Thread] DEBUG PrimaryStageWindow   - Opening main window
21:52:18.267 [JavaFX Application Thread] DEBUG PrimaryStageWindow   - Window border size: (14.4000244140625, 37.5999755859375)
21:52:18.268 [JavaFX Application Thread] DEBUG PrimaryStageWindow   - Scaled size: 720.0 x 720.0
21:52:18.268 [JavaFX Application Thread] DEBUG PrimaryStageWindow   - Scaled ratio: (1.0, 1.0)
21:52:18.269 [JavaFX Application Thread] DEBUG PrimaryStageWindow   - Scene size: 720.0 x 720.0
21:52:18.270 [JavaFX Application Thread] DEBUG PrimaryStageWindow   - Stage size: 734.4000244140625 x 757.5999755859375
21:52:18.289 [FXGL Background Thread 1 ] DEBUG Engine               - Initializing environment variables
21:52:18.380 [FXGL Background Thread 1 ] DEBUG FXGLAssetLoaderServi - User app class for loading assets: class Bomber.BombermanApp
21:52:18.380 [FXGL Background Thread 1 ] DEBUG GameApplicationServi - Applying CSS: fxgl_dark.css
21:52:18.383 [FXGL Background Thread 1 ] DEBUG FXGLAssetLoaderServi - Loading from file system: jar:file:/C:/Users/thinh/.m2/repository/com/github/almasb/fxgl/11.17/fxgl-11.17.jar!/fxglassets/ui/css/fxgl_dark.css
21:52:18.462 [FXGL Background Thread 1 ] DEBUG GameApplicationServi - Initializing application scenes
21:52:18.525 [FXGL Background Thread 1 ] DEBUG GameWorld            - Game world initialized
21:52:18.650 [FXGL Background Thread 1 ] DEBUG PhysicsWorld         - Physics world initialized: appHeight=720, physics.ppm=50.0
21:52:18.650 [FXGL Background Thread 1 ] DEBUG PhysicsWorld         - Using strategy: BRUTE_FORCE
21:52:18.655 [FXGL Background Thread 1 ] DEBUG GameScene            - Game scene initialized: 720x720
21:52:18.765 [FXGL Background Thread 1 ] DEBUG GameApplicationServi - Application scenes initialized
21:52:18.784 [FXGL Background Thread 1 ] DEBUG SystemBundleService  - Loading FXGL system data
21:52:18.793 [FXGL Background Thread 1 ] DEBUG FileSystemAccess     - Reading from: D:\Code\ProjectJavaFX\bomberman\Bomber\system\fxgl.bundle
21:52:18.803 [FXGL Background Thread 1 ] DEBUG SystemBundleService  - Bundle FXGL: {}
21:52:18.803 [FXGL Background Thread 1 ] DEBUG UpdaterService       - Checking for updates
21:52:18.812 [FXGL Background Thread 1 ] DEBUG FXGLApplication      - Loading default localization
21:52:18.812 [FXGL Background Thread 4 ] DEBUG FXGLApplication      - Loading fonts
21:52:18.812 [FXGL Background Thread 4 ] DEBUG FXGLAssetLoaderServi - Loading from file system: file:/D:/Code/ProjectJavaFX/bomberman/Bomber/target/classes/assets/ui/fonts/Quinquefive-Ea6d4.ttf
21:52:18.813 [FXGL Background Thread 1 ] DEBUG FXGLAssetLoaderServi - Loading from file system: jar:file:/C:/Users/thinh/.m2/repository/com/github/almasb/fxgl/11.17/fxgl-11.17.jar!/fxglassets/languages/english.lang
21:52:18.851 [FXGL Background Thread 1 ] INFO  FXGLApplication      - FXGL initialization took: 0.563 sec
21:52:18.879 [JavaFX Application Thread] DEBUG Input                - Registered new binding: Move Up - W
21:52:18.880 [JavaFX Application Thread] DEBUG Input                - Registered new binding: Move Down - S
21:52:18.880 [JavaFX Application Thread] DEBUG Input                - Registered new binding: Move Left - A
21:52:18.881 [JavaFX Application Thread] DEBUG Input                - Registered new binding: Move Right - D
21:52:18.881 [JavaFX Application Thread] DEBUG Input                - Registered new binding: Place Bomb - Space
21:52:18.882 [JavaFX Application Thread] DEBUG FXGLAssetLoaderServi - Loading from file system: file:/D:/Code/ProjectJavaFX/bomberman/Bomber/target/classes/assets/music/title_screen.mp3
21:52:19.038 [FXGL Background Thread 4 ] DEBUG FXGLAssetLoaderServi - Loading from file system: jar:file:/C:/Users/thinh/.m2/repository/com/github/almasb/fxgl/11.17/fxgl-11.17.jar!/fxglassets/ui/fonts/Abel-Regular.ttf
21:52:19.054 [FXGL Background Thread 4 ] DEBUG FXGLAssetLoaderServi - Loading from file system: jar:file:/C:/Users/thinh/.m2/repository/com/github/almasb/fxgl/11.17/fxgl-11.17.jar!/fxglassets/ui/fonts/lucida_console.ttf
21:52:19.077 [FXGL Background Thread 4 ] DEBUG FXGLAssetLoaderServi - Loading from file system: jar:file:/C:/Users/thinh/.m2/repository/com/github/almasb/fxgl/11.17/fxgl-11.17.jar!/fxglassets/ui/fonts/Courier-Prime.ttf
21:52:19.115 [JavaFX Application Thread] DEBUG AudioPlayer          - Playing music com.almasb.fxgl.audio.Music@6115583f
21:52:19.116 [JavaFX Application Thread] DEBUG FXGLAssetLoaderServi - Loading from file system: jar:file:/C:/Users/thinh/.m2/repository/com/github/almasb/fxgl/11.17/fxgl-11.17.jar!/fxglassets/textures/fxgl_icon.png
21:52:19.182 [JavaFX Application Thread] DEBUG FXGLAssetLoaderServi - Loading from file system: jar:file:/C:/Users/thinh/.m2/repository/com/github/almasb/fxgl/11.17/fxgl-11.17.jar!/fxglassets/textures/fxgl_default_cursor.png
21:52:19.186 [JavaFX Application Thread] DEBUG Input                - Registered new binding: Screenshot - CTRL+8
21:52:19.187 [JavaFX Application Thread] DEBUG Input                - Registered new binding: System info dump - CTRL+9
21:52:19.187 [JavaFX Application Thread] DEBUG Input                - Registered new binding: Restart - CTRL+R
21:52:19.189 [JavaFX Application Thread] DEBUG Input                - Registered new binding: Toggle Debug Camera - CTRL+C
21:52:19.193 [JavaFX Application Thread] DEBUG LoopRunner           - Starting loop
21:52:19.193 [JavaFX Application Thread] DEBUG LoopRunner           - Initializing JavaFX AnimationTimerLoop
21:52:19.199 [JavaFX Application Thread] DEBUG Input                - Clearing active input actions
21:52:19.215 [JavaFX Application Thread] DEBUG GameApplicationServi - Removing overlay from FXGLStartupScene and adding to FXGLMainMenuDummyScene
21:52:19.216 [JavaFX Application Thread] DEBUG PrimaryStageWindow   - FXGLStartupScene -> FXGLMainMenuDummyScene
21:52:19.216 [JavaFX Application Thread] DEBUG PrimaryStageWindow   - Push state: BombermanMenu
21:52:19.216 [JavaFX Application Thread] DEBUG Input                - Clearing active input actions
21:52:19.221 [JavaFX Application Thread] DEBUG GameApplicationServi - Removing overlay from FXGLMainMenuDummyScene and adding to BombermanMenu
21:52:19.221 [JavaFX Application Thread] DEBUG PrimaryStageWindow   - FXGLMainMenuDummyScene -> BombermanMenu
21:52:19.224 [JavaFX Application Thread] DEBUG FXGLApplication      - Registering font factories with UI factory
21:52:20.693 [JavaFX Application Thread] DEBUG Menu                 - fireNewGame()
21:52:20.693 [JavaFX Application Thread] DEBUG GameApplicationServi - Starting new game
21:52:20.693 [JavaFX Application Thread] DEBUG PrimaryStageWindow   - Pop state: BombermanMenu
21:52:20.693 [JavaFX Application Thread] DEBUG Input                - Clearing active input actions
21:52:20.694 [JavaFX Application Thread] DEBUG GameApplicationServi - Removing overlay from BombermanMenu and adding to FXGLMainMenuDummyScene
21:52:20.695 [JavaFX Application Thread] DEBUG PrimaryStageWindow   - FXGLMainMenuDummyScene <- BombermanMenu
21:52:20.696 [JavaFX Application Thread] DEBUG Input                - Clearing active input actions
21:52:20.708 [JavaFX Application Thread] DEBUG GameApplicationServi - Removing overlay from FXGLMainMenuDummyScene and adding to FXGLLoadingScene
21:52:20.709 [JavaFX Application Thread] DEBUG PrimaryStageWindow   - FXGLMainMenuDummyScene -> FXGLLoadingScene
21:52:20.709 [JavaFX Application Thread] DEBUG GameApplicationServi - Clearing previous game
21:52:20.709 [JavaFX Application Thread] DEBUG GameScene            - Clearing game scene
21:52:20.709 [JavaFX Application Thread] DEBUG GameWorld            - Clearing game world
21:52:20.710 [JavaFX Application Thread] DEBUG PhysicsWorld         - Clearing physics world
21:52:20.713 [FXGL Background Thread 2 ] DEBUG FXGLApplication      - Initializing game
21:52:20.759 [FXGL Background Thread 2 ] WARN  TMXLevelLoader       - TiledMap generated from 1.7.2. Supported version: 1.2.3. Some features may not be parsed fully.
21:52:20.786 [FXGL Background Thread 2 ] DEBUG TMXLevelLoader       - Parsed TiledMap: file:/D:/Code/ProjectJavaFX/bomberman/Bomber/target/classes/assets/levels/bbm_level1.tmx
21:52:20.787 [FXGL Background Thread 2 ] DEBUG TMXLevelLoader       - Creating tile layer entities
21:52:20.788 [FXGL Background Thread 2 ] DEBUG TilesetLoader        - Loading view for layer Tile Layer 1
21:52:20.792 [FXGL Background Thread 2 ] DEBUG TilesetLoader        - Created buffer with size 1488.0x720.0
21:52:20.939 [FXGL Background Thread 2 ] DEBUG TMXLevelLoader       - Creating object layer entities
21:52:20.995 [FXGL Background Thread 2 ] DEBUG FXGLAssetLoaderServi - Loading from file system: file:/D:/Code/ProjectJavaFX/bomberman/Bomber/target/classes/assets/textures/player_die.png
21:52:21.000 [FXGL Background Thread 2 ] DEBUG FXGLAssetLoaderServi - Loading from file system: file:/D:/Code/ProjectJavaFX/bomberman/Bomber/target/classes/assets/textures/player_down.png
21:52:21.002 [FXGL Background Thread 2 ] DEBUG FXGLAssetLoaderServi - Loading from file system: file:/D:/Code/ProjectJavaFX/bomberman/Bomber/target/classes/assets/textures/player_right.png
21:52:21.002 [FXGL Background Thread 2 ] DEBUG FXGLAssetLoaderServi - Loading from file system: file:/D:/Code/ProjectJavaFX/bomberman/Bomber/target/classes/assets/textures/player_up.png
21:52:21.003 [FXGL Background Thread 2 ] DEBUG FXGLAssetLoaderServi - Loading from file system: file:/D:/Code/ProjectJavaFX/bomberman/Bomber/target/classes/assets/textures/player_left.png
21:52:21.007 [FXGL Background Thread 2 ] WARN  Entity               - Entity already has component: com.almasb.fxgl.physics.PhysicsComponent
21:52:21.008 [FXGL Background Thread 2 ] DEBUG FXGLAssetLoaderServi - Loading from file system: file:/D:/Code/ProjectJavaFX/bomberman/Bomber/target/classes/assets/textures/brick.png
21:52:21.033 [FXGL Background Thread 2 ] DEBUG FXGLAssetLoaderServi - Loading from file system: file:/D:/Code/ProjectJavaFX/bomberman/Bomber/target/classes/assets/textures/balloom.png
21:52:21.094 [FXGL Background Thread 2 ] DEBUG FXGLAssetLoaderServi - Loading from file system: file:/D:/Code/ProjectJavaFX/bomberman/Bomber/target/classes/assets/textures/powerup_speed.png
21:52:21.098 [FXGL Background Thread 2 ] DEBUG FXGLAssetLoaderServi - Loading from file system: file:/D:/Code/ProjectJavaFX/bomberman/Bomber/target/classes/assets/textures/powerup_flames.png
21:52:21.099 [FXGL Background Thread 2 ] DEBUG FXGLAssetLoaderServi - Loading from file system: file:/D:/Code/ProjectJavaFX/bomberman/Bomber/target/classes/assets/textures/powerup_bombs.png
21:52:21.101 [FXGL Background Thread 2 ] DEBUG FXGLAssetLoaderServi - Loading from file system: file:/D:/Code/ProjectJavaFX/bomberman/Bomber/target/classes/assets/textures/powerup_flamepass.png
21:52:21.103 [FXGL Background Thread 2 ] DEBUG FXGLAssetLoaderServi - Loading from file system: file:/D:/Code/ProjectJavaFX/bomberman/Bomber/target/classes/assets/textures/portal.png
21:52:21.105 [FXGL Background Thread 2 ] DEBUG GameWorld            - Clearing removable entities
21:52:21.105 [FXGL Background Thread 2 ] DEBUG GameWorld            - Setting level: com.almasb.fxgl.entity.level.Level@6656c3ca
21:52:21.174 [FXGL Background Thread 2 ] INFO  FXGLApplication      - Game initialization took: 0.461 sec
21:52:21.177 [JavaFX Application Thread] DEBUG Input                - Clearing active input actions
21:52:21.192 [JavaFX Application Thread] DEBUG GameApplicationServi - Removing overlay from FXGLLoadingScene and adding to GameScene
21:52:21.192 [JavaFX Application Thread] DEBUG PrimaryStageWindow   - FXGLLoadingScene -> GameScene
21:52:21.810 [FXGL Background Thread 3 ] DEBUG Engine               - Logging environment variables
21:52:21.810 [FXGL Background Thread 3 ] DEBUG Engine               - achievements: []
21:52:21.810 [FXGL Background Thread 3 ] DEBUG Engine               - actualHeight: 720.0
21:52:21.810 [FXGL Background Thread 3 ] DEBUG Engine               - actualHeightProperty: ReadOnlyDoubleProperty [value: 720.0]
21:52:21.810 [FXGL Background Thread 3 ] DEBUG Engine               - actualWidth: 720.0
21:52:21.810 [FXGL Background Thread 3 ] DEBUG Engine               - actualWidthProperty: ReadOnlyDoubleProperty [value: 720.0]
21:52:21.810 [FXGL Background Thread 3 ] DEBUG Engine               - appIcon: fxgl_icon.png
21:52:21.810 [FXGL Background Thread 3 ] DEBUG Engine               - applicationMode: DEVELOPER
21:52:21.810 [FXGL Background Thread 3 ] DEBUG Engine               - cSSList: [fxgl_dark.css]
21:52:21.810 [FXGL Background Thread 3 ] DEBUG Engine               - collisionDetectionStrategy: BRUTE_FORCE
21:52:21.810 [FXGL Background Thread 3 ] DEBUG Engine               - configClass: Optional.empty
21:52:21.811 [FXGL Background Thread 3 ] DEBUG Engine               - credits: []
21:52:21.811 [FXGL Background Thread 3 ] DEBUG Engine               - defaultCursor: CursorInfo(imageName=fxgl_default_cursor.png, hotspotX=7.0, hotspotY=6.0)
21:52:21.811 [FXGL Background Thread 3 ] DEBUG Engine               - devBBoxColorProperty: ObjectProperty [value: 0xff0000ff]
21:52:21.811 [FXGL Background Thread 3 ] DEBUG Engine               - devEnableDebugCameraProperty: BooleanProperty [value: false]
21:52:21.811 [FXGL Background Thread 3 ] DEBUG Engine               - devSensorColorProperty: ObjectProperty [value: 0xffff00ff]
21:52:21.811 [FXGL Background Thread 3 ] DEBUG Engine               - devShowBBoxProperty: BooleanProperty [value: false]
21:52:21.811 [FXGL Background Thread 3 ] DEBUG Engine               - devShowPositionProperty: BooleanProperty [value: false]
21:52:21.811 [FXGL Background Thread 3 ] DEBUG Engine               - enabledMenuItems: []
21:52:21.812 [FXGL Background Thread 3 ] DEBUG Engine               - engineServices: [class com.almasb.fxgl.app.services.FXGLAssetLoaderService, class com.almasb.fxgl.app.FXGLApplication$GameApplicationService, class com.almasb.fxgl.app.services.FXGLDialogService, class com.almasb.fxgl.app.services.IOTaskExecutorService, class com.almasb.fxgl.io.FileSystemService, class com.almasb.fxgl.localization.LocalizationService, class com.almasb.fxgl.app.services.SystemBundleService, class com.almasb.fxgl.profile.SaveLoadService, class com.almasb.fxgl.ui.FXGLUIFactoryServiceProvider, class com.almasb.fxgl.ui.FXGLDialogFactoryServiceProvider, class com.almasb.fxgl.audio.AudioPlayer, class com.almasb.fxgl.notification.impl.NotificationServiceProvider, class com.almasb.fxgl.achievement.AchievementService, class com.almasb.fxgl.cutscene.CutsceneService, class com.almasb.fxgl.minigames.MiniGameService, class com.almasb.fxgl.net.NetService, class com.almasb.fxgl.app.services.UpdaterService, class com.almasb.fxgl.dev.DevService]
21:52:21.812 [FXGL Background Thread 3 ] DEBUG Engine               - fontGame: Abel-Regular.ttf
21:52:21.813 [FXGL Background Thread 3 ] DEBUG Engine               - fontMono: lucida_console.ttf
21:52:21.813 [FXGL Background Thread 3 ] DEBUG Engine               - fontText: Courier-Prime.ttf
21:52:21.813 [FXGL Background Thread 3 ] DEBUG Engine               - fontUI: Quinquefive-Ea6d4.ttf
21:52:21.813 [FXGL Background Thread 3 ] DEBUG Engine               - fullScreen: BooleanProperty [value: false]
21:52:21.813 [FXGL Background Thread 3 ] DEBUG Engine               - gameDifficulty: MEDIUM
21:52:21.813 [FXGL Background Thread 3 ] DEBUG Engine               - gameDifficultyProperty: ObjectProperty [value: MEDIUM]
21:52:21.813 [FXGL Background Thread 3 ] DEBUG Engine               - globalMusicVolume: 0.5
21:52:21.813 [FXGL Background Thread 3 ] DEBUG Engine               - globalMusicVolumeProperty: DoubleProperty [value: 0.1]
21:52:21.813 [FXGL Background Thread 3 ] DEBUG Engine               - globalSoundVolume: 0.5
21:52:21.813 [FXGL Background Thread 3 ] DEBUG Engine               - globalSoundVolumeProperty: DoubleProperty [value: 0.1]
21:52:21.814 [FXGL Background Thread 3 ] DEBUG Engine               - height: 720
21:52:21.814 [FXGL Background Thread 3 ] DEBUG Engine               - is3D: false
21:52:21.814 [FXGL Background Thread 3 ] DEBUG Engine               - isAndroid: false
21:52:21.814 [FXGL Background Thread 3 ] DEBUG Engine               - isBrowser: false
21:52:21.814 [FXGL Background Thread 3 ] DEBUG Engine               - isClickFeedbackEnabled: false
21:52:21.814 [FXGL Background Thread 3 ] DEBUG Engine               - isCloseConfirmation: false
21:52:21.814 [FXGL Background Thread 3 ] DEBUG Engine               - isDesktop: true
21:52:21.814 [FXGL Background Thread 3 ] DEBUG Engine               - isDeveloperMenuEnabled: false
21:52:21.814 [FXGL Background Thread 3 ] DEBUG Engine               - isEntityPreloadEnabled: true
21:52:21.814 [FXGL Background Thread 3 ] DEBUG Engine               - isExperimentalTiledLargeMap: false
21:52:21.814 [FXGL Background Thread 3 ] DEBUG Engine               - isFileSystemWriteAllowed: true
21:52:21.814 [FXGL Background Thread 3 ] DEBUG Engine               - isFullScreenAllowed: false
21:52:21.814 [FXGL Background Thread 3 ] DEBUG Engine               - isFullScreenFromStart: false
21:52:21.814 [FXGL Background Thread 3 ] DEBUG Engine               - isGameMenuEnabled: true
21:52:21.814 [FXGL Background Thread 3 ] DEBUG Engine               - isIOS: false
21:52:21.814 [FXGL Background Thread 3 ] DEBUG Engine               - isIntroEnabled: false
21:52:21.815 [FXGL Background Thread 3 ] DEBUG Engine               - isLinux: false
21:52:21.815 [FXGL Background Thread 3 ] DEBUG Engine               - isMac: false
21:52:21.815 [FXGL Background Thread 3 ] DEBUG Engine               - isMainMenuEnabled: true
21:52:21.815 [FXGL Background Thread 3 ] DEBUG Engine               - isManualResizeEnabled: true
21:52:21.815 [FXGL Background Thread 3 ] DEBUG Engine               - isMobile: false
21:52:21.815 [FXGL Background Thread 3 ] DEBUG Engine               - isNative: false
21:52:21.815 [FXGL Background Thread 3 ] DEBUG Engine               - isPauseMusicWhenMinimized: true
21:52:21.815 [FXGL Background Thread 3 ] DEBUG Engine               - isPreserveResizeRatio: true
21:52:21.815 [FXGL Background Thread 3 ] DEBUG Engine               - isProfilingEnabled: false
21:52:21.815 [FXGL Background Thread 3 ] DEBUG Engine               - isScaleAffectedOnResize: true
21:52:21.815 [FXGL Background Thread 3 ] DEBUG Engine               - isSingleStep: false
21:52:21.815 [FXGL Background Thread 3 ] DEBUG Engine               - isUserProfileEnabled: false
21:52:21.816 [FXGL Background Thread 3 ] DEBUG Engine               - isWindows: true
21:52:21.816 [FXGL Background Thread 3 ] DEBUG Engine               - language: ObjectProperty [value: ENGLISH]
21:52:21.816 [FXGL Background Thread 3 ] DEBUG Engine               - menuKey: ESCAPE
21:52:21.816 [FXGL Background Thread 3 ] DEBUG Engine               - mouseSensitivity: 0.2
21:52:21.816 [FXGL Background Thread 3 ] DEBUG Engine               - notificationViewClass: class com.almasb.fxgl.notification.view.XboxNotificationView
21:52:21.816 [FXGL Background Thread 3 ] DEBUG Engine               - pixelsPerMeter: 50.0
21:52:21.816 [FXGL Background Thread 3 ] DEBUG Engine               - platform: WINDOWS
21:52:21.816 [FXGL Background Thread 3 ] DEBUG Engine               - prefHeightProperty: ReadOnlyDoubleProperty [value: 720.0]
21:52:21.816 [FXGL Background Thread 3 ] DEBUG Engine               - prefWidthProperty: ReadOnlyDoubleProperty [value: 720.0]
21:52:21.816 [FXGL Background Thread 3 ] DEBUG Engine               - profileDir: profiles/
21:52:21.816 [FXGL Background Thread 3 ] DEBUG Engine               - profileName: StringProperty [value: DEFAULT]
21:52:21.816 [FXGL Background Thread 3 ] DEBUG Engine               - randomSeed: -1
21:52:21.817 [FXGL Background Thread 3 ] DEBUG Engine               - runtimeInfo: RuntimeInfo(platform=WINDOWS, version=11.17, build=16.07.2021 15.46)
21:52:21.817 [FXGL Background Thread 3 ] DEBUG Engine               - saveFileExt: sav
21:52:21.817 [FXGL Background Thread 3 ] DEBUG Engine               - scaledHeightProp$fxgl: DoubleProperty [bound, value: 720.0]
21:52:21.817 [FXGL Background Thread 3 ] DEBUG Engine               - scaledWidthProp$fxgl: DoubleProperty [bound, value: 720.0]
21:52:21.817 [FXGL Background Thread 3 ] DEBUG Engine               - sceneFactory: Bomber.BombermanApp$1@738b5f55
21:52:21.817 [FXGL Background Thread 3 ] DEBUG Engine               - secondsIn24h: 60
21:52:21.817 [FXGL Background Thread 3 ] DEBUG Engine               - soundMenuBack: menu/back.wav
21:52:21.817 [FXGL Background Thread 3 ] DEBUG Engine               - soundMenuPress: menu/press.wav
21:52:21.817 [FXGL Background Thread 3 ] DEBUG Engine               - soundMenuSelect: menu/select.wav
21:52:21.817 [FXGL Background Thread 3 ] DEBUG Engine               - soundNotification: core/notification.wav
21:52:21.817 [FXGL Background Thread 3 ] DEBUG Engine               - stageStyle: DECORATED
21:52:21.817 [FXGL Background Thread 3 ] DEBUG Engine               - supportedLanguages: [ENGLISH, FRENCH, GERMAN, HUNGARIAN, RUSSIAN]
21:52:21.817 [FXGL Background Thread 3 ] DEBUG Engine               - ticksPerSecond: -1
21:52:21.818 [FXGL Background Thread 3 ] DEBUG Engine               - title: BOMBERMAN
21:52:21.818 [FXGL Background Thread 3 ] DEBUG Engine               - urlGithub: https://github.com/AlmasB/FXGL
21:52:21.818 [FXGL Background Thread 3 ] DEBUG Engine               - urlLeaderboard: http://fxgl-top.herokuapp.com/
21:52:21.818 [FXGL Background Thread 3 ] DEBUG Engine               - urlPOM: https://raw.githubusercontent.com/AlmasB/FXGL/release/README.md
21:52:21.818 [FXGL Background Thread 3 ] DEBUG Engine               - userAppClass: class Bomber.BombermanApp
21:52:21.818 [FXGL Background Thread 3 ] DEBUG Engine               - version: 1.0
21:52:21.818 [FXGL Background Thread 3 ] DEBUG Engine               - versionCheckDays: 7
21:52:21.818 [FXGL Background Thread 3 ] DEBUG Engine               - width: 720
21:52:21.818 [FXGL Background Thread 3 ] DEBUG Engine               - Logging services
21:52:21.818 [FXGL Background Thread 3 ] DEBUG Engine               - class com.almasb.fxgl.app.services.FXGLAssetLoaderService
21:52:21.818 [FXGL Background Thread 3 ] DEBUG Engine               - class com.almasb.fxgl.app.FXGLApplication$GameApplicationService
21:52:21.818 [FXGL Background Thread 3 ] DEBUG Engine               - class com.almasb.fxgl.app.services.FXGLDialogService
21:52:21.818 [FXGL Background Thread 3 ] DEBUG Engine               - class com.almasb.fxgl.app.services.IOTaskExecutorService
21:52:21.818 [FXGL Background Thread 3 ] DEBUG Engine               - class com.almasb.fxgl.io.FileSystemService
21:52:21.818 [FXGL Background Thread 3 ] DEBUG Engine               - class com.almasb.fxgl.localization.LocalizationService
21:52:21.818 [FXGL Background Thread 3 ] DEBUG Engine               - class com.almasb.fxgl.app.services.SystemBundleService
21:52:21.818 [FXGL Background Thread 3 ] DEBUG Engine               - class com.almasb.fxgl.profile.SaveLoadService
21:52:21.819 [FXGL Background Thread 3 ] DEBUG Engine               - class com.almasb.fxgl.ui.FXGLUIFactoryServiceProvider
21:52:21.819 [FXGL Background Thread 3 ] DEBUG Engine               - class com.almasb.fxgl.ui.FXGLDialogFactoryServiceProvider
21:52:21.819 [FXGL Background Thread 3 ] DEBUG Engine               - class com.almasb.fxgl.audio.AudioPlayer
21:52:21.819 [FXGL Background Thread 3 ] DEBUG Engine               - class com.almasb.fxgl.notification.impl.NotificationServiceProvider
21:52:21.819 [FXGL Background Thread 3 ] DEBUG Engine               - class com.almasb.fxgl.achievement.AchievementService
21:52:21.819 [FXGL Background Thread 3 ] DEBUG Engine               - class com.almasb.fxgl.cutscene.CutsceneService
21:52:21.819 [FXGL Background Thread 3 ] DEBUG Engine               - class com.almasb.fxgl.minigames.MiniGameService
21:52:21.819 [FXGL Background Thread 3 ] DEBUG Engine               - class com.almasb.fxgl.net.NetService
21:52:21.819 [FXGL Background Thread 3 ] DEBUG Engine               - class com.almasb.fxgl.app.services.UpdaterService
21:52:21.819 [FXGL Background Thread 3 ] DEBUG Engine               - class com.almasb.fxgl.dev.DevService
21:52:22.794 [JavaFX Application Thread] DEBUG FXGLAssetLoaderServi - Loading from file system: file:/D:/Code/ProjectJavaFX/bomberman/Bomber/target/classes/assets/textures/bomb_ani.png
21:52:25.148 [JavaFX Application Thread] DEBUG FXGLAssetLoaderServi - Loading from file system: file:/D:/Code/ProjectJavaFX/bomberman/Bomber/target/classes/assets/textures/bomb_exploded_1.png
21:52:25.154 [JavaFX Application Thread] DEBUG FXGLAssetLoaderServi - Loading from file system: file:/D:/Code/ProjectJavaFX/bomberman/Bomber/target/classes/assets/textures/brick_break.png
21:52:31.804 [JavaFX Application Thread] WARN  GameWorld            - Attempted to remove entity which is not active
21:52:57.467 [JavaFX Application Thread] WARN  GameWorld            - Attempted to remove entity which is not active
21:52:57.468 [JavaFX Application Thread] WARN  GameWorld            - Attempted to remove entity which is not active
21:53:14.222 [JavaFX Application Thread] WARN  TMXLevelLoader       - TiledMap generated from 1.7.2. Supported version: 1.2.3. Some features may not be parsed fully.
21:53:14.240 [JavaFX Application Thread] DEBUG TMXLevelLoader       - Parsed TiledMap: file:/D:/Code/ProjectJavaFX/bomberman/Bomber/target/classes/assets/levels/bbm_level1.tmx
21:53:14.241 [JavaFX Application Thread] DEBUG TMXLevelLoader       - Creating tile layer entities
21:53:14.241 [JavaFX Application Thread] DEBUG TilesetLoader        - Loading view for layer Tile Layer 1
21:53:14.243 [JavaFX Application Thread] DEBUG TilesetLoader        - Created buffer with size 1488.0x720.0
21:53:14.321 [JavaFX Application Thread] DEBUG TMXLevelLoader       - Creating object layer entities
21:53:14.323 [JavaFX Application Thread] WARN  Entity               - Entity already has component: com.almasb.fxgl.physics.PhysicsComponent
21:53:14.353 [JavaFX Application Thread] DEBUG GameWorld            - Clearing removable entities
21:53:14.366 [JavaFX Application Thread] DEBUG GameWorld            - Setting level: com.almasb.fxgl.entity.level.Level@1ae4608
21:53:18.990 [JavaFX Application Thread] WARN  TMXLevelLoader       - TiledMap generated from 1.7.2. Supported version: 1.2.3. Some features may not be parsed fully.
21:53:19.003 [JavaFX Application Thread] DEBUG TMXLevelLoader       - Parsed TiledMap: file:/D:/Code/ProjectJavaFX/bomberman/Bomber/target/classes/assets/levels/bbm_level1.tmx
21:53:19.003 [JavaFX Application Thread] DEBUG TMXLevelLoader       - Creating tile layer entities
21:53:19.003 [JavaFX Application Thread] DEBUG TilesetLoader        - Loading view for layer Tile Layer 1
21:53:19.006 [JavaFX Application Thread] DEBUG TilesetLoader        - Created buffer with size 1488.0x720.0
21:53:19.046 [JavaFX Application Thread] DEBUG TMXLevelLoader       - Creating object layer entities
21:53:19.048 [JavaFX Application Thread] WARN  Entity               - Entity already has component: com.almasb.fxgl.physics.PhysicsComponent
21:53:19.072 [JavaFX Application Thread] DEBUG GameWorld            - Clearing removable entities
21:53:19.082 [JavaFX Application Thread] DEBUG GameWorld            - Setting level: com.almasb.fxgl.entity.level.Level@6f326204
21:53:20.302 [JavaFX Application Thread] WARN  TMXLevelLoader       - TiledMap generated from 1.7.2. Supported version: 1.2.3. Some features may not be parsed fully.
21:53:20.313 [JavaFX Application Thread] DEBUG TMXLevelLoader       - Parsed TiledMap: file:/D:/Code/ProjectJavaFX/bomberman/Bomber/target/classes/assets/levels/bbm_level1.tmx
21:53:20.313 [JavaFX Application Thread] DEBUG TMXLevelLoader       - Creating tile layer entities
21:53:20.313 [JavaFX Application Thread] DEBUG TilesetLoader        - Loading view for layer Tile Layer 1
21:53:20.314 [JavaFX Application Thread] DEBUG TilesetLoader        - Created buffer with size 1488.0x720.0
21:53:20.354 [JavaFX Application Thread] DEBUG TMXLevelLoader       - Creating object layer entities
21:53:20.354 [JavaFX Application Thread] WARN  Entity               - Entity already has component: com.almasb.fxgl.physics.PhysicsComponent
21:53:20.370 [JavaFX Application Thread] DEBUG GameWorld            - Clearing removable entities
21:53:20.378 [JavaFX Application Thread] DEBUG GameWorld            - Setting level: com.almasb.fxgl.entity.level.Level@166a40fe
21:54:26.973 [JavaFX Application Thread] WARN  TMXLevelLoader       - TiledMap generated from 1.7.2. Supported version: 1.2.3. Some features may not be parsed fully.
21:54:26.978 [JavaFX Application Thread] DEBUG TMXLevelLoader       - Parsed TiledMap: file:/D:/Code/ProjectJavaFX/bomberman/Bomber/target/classes/assets/levels/bbm_level1.tmx
21:54:26.978 [JavaFX Application Thread] DEBUG TMXLevelLoader       - Creating tile layer entities
21:54:26.979 [JavaFX Application Thread] DEBUG TilesetLoader        - Loading view for layer Tile Layer 1
21:54:26.982 [JavaFX Application Thread] DEBUG TilesetLoader        - Created buffer with size 1488.0x720.0
21:54:27.030 [JavaFX Application Thread] DEBUG TMXLevelLoader       - Creating object layer entities
21:54:27.031 [JavaFX Application Thread] WARN  Entity               - Entity already has component: com.almasb.fxgl.physics.PhysicsComponent
21:54:27.045 [JavaFX Application Thread] DEBUG GameWorld            - Clearing removable entities
21:54:27.050 [JavaFX Application Thread] DEBUG GameWorld            - Setting level: com.almasb.fxgl.entity.level.Level@6c820ba9
21:54:49.915 [JavaFX Application Thread] WARN  GameWorld            - Attempted to remove entity which is not active
21:55:10.251 [JavaFX Application Thread] WARN  GameWorld            - Attempted to remove entity which is not active
21:55:24.910 [JavaFX Application Thread] WARN  TMXLevelLoader       - TiledMap generated from 1.7.2. Supported version: 1.2.3. Some features may not be parsed fully.
21:55:24.914 [JavaFX Application Thread] DEBUG TMXLevelLoader       - Parsed TiledMap: file:/D:/Code/ProjectJavaFX/bomberman/Bomber/target/classes/assets/levels/bbm_level1.tmx
21:55:24.914 [JavaFX Application Thread] DEBUG TMXLevelLoader       - Creating tile layer entities
21:55:24.915 [JavaFX Application Thread] DEBUG TilesetLoader        - Loading view for layer Tile Layer 1
21:55:24.915 [JavaFX Application Thread] DEBUG TilesetLoader        - Created buffer with size 1488.0x720.0
21:55:24.956 [JavaFX Application Thread] DEBUG TMXLevelLoader       - Creating object layer entities
21:55:24.956 [JavaFX Application Thread] WARN  Entity               - Entity already has component: com.almasb.fxgl.physics.PhysicsComponent
21:55:24.972 [JavaFX Application Thread] DEBUG GameWorld            - Clearing removable entities
21:55:24.975 [JavaFX Application Thread] DEBUG GameWorld            - Setting level: com.almasb.fxgl.entity.level.Level@6decd004
21:55:26.029 [JavaFX Application Thread] WARN  TMXLevelLoader       - TiledMap generated from 1.7.2. Supported version: 1.2.3. Some features may not be parsed fully.
21:55:26.034 [JavaFX Application Thread] DEBUG TMXLevelLoader       - Parsed TiledMap: file:/D:/Code/ProjectJavaFX/bomberman/Bomber/target/classes/assets/levels/bbm_level1.tmx
21:55:26.034 [JavaFX Application Thread] DEBUG TMXLevelLoader       - Creating tile layer entities
21:55:26.034 [JavaFX Application Thread] DEBUG TilesetLoader        - Loading view for layer Tile Layer 1
21:55:26.035 [JavaFX Application Thread] DEBUG TilesetLoader        - Created buffer with size 1488.0x720.0
21:55:26.088 [JavaFX Application Thread] DEBUG TMXLevelLoader       - Creating object layer entities
21:55:26.089 [JavaFX Application Thread] WARN  Entity               - Entity already has component: com.almasb.fxgl.physics.PhysicsComponent
21:55:26.103 [JavaFX Application Thread] DEBUG GameWorld            - Clearing removable entities
21:55:26.106 [JavaFX Application Thread] DEBUG GameWorld            - Setting level: com.almasb.fxgl.entity.level.Level@21d728f0
21:55:36.942 [JavaFX Application Thread] WARN  TMXLevelLoader       - TiledMap generated from 1.7.2. Supported version: 1.2.3. Some features may not be parsed fully.
21:55:36.947 [JavaFX Application Thread] DEBUG TMXLevelLoader       - Parsed TiledMap: file:/D:/Code/ProjectJavaFX/bomberman/Bomber/target/classes/assets/levels/bbm_level1.tmx
21:55:36.947 [JavaFX Application Thread] DEBUG TMXLevelLoader       - Creating tile layer entities
21:55:36.947 [JavaFX Application Thread] DEBUG TilesetLoader        - Loading view for layer Tile Layer 1
21:55:36.948 [JavaFX Application Thread] DEBUG TilesetLoader        - Created buffer with size 1488.0x720.0
21:55:36.987 [JavaFX Application Thread] DEBUG TMXLevelLoader       - Creating object layer entities
21:55:36.988 [JavaFX Application Thread] WARN  Entity               - Entity already has component: com.almasb.fxgl.physics.PhysicsComponent
21:55:37.000 [JavaFX Application Thread] DEBUG GameWorld            - Clearing removable entities
21:55:37.003 [JavaFX Application Thread] DEBUG GameWorld            - Setting level: com.almasb.fxgl.entity.level.Level@59bd89eb
21:55:41.421 [JavaFX Application Thread] WARN  TMXLevelLoader       - TiledMap generated from 1.7.2. Supported version: 1.2.3. Some features may not be parsed fully.
21:55:41.425 [JavaFX Application Thread] DEBUG TMXLevelLoader       - Parsed TiledMap: file:/D:/Code/ProjectJavaFX/bomberman/Bomber/target/classes/assets/levels/bbm_level1.tmx
21:55:41.426 [JavaFX Application Thread] DEBUG TMXLevelLoader       - Creating tile layer entities
21:55:41.426 [JavaFX Application Thread] DEBUG TilesetLoader        - Loading view for layer Tile Layer 1
21:55:41.427 [JavaFX Application Thread] DEBUG TilesetLoader        - Created buffer with size 1488.0x720.0
21:55:41.471 [JavaFX Application Thread] DEBUG TMXLevelLoader       - Creating object layer entities
21:55:41.472 [JavaFX Application Thread] WARN  Entity               - Entity already has component: com.almasb.fxgl.physics.PhysicsComponent
21:55:41.481 [JavaFX Application Thread] DEBUG GameWorld            - Clearing removable entities
21:55:41.484 [JavaFX Application Thread] DEBUG GameWorld            - Setting level: com.almasb.fxgl.entity.level.Level@764f8afd
21:55:58.331 [JavaFX Application Thread] WARN  GameWorld            - Attempted to remove entity which is not active
21:55:58.829 [JavaFX Application Thread] WARN  TMXLevelLoader       - TiledMap generated from 1.7.2. Supported version: 1.2.3. Some features may not be parsed fully.
21:55:58.832 [JavaFX Application Thread] DEBUG TMXLevelLoader       - Parsed TiledMap: file:/D:/Code/ProjectJavaFX/bomberman/Bomber/target/classes/assets/levels/bbm_level1.tmx
21:55:58.832 [JavaFX Application Thread] DEBUG TMXLevelLoader       - Creating tile layer entities
21:55:58.833 [JavaFX Application Thread] DEBUG TilesetLoader        - Loading view for layer Tile Layer 1
21:55:58.833 [JavaFX Application Thread] DEBUG TilesetLoader        - Created buffer with size 1488.0x720.0
21:55:58.881 [JavaFX Application Thread] DEBUG TMXLevelLoader       - Creating object layer entities
21:55:58.882 [JavaFX Application Thread] WARN  Entity               - Entity already has component: com.almasb.fxgl.physics.PhysicsComponent
21:55:58.891 [JavaFX Application Thread] DEBUG GameWorld            - Clearing removable entities
21:55:58.894 [JavaFX Application Thread] DEBUG GameWorld            - Setting level: com.almasb.fxgl.entity.level.Level@225517c6
21:56:08.702 [JavaFX Application Thread] WARN  TMXLevelLoader       - TiledMap generated from 1.7.2. Supported version: 1.2.3. Some features may not be parsed fully.
21:56:08.707 [JavaFX Application Thread] DEBUG TMXLevelLoader       - Parsed TiledMap: file:/D:/Code/ProjectJavaFX/bomberman/Bomber/target/classes/assets/levels/bbm_level1.tmx
21:56:08.707 [JavaFX Application Thread] DEBUG TMXLevelLoader       - Creating tile layer entities
21:56:08.707 [JavaFX Application Thread] DEBUG TilesetLoader        - Loading view for layer Tile Layer 1
21:56:08.708 [JavaFX Application Thread] DEBUG TilesetLoader        - Created buffer with size 1488.0x720.0
21:56:08.759 [JavaFX Application Thread] DEBUG TMXLevelLoader       - Creating object layer entities
21:56:08.759 [JavaFX Application Thread] WARN  Entity               - Entity already has component: com.almasb.fxgl.physics.PhysicsComponent
21:56:08.769 [JavaFX Application Thread] DEBUG GameWorld            - Clearing removable entities
21:56:08.772 [JavaFX Application Thread] DEBUG GameWorld            - Setting level: com.almasb.fxgl.entity.level.Level@6978d5ca
21:56:35.581 [JavaFX Application Thread] WARN  TMXLevelLoader       - TiledMap generated from 1.7.2. Supported version: 1.2.3. Some features may not be parsed fully.
21:56:35.584 [JavaFX Application Thread] DEBUG TMXLevelLoader       - Parsed TiledMap: file:/D:/Code/ProjectJavaFX/bomberman/Bomber/target/classes/assets/levels/bbm_level1.tmx
21:56:35.584 [JavaFX Application Thread] DEBUG TMXLevelLoader       - Creating tile layer entities
21:56:35.584 [JavaFX Application Thread] DEBUG TilesetLoader        - Loading view for layer Tile Layer 1
21:56:35.585 [JavaFX Application Thread] DEBUG TilesetLoader        - Created buffer with size 1488.0x720.0
21:56:35.624 [JavaFX Application Thread] DEBUG TMXLevelLoader       - Creating object layer entities
21:56:35.624 [JavaFX Application Thread] WARN  Entity               - Entity already has component: com.almasb.fxgl.physics.PhysicsComponent
21:56:35.634 [JavaFX Application Thread] DEBUG GameWorld            - Clearing removable entities
21:56:35.637 [JavaFX Application Thread] DEBUG GameWorld            - Setting level: com.almasb.fxgl.entity.level.Level@5927f6b
21:57:34.011 [JavaFX Application Thread] WARN  TMXLevelLoader       - TiledMap generated from 1.7.2. Supported version: 1.2.3. Some features may not be parsed fully.
21:57:34.014 [JavaFX Application Thread] DEBUG TMXLevelLoader       - Parsed TiledMap: file:/D:/Code/ProjectJavaFX/bomberman/Bomber/target/classes/assets/levels/bbm_level2.tmx
21:57:34.014 [JavaFX Application Thread] DEBUG TMXLevelLoader       - Creating tile layer entities
21:57:34.014 [JavaFX Application Thread] DEBUG TilesetLoader        - Loading view for layer Tile Layer 1
21:57:34.015 [JavaFX Application Thread] DEBUG TilesetLoader        - Created buffer with size 1488.0x720.0
21:57:34.074 [JavaFX Application Thread] DEBUG TilesetLoader        - Loading view for layer Tile Layer 2
21:57:34.074 [JavaFX Application Thread] DEBUG TilesetLoader        - Created buffer with size 1488.0x720.0
21:57:34.075 [JavaFX Application Thread] DEBUG TMXLevelLoader       - Creating object layer entities
21:57:34.076 [JavaFX Application Thread] WARN  Entity               - Entity already has component: com.almasb.fxgl.physics.PhysicsComponent
21:57:34.076 [JavaFX Application Thread] WARN  Entity               - Entity already has component: com.almasb.fxgl.physics.PhysicsComponent
21:57:34.076 [JavaFX Application Thread] DEBUG FXGLAssetLoaderServi - Loading from file system: file:/D:/Code/ProjectJavaFX/bomberman/Bomber/target/classes/assets/textures/grass.png
21:57:34.086 [JavaFX Application Thread] DEBUG GameWorld            - Clearing removable entities
21:57:34.088 [JavaFX Application Thread] DEBUG GameWorld            - Setting level: com.almasb.fxgl.entity.level.Level@2fd74294
21:57:49.039 [JavaFX Application Thread] WARN  TMXLevelLoader       - TiledMap generated from 1.7.2. Supported version: 1.2.3. Some features may not be parsed fully.
21:57:49.043 [JavaFX Application Thread] DEBUG TMXLevelLoader       - Parsed TiledMap: file:/D:/Code/ProjectJavaFX/bomberman/Bomber/target/classes/assets/levels/bbm_level2.tmx
21:57:49.043 [JavaFX Application Thread] DEBUG TMXLevelLoader       - Creating tile layer entities
21:57:49.043 [JavaFX Application Thread] DEBUG TilesetLoader        - Loading view for layer Tile Layer 1
21:57:49.044 [JavaFX Application Thread] DEBUG TilesetLoader        - Created buffer with size 1488.0x720.0
21:57:49.096 [JavaFX Application Thread] DEBUG TilesetLoader        - Loading view for layer Tile Layer 2
21:57:49.102 [JavaFX Application Thread] DEBUG TilesetLoader        - Created buffer with size 1488.0x720.0
21:57:49.102 [JavaFX Application Thread] DEBUG TMXLevelLoader       - Creating object layer entities
21:57:49.103 [JavaFX Application Thread] WARN  Entity               - Entity already has component: com.almasb.fxgl.physics.PhysicsComponent
21:57:49.104 [JavaFX Application Thread] WARN  Entity               - Entity already has component: com.almasb.fxgl.physics.PhysicsComponent
21:57:49.111 [JavaFX Application Thread] DEBUG GameWorld            - Clearing removable entities
21:57:49.113 [JavaFX Application Thread] DEBUG GameWorld            - Setting level: com.almasb.fxgl.entity.level.Level@1c0bf2b
21:57:55.587 [JavaFX Application Thread] DEBUG FXGLApplication      - Exiting FXGL
21:57:55.587 [JavaFX Application Thread] DEBUG LoopRunner           - Stopping loop
21:57:55.588 [JavaFX Application Thread] DEBUG SystemBundleService  - Saving FXGL system data
21:57:55.590 [JavaFX Application Thread] DEBUG FileSystemAccess     - Writing to: D:\Code\ProjectJavaFX\bomberman\Bomber\system\fxgl.bundle
21:57:55.592 [JavaFX Application Thread] DEBUG Async                - Shutting down background threads
21:57:55.592 [JavaFX Application Thread] DEBUG PrimaryStageWindow   - Closing main window
21:57:55.606 [JavaFX Application Thread] DEBUG Logger               - Closing Logger
