17:06:41.137 [main                     ] DEBUG Logger               - Configured Logger
17:06:41.137 [main                     ] DEBUG GameApplication      - Logging settings
Title: BOMBERMAN
Version: 1.0
Width: 720
Height: 720
Fullscreen: false
Intro: false
Profiling: false
Single step:false
App Mode: DEVELOPER
Menu Key: ESCAPE
Stage Style: DECORATED
Scene Factory: class Bomber.BombermanApp$1

17:06:41.485 [JavaFX Application Thread] DEBUG FXGLApplication      - Initializing FXGL
17:06:41.486 [JavaFX Application Thread] INFO  Engine               - FXGL-11.17 (16.07.2021 15.46) on WINDOWS (J:17.0.1 FX:16)
17:06:41.486 [JavaFX Application Thread] DEBUG Engine               - JRE Vendor Name: Oracle Corporation
17:06:41.487 [JavaFX Application Thread] DEBUG Engine               - Running on OS: Windows 10 version 10.0
17:06:41.487 [JavaFX Application Thread] DEBUG Engine               - Architecture: amd64
17:06:41.487 [JavaFX Application Thread] INFO  Engine               - Source code and latest versions at: https://github.com/AlmasB/FXGL
17:06:41.487 [JavaFX Application Thread] INFO  Engine               -              Join the FXGL chat at: https://gitter.im/AlmasB/FXGL
17:06:41.589 [JavaFX Application Thread] DEBUG PrimaryStageWindow   - Creating a JavaFX scene
17:06:41.626 [JavaFX Application Thread] DEBUG PrimaryStageWindow   - Target settings size: 720.0 x 720.0
17:06:41.626 [JavaFX Application Thread] DEBUG PrimaryStageWindow   - Scaled scene size:    720.0 x 720.0
17:06:41.626 [JavaFX Application Thread] DEBUG PrimaryStageWindow   - Scaled ratio: (1.0, 1.0)
17:06:41.627 [JavaFX Application Thread] DEBUG PrimaryStageWindow   - Set initial scene to FXGLStartupScene
17:06:41.633 [JavaFX Application Thread] DEBUG PrimaryStageWindow   - Opening main window
17:06:41.712 [JavaFX Application Thread] DEBUG PrimaryStageWindow   - Window border size: (14.4000244140625, 37.5999755859375)
17:06:41.713 [JavaFX Application Thread] DEBUG PrimaryStageWindow   - Scaled size: 720.0 x 720.0
17:06:41.713 [JavaFX Application Thread] DEBUG PrimaryStageWindow   - Scaled ratio: (1.0, 1.0)
17:06:41.713 [JavaFX Application Thread] DEBUG PrimaryStageWindow   - Scene size: 720.0 x 720.0
17:06:41.713 [JavaFX Application Thread] DEBUG PrimaryStageWindow   - Stage size: 734.4000244140625 x 757.5999755859375
17:06:41.720 [FXGL Background Thread 1 ] DEBUG Engine               - Initializing environment variables
17:06:41.794 [FXGL Background Thread 1 ] DEBUG FXGLAssetLoaderServi - User app class for loading assets: class Bomber.BombermanApp
17:06:41.794 [FXGL Background Thread 1 ] DEBUG GameApplicationServi - Applying CSS: fxgl_dark.css
17:06:41.797 [FXGL Background Thread 1 ] DEBUG FXGLAssetLoaderServi - Loading from file system: jar:file:/C:/Users/thinh/.m2/repository/com/github/almasb/fxgl/11.17/fxgl-11.17.jar!/fxglassets/ui/css/fxgl_dark.css
17:06:41.855 [FXGL Background Thread 1 ] DEBUG GameApplicationServi - Initializing application scenes
17:06:41.916 [FXGL Background Thread 1 ] DEBUG GameWorld            - Game world initialized
17:06:41.981 [FXGL Background Thread 1 ] DEBUG PhysicsWorld         - Physics world initialized: appHeight=720, physics.ppm=50.0
17:06:41.982 [FXGL Background Thread 1 ] DEBUG PhysicsWorld         - Using strategy: BRUTE_FORCE
17:06:41.984 [FXGL Background Thread 1 ] DEBUG GameScene            - Game scene initialized: 720x720
17:06:42.066 [FXGL Background Thread 1 ] DEBUG GameApplicationServi - Application scenes initialized
17:06:42.078 [FXGL Background Thread 1 ] DEBUG SystemBundleService  - Loading FXGL system data
17:06:42.083 [FXGL Background Thread 1 ] DEBUG FileSystemAccess     - Reading from: D:\Code\ProjectJavaFX\bomberman\Bomber\system\fxgl.bundle
17:06:42.088 [FXGL Background Thread 1 ] DEBUG SystemBundleService  - Bundle FXGL: {}
17:06:42.089 [FXGL Background Thread 1 ] DEBUG UpdaterService       - Checking for updates
17:06:42.096 [FXGL Background Thread 4 ] DEBUG FXGLApplication      - Loading fonts
17:06:42.096 [FXGL Background Thread 4 ] DEBUG FXGLAssetLoaderServi - Loading from file system: file:/D:/Code/ProjectJavaFX/bomberman/Bomber/target/classes/assets/ui/fonts/Quinquefive-Ea6d4.ttf
17:06:42.096 [FXGL Background Thread 1 ] DEBUG FXGLApplication      - Loading default localization
17:06:42.097 [FXGL Background Thread 1 ] DEBUG FXGLAssetLoaderServi - Loading from file system: jar:file:/C:/Users/thinh/.m2/repository/com/github/almasb/fxgl/11.17/fxgl-11.17.jar!/fxglassets/languages/english.lang
17:06:42.120 [FXGL Background Thread 1 ] INFO  FXGLApplication      - FXGL initialization took: 0.400 sec
17:06:42.133 [JavaFX Application Thread] DEBUG Input                - Registered new binding: Move Up - W
17:06:42.133 [JavaFX Application Thread] DEBUG Input                - Registered new binding: Move Down - S
17:06:42.133 [JavaFX Application Thread] DEBUG Input                - Registered new binding: Move Left - A
17:06:42.134 [JavaFX Application Thread] DEBUG Input                - Registered new binding: Move Right - D
17:06:42.134 [JavaFX Application Thread] DEBUG Input                - Registered new binding: Place Bomb - Space
17:06:42.134 [JavaFX Application Thread] DEBUG FXGLAssetLoaderServi - Loading from file system: file:/D:/Code/ProjectJavaFX/bomberman/Bomber/target/classes/assets/music/title_screen.mp3
17:06:42.205 [FXGL Background Thread 4 ] DEBUG FXGLAssetLoaderServi - Loading from file system: jar:file:/C:/Users/thinh/.m2/repository/com/github/almasb/fxgl/11.17/fxgl-11.17.jar!/fxglassets/ui/fonts/Abel-Regular.ttf
17:06:42.223 [FXGL Background Thread 4 ] DEBUG FXGLAssetLoaderServi - Loading from file system: jar:file:/C:/Users/thinh/.m2/repository/com/github/almasb/fxgl/11.17/fxgl-11.17.jar!/fxglassets/ui/fonts/lucida_console.ttf
17:06:42.243 [FXGL Background Thread 4 ] DEBUG FXGLAssetLoaderServi - Loading from file system: jar:file:/C:/Users/thinh/.m2/repository/com/github/almasb/fxgl/11.17/fxgl-11.17.jar!/fxglassets/ui/fonts/Courier-Prime.ttf
17:06:42.285 [JavaFX Application Thread] DEBUG AudioPlayer          - Playing music com.almasb.fxgl.audio.Music@6a8b3de9
17:06:42.285 [JavaFX Application Thread] DEBUG FXGLAssetLoaderServi - Loading from file system: jar:file:/C:/Users/thinh/.m2/repository/com/github/almasb/fxgl/11.17/fxgl-11.17.jar!/fxglassets/textures/fxgl_icon.png
17:06:42.313 [JavaFX Application Thread] DEBUG FXGLAssetLoaderServi - Loading from file system: jar:file:/C:/Users/thinh/.m2/repository/com/github/almasb/fxgl/11.17/fxgl-11.17.jar!/fxglassets/textures/fxgl_default_cursor.png
17:06:42.315 [JavaFX Application Thread] DEBUG Input                - Registered new binding: Screenshot - CTRL+8
17:06:42.316 [JavaFX Application Thread] DEBUG Input                - Registered new binding: System info dump - CTRL+9
17:06:42.316 [JavaFX Application Thread] DEBUG Input                - Registered new binding: Restart - CTRL+R
17:06:42.316 [JavaFX Application Thread] DEBUG Input                - Registered new binding: Toggle Debug Camera - CTRL+C
17:06:42.319 [JavaFX Application Thread] DEBUG LoopRunner           - Starting loop
17:06:42.319 [JavaFX Application Thread] DEBUG LoopRunner           - Initializing JavaFX AnimationTimerLoop
17:06:42.322 [JavaFX Application Thread] DEBUG Input                - Clearing active input actions
17:06:42.327 [JavaFX Application Thread] DEBUG GameApplicationServi - Removing overlay from FXGLStartupScene and adding to FXGLMainMenuDummyScene
17:06:42.328 [JavaFX Application Thread] DEBUG PrimaryStageWindow   - FXGLStartupScene -> FXGLMainMenuDummyScene
17:06:42.328 [JavaFX Application Thread] DEBUG PrimaryStageWindow   - Push state: BombermanMenu
17:06:42.328 [JavaFX Application Thread] DEBUG Input                - Clearing active input actions
17:06:42.332 [JavaFX Application Thread] DEBUG GameApplicationServi - Removing overlay from FXGLMainMenuDummyScene and adding to BombermanMenu
17:06:42.332 [JavaFX Application Thread] DEBUG PrimaryStageWindow   - FXGLMainMenuDummyScene -> BombermanMenu
17:06:42.343 [JavaFX Application Thread] DEBUG FXGLApplication      - Registering font factories with UI factory
17:06:43.471 [JavaFX Application Thread] DEBUG Menu                 - fireNewGame()
17:06:43.472 [JavaFX Application Thread] DEBUG GameApplicationServi - Starting new game
17:06:43.472 [JavaFX Application Thread] DEBUG PrimaryStageWindow   - Pop state: BombermanMenu
17:06:43.472 [JavaFX Application Thread] DEBUG Input                - Clearing active input actions
17:06:43.472 [JavaFX Application Thread] DEBUG GameApplicationServi - Removing overlay from BombermanMenu and adding to FXGLMainMenuDummyScene
17:06:43.473 [JavaFX Application Thread] DEBUG PrimaryStageWindow   - FXGLMainMenuDummyScene <- BombermanMenu
17:06:43.473 [JavaFX Application Thread] DEBUG Input                - Clearing active input actions
17:06:43.481 [JavaFX Application Thread] DEBUG GameApplicationServi - Removing overlay from FXGLMainMenuDummyScene and adding to FXGLLoadingScene
17:06:43.482 [JavaFX Application Thread] DEBUG PrimaryStageWindow   - FXGLMainMenuDummyScene -> FXGLLoadingScene
17:06:43.482 [JavaFX Application Thread] DEBUG GameApplicationServi - Clearing previous game
17:06:43.482 [JavaFX Application Thread] DEBUG GameScene            - Clearing game scene
17:06:43.482 [JavaFX Application Thread] DEBUG GameWorld            - Clearing game world
17:06:43.482 [JavaFX Application Thread] DEBUG PhysicsWorld         - Clearing physics world
17:06:43.484 [FXGL Background Thread 2 ] DEBUG FXGLApplication      - Initializing game
17:06:43.519 [FXGL Background Thread 2 ] WARN  TMXLevelLoader       - TiledMap generated from 1.7.2. Supported version: 1.2.3. Some features may not be parsed fully.
17:06:43.538 [FXGL Background Thread 2 ] DEBUG TMXLevelLoader       - Parsed TiledMap: file:/D:/Code/ProjectJavaFX/bomberman/Bomber/target/classes/assets/levels/bbm_level1.tmx
17:06:43.540 [FXGL Background Thread 2 ] DEBUG TMXLevelLoader       - Creating tile layer entities
17:06:43.542 [FXGL Background Thread 2 ] DEBUG TilesetLoader        - Loading view for layer Tile Layer 1
17:06:43.545 [FXGL Background Thread 2 ] DEBUG TilesetLoader        - Created buffer with size 1488.0x720.0
17:06:43.665 [FXGL Background Thread 2 ] DEBUG TMXLevelLoader       - Creating object layer entities
17:06:43.714 [FXGL Background Thread 2 ] DEBUG FXGLAssetLoaderServi - Loading from file system: file:/D:/Code/ProjectJavaFX/bomberman/Bomber/target/classes/assets/textures/player_die.png
17:06:43.716 [FXGL Background Thread 2 ] DEBUG FXGLAssetLoaderServi - Loading from file system: file:/D:/Code/ProjectJavaFX/bomberman/Bomber/target/classes/assets/textures/player_down.png
17:06:43.717 [FXGL Background Thread 2 ] DEBUG FXGLAssetLoaderServi - Loading from file system: file:/D:/Code/ProjectJavaFX/bomberman/Bomber/target/classes/assets/textures/player_right.png
17:06:43.718 [FXGL Background Thread 2 ] DEBUG FXGLAssetLoaderServi - Loading from file system: file:/D:/Code/ProjectJavaFX/bomberman/Bomber/target/classes/assets/textures/player_up.png
17:06:43.719 [FXGL Background Thread 2 ] DEBUG FXGLAssetLoaderServi - Loading from file system: file:/D:/Code/ProjectJavaFX/bomberman/Bomber/target/classes/assets/textures/player_left.png
17:06:43.722 [FXGL Background Thread 2 ] WARN  Entity               - Entity already has component: com.almasb.fxgl.physics.PhysicsComponent
17:06:43.724 [FXGL Background Thread 2 ] DEBUG FXGLAssetLoaderServi - Loading from file system: file:/D:/Code/ProjectJavaFX/bomberman/Bomber/target/classes/assets/textures/brick.png
17:06:43.774 [FXGL Background Thread 2 ] DEBUG FXGLAssetLoaderServi - Loading from file system: file:/D:/Code/ProjectJavaFX/bomberman/Bomber/target/classes/assets/textures/powerup_speed.png
17:06:43.780 [FXGL Background Thread 2 ] DEBUG FXGLAssetLoaderServi - Loading from file system: file:/D:/Code/ProjectJavaFX/bomberman/Bomber/target/classes/assets/textures/powerup_flames.png
17:06:43.782 [FXGL Background Thread 2 ] DEBUG FXGLAssetLoaderServi - Loading from file system: file:/D:/Code/ProjectJavaFX/bomberman/Bomber/target/classes/assets/textures/powerup_bombs.png
17:06:43.784 [FXGL Background Thread 2 ] DEBUG FXGLAssetLoaderServi - Loading from file system: file:/D:/Code/ProjectJavaFX/bomberman/Bomber/target/classes/assets/textures/powerup_flamepass.png
17:06:43.786 [FXGL Background Thread 2 ] DEBUG FXGLAssetLoaderServi - Loading from file system: file:/D:/Code/ProjectJavaFX/bomberman/Bomber/target/classes/assets/textures/portal.png
17:06:43.788 [FXGL Background Thread 2 ] DEBUG GameWorld            - Clearing removable entities
17:06:43.789 [FXGL Background Thread 2 ] DEBUG GameWorld            - Setting level: com.almasb.fxgl.entity.level.Level@41c3c76f
17:06:43.827 [JavaFX Application Thread] DEBUG LoopRunner           - Stopping loop
17:06:43.829 [JavaFX Application Thread] FATAL FXGLApplication      - Uncaught Exception:
java.lang.RuntimeException: Initialization failed
	at com.almasb.fxgl.app.FXGLApplication$InitAppTask.failed(FXGLApplication.kt:343)
	at javafx.concurrent.Task.setState(Task.java:710)
	at javafx.concurrent.Task$TaskCallable.lambda$call$2(Task.java:1455)
	at com.sun.javafx.application.PlatformImpl.lambda$runLater$10(PlatformImpl.java:447)
	at java.base/java.security.AccessController.doPrivileged(AccessController.java:399)
	at com.sun.javafx.application.PlatformImpl.lambda$runLater$11(PlatformImpl.java:446)
	at com.sun.glass.ui.InvokeLaterDispatcher$Future.run(InvokeLaterDispatcher.java:96)
	at com.sun.glass.ui.win.WinApplication._runLoop(Native Method)
	at com.sun.glass.ui.win.WinApplication.lambda$runLoop$3(WinApplication.java:174)
	at java.base/java.lang.Thread.run(Thread.java:833)
Caused by: java.lang.IllegalStateException: Required component: [AStarMoveComponent] for: DelayedChasePlayerComponent is missing
	at com.almasb.fxgl.entity.Entity.checkRequirementsMet(Entity.java:546)
	at com.almasb.fxgl.entity.Entity.addComponent(Entity.java:395)
	at com.almasb.fxgl.dsl.EntityBuilder.with(EntityBuilder.kt:206)
	at Bomber.BombermanFactory.newEnemy(BombermanFactory.java:70)
	at java.base/jdk.internal.reflect.NativeMethodAccessorImpl.invoke0(Native Method)
	at java.base/jdk.internal.reflect.NativeMethodAccessorImpl.invoke(NativeMethodAccessorImpl.java:77)
	at java.base/jdk.internal.reflect.DelegatingMethodAccessorImpl.invoke(DelegatingMethodAccessorImpl.java:43)
	at java.base/java.lang.reflect.Method.invoke(Method.java:568)
	at com.almasb.fxgl.core.reflect.ReflectionUtils.call(ReflectionUtils.java:104)
	at com.almasb.fxgl.core.reflect.ReflectionUtils.lambda$mapToFunction$3(ReflectionUtils.java:111)
	at com.almasb.fxgl.entity.GameWorld$create$2.invoke(GameWorld.kt:430)
	at com.almasb.fxgl.entity.GameWorld$create$2.invoke(GameWorld.kt:430)
	at com.almasb.fxgl.core.util.DSLKt.tryCatchRoot(DSL.kt:34)
	at com.almasb.fxgl.entity.GameWorld.create(GameWorld.kt:430)
	at com.almasb.fxgl.entity.GameWorld.spawn(GameWorld.kt:396)
	at com.almasb.fxgl.entity.GameWorld.spawn(GameWorld.kt:384)
	at com.almasb.fxgl.dsl.FXGL$Companion.spawn(FXGL.kt:444)
	at com.almasb.fxgl.dsl.FXGL.spawn(FXGL.kt)
	at Bomber.BombermanApp.initGame(BombermanApp.java:66)
	at com.almasb.fxgl.app.FXGLApplication$InitAppTask.initGame(FXGLApplication.kt:339)
	at com.almasb.fxgl.app.FXGLApplication$InitAppTask.call(FXGLApplication.kt:319)
	at com.almasb.fxgl.app.FXGLApplication$InitAppTask.call(FXGLApplication.kt:311)
	at javafx.concurrent.Task$TaskCallable.call(Task.java:1425)
	at java.base/java.util.concurrent.FutureTask.run(FutureTask.java:264)
	at java.base/java.util.concurrent.Executors$RunnableAdapter.call(Executors.java:539)
	at java.base/java.util.concurrent.FutureTask.run(FutureTask.java:264)
	at java.base/java.util.concurrent.ThreadPoolExecutor.runWorker(ThreadPoolExecutor.java:1136)
	at java.base/java.util.concurrent.ThreadPoolExecutor$Worker.run(ThreadPoolExecutor.java:635)
	... 1 more

17:06:43.829 [JavaFX Application Thread] FATAL FXGLApplication      - Application will now exit
17:06:43.854 [JavaFX Application Thread] DEBUG PrimaryStageWindow   - Push state: ErrorSubScene
17:06:43.854 [JavaFX Application Thread] DEBUG Input                - Clearing active input actions
17:06:43.860 [JavaFX Application Thread] DEBUG GameApplicationServi - Removing overlay from FXGLLoadingScene and adding to ErrorSubScene
17:06:43.860 [JavaFX Application Thread] DEBUG PrimaryStageWindow   - FXGLLoadingScene -> ErrorSubScene
17:06:45.095 [FXGL Background Thread 3 ] DEBUG Engine               - Logging environment variables
17:06:45.096 [FXGL Background Thread 3 ] DEBUG Engine               - achievements: []
17:06:45.096 [FXGL Background Thread 3 ] DEBUG Engine               - actualHeight: 720.0
17:06:45.097 [FXGL Background Thread 3 ] DEBUG Engine               - actualHeightProperty: ReadOnlyDoubleProperty [value: 720.0]
17:06:45.097 [FXGL Background Thread 3 ] DEBUG Engine               - actualWidth: 720.0
17:06:45.097 [FXGL Background Thread 3 ] DEBUG Engine               - actualWidthProperty: ReadOnlyDoubleProperty [value: 720.0]
17:06:45.097 [FXGL Background Thread 3 ] DEBUG Engine               - appIcon: fxgl_icon.png
17:06:45.097 [FXGL Background Thread 3 ] DEBUG Engine               - applicationMode: DEVELOPER
17:06:45.098 [FXGL Background Thread 3 ] DEBUG Engine               - cSSList: [fxgl_dark.css]
17:06:45.098 [FXGL Background Thread 3 ] DEBUG Engine               - collisionDetectionStrategy: BRUTE_FORCE
17:06:45.098 [FXGL Background Thread 3 ] DEBUG Engine               - configClass: Optional.empty
17:06:45.098 [FXGL Background Thread 3 ] DEBUG Engine               - credits: []
17:06:45.098 [FXGL Background Thread 3 ] DEBUG Engine               - defaultCursor: CursorInfo(imageName=fxgl_default_cursor.png, hotspotX=7.0, hotspotY=6.0)
17:06:45.098 [FXGL Background Thread 3 ] DEBUG Engine               - devBBoxColorProperty: ObjectProperty [value: 0xff0000ff]
17:06:45.098 [FXGL Background Thread 3 ] DEBUG Engine               - devEnableDebugCameraProperty: BooleanProperty [value: false]
17:06:45.098 [FXGL Background Thread 3 ] DEBUG Engine               - devSensorColorProperty: ObjectProperty [value: 0xffff00ff]
17:06:45.099 [FXGL Background Thread 3 ] DEBUG Engine               - devShowBBoxProperty: BooleanProperty [value: false]
17:06:45.099 [FXGL Background Thread 3 ] DEBUG Engine               - devShowPositionProperty: BooleanProperty [value: false]
17:06:45.099 [FXGL Background Thread 3 ] DEBUG Engine               - enabledMenuItems: []
17:06:45.099 [FXGL Background Thread 3 ] DEBUG Engine               - engineServices: [class com.almasb.fxgl.app.services.FXGLAssetLoaderService, class com.almasb.fxgl.app.FXGLApplication$GameApplicationService, class com.almasb.fxgl.app.services.FXGLDialogService, class com.almasb.fxgl.app.services.IOTaskExecutorService, class com.almasb.fxgl.io.FileSystemService, class com.almasb.fxgl.localization.LocalizationService, class com.almasb.fxgl.app.services.SystemBundleService, class com.almasb.fxgl.profile.SaveLoadService, class com.almasb.fxgl.ui.FXGLUIFactoryServiceProvider, class com.almasb.fxgl.ui.FXGLDialogFactoryServiceProvider, class com.almasb.fxgl.audio.AudioPlayer, class com.almasb.fxgl.notification.impl.NotificationServiceProvider, class com.almasb.fxgl.achievement.AchievementService, class com.almasb.fxgl.cutscene.CutsceneService, class com.almasb.fxgl.minigames.MiniGameService, class com.almasb.fxgl.net.NetService, class com.almasb.fxgl.app.services.UpdaterService, class com.almasb.fxgl.dev.DevService]
17:06:45.099 [FXGL Background Thread 3 ] DEBUG Engine               - fontGame: Abel-Regular.ttf
17:06:45.099 [FXGL Background Thread 3 ] DEBUG Engine               - fontMono: lucida_console.ttf
17:06:45.099 [FXGL Background Thread 3 ] DEBUG Engine               - fontText: Courier-Prime.ttf
17:06:45.099 [FXGL Background Thread 3 ] DEBUG Engine               - fontUI: Quinquefive-Ea6d4.ttf
17:06:45.099 [FXGL Background Thread 3 ] DEBUG Engine               - fullScreen: BooleanProperty [value: false]
17:06:45.099 [FXGL Background Thread 3 ] DEBUG Engine               - gameDifficulty: MEDIUM
17:06:45.099 [FXGL Background Thread 3 ] DEBUG Engine               - gameDifficultyProperty: ObjectProperty [value: MEDIUM]
17:06:45.099 [FXGL Background Thread 3 ] DEBUG Engine               - globalMusicVolume: 0.5
17:06:45.099 [FXGL Background Thread 3 ] DEBUG Engine               - globalMusicVolumeProperty: DoubleProperty [value: 0.1]
17:06:45.099 [FXGL Background Thread 3 ] DEBUG Engine               - globalSoundVolume: 0.5
17:06:45.100 [FXGL Background Thread 3 ] DEBUG Engine               - globalSoundVolumeProperty: DoubleProperty [value: 0.1]
17:06:45.100 [FXGL Background Thread 3 ] DEBUG Engine               - height: 720
17:06:45.100 [FXGL Background Thread 3 ] DEBUG Engine               - is3D: false
17:06:45.100 [FXGL Background Thread 3 ] DEBUG Engine               - isAndroid: false
17:06:45.100 [FXGL Background Thread 3 ] DEBUG Engine               - isBrowser: false
17:06:45.100 [FXGL Background Thread 3 ] DEBUG Engine               - isClickFeedbackEnabled: false
17:06:45.100 [FXGL Background Thread 3 ] DEBUG Engine               - isCloseConfirmation: false
17:06:45.100 [FXGL Background Thread 3 ] DEBUG Engine               - isDesktop: true
17:06:45.100 [FXGL Background Thread 3 ] DEBUG Engine               - isDeveloperMenuEnabled: false
17:06:45.100 [FXGL Background Thread 3 ] DEBUG Engine               - isEntityPreloadEnabled: true
17:06:45.100 [FXGL Background Thread 3 ] DEBUG Engine               - isExperimentalTiledLargeMap: false
17:06:45.100 [FXGL Background Thread 3 ] DEBUG Engine               - isFileSystemWriteAllowed: true
17:06:45.101 [FXGL Background Thread 3 ] DEBUG Engine               - isFullScreenAllowed: false
17:06:45.101 [FXGL Background Thread 3 ] DEBUG Engine               - isFullScreenFromStart: false
17:06:45.101 [FXGL Background Thread 3 ] DEBUG Engine               - isGameMenuEnabled: true
17:06:45.101 [FXGL Background Thread 3 ] DEBUG Engine               - isIOS: false
17:06:45.101 [FXGL Background Thread 3 ] DEBUG Engine               - isIntroEnabled: false
17:06:45.101 [FXGL Background Thread 3 ] DEBUG Engine               - isLinux: false
17:06:45.101 [FXGL Background Thread 3 ] DEBUG Engine               - isMac: false
17:06:45.101 [FXGL Background Thread 3 ] DEBUG Engine               - isMainMenuEnabled: true
17:06:45.101 [FXGL Background Thread 3 ] DEBUG Engine               - isManualResizeEnabled: true
17:06:45.101 [FXGL Background Thread 3 ] DEBUG Engine               - isMobile: false
17:06:45.101 [FXGL Background Thread 3 ] DEBUG Engine               - isNative: false
17:06:45.101 [FXGL Background Thread 3 ] DEBUG Engine               - isPauseMusicWhenMinimized: true
17:06:45.102 [FXGL Background Thread 3 ] DEBUG Engine               - isPreserveResizeRatio: true
17:06:45.102 [FXGL Background Thread 3 ] DEBUG Engine               - isProfilingEnabled: false
17:06:45.102 [FXGL Background Thread 3 ] DEBUG Engine               - isScaleAffectedOnResize: true
17:06:45.102 [FXGL Background Thread 3 ] DEBUG Engine               - isSingleStep: false
17:06:45.102 [FXGL Background Thread 3 ] DEBUG Engine               - isUserProfileEnabled: false
17:06:45.102 [FXGL Background Thread 3 ] DEBUG Engine               - isWindows: true
17:06:45.102 [FXGL Background Thread 3 ] DEBUG Engine               - language: ObjectProperty [value: ENGLISH]
17:06:45.102 [FXGL Background Thread 3 ] DEBUG Engine               - menuKey: ESCAPE
17:06:45.103 [FXGL Background Thread 3 ] DEBUG Engine               - mouseSensitivity: 0.2
17:06:45.103 [FXGL Background Thread 3 ] DEBUG Engine               - notificationViewClass: class com.almasb.fxgl.notification.view.XboxNotificationView
17:06:45.103 [FXGL Background Thread 3 ] DEBUG Engine               - pixelsPerMeter: 50.0
17:06:45.103 [FXGL Background Thread 3 ] DEBUG Engine               - platform: WINDOWS
17:06:45.103 [FXGL Background Thread 3 ] DEBUG Engine               - prefHeightProperty: ReadOnlyDoubleProperty [value: 720.0]
17:06:45.103 [FXGL Background Thread 3 ] DEBUG Engine               - prefWidthProperty: ReadOnlyDoubleProperty [value: 720.0]
17:06:45.103 [FXGL Background Thread 3 ] DEBUG Engine               - profileDir: profiles/
17:06:45.103 [FXGL Background Thread 3 ] DEBUG Engine               - profileName: StringProperty [value: DEFAULT]
17:06:45.103 [FXGL Background Thread 3 ] DEBUG Engine               - randomSeed: -1
17:06:45.103 [FXGL Background Thread 3 ] DEBUG Engine               - runtimeInfo: RuntimeInfo(platform=WINDOWS, version=11.17, build=16.07.2021 15.46)
17:06:45.103 [FXGL Background Thread 3 ] DEBUG Engine               - saveFileExt: sav
17:06:45.103 [FXGL Background Thread 3 ] DEBUG Engine               - scaledHeightProp$fxgl: DoubleProperty [bound, value: 720.0]
17:06:45.103 [FXGL Background Thread 3 ] DEBUG Engine               - scaledWidthProp$fxgl: DoubleProperty [bound, value: 720.0]
17:06:45.104 [FXGL Background Thread 3 ] DEBUG Engine               - sceneFactory: Bomber.BombermanApp$1@5deb16a4
17:06:45.104 [FXGL Background Thread 3 ] DEBUG Engine               - secondsIn24h: 60
17:06:45.104 [FXGL Background Thread 3 ] DEBUG Engine               - soundMenuBack: menu/back.wav
17:06:45.104 [FXGL Background Thread 3 ] DEBUG Engine               - soundMenuPress: menu/press.wav
17:06:45.104 [FXGL Background Thread 3 ] DEBUG Engine               - soundMenuSelect: menu/select.wav
17:06:45.104 [FXGL Background Thread 3 ] DEBUG Engine               - soundNotification: core/notification.wav
17:06:45.104 [FXGL Background Thread 3 ] DEBUG Engine               - stageStyle: DECORATED
17:06:45.104 [FXGL Background Thread 3 ] DEBUG Engine               - supportedLanguages: [ENGLISH, FRENCH, GERMAN, HUNGARIAN, RUSSIAN]
17:06:45.104 [FXGL Background Thread 3 ] DEBUG Engine               - ticksPerSecond: -1
17:06:45.104 [FXGL Background Thread 3 ] DEBUG Engine               - title: BOMBERMAN
17:06:45.104 [FXGL Background Thread 3 ] DEBUG Engine               - urlGithub: https://github.com/AlmasB/FXGL
17:06:45.104 [FXGL Background Thread 3 ] DEBUG Engine               - urlLeaderboard: http://fxgl-top.herokuapp.com/
17:06:45.105 [FXGL Background Thread 3 ] DEBUG Engine               - urlPOM: https://raw.githubusercontent.com/AlmasB/FXGL/release/README.md
17:06:45.105 [FXGL Background Thread 3 ] DEBUG Engine               - userAppClass: class Bomber.BombermanApp
17:06:45.105 [FXGL Background Thread 3 ] DEBUG Engine               - version: 1.0
17:06:45.105 [FXGL Background Thread 3 ] DEBUG Engine               - versionCheckDays: 7
17:06:45.105 [FXGL Background Thread 3 ] DEBUG Engine               - width: 720
17:06:45.105 [FXGL Background Thread 3 ] DEBUG Engine               - Logging services
17:06:45.105 [FXGL Background Thread 3 ] DEBUG Engine               - class com.almasb.fxgl.app.services.FXGLAssetLoaderService
17:06:45.105 [FXGL Background Thread 3 ] DEBUG Engine               - class com.almasb.fxgl.app.FXGLApplication$GameApplicationService
17:06:45.105 [FXGL Background Thread 3 ] DEBUG Engine               - class com.almasb.fxgl.app.services.FXGLDialogService
17:06:45.105 [FXGL Background Thread 3 ] DEBUG Engine               - class com.almasb.fxgl.app.services.IOTaskExecutorService
17:06:45.105 [FXGL Background Thread 3 ] DEBUG Engine               - class com.almasb.fxgl.io.FileSystemService
17:06:45.105 [FXGL Background Thread 3 ] DEBUG Engine               - class com.almasb.fxgl.localization.LocalizationService
17:06:45.105 [FXGL Background Thread 3 ] DEBUG Engine               - class com.almasb.fxgl.app.services.SystemBundleService
17:06:45.105 [FXGL Background Thread 3 ] DEBUG Engine               - class com.almasb.fxgl.profile.SaveLoadService
17:06:45.105 [FXGL Background Thread 3 ] DEBUG Engine               - class com.almasb.fxgl.ui.FXGLUIFactoryServiceProvider
17:06:45.105 [FXGL Background Thread 3 ] DEBUG Engine               - class com.almasb.fxgl.ui.FXGLDialogFactoryServiceProvider
17:06:45.105 [FXGL Background Thread 3 ] DEBUG Engine               - class com.almasb.fxgl.audio.AudioPlayer
17:06:45.105 [FXGL Background Thread 3 ] DEBUG Engine               - class com.almasb.fxgl.notification.impl.NotificationServiceProvider
17:06:45.106 [FXGL Background Thread 3 ] DEBUG Engine               - class com.almasb.fxgl.achievement.AchievementService
17:06:45.106 [FXGL Background Thread 3 ] DEBUG Engine               - class com.almasb.fxgl.cutscene.CutsceneService
17:06:45.106 [FXGL Background Thread 3 ] DEBUG Engine               - class com.almasb.fxgl.minigames.MiniGameService
17:06:45.106 [FXGL Background Thread 3 ] DEBUG Engine               - class com.almasb.fxgl.net.NetService
17:06:45.106 [FXGL Background Thread 3 ] DEBUG Engine               - class com.almasb.fxgl.app.services.UpdaterService
17:06:45.106 [FXGL Background Thread 3 ] DEBUG Engine               - class com.almasb.fxgl.dev.DevService
17:06:45.710 [JavaFX Application Thread] DEBUG FXGLApplication      - Exiting FXGL
17:06:45.711 [JavaFX Application Thread] DEBUG Async                - Shutting down background threads
17:06:45.711 [JavaFX Application Thread] DEBUG PrimaryStageWindow   - Closing main window
17:06:45.720 [JavaFX Application Thread] DEBUG Logger               - Closing Logger
