15:49:17.475 [main                     ] DEBUG Logger               - Configured Logger
15:49:17.481 [main                     ] DEBUG GameApplication      - Logging settings
Title: BOMBERMAN
Version: 1.0
Width: 720
Height: 720
Fullscreen: false
Intro: false
Profiling: false
Single step:false
App Mode: DEVELOPER
Menu Key: ESCAPE
Stage Style: DECORATED
Scene Factory: class Bomber.BombermanApp$1

15:49:17.818 [JavaFX Application Thread] DEBUG FXGLApplication      - Initializing FXGL
15:49:17.819 [JavaFX Application Thread] INFO  Engine               - FXGL-11.17 (16.07.2021 15.46) on WINDOWS (J:17.0.1 FX:16)
15:49:17.819 [JavaFX Application Thread] DEBUG Engine               - JRE Vendor Name: Oracle Corporation
15:49:17.820 [JavaFX Application Thread] DEBUG Engine               - Running on OS: Windows 10 version 10.0
15:49:17.820 [JavaFX Application Thread] DEBUG Engine               - Architecture: amd64
15:49:17.820 [JavaFX Application Thread] INFO  Engine               - Source code and latest versions at: https://github.com/AlmasB/FXGL
15:49:17.820 [JavaFX Application Thread] INFO  Engine               -              Join the FXGL chat at: https://gitter.im/AlmasB/FXGL
15:49:17.930 [JavaFX Application Thread] DEBUG PrimaryStageWindow   - Creating a JavaFX scene
15:49:17.966 [JavaFX Application Thread] DEBUG PrimaryStageWindow   - Target settings size: 720.0 x 720.0
15:49:17.966 [JavaFX Application Thread] DEBUG PrimaryStageWindow   - Scaled scene size:    720.0 x 720.0
15:49:17.966 [JavaFX Application Thread] DEBUG PrimaryStageWindow   - Scaled ratio: (1.0, 1.0)
15:49:17.967 [JavaFX Application Thread] DEBUG PrimaryStageWindow   - Set initial scene to FXGLStartupScene
15:49:17.974 [JavaFX Application Thread] DEBUG PrimaryStageWindow   - Opening main window
15:49:18.049 [JavaFX Application Thread] DEBUG PrimaryStageWindow   - Window border size: (14.4000244140625, 37.5999755859375)
15:49:18.050 [JavaFX Application Thread] DEBUG PrimaryStageWindow   - Scaled size: 720.0 x 720.0
15:49:18.050 [JavaFX Application Thread] DEBUG PrimaryStageWindow   - Scaled ratio: (1.0, 1.0)
15:49:18.050 [JavaFX Application Thread] DEBUG PrimaryStageWindow   - Scene size: 720.0 x 720.0
15:49:18.050 [JavaFX Application Thread] DEBUG PrimaryStageWindow   - Stage size: 734.4000244140625 x 757.5999755859375
15:49:18.057 [FXGL Background Thread 1 ] DEBUG Engine               - Initializing environment variables
15:49:18.130 [FXGL Background Thread 1 ] DEBUG FXGLAssetLoaderServi - User app class for loading assets: class Bomber.BombermanApp
15:49:18.130 [FXGL Background Thread 1 ] DEBUG GameApplicationServi - Applying CSS: fxgl_dark.css
15:49:18.131 [FXGL Background Thread 1 ] DEBUG FXGLAssetLoaderServi - Loading from file system: jar:file:/C:/Users/thinh/.m2/repository/com/github/almasb/fxgl/11.17/fxgl-11.17.jar!/fxglassets/ui/css/fxgl_dark.css
15:49:18.186 [FXGL Background Thread 1 ] DEBUG GameApplicationServi - Initializing application scenes
15:49:18.240 [FXGL Background Thread 1 ] DEBUG GameWorld            - Game world initialized
15:49:18.318 [FXGL Background Thread 1 ] DEBUG PhysicsWorld         - Physics world initialized: appHeight=720, physics.ppm=50.0
15:49:18.319 [FXGL Background Thread 1 ] DEBUG PhysicsWorld         - Using strategy: BRUTE_FORCE
15:49:18.321 [FXGL Background Thread 1 ] DEBUG GameScene            - Game scene initialized: 720x720
15:49:18.404 [FXGL Background Thread 1 ] DEBUG GameApplicationServi - Application scenes initialized
15:49:18.418 [FXGL Background Thread 1 ] DEBUG SystemBundleService  - Loading FXGL system data
15:49:18.427 [FXGL Background Thread 1 ] DEBUG FileSystemAccess     - Reading from: D:\Code\ProjectJavaFX\bomberman\Bomber\system\fxgl.bundle
15:49:18.436 [FXGL Background Thread 1 ] DEBUG SystemBundleService  - Bundle FXGL: {}
15:49:18.436 [FXGL Background Thread 1 ] DEBUG UpdaterService       - Checking for updates
15:49:18.470 [FXGL Background Thread 4 ] DEBUG FXGLApplication      - Loading fonts
15:49:18.471 [FXGL Background Thread 4 ] DEBUG FXGLAssetLoaderServi - Loading from file system: file:/D:/Code/ProjectJavaFX/bomberman/Bomber/target/classes/assets/ui/fonts/Quinquefive-Ea6d4.ttf
15:49:18.471 [FXGL Background Thread 1 ] DEBUG FXGLApplication      - Loading default localization
15:49:18.471 [FXGL Background Thread 1 ] DEBUG FXGLAssetLoaderServi - Loading from file system: jar:file:/C:/Users/thinh/.m2/repository/com/github/almasb/fxgl/11.17/fxgl-11.17.jar!/fxglassets/languages/english.lang
15:49:18.502 [FXGL Background Thread 1 ] INFO  FXGLApplication      - FXGL initialization took: 0.444 sec
15:49:18.515 [JavaFX Application Thread] DEBUG Input                - Registered new binding: Move Up - W
15:49:18.515 [JavaFX Application Thread] DEBUG Input                - Registered new binding: Move Down - S
15:49:18.516 [JavaFX Application Thread] DEBUG Input                - Registered new binding: Move Left - A
15:49:18.516 [JavaFX Application Thread] DEBUG Input                - Registered new binding: Move Right - D
15:49:18.516 [JavaFX Application Thread] DEBUG Input                - Registered new binding: Place Bomb - Space
15:49:18.516 [JavaFX Application Thread] DEBUG FXGLAssetLoaderServi - Loading from file system: file:/D:/Code/ProjectJavaFX/bomberman/Bomber/target/classes/assets/music/title_screen.mp3
15:49:18.562 [FXGL Background Thread 4 ] DEBUG FXGLAssetLoaderServi - Loading from file system: jar:file:/C:/Users/thinh/.m2/repository/com/github/almasb/fxgl/11.17/fxgl-11.17.jar!/fxglassets/ui/fonts/Abel-Regular.ttf
15:49:18.575 [FXGL Background Thread 4 ] DEBUG FXGLAssetLoaderServi - Loading from file system: jar:file:/C:/Users/thinh/.m2/repository/com/github/almasb/fxgl/11.17/fxgl-11.17.jar!/fxglassets/ui/fonts/lucida_console.ttf
15:49:18.595 [FXGL Background Thread 4 ] DEBUG FXGLAssetLoaderServi - Loading from file system: jar:file:/C:/Users/thinh/.m2/repository/com/github/almasb/fxgl/11.17/fxgl-11.17.jar!/fxglassets/ui/fonts/Courier-Prime.ttf
15:49:18.674 [JavaFX Application Thread] DEBUG AudioPlayer          - Playing music com.almasb.fxgl.audio.Music@110503c
15:49:18.674 [JavaFX Application Thread] DEBUG FXGLAssetLoaderServi - Loading from file system: jar:file:/C:/Users/thinh/.m2/repository/com/github/almasb/fxgl/11.17/fxgl-11.17.jar!/fxglassets/textures/fxgl_icon.png
15:49:18.697 [JavaFX Application Thread] DEBUG FXGLAssetLoaderServi - Loading from file system: jar:file:/C:/Users/thinh/.m2/repository/com/github/almasb/fxgl/11.17/fxgl-11.17.jar!/fxglassets/textures/fxgl_default_cursor.png
15:49:18.698 [JavaFX Application Thread] DEBUG Input                - Registered new binding: Screenshot - CTRL+8
15:49:18.699 [JavaFX Application Thread] DEBUG Input                - Registered new binding: Dev Options - 1
15:49:18.699 [JavaFX Application Thread] DEBUG Input                - Registered new binding: Dev Console - 2
15:49:18.699 [JavaFX Application Thread] DEBUG Input                - Registered new binding: System info dump - CTRL+9
15:49:18.700 [JavaFX Application Thread] DEBUG Input                - Registered new binding: Restart - CTRL+R
15:49:18.700 [JavaFX Application Thread] DEBUG Input                - Registered new binding: Toggle Debug Camera - CTRL+C
15:49:18.702 [JavaFX Application Thread] DEBUG LoopRunner           - Starting loop
15:49:18.724 [JavaFX Application Thread] DEBUG LoopRunner           - Initializing JavaFX AnimationTimerLoop
15:49:18.728 [JavaFX Application Thread] DEBUG Input                - Clearing active input actions
15:49:18.735 [JavaFX Application Thread] DEBUG GameApplicationServi - Removing overlay from FXGLStartupScene and adding to FXGLMainMenuDummyScene
15:49:18.738 [JavaFX Application Thread] DEBUG PrimaryStageWindow   - FXGLStartupScene -> FXGLMainMenuDummyScene
15:49:18.738 [JavaFX Application Thread] DEBUG PrimaryStageWindow   - Push state: BombermanMenu
15:49:18.738 [JavaFX Application Thread] DEBUG Input                - Clearing active input actions
15:49:18.743 [JavaFX Application Thread] DEBUG GameApplicationServi - Removing overlay from FXGLMainMenuDummyScene and adding to BombermanMenu
15:49:18.743 [JavaFX Application Thread] DEBUG PrimaryStageWindow   - FXGLMainMenuDummyScene -> BombermanMenu
15:49:18.743 [JavaFX Application Thread] DEBUG FXGLApplication      - Registering font factories with UI factory
15:49:21.470 [FXGL Background Thread 3 ] DEBUG Engine               - Logging environment variables
15:49:21.471 [FXGL Background Thread 3 ] DEBUG Engine               - achievements: []
15:49:21.471 [FXGL Background Thread 3 ] DEBUG Engine               - actualHeight: 720.0
15:49:21.471 [FXGL Background Thread 3 ] DEBUG Engine               - actualHeightProperty: ReadOnlyDoubleProperty [value: 720.0]
15:49:21.471 [FXGL Background Thread 3 ] DEBUG Engine               - actualWidth: 720.0
15:49:21.471 [FXGL Background Thread 3 ] DEBUG Engine               - actualWidthProperty: ReadOnlyDoubleProperty [value: 720.0]
15:49:21.472 [FXGL Background Thread 3 ] DEBUG Engine               - appIcon: fxgl_icon.png
15:49:21.472 [FXGL Background Thread 3 ] DEBUG Engine               - applicationMode: DEVELOPER
15:49:21.472 [FXGL Background Thread 3 ] DEBUG Engine               - cSSList: [fxgl_dark.css]
15:49:21.472 [FXGL Background Thread 3 ] DEBUG Engine               - collisionDetectionStrategy: BRUTE_FORCE
15:49:21.472 [FXGL Background Thread 3 ] DEBUG Engine               - configClass: Optional.empty
15:49:21.472 [FXGL Background Thread 3 ] DEBUG Engine               - credits: []
15:49:21.472 [FXGL Background Thread 3 ] DEBUG Engine               - defaultCursor: CursorInfo(imageName=fxgl_default_cursor.png, hotspotX=7.0, hotspotY=6.0)
15:49:21.472 [FXGL Background Thread 3 ] DEBUG Engine               - devBBoxColorProperty: ObjectProperty [value: 0xff0000ff]
15:49:21.472 [FXGL Background Thread 3 ] DEBUG Engine               - devEnableDebugCameraProperty: BooleanProperty [value: false]
15:49:21.473 [FXGL Background Thread 3 ] DEBUG Engine               - devSensorColorProperty: ObjectProperty [value: 0xffff00ff]
15:49:21.473 [FXGL Background Thread 3 ] DEBUG Engine               - devShowBBoxProperty: BooleanProperty [value: false]
15:49:21.473 [FXGL Background Thread 3 ] DEBUG Engine               - devShowPositionProperty: BooleanProperty [value: false]
15:49:21.473 [FXGL Background Thread 3 ] DEBUG Engine               - enabledMenuItems: []
15:49:21.473 [FXGL Background Thread 3 ] DEBUG Engine               - engineServices: [class com.almasb.fxgl.app.services.FXGLAssetLoaderService, class com.almasb.fxgl.app.FXGLApplication$GameApplicationService, class com.almasb.fxgl.app.services.FXGLDialogService, class com.almasb.fxgl.app.services.IOTaskExecutorService, class com.almasb.fxgl.io.FileSystemService, class com.almasb.fxgl.localization.LocalizationService, class com.almasb.fxgl.app.services.SystemBundleService, class com.almasb.fxgl.profile.SaveLoadService, class com.almasb.fxgl.ui.FXGLUIFactoryServiceProvider, class com.almasb.fxgl.ui.FXGLDialogFactoryServiceProvider, class com.almasb.fxgl.audio.AudioPlayer, class com.almasb.fxgl.notification.impl.NotificationServiceProvider, class com.almasb.fxgl.achievement.AchievementService, class com.almasb.fxgl.cutscene.CutsceneService, class com.almasb.fxgl.minigames.MiniGameService, class com.almasb.fxgl.net.NetService, class com.almasb.fxgl.app.services.UpdaterService, class com.almasb.fxgl.dev.DevService]
15:49:21.473 [FXGL Background Thread 3 ] DEBUG Engine               - fontGame: Abel-Regular.ttf
15:49:21.473 [FXGL Background Thread 3 ] DEBUG Engine               - fontMono: lucida_console.ttf
15:49:21.473 [FXGL Background Thread 3 ] DEBUG Engine               - fontText: Courier-Prime.ttf
15:49:21.474 [FXGL Background Thread 3 ] DEBUG Engine               - fontUI: Quinquefive-Ea6d4.ttf
15:49:21.474 [FXGL Background Thread 3 ] DEBUG Engine               - fullScreen: BooleanProperty [value: false]
15:49:21.474 [FXGL Background Thread 3 ] DEBUG Engine               - gameDifficulty: MEDIUM
15:49:21.474 [FXGL Background Thread 3 ] DEBUG Engine               - gameDifficultyProperty: ObjectProperty [value: MEDIUM]
15:49:21.474 [FXGL Background Thread 3 ] DEBUG Engine               - globalMusicVolume: 0.5
15:49:21.474 [FXGL Background Thread 3 ] DEBUG Engine               - globalMusicVolumeProperty: DoubleProperty [value: 0.1]
15:49:21.474 [FXGL Background Thread 3 ] DEBUG Engine               - globalSoundVolume: 0.5
15:49:21.474 [FXGL Background Thread 3 ] DEBUG Engine               - globalSoundVolumeProperty: DoubleProperty [value: 0.1]
15:49:21.474 [FXGL Background Thread 3 ] DEBUG Engine               - height: 720
15:49:21.474 [FXGL Background Thread 3 ] DEBUG Engine               - is3D: false
15:49:21.474 [FXGL Background Thread 3 ] DEBUG Engine               - isAndroid: false
15:49:21.475 [FXGL Background Thread 3 ] DEBUG Engine               - isBrowser: false
15:49:21.475 [FXGL Background Thread 3 ] DEBUG Engine               - isClickFeedbackEnabled: false
15:49:21.475 [FXGL Background Thread 3 ] DEBUG Engine               - isCloseConfirmation: false
15:49:21.475 [FXGL Background Thread 3 ] DEBUG Engine               - isDesktop: true
15:49:21.475 [FXGL Background Thread 3 ] DEBUG Engine               - isDeveloperMenuEnabled: true
15:49:21.475 [FXGL Background Thread 3 ] DEBUG Engine               - isEntityPreloadEnabled: true
15:49:21.475 [FXGL Background Thread 3 ] DEBUG Engine               - isExperimentalTiledLargeMap: false
15:49:21.475 [FXGL Background Thread 3 ] DEBUG Engine               - isFileSystemWriteAllowed: true
15:49:21.475 [FXGL Background Thread 3 ] DEBUG Engine               - isFullScreenAllowed: false
15:49:21.475 [FXGL Background Thread 3 ] DEBUG Engine               - isFullScreenFromStart: false
15:49:21.475 [FXGL Background Thread 3 ] DEBUG Engine               - isGameMenuEnabled: true
15:49:21.475 [FXGL Background Thread 3 ] DEBUG Engine               - isIOS: false
15:49:21.475 [FXGL Background Thread 3 ] DEBUG Engine               - isIntroEnabled: false
15:49:21.475 [FXGL Background Thread 3 ] DEBUG Engine               - isLinux: false
15:49:21.476 [FXGL Background Thread 3 ] DEBUG Engine               - isMac: false
15:49:21.476 [FXGL Background Thread 3 ] DEBUG Engine               - isMainMenuEnabled: true
15:49:21.476 [FXGL Background Thread 3 ] DEBUG Engine               - isManualResizeEnabled: true
15:49:21.476 [FXGL Background Thread 3 ] DEBUG Engine               - isMobile: false
15:49:21.476 [FXGL Background Thread 3 ] DEBUG Engine               - isNative: false
15:49:21.476 [FXGL Background Thread 3 ] DEBUG Engine               - isPauseMusicWhenMinimized: true
15:49:21.476 [FXGL Background Thread 3 ] DEBUG Engine               - isPreserveResizeRatio: true
15:49:21.476 [FXGL Background Thread 3 ] DEBUG Engine               - isProfilingEnabled: false
15:49:21.476 [FXGL Background Thread 3 ] DEBUG Engine               - isScaleAffectedOnResize: true
15:49:21.476 [FXGL Background Thread 3 ] DEBUG Engine               - isSingleStep: false
15:49:21.477 [FXGL Background Thread 3 ] DEBUG Engine               - isUserProfileEnabled: false
15:49:21.477 [FXGL Background Thread 3 ] DEBUG Engine               - isWindows: true
15:49:21.477 [FXGL Background Thread 3 ] DEBUG Engine               - language: ObjectProperty [value: ENGLISH]
15:49:21.477 [FXGL Background Thread 3 ] DEBUG Engine               - menuKey: ESCAPE
15:49:21.477 [FXGL Background Thread 3 ] DEBUG Engine               - mouseSensitivity: 0.2
15:49:21.477 [FXGL Background Thread 3 ] DEBUG Engine               - notificationViewClass: class com.almasb.fxgl.notification.view.XboxNotificationView
15:49:21.477 [FXGL Background Thread 3 ] DEBUG Engine               - pixelsPerMeter: 50.0
15:49:21.477 [FXGL Background Thread 3 ] DEBUG Engine               - platform: WINDOWS
15:49:21.477 [FXGL Background Thread 3 ] DEBUG Engine               - prefHeightProperty: ReadOnlyDoubleProperty [value: 720.0]
15:49:21.477 [FXGL Background Thread 3 ] DEBUG Engine               - prefWidthProperty: ReadOnlyDoubleProperty [value: 720.0]
15:49:21.477 [FXGL Background Thread 3 ] DEBUG Engine               - profileDir: profiles/
15:49:21.477 [FXGL Background Thread 3 ] DEBUG Engine               - profileName: StringProperty [value: DEFAULT]
15:49:21.478 [FXGL Background Thread 3 ] DEBUG Engine               - randomSeed: -1
15:49:21.478 [FXGL Background Thread 3 ] DEBUG Engine               - runtimeInfo: RuntimeInfo(platform=WINDOWS, version=11.17, build=16.07.2021 15.46)
15:49:21.478 [FXGL Background Thread 3 ] DEBUG Engine               - saveFileExt: sav
15:49:21.478 [FXGL Background Thread 3 ] DEBUG Engine               - scaledHeightProp$fxgl: DoubleProperty [bound, value: 720.0]
15:49:21.478 [FXGL Background Thread 3 ] DEBUG Engine               - scaledWidthProp$fxgl: DoubleProperty [bound, value: 720.0]
15:49:21.478 [FXGL Background Thread 3 ] DEBUG Engine               - sceneFactory: Bomber.BombermanApp$1@f936a44
15:49:21.478 [FXGL Background Thread 3 ] DEBUG Engine               - secondsIn24h: 60
15:49:21.478 [FXGL Background Thread 3 ] DEBUG Engine               - soundMenuBack: menu/back.wav
15:49:21.478 [FXGL Background Thread 3 ] DEBUG Engine               - soundMenuPress: menu/press.wav
15:49:21.478 [FXGL Background Thread 3 ] DEBUG Engine               - soundMenuSelect: menu/select.wav
15:49:21.479 [FXGL Background Thread 3 ] DEBUG Engine               - soundNotification: core/notification.wav
15:49:21.479 [FXGL Background Thread 3 ] DEBUG Engine               - stageStyle: DECORATED
15:49:21.479 [FXGL Background Thread 3 ] DEBUG Engine               - supportedLanguages: [ENGLISH, FRENCH, GERMAN, HUNGARIAN, RUSSIAN]
15:49:21.479 [FXGL Background Thread 3 ] DEBUG Engine               - ticksPerSecond: -1
15:49:21.479 [FXGL Background Thread 3 ] DEBUG Engine               - title: BOMBERMAN
15:49:21.479 [FXGL Background Thread 3 ] DEBUG Engine               - urlGithub: https://github.com/AlmasB/FXGL
15:49:21.479 [FXGL Background Thread 3 ] DEBUG Engine               - urlLeaderboard: http://fxgl-top.herokuapp.com/
15:49:21.479 [FXGL Background Thread 3 ] DEBUG Engine               - urlPOM: https://raw.githubusercontent.com/AlmasB/FXGL/release/README.md
15:49:21.479 [FXGL Background Thread 3 ] DEBUG Engine               - userAppClass: class Bomber.BombermanApp
15:49:21.479 [FXGL Background Thread 3 ] DEBUG Engine               - version: 1.0
15:49:21.479 [FXGL Background Thread 3 ] DEBUG Engine               - versionCheckDays: 7
15:49:21.479 [FXGL Background Thread 3 ] DEBUG Engine               - width: 720
15:49:21.479 [FXGL Background Thread 3 ] DEBUG Engine               - Logging services
15:49:21.479 [FXGL Background Thread 3 ] DEBUG Engine               - class com.almasb.fxgl.app.services.FXGLAssetLoaderService
15:49:21.480 [FXGL Background Thread 3 ] DEBUG Engine               - class com.almasb.fxgl.app.FXGLApplication$GameApplicationService
15:49:21.480 [FXGL Background Thread 3 ] DEBUG Engine               - class com.almasb.fxgl.app.services.FXGLDialogService
15:49:21.480 [FXGL Background Thread 3 ] DEBUG Engine               - class com.almasb.fxgl.app.services.IOTaskExecutorService
15:49:21.480 [FXGL Background Thread 3 ] DEBUG Engine               - class com.almasb.fxgl.io.FileSystemService
15:49:21.480 [FXGL Background Thread 3 ] DEBUG Engine               - class com.almasb.fxgl.localization.LocalizationService
15:49:21.480 [FXGL Background Thread 3 ] DEBUG Engine               - class com.almasb.fxgl.app.services.SystemBundleService
15:49:21.480 [FXGL Background Thread 3 ] DEBUG Engine               - class com.almasb.fxgl.profile.SaveLoadService
15:49:21.480 [FXGL Background Thread 3 ] DEBUG Engine               - class com.almasb.fxgl.ui.FXGLUIFactoryServiceProvider
15:49:21.480 [FXGL Background Thread 3 ] DEBUG Engine               - class com.almasb.fxgl.ui.FXGLDialogFactoryServiceProvider
15:49:21.480 [FXGL Background Thread 3 ] DEBUG Engine               - class com.almasb.fxgl.audio.AudioPlayer
15:49:21.480 [FXGL Background Thread 3 ] DEBUG Engine               - class com.almasb.fxgl.notification.impl.NotificationServiceProvider
15:49:21.480 [FXGL Background Thread 3 ] DEBUG Engine               - class com.almasb.fxgl.achievement.AchievementService
15:49:21.480 [FXGL Background Thread 3 ] DEBUG Engine               - class com.almasb.fxgl.cutscene.CutsceneService
15:49:21.480 [FXGL Background Thread 3 ] DEBUG Engine               - class com.almasb.fxgl.minigames.MiniGameService
15:49:21.480 [FXGL Background Thread 3 ] DEBUG Engine               - class com.almasb.fxgl.net.NetService
15:49:21.480 [FXGL Background Thread 3 ] DEBUG Engine               - class com.almasb.fxgl.app.services.UpdaterService
15:49:21.480 [FXGL Background Thread 3 ] DEBUG Engine               - class com.almasb.fxgl.dev.DevService
15:49:23.058 [JavaFX Application Thread] DEBUG Menu                 - fireNewGame()
15:49:23.058 [JavaFX Application Thread] DEBUG GameApplicationServi - Starting new game
15:49:23.058 [JavaFX Application Thread] DEBUG PrimaryStageWindow   - Pop state: BombermanMenu
15:49:23.058 [JavaFX Application Thread] DEBUG Input                - Clearing active input actions
15:49:23.059 [JavaFX Application Thread] DEBUG GameApplicationServi - Removing overlay from BombermanMenu and adding to FXGLMainMenuDummyScene
15:49:23.060 [JavaFX Application Thread] DEBUG PrimaryStageWindow   - FXGLMainMenuDummyScene <- BombermanMenu
15:49:23.061 [JavaFX Application Thread] DEBUG Input                - Clearing active input actions
15:49:23.065 [JavaFX Application Thread] DEBUG GameApplicationServi - Removing overlay from FXGLMainMenuDummyScene and adding to FXGLLoadingScene
15:49:23.065 [JavaFX Application Thread] DEBUG PrimaryStageWindow   - FXGLMainMenuDummyScene -> FXGLLoadingScene
15:49:23.065 [JavaFX Application Thread] DEBUG GameApplicationServi - Clearing previous game
15:49:23.066 [JavaFX Application Thread] DEBUG GameScene            - Clearing game scene
15:49:23.066 [JavaFX Application Thread] DEBUG GameWorld            - Clearing game world
15:49:23.067 [JavaFX Application Thread] DEBUG PhysicsWorld         - Clearing physics world
15:49:23.069 [FXGL Background Thread 2 ] DEBUG FXGLApplication      - Initializing game
15:49:23.149 [FXGL Background Thread 2 ] WARN  TMXLevelLoader       - TiledMap generated from 1.7.2. Supported version: 1.2.3. Some features may not be parsed fully.
15:49:23.167 [FXGL Background Thread 2 ] DEBUG TMXLevelLoader       - Parsed TiledMap: file:/D:/Code/ProjectJavaFX/bomberman/Bomber/target/classes/assets/levels/bbm_level1.tmx
15:49:23.168 [FXGL Background Thread 2 ] DEBUG TMXLevelLoader       - Creating tile layer entities
15:49:23.169 [FXGL Background Thread 2 ] DEBUG TilesetLoader        - Loading view for layer Tile Layer 1
15:49:23.172 [FXGL Background Thread 2 ] DEBUG TilesetLoader        - Created buffer with size 1488.0x720.0
15:49:23.277 [FXGL Background Thread 2 ] DEBUG TMXLevelLoader       - Creating object layer entities
15:49:23.297 [FXGL Background Thread 2 ] DEBUG FXGLAssetLoaderServi - Loading from file system: file:/D:/Code/ProjectJavaFX/bomberman/Bomber/target/classes/assets/textures/player_die.png
15:49:23.299 [FXGL Background Thread 2 ] DEBUG FXGLAssetLoaderServi - Loading from file system: file:/D:/Code/ProjectJavaFX/bomberman/Bomber/target/classes/assets/textures/player_down.png
15:49:23.300 [FXGL Background Thread 2 ] DEBUG FXGLAssetLoaderServi - Loading from file system: file:/D:/Code/ProjectJavaFX/bomberman/Bomber/target/classes/assets/textures/player_right.png
15:49:23.301 [FXGL Background Thread 2 ] DEBUG FXGLAssetLoaderServi - Loading from file system: file:/D:/Code/ProjectJavaFX/bomberman/Bomber/target/classes/assets/textures/player_up.png
15:49:23.302 [FXGL Background Thread 2 ] DEBUG FXGLAssetLoaderServi - Loading from file system: file:/D:/Code/ProjectJavaFX/bomberman/Bomber/target/classes/assets/textures/player_left.png
15:49:23.306 [FXGL Background Thread 2 ] DEBUG FXGLAssetLoaderServi - Loading from file system: file:/D:/Code/ProjectJavaFX/bomberman/Bomber/target/classes/assets/textures/brick.png
15:49:23.319 [FXGL Background Thread 2 ] DEBUG FXGLAssetLoaderServi - Loading from file system: file:/D:/Code/ProjectJavaFX/bomberman/Bomber/target/classes/assets/textures/coral.png
15:49:23.348 [FXGL Background Thread 2 ] DEBUG FXGLAssetLoaderServi - Loading from file system: file:/D:/Code/ProjectJavaFX/bomberman/Bomber/target/classes/assets/textures/balloom.png
15:49:23.373 [FXGL Background Thread 2 ] DEBUG FXGLAssetLoaderServi - Loading from file system: file:/D:/Code/ProjectJavaFX/bomberman/Bomber/target/classes/assets/textures/powerup_speed.png
15:49:23.377 [FXGL Background Thread 2 ] DEBUG FXGLAssetLoaderServi - Loading from file system: file:/D:/Code/ProjectJavaFX/bomberman/Bomber/target/classes/assets/textures/powerup_flames.png
15:49:23.379 [FXGL Background Thread 2 ] DEBUG FXGLAssetLoaderServi - Loading from file system: file:/D:/Code/ProjectJavaFX/bomberman/Bomber/target/classes/assets/textures/powerup_bombs.png
15:49:23.381 [FXGL Background Thread 2 ] DEBUG FXGLAssetLoaderServi - Loading from file system: file:/D:/Code/ProjectJavaFX/bomberman/Bomber/target/classes/assets/textures/powerup_flamepass.png
15:49:23.382 [FXGL Background Thread 2 ] DEBUG FXGLAssetLoaderServi - Loading from file system: file:/D:/Code/ProjectJavaFX/bomberman/Bomber/target/classes/assets/textures/portal.png
15:49:23.385 [FXGL Background Thread 2 ] DEBUG GameWorld            - Clearing removable entities
15:49:23.385 [FXGL Background Thread 2 ] DEBUG GameWorld            - Setting level: com.almasb.fxgl.entity.level.Level@b9350dd
15:49:23.439 [FXGL Background Thread 2 ] INFO  FXGLApplication      - Game initialization took: 0.371 sec
15:49:23.441 [JavaFX Application Thread] DEBUG Input                - Clearing active input actions
15:49:23.449 [JavaFX Application Thread] DEBUG GameApplicationServi - Removing overlay from FXGLLoadingScene and adding to GameScene
15:49:23.451 [JavaFX Application Thread] DEBUG PrimaryStageWindow   - FXGLLoadingScene -> GameScene
15:50:00.269 [JavaFX Application Thread] WARN  TMXLevelLoader       - TiledMap generated from 1.7.2. Supported version: 1.2.3. Some features may not be parsed fully.
15:50:00.278 [JavaFX Application Thread] DEBUG TMXLevelLoader       - Parsed TiledMap: file:/D:/Code/ProjectJavaFX/bomberman/Bomber/target/classes/assets/levels/bbm_level1.tmx
15:50:00.279 [JavaFX Application Thread] DEBUG TMXLevelLoader       - Creating tile layer entities
15:50:00.279 [JavaFX Application Thread] DEBUG TilesetLoader        - Loading view for layer Tile Layer 1
15:50:00.281 [JavaFX Application Thread] DEBUG TilesetLoader        - Created buffer with size 1488.0x720.0
15:50:00.368 [JavaFX Application Thread] DEBUG TMXLevelLoader       - Creating object layer entities
15:50:00.400 [JavaFX Application Thread] DEBUG GameWorld            - Clearing removable entities
15:50:00.415 [JavaFX Application Thread] DEBUG GameWorld            - Setting level: com.almasb.fxgl.entity.level.Level@27c1e837
15:50:47.735 [JavaFX Application Thread] DEBUG FXGLApplication      - Exiting FXGL
15:50:47.737 [JavaFX Application Thread] DEBUG LoopRunner           - Stopping loop
15:50:47.737 [JavaFX Application Thread] DEBUG SystemBundleService  - Saving FXGL system data
15:50:47.738 [JavaFX Application Thread] DEBUG FileSystemAccess     - Writing to: D:\Code\ProjectJavaFX\bomberman\Bomber\system\fxgl.bundle
15:50:47.738 [JavaFX Application Thread] DEBUG Async                - Shutting down background threads
15:50:47.738 [JavaFX Application Thread] DEBUG PrimaryStageWindow   - Closing main window
15:50:47.752 [JavaFX Application Thread] DEBUG Logger               - Closing Logger
