02:09:36.719 [main                     ] DEBUG Logger               - Configured Logger
02:09:36.724 [main                     ] DEBUG GameApplication      - Logging settings
Title: BOMBERMAN
Version: 1.0
Width: 720
Height: 720
Fullscreen: false
Intro: false
Profiling: false
Single step:false
App Mode: DEVELOPER
Menu Key: ESCAPE
Stage Style: DECORATED
Scene Factory: class Bomber.BombermanApp$1

02:09:37.318 [JavaFX Application Thread] DEBUG FXGLApplication      - Initializing FXGL
02:09:37.323 [JavaFX Application Thread] INFO  Engine               - FXGL-11.17 (16.07.2021 15.46) on WINDOWS (J:17.0.1 FX:16)
02:09:37.324 [JavaFX Application Thread] DEBUG Engine               - JRE Vendor Name: Oracle Corporation
02:09:37.324 [JavaFX Application Thread] DEBUG Engine               - Running on OS: Windows 10 version 10.0
02:09:37.324 [JavaFX Application Thread] DEBUG Engine               - Architecture: amd64
02:09:37.325 [JavaFX Application Thread] INFO  Engine               - Source code and latest versions at: https://github.com/AlmasB/FXGL
02:09:37.325 [JavaFX Application Thread] INFO  Engine               -              Join the FXGL chat at: https://gitter.im/AlmasB/FXGL
02:09:37.517 [JavaFX Application Thread] DEBUG PrimaryStageWindow   - Creating a JavaFX scene
02:09:37.589 [JavaFX Application Thread] DEBUG PrimaryStageWindow   - Target settings size: 720.0 x 720.0
02:09:37.589 [JavaFX Application Thread] DEBUG PrimaryStageWindow   - Scaled scene size:    720.0 x 720.0
02:09:37.589 [JavaFX Application Thread] DEBUG PrimaryStageWindow   - Scaled ratio: (1.0, 1.0)
02:09:37.591 [JavaFX Application Thread] DEBUG PrimaryStageWindow   - Set initial scene to FXGLStartupScene
02:09:37.603 [JavaFX Application Thread] DEBUG PrimaryStageWindow   - Opening main window
02:09:37.828 [JavaFX Application Thread] DEBUG PrimaryStageWindow   - Window border size: (14.4000244140625, 37.5999755859375)
02:09:37.829 [JavaFX Application Thread] DEBUG PrimaryStageWindow   - Scaled size: 720.0 x 720.0
02:09:37.829 [JavaFX Application Thread] DEBUG PrimaryStageWindow   - Scaled ratio: (1.0, 1.0)
02:09:37.829 [JavaFX Application Thread] DEBUG PrimaryStageWindow   - Scene size: 720.0 x 720.0
02:09:37.830 [JavaFX Application Thread] DEBUG PrimaryStageWindow   - Stage size: 734.4000244140625 x 757.5999755859375
02:09:37.846 [FXGL Background Thread 1 ] DEBUG Engine               - Initializing environment variables
02:09:37.940 [FXGL Background Thread 1 ] DEBUG FXGLAssetLoaderServi - User app class for loading assets: class Bomber.BombermanApp
02:09:37.941 [FXGL Background Thread 1 ] DEBUG GameApplicationServi - Applying CSS: fxgl_dark.css
02:09:37.942 [FXGL Background Thread 1 ] DEBUG FXGLAssetLoaderServi - Loading from file system: jar:file:/C:/Users/thinh/.m2/repository/com/github/almasb/fxgl/11.17/fxgl-11.17.jar!/fxglassets/ui/css/fxgl_dark.css
02:09:38.024 [FXGL Background Thread 1 ] DEBUG GameApplicationServi - Initializing application scenes
02:09:38.094 [FXGL Background Thread 1 ] DEBUG GameWorld            - Game world initialized
02:09:38.217 [FXGL Background Thread 1 ] DEBUG PhysicsWorld         - Physics world initialized: appHeight=720, physics.ppm=50.0
02:09:38.217 [FXGL Background Thread 1 ] DEBUG PhysicsWorld         - Using strategy: BRUTE_FORCE
02:09:38.226 [FXGL Background Thread 1 ] DEBUG GameScene            - Game scene initialized: 720x720
02:09:38.333 [FXGL Background Thread 1 ] DEBUG GameApplicationServi - Application scenes initialized
02:09:38.349 [FXGL Background Thread 1 ] DEBUG SystemBundleService  - Loading FXGL system data
02:09:38.359 [FXGL Background Thread 1 ] DEBUG FileSystemAccess     - Reading from: D:\Code\ProjectJavaFX\bomberman\Bomber\system\fxgl.bundle
02:09:38.369 [FXGL Background Thread 1 ] DEBUG SystemBundleService  - Bundle FXGL: {}
02:09:38.370 [FXGL Background Thread 1 ] DEBUG UpdaterService       - Checking for updates
02:09:38.380 [FXGL Background Thread 4 ] DEBUG FXGLApplication      - Loading fonts
02:09:38.381 [FXGL Background Thread 4 ] DEBUG FXGLAssetLoaderServi - Loading from file system: file:/D:/Code/ProjectJavaFX/bomberman/Bomber/target/classes/assets/ui/fonts/Quinquefive-Ea6d4.ttf
02:09:38.381 [FXGL Background Thread 1 ] DEBUG FXGLApplication      - Loading default localization
02:09:38.382 [FXGL Background Thread 1 ] DEBUG FXGLAssetLoaderServi - Loading from file system: jar:file:/C:/Users/thinh/.m2/repository/com/github/almasb/fxgl/11.17/fxgl-11.17.jar!/fxglassets/languages/english.lang
02:09:38.411 [FXGL Background Thread 1 ] INFO  FXGLApplication      - FXGL initialization took: 0.565 sec
02:09:38.429 [JavaFX Application Thread] DEBUG Input                - Registered new binding: Move Up - W
02:09:38.429 [JavaFX Application Thread] DEBUG Input                - Registered new binding: Move Down - S
02:09:38.431 [JavaFX Application Thread] DEBUG Input                - Registered new binding: Move Left - A
02:09:38.431 [JavaFX Application Thread] DEBUG Input                - Registered new binding: Move Right - D
02:09:38.432 [JavaFX Application Thread] DEBUG Input                - Registered new binding: Place Bomb - Space
02:09:38.433 [JavaFX Application Thread] DEBUG FXGLAssetLoaderServi - Loading from file system: file:/D:/Code/ProjectJavaFX/bomberman/Bomber/target/classes/assets/music/title_screen.mp3
02:09:38.531 [FXGL Background Thread 4 ] DEBUG FXGLAssetLoaderServi - Loading from file system: jar:file:/C:/Users/thinh/.m2/repository/com/github/almasb/fxgl/11.17/fxgl-11.17.jar!/fxglassets/ui/fonts/Abel-Regular.ttf
02:09:38.562 [FXGL Background Thread 4 ] DEBUG FXGLAssetLoaderServi - Loading from file system: jar:file:/C:/Users/thinh/.m2/repository/com/github/almasb/fxgl/11.17/fxgl-11.17.jar!/fxglassets/ui/fonts/lucida_console.ttf
02:09:38.602 [FXGL Background Thread 4 ] DEBUG FXGLAssetLoaderServi - Loading from file system: jar:file:/C:/Users/thinh/.m2/repository/com/github/almasb/fxgl/11.17/fxgl-11.17.jar!/fxglassets/ui/fonts/Courier-Prime.ttf
02:09:38.679 [JavaFX Application Thread] DEBUG AudioPlayer          - Playing music com.almasb.fxgl.audio.Music@3dbc53b7
02:09:38.681 [JavaFX Application Thread] DEBUG FXGLAssetLoaderServi - Loading from file system: jar:file:/C:/Users/thinh/.m2/repository/com/github/almasb/fxgl/11.17/fxgl-11.17.jar!/fxglassets/textures/fxgl_icon.png
02:09:38.735 [JavaFX Application Thread] DEBUG FXGLAssetLoaderServi - Loading from file system: jar:file:/C:/Users/thinh/.m2/repository/com/github/almasb/fxgl/11.17/fxgl-11.17.jar!/fxglassets/textures/fxgl_default_cursor.png
02:09:38.738 [JavaFX Application Thread] DEBUG Input                - Registered new binding: Screenshot - CTRL+8
02:09:38.739 [JavaFX Application Thread] DEBUG Input                - Registered new binding: System info dump - CTRL+9
02:09:38.739 [JavaFX Application Thread] DEBUG Input                - Registered new binding: Restart - CTRL+R
02:09:38.740 [JavaFX Application Thread] DEBUG Input                - Registered new binding: Toggle Debug Camera - CTRL+C
02:09:38.743 [JavaFX Application Thread] DEBUG LoopRunner           - Starting loop
02:09:38.743 [JavaFX Application Thread] DEBUG LoopRunner           - Initializing JavaFX AnimationTimerLoop
02:09:38.747 [JavaFX Application Thread] DEBUG Input                - Clearing active input actions
02:09:38.756 [JavaFX Application Thread] DEBUG GameApplicationServi - Removing overlay from FXGLStartupScene and adding to FXGLMainMenuDummyScene
02:09:38.757 [JavaFX Application Thread] DEBUG PrimaryStageWindow   - FXGLStartupScene -> FXGLMainMenuDummyScene
02:09:38.757 [JavaFX Application Thread] DEBUG PrimaryStageWindow   - Push state: BombermanMenu
02:09:38.757 [JavaFX Application Thread] DEBUG Input                - Clearing active input actions
02:09:38.768 [JavaFX Application Thread] DEBUG GameApplicationServi - Removing overlay from FXGLMainMenuDummyScene and adding to BombermanMenu
02:09:38.769 [JavaFX Application Thread] DEBUG PrimaryStageWindow   - FXGLMainMenuDummyScene -> BombermanMenu
02:09:38.770 [JavaFX Application Thread] DEBUG FXGLApplication      - Registering font factories with UI factory
02:09:40.573 [JavaFX Application Thread] DEBUG Menu                 - fireNewGame()
02:09:40.574 [JavaFX Application Thread] DEBUG GameApplicationServi - Starting new game
02:09:40.574 [JavaFX Application Thread] DEBUG PrimaryStageWindow   - Pop state: BombermanMenu
02:09:40.574 [JavaFX Application Thread] DEBUG Input                - Clearing active input actions
02:09:40.575 [JavaFX Application Thread] DEBUG GameApplicationServi - Removing overlay from BombermanMenu and adding to FXGLMainMenuDummyScene
02:09:40.575 [JavaFX Application Thread] DEBUG PrimaryStageWindow   - FXGLMainMenuDummyScene <- BombermanMenu
02:09:40.575 [JavaFX Application Thread] DEBUG Input                - Clearing active input actions
02:09:40.581 [JavaFX Application Thread] DEBUG GameApplicationServi - Removing overlay from FXGLMainMenuDummyScene and adding to FXGLLoadingScene
02:09:40.581 [JavaFX Application Thread] DEBUG PrimaryStageWindow   - FXGLMainMenuDummyScene -> FXGLLoadingScene
02:09:40.581 [JavaFX Application Thread] DEBUG GameApplicationServi - Clearing previous game
02:09:40.582 [JavaFX Application Thread] DEBUG GameScene            - Clearing game scene
02:09:40.582 [JavaFX Application Thread] DEBUG GameWorld            - Clearing game world
02:09:40.582 [JavaFX Application Thread] DEBUG PhysicsWorld         - Clearing physics world
02:09:40.584 [FXGL Background Thread 2 ] DEBUG FXGLApplication      - Initializing game
02:09:40.625 [FXGL Background Thread 2 ] WARN  TMXLevelLoader       - TiledMap generated from 1.7.2. Supported version: 1.2.3. Some features may not be parsed fully.
02:09:40.647 [FXGL Background Thread 2 ] DEBUG TMXLevelLoader       - Parsed TiledMap: file:/D:/Code/ProjectJavaFX/bomberman/Bomber/target/classes/assets/levels/bbm_level1.tmx
02:09:40.657 [FXGL Background Thread 2 ] DEBUG TMXLevelLoader       - Creating tile layer entities
02:09:40.658 [FXGL Background Thread 2 ] DEBUG TilesetLoader        - Loading view for layer Tile Layer 1
02:09:40.661 [FXGL Background Thread 2 ] DEBUG TilesetLoader        - Created buffer with size 1488.0x720.0
02:09:40.797 [FXGL Background Thread 2 ] DEBUG TMXLevelLoader       - Creating object layer entities
02:09:40.856 [FXGL Background Thread 2 ] DEBUG FXGLAssetLoaderServi - Loading from file system: file:/D:/Code/ProjectJavaFX/bomberman/Bomber/target/classes/assets/textures/player_die.png
02:09:40.861 [FXGL Background Thread 2 ] DEBUG FXGLAssetLoaderServi - Loading from file system: file:/D:/Code/ProjectJavaFX/bomberman/Bomber/target/classes/assets/textures/player_down.png
02:09:40.863 [FXGL Background Thread 2 ] DEBUG FXGLAssetLoaderServi - Loading from file system: file:/D:/Code/ProjectJavaFX/bomberman/Bomber/target/classes/assets/textures/player_right.png
02:09:40.866 [FXGL Background Thread 2 ] DEBUG FXGLAssetLoaderServi - Loading from file system: file:/D:/Code/ProjectJavaFX/bomberman/Bomber/target/classes/assets/textures/player_up.png
02:09:40.868 [FXGL Background Thread 2 ] DEBUG FXGLAssetLoaderServi - Loading from file system: file:/D:/Code/ProjectJavaFX/bomberman/Bomber/target/classes/assets/textures/player_left.png
02:09:40.874 [FXGL Background Thread 2 ] WARN  Entity               - Entity already has component: com.almasb.fxgl.physics.PhysicsComponent
02:09:40.876 [FXGL Background Thread 2 ] DEBUG FXGLAssetLoaderServi - Loading from file system: file:/D:/Code/ProjectJavaFX/bomberman/Bomber/target/classes/assets/textures/brick.png
02:09:40.934 [FXGL Background Thread 2 ] DEBUG FXGLAssetLoaderServi - Loading from file system: file:/D:/Code/ProjectJavaFX/bomberman/Bomber/target/classes/assets/textures/powerup_speed.png
02:09:40.937 [FXGL Background Thread 2 ] DEBUG FXGLAssetLoaderServi - Loading from file system: file:/D:/Code/ProjectJavaFX/bomberman/Bomber/target/classes/assets/textures/powerup_flames.png
02:09:40.940 [FXGL Background Thread 2 ] DEBUG FXGLAssetLoaderServi - Loading from file system: file:/D:/Code/ProjectJavaFX/bomberman/Bomber/target/classes/assets/textures/powerup_bombs.png
02:09:40.944 [FXGL Background Thread 2 ] DEBUG FXGLAssetLoaderServi - Loading from file system: file:/D:/Code/ProjectJavaFX/bomberman/Bomber/target/classes/assets/textures/powerup_flamepass.png
02:09:40.952 [FXGL Background Thread 2 ] DEBUG FXGLAssetLoaderServi - Loading from file system: file:/D:/Code/ProjectJavaFX/bomberman/Bomber/target/classes/assets/textures/portal.png
02:09:40.956 [FXGL Background Thread 2 ] DEBUG GameWorld            - Clearing removable entities
02:09:40.956 [FXGL Background Thread 2 ] DEBUG GameWorld            - Setting level: com.almasb.fxgl.entity.level.Level@1908a293
02:09:41.072 [FXGL Background Thread 2 ] INFO  FXGLApplication      - Game initialization took: 0.489 sec
02:09:41.073 [JavaFX Application Thread] DEBUG Input                - Clearing active input actions
02:09:41.104 [JavaFX Application Thread] DEBUG GameApplicationServi - Removing overlay from FXGLLoadingScene and adding to GameScene
02:09:41.105 [JavaFX Application Thread] DEBUG PrimaryStageWindow   - FXGLLoadingScene -> GameScene
02:09:41.378 [FXGL Background Thread 3 ] DEBUG Engine               - Logging environment variables
02:09:41.379 [FXGL Background Thread 3 ] DEBUG Engine               - achievements: []
02:09:41.379 [FXGL Background Thread 3 ] DEBUG Engine               - actualHeight: 720.0
02:09:41.379 [FXGL Background Thread 3 ] DEBUG Engine               - actualHeightProperty: ReadOnlyDoubleProperty [value: 720.0]
02:09:41.379 [FXGL Background Thread 3 ] DEBUG Engine               - actualWidth: 720.0
02:09:41.380 [FXGL Background Thread 3 ] DEBUG Engine               - actualWidthProperty: ReadOnlyDoubleProperty [value: 720.0]
02:09:41.380 [FXGL Background Thread 3 ] DEBUG Engine               - appIcon: fxgl_icon.png
02:09:41.380 [FXGL Background Thread 3 ] DEBUG Engine               - applicationMode: DEVELOPER
02:09:41.380 [FXGL Background Thread 3 ] DEBUG Engine               - cSSList: [fxgl_dark.css]
02:09:41.380 [FXGL Background Thread 3 ] DEBUG Engine               - collisionDetectionStrategy: BRUTE_FORCE
02:09:41.380 [FXGL Background Thread 3 ] DEBUG Engine               - configClass: Optional.empty
02:09:41.380 [FXGL Background Thread 3 ] DEBUG Engine               - credits: []
02:09:41.381 [FXGL Background Thread 3 ] DEBUG Engine               - defaultCursor: CursorInfo(imageName=fxgl_default_cursor.png, hotspotX=7.0, hotspotY=6.0)
02:09:41.381 [FXGL Background Thread 3 ] DEBUG Engine               - devBBoxColorProperty: ObjectProperty [value: 0xff0000ff]
02:09:41.381 [FXGL Background Thread 3 ] DEBUG Engine               - devEnableDebugCameraProperty: BooleanProperty [value: false]
02:09:41.381 [FXGL Background Thread 3 ] DEBUG Engine               - devSensorColorProperty: ObjectProperty [value: 0xffff00ff]
02:09:41.382 [FXGL Background Thread 3 ] DEBUG Engine               - devShowBBoxProperty: BooleanProperty [value: false]
02:09:41.382 [FXGL Background Thread 3 ] DEBUG Engine               - devShowPositionProperty: BooleanProperty [value: false]
02:09:41.382 [FXGL Background Thread 3 ] DEBUG Engine               - enabledMenuItems: []
02:09:41.382 [FXGL Background Thread 3 ] DEBUG Engine               - engineServices: [class com.almasb.fxgl.app.services.FXGLAssetLoaderService, class com.almasb.fxgl.app.FXGLApplication$GameApplicationService, class com.almasb.fxgl.app.services.FXGLDialogService, class com.almasb.fxgl.app.services.IOTaskExecutorService, class com.almasb.fxgl.io.FileSystemService, class com.almasb.fxgl.localization.LocalizationService, class com.almasb.fxgl.app.services.SystemBundleService, class com.almasb.fxgl.profile.SaveLoadService, class com.almasb.fxgl.ui.FXGLUIFactoryServiceProvider, class com.almasb.fxgl.ui.FXGLDialogFactoryServiceProvider, class com.almasb.fxgl.audio.AudioPlayer, class com.almasb.fxgl.notification.impl.NotificationServiceProvider, class com.almasb.fxgl.achievement.AchievementService, class com.almasb.fxgl.cutscene.CutsceneService, class com.almasb.fxgl.minigames.MiniGameService, class com.almasb.fxgl.net.NetService, class com.almasb.fxgl.app.services.UpdaterService, class com.almasb.fxgl.dev.DevService]
02:09:41.382 [FXGL Background Thread 3 ] DEBUG Engine               - fontGame: Abel-Regular.ttf
02:09:41.382 [FXGL Background Thread 3 ] DEBUG Engine               - fontMono: lucida_console.ttf
02:09:41.382 [FXGL Background Thread 3 ] DEBUG Engine               - fontText: Courier-Prime.ttf
02:09:41.382 [FXGL Background Thread 3 ] DEBUG Engine               - fontUI: Quinquefive-Ea6d4.ttf
02:09:41.382 [FXGL Background Thread 3 ] DEBUG Engine               - fullScreen: BooleanProperty [value: false]
02:09:41.383 [FXGL Background Thread 3 ] DEBUG Engine               - gameDifficulty: MEDIUM
02:09:41.383 [FXGL Background Thread 3 ] DEBUG Engine               - gameDifficultyProperty: ObjectProperty [value: MEDIUM]
02:09:41.383 [FXGL Background Thread 3 ] DEBUG Engine               - globalMusicVolume: 0.5
02:09:41.383 [FXGL Background Thread 3 ] DEBUG Engine               - globalMusicVolumeProperty: DoubleProperty [value: 0.1]
02:09:41.383 [FXGL Background Thread 3 ] DEBUG Engine               - globalSoundVolume: 0.5
02:09:41.383 [FXGL Background Thread 3 ] DEBUG Engine               - globalSoundVolumeProperty: DoubleProperty [value: 0.1]
02:09:41.383 [FXGL Background Thread 3 ] DEBUG Engine               - height: 720
02:09:41.384 [FXGL Background Thread 3 ] DEBUG Engine               - is3D: false
02:09:41.384 [FXGL Background Thread 3 ] DEBUG Engine               - isAndroid: false
02:09:41.384 [FXGL Background Thread 3 ] DEBUG Engine               - isBrowser: false
02:09:41.384 [FXGL Background Thread 3 ] DEBUG Engine               - isClickFeedbackEnabled: false
02:09:41.384 [FXGL Background Thread 3 ] DEBUG Engine               - isCloseConfirmation: false
02:09:41.384 [FXGL Background Thread 3 ] DEBUG Engine               - isDesktop: true
02:09:41.385 [FXGL Background Thread 3 ] DEBUG Engine               - isDeveloperMenuEnabled: false
02:09:41.385 [FXGL Background Thread 3 ] DEBUG Engine               - isEntityPreloadEnabled: true
02:09:41.385 [FXGL Background Thread 3 ] DEBUG Engine               - isExperimentalTiledLargeMap: false
02:09:41.385 [FXGL Background Thread 3 ] DEBUG Engine               - isFileSystemWriteAllowed: true
02:09:41.385 [FXGL Background Thread 3 ] DEBUG Engine               - isFullScreenAllowed: false
02:09:41.385 [FXGL Background Thread 3 ] DEBUG Engine               - isFullScreenFromStart: false
02:09:41.385 [FXGL Background Thread 3 ] DEBUG Engine               - isGameMenuEnabled: true
02:09:41.385 [FXGL Background Thread 3 ] DEBUG Engine               - isIOS: false
02:09:41.386 [FXGL Background Thread 3 ] DEBUG Engine               - isIntroEnabled: false
02:09:41.386 [FXGL Background Thread 3 ] DEBUG Engine               - isLinux: false
02:09:41.386 [FXGL Background Thread 3 ] DEBUG Engine               - isMac: false
02:09:41.386 [FXGL Background Thread 3 ] DEBUG Engine               - isMainMenuEnabled: true
02:09:41.386 [FXGL Background Thread 3 ] DEBUG Engine               - isManualResizeEnabled: true
02:09:41.386 [FXGL Background Thread 3 ] DEBUG Engine               - isMobile: false
02:09:41.386 [FXGL Background Thread 3 ] DEBUG Engine               - isNative: false
02:09:41.386 [FXGL Background Thread 3 ] DEBUG Engine               - isPauseMusicWhenMinimized: true
02:09:41.386 [FXGL Background Thread 3 ] DEBUG Engine               - isPreserveResizeRatio: true
02:09:41.387 [FXGL Background Thread 3 ] DEBUG Engine               - isProfilingEnabled: false
02:09:41.387 [FXGL Background Thread 3 ] DEBUG Engine               - isScaleAffectedOnResize: true
02:09:41.387 [FXGL Background Thread 3 ] DEBUG Engine               - isSingleStep: false
02:09:41.387 [FXGL Background Thread 3 ] DEBUG Engine               - isUserProfileEnabled: false
02:09:41.387 [FXGL Background Thread 3 ] DEBUG Engine               - isWindows: true
02:09:41.387 [FXGL Background Thread 3 ] DEBUG Engine               - language: ObjectProperty [value: ENGLISH]
02:09:41.388 [FXGL Background Thread 3 ] DEBUG Engine               - menuKey: ESCAPE
02:09:41.388 [FXGL Background Thread 3 ] DEBUG Engine               - mouseSensitivity: 0.2
02:09:41.388 [FXGL Background Thread 3 ] DEBUG Engine               - notificationViewClass: class com.almasb.fxgl.notification.view.XboxNotificationView
02:09:41.388 [FXGL Background Thread 3 ] DEBUG Engine               - pixelsPerMeter: 50.0
02:09:41.388 [FXGL Background Thread 3 ] DEBUG Engine               - platform: WINDOWS
02:09:41.388 [FXGL Background Thread 3 ] DEBUG Engine               - prefHeightProperty: ReadOnlyDoubleProperty [value: 720.0]
02:09:41.388 [FXGL Background Thread 3 ] DEBUG Engine               - prefWidthProperty: ReadOnlyDoubleProperty [value: 720.0]
02:09:41.389 [FXGL Background Thread 3 ] DEBUG Engine               - profileDir: profiles/
02:09:41.389 [FXGL Background Thread 3 ] DEBUG Engine               - profileName: StringProperty [value: DEFAULT]
02:09:41.389 [FXGL Background Thread 3 ] DEBUG Engine               - randomSeed: -1
02:09:41.389 [FXGL Background Thread 3 ] DEBUG Engine               - runtimeInfo: RuntimeInfo(platform=WINDOWS, version=11.17, build=16.07.2021 15.46)
02:09:41.389 [FXGL Background Thread 3 ] DEBUG Engine               - saveFileExt: sav
02:09:41.389 [FXGL Background Thread 3 ] DEBUG Engine               - scaledHeightProp$fxgl: DoubleProperty [bound, value: 720.0]
02:09:41.389 [FXGL Background Thread 3 ] DEBUG Engine               - scaledWidthProp$fxgl: DoubleProperty [bound, value: 720.0]
02:09:41.390 [FXGL Background Thread 3 ] DEBUG Engine               - sceneFactory: Bomber.BombermanApp$1@29ee52b5
02:09:41.390 [FXGL Background Thread 3 ] DEBUG Engine               - secondsIn24h: 60
02:09:41.390 [FXGL Background Thread 3 ] DEBUG Engine               - soundMenuBack: menu/back.wav
02:09:41.390 [FXGL Background Thread 3 ] DEBUG Engine               - soundMenuPress: menu/press.wav
02:09:41.390 [FXGL Background Thread 3 ] DEBUG Engine               - soundMenuSelect: menu/select.wav
02:09:41.390 [FXGL Background Thread 3 ] DEBUG Engine               - soundNotification: core/notification.wav
02:09:41.390 [FXGL Background Thread 3 ] DEBUG Engine               - stageStyle: DECORATED
02:09:41.390 [FXGL Background Thread 3 ] DEBUG Engine               - supportedLanguages: [ENGLISH, FRENCH, GERMAN, HUNGARIAN, RUSSIAN]
02:09:41.390 [FXGL Background Thread 3 ] DEBUG Engine               - ticksPerSecond: -1
02:09:41.390 [FXGL Background Thread 3 ] DEBUG Engine               - title: BOMBERMAN
02:09:41.390 [FXGL Background Thread 3 ] DEBUG Engine               - urlGithub: https://github.com/AlmasB/FXGL
02:09:41.391 [FXGL Background Thread 3 ] DEBUG Engine               - urlLeaderboard: http://fxgl-top.herokuapp.com/
02:09:41.391 [FXGL Background Thread 3 ] DEBUG Engine               - urlPOM: https://raw.githubusercontent.com/AlmasB/FXGL/release/README.md
02:09:41.391 [FXGL Background Thread 3 ] DEBUG Engine               - userAppClass: class Bomber.BombermanApp
02:09:41.391 [FXGL Background Thread 3 ] DEBUG Engine               - version: 1.0
02:09:41.391 [FXGL Background Thread 3 ] DEBUG Engine               - versionCheckDays: 7
02:09:41.391 [FXGL Background Thread 3 ] DEBUG Engine               - width: 720
02:09:41.392 [FXGL Background Thread 3 ] DEBUG Engine               - Logging services
02:09:41.392 [FXGL Background Thread 3 ] DEBUG Engine               - class com.almasb.fxgl.app.services.FXGLAssetLoaderService
02:09:41.392 [FXGL Background Thread 3 ] DEBUG Engine               - class com.almasb.fxgl.app.FXGLApplication$GameApplicationService
02:09:41.392 [FXGL Background Thread 3 ] DEBUG Engine               - class com.almasb.fxgl.app.services.FXGLDialogService
02:09:41.392 [FXGL Background Thread 3 ] DEBUG Engine               - class com.almasb.fxgl.app.services.IOTaskExecutorService
02:09:41.392 [FXGL Background Thread 3 ] DEBUG Engine               - class com.almasb.fxgl.io.FileSystemService
02:09:41.392 [FXGL Background Thread 3 ] DEBUG Engine               - class com.almasb.fxgl.localization.LocalizationService
02:09:41.392 [FXGL Background Thread 3 ] DEBUG Engine               - class com.almasb.fxgl.app.services.SystemBundleService
02:09:41.392 [FXGL Background Thread 3 ] DEBUG Engine               - class com.almasb.fxgl.profile.SaveLoadService
02:09:41.392 [FXGL Background Thread 3 ] DEBUG Engine               - class com.almasb.fxgl.ui.FXGLUIFactoryServiceProvider
02:09:41.392 [FXGL Background Thread 3 ] DEBUG Engine               - class com.almasb.fxgl.ui.FXGLDialogFactoryServiceProvider
02:09:41.392 [FXGL Background Thread 3 ] DEBUG Engine               - class com.almasb.fxgl.audio.AudioPlayer
02:09:41.393 [FXGL Background Thread 3 ] DEBUG Engine               - class com.almasb.fxgl.notification.impl.NotificationServiceProvider
02:09:41.393 [FXGL Background Thread 3 ] DEBUG Engine               - class com.almasb.fxgl.achievement.AchievementService
02:09:41.393 [FXGL Background Thread 3 ] DEBUG Engine               - class com.almasb.fxgl.cutscene.CutsceneService
02:09:41.393 [FXGL Background Thread 3 ] DEBUG Engine               - class com.almasb.fxgl.minigames.MiniGameService
02:09:41.393 [FXGL Background Thread 3 ] DEBUG Engine               - class com.almasb.fxgl.net.NetService
02:09:41.393 [FXGL Background Thread 3 ] DEBUG Engine               - class com.almasb.fxgl.app.services.UpdaterService
02:09:41.393 [FXGL Background Thread 3 ] DEBUG Engine               - class com.almasb.fxgl.dev.DevService
02:09:42.477 [JavaFX Application Thread] DEBUG FXGLAssetLoaderServi - Loading from file system: file:/D:/Code/ProjectJavaFX/bomberman/Bomber/target/classes/assets/textures/bomb_ani.png
02:09:44.613 [JavaFX Application Thread] DEBUG FXGLAssetLoaderServi - Loading from file system: file:/D:/Code/ProjectJavaFX/bomberman/Bomber/target/classes/assets/textures/bomb_exploded_1.png
02:09:44.627 [JavaFX Application Thread] DEBUG FXGLAssetLoaderServi - Loading from file system: file:/D:/Code/ProjectJavaFX/bomberman/Bomber/target/classes/assets/textures/brick_break.png
02:10:06.981 [JavaFX Application Thread] WARN  TMXLevelLoader       - TiledMap generated from 1.7.2. Supported version: 1.2.3. Some features may not be parsed fully.
02:10:06.989 [JavaFX Application Thread] DEBUG TMXLevelLoader       - Parsed TiledMap: file:/D:/Code/ProjectJavaFX/bomberman/Bomber/target/classes/assets/levels/bbm_level2.tmx
02:10:06.989 [JavaFX Application Thread] DEBUG TMXLevelLoader       - Creating tile layer entities
02:10:06.989 [JavaFX Application Thread] DEBUG TilesetLoader        - Loading view for layer Tile Layer 1
02:10:06.992 [JavaFX Application Thread] DEBUG TilesetLoader        - Created buffer with size 1488.0x720.0
02:10:07.077 [JavaFX Application Thread] DEBUG TilesetLoader        - Loading view for layer Tile Layer 2
02:10:07.078 [JavaFX Application Thread] DEBUG TilesetLoader        - Created buffer with size 1488.0x720.0
02:10:07.079 [JavaFX Application Thread] DEBUG TMXLevelLoader       - Creating object layer entities
02:10:07.080 [JavaFX Application Thread] WARN  Entity               - Entity already has component: com.almasb.fxgl.physics.PhysicsComponent
02:10:07.080 [JavaFX Application Thread] DEBUG FXGLAssetLoaderServi - Loading from file system: file:/D:/Code/ProjectJavaFX/bomberman/Bomber/target/classes/assets/textures/grass.png
02:10:07.106 [JavaFX Application Thread] DEBUG GameWorld            - Clearing removable entities
02:10:07.117 [JavaFX Application Thread] DEBUG GameWorld            - Setting level: com.almasb.fxgl.entity.level.Level@2356554f
02:10:11.280 [JavaFX Application Thread] DEBUG FXGLAssetLoaderServi - Loading from file system: file:/D:/Code/ProjectJavaFX/bomberman/Bomber/target/classes/assets/textures/grass_break_2.png
02:10:33.908 [JavaFX Application Thread] DEBUG FXGLApplication      - Exiting FXGL
02:10:33.908 [JavaFX Application Thread] DEBUG LoopRunner           - Stopping loop
02:10:33.908 [JavaFX Application Thread] DEBUG SystemBundleService  - Saving FXGL system data
02:10:33.910 [JavaFX Application Thread] DEBUG FileSystemAccess     - Writing to: D:\Code\ProjectJavaFX\bomberman\Bomber\system\fxgl.bundle
02:10:33.911 [JavaFX Application Thread] DEBUG Async                - Shutting down background threads
02:10:33.911 [JavaFX Application Thread] DEBUG PrimaryStageWindow   - Closing main window
02:10:33.939 [JavaFX Application Thread] DEBUG Logger               - Closing Logger
