16:39:36.740 [main                     ] DEBUG Logger               - Configured Logger
16:39:36.756 [main                     ] DEBUG GameApplication      - Logging settings
Title: BOMBERMAN
Version: 1.0
Width: 720
Height: 720
Fullscreen: false
Intro: false
Profiling: false
Single step:false
App Mode: DEVELOPER
Menu Key: ESCAPE
Stage Style: DECORATED
Scene Factory: class Bomber.BombermanApp$1

16:39:37.314 [JavaFX Application Thread] DEBUG FXGLApplication      - Initializing FXGL
16:39:37.317 [JavaFX Application Thread] INFO  Engine               - FXGL-11.17 (16.07.2021 15.46) on WINDOWS (J:17.0.1 FX:16)
16:39:37.318 [JavaFX Application Thread] DEBUG Engine               - JRE Vendor Name: Oracle Corporation
16:39:37.318 [JavaFX Application Thread] DEBUG Engine               - Running on OS: Windows 10 version 10.0
16:39:37.318 [JavaFX Application Thread] DEBUG Engine               - Architecture: amd64
16:39:37.318 [JavaFX Application Thread] INFO  Engine               - Source code and latest versions at: https://github.com/AlmasB/FXGL
16:39:37.319 [JavaFX Application Thread] INFO  Engine               -              Join the FXGL chat at: https://gitter.im/AlmasB/FXGL
16:39:37.492 [JavaFX Application Thread] DEBUG PrimaryStageWindow   - Creating a JavaFX scene
16:39:37.529 [JavaFX Application Thread] DEBUG PrimaryStageWindow   - Target settings size: 720.0 x 720.0
16:39:37.529 [JavaFX Application Thread] DEBUG PrimaryStageWindow   - Scaled scene size:    720.0 x 720.0
16:39:37.529 [JavaFX Application Thread] DEBUG PrimaryStageWindow   - Scaled ratio: (1.0, 1.0)
16:39:37.530 [JavaFX Application Thread] DEBUG PrimaryStageWindow   - Set initial scene to FXGLStartupScene
16:39:37.537 [JavaFX Application Thread] DEBUG PrimaryStageWindow   - Opening main window
16:39:37.633 [JavaFX Application Thread] DEBUG PrimaryStageWindow   - Window border size: (14.4000244140625, 37.5999755859375)
16:39:37.633 [JavaFX Application Thread] DEBUG PrimaryStageWindow   - Scaled size: 720.0 x 720.0
16:39:37.634 [JavaFX Application Thread] DEBUG PrimaryStageWindow   - Scaled ratio: (1.0, 1.0)
16:39:37.634 [JavaFX Application Thread] DEBUG PrimaryStageWindow   - Scene size: 720.0 x 720.0
16:39:37.635 [JavaFX Application Thread] DEBUG PrimaryStageWindow   - Stage size: 734.4000244140625 x 757.5999755859375
16:39:37.649 [FXGL Background Thread 1 ] DEBUG Engine               - Initializing environment variables
16:39:37.770 [FXGL Background Thread 1 ] DEBUG FXGLAssetLoaderServi - User app class for loading assets: class Bomber.BombermanApp
16:39:37.771 [FXGL Background Thread 1 ] DEBUG GameApplicationServi - Applying CSS: fxgl_dark.css
16:39:37.772 [FXGL Background Thread 1 ] DEBUG FXGLAssetLoaderServi - Loading from file system: jar:file:/C:/Users/thinh/.m2/repository/com/github/almasb/fxgl/11.17/fxgl-11.17.jar!/fxglassets/ui/css/fxgl_dark.css
16:39:37.856 [FXGL Background Thread 1 ] DEBUG GameApplicationServi - Initializing application scenes
16:39:37.938 [FXGL Background Thread 1 ] DEBUG GameWorld            - Game world initialized
16:39:38.072 [FXGL Background Thread 1 ] DEBUG PhysicsWorld         - Physics world initialized: appHeight=720, physics.ppm=50.0
16:39:38.073 [FXGL Background Thread 1 ] DEBUG PhysicsWorld         - Using strategy: BRUTE_FORCE
16:39:38.076 [FXGL Background Thread 1 ] DEBUG GameScene            - Game scene initialized: 720x720
16:39:38.175 [FXGL Background Thread 1 ] DEBUG GameApplicationServi - Application scenes initialized
16:39:38.184 [FXGL Background Thread 1 ] DEBUG SystemBundleService  - Loading FXGL system data
16:39:38.189 [FXGL Background Thread 1 ] DEBUG FileSystemAccess     - Reading from: D:\Code\ProjectJavaFX\bomberman\Bomber\system\fxgl.bundle
16:39:38.205 [FXGL Background Thread 1 ] DEBUG SystemBundleService  - Bundle FXGL: {}
16:39:38.206 [FXGL Background Thread 1 ] DEBUG UpdaterService       - Checking for updates
16:39:38.259 [FXGL Background Thread 4 ] DEBUG FXGLApplication      - Loading fonts
16:39:38.259 [FXGL Background Thread 4 ] DEBUG FXGLAssetLoaderServi - Loading from file system: file:/D:/Code/ProjectJavaFX/bomberman/Bomber/target/classes/assets/ui/fonts/Quinquefive-Ea6d4.ttf
16:39:38.260 [FXGL Background Thread 1 ] DEBUG FXGLApplication      - Loading default localization
16:39:38.260 [FXGL Background Thread 1 ] DEBUG FXGLAssetLoaderServi - Loading from file system: jar:file:/C:/Users/thinh/.m2/repository/com/github/almasb/fxgl/11.17/fxgl-11.17.jar!/fxglassets/languages/english.lang
16:39:38.310 [FXGL Background Thread 1 ] INFO  FXGLApplication      - FXGL initialization took: 0.660 sec
16:39:38.321 [JavaFX Application Thread] DEBUG Input                - Registered new binding: Move Up - W
16:39:38.322 [JavaFX Application Thread] DEBUG Input                - Registered new binding: Move Down - S
16:39:38.322 [JavaFX Application Thread] DEBUG Input                - Registered new binding: Move Left - A
16:39:38.322 [JavaFX Application Thread] DEBUG Input                - Registered new binding: Move Right - D
16:39:38.322 [JavaFX Application Thread] DEBUG Input                - Registered new binding: Place Bomb - Space
16:39:38.323 [JavaFX Application Thread] DEBUG FXGLAssetLoaderServi - Loading from file system: file:/D:/Code/ProjectJavaFX/bomberman/Bomber/target/classes/assets/music/title_screen.mp3
16:39:38.393 [FXGL Background Thread 4 ] DEBUG FXGLAssetLoaderServi - Loading from file system: jar:file:/C:/Users/thinh/.m2/repository/com/github/almasb/fxgl/11.17/fxgl-11.17.jar!/fxglassets/ui/fonts/Abel-Regular.ttf
16:39:38.430 [FXGL Background Thread 4 ] DEBUG FXGLAssetLoaderServi - Loading from file system: jar:file:/C:/Users/thinh/.m2/repository/com/github/almasb/fxgl/11.17/fxgl-11.17.jar!/fxglassets/ui/fonts/lucida_console.ttf
16:39:38.451 [FXGL Background Thread 4 ] DEBUG FXGLAssetLoaderServi - Loading from file system: jar:file:/C:/Users/thinh/.m2/repository/com/github/almasb/fxgl/11.17/fxgl-11.17.jar!/fxglassets/ui/fonts/Courier-Prime.ttf
16:39:38.572 [JavaFX Application Thread] DEBUG AudioPlayer          - Playing music com.almasb.fxgl.audio.Music@822754e
16:39:38.573 [JavaFX Application Thread] DEBUG FXGLAssetLoaderServi - Loading from file system: jar:file:/C:/Users/thinh/.m2/repository/com/github/almasb/fxgl/11.17/fxgl-11.17.jar!/fxglassets/textures/fxgl_icon.png
16:39:38.605 [JavaFX Application Thread] DEBUG FXGLAssetLoaderServi - Loading from file system: jar:file:/C:/Users/thinh/.m2/repository/com/github/almasb/fxgl/11.17/fxgl-11.17.jar!/fxglassets/textures/fxgl_default_cursor.png
16:39:38.606 [JavaFX Application Thread] DEBUG Input                - Registered new binding: Screenshot - CTRL+8
16:39:38.607 [JavaFX Application Thread] DEBUG Input                - Registered new binding: Dev Options - 1
16:39:38.607 [JavaFX Application Thread] DEBUG Input                - Registered new binding: Dev Console - 2
16:39:38.607 [JavaFX Application Thread] DEBUG Input                - Registered new binding: System info dump - CTRL+9
16:39:38.608 [JavaFX Application Thread] DEBUG Input                - Registered new binding: Restart - CTRL+R
16:39:38.608 [JavaFX Application Thread] DEBUG Input                - Registered new binding: Toggle Debug Camera - CTRL+C
16:39:38.611 [JavaFX Application Thread] DEBUG LoopRunner           - Starting loop
16:39:38.647 [JavaFX Application Thread] DEBUG LoopRunner           - Initializing JavaFX AnimationTimerLoop
16:39:38.652 [JavaFX Application Thread] DEBUG Input                - Clearing active input actions
16:39:38.662 [JavaFX Application Thread] DEBUG GameApplicationServi - Removing overlay from FXGLStartupScene and adding to FXGLMainMenuDummyScene
16:39:38.673 [JavaFX Application Thread] DEBUG PrimaryStageWindow   - FXGLStartupScene -> FXGLMainMenuDummyScene
16:39:38.673 [JavaFX Application Thread] DEBUG PrimaryStageWindow   - Push state: BombermanMenu
16:39:38.673 [JavaFX Application Thread] DEBUG Input                - Clearing active input actions
16:39:38.677 [JavaFX Application Thread] DEBUG GameApplicationServi - Removing overlay from FXGLMainMenuDummyScene and adding to BombermanMenu
16:39:38.677 [JavaFX Application Thread] DEBUG PrimaryStageWindow   - FXGLMainMenuDummyScene -> BombermanMenu
16:39:38.679 [JavaFX Application Thread] DEBUG FXGLApplication      - Registering font factories with UI factory
16:39:39.513 [JavaFX Application Thread] DEBUG FXGLApplication      - Exiting FXGL
16:39:39.513 [JavaFX Application Thread] DEBUG LoopRunner           - Stopping loop
16:39:39.513 [JavaFX Application Thread] DEBUG SystemBundleService  - Saving FXGL system data
16:39:39.517 [JavaFX Application Thread] DEBUG FileSystemAccess     - Writing to: D:\Code\ProjectJavaFX\bomberman\Bomber\system\fxgl.bundle
16:39:39.520 [JavaFX Application Thread] DEBUG Async                - Shutting down background threads
16:39:39.520 [JavaFX Application Thread] DEBUG PrimaryStageWindow   - Closing main window
16:39:39.534 [JavaFX Application Thread] DEBUG Logger               - Closing Logger
