14:49:08.971 [main                     ] DEBUG Logger               - Configured Logger
14:49:08.987 [main                     ] DEBUG GameApplication      - Logging settings
Title: BOMBERMAN
Version: 1.0
Width: 720
Height: 720
Fullscreen: false
Intro: false
Profiling: false
Single step:false
App Mode: DEVELOPER
Menu Key: ESCAPE
Stage Style: DECORATED
Scene Factory: class Bomber.BombermanApp$1

14:49:10.408 [JavaFX Application Thread] DEBUG FXGLApplication      - Initializing FXGL
14:49:10.412 [JavaFX Application Thread] INFO  Engine               - FXGL-11.17 (16.07.2021 15.46) on WINDOWS (J:17.0.1 FX:16)
14:49:10.413 [JavaFX Application Thread] DEBUG Engine               - JRE Vendor Name: Oracle Corporation
14:49:10.413 [JavaFX Application Thread] DEBUG Engine               - Running on OS: Windows 10 version 10.0
14:49:10.413 [JavaFX Application Thread] DEBUG Engine               - Architecture: amd64
14:49:10.413 [JavaFX Application Thread] INFO  Engine               - Source code and latest versions at: https://github.com/AlmasB/FXGL
14:49:10.413 [JavaFX Application Thread] INFO  Engine               -              Join the FXGL chat at: https://gitter.im/AlmasB/FXGL
14:49:10.573 [JavaFX Application Thread] DEBUG PrimaryStageWindow   - Creating a JavaFX scene
14:49:10.634 [JavaFX Application Thread] DEBUG PrimaryStageWindow   - Target settings size: 720.0 x 720.0
14:49:10.634 [JavaFX Application Thread] DEBUG PrimaryStageWindow   - Scaled scene size:    720.0 x 720.0
14:49:10.634 [JavaFX Application Thread] DEBUG PrimaryStageWindow   - Scaled ratio: (1.0, 1.0)
14:49:10.635 [JavaFX Application Thread] DEBUG PrimaryStageWindow   - Set initial scene to FXGLStartupScene
14:49:10.642 [JavaFX Application Thread] DEBUG PrimaryStageWindow   - Opening main window
14:49:10.768 [JavaFX Application Thread] DEBUG PrimaryStageWindow   - Window border size: (14.4000244140625, 37.5999755859375)
14:49:10.768 [JavaFX Application Thread] DEBUG PrimaryStageWindow   - Scaled size: 720.0 x 720.0
14:49:10.768 [JavaFX Application Thread] DEBUG PrimaryStageWindow   - Scaled ratio: (1.0, 1.0)
14:49:10.768 [JavaFX Application Thread] DEBUG PrimaryStageWindow   - Scene size: 720.0 x 720.0
14:49:10.768 [JavaFX Application Thread] DEBUG PrimaryStageWindow   - Stage size: 734.4000244140625 x 757.5999755859375
14:49:10.776 [FXGL Background Thread 1 ] DEBUG Engine               - Initializing environment variables
14:49:10.859 [FXGL Background Thread 1 ] DEBUG FXGLAssetLoaderServi - User app class for loading assets: class Bomber.BombermanApp
14:49:10.859 [FXGL Background Thread 1 ] DEBUG GameApplicationServi - Applying CSS: fxgl_dark.css
14:49:10.860 [FXGL Background Thread 1 ] DEBUG FXGLAssetLoaderServi - Loading from file system: jar:file:/C:/Users/thinh/.m2/repository/com/github/almasb/fxgl/11.17/fxgl-11.17.jar!/fxglassets/ui/css/fxgl_dark.css
14:49:10.909 [FXGL Background Thread 1 ] DEBUG GameApplicationServi - Initializing application scenes
14:49:10.960 [FXGL Background Thread 1 ] DEBUG GameWorld            - Game world initialized
14:49:11.054 [FXGL Background Thread 1 ] DEBUG PhysicsWorld         - Physics world initialized: appHeight=720, physics.ppm=50.0
14:49:11.054 [FXGL Background Thread 1 ] DEBUG PhysicsWorld         - Using strategy: BRUTE_FORCE
14:49:11.057 [FXGL Background Thread 1 ] DEBUG GameScene            - Game scene initialized: 720x720
14:49:11.143 [FXGL Background Thread 1 ] DEBUG GameApplicationServi - Application scenes initialized
14:49:11.152 [FXGL Background Thread 1 ] DEBUG SystemBundleService  - Loading FXGL system data
14:49:11.164 [FXGL Background Thread 1 ] DEBUG FileSystemAccess     - Reading from: D:\Code\ProjectJavaFX\bomberman\Bomber\system\fxgl.bundle
14:49:11.173 [FXGL Background Thread 1 ] DEBUG SystemBundleService  - Bundle FXGL: {}
14:49:11.173 [FXGL Background Thread 1 ] DEBUG UpdaterService       - Checking for updates
14:49:11.180 [FXGL Background Thread 4 ] DEBUG FXGLApplication      - Loading fonts
14:49:11.180 [FXGL Background Thread 1 ] DEBUG FXGLApplication      - Loading default localization
14:49:11.180 [FXGL Background Thread 4 ] DEBUG FXGLAssetLoaderServi - Loading from file system: file:/D:/Code/ProjectJavaFX/bomberman/Bomber/target/classes/assets/ui/fonts/Quinquefive-Ea6d4.ttf
14:49:11.181 [FXGL Background Thread 1 ] DEBUG FXGLAssetLoaderServi - Loading from file system: jar:file:/C:/Users/thinh/.m2/repository/com/github/almasb/fxgl/11.17/fxgl-11.17.jar!/fxglassets/languages/english.lang
14:49:11.204 [FXGL Background Thread 1 ] INFO  FXGLApplication      - FXGL initialization took: 0.428 sec
14:49:11.216 [JavaFX Application Thread] DEBUG Input                - Registered new binding: Move Up - W
14:49:11.217 [JavaFX Application Thread] DEBUG Input                - Registered new binding: Move Down - S
14:49:11.217 [JavaFX Application Thread] DEBUG Input                - Registered new binding: Move Left - A
14:49:11.217 [JavaFX Application Thread] DEBUG Input                - Registered new binding: Move Right - D
14:49:11.217 [JavaFX Application Thread] DEBUG Input                - Registered new binding: Place Bomb - Space
14:49:11.217 [JavaFX Application Thread] DEBUG FXGLAssetLoaderServi - Loading from file system: file:/D:/Code/ProjectJavaFX/bomberman/Bomber/target/classes/assets/music/title_screen.mp3
14:49:11.284 [FXGL Background Thread 4 ] DEBUG FXGLAssetLoaderServi - Loading from file system: jar:file:/C:/Users/thinh/.m2/repository/com/github/almasb/fxgl/11.17/fxgl-11.17.jar!/fxglassets/ui/fonts/Abel-Regular.ttf
14:49:11.312 [FXGL Background Thread 4 ] DEBUG FXGLAssetLoaderServi - Loading from file system: jar:file:/C:/Users/thinh/.m2/repository/com/github/almasb/fxgl/11.17/fxgl-11.17.jar!/fxglassets/ui/fonts/lucida_console.ttf
14:49:11.338 [FXGL Background Thread 4 ] DEBUG FXGLAssetLoaderServi - Loading from file system: jar:file:/C:/Users/thinh/.m2/repository/com/github/almasb/fxgl/11.17/fxgl-11.17.jar!/fxglassets/ui/fonts/Courier-Prime.ttf
14:49:11.639 [JavaFX Application Thread] DEBUG AudioPlayer          - Playing music com.almasb.fxgl.audio.Music@23471507
14:49:11.639 [JavaFX Application Thread] DEBUG FXGLAssetLoaderServi - Loading from file system: jar:file:/C:/Users/thinh/.m2/repository/com/github/almasb/fxgl/11.17/fxgl-11.17.jar!/fxglassets/textures/fxgl_icon.png
14:49:11.678 [JavaFX Application Thread] DEBUG FXGLAssetLoaderServi - Loading from file system: jar:file:/C:/Users/thinh/.m2/repository/com/github/almasb/fxgl/11.17/fxgl-11.17.jar!/fxglassets/textures/fxgl_default_cursor.png
14:49:11.680 [JavaFX Application Thread] DEBUG Input                - Registered new binding: Screenshot - CTRL+8
14:49:11.681 [JavaFX Application Thread] DEBUG Input                - Registered new binding: System info dump - CTRL+9
14:49:11.681 [JavaFX Application Thread] DEBUG Input                - Registered new binding: Restart - CTRL+R
14:49:11.682 [JavaFX Application Thread] DEBUG Input                - Registered new binding: Toggle Debug Camera - CTRL+C
14:49:11.684 [JavaFX Application Thread] DEBUG LoopRunner           - Starting loop
14:49:11.685 [JavaFX Application Thread] DEBUG LoopRunner           - Initializing JavaFX AnimationTimerLoop
14:49:11.687 [JavaFX Application Thread] DEBUG Input                - Clearing active input actions
14:49:11.694 [JavaFX Application Thread] DEBUG GameApplicationServi - Removing overlay from FXGLStartupScene and adding to FXGLMainMenuDummyScene
14:49:11.694 [JavaFX Application Thread] DEBUG PrimaryStageWindow   - FXGLStartupScene -> FXGLMainMenuDummyScene
14:49:11.694 [JavaFX Application Thread] DEBUG PrimaryStageWindow   - Push state: BombermanMenu
14:49:11.694 [JavaFX Application Thread] DEBUG Input                - Clearing active input actions
14:49:11.697 [JavaFX Application Thread] DEBUG GameApplicationServi - Removing overlay from FXGLMainMenuDummyScene and adding to BombermanMenu
14:49:11.698 [JavaFX Application Thread] DEBUG PrimaryStageWindow   - FXGLMainMenuDummyScene -> BombermanMenu
14:49:11.698 [JavaFX Application Thread] DEBUG FXGLApplication      - Registering font factories with UI factory
14:49:14.179 [FXGL Background Thread 3 ] DEBUG Engine               - Logging environment variables
14:49:14.179 [FXGL Background Thread 3 ] DEBUG Engine               - achievements: []
14:49:14.179 [FXGL Background Thread 3 ] DEBUG Engine               - actualHeight: 720.0
14:49:14.180 [FXGL Background Thread 3 ] DEBUG Engine               - actualHeightProperty: ReadOnlyDoubleProperty [value: 720.0]
14:49:14.180 [FXGL Background Thread 3 ] DEBUG Engine               - actualWidth: 720.0
14:49:14.180 [FXGL Background Thread 3 ] DEBUG Engine               - actualWidthProperty: ReadOnlyDoubleProperty [value: 720.0]
14:49:14.180 [FXGL Background Thread 3 ] DEBUG Engine               - appIcon: fxgl_icon.png
14:49:14.180 [FXGL Background Thread 3 ] DEBUG Engine               - applicationMode: DEVELOPER
14:49:14.180 [FXGL Background Thread 3 ] DEBUG Engine               - cSSList: [fxgl_dark.css]
14:49:14.180 [FXGL Background Thread 3 ] DEBUG Engine               - collisionDetectionStrategy: BRUTE_FORCE
14:49:14.180 [FXGL Background Thread 3 ] DEBUG Engine               - configClass: Optional.empty
14:49:14.180 [FXGL Background Thread 3 ] DEBUG Engine               - credits: []
14:49:14.180 [FXGL Background Thread 3 ] DEBUG Engine               - defaultCursor: CursorInfo(imageName=fxgl_default_cursor.png, hotspotX=7.0, hotspotY=6.0)
14:49:14.181 [FXGL Background Thread 3 ] DEBUG Engine               - devBBoxColorProperty: ObjectProperty [value: 0xff0000ff]
14:49:14.181 [FXGL Background Thread 3 ] DEBUG Engine               - devEnableDebugCameraProperty: BooleanProperty [value: false]
14:49:14.181 [FXGL Background Thread 3 ] DEBUG Engine               - devSensorColorProperty: ObjectProperty [value: 0xffff00ff]
14:49:14.181 [FXGL Background Thread 3 ] DEBUG Engine               - devShowBBoxProperty: BooleanProperty [value: false]
14:49:14.181 [FXGL Background Thread 3 ] DEBUG Engine               - devShowPositionProperty: BooleanProperty [value: false]
14:49:14.181 [FXGL Background Thread 3 ] DEBUG Engine               - enabledMenuItems: []
14:49:14.181 [FXGL Background Thread 3 ] DEBUG Engine               - engineServices: [class com.almasb.fxgl.app.services.FXGLAssetLoaderService, class com.almasb.fxgl.app.FXGLApplication$GameApplicationService, class com.almasb.fxgl.app.services.FXGLDialogService, class com.almasb.fxgl.app.services.IOTaskExecutorService, class com.almasb.fxgl.io.FileSystemService, class com.almasb.fxgl.localization.LocalizationService, class com.almasb.fxgl.app.services.SystemBundleService, class com.almasb.fxgl.profile.SaveLoadService, class com.almasb.fxgl.ui.FXGLUIFactoryServiceProvider, class com.almasb.fxgl.ui.FXGLDialogFactoryServiceProvider, class com.almasb.fxgl.audio.AudioPlayer, class com.almasb.fxgl.notification.impl.NotificationServiceProvider, class com.almasb.fxgl.achievement.AchievementService, class com.almasb.fxgl.cutscene.CutsceneService, class com.almasb.fxgl.minigames.MiniGameService, class com.almasb.fxgl.net.NetService, class com.almasb.fxgl.app.services.UpdaterService, class com.almasb.fxgl.dev.DevService]
14:49:14.181 [FXGL Background Thread 3 ] DEBUG Engine               - fontGame: Abel-Regular.ttf
14:49:14.181 [FXGL Background Thread 3 ] DEBUG Engine               - fontMono: lucida_console.ttf
14:49:14.181 [FXGL Background Thread 3 ] DEBUG Engine               - fontText: Courier-Prime.ttf
14:49:14.182 [FXGL Background Thread 3 ] DEBUG Engine               - fontUI: Quinquefive-Ea6d4.ttf
14:49:14.182 [FXGL Background Thread 3 ] DEBUG Engine               - fullScreen: BooleanProperty [value: false]
14:49:14.182 [FXGL Background Thread 3 ] DEBUG Engine               - gameDifficulty: MEDIUM
14:49:14.182 [FXGL Background Thread 3 ] DEBUG Engine               - gameDifficultyProperty: ObjectProperty [value: MEDIUM]
14:49:14.182 [FXGL Background Thread 3 ] DEBUG Engine               - globalMusicVolume: 0.5
14:49:14.182 [FXGL Background Thread 3 ] DEBUG Engine               - globalMusicVolumeProperty: DoubleProperty [value: 0.1]
14:49:14.182 [FXGL Background Thread 3 ] DEBUG Engine               - globalSoundVolume: 0.5
14:49:14.182 [FXGL Background Thread 3 ] DEBUG Engine               - globalSoundVolumeProperty: DoubleProperty [value: 0.1]
14:49:14.182 [FXGL Background Thread 3 ] DEBUG Engine               - height: 720
14:49:14.183 [FXGL Background Thread 3 ] DEBUG Engine               - is3D: false
14:49:14.183 [FXGL Background Thread 3 ] DEBUG Engine               - isAndroid: false
14:49:14.183 [FXGL Background Thread 3 ] DEBUG Engine               - isBrowser: false
14:49:14.183 [FXGL Background Thread 3 ] DEBUG Engine               - isClickFeedbackEnabled: false
14:49:14.183 [FXGL Background Thread 3 ] DEBUG Engine               - isCloseConfirmation: false
14:49:14.183 [FXGL Background Thread 3 ] DEBUG Engine               - isDesktop: true
14:49:14.183 [FXGL Background Thread 3 ] DEBUG Engine               - isDeveloperMenuEnabled: false
14:49:14.183 [FXGL Background Thread 3 ] DEBUG Engine               - isEntityPreloadEnabled: true
14:49:14.183 [FXGL Background Thread 3 ] DEBUG Engine               - isExperimentalTiledLargeMap: false
14:49:14.183 [FXGL Background Thread 3 ] DEBUG Engine               - isFileSystemWriteAllowed: true
14:49:14.183 [FXGL Background Thread 3 ] DEBUG Engine               - isFullScreenAllowed: false
14:49:14.184 [FXGL Background Thread 3 ] DEBUG Engine               - isFullScreenFromStart: false
14:49:14.184 [FXGL Background Thread 3 ] DEBUG Engine               - isGameMenuEnabled: true
14:49:14.184 [FXGL Background Thread 3 ] DEBUG Engine               - isIOS: false
14:49:14.184 [FXGL Background Thread 3 ] DEBUG Engine               - isIntroEnabled: false
14:49:14.184 [FXGL Background Thread 3 ] DEBUG Engine               - isLinux: false
14:49:14.184 [FXGL Background Thread 3 ] DEBUG Engine               - isMac: false
14:49:14.184 [FXGL Background Thread 3 ] DEBUG Engine               - isMainMenuEnabled: true
14:49:14.184 [FXGL Background Thread 3 ] DEBUG Engine               - isManualResizeEnabled: true
14:49:14.184 [FXGL Background Thread 3 ] DEBUG Engine               - isMobile: false
14:49:14.184 [FXGL Background Thread 3 ] DEBUG Engine               - isNative: false
14:49:14.185 [FXGL Background Thread 3 ] DEBUG Engine               - isPauseMusicWhenMinimized: true
14:49:14.185 [FXGL Background Thread 3 ] DEBUG Engine               - isPreserveResizeRatio: true
14:49:14.185 [FXGL Background Thread 3 ] DEBUG Engine               - isProfilingEnabled: false
14:49:14.185 [FXGL Background Thread 3 ] DEBUG Engine               - isScaleAffectedOnResize: true
14:49:14.185 [FXGL Background Thread 3 ] DEBUG Engine               - isSingleStep: false
14:49:14.185 [FXGL Background Thread 3 ] DEBUG Engine               - isUserProfileEnabled: false
14:49:14.185 [FXGL Background Thread 3 ] DEBUG Engine               - isWindows: true
14:49:14.185 [FXGL Background Thread 3 ] DEBUG Engine               - language: ObjectProperty [value: ENGLISH]
14:49:14.185 [FXGL Background Thread 3 ] DEBUG Engine               - menuKey: ESCAPE
14:49:14.185 [FXGL Background Thread 3 ] DEBUG Engine               - mouseSensitivity: 0.2
14:49:14.185 [FXGL Background Thread 3 ] DEBUG Engine               - notificationViewClass: class com.almasb.fxgl.notification.view.XboxNotificationView
14:49:14.185 [FXGL Background Thread 3 ] DEBUG Engine               - pixelsPerMeter: 50.0
14:49:14.185 [FXGL Background Thread 3 ] DEBUG Engine               - platform: WINDOWS
14:49:14.186 [FXGL Background Thread 3 ] DEBUG Engine               - prefHeightProperty: ReadOnlyDoubleProperty [value: 720.0]
14:49:14.186 [FXGL Background Thread 3 ] DEBUG Engine               - prefWidthProperty: ReadOnlyDoubleProperty [value: 720.0]
14:49:14.186 [FXGL Background Thread 3 ] DEBUG Engine               - profileDir: profiles/
14:49:14.186 [FXGL Background Thread 3 ] DEBUG Engine               - profileName: StringProperty [value: DEFAULT]
14:49:14.186 [FXGL Background Thread 3 ] DEBUG Engine               - randomSeed: -1
14:49:14.186 [FXGL Background Thread 3 ] DEBUG Engine               - runtimeInfo: RuntimeInfo(platform=WINDOWS, version=11.17, build=16.07.2021 15.46)
14:49:14.186 [FXGL Background Thread 3 ] DEBUG Engine               - saveFileExt: sav
14:49:14.186 [FXGL Background Thread 3 ] DEBUG Engine               - scaledHeightProp$fxgl: DoubleProperty [bound, value: 720.0]
14:49:14.186 [FXGL Background Thread 3 ] DEBUG Engine               - scaledWidthProp$fxgl: DoubleProperty [bound, value: 720.0]
14:49:14.186 [FXGL Background Thread 3 ] DEBUG Engine               - sceneFactory: Bomber.BombermanApp$1@43d0b865
14:49:14.187 [FXGL Background Thread 3 ] DEBUG Engine               - secondsIn24h: 60
14:49:14.187 [FXGL Background Thread 3 ] DEBUG Engine               - soundMenuBack: menu/back.wav
14:49:14.187 [FXGL Background Thread 3 ] DEBUG Engine               - soundMenuPress: menu/press.wav
14:49:14.187 [FXGL Background Thread 3 ] DEBUG Engine               - soundMenuSelect: menu/select.wav
14:49:14.187 [FXGL Background Thread 3 ] DEBUG Engine               - soundNotification: core/notification.wav
14:49:14.187 [FXGL Background Thread 3 ] DEBUG Engine               - stageStyle: DECORATED
14:49:14.187 [FXGL Background Thread 3 ] DEBUG Engine               - supportedLanguages: [ENGLISH, FRENCH, GERMAN, HUNGARIAN, RUSSIAN]
14:49:14.187 [FXGL Background Thread 3 ] DEBUG Engine               - ticksPerSecond: -1
14:49:14.187 [FXGL Background Thread 3 ] DEBUG Engine               - title: BOMBERMAN
14:49:14.187 [FXGL Background Thread 3 ] DEBUG Engine               - urlGithub: https://github.com/AlmasB/FXGL
14:49:14.187 [FXGL Background Thread 3 ] DEBUG Engine               - urlLeaderboard: http://fxgl-top.herokuapp.com/
14:49:14.187 [FXGL Background Thread 3 ] DEBUG Engine               - urlPOM: https://raw.githubusercontent.com/AlmasB/FXGL/release/README.md
14:49:14.187 [FXGL Background Thread 3 ] DEBUG Engine               - userAppClass: class Bomber.BombermanApp
14:49:14.188 [FXGL Background Thread 3 ] DEBUG Engine               - version: 1.0
14:49:14.188 [FXGL Background Thread 3 ] DEBUG Engine               - versionCheckDays: 7
14:49:14.188 [FXGL Background Thread 3 ] DEBUG Engine               - width: 720
14:49:14.188 [FXGL Background Thread 3 ] DEBUG Engine               - Logging services
14:49:14.188 [FXGL Background Thread 3 ] DEBUG Engine               - class com.almasb.fxgl.app.services.FXGLAssetLoaderService
14:49:14.188 [FXGL Background Thread 3 ] DEBUG Engine               - class com.almasb.fxgl.app.FXGLApplication$GameApplicationService
14:49:14.188 [FXGL Background Thread 3 ] DEBUG Engine               - class com.almasb.fxgl.app.services.FXGLDialogService
14:49:14.188 [FXGL Background Thread 3 ] DEBUG Engine               - class com.almasb.fxgl.app.services.IOTaskExecutorService
14:49:14.188 [FXGL Background Thread 3 ] DEBUG Engine               - class com.almasb.fxgl.io.FileSystemService
14:49:14.188 [FXGL Background Thread 3 ] DEBUG Engine               - class com.almasb.fxgl.localization.LocalizationService
14:49:14.188 [FXGL Background Thread 3 ] DEBUG Engine               - class com.almasb.fxgl.app.services.SystemBundleService
14:49:14.188 [FXGL Background Thread 3 ] DEBUG Engine               - class com.almasb.fxgl.profile.SaveLoadService
14:49:14.188 [FXGL Background Thread 3 ] DEBUG Engine               - class com.almasb.fxgl.ui.FXGLUIFactoryServiceProvider
14:49:14.188 [FXGL Background Thread 3 ] DEBUG Engine               - class com.almasb.fxgl.ui.FXGLDialogFactoryServiceProvider
14:49:14.189 [FXGL Background Thread 3 ] DEBUG Engine               - class com.almasb.fxgl.audio.AudioPlayer
14:49:14.189 [FXGL Background Thread 3 ] DEBUG Engine               - class com.almasb.fxgl.notification.impl.NotificationServiceProvider
14:49:14.189 [FXGL Background Thread 3 ] DEBUG Engine               - class com.almasb.fxgl.achievement.AchievementService
14:49:14.189 [FXGL Background Thread 3 ] DEBUG Engine               - class com.almasb.fxgl.cutscene.CutsceneService
14:49:14.189 [FXGL Background Thread 3 ] DEBUG Engine               - class com.almasb.fxgl.minigames.MiniGameService
14:49:14.189 [FXGL Background Thread 3 ] DEBUG Engine               - class com.almasb.fxgl.net.NetService
14:49:14.190 [FXGL Background Thread 3 ] DEBUG Engine               - class com.almasb.fxgl.app.services.UpdaterService
14:49:14.190 [FXGL Background Thread 3 ] DEBUG Engine               - class com.almasb.fxgl.dev.DevService
14:49:16.599 [JavaFX Application Thread] DEBUG Menu                 - fireNewGame()
14:49:16.599 [JavaFX Application Thread] DEBUG GameApplicationServi - Starting new game
14:49:16.599 [JavaFX Application Thread] DEBUG PrimaryStageWindow   - Pop state: BombermanMenu
14:49:16.599 [JavaFX Application Thread] DEBUG Input                - Clearing active input actions
14:49:16.600 [JavaFX Application Thread] DEBUG GameApplicationServi - Removing overlay from BombermanMenu and adding to FXGLMainMenuDummyScene
14:49:16.600 [JavaFX Application Thread] DEBUG PrimaryStageWindow   - FXGLMainMenuDummyScene <- BombermanMenu
14:49:16.600 [JavaFX Application Thread] DEBUG Input                - Clearing active input actions
14:49:16.607 [JavaFX Application Thread] DEBUG GameApplicationServi - Removing overlay from FXGLMainMenuDummyScene and adding to FXGLLoadingScene
14:49:16.608 [JavaFX Application Thread] DEBUG PrimaryStageWindow   - FXGLMainMenuDummyScene -> FXGLLoadingScene
14:49:16.608 [JavaFX Application Thread] DEBUG GameApplicationServi - Clearing previous game
14:49:16.608 [JavaFX Application Thread] DEBUG GameScene            - Clearing game scene
14:49:16.608 [JavaFX Application Thread] DEBUG GameWorld            - Clearing game world
14:49:16.608 [JavaFX Application Thread] DEBUG PhysicsWorld         - Clearing physics world
14:49:16.611 [FXGL Background Thread 2 ] DEBUG FXGLApplication      - Initializing game
14:49:16.691 [FXGL Background Thread 2 ] WARN  TMXLevelLoader       - TiledMap generated from 1.7.2. Supported version: 1.2.3. Some features may not be parsed fully.
14:49:16.711 [FXGL Background Thread 2 ] DEBUG TMXLevelLoader       - Parsed TiledMap: file:/D:/Code/ProjectJavaFX/bomberman/Bomber/target/classes/assets/levels/bbm_level1.tmx
14:49:16.713 [FXGL Background Thread 2 ] DEBUG TMXLevelLoader       - Creating tile layer entities
14:49:16.714 [FXGL Background Thread 2 ] DEBUG TilesetLoader        - Loading view for layer Tile Layer 1
14:49:16.719 [FXGL Background Thread 2 ] DEBUG TilesetLoader        - Created buffer with size 1488.0x720.0
14:49:16.849 [FXGL Background Thread 2 ] DEBUG TMXLevelLoader       - Creating object layer entities
14:49:16.964 [FXGL Background Thread 2 ] DEBUG FXGLAssetLoaderServi - Loading from file system: file:/D:/Code/ProjectJavaFX/bomberman/Bomber/target/classes/assets/textures/player_die.png
14:49:16.966 [FXGL Background Thread 2 ] DEBUG FXGLAssetLoaderServi - Loading from file system: file:/D:/Code/ProjectJavaFX/bomberman/Bomber/target/classes/assets/textures/player_down.png
14:49:16.969 [FXGL Background Thread 2 ] DEBUG FXGLAssetLoaderServi - Loading from file system: file:/D:/Code/ProjectJavaFX/bomberman/Bomber/target/classes/assets/textures/player_right.png
14:49:16.972 [FXGL Background Thread 2 ] DEBUG FXGLAssetLoaderServi - Loading from file system: file:/D:/Code/ProjectJavaFX/bomberman/Bomber/target/classes/assets/textures/player_up.png
14:49:16.974 [FXGL Background Thread 2 ] DEBUG FXGLAssetLoaderServi - Loading from file system: file:/D:/Code/ProjectJavaFX/bomberman/Bomber/target/classes/assets/textures/player_left.png
14:49:16.977 [FXGL Background Thread 2 ] WARN  Entity               - Entity already has component: com.almasb.fxgl.physics.PhysicsComponent
14:49:16.979 [FXGL Background Thread 2 ] DEBUG FXGLAssetLoaderServi - Loading from file system: file:/D:/Code/ProjectJavaFX/bomberman/Bomber/target/classes/assets/textures/brick.png
14:49:17.027 [FXGL Background Thread 2 ] DEBUG FXGLAssetLoaderServi - Loading from file system: file:/D:/Code/ProjectJavaFX/bomberman/Bomber/target/classes/assets/textures/powerup_speed.png
14:49:17.029 [FXGL Background Thread 2 ] DEBUG FXGLAssetLoaderServi - Loading from file system: file:/D:/Code/ProjectJavaFX/bomberman/Bomber/target/classes/assets/textures/powerup_flames.png
14:49:17.032 [FXGL Background Thread 2 ] DEBUG FXGLAssetLoaderServi - Loading from file system: file:/D:/Code/ProjectJavaFX/bomberman/Bomber/target/classes/assets/textures/powerup_bombs.png
14:49:17.034 [FXGL Background Thread 2 ] DEBUG FXGLAssetLoaderServi - Loading from file system: file:/D:/Code/ProjectJavaFX/bomberman/Bomber/target/classes/assets/textures/powerup_flamepass.png
14:49:17.040 [FXGL Background Thread 2 ] DEBUG FXGLAssetLoaderServi - Loading from file system: file:/D:/Code/ProjectJavaFX/bomberman/Bomber/target/classes/assets/textures/portal.png
14:49:17.042 [FXGL Background Thread 2 ] DEBUG GameWorld            - Clearing removable entities
14:49:17.043 [FXGL Background Thread 2 ] DEBUG GameWorld            - Setting level: com.almasb.fxgl.entity.level.Level@5c4e7862
14:49:17.115 [FXGL Background Thread 2 ] INFO  FXGLApplication      - Game initialization took: 0.504 sec
14:49:17.117 [JavaFX Application Thread] DEBUG Input                - Clearing active input actions
14:49:17.131 [JavaFX Application Thread] DEBUG GameApplicationServi - Removing overlay from FXGLLoadingScene and adding to GameScene
14:49:17.131 [JavaFX Application Thread] DEBUG PrimaryStageWindow   - FXGLLoadingScene -> GameScene
14:49:18.559 [JavaFX Application Thread] DEBUG FXGLAssetLoaderServi - Loading from file system: file:/D:/Code/ProjectJavaFX/bomberman/Bomber/target/classes/assets/textures/bomb_ani.png
14:49:20.843 [JavaFX Application Thread] DEBUG FXGLAssetLoaderServi - Loading from file system: file:/D:/Code/ProjectJavaFX/bomberman/Bomber/target/classes/assets/textures/bomb_exploded_1.png
14:49:20.860 [JavaFX Application Thread] DEBUG FXGLAssetLoaderServi - Loading from file system: file:/D:/Code/ProjectJavaFX/bomberman/Bomber/target/classes/assets/textures/brick_break.png
14:49:43.539 [JavaFX Application Thread] WARN  TMXLevelLoader       - TiledMap generated from 1.7.2. Supported version: 1.2.3. Some features may not be parsed fully.
14:49:43.546 [JavaFX Application Thread] DEBUG TMXLevelLoader       - Parsed TiledMap: file:/D:/Code/ProjectJavaFX/bomberman/Bomber/target/classes/assets/levels/bbm_level2.tmx
14:49:43.546 [JavaFX Application Thread] DEBUG TMXLevelLoader       - Creating tile layer entities
14:49:43.547 [JavaFX Application Thread] DEBUG TilesetLoader        - Loading view for layer Tile Layer 1
14:49:43.548 [JavaFX Application Thread] DEBUG TilesetLoader        - Created buffer with size 1488.0x720.0
14:49:43.621 [JavaFX Application Thread] DEBUG TilesetLoader        - Loading view for layer Tile Layer 2
14:49:43.623 [JavaFX Application Thread] DEBUG TilesetLoader        - Created buffer with size 1488.0x720.0
14:49:43.624 [JavaFX Application Thread] DEBUG TMXLevelLoader       - Creating object layer entities
14:49:43.625 [JavaFX Application Thread] WARN  Entity               - Entity already has component: com.almasb.fxgl.physics.PhysicsComponent
14:49:43.626 [JavaFX Application Thread] DEBUG FXGLAssetLoaderServi - Loading from file system: file:/D:/Code/ProjectJavaFX/bomberman/Bomber/target/classes/assets/textures/grass.png
14:49:43.647 [JavaFX Application Thread] DEBUG GameWorld            - Clearing removable entities
14:49:43.656 [JavaFX Application Thread] DEBUG GameWorld            - Setting level: com.almasb.fxgl.entity.level.Level@35102a3c
14:49:48.387 [JavaFX Application Thread] DEBUG FXGLAssetLoaderServi - Loading from file system: file:/D:/Code/ProjectJavaFX/bomberman/Bomber/target/classes/assets/textures/grass_break_2.png
14:50:40.115 [JavaFX Application Thread] WARN  TMXLevelLoader       - TiledMap generated from 1.7.2. Supported version: 1.2.3. Some features may not be parsed fully.
14:50:40.121 [JavaFX Application Thread] DEBUG TMXLevelLoader       - Parsed TiledMap: file:/D:/Code/ProjectJavaFX/bomberman/Bomber/target/classes/assets/levels/bbm_level3.tmx
14:50:40.122 [JavaFX Application Thread] DEBUG TMXLevelLoader       - Creating tile layer entities
14:50:40.122 [JavaFX Application Thread] DEBUG TilesetLoader        - Loading view for layer Tile Layer 1
14:50:40.124 [JavaFX Application Thread] DEBUG TilesetLoader        - Created buffer with size 1488.0x720.0
14:50:40.309 [JavaFX Application Thread] DEBUG TilesetLoader        - Loading view for layer Tile Layer 2
14:50:40.309 [JavaFX Application Thread] DEBUG TilesetLoader        - Created buffer with size 1488.0x720.0
14:50:40.309 [JavaFX Application Thread] DEBUG TMXLevelLoader       - Creating object layer entities
14:50:40.317 [JavaFX Application Thread] WARN  Entity               - Entity already has component: com.almasb.fxgl.physics.PhysicsComponent
14:50:40.318 [JavaFX Application Thread] DEBUG FXGLAssetLoaderServi - Loading from file system: file:/D:/Code/ProjectJavaFX/bomberman/Bomber/target/classes/assets/textures/coral.png
14:50:40.334 [JavaFX Application Thread] DEBUG GameWorld            - Clearing removable entities
14:50:40.338 [JavaFX Application Thread] DEBUG GameWorld            - Setting level: com.almasb.fxgl.entity.level.Level@1cf6c521
14:51:34.418 [JavaFX Application Thread] DEBUG PrimaryStageWindow   - Push state: DialogSubScene
14:51:34.418 [JavaFX Application Thread] DEBUG Input                - Clearing active input actions
14:51:34.419 [JavaFX Application Thread] DEBUG GameApplicationServi - Removing overlay from GameScene and adding to DialogSubScene
14:51:34.419 [JavaFX Application Thread] DEBUG PrimaryStageWindow   - GameScene -> DialogSubScene
14:51:36.039 [JavaFX Application Thread] DEBUG PrimaryStageWindow   - Pop state: DialogSubScene
14:51:36.039 [JavaFX Application Thread] DEBUG Input                - Clearing active input actions
14:51:36.039 [JavaFX Application Thread] DEBUG GameApplicationServi - Removing overlay from DialogSubScene and adding to GameScene
14:51:36.039 [JavaFX Application Thread] DEBUG PrimaryStageWindow   - GameScene <- DialogSubScene
14:52:23.047 [JavaFX Application Thread] DEBUG PrimaryStageWindow   - Push state: DialogSubScene
14:52:23.047 [JavaFX Application Thread] DEBUG Input                - Clearing active input actions
14:52:23.048 [JavaFX Application Thread] DEBUG GameApplicationServi - Removing overlay from GameScene and adding to DialogSubScene
14:52:23.048 [JavaFX Application Thread] DEBUG PrimaryStageWindow   - GameScene -> DialogSubScene
14:52:24.086 [JavaFX Application Thread] DEBUG PrimaryStageWindow   - Pop state: DialogSubScene
14:52:24.087 [JavaFX Application Thread] DEBUG Input                - Clearing active input actions
14:52:24.087 [JavaFX Application Thread] DEBUG GameApplicationServi - Removing overlay from DialogSubScene and adding to GameScene
14:52:24.087 [JavaFX Application Thread] DEBUG PrimaryStageWindow   - GameScene <- DialogSubScene
14:52:25.943 [JavaFX Application Thread] DEBUG PrimaryStageWindow   - Push state: DialogSubScene
14:52:25.944 [JavaFX Application Thread] DEBUG Input                - Clearing active input actions
14:52:25.944 [JavaFX Application Thread] DEBUG GameApplicationServi - Removing overlay from GameScene and adding to DialogSubScene
14:52:25.944 [JavaFX Application Thread] DEBUG PrimaryStageWindow   - GameScene -> DialogSubScene
14:52:26.926 [JavaFX Application Thread] DEBUG PrimaryStageWindow   - Pop state: DialogSubScene
14:52:26.926 [JavaFX Application Thread] DEBUG Input                - Clearing active input actions
14:52:26.927 [JavaFX Application Thread] DEBUG GameApplicationServi - Removing overlay from DialogSubScene and adding to GameScene
14:52:26.927 [JavaFX Application Thread] DEBUG PrimaryStageWindow   - GameScene <- DialogSubScene
14:52:29.047 [JavaFX Application Thread] DEBUG PrimaryStageWindow   - Push state: DialogSubScene
14:52:29.047 [JavaFX Application Thread] DEBUG Input                - Clearing active input actions
14:52:29.047 [JavaFX Application Thread] DEBUG GameApplicationServi - Removing overlay from GameScene and adding to DialogSubScene
14:52:29.047 [JavaFX Application Thread] DEBUG PrimaryStageWindow   - GameScene -> DialogSubScene
14:52:29.741 [JavaFX Application Thread] DEBUG PrimaryStageWindow   - Pop state: DialogSubScene
14:52:29.742 [JavaFX Application Thread] DEBUG Input                - Clearing active input actions
14:52:29.742 [JavaFX Application Thread] DEBUG GameApplicationServi - Removing overlay from DialogSubScene and adding to GameScene
14:52:29.742 [JavaFX Application Thread] DEBUG PrimaryStageWindow   - GameScene <- DialogSubScene
14:53:10.343 [JavaFX Application Thread] DEBUG FXGLAssetLoaderServi - Loading from file system: file:/D:/Code/ProjectJavaFX/bomberman/Bomber/target/classes/assets/textures/player_down_1.png
14:53:10.344 [JavaFX Application Thread] DEBUG FXGLAssetLoaderServi - Loading from file system: file:/D:/Code/ProjectJavaFX/bomberman/Bomber/target/classes/assets/textures/player_right_1.png
14:53:10.347 [JavaFX Application Thread] DEBUG FXGLAssetLoaderServi - Loading from file system: file:/D:/Code/ProjectJavaFX/bomberman/Bomber/target/classes/assets/textures/player_up_1.png
14:53:10.349 [JavaFX Application Thread] DEBUG FXGLAssetLoaderServi - Loading from file system: file:/D:/Code/ProjectJavaFX/bomberman/Bomber/target/classes/assets/textures/player_left_1.png
14:54:09.944 [JavaFX Application Thread] DEBUG PrimaryStageWindow   - Push state: DialogSubScene
14:54:09.944 [JavaFX Application Thread] DEBUG Input                - Clearing active input actions
14:54:09.945 [JavaFX Application Thread] DEBUG GameApplicationServi - Removing overlay from GameScene and adding to DialogSubScene
14:54:09.945 [JavaFX Application Thread] DEBUG PrimaryStageWindow   - GameScene -> DialogSubScene
14:54:11.550 [JavaFX Application Thread] DEBUG PrimaryStageWindow   - Pop state: DialogSubScene
14:54:11.550 [JavaFX Application Thread] DEBUG Input                - Clearing active input actions
14:54:11.550 [JavaFX Application Thread] DEBUG GameApplicationServi - Removing overlay from DialogSubScene and adding to GameScene
14:54:11.551 [JavaFX Application Thread] DEBUG PrimaryStageWindow   - GameScene <- DialogSubScene
14:54:28.930 [JavaFX Application Thread] DEBUG PrimaryStageWindow   - Push state: BombermanGameMenu
14:54:28.930 [JavaFX Application Thread] DEBUG Input                - Clearing active input actions
14:54:28.930 [JavaFX Application Thread] DEBUG GameApplicationServi - Removing overlay from GameScene and adding to BombermanGameMenu
14:54:28.930 [JavaFX Application Thread] DEBUG PrimaryStageWindow   - GameScene -> BombermanGameMenu
14:54:30.574 [JavaFX Application Thread] DEBUG PrimaryStageWindow   - Push state: DialogSubScene
14:54:30.574 [JavaFX Application Thread] DEBUG Input                - Clearing active input actions
14:54:30.574 [JavaFX Application Thread] DEBUG GameApplicationServi - Removing overlay from BombermanGameMenu and adding to DialogSubScene
14:54:30.574 [JavaFX Application Thread] DEBUG PrimaryStageWindow   - BombermanGameMenu -> DialogSubScene
14:54:31.350 [JavaFX Application Thread] DEBUG PrimaryStageWindow   - Pop state: DialogSubScene
14:54:31.350 [JavaFX Application Thread] DEBUG Input                - Clearing active input actions
14:54:31.350 [JavaFX Application Thread] DEBUG GameApplicationServi - Removing overlay from DialogSubScene and adding to BombermanGameMenu
14:54:31.350 [JavaFX Application Thread] DEBUG PrimaryStageWindow   - BombermanGameMenu <- DialogSubScene
14:54:32.430 [JavaFX Application Thread] DEBUG PrimaryStageWindow   - Push state: DialogSubScene
14:54:32.430 [JavaFX Application Thread] DEBUG Input                - Clearing active input actions
14:54:32.430 [JavaFX Application Thread] DEBUG GameApplicationServi - Removing overlay from BombermanGameMenu and adding to DialogSubScene
14:54:32.430 [JavaFX Application Thread] DEBUG PrimaryStageWindow   - BombermanGameMenu -> DialogSubScene
14:54:33.806 [JavaFX Application Thread] DEBUG PrimaryStageWindow   - Pop state: DialogSubScene
14:54:33.807 [JavaFX Application Thread] DEBUG Input                - Clearing active input actions
14:54:33.807 [JavaFX Application Thread] DEBUG GameApplicationServi - Removing overlay from DialogSubScene and adding to BombermanGameMenu
14:54:33.807 [JavaFX Application Thread] DEBUG PrimaryStageWindow   - BombermanGameMenu <- DialogSubScene
14:54:35.206 [JavaFX Application Thread] DEBUG PrimaryStageWindow   - Push state: DialogSubScene
14:54:35.206 [JavaFX Application Thread] DEBUG Input                - Clearing active input actions
14:54:35.206 [JavaFX Application Thread] DEBUG GameApplicationServi - Removing overlay from BombermanGameMenu and adding to DialogSubScene
14:54:35.206 [JavaFX Application Thread] DEBUG PrimaryStageWindow   - BombermanGameMenu -> DialogSubScene
14:54:35.846 [JavaFX Application Thread] DEBUG PrimaryStageWindow   - Pop state: DialogSubScene
14:54:35.846 [JavaFX Application Thread] DEBUG Input                - Clearing active input actions
14:54:35.847 [JavaFX Application Thread] DEBUG GameApplicationServi - Removing overlay from DialogSubScene and adding to BombermanGameMenu
14:54:35.847 [JavaFX Application Thread] DEBUG PrimaryStageWindow   - BombermanGameMenu <- DialogSubScene
14:54:36.958 [JavaFX Application Thread] DEBUG Menu                 - fireExitToMainMenu()
14:54:36.959 [JavaFX Application Thread] DEBUG PrimaryStageWindow   - Push state: DialogSubScene
14:54:36.959 [JavaFX Application Thread] DEBUG Input                - Clearing active input actions
14:54:36.959 [JavaFX Application Thread] DEBUG GameApplicationServi - Removing overlay from BombermanGameMenu and adding to DialogSubScene
14:54:36.960 [JavaFX Application Thread] DEBUG PrimaryStageWindow   - BombermanGameMenu -> DialogSubScene
14:54:37.566 [JavaFX Application Thread] DEBUG PrimaryStageWindow   - Pop state: DialogSubScene
14:54:37.566 [JavaFX Application Thread] DEBUG Input                - Clearing active input actions
14:54:37.567 [JavaFX Application Thread] DEBUG GameApplicationServi - Removing overlay from DialogSubScene and adding to BombermanGameMenu
14:54:37.567 [JavaFX Application Thread] DEBUG PrimaryStageWindow   - BombermanGameMenu <- DialogSubScene
14:54:37.567 [JavaFX Application Thread] DEBUG PrimaryStageWindow   - Pop state: BombermanGameMenu
14:54:37.567 [JavaFX Application Thread] DEBUG Input                - Clearing active input actions
14:54:37.567 [JavaFX Application Thread] DEBUG GameApplicationServi - Removing overlay from BombermanGameMenu and adding to GameScene
14:54:37.567 [JavaFX Application Thread] DEBUG PrimaryStageWindow   - GameScene <- BombermanGameMenu
14:54:37.567 [JavaFX Application Thread] DEBUG Input                - Clearing active input actions
14:54:37.570 [JavaFX Application Thread] DEBUG GameApplicationServi - Removing overlay from GameScene and adding to FXGLMainMenuDummyScene
14:54:37.570 [JavaFX Application Thread] DEBUG PrimaryStageWindow   - GameScene -> FXGLMainMenuDummyScene
14:54:37.570 [JavaFX Application Thread] DEBUG PrimaryStageWindow   - Push state: BombermanMenu
14:54:37.570 [JavaFX Application Thread] DEBUG Input                - Clearing active input actions
14:54:37.571 [JavaFX Application Thread] DEBUG GameApplicationServi - Removing overlay from FXGLMainMenuDummyScene and adding to BombermanMenu
14:54:37.571 [JavaFX Application Thread] DEBUG PrimaryStageWindow   - FXGLMainMenuDummyScene -> BombermanMenu
14:54:41.221 [JavaFX Application Thread] DEBUG Menu                 - fireExit()
14:54:41.222 [JavaFX Application Thread] DEBUG PrimaryStageWindow   - Push state: DialogSubScene
14:54:41.222 [JavaFX Application Thread] DEBUG Input                - Clearing active input actions
14:54:41.223 [JavaFX Application Thread] DEBUG GameApplicationServi - Removing overlay from BombermanMenu and adding to DialogSubScene
14:54:41.223 [JavaFX Application Thread] DEBUG PrimaryStageWindow   - BombermanMenu -> DialogSubScene
14:54:41.981 [JavaFX Application Thread] DEBUG PrimaryStageWindow   - Pop state: DialogSubScene
14:54:41.981 [JavaFX Application Thread] DEBUG Input                - Clearing active input actions
14:54:41.982 [JavaFX Application Thread] DEBUG GameApplicationServi - Removing overlay from DialogSubScene and adding to BombermanMenu
14:54:41.982 [JavaFX Application Thread] DEBUG PrimaryStageWindow   - BombermanMenu <- DialogSubScene
14:54:41.982 [JavaFX Application Thread] DEBUG FXGLApplication      - Exiting FXGL
14:54:41.982 [JavaFX Application Thread] DEBUG LoopRunner           - Stopping loop
14:54:41.982 [JavaFX Application Thread] DEBUG SystemBundleService  - Saving FXGL system data
14:54:41.985 [JavaFX Application Thread] DEBUG FileSystemAccess     - Writing to: D:\Code\ProjectJavaFX\bomberman\Bomber\system\fxgl.bundle
14:54:41.986 [JavaFX Application Thread] DEBUG Async                - Shutting down background threads
14:54:41.987 [JavaFX Application Thread] DEBUG PrimaryStageWindow   - Closing main window
14:54:41.996 [JavaFX Application Thread] DEBUG Logger               - Closing Logger
