19:13:50.287 [main                     ] DEBUG Logger               - Configured Logger
19:13:50.292 [main                     ] DEBUG GameApplication      - Logging settings
Title: BOMBERMAN
Version: 1.0
Width: 720
Height: 720
Fullscreen: false
Intro: false
Profiling: false
Single step:false
App Mode: DEVELOPER
Menu Key: ESCAPE
Stage Style: DECORATED
Scene Factory: class Bomber.BombermanApp$1

19:13:50.621 [JavaFX Application Thread] DEBUG FXGLApplication      - Initializing FXGL
19:13:50.623 [JavaFX Application Thread] INFO  Engine               - FXGL-11.17 (16.07.2021 15.46) on WINDOWS (J:17.0.1 FX:16)
19:13:50.624 [JavaFX Application Thread] DEBUG Engine               - JRE Vendor Name: Oracle Corporation
19:13:50.624 [JavaFX Application Thread] DEBUG Engine               - Running on OS: Windows 10 version 10.0
19:13:50.624 [JavaFX Application Thread] DEBUG Engine               - Architecture: amd64
19:13:50.624 [JavaFX Application Thread] INFO  Engine               - Source code and latest versions at: https://github.com/AlmasB/FXGL
19:13:50.624 [JavaFX Application Thread] INFO  Engine               -              Join the FXGL chat at: https://gitter.im/AlmasB/FXGL
19:13:50.735 [JavaFX Application Thread] DEBUG PrimaryStageWindow   - Creating a JavaFX scene
19:13:50.770 [JavaFX Application Thread] DEBUG PrimaryStageWindow   - Target settings size: 720.0 x 720.0
19:13:50.770 [JavaFX Application Thread] DEBUG PrimaryStageWindow   - Scaled scene size:    720.0 x 720.0
19:13:50.770 [JavaFX Application Thread] DEBUG PrimaryStageWindow   - Scaled ratio: (1.0, 1.0)
19:13:50.771 [JavaFX Application Thread] DEBUG PrimaryStageWindow   - Set initial scene to FXGLStartupScene
19:13:50.779 [JavaFX Application Thread] DEBUG PrimaryStageWindow   - Opening main window
19:13:50.852 [JavaFX Application Thread] DEBUG PrimaryStageWindow   - Window border size: (14.4000244140625, 37.5999755859375)
19:13:50.852 [JavaFX Application Thread] DEBUG PrimaryStageWindow   - Scaled size: 720.0 x 720.0
19:13:50.852 [JavaFX Application Thread] DEBUG PrimaryStageWindow   - Scaled ratio: (1.0, 1.0)
19:13:50.852 [JavaFX Application Thread] DEBUG PrimaryStageWindow   - Scene size: 720.0 x 720.0
19:13:50.853 [JavaFX Application Thread] DEBUG PrimaryStageWindow   - Stage size: 734.4000244140625 x 757.5999755859375
19:13:50.864 [FXGL Background Thread 1 ] DEBUG Engine               - Initializing environment variables
19:13:50.935 [FXGL Background Thread 1 ] DEBUG FXGLAssetLoaderServi - User app class for loading assets: class Bomber.BombermanApp
19:13:50.935 [FXGL Background Thread 1 ] DEBUG GameApplicationServi - Applying CSS: fxgl_dark.css
19:13:50.936 [FXGL Background Thread 1 ] DEBUG FXGLAssetLoaderServi - Loading from file system: jar:file:/C:/Users/thinh/.m2/repository/com/github/almasb/fxgl/11.17/fxgl-11.17.jar!/fxglassets/ui/css/fxgl_dark.css
19:13:50.994 [FXGL Background Thread 1 ] DEBUG GameApplicationServi - Initializing application scenes
19:13:51.042 [FXGL Background Thread 1 ] DEBUG GameWorld            - Game world initialized
19:13:51.122 [FXGL Background Thread 1 ] DEBUG PhysicsWorld         - Physics world initialized: appHeight=720, physics.ppm=50.0
19:13:51.122 [FXGL Background Thread 1 ] DEBUG PhysicsWorld         - Using strategy: BRUTE_FORCE
19:13:51.128 [FXGL Background Thread 1 ] DEBUG GameScene            - Game scene initialized: 720x720
19:13:51.207 [FXGL Background Thread 1 ] DEBUG GameApplicationServi - Application scenes initialized
19:13:51.220 [FXGL Background Thread 1 ] DEBUG SystemBundleService  - Loading FXGL system data
19:13:51.227 [FXGL Background Thread 1 ] DEBUG FileSystemAccess     - Reading from: D:\Code\ProjectJavaFX\bomberman\Bomber\system\fxgl.bundle
19:13:51.232 [FXGL Background Thread 1 ] DEBUG SystemBundleService  - Bundle FXGL: {}
19:13:51.232 [FXGL Background Thread 1 ] DEBUG UpdaterService       - Checking for updates
19:13:51.271 [FXGL Background Thread 4 ] DEBUG FXGLApplication      - Loading fonts
19:13:51.272 [FXGL Background Thread 4 ] DEBUG FXGLAssetLoaderServi - Loading from file system: file:/D:/Code/ProjectJavaFX/bomberman/Bomber/target/classes/assets/ui/fonts/Quinquefive-Ea6d4.ttf
19:13:51.274 [FXGL Background Thread 1 ] DEBUG FXGLApplication      - Loading default localization
19:13:51.274 [FXGL Background Thread 1 ] DEBUG FXGLAssetLoaderServi - Loading from file system: jar:file:/C:/Users/thinh/.m2/repository/com/github/almasb/fxgl/11.17/fxgl-11.17.jar!/fxglassets/languages/english.lang
19:13:51.301 [FXGL Background Thread 1 ] INFO  FXGLApplication      - FXGL initialization took: 0.438 sec
19:13:51.314 [JavaFX Application Thread] DEBUG Input                - Registered new binding: Move Up - W
19:13:51.314 [JavaFX Application Thread] DEBUG Input                - Registered new binding: Move Down - S
19:13:51.314 [JavaFX Application Thread] DEBUG Input                - Registered new binding: Move Left - A
19:13:51.314 [JavaFX Application Thread] DEBUG Input                - Registered new binding: Move Right - D
19:13:51.315 [JavaFX Application Thread] DEBUG Input                - Registered new binding: Place Bomb - Space
19:13:51.315 [JavaFX Application Thread] DEBUG FXGLAssetLoaderServi - Loading from file system: file:/D:/Code/ProjectJavaFX/bomberman/Bomber/target/classes/assets/music/title_screen.mp3
19:13:51.368 [FXGL Background Thread 4 ] DEBUG FXGLAssetLoaderServi - Loading from file system: jar:file:/C:/Users/thinh/.m2/repository/com/github/almasb/fxgl/11.17/fxgl-11.17.jar!/fxglassets/ui/fonts/Abel-Regular.ttf
19:13:51.385 [FXGL Background Thread 4 ] DEBUG FXGLAssetLoaderServi - Loading from file system: jar:file:/C:/Users/thinh/.m2/repository/com/github/almasb/fxgl/11.17/fxgl-11.17.jar!/fxglassets/ui/fonts/lucida_console.ttf
19:13:51.402 [FXGL Background Thread 4 ] DEBUG FXGLAssetLoaderServi - Loading from file system: jar:file:/C:/Users/thinh/.m2/repository/com/github/almasb/fxgl/11.17/fxgl-11.17.jar!/fxglassets/ui/fonts/Courier-Prime.ttf
19:13:51.462 [JavaFX Application Thread] DEBUG AudioPlayer          - Playing music com.almasb.fxgl.audio.Music@6e38932f
19:13:51.462 [JavaFX Application Thread] DEBUG FXGLAssetLoaderServi - Loading from file system: jar:file:/C:/Users/thinh/.m2/repository/com/github/almasb/fxgl/11.17/fxgl-11.17.jar!/fxglassets/textures/fxgl_icon.png
19:13:51.488 [JavaFX Application Thread] DEBUG FXGLAssetLoaderServi - Loading from file system: jar:file:/C:/Users/thinh/.m2/repository/com/github/almasb/fxgl/11.17/fxgl-11.17.jar!/fxglassets/textures/fxgl_default_cursor.png
19:13:51.491 [JavaFX Application Thread] DEBUG Input                - Registered new binding: Screenshot - CTRL+8
19:13:51.492 [JavaFX Application Thread] DEBUG Input                - Registered new binding: Dev Options - 1
19:13:51.492 [JavaFX Application Thread] DEBUG Input                - Registered new binding: Dev Console - 2
19:13:51.492 [JavaFX Application Thread] DEBUG Input                - Registered new binding: System info dump - CTRL+9
19:13:51.493 [JavaFX Application Thread] DEBUG Input                - Registered new binding: Restart - CTRL+R
19:13:51.493 [JavaFX Application Thread] DEBUG Input                - Registered new binding: Toggle Debug Camera - CTRL+C
19:13:51.496 [JavaFX Application Thread] DEBUG LoopRunner           - Starting loop
19:13:51.507 [JavaFX Application Thread] DEBUG LoopRunner           - Initializing JavaFX AnimationTimerLoop
19:13:51.510 [JavaFX Application Thread] DEBUG Input                - Clearing active input actions
19:13:51.515 [JavaFX Application Thread] DEBUG GameApplicationServi - Removing overlay from FXGLStartupScene and adding to FXGLMainMenuDummyScene
19:13:51.519 [JavaFX Application Thread] DEBUG PrimaryStageWindow   - FXGLStartupScene -> FXGLMainMenuDummyScene
19:13:51.519 [JavaFX Application Thread] DEBUG PrimaryStageWindow   - Push state: BombermanMenu
19:13:51.519 [JavaFX Application Thread] DEBUG Input                - Clearing active input actions
19:13:51.528 [JavaFX Application Thread] DEBUG GameApplicationServi - Removing overlay from FXGLMainMenuDummyScene and adding to BombermanMenu
19:13:51.529 [JavaFX Application Thread] DEBUG PrimaryStageWindow   - FXGLMainMenuDummyScene -> BombermanMenu
19:13:51.530 [JavaFX Application Thread] DEBUG FXGLApplication      - Registering font factories with UI factory
19:13:53.546 [JavaFX Application Thread] DEBUG Menu                 - fireNewGame()
19:13:53.546 [JavaFX Application Thread] DEBUG GameApplicationServi - Starting new game
19:13:53.546 [JavaFX Application Thread] DEBUG PrimaryStageWindow   - Pop state: BombermanMenu
19:13:53.546 [JavaFX Application Thread] DEBUG Input                - Clearing active input actions
19:13:53.547 [JavaFX Application Thread] DEBUG GameApplicationServi - Removing overlay from BombermanMenu and adding to FXGLMainMenuDummyScene
19:13:53.548 [JavaFX Application Thread] DEBUG PrimaryStageWindow   - FXGLMainMenuDummyScene <- BombermanMenu
19:13:53.549 [JavaFX Application Thread] DEBUG Input                - Clearing active input actions
19:13:53.554 [JavaFX Application Thread] DEBUG GameApplicationServi - Removing overlay from FXGLMainMenuDummyScene and adding to FXGLLoadingScene
19:13:53.555 [JavaFX Application Thread] DEBUG PrimaryStageWindow   - FXGLMainMenuDummyScene -> FXGLLoadingScene
19:13:53.555 [JavaFX Application Thread] DEBUG GameApplicationServi - Clearing previous game
19:13:53.556 [JavaFX Application Thread] DEBUG GameScene            - Clearing game scene
19:13:53.556 [JavaFX Application Thread] DEBUG GameWorld            - Clearing game world
19:13:53.556 [JavaFX Application Thread] DEBUG PhysicsWorld         - Clearing physics world
19:13:53.560 [FXGL Background Thread 2 ] DEBUG FXGLApplication      - Initializing game
19:13:53.609 [FXGL Background Thread 2 ] WARN  TMXLevelLoader       - TiledMap generated from 1.7.2. Supported version: 1.2.3. Some features may not be parsed fully.
19:13:53.634 [FXGL Background Thread 2 ] DEBUG TMXLevelLoader       - Parsed TiledMap: file:/D:/Code/ProjectJavaFX/bomberman/Bomber/target/classes/assets/levels/bbm_level1.tmx
19:13:53.635 [FXGL Background Thread 2 ] DEBUG TMXLevelLoader       - Creating tile layer entities
19:13:53.636 [FXGL Background Thread 2 ] DEBUG TilesetLoader        - Loading view for layer Tile Layer 1
19:13:53.640 [FXGL Background Thread 2 ] DEBUG TilesetLoader        - Created buffer with size 1488.0x720.0
19:13:53.778 [FXGL Background Thread 2 ] DEBUG TMXLevelLoader       - Creating object layer entities
19:13:53.801 [FXGL Background Thread 2 ] DEBUG FXGLAssetLoaderServi - Loading from file system: file:/D:/Code/ProjectJavaFX/bomberman/Bomber/target/classes/assets/textures/player_die.png
19:13:53.803 [FXGL Background Thread 2 ] DEBUG FXGLAssetLoaderServi - Loading from file system: file:/D:/Code/ProjectJavaFX/bomberman/Bomber/target/classes/assets/textures/player_down.png
19:13:53.804 [FXGL Background Thread 2 ] DEBUG FXGLAssetLoaderServi - Loading from file system: file:/D:/Code/ProjectJavaFX/bomberman/Bomber/target/classes/assets/textures/player_right.png
19:13:53.805 [FXGL Background Thread 2 ] DEBUG FXGLAssetLoaderServi - Loading from file system: file:/D:/Code/ProjectJavaFX/bomberman/Bomber/target/classes/assets/textures/player_up.png
19:13:53.807 [FXGL Background Thread 2 ] DEBUG FXGLAssetLoaderServi - Loading from file system: file:/D:/Code/ProjectJavaFX/bomberman/Bomber/target/classes/assets/textures/player_left.png
19:13:53.816 [FXGL Background Thread 2 ] DEBUG FXGLAssetLoaderServi - Loading from file system: file:/D:/Code/ProjectJavaFX/bomberman/Bomber/target/classes/assets/textures/brick.png
19:13:53.862 [FXGL Background Thread 2 ] DEBUG FXGLAssetLoaderServi - Loading from file system: file:/D:/Code/ProjectJavaFX/bomberman/Bomber/target/classes/assets/textures/balloom.png
19:13:53.887 [FXGL Background Thread 2 ] DEBUG FXGLAssetLoaderServi - Loading from file system: file:/D:/Code/ProjectJavaFX/bomberman/Bomber/target/classes/assets/textures/powerup_speed.png
19:13:53.891 [FXGL Background Thread 2 ] DEBUG FXGLAssetLoaderServi - Loading from file system: file:/D:/Code/ProjectJavaFX/bomberman/Bomber/target/classes/assets/textures/powerup_flames.png
19:13:53.893 [FXGL Background Thread 2 ] DEBUG FXGLAssetLoaderServi - Loading from file system: file:/D:/Code/ProjectJavaFX/bomberman/Bomber/target/classes/assets/textures/powerup_bombs.png
19:13:53.895 [FXGL Background Thread 2 ] DEBUG FXGLAssetLoaderServi - Loading from file system: file:/D:/Code/ProjectJavaFX/bomberman/Bomber/target/classes/assets/textures/powerup_flamepass.png
19:13:53.897 [FXGL Background Thread 2 ] DEBUG FXGLAssetLoaderServi - Loading from file system: file:/D:/Code/ProjectJavaFX/bomberman/Bomber/target/classes/assets/textures/portal.png
19:13:53.899 [FXGL Background Thread 2 ] DEBUG GameWorld            - Clearing removable entities
19:13:53.899 [FXGL Background Thread 2 ] DEBUG GameWorld            - Setting level: com.almasb.fxgl.entity.level.Level@5ea4c180
19:13:53.979 [FXGL Background Thread 2 ] INFO  FXGLApplication      - Game initialization took: 0.419 sec
19:13:53.979 [JavaFX Application Thread] DEBUG Input                - Clearing active input actions
19:13:53.985 [JavaFX Application Thread] DEBUG GameApplicationServi - Removing overlay from FXGLLoadingScene and adding to GameScene
19:13:53.989 [JavaFX Application Thread] DEBUG PrimaryStageWindow   - FXGLLoadingScene -> GameScene
19:13:54.268 [FXGL Background Thread 3 ] DEBUG Engine               - Logging environment variables
19:13:54.269 [FXGL Background Thread 3 ] DEBUG Engine               - achievements: []
19:13:54.269 [FXGL Background Thread 3 ] DEBUG Engine               - actualHeight: 720.0
19:13:54.269 [FXGL Background Thread 3 ] DEBUG Engine               - actualHeightProperty: ReadOnlyDoubleProperty [value: 720.0]
19:13:54.269 [FXGL Background Thread 3 ] DEBUG Engine               - actualWidth: 720.0
19:13:54.269 [FXGL Background Thread 3 ] DEBUG Engine               - actualWidthProperty: ReadOnlyDoubleProperty [value: 720.0]
19:13:54.270 [FXGL Background Thread 3 ] DEBUG Engine               - appIcon: fxgl_icon.png
19:13:54.270 [FXGL Background Thread 3 ] DEBUG Engine               - applicationMode: DEVELOPER
19:13:54.270 [FXGL Background Thread 3 ] DEBUG Engine               - cSSList: [fxgl_dark.css]
19:13:54.270 [FXGL Background Thread 3 ] DEBUG Engine               - collisionDetectionStrategy: BRUTE_FORCE
19:13:54.270 [FXGL Background Thread 3 ] DEBUG Engine               - configClass: Optional.empty
19:13:54.271 [FXGL Background Thread 3 ] DEBUG Engine               - credits: []
19:13:54.271 [FXGL Background Thread 3 ] DEBUG Engine               - defaultCursor: CursorInfo(imageName=fxgl_default_cursor.png, hotspotX=7.0, hotspotY=6.0)
19:13:54.271 [FXGL Background Thread 3 ] DEBUG Engine               - devBBoxColorProperty: ObjectProperty [value: 0xff0000ff]
19:13:54.271 [FXGL Background Thread 3 ] DEBUG Engine               - devEnableDebugCameraProperty: BooleanProperty [value: false]
19:13:54.280 [FXGL Background Thread 3 ] DEBUG Engine               - devSensorColorProperty: ObjectProperty [value: 0xffff00ff]
19:13:54.281 [FXGL Background Thread 3 ] DEBUG Engine               - devShowBBoxProperty: BooleanProperty [value: false]
19:13:54.281 [FXGL Background Thread 3 ] DEBUG Engine               - devShowPositionProperty: BooleanProperty [value: false]
19:13:54.281 [FXGL Background Thread 3 ] DEBUG Engine               - enabledMenuItems: []
19:13:54.281 [FXGL Background Thread 3 ] DEBUG Engine               - engineServices: [class com.almasb.fxgl.app.services.FXGLAssetLoaderService, class com.almasb.fxgl.app.FXGLApplication$GameApplicationService, class com.almasb.fxgl.app.services.FXGLDialogService, class com.almasb.fxgl.app.services.IOTaskExecutorService, class com.almasb.fxgl.io.FileSystemService, class com.almasb.fxgl.localization.LocalizationService, class com.almasb.fxgl.app.services.SystemBundleService, class com.almasb.fxgl.profile.SaveLoadService, class com.almasb.fxgl.ui.FXGLUIFactoryServiceProvider, class com.almasb.fxgl.ui.FXGLDialogFactoryServiceProvider, class com.almasb.fxgl.audio.AudioPlayer, class com.almasb.fxgl.notification.impl.NotificationServiceProvider, class com.almasb.fxgl.achievement.AchievementService, class com.almasb.fxgl.cutscene.CutsceneService, class com.almasb.fxgl.minigames.MiniGameService, class com.almasb.fxgl.net.NetService, class com.almasb.fxgl.app.services.UpdaterService, class com.almasb.fxgl.dev.DevService]
19:13:54.281 [FXGL Background Thread 3 ] DEBUG Engine               - fontGame: Abel-Regular.ttf
19:13:54.281 [FXGL Background Thread 3 ] DEBUG Engine               - fontMono: lucida_console.ttf
19:13:54.281 [FXGL Background Thread 3 ] DEBUG Engine               - fontText: Courier-Prime.ttf
19:13:54.282 [FXGL Background Thread 3 ] DEBUG Engine               - fontUI: Quinquefive-Ea6d4.ttf
19:13:54.282 [FXGL Background Thread 3 ] DEBUG Engine               - fullScreen: BooleanProperty [value: false]
19:13:54.282 [FXGL Background Thread 3 ] DEBUG Engine               - gameDifficulty: MEDIUM
19:13:54.282 [FXGL Background Thread 3 ] DEBUG Engine               - gameDifficultyProperty: ObjectProperty [value: MEDIUM]
19:13:54.282 [FXGL Background Thread 3 ] DEBUG Engine               - globalMusicVolume: 0.5
19:13:54.282 [FXGL Background Thread 3 ] DEBUG Engine               - globalMusicVolumeProperty: DoubleProperty [value: 0.1]
19:13:54.282 [FXGL Background Thread 3 ] DEBUG Engine               - globalSoundVolume: 0.5
19:13:54.282 [FXGL Background Thread 3 ] DEBUG Engine               - globalSoundVolumeProperty: DoubleProperty [value: 0.1]
19:13:54.283 [FXGL Background Thread 3 ] DEBUG Engine               - height: 720
19:13:54.283 [FXGL Background Thread 3 ] DEBUG Engine               - is3D: false
19:13:54.283 [FXGL Background Thread 3 ] DEBUG Engine               - isAndroid: false
19:13:54.283 [FXGL Background Thread 3 ] DEBUG Engine               - isBrowser: false
19:13:54.283 [FXGL Background Thread 3 ] DEBUG Engine               - isClickFeedbackEnabled: false
19:13:54.283 [FXGL Background Thread 3 ] DEBUG Engine               - isCloseConfirmation: false
19:13:54.283 [FXGL Background Thread 3 ] DEBUG Engine               - isDesktop: true
19:13:54.283 [FXGL Background Thread 3 ] DEBUG Engine               - isDeveloperMenuEnabled: true
19:13:54.283 [FXGL Background Thread 3 ] DEBUG Engine               - isEntityPreloadEnabled: true
19:13:54.283 [FXGL Background Thread 3 ] DEBUG Engine               - isExperimentalTiledLargeMap: false
19:13:54.284 [FXGL Background Thread 3 ] DEBUG Engine               - isFileSystemWriteAllowed: true
19:13:54.284 [FXGL Background Thread 3 ] DEBUG Engine               - isFullScreenAllowed: false
19:13:54.284 [FXGL Background Thread 3 ] DEBUG Engine               - isFullScreenFromStart: false
19:13:54.284 [FXGL Background Thread 3 ] DEBUG Engine               - isGameMenuEnabled: true
19:13:54.284 [FXGL Background Thread 3 ] DEBUG Engine               - isIOS: false
19:13:54.284 [FXGL Background Thread 3 ] DEBUG Engine               - isIntroEnabled: false
19:13:54.284 [FXGL Background Thread 3 ] DEBUG Engine               - isLinux: false
19:13:54.284 [FXGL Background Thread 3 ] DEBUG Engine               - isMac: false
19:13:54.285 [FXGL Background Thread 3 ] DEBUG Engine               - isMainMenuEnabled: true
19:13:54.285 [FXGL Background Thread 3 ] DEBUG Engine               - isManualResizeEnabled: true
19:13:54.285 [FXGL Background Thread 3 ] DEBUG Engine               - isMobile: false
19:13:54.285 [FXGL Background Thread 3 ] DEBUG Engine               - isNative: false
19:13:54.285 [FXGL Background Thread 3 ] DEBUG Engine               - isPauseMusicWhenMinimized: true
19:13:54.285 [FXGL Background Thread 3 ] DEBUG Engine               - isPreserveResizeRatio: true
19:13:54.285 [FXGL Background Thread 3 ] DEBUG Engine               - isProfilingEnabled: false
19:13:54.285 [FXGL Background Thread 3 ] DEBUG Engine               - isScaleAffectedOnResize: true
19:13:54.285 [FXGL Background Thread 3 ] DEBUG Engine               - isSingleStep: false
19:13:54.285 [FXGL Background Thread 3 ] DEBUG Engine               - isUserProfileEnabled: false
19:13:54.286 [FXGL Background Thread 3 ] DEBUG Engine               - isWindows: true
19:13:54.286 [FXGL Background Thread 3 ] DEBUG Engine               - language: ObjectProperty [value: ENGLISH]
19:13:54.286 [FXGL Background Thread 3 ] DEBUG Engine               - menuKey: ESCAPE
19:13:54.286 [FXGL Background Thread 3 ] DEBUG Engine               - mouseSensitivity: 0.2
19:13:54.286 [FXGL Background Thread 3 ] DEBUG Engine               - notificationViewClass: class com.almasb.fxgl.notification.view.XboxNotificationView
19:13:54.286 [FXGL Background Thread 3 ] DEBUG Engine               - pixelsPerMeter: 50.0
19:13:54.286 [FXGL Background Thread 3 ] DEBUG Engine               - platform: WINDOWS
19:13:54.287 [FXGL Background Thread 3 ] DEBUG Engine               - prefHeightProperty: ReadOnlyDoubleProperty [value: 720.0]
19:13:54.287 [FXGL Background Thread 3 ] DEBUG Engine               - prefWidthProperty: ReadOnlyDoubleProperty [value: 720.0]
19:13:54.287 [FXGL Background Thread 3 ] DEBUG Engine               - profileDir: profiles/
19:13:54.287 [FXGL Background Thread 3 ] DEBUG Engine               - profileName: StringProperty [value: DEFAULT]
19:13:54.287 [FXGL Background Thread 3 ] DEBUG Engine               - randomSeed: -1
19:13:54.287 [FXGL Background Thread 3 ] DEBUG Engine               - runtimeInfo: RuntimeInfo(platform=WINDOWS, version=11.17, build=16.07.2021 15.46)
19:13:54.288 [FXGL Background Thread 3 ] DEBUG Engine               - saveFileExt: sav
19:13:54.288 [FXGL Background Thread 3 ] DEBUG Engine               - scaledHeightProp$fxgl: DoubleProperty [bound, value: 720.0]
19:13:54.288 [FXGL Background Thread 3 ] DEBUG Engine               - scaledWidthProp$fxgl: DoubleProperty [bound, value: 720.0]
19:13:54.288 [FXGL Background Thread 3 ] DEBUG Engine               - sceneFactory: Bomber.BombermanApp$1@da52784
19:13:54.288 [FXGL Background Thread 3 ] DEBUG Engine               - secondsIn24h: 60
19:13:54.288 [FXGL Background Thread 3 ] DEBUG Engine               - soundMenuBack: menu/back.wav
19:13:54.288 [FXGL Background Thread 3 ] DEBUG Engine               - soundMenuPress: menu/press.wav
19:13:54.289 [FXGL Background Thread 3 ] DEBUG Engine               - soundMenuSelect: menu/select.wav
19:13:54.289 [FXGL Background Thread 3 ] DEBUG Engine               - soundNotification: core/notification.wav
19:13:54.289 [FXGL Background Thread 3 ] DEBUG Engine               - stageStyle: DECORATED
19:13:54.289 [FXGL Background Thread 3 ] DEBUG Engine               - supportedLanguages: [ENGLISH, FRENCH, GERMAN, HUNGARIAN, RUSSIAN]
19:13:54.289 [FXGL Background Thread 3 ] DEBUG Engine               - ticksPerSecond: -1
19:13:54.289 [FXGL Background Thread 3 ] DEBUG Engine               - title: BOMBERMAN
19:13:54.289 [FXGL Background Thread 3 ] DEBUG Engine               - urlGithub: https://github.com/AlmasB/FXGL
19:13:54.289 [FXGL Background Thread 3 ] DEBUG Engine               - urlLeaderboard: http://fxgl-top.herokuapp.com/
19:13:54.290 [FXGL Background Thread 3 ] DEBUG Engine               - urlPOM: https://raw.githubusercontent.com/AlmasB/FXGL/release/README.md
19:13:54.290 [FXGL Background Thread 3 ] DEBUG Engine               - userAppClass: class Bomber.BombermanApp
19:13:54.290 [FXGL Background Thread 3 ] DEBUG Engine               - version: 1.0
19:13:54.290 [FXGL Background Thread 3 ] DEBUG Engine               - versionCheckDays: 7
19:13:54.290 [FXGL Background Thread 3 ] DEBUG Engine               - width: 720
19:13:54.290 [FXGL Background Thread 3 ] DEBUG Engine               - Logging services
19:13:54.291 [FXGL Background Thread 3 ] DEBUG Engine               - class com.almasb.fxgl.app.services.FXGLAssetLoaderService
19:13:54.291 [FXGL Background Thread 3 ] DEBUG Engine               - class com.almasb.fxgl.app.FXGLApplication$GameApplicationService
19:13:54.291 [FXGL Background Thread 3 ] DEBUG Engine               - class com.almasb.fxgl.app.services.FXGLDialogService
19:13:54.291 [FXGL Background Thread 3 ] DEBUG Engine               - class com.almasb.fxgl.app.services.IOTaskExecutorService
19:13:54.291 [FXGL Background Thread 3 ] DEBUG Engine               - class com.almasb.fxgl.io.FileSystemService
19:13:54.291 [FXGL Background Thread 3 ] DEBUG Engine               - class com.almasb.fxgl.localization.LocalizationService
19:13:54.291 [FXGL Background Thread 3 ] DEBUG Engine               - class com.almasb.fxgl.app.services.SystemBundleService
19:13:54.291 [FXGL Background Thread 3 ] DEBUG Engine               - class com.almasb.fxgl.profile.SaveLoadService
19:13:54.292 [FXGL Background Thread 3 ] DEBUG Engine               - class com.almasb.fxgl.ui.FXGLUIFactoryServiceProvider
19:13:54.292 [FXGL Background Thread 3 ] DEBUG Engine               - class com.almasb.fxgl.ui.FXGLDialogFactoryServiceProvider
19:13:54.292 [FXGL Background Thread 3 ] DEBUG Engine               - class com.almasb.fxgl.audio.AudioPlayer
19:13:54.292 [FXGL Background Thread 3 ] DEBUG Engine               - class com.almasb.fxgl.notification.impl.NotificationServiceProvider
19:13:54.292 [FXGL Background Thread 3 ] DEBUG Engine               - class com.almasb.fxgl.achievement.AchievementService
19:13:54.292 [FXGL Background Thread 3 ] DEBUG Engine               - class com.almasb.fxgl.cutscene.CutsceneService
19:13:54.292 [FXGL Background Thread 3 ] DEBUG Engine               - class com.almasb.fxgl.minigames.MiniGameService
19:13:54.292 [FXGL Background Thread 3 ] DEBUG Engine               - class com.almasb.fxgl.net.NetService
19:13:54.292 [FXGL Background Thread 3 ] DEBUG Engine               - class com.almasb.fxgl.app.services.UpdaterService
19:13:54.292 [FXGL Background Thread 3 ] DEBUG Engine               - class com.almasb.fxgl.dev.DevService
19:14:07.744 [JavaFX Application Thread] DEBUG FXGLAssetLoaderServi - Loading from file system: file:/D:/Code/ProjectJavaFX/bomberman/Bomber/target/classes/assets/textures/bomb_ani.png
19:14:10.241 [JavaFX Application Thread] DEBUG FXGLAssetLoaderServi - Loading from file system: file:/D:/Code/ProjectJavaFX/bomberman/Bomber/target/classes/assets/textures/bomb_exploded_1.png
19:14:10.250 [JavaFX Application Thread] DEBUG FXGLAssetLoaderServi - Loading from file system: file:/D:/Code/ProjectJavaFX/bomberman/Bomber/target/classes/assets/textures/brick_break.png
19:14:12.819 [JavaFX Application Thread] WARN  TMXLevelLoader       - TiledMap generated from 1.7.2. Supported version: 1.2.3. Some features may not be parsed fully.
19:14:12.831 [JavaFX Application Thread] DEBUG TMXLevelLoader       - Parsed TiledMap: file:/D:/Code/ProjectJavaFX/bomberman/Bomber/target/classes/assets/levels/bbm_level2.tmx
19:14:12.831 [JavaFX Application Thread] DEBUG TMXLevelLoader       - Creating tile layer entities
19:14:12.831 [JavaFX Application Thread] DEBUG TilesetLoader        - Loading view for layer Tile Layer 1
19:14:12.833 [JavaFX Application Thread] DEBUG TilesetLoader        - Created buffer with size 1488.0x720.0
19:14:12.920 [JavaFX Application Thread] DEBUG TilesetLoader        - Loading view for layer Tile Layer 2
19:14:12.920 [JavaFX Application Thread] DEBUG TilesetLoader        - Created buffer with size 1488.0x720.0
19:14:12.921 [JavaFX Application Thread] DEBUG TMXLevelLoader       - Creating object layer entities
19:14:12.923 [JavaFX Application Thread] DEBUG FXGLAssetLoaderServi - Loading from file system: file:/D:/Code/ProjectJavaFX/bomberman/Bomber/target/classes/assets/textures/grass.png
19:14:12.943 [JavaFX Application Thread] DEBUG FXGLAssetLoaderServi - Loading from file system: file:/D:/Code/ProjectJavaFX/bomberman/Bomber/target/classes/assets/textures/Oneal.png
19:14:12.953 [JavaFX Application Thread] DEBUG GameWorld            - Clearing removable entities
19:14:12.963 [JavaFX Application Thread] DEBUG GameWorld            - Setting level: com.almasb.fxgl.entity.level.Level@676393f2
19:14:18.803 [JavaFX Application Thread] DEBUG FXGLAssetLoaderServi - Loading from file system: file:/D:/Code/ProjectJavaFX/bomberman/Bomber/target/classes/assets/textures/grass_break_2.png
19:14:39.041 [JavaFX Application Thread] DEBUG FXGLApplication      - Exiting FXGL
19:14:39.041 [JavaFX Application Thread] DEBUG LoopRunner           - Stopping loop
19:14:39.041 [JavaFX Application Thread] DEBUG SystemBundleService  - Saving FXGL system data
19:14:39.043 [JavaFX Application Thread] DEBUG FileSystemAccess     - Writing to: D:\Code\ProjectJavaFX\bomberman\Bomber\system\fxgl.bundle
19:14:39.044 [JavaFX Application Thread] DEBUG Async                - Shutting down background threads
19:14:39.044 [JavaFX Application Thread] DEBUG PrimaryStageWindow   - Closing main window
19:14:39.053 [JavaFX Application Thread] DEBUG Logger               - Closing Logger
