01:44:43.501 [main                     ] DEBUG Logger               - Configured Logger
01:44:43.501 [main                     ] DEBUG GameApplication      - Logging settings
Title: BOMBERMAN
Version: 1.0
Width: 720
Height: 720
Fullscreen: false
Intro: false
Profiling: false
Single step:false
App Mode: DEVELOPER
Menu Key: ESCAPE
Stage Style: DECORATED
Scene Factory: class Bomber.BombermanApp$1

01:44:43.852 [JavaFX Application Thread] DEBUG FXGLApplication      - Initializing FXGL
01:44:43.854 [JavaFX Application Thread] INFO  Engine               - FXGL-11.17 (16.07.2021 15.46) on WINDOWS (J:17.0.1 FX:16)
01:44:43.854 [JavaFX Application Thread] DEBUG Engine               - JRE Vendor Name: Oracle Corporation
01:44:43.854 [JavaFX Application Thread] DEBUG Engine               - Running on OS: Windows 10 version 10.0
01:44:43.855 [JavaFX Application Thread] DEBUG Engine               - Architecture: amd64
01:44:43.855 [JavaFX Application Thread] INFO  Engine               - Source code and latest versions at: https://github.com/AlmasB/FXGL
01:44:43.855 [JavaFX Application Thread] INFO  Engine               -              Join the FXGL chat at: https://gitter.im/AlmasB/FXGL
01:44:43.959 [JavaFX Application Thread] DEBUG PrimaryStageWindow   - Creating a JavaFX scene
01:44:43.998 [JavaFX Application Thread] DEBUG PrimaryStageWindow   - Target settings size: 720.0 x 720.0
01:44:43.998 [JavaFX Application Thread] DEBUG PrimaryStageWindow   - Scaled scene size:    720.0 x 720.0
01:44:43.998 [JavaFX Application Thread] DEBUG PrimaryStageWindow   - Scaled ratio: (1.0, 1.0)
01:44:43.999 [JavaFX Application Thread] DEBUG PrimaryStageWindow   - Set initial scene to FXGLStartupScene
01:44:44.005 [JavaFX Application Thread] DEBUG PrimaryStageWindow   - Opening main window
01:44:44.084 [JavaFX Application Thread] DEBUG PrimaryStageWindow   - Window border size: (14.4000244140625, 37.5999755859375)
01:44:44.084 [JavaFX Application Thread] DEBUG PrimaryStageWindow   - Scaled size: 720.0 x 720.0
01:44:44.084 [JavaFX Application Thread] DEBUG PrimaryStageWindow   - Scaled ratio: (1.0, 1.0)
01:44:44.084 [JavaFX Application Thread] DEBUG PrimaryStageWindow   - Scene size: 720.0 x 720.0
01:44:44.084 [JavaFX Application Thread] DEBUG PrimaryStageWindow   - Stage size: 734.4000244140625 x 757.5999755859375
01:44:44.095 [FXGL Background Thread 1 ] DEBUG Engine               - Initializing environment variables
01:44:44.175 [FXGL Background Thread 1 ] DEBUG FXGLAssetLoaderServi - User app class for loading assets: class Bomber.BombermanApp
01:44:44.175 [FXGL Background Thread 1 ] DEBUG GameApplicationServi - Applying CSS: fxgl_dark.css
01:44:44.176 [FXGL Background Thread 1 ] DEBUG FXGLAssetLoaderServi - Loading from file system: jar:file:/C:/Users/thinh/.m2/repository/com/github/almasb/fxgl/11.17/fxgl-11.17.jar!/fxglassets/ui/css/fxgl_dark.css
01:44:44.241 [FXGL Background Thread 1 ] DEBUG GameApplicationServi - Initializing application scenes
01:44:44.298 [FXGL Background Thread 1 ] DEBUG GameWorld            - Game world initialized
01:44:44.387 [FXGL Background Thread 1 ] DEBUG PhysicsWorld         - Physics world initialized: appHeight=720, physics.ppm=50.0
01:44:44.387 [FXGL Background Thread 1 ] DEBUG PhysicsWorld         - Using strategy: BRUTE_FORCE
01:44:44.391 [FXGL Background Thread 1 ] DEBUG GameScene            - Game scene initialized: 720x720
01:44:44.469 [FXGL Background Thread 1 ] DEBUG GameApplicationServi - Application scenes initialized
01:44:44.484 [FXGL Background Thread 1 ] DEBUG SystemBundleService  - Loading FXGL system data
01:44:44.490 [FXGL Background Thread 1 ] DEBUG FileSystemAccess     - Reading from: D:\Code\ProjectJavaFX\bomberman\Bomber\system\fxgl.bundle
01:44:44.496 [FXGL Background Thread 1 ] DEBUG SystemBundleService  - Bundle FXGL: {}
01:44:44.496 [FXGL Background Thread 1 ] DEBUG UpdaterService       - Checking for updates
01:44:44.502 [FXGL Background Thread 4 ] DEBUG FXGLApplication      - Loading fonts
01:44:44.503 [FXGL Background Thread 4 ] DEBUG FXGLAssetLoaderServi - Loading from file system: file:/D:/Code/ProjectJavaFX/bomberman/Bomber/target/classes/assets/ui/fonts/Quinquefive-Ea6d4.ttf
01:44:44.503 [FXGL Background Thread 1 ] DEBUG FXGLApplication      - Loading default localization
01:44:44.503 [FXGL Background Thread 1 ] DEBUG FXGLAssetLoaderServi - Loading from file system: jar:file:/C:/Users/thinh/.m2/repository/com/github/almasb/fxgl/11.17/fxgl-11.17.jar!/fxglassets/languages/english.lang
01:44:44.524 [FXGL Background Thread 1 ] INFO  FXGLApplication      - FXGL initialization took: 0.429 sec
01:44:44.537 [JavaFX Application Thread] DEBUG Input                - Registered new binding: Move Up - W
01:44:44.537 [JavaFX Application Thread] DEBUG Input                - Registered new binding: Move Down - S
01:44:44.537 [JavaFX Application Thread] DEBUG Input                - Registered new binding: Move Left - A
01:44:44.537 [JavaFX Application Thread] DEBUG Input                - Registered new binding: Move Right - D
01:44:44.538 [JavaFX Application Thread] DEBUG Input                - Registered new binding: Place Bomb - Space
01:44:44.538 [JavaFX Application Thread] DEBUG FXGLAssetLoaderServi - Loading from file system: file:/D:/Code/ProjectJavaFX/bomberman/Bomber/target/classes/assets/music/title_screen.mp3
01:44:44.601 [FXGL Background Thread 4 ] DEBUG FXGLAssetLoaderServi - Loading from file system: jar:file:/C:/Users/thinh/.m2/repository/com/github/almasb/fxgl/11.17/fxgl-11.17.jar!/fxglassets/ui/fonts/Abel-Regular.ttf
01:44:44.620 [FXGL Background Thread 4 ] DEBUG FXGLAssetLoaderServi - Loading from file system: jar:file:/C:/Users/thinh/.m2/repository/com/github/almasb/fxgl/11.17/fxgl-11.17.jar!/fxglassets/ui/fonts/lucida_console.ttf
01:44:44.641 [FXGL Background Thread 4 ] DEBUG FXGLAssetLoaderServi - Loading from file system: jar:file:/C:/Users/thinh/.m2/repository/com/github/almasb/fxgl/11.17/fxgl-11.17.jar!/fxglassets/ui/fonts/Courier-Prime.ttf
01:44:44.706 [JavaFX Application Thread] DEBUG AudioPlayer          - Playing music com.almasb.fxgl.audio.Music@6c4ded6a
01:44:44.707 [JavaFX Application Thread] DEBUG FXGLAssetLoaderServi - Loading from file system: jar:file:/C:/Users/thinh/.m2/repository/com/github/almasb/fxgl/11.17/fxgl-11.17.jar!/fxglassets/textures/fxgl_icon.png
01:44:44.737 [JavaFX Application Thread] DEBUG FXGLAssetLoaderServi - Loading from file system: jar:file:/C:/Users/thinh/.m2/repository/com/github/almasb/fxgl/11.17/fxgl-11.17.jar!/fxglassets/textures/fxgl_default_cursor.png
01:44:44.741 [JavaFX Application Thread] DEBUG Input                - Registered new binding: Screenshot - CTRL+8
01:44:44.741 [JavaFX Application Thread] DEBUG Input                - Registered new binding: System info dump - CTRL+9
01:44:44.742 [JavaFX Application Thread] DEBUG Input                - Registered new binding: Restart - CTRL+R
01:44:44.743 [JavaFX Application Thread] DEBUG Input                - Registered new binding: Toggle Debug Camera - CTRL+C
01:44:44.746 [JavaFX Application Thread] DEBUG LoopRunner           - Starting loop
01:44:44.746 [JavaFX Application Thread] DEBUG LoopRunner           - Initializing JavaFX AnimationTimerLoop
01:44:44.748 [JavaFX Application Thread] DEBUG Input                - Clearing active input actions
01:44:44.754 [JavaFX Application Thread] DEBUG GameApplicationServi - Removing overlay from FXGLStartupScene and adding to FXGLMainMenuDummyScene
01:44:44.755 [JavaFX Application Thread] DEBUG PrimaryStageWindow   - FXGLStartupScene -> FXGLMainMenuDummyScene
01:44:44.755 [JavaFX Application Thread] DEBUG PrimaryStageWindow   - Push state: BombermanMenu
01:44:44.755 [JavaFX Application Thread] DEBUG Input                - Clearing active input actions
01:44:44.760 [JavaFX Application Thread] DEBUG GameApplicationServi - Removing overlay from FXGLMainMenuDummyScene and adding to BombermanMenu
01:44:44.761 [JavaFX Application Thread] DEBUG PrimaryStageWindow   - FXGLMainMenuDummyScene -> BombermanMenu
01:44:44.772 [JavaFX Application Thread] DEBUG FXGLApplication      - Registering font factories with UI factory
01:44:45.730 [JavaFX Application Thread] DEBUG Menu                 - fireNewGame()
01:44:45.730 [JavaFX Application Thread] DEBUG GameApplicationServi - Starting new game
01:44:45.730 [JavaFX Application Thread] DEBUG PrimaryStageWindow   - Pop state: BombermanMenu
01:44:45.730 [JavaFX Application Thread] DEBUG Input                - Clearing active input actions
01:44:45.730 [JavaFX Application Thread] DEBUG GameApplicationServi - Removing overlay from BombermanMenu and adding to FXGLMainMenuDummyScene
01:44:45.731 [JavaFX Application Thread] DEBUG PrimaryStageWindow   - FXGLMainMenuDummyScene <- BombermanMenu
01:44:45.731 [JavaFX Application Thread] DEBUG Input                - Clearing active input actions
01:44:45.736 [JavaFX Application Thread] DEBUG GameApplicationServi - Removing overlay from FXGLMainMenuDummyScene and adding to FXGLLoadingScene
01:44:45.736 [JavaFX Application Thread] DEBUG PrimaryStageWindow   - FXGLMainMenuDummyScene -> FXGLLoadingScene
01:44:45.736 [JavaFX Application Thread] DEBUG GameApplicationServi - Clearing previous game
01:44:45.736 [JavaFX Application Thread] DEBUG GameScene            - Clearing game scene
01:44:45.736 [JavaFX Application Thread] DEBUG GameWorld            - Clearing game world
01:44:45.736 [JavaFX Application Thread] DEBUG PhysicsWorld         - Clearing physics world
01:44:45.739 [FXGL Background Thread 2 ] DEBUG FXGLApplication      - Initializing game
01:44:45.774 [FXGL Background Thread 2 ] WARN  TMXLevelLoader       - TiledMap generated from 1.7.2. Supported version: 1.2.3. Some features may not be parsed fully.
01:44:45.798 [FXGL Background Thread 2 ] DEBUG TMXLevelLoader       - Parsed TiledMap: file:/D:/Code/ProjectJavaFX/bomberman/Bomber/target/classes/assets/levels/bbm_level1.tmx
01:44:45.799 [FXGL Background Thread 2 ] DEBUG TMXLevelLoader       - Creating tile layer entities
01:44:45.801 [FXGL Background Thread 2 ] DEBUG TilesetLoader        - Loading view for layer Tile Layer 1
01:44:45.805 [FXGL Background Thread 2 ] DEBUG TilesetLoader        - Created buffer with size 1488.0x720.0
01:44:45.915 [FXGL Background Thread 2 ] DEBUG TMXLevelLoader       - Creating object layer entities
01:44:45.936 [FXGL Background Thread 2 ] DEBUG FXGLAssetLoaderServi - Loading from file system: file:/D:/Code/ProjectJavaFX/bomberman/Bomber/target/classes/assets/textures/player_die.png
01:44:45.938 [FXGL Background Thread 2 ] DEBUG FXGLAssetLoaderServi - Loading from file system: file:/D:/Code/ProjectJavaFX/bomberman/Bomber/target/classes/assets/textures/player_down.png
01:44:45.941 [FXGL Background Thread 2 ] DEBUG FXGLAssetLoaderServi - Loading from file system: file:/D:/Code/ProjectJavaFX/bomberman/Bomber/target/classes/assets/textures/player_right.png
01:44:45.943 [FXGL Background Thread 2 ] DEBUG FXGLAssetLoaderServi - Loading from file system: file:/D:/Code/ProjectJavaFX/bomberman/Bomber/target/classes/assets/textures/player_up.png
01:44:45.945 [FXGL Background Thread 2 ] DEBUG FXGLAssetLoaderServi - Loading from file system: file:/D:/Code/ProjectJavaFX/bomberman/Bomber/target/classes/assets/textures/player_left.png
01:44:45.948 [FXGL Background Thread 2 ] WARN  Entity               - Entity already has component: com.almasb.fxgl.physics.PhysicsComponent
01:44:45.949 [FXGL Background Thread 2 ] DEBUG FXGLAssetLoaderServi - Loading from file system: file:/D:/Code/ProjectJavaFX/bomberman/Bomber/target/classes/assets/textures/brick.png
01:44:45.970 [FXGL Background Thread 2 ] DEBUG FXGLAssetLoaderServi - Loading from file system: file:/D:/Code/ProjectJavaFX/bomberman/Bomber/target/classes/assets/textures/balloom.png
01:44:46.034 [FXGL Background Thread 2 ] DEBUG FXGLAssetLoaderServi - Loading from file system: file:/D:/Code/ProjectJavaFX/bomberman/Bomber/target/classes/assets/textures/powerup_speed.png
01:44:46.036 [FXGL Background Thread 2 ] DEBUG FXGLAssetLoaderServi - Loading from file system: file:/D:/Code/ProjectJavaFX/bomberman/Bomber/target/classes/assets/textures/powerup_flames.png
01:44:46.038 [FXGL Background Thread 2 ] DEBUG FXGLAssetLoaderServi - Loading from file system: file:/D:/Code/ProjectJavaFX/bomberman/Bomber/target/classes/assets/textures/powerup_bombs.png
01:44:46.040 [FXGL Background Thread 2 ] DEBUG FXGLAssetLoaderServi - Loading from file system: file:/D:/Code/ProjectJavaFX/bomberman/Bomber/target/classes/assets/textures/powerup_flamepass.png
01:44:46.045 [FXGL Background Thread 2 ] DEBUG FXGLAssetLoaderServi - Loading from file system: file:/D:/Code/ProjectJavaFX/bomberman/Bomber/target/classes/assets/textures/portal.png
01:44:46.047 [FXGL Background Thread 2 ] DEBUG GameWorld            - Clearing removable entities
01:44:46.048 [FXGL Background Thread 2 ] DEBUG GameWorld            - Setting level: com.almasb.fxgl.entity.level.Level@b74a060
01:44:46.135 [FXGL Background Thread 2 ] INFO  FXGLApplication      - Game initialization took: 0.396 sec
01:44:46.136 [JavaFX Application Thread] DEBUG Input                - Clearing active input actions
01:44:46.153 [JavaFX Application Thread] DEBUG GameApplicationServi - Removing overlay from FXGLLoadingScene and adding to GameScene
01:44:46.153 [JavaFX Application Thread] DEBUG PrimaryStageWindow   - FXGLLoadingScene -> GameScene
01:44:47.500 [FXGL Background Thread 3 ] DEBUG Engine               - Logging environment variables
01:44:47.500 [FXGL Background Thread 3 ] DEBUG Engine               - achievements: []
01:44:47.500 [FXGL Background Thread 3 ] DEBUG Engine               - actualHeight: 720.0
01:44:47.500 [FXGL Background Thread 3 ] DEBUG Engine               - actualHeightProperty: ReadOnlyDoubleProperty [value: 720.0]
01:44:47.500 [FXGL Background Thread 3 ] DEBUG Engine               - actualWidth: 720.0
01:44:47.500 [FXGL Background Thread 3 ] DEBUG Engine               - actualWidthProperty: ReadOnlyDoubleProperty [value: 720.0]
01:44:47.500 [FXGL Background Thread 3 ] DEBUG Engine               - appIcon: fxgl_icon.png
01:44:47.500 [FXGL Background Thread 3 ] DEBUG Engine               - applicationMode: DEVELOPER
01:44:47.501 [FXGL Background Thread 3 ] DEBUG Engine               - cSSList: [fxgl_dark.css]
01:44:47.501 [FXGL Background Thread 3 ] DEBUG Engine               - collisionDetectionStrategy: BRUTE_FORCE
01:44:47.501 [FXGL Background Thread 3 ] DEBUG Engine               - configClass: Optional.empty
01:44:47.501 [FXGL Background Thread 3 ] DEBUG Engine               - credits: []
01:44:47.501 [FXGL Background Thread 3 ] DEBUG Engine               - defaultCursor: CursorInfo(imageName=fxgl_default_cursor.png, hotspotX=7.0, hotspotY=6.0)
01:44:47.501 [FXGL Background Thread 3 ] DEBUG Engine               - devBBoxColorProperty: ObjectProperty [value: 0xff0000ff]
01:44:47.501 [FXGL Background Thread 3 ] DEBUG Engine               - devEnableDebugCameraProperty: BooleanProperty [value: false]
01:44:47.502 [FXGL Background Thread 3 ] DEBUG Engine               - devSensorColorProperty: ObjectProperty [value: 0xffff00ff]
01:44:47.502 [FXGL Background Thread 3 ] DEBUG Engine               - devShowBBoxProperty: BooleanProperty [value: false]
01:44:47.502 [FXGL Background Thread 3 ] DEBUG Engine               - devShowPositionProperty: BooleanProperty [value: false]
01:44:47.502 [FXGL Background Thread 3 ] DEBUG Engine               - enabledMenuItems: []
01:44:47.502 [FXGL Background Thread 3 ] DEBUG Engine               - engineServices: [class com.almasb.fxgl.app.services.FXGLAssetLoaderService, class com.almasb.fxgl.app.FXGLApplication$GameApplicationService, class com.almasb.fxgl.app.services.FXGLDialogService, class com.almasb.fxgl.app.services.IOTaskExecutorService, class com.almasb.fxgl.io.FileSystemService, class com.almasb.fxgl.localization.LocalizationService, class com.almasb.fxgl.app.services.SystemBundleService, class com.almasb.fxgl.profile.SaveLoadService, class com.almasb.fxgl.ui.FXGLUIFactoryServiceProvider, class com.almasb.fxgl.ui.FXGLDialogFactoryServiceProvider, class com.almasb.fxgl.audio.AudioPlayer, class com.almasb.fxgl.notification.impl.NotificationServiceProvider, class com.almasb.fxgl.achievement.AchievementService, class com.almasb.fxgl.cutscene.CutsceneService, class com.almasb.fxgl.minigames.MiniGameService, class com.almasb.fxgl.net.NetService, class com.almasb.fxgl.app.services.UpdaterService, class com.almasb.fxgl.dev.DevService]
01:44:47.502 [FXGL Background Thread 3 ] DEBUG Engine               - fontGame: Abel-Regular.ttf
01:44:47.502 [FXGL Background Thread 3 ] DEBUG Engine               - fontMono: lucida_console.ttf
01:44:47.502 [FXGL Background Thread 3 ] DEBUG Engine               - fontText: Courier-Prime.ttf
01:44:47.502 [FXGL Background Thread 3 ] DEBUG Engine               - fontUI: Quinquefive-Ea6d4.ttf
01:44:47.502 [FXGL Background Thread 3 ] DEBUG Engine               - fullScreen: BooleanProperty [value: false]
01:44:47.503 [FXGL Background Thread 3 ] DEBUG Engine               - gameDifficulty: MEDIUM
01:44:47.503 [FXGL Background Thread 3 ] DEBUG Engine               - gameDifficultyProperty: ObjectProperty [value: MEDIUM]
01:44:47.503 [FXGL Background Thread 3 ] DEBUG Engine               - globalMusicVolume: 0.5
01:44:47.503 [FXGL Background Thread 3 ] DEBUG Engine               - globalMusicVolumeProperty: DoubleProperty [value: 0.1]
01:44:47.503 [FXGL Background Thread 3 ] DEBUG Engine               - globalSoundVolume: 0.5
01:44:47.503 [FXGL Background Thread 3 ] DEBUG Engine               - globalSoundVolumeProperty: DoubleProperty [value: 0.1]
01:44:47.503 [FXGL Background Thread 3 ] DEBUG Engine               - height: 720
01:44:47.503 [FXGL Background Thread 3 ] DEBUG Engine               - is3D: false
01:44:47.503 [FXGL Background Thread 3 ] DEBUG Engine               - isAndroid: false
01:44:47.503 [FXGL Background Thread 3 ] DEBUG Engine               - isBrowser: false
01:44:47.503 [FXGL Background Thread 3 ] DEBUG Engine               - isClickFeedbackEnabled: false
01:44:47.503 [FXGL Background Thread 3 ] DEBUG Engine               - isCloseConfirmation: false
01:44:47.503 [FXGL Background Thread 3 ] DEBUG Engine               - isDesktop: true
01:44:47.504 [FXGL Background Thread 3 ] DEBUG Engine               - isDeveloperMenuEnabled: false
01:44:47.504 [FXGL Background Thread 3 ] DEBUG Engine               - isEntityPreloadEnabled: true
01:44:47.504 [FXGL Background Thread 3 ] DEBUG Engine               - isExperimentalTiledLargeMap: false
01:44:47.504 [FXGL Background Thread 3 ] DEBUG Engine               - isFileSystemWriteAllowed: true
01:44:47.504 [FXGL Background Thread 3 ] DEBUG Engine               - isFullScreenAllowed: false
01:44:47.504 [FXGL Background Thread 3 ] DEBUG Engine               - isFullScreenFromStart: false
01:44:47.504 [FXGL Background Thread 3 ] DEBUG Engine               - isGameMenuEnabled: true
01:44:47.504 [FXGL Background Thread 3 ] DEBUG Engine               - isIOS: false
01:44:47.504 [FXGL Background Thread 3 ] DEBUG Engine               - isIntroEnabled: false
01:44:47.504 [FXGL Background Thread 3 ] DEBUG Engine               - isLinux: false
01:44:47.504 [FXGL Background Thread 3 ] DEBUG Engine               - isMac: false
01:44:47.504 [FXGL Background Thread 3 ] DEBUG Engine               - isMainMenuEnabled: true
01:44:47.504 [FXGL Background Thread 3 ] DEBUG Engine               - isManualResizeEnabled: true
01:44:47.504 [FXGL Background Thread 3 ] DEBUG Engine               - isMobile: false
01:44:47.504 [FXGL Background Thread 3 ] DEBUG Engine               - isNative: false
01:44:47.505 [FXGL Background Thread 3 ] DEBUG Engine               - isPauseMusicWhenMinimized: true
01:44:47.505 [FXGL Background Thread 3 ] DEBUG Engine               - isPreserveResizeRatio: true
01:44:47.505 [FXGL Background Thread 3 ] DEBUG Engine               - isProfilingEnabled: false
01:44:47.505 [FXGL Background Thread 3 ] DEBUG Engine               - isScaleAffectedOnResize: true
01:44:47.505 [FXGL Background Thread 3 ] DEBUG Engine               - isSingleStep: false
01:44:47.505 [FXGL Background Thread 3 ] DEBUG Engine               - isUserProfileEnabled: false
01:44:47.505 [FXGL Background Thread 3 ] DEBUG Engine               - isWindows: true
01:44:47.505 [FXGL Background Thread 3 ] DEBUG Engine               - language: ObjectProperty [value: ENGLISH]
01:44:47.505 [FXGL Background Thread 3 ] DEBUG Engine               - menuKey: ESCAPE
01:44:47.505 [FXGL Background Thread 3 ] DEBUG Engine               - mouseSensitivity: 0.2
01:44:47.506 [FXGL Background Thread 3 ] DEBUG Engine               - notificationViewClass: class com.almasb.fxgl.notification.view.XboxNotificationView
01:44:47.506 [FXGL Background Thread 3 ] DEBUG Engine               - pixelsPerMeter: 50.0
01:44:47.506 [FXGL Background Thread 3 ] DEBUG Engine               - platform: WINDOWS
01:44:47.506 [FXGL Background Thread 3 ] DEBUG Engine               - prefHeightProperty: ReadOnlyDoubleProperty [value: 720.0]
01:44:47.507 [FXGL Background Thread 3 ] DEBUG Engine               - prefWidthProperty: ReadOnlyDoubleProperty [value: 720.0]
01:44:47.507 [FXGL Background Thread 3 ] DEBUG Engine               - profileDir: profiles/
01:44:47.507 [FXGL Background Thread 3 ] DEBUG Engine               - profileName: StringProperty [value: DEFAULT]
01:44:47.507 [FXGL Background Thread 3 ] DEBUG Engine               - randomSeed: -1
01:44:47.507 [FXGL Background Thread 3 ] DEBUG Engine               - runtimeInfo: RuntimeInfo(platform=WINDOWS, version=11.17, build=16.07.2021 15.46)
01:44:47.507 [FXGL Background Thread 3 ] DEBUG Engine               - saveFileExt: sav
01:44:47.508 [FXGL Background Thread 3 ] DEBUG Engine               - scaledHeightProp$fxgl: DoubleProperty [bound, value: 720.0]
01:44:47.508 [FXGL Background Thread 3 ] DEBUG Engine               - scaledWidthProp$fxgl: DoubleProperty [bound, value: 720.0]
01:44:47.508 [FXGL Background Thread 3 ] DEBUG Engine               - sceneFactory: Bomber.BombermanApp$1@393341fb
01:44:47.508 [FXGL Background Thread 3 ] DEBUG Engine               - secondsIn24h: 60
01:44:47.508 [FXGL Background Thread 3 ] DEBUG Engine               - soundMenuBack: menu/back.wav
01:44:47.508 [FXGL Background Thread 3 ] DEBUG Engine               - soundMenuPress: menu/press.wav
01:44:47.508 [FXGL Background Thread 3 ] DEBUG Engine               - soundMenuSelect: menu/select.wav
01:44:47.508 [FXGL Background Thread 3 ] DEBUG Engine               - soundNotification: core/notification.wav
01:44:47.508 [FXGL Background Thread 3 ] DEBUG Engine               - stageStyle: DECORATED
01:44:47.508 [FXGL Background Thread 3 ] DEBUG Engine               - supportedLanguages: [ENGLISH, FRENCH, GERMAN, HUNGARIAN, RUSSIAN]
01:44:47.508 [FXGL Background Thread 3 ] DEBUG Engine               - ticksPerSecond: -1
01:44:47.508 [FXGL Background Thread 3 ] DEBUG Engine               - title: BOMBERMAN
01:44:47.508 [FXGL Background Thread 3 ] DEBUG Engine               - urlGithub: https://github.com/AlmasB/FXGL
01:44:47.508 [FXGL Background Thread 3 ] DEBUG Engine               - urlLeaderboard: http://fxgl-top.herokuapp.com/
01:44:47.508 [FXGL Background Thread 3 ] DEBUG Engine               - urlPOM: https://raw.githubusercontent.com/AlmasB/FXGL/release/README.md
01:44:47.509 [FXGL Background Thread 3 ] DEBUG Engine               - userAppClass: class Bomber.BombermanApp
01:44:47.509 [FXGL Background Thread 3 ] DEBUG Engine               - version: 1.0
01:44:47.509 [FXGL Background Thread 3 ] DEBUG Engine               - versionCheckDays: 7
01:44:47.509 [FXGL Background Thread 3 ] DEBUG Engine               - width: 720
01:44:47.509 [FXGL Background Thread 3 ] DEBUG Engine               - Logging services
01:44:47.509 [FXGL Background Thread 3 ] DEBUG Engine               - class com.almasb.fxgl.app.services.FXGLAssetLoaderService
01:44:47.509 [FXGL Background Thread 3 ] DEBUG Engine               - class com.almasb.fxgl.app.FXGLApplication$GameApplicationService
01:44:47.509 [FXGL Background Thread 3 ] DEBUG Engine               - class com.almasb.fxgl.app.services.FXGLDialogService
01:44:47.509 [FXGL Background Thread 3 ] DEBUG Engine               - class com.almasb.fxgl.app.services.IOTaskExecutorService
01:44:47.509 [FXGL Background Thread 3 ] DEBUG Engine               - class com.almasb.fxgl.io.FileSystemService
01:44:47.509 [FXGL Background Thread 3 ] DEBUG Engine               - class com.almasb.fxgl.localization.LocalizationService
01:44:47.509 [FXGL Background Thread 3 ] DEBUG Engine               - class com.almasb.fxgl.app.services.SystemBundleService
01:44:47.510 [FXGL Background Thread 3 ] DEBUG Engine               - class com.almasb.fxgl.profile.SaveLoadService
01:44:47.510 [FXGL Background Thread 3 ] DEBUG Engine               - class com.almasb.fxgl.ui.FXGLUIFactoryServiceProvider
01:44:47.510 [FXGL Background Thread 3 ] DEBUG Engine               - class com.almasb.fxgl.ui.FXGLDialogFactoryServiceProvider
01:44:47.510 [FXGL Background Thread 3 ] DEBUG Engine               - class com.almasb.fxgl.audio.AudioPlayer
01:44:47.510 [FXGL Background Thread 3 ] DEBUG Engine               - class com.almasb.fxgl.notification.impl.NotificationServiceProvider
01:44:47.510 [FXGL Background Thread 3 ] DEBUG Engine               - class com.almasb.fxgl.achievement.AchievementService
01:44:47.510 [FXGL Background Thread 3 ] DEBUG Engine               - class com.almasb.fxgl.cutscene.CutsceneService
01:44:47.510 [FXGL Background Thread 3 ] DEBUG Engine               - class com.almasb.fxgl.minigames.MiniGameService
01:44:47.510 [FXGL Background Thread 3 ] DEBUG Engine               - class com.almasb.fxgl.net.NetService
01:44:47.510 [FXGL Background Thread 3 ] DEBUG Engine               - class com.almasb.fxgl.app.services.UpdaterService
01:44:47.510 [FXGL Background Thread 3 ] DEBUG Engine               - class com.almasb.fxgl.dev.DevService
01:45:12.096 [JavaFX Application Thread] DEBUG FXGLApplication      - Exiting FXGL
01:45:12.097 [JavaFX Application Thread] DEBUG LoopRunner           - Stopping loop
01:45:12.097 [JavaFX Application Thread] DEBUG SystemBundleService  - Saving FXGL system data
01:45:12.098 [JavaFX Application Thread] DEBUG FileSystemAccess     - Writing to: D:\Code\ProjectJavaFX\bomberman\Bomber\system\fxgl.bundle
01:45:12.099 [JavaFX Application Thread] DEBUG Async                - Shutting down background threads
01:45:12.099 [JavaFX Application Thread] DEBUG PrimaryStageWindow   - Closing main window
01:45:12.110 [JavaFX Application Thread] DEBUG Logger               - Closing Logger
