17:13:23.146 [main                     ] DEBUG Logger               - Configured Logger
17:13:23.146 [main                     ] DEBUG GameApplication      - Logging settings
Title: BOMBERMAN
Version: 1.0
Width: 720
Height: 720
Fullscreen: false
Intro: false
Profiling: false
Single step:false
App Mode: DEVELOPER
Menu Key: ESCAPE
Stage Style: DECORATED
Scene Factory: class Bomber.BombermanApp$1

17:13:23.523 [JavaFX Application Thread] DEBUG FXGLApplication      - Initializing FXGL
17:13:23.525 [JavaFX Application Thread] INFO  Engine               - FXGL-11.17 (16.07.2021 15.46) on WINDOWS (J:17.0.1 FX:16)
17:13:23.525 [JavaFX Application Thread] DEBUG Engine               - JRE Vendor Name: Oracle Corporation
17:13:23.525 [JavaFX Application Thread] DEBUG Engine               - Running on OS: Windows 10 version 10.0
17:13:23.526 [JavaFX Application Thread] DEBUG Engine               - Architecture: amd64
17:13:23.526 [JavaFX Application Thread] INFO  Engine               - Source code and latest versions at: https://github.com/AlmasB/FXGL
17:13:23.526 [JavaFX Application Thread] INFO  Engine               -              Join the FXGL chat at: https://gitter.im/AlmasB/FXGL
17:13:23.627 [JavaFX Application Thread] DEBUG PrimaryStageWindow   - Creating a JavaFX scene
17:13:23.665 [JavaFX Application Thread] DEBUG PrimaryStageWindow   - Target settings size: 720.0 x 720.0
17:13:23.665 [JavaFX Application Thread] DEBUG PrimaryStageWindow   - Scaled scene size:    720.0 x 720.0
17:13:23.666 [JavaFX Application Thread] DEBUG PrimaryStageWindow   - Scaled ratio: (1.0, 1.0)
17:13:23.666 [JavaFX Application Thread] DEBUG PrimaryStageWindow   - Set initial scene to FXGLStartupScene
17:13:23.674 [JavaFX Application Thread] DEBUG PrimaryStageWindow   - Opening main window
17:13:23.743 [JavaFX Application Thread] DEBUG PrimaryStageWindow   - Window border size: (14.4000244140625, 37.5999755859375)
17:13:23.743 [JavaFX Application Thread] DEBUG PrimaryStageWindow   - Scaled size: 720.0 x 720.0
17:13:23.743 [JavaFX Application Thread] DEBUG PrimaryStageWindow   - Scaled ratio: (1.0, 1.0)
17:13:23.743 [JavaFX Application Thread] DEBUG PrimaryStageWindow   - Scene size: 720.0 x 720.0
17:13:23.743 [JavaFX Application Thread] DEBUG PrimaryStageWindow   - Stage size: 734.4000244140625 x 757.5999755859375
17:13:23.756 [FXGL Background Thread 1 ] DEBUG Engine               - Initializing environment variables
17:13:23.829 [FXGL Background Thread 1 ] DEBUG FXGLAssetLoaderServi - User app class for loading assets: class Bomber.BombermanApp
17:13:23.829 [FXGL Background Thread 1 ] DEBUG GameApplicationServi - Applying CSS: fxgl_dark.css
17:13:23.831 [FXGL Background Thread 1 ] DEBUG FXGLAssetLoaderServi - Loading from file system: jar:file:/C:/Users/thinh/.m2/repository/com/github/almasb/fxgl/11.17/fxgl-11.17.jar!/fxglassets/ui/css/fxgl_dark.css
17:13:23.891 [FXGL Background Thread 1 ] DEBUG GameApplicationServi - Initializing application scenes
17:13:23.945 [FXGL Background Thread 1 ] DEBUG GameWorld            - Game world initialized
17:13:24.019 [FXGL Background Thread 1 ] DEBUG PhysicsWorld         - Physics world initialized: appHeight=720, physics.ppm=50.0
17:13:24.020 [FXGL Background Thread 1 ] DEBUG PhysicsWorld         - Using strategy: BRUTE_FORCE
17:13:24.022 [FXGL Background Thread 1 ] DEBUG GameScene            - Game scene initialized: 720x720
17:13:24.105 [FXGL Background Thread 1 ] DEBUG GameApplicationServi - Application scenes initialized
17:13:24.122 [FXGL Background Thread 1 ] DEBUG SystemBundleService  - Loading FXGL system data
17:13:24.129 [FXGL Background Thread 1 ] DEBUG FileSystemAccess     - Reading from: D:\Code\ProjectJavaFX\bomberman\Bomber\system\fxgl.bundle
17:13:24.137 [FXGL Background Thread 1 ] DEBUG SystemBundleService  - Bundle FXGL: {}
17:13:24.137 [FXGL Background Thread 1 ] DEBUG UpdaterService       - Checking for updates
17:13:24.143 [FXGL Background Thread 4 ] DEBUG FXGLApplication      - Loading fonts
17:13:24.143 [FXGL Background Thread 4 ] DEBUG FXGLAssetLoaderServi - Loading from file system: file:/D:/Code/ProjectJavaFX/bomberman/Bomber/target/classes/assets/ui/fonts/Quinquefive-Ea6d4.ttf
17:13:24.143 [FXGL Background Thread 1 ] DEBUG FXGLApplication      - Loading default localization
17:13:24.144 [FXGL Background Thread 1 ] DEBUG FXGLAssetLoaderServi - Loading from file system: jar:file:/C:/Users/thinh/.m2/repository/com/github/almasb/fxgl/11.17/fxgl-11.17.jar!/fxglassets/languages/english.lang
17:13:24.169 [FXGL Background Thread 1 ] INFO  FXGLApplication      - FXGL initialization took: 0.413 sec
17:13:24.179 [JavaFX Application Thread] DEBUG Input                - Registered new binding: Move Up - W
17:13:24.179 [JavaFX Application Thread] DEBUG Input                - Registered new binding: Move Down - S
17:13:24.179 [JavaFX Application Thread] DEBUG Input                - Registered new binding: Move Left - A
17:13:24.179 [JavaFX Application Thread] DEBUG Input                - Registered new binding: Move Right - D
17:13:24.180 [JavaFX Application Thread] DEBUG Input                - Registered new binding: Place Bomb - Space
17:13:24.180 [JavaFX Application Thread] DEBUG FXGLAssetLoaderServi - Loading from file system: file:/D:/Code/ProjectJavaFX/bomberman/Bomber/target/classes/assets/music/title_screen.mp3
17:13:24.233 [FXGL Background Thread 4 ] DEBUG FXGLAssetLoaderServi - Loading from file system: jar:file:/C:/Users/thinh/.m2/repository/com/github/almasb/fxgl/11.17/fxgl-11.17.jar!/fxglassets/ui/fonts/Abel-Regular.ttf
17:13:24.249 [FXGL Background Thread 4 ] DEBUG FXGLAssetLoaderServi - Loading from file system: jar:file:/C:/Users/thinh/.m2/repository/com/github/almasb/fxgl/11.17/fxgl-11.17.jar!/fxglassets/ui/fonts/lucida_console.ttf
17:13:24.266 [FXGL Background Thread 4 ] DEBUG FXGLAssetLoaderServi - Loading from file system: jar:file:/C:/Users/thinh/.m2/repository/com/github/almasb/fxgl/11.17/fxgl-11.17.jar!/fxglassets/ui/fonts/Courier-Prime.ttf
17:13:24.317 [JavaFX Application Thread] DEBUG AudioPlayer          - Playing music com.almasb.fxgl.audio.Music@44ef270a
17:13:24.318 [JavaFX Application Thread] DEBUG FXGLAssetLoaderServi - Loading from file system: jar:file:/C:/Users/thinh/.m2/repository/com/github/almasb/fxgl/11.17/fxgl-11.17.jar!/fxglassets/textures/fxgl_icon.png
17:13:24.341 [JavaFX Application Thread] DEBUG FXGLAssetLoaderServi - Loading from file system: jar:file:/C:/Users/thinh/.m2/repository/com/github/almasb/fxgl/11.17/fxgl-11.17.jar!/fxglassets/textures/fxgl_default_cursor.png
17:13:24.343 [JavaFX Application Thread] DEBUG Input                - Registered new binding: Screenshot - CTRL+8
17:13:24.344 [JavaFX Application Thread] DEBUG Input                - Registered new binding: System info dump - CTRL+9
17:13:24.344 [JavaFX Application Thread] DEBUG Input                - Registered new binding: Restart - CTRL+R
17:13:24.344 [JavaFX Application Thread] DEBUG Input                - Registered new binding: Toggle Debug Camera - CTRL+C
17:13:24.346 [JavaFX Application Thread] DEBUG LoopRunner           - Starting loop
17:13:24.346 [JavaFX Application Thread] DEBUG LoopRunner           - Initializing JavaFX AnimationTimerLoop
17:13:24.348 [JavaFX Application Thread] DEBUG Input                - Clearing active input actions
17:13:24.352 [JavaFX Application Thread] DEBUG GameApplicationServi - Removing overlay from FXGLStartupScene and adding to FXGLMainMenuDummyScene
17:13:24.353 [JavaFX Application Thread] DEBUG PrimaryStageWindow   - FXGLStartupScene -> FXGLMainMenuDummyScene
17:13:24.353 [JavaFX Application Thread] DEBUG PrimaryStageWindow   - Push state: BombermanMenu
17:13:24.353 [JavaFX Application Thread] DEBUG Input                - Clearing active input actions
17:13:24.357 [JavaFX Application Thread] DEBUG GameApplicationServi - Removing overlay from FXGLMainMenuDummyScene and adding to BombermanMenu
17:13:24.357 [JavaFX Application Thread] DEBUG PrimaryStageWindow   - FXGLMainMenuDummyScene -> BombermanMenu
17:13:24.358 [JavaFX Application Thread] DEBUG FXGLApplication      - Registering font factories with UI factory
17:13:26.889 [JavaFX Application Thread] DEBUG FXGLApplication      - Exiting FXGL
17:13:26.889 [JavaFX Application Thread] DEBUG LoopRunner           - Stopping loop
17:13:26.889 [JavaFX Application Thread] DEBUG SystemBundleService  - Saving FXGL system data
17:13:26.891 [JavaFX Application Thread] DEBUG FileSystemAccess     - Writing to: D:\Code\ProjectJavaFX\bomberman\Bomber\system\fxgl.bundle
17:13:26.892 [JavaFX Application Thread] DEBUG Async                - Shutting down background threads
17:13:26.892 [JavaFX Application Thread] DEBUG PrimaryStageWindow   - Closing main window
17:13:26.903 [JavaFX Application Thread] DEBUG Logger               - Closing Logger
