19:44:31.535 [main                     ] DEBUG Logger               - Configured Logger
19:44:31.551 [main                     ] DEBUG GameApplication      - Logging settings
Title: BOMBERMAN
Version: 1.0
Width: 704
Height: 704
Fullscreen: false
Intro: false
Profiling: false
Single step:false
App Mode: DEVELOPER
Menu Key: ESCAPE
Stage Style: DECORATED
Scene Factory: class Bomber.BombermanApp$1

19:44:31.893 [JavaFX Application Thread] DEBUG FXGLApplication      - Initializing FXGL
19:44:31.895 [JavaFX Application Thread] INFO  Engine               - FXGL-11.17 (16.07.2021 15.46) on WINDOWS (J:17.0.1 FX:16)
19:44:31.895 [JavaFX Application Thread] DEBUG Engine               - JRE Vendor Name: Oracle Corporation
19:44:31.896 [JavaFX Application Thread] DEBUG Engine               - Running on OS: Windows 10 version 10.0
19:44:31.896 [JavaFX Application Thread] DEBUG Engine               - Architecture: amd64
19:44:31.896 [JavaFX Application Thread] INFO  Engine               - Source code and latest versions at: https://github.com/AlmasB/FXGL
19:44:31.896 [JavaFX Application Thread] INFO  Engine               -              Join the FXGL chat at: https://gitter.im/AlmasB/FXGL
19:44:32.002 [JavaFX Application Thread] DEBUG PrimaryStageWindow   - Creating a JavaFX scene
19:44:32.041 [JavaFX Application Thread] DEBUG PrimaryStageWindow   - Target settings size: 704.0 x 704.0
19:44:32.041 [JavaFX Application Thread] DEBUG PrimaryStageWindow   - Scaled scene size:    704.0 x 704.0
19:44:32.041 [JavaFX Application Thread] DEBUG PrimaryStageWindow   - Scaled ratio: (1.0, 1.0)
19:44:32.042 [JavaFX Application Thread] DEBUG PrimaryStageWindow   - Set initial scene to FXGLStartupScene
19:44:32.048 [JavaFX Application Thread] DEBUG PrimaryStageWindow   - Opening main window
19:44:32.135 [JavaFX Application Thread] DEBUG PrimaryStageWindow   - Window border size: (14.4000244140625, 37.5999755859375)
19:44:32.135 [JavaFX Application Thread] DEBUG PrimaryStageWindow   - Scaled size: 704.0 x 704.0
19:44:32.135 [JavaFX Application Thread] DEBUG PrimaryStageWindow   - Scaled ratio: (1.0, 1.0)
19:44:32.136 [JavaFX Application Thread] DEBUG PrimaryStageWindow   - Scene size: 704.0 x 704.0
19:44:32.136 [JavaFX Application Thread] DEBUG PrimaryStageWindow   - Stage size: 718.4000244140625 x 741.5999755859375
19:44:32.143 [FXGL Background Thread 1 ] DEBUG Engine               - Initializing environment variables
19:44:32.222 [FXGL Background Thread 1 ] DEBUG FXGLAssetLoaderServi - User app class for loading assets: class Bomber.BombermanApp
19:44:32.222 [FXGL Background Thread 1 ] DEBUG GameApplicationServi - Applying CSS: fxgl_dark.css
19:44:32.222 [FXGL Background Thread 1 ] DEBUG FXGLAssetLoaderServi - Loading from file system: jar:file:/C:/Users/thinh/.m2/repository/com/github/almasb/fxgl/11.17/fxgl-11.17.jar!/fxglassets/ui/css/fxgl_dark.css
19:44:32.294 [FXGL Background Thread 1 ] DEBUG GameApplicationServi - Initializing application scenes
19:44:32.341 [FXGL Background Thread 1 ] DEBUG GameWorld            - Game world initialized
19:44:32.415 [FXGL Background Thread 1 ] DEBUG PhysicsWorld         - Physics world initialized: appHeight=704, physics.ppm=50.0
19:44:32.415 [FXGL Background Thread 1 ] DEBUG PhysicsWorld         - Using strategy: BRUTE_FORCE
19:44:32.418 [FXGL Background Thread 1 ] DEBUG GameScene            - Game scene initialized: 704x704
19:44:32.496 [FXGL Background Thread 1 ] DEBUG GameApplicationServi - Application scenes initialized
19:44:32.508 [FXGL Background Thread 1 ] DEBUG SystemBundleService  - Loading FXGL system data
19:44:32.515 [FXGL Background Thread 1 ] DEBUG FileSystemAccess     - Reading from: D:\Code\ProjectJavaFX\bombermanTu\Bomber\system\fxgl.bundle
19:44:32.521 [FXGL Background Thread 1 ] DEBUG SystemBundleService  - Bundle FXGL: {}
19:44:32.522 [FXGL Background Thread 1 ] DEBUG UpdaterService       - Checking for updates
19:44:32.528 [FXGL Background Thread 4 ] DEBUG FXGLApplication      - Loading fonts
19:44:32.528 [FXGL Background Thread 4 ] DEBUG FXGLAssetLoaderServi - Loading from file system: file:/D:/Code/ProjectJavaFX/bombermanTu/Bomber/target/classes/assets/ui/fonts/Quinquefive-Ea6d4.ttf
19:44:32.528 [FXGL Background Thread 1 ] DEBUG FXGLApplication      - Loading default localization
19:44:32.529 [FXGL Background Thread 1 ] DEBUG FXGLAssetLoaderServi - Loading from file system: jar:file:/C:/Users/thinh/.m2/repository/com/github/almasb/fxgl/11.17/fxgl-11.17.jar!/fxglassets/languages/english.lang
19:44:32.551 [FXGL Background Thread 1 ] INFO  FXGLApplication      - FXGL initialization took: 0.409 sec
19:44:32.563 [JavaFX Application Thread] DEBUG Input                - Registered new binding: Move Up - W
19:44:32.564 [JavaFX Application Thread] DEBUG Input                - Registered new binding: Move Down - S
19:44:32.564 [JavaFX Application Thread] DEBUG Input                - Registered new binding: Move Left - A
19:44:32.564 [JavaFX Application Thread] DEBUG Input                - Registered new binding: Move Right - D
19:44:32.564 [JavaFX Application Thread] DEBUG Input                - Registered new binding: Place Bomb - Space
19:44:32.565 [JavaFX Application Thread] DEBUG FXGLAssetLoaderServi - Loading from file system: file:/D:/Code/ProjectJavaFX/bombermanTu/Bomber/target/classes/assets/music/title_screen.mp3
19:44:32.619 [FXGL Background Thread 4 ] DEBUG FXGLAssetLoaderServi - Loading from file system: jar:file:/C:/Users/thinh/.m2/repository/com/github/almasb/fxgl/11.17/fxgl-11.17.jar!/fxglassets/ui/fonts/Abel-Regular.ttf
19:44:32.636 [FXGL Background Thread 4 ] DEBUG FXGLAssetLoaderServi - Loading from file system: jar:file:/C:/Users/thinh/.m2/repository/com/github/almasb/fxgl/11.17/fxgl-11.17.jar!/fxglassets/ui/fonts/lucida_console.ttf
19:44:32.655 [FXGL Background Thread 4 ] DEBUG FXGLAssetLoaderServi - Loading from file system: jar:file:/C:/Users/thinh/.m2/repository/com/github/almasb/fxgl/11.17/fxgl-11.17.jar!/fxglassets/ui/fonts/Courier-Prime.ttf
19:44:32.714 [JavaFX Application Thread] DEBUG AudioPlayer          - Playing music com.almasb.fxgl.audio.Music@22f6de93
19:44:32.715 [JavaFX Application Thread] DEBUG FXGLAssetLoaderServi - Loading from file system: jar:file:/C:/Users/thinh/.m2/repository/com/github/almasb/fxgl/11.17/fxgl-11.17.jar!/fxglassets/textures/fxgl_icon.png
19:44:32.749 [JavaFX Application Thread] DEBUG FXGLAssetLoaderServi - Loading from file system: jar:file:/C:/Users/thinh/.m2/repository/com/github/almasb/fxgl/11.17/fxgl-11.17.jar!/fxglassets/textures/fxgl_default_cursor.png
19:44:32.751 [JavaFX Application Thread] DEBUG Input                - Registered new binding: Screenshot - CTRL+8
19:44:32.752 [JavaFX Application Thread] DEBUG Input                - Registered new binding: System info dump - CTRL+9
19:44:32.752 [JavaFX Application Thread] DEBUG Input                - Registered new binding: Restart - CTRL+R
19:44:32.753 [JavaFX Application Thread] DEBUG Input                - Registered new binding: Toggle Debug Camera - CTRL+C
19:44:32.755 [JavaFX Application Thread] DEBUG LoopRunner           - Starting loop
19:44:32.755 [JavaFX Application Thread] DEBUG LoopRunner           - Initializing JavaFX AnimationTimerLoop
19:44:32.757 [JavaFX Application Thread] DEBUG Input                - Clearing active input actions
19:44:32.764 [JavaFX Application Thread] DEBUG GameApplicationServi - Removing overlay from FXGLStartupScene and adding to FXGLMainMenuDummyScene
19:44:32.765 [JavaFX Application Thread] DEBUG PrimaryStageWindow   - FXGLStartupScene -> FXGLMainMenuDummyScene
19:44:32.765 [JavaFX Application Thread] DEBUG PrimaryStageWindow   - Push state: BombermanMenu
19:44:32.765 [JavaFX Application Thread] DEBUG Input                - Clearing active input actions
19:44:32.768 [JavaFX Application Thread] DEBUG GameApplicationServi - Removing overlay from FXGLMainMenuDummyScene and adding to BombermanMenu
19:44:32.768 [JavaFX Application Thread] DEBUG PrimaryStageWindow   - FXGLMainMenuDummyScene -> BombermanMenu
19:44:32.768 [JavaFX Application Thread] DEBUG FXGLApplication      - Registering font factories with UI factory
19:44:34.845 [JavaFX Application Thread] DEBUG Menu                 - fireNewGame()
19:44:34.845 [JavaFX Application Thread] DEBUG GameApplicationServi - Starting new game
19:44:34.845 [JavaFX Application Thread] DEBUG PrimaryStageWindow   - Pop state: BombermanMenu
19:44:34.845 [JavaFX Application Thread] DEBUG Input                - Clearing active input actions
19:44:34.846 [JavaFX Application Thread] DEBUG GameApplicationServi - Removing overlay from BombermanMenu and adding to FXGLMainMenuDummyScene
19:44:34.846 [JavaFX Application Thread] DEBUG PrimaryStageWindow   - FXGLMainMenuDummyScene <- BombermanMenu
19:44:34.846 [JavaFX Application Thread] DEBUG Input                - Clearing active input actions
19:44:34.852 [JavaFX Application Thread] DEBUG GameApplicationServi - Removing overlay from FXGLMainMenuDummyScene and adding to FXGLLoadingScene
19:44:34.853 [JavaFX Application Thread] DEBUG PrimaryStageWindow   - FXGLMainMenuDummyScene -> FXGLLoadingScene
19:44:34.853 [JavaFX Application Thread] DEBUG GameApplicationServi - Clearing previous game
19:44:34.853 [JavaFX Application Thread] DEBUG GameScene            - Clearing game scene
19:44:34.853 [JavaFX Application Thread] DEBUG GameWorld            - Clearing game world
19:44:34.853 [JavaFX Application Thread] DEBUG PhysicsWorld         - Clearing physics world
19:44:34.855 [FXGL Background Thread 2 ] DEBUG FXGLApplication      - Initializing game
19:44:34.909 [FXGL Background Thread 2 ] WARN  TMXLevelLoader       - TiledMap generated from 1.7.2. Supported version: 1.2.3. Some features may not be parsed fully.
19:44:34.926 [FXGL Background Thread 2 ] DEBUG TMXLevelLoader       - Parsed TiledMap: file:/D:/Code/ProjectJavaFX/bombermanTu/Bomber/target/classes/assets/levels/level1.tmx
19:44:34.927 [FXGL Background Thread 2 ] DEBUG TMXLevelLoader       - Creating tile layer entities
19:44:34.929 [FXGL Background Thread 2 ] DEBUG TilesetLoader        - Loading view for layer Tile Layer 1
19:44:34.934 [FXGL Background Thread 2 ] DEBUG TilesetLoader        - Created buffer with size 1280.0x704.0
19:44:35.148 [FXGL Background Thread 2 ] DEBUG TMXLevelLoader       - Creating object layer entities
19:44:35.154 [FXGL Background Thread 2 ] DEBUG FXGLAssetLoaderServi - Loading from file system: file:/D:/Code/ProjectJavaFX/bombermanTu/Bomber/target/classes/assets/textures/powerup_bombs.png
19:44:35.163 [FXGL Background Thread 2 ] DEBUG FXGLAssetLoaderServi - Loading from file system: file:/D:/Code/ProjectJavaFX/bombermanTu/Bomber/target/classes/assets/textures/powerup_flames.png
19:44:35.165 [FXGL Background Thread 2 ] DEBUG FXGLAssetLoaderServi - Loading from file system: file:/D:/Code/ProjectJavaFX/bombermanTu/Bomber/target/classes/assets/textures/powerup_speed.png
19:44:35.168 [FXGL Background Thread 2 ] DEBUG FXGLAssetLoaderServi - Loading from file system: file:/D:/Code/ProjectJavaFX/bombermanTu/Bomber/target/classes/assets/textures/powerup_flamepass.png
19:44:35.170 [FXGL Background Thread 2 ] DEBUG FXGLAssetLoaderServi - Loading from file system: file:/D:/Code/ProjectJavaFX/bombermanTu/Bomber/target/classes/assets/textures/portal.png
19:44:35.179 [FXGL Background Thread 2 ] DEBUG FXGLAssetLoaderServi - Loading from file system: file:/D:/Code/ProjectJavaFX/bombermanTu/Bomber/target/classes/assets/textures/player_die.png
19:44:35.183 [FXGL Background Thread 2 ] DEBUG FXGLAssetLoaderServi - Loading from file system: file:/D:/Code/ProjectJavaFX/bombermanTu/Bomber/target/classes/assets/textures/player_down.png
19:44:35.184 [FXGL Background Thread 2 ] DEBUG FXGLAssetLoaderServi - Loading from file system: file:/D:/Code/ProjectJavaFX/bombermanTu/Bomber/target/classes/assets/textures/player_right.png
19:44:35.186 [FXGL Background Thread 2 ] DEBUG FXGLAssetLoaderServi - Loading from file system: file:/D:/Code/ProjectJavaFX/bombermanTu/Bomber/target/classes/assets/textures/player_up.png
19:44:35.187 [FXGL Background Thread 2 ] DEBUG FXGLAssetLoaderServi - Loading from file system: file:/D:/Code/ProjectJavaFX/bombermanTu/Bomber/target/classes/assets/textures/player_left.png
19:44:35.193 [FXGL Background Thread 2 ] WARN  Entity               - Entity already has component: com.almasb.fxgl.physics.PhysicsComponent
19:44:35.195 [FXGL Background Thread 2 ] DEBUG FXGLAssetLoaderServi - Loading from file system: file:/D:/Code/ProjectJavaFX/bombermanTu/Bomber/target/classes/assets/textures/brick.png
19:44:35.234 [FXGL Background Thread 2 ] DEBUG GameWorld            - Clearing removable entities
19:44:35.235 [FXGL Background Thread 2 ] DEBUG GameWorld            - Setting level: com.almasb.fxgl.entity.level.Level@4416eca1
19:44:35.262 [FXGL Background Thread 2 ] INFO  FXGLApplication      - Game initialization took: 0.406 sec
19:44:35.263 [JavaFX Application Thread] DEBUG Input                - Clearing active input actions
19:44:35.282 [JavaFX Application Thread] DEBUG GameApplicationServi - Removing overlay from FXGLLoadingScene and adding to GameScene
19:44:35.283 [JavaFX Application Thread] DEBUG PrimaryStageWindow   - FXGLLoadingScene -> GameScene
19:44:35.527 [FXGL Background Thread 3 ] DEBUG Engine               - Logging environment variables
19:44:35.527 [FXGL Background Thread 3 ] DEBUG Engine               - achievements: []
19:44:35.527 [FXGL Background Thread 3 ] DEBUG Engine               - actualHeight: 704.0
19:44:35.528 [FXGL Background Thread 3 ] DEBUG Engine               - actualHeightProperty: ReadOnlyDoubleProperty [value: 704.0]
19:44:35.528 [FXGL Background Thread 3 ] DEBUG Engine               - actualWidth: 704.0
19:44:35.528 [FXGL Background Thread 3 ] DEBUG Engine               - actualWidthProperty: ReadOnlyDoubleProperty [value: 704.0]
19:44:35.528 [FXGL Background Thread 3 ] DEBUG Engine               - appIcon: fxgl_icon.png
19:44:35.528 [FXGL Background Thread 3 ] DEBUG Engine               - applicationMode: DEVELOPER
19:44:35.528 [FXGL Background Thread 3 ] DEBUG Engine               - cSSList: [fxgl_dark.css]
19:44:35.528 [FXGL Background Thread 3 ] DEBUG Engine               - collisionDetectionStrategy: BRUTE_FORCE
19:44:35.528 [FXGL Background Thread 3 ] DEBUG Engine               - configClass: Optional.empty
19:44:35.529 [FXGL Background Thread 3 ] DEBUG Engine               - credits: []
19:44:35.529 [FXGL Background Thread 3 ] DEBUG Engine               - defaultCursor: CursorInfo(imageName=fxgl_default_cursor.png, hotspotX=7.0, hotspotY=6.0)
19:44:35.529 [FXGL Background Thread 3 ] DEBUG Engine               - devBBoxColorProperty: ObjectProperty [value: 0xff0000ff]
19:44:35.529 [FXGL Background Thread 3 ] DEBUG Engine               - devEnableDebugCameraProperty: BooleanProperty [value: false]
19:44:35.529 [FXGL Background Thread 3 ] DEBUG Engine               - devSensorColorProperty: ObjectProperty [value: 0xffff00ff]
19:44:35.529 [FXGL Background Thread 3 ] DEBUG Engine               - devShowBBoxProperty: BooleanProperty [value: false]
19:44:35.530 [FXGL Background Thread 3 ] DEBUG Engine               - devShowPositionProperty: BooleanProperty [value: false]
19:44:35.530 [FXGL Background Thread 3 ] DEBUG Engine               - enabledMenuItems: []
19:44:35.530 [FXGL Background Thread 3 ] DEBUG Engine               - engineServices: [class com.almasb.fxgl.app.services.FXGLAssetLoaderService, class com.almasb.fxgl.app.FXGLApplication$GameApplicationService, class com.almasb.fxgl.app.services.FXGLDialogService, class com.almasb.fxgl.app.services.IOTaskExecutorService, class com.almasb.fxgl.io.FileSystemService, class com.almasb.fxgl.localization.LocalizationService, class com.almasb.fxgl.app.services.SystemBundleService, class com.almasb.fxgl.profile.SaveLoadService, class com.almasb.fxgl.ui.FXGLUIFactoryServiceProvider, class com.almasb.fxgl.ui.FXGLDialogFactoryServiceProvider, class com.almasb.fxgl.audio.AudioPlayer, class com.almasb.fxgl.notification.impl.NotificationServiceProvider, class com.almasb.fxgl.achievement.AchievementService, class com.almasb.fxgl.cutscene.CutsceneService, class com.almasb.fxgl.minigames.MiniGameService, class com.almasb.fxgl.net.NetService, class com.almasb.fxgl.app.services.UpdaterService, class com.almasb.fxgl.dev.DevService]
19:44:35.530 [FXGL Background Thread 3 ] DEBUG Engine               - fontGame: Abel-Regular.ttf
19:44:35.530 [FXGL Background Thread 3 ] DEBUG Engine               - fontMono: lucida_console.ttf
19:44:35.530 [FXGL Background Thread 3 ] DEBUG Engine               - fontText: Courier-Prime.ttf
19:44:35.530 [FXGL Background Thread 3 ] DEBUG Engine               - fontUI: Quinquefive-Ea6d4.ttf
19:44:35.530 [FXGL Background Thread 3 ] DEBUG Engine               - fullScreen: BooleanProperty [value: false]
19:44:35.530 [FXGL Background Thread 3 ] DEBUG Engine               - gameDifficulty: MEDIUM
19:44:35.531 [FXGL Background Thread 3 ] DEBUG Engine               - gameDifficultyProperty: ObjectProperty [value: MEDIUM]
19:44:35.531 [FXGL Background Thread 3 ] DEBUG Engine               - globalMusicVolume: 0.5
19:44:35.531 [FXGL Background Thread 3 ] DEBUG Engine               - globalMusicVolumeProperty: DoubleProperty [value: 0.5]
19:44:35.531 [FXGL Background Thread 3 ] DEBUG Engine               - globalSoundVolume: 0.5
19:44:35.531 [FXGL Background Thread 3 ] DEBUG Engine               - globalSoundVolumeProperty: DoubleProperty [value: 0.2]
19:44:35.531 [FXGL Background Thread 3 ] DEBUG Engine               - height: 704
19:44:35.531 [FXGL Background Thread 3 ] DEBUG Engine               - is3D: false
19:44:35.531 [FXGL Background Thread 3 ] DEBUG Engine               - isAndroid: false
19:44:35.531 [FXGL Background Thread 3 ] DEBUG Engine               - isBrowser: false
19:44:35.532 [FXGL Background Thread 3 ] DEBUG Engine               - isClickFeedbackEnabled: false
19:44:35.532 [FXGL Background Thread 3 ] DEBUG Engine               - isCloseConfirmation: false
19:44:35.532 [FXGL Background Thread 3 ] DEBUG Engine               - isDesktop: true
19:44:35.532 [FXGL Background Thread 3 ] DEBUG Engine               - isDeveloperMenuEnabled: false
19:44:35.532 [FXGL Background Thread 3 ] DEBUG Engine               - isEntityPreloadEnabled: true
19:44:35.532 [FXGL Background Thread 3 ] DEBUG Engine               - isExperimentalTiledLargeMap: false
19:44:35.532 [FXGL Background Thread 3 ] DEBUG Engine               - isFileSystemWriteAllowed: true
19:44:35.532 [FXGL Background Thread 3 ] DEBUG Engine               - isFullScreenAllowed: false
19:44:35.532 [FXGL Background Thread 3 ] DEBUG Engine               - isFullScreenFromStart: false
19:44:35.533 [FXGL Background Thread 3 ] DEBUG Engine               - isGameMenuEnabled: true
19:44:35.533 [FXGL Background Thread 3 ] DEBUG Engine               - isIOS: false
19:44:35.533 [FXGL Background Thread 3 ] DEBUG Engine               - isIntroEnabled: false
19:44:35.533 [FXGL Background Thread 3 ] DEBUG Engine               - isLinux: false
19:44:35.533 [FXGL Background Thread 3 ] DEBUG Engine               - isMac: false
19:44:35.533 [FXGL Background Thread 3 ] DEBUG Engine               - isMainMenuEnabled: true
19:44:35.533 [FXGL Background Thread 3 ] DEBUG Engine               - isManualResizeEnabled: false
19:44:35.533 [FXGL Background Thread 3 ] DEBUG Engine               - isMobile: false
19:44:35.533 [FXGL Background Thread 3 ] DEBUG Engine               - isNative: false
19:44:35.533 [FXGL Background Thread 3 ] DEBUG Engine               - isPauseMusicWhenMinimized: true
19:44:35.534 [FXGL Background Thread 3 ] DEBUG Engine               - isPreserveResizeRatio: false
19:44:35.534 [FXGL Background Thread 3 ] DEBUG Engine               - isProfilingEnabled: false
19:44:35.534 [FXGL Background Thread 3 ] DEBUG Engine               - isScaleAffectedOnResize: true
19:44:35.534 [FXGL Background Thread 3 ] DEBUG Engine               - isSingleStep: false
19:44:35.534 [FXGL Background Thread 3 ] DEBUG Engine               - isUserProfileEnabled: false
19:44:35.534 [FXGL Background Thread 3 ] DEBUG Engine               - isWindows: true
19:44:35.534 [FXGL Background Thread 3 ] DEBUG Engine               - language: ObjectProperty [value: ENGLISH]
19:44:35.534 [FXGL Background Thread 3 ] DEBUG Engine               - menuKey: ESCAPE
19:44:35.534 [FXGL Background Thread 3 ] DEBUG Engine               - mouseSensitivity: 0.2
19:44:35.535 [FXGL Background Thread 3 ] DEBUG Engine               - notificationViewClass: class com.almasb.fxgl.notification.view.XboxNotificationView
19:44:35.535 [FXGL Background Thread 3 ] DEBUG Engine               - pixelsPerMeter: 50.0
19:44:35.535 [FXGL Background Thread 3 ] DEBUG Engine               - platform: WINDOWS
19:44:35.535 [FXGL Background Thread 3 ] DEBUG Engine               - prefHeightProperty: ReadOnlyDoubleProperty [value: 704.0]
19:44:35.535 [FXGL Background Thread 3 ] DEBUG Engine               - prefWidthProperty: ReadOnlyDoubleProperty [value: 704.0]
19:44:35.535 [FXGL Background Thread 3 ] DEBUG Engine               - profileDir: profiles/
19:44:35.535 [FXGL Background Thread 3 ] DEBUG Engine               - profileName: StringProperty [value: DEFAULT]
19:44:35.535 [FXGL Background Thread 3 ] DEBUG Engine               - randomSeed: -1
19:44:35.535 [FXGL Background Thread 3 ] DEBUG Engine               - runtimeInfo: RuntimeInfo(platform=WINDOWS, version=11.17, build=16.07.2021 15.46)
19:44:35.535 [FXGL Background Thread 3 ] DEBUG Engine               - saveFileExt: sav
19:44:35.536 [FXGL Background Thread 3 ] DEBUG Engine               - scaledHeightProp$fxgl: DoubleProperty [bound, value: 704.0]
19:44:35.536 [FXGL Background Thread 3 ] DEBUG Engine               - scaledWidthProp$fxgl: DoubleProperty [bound, value: 704.0]
19:44:35.536 [FXGL Background Thread 3 ] DEBUG Engine               - sceneFactory: Bomber.BombermanApp$1@57e63a7d
19:44:35.536 [FXGL Background Thread 3 ] DEBUG Engine               - secondsIn24h: 60
19:44:35.536 [FXGL Background Thread 3 ] DEBUG Engine               - soundMenuBack: menu/back.wav
19:44:35.536 [FXGL Background Thread 3 ] DEBUG Engine               - soundMenuPress: menu/press.wav
19:44:35.536 [FXGL Background Thread 3 ] DEBUG Engine               - soundMenuSelect: menu/select.wav
19:44:35.536 [FXGL Background Thread 3 ] DEBUG Engine               - soundNotification: core/notification.wav
19:44:35.536 [FXGL Background Thread 3 ] DEBUG Engine               - stageStyle: DECORATED
19:44:35.536 [FXGL Background Thread 3 ] DEBUG Engine               - supportedLanguages: [ENGLISH, FRENCH, GERMAN, HUNGARIAN, RUSSIAN]
19:44:35.536 [FXGL Background Thread 3 ] DEBUG Engine               - ticksPerSecond: -1
19:44:35.537 [FXGL Background Thread 3 ] DEBUG Engine               - title: BOMBERMAN
19:44:35.537 [FXGL Background Thread 3 ] DEBUG Engine               - urlGithub: https://github.com/AlmasB/FXGL
19:44:35.537 [FXGL Background Thread 3 ] DEBUG Engine               - urlLeaderboard: http://fxgl-top.herokuapp.com/
19:44:35.537 [FXGL Background Thread 3 ] DEBUG Engine               - urlPOM: https://raw.githubusercontent.com/AlmasB/FXGL/release/README.md
19:44:35.537 [FXGL Background Thread 3 ] DEBUG Engine               - userAppClass: class Bomber.BombermanApp
19:44:35.537 [FXGL Background Thread 3 ] DEBUG Engine               - version: 1.0
19:44:35.537 [FXGL Background Thread 3 ] DEBUG Engine               - versionCheckDays: 7
19:44:35.537 [FXGL Background Thread 3 ] DEBUG Engine               - width: 704
19:44:35.537 [FXGL Background Thread 3 ] DEBUG Engine               - Logging services
19:44:35.537 [FXGL Background Thread 3 ] DEBUG Engine               - class com.almasb.fxgl.app.services.FXGLAssetLoaderService
19:44:35.538 [FXGL Background Thread 3 ] DEBUG Engine               - class com.almasb.fxgl.app.FXGLApplication$GameApplicationService
19:44:35.538 [FXGL Background Thread 3 ] DEBUG Engine               - class com.almasb.fxgl.app.services.FXGLDialogService
19:44:35.538 [FXGL Background Thread 3 ] DEBUG Engine               - class com.almasb.fxgl.app.services.IOTaskExecutorService
19:44:35.538 [FXGL Background Thread 3 ] DEBUG Engine               - class com.almasb.fxgl.io.FileSystemService
19:44:35.538 [FXGL Background Thread 3 ] DEBUG Engine               - class com.almasb.fxgl.localization.LocalizationService
19:44:35.538 [FXGL Background Thread 3 ] DEBUG Engine               - class com.almasb.fxgl.app.services.SystemBundleService
19:44:35.538 [FXGL Background Thread 3 ] DEBUG Engine               - class com.almasb.fxgl.profile.SaveLoadService
19:44:35.538 [FXGL Background Thread 3 ] DEBUG Engine               - class com.almasb.fxgl.ui.FXGLUIFactoryServiceProvider
19:44:35.538 [FXGL Background Thread 3 ] DEBUG Engine               - class com.almasb.fxgl.ui.FXGLDialogFactoryServiceProvider
19:44:35.538 [FXGL Background Thread 3 ] DEBUG Engine               - class com.almasb.fxgl.audio.AudioPlayer
19:44:35.538 [FXGL Background Thread 3 ] DEBUG Engine               - class com.almasb.fxgl.notification.impl.NotificationServiceProvider
19:44:35.539 [FXGL Background Thread 3 ] DEBUG Engine               - class com.almasb.fxgl.achievement.AchievementService
19:44:35.539 [FXGL Background Thread 3 ] DEBUG Engine               - class com.almasb.fxgl.cutscene.CutsceneService
19:44:35.539 [FXGL Background Thread 3 ] DEBUG Engine               - class com.almasb.fxgl.minigames.MiniGameService
19:44:35.539 [FXGL Background Thread 3 ] DEBUG Engine               - class com.almasb.fxgl.net.NetService
19:44:35.539 [FXGL Background Thread 3 ] DEBUG Engine               - class com.almasb.fxgl.app.services.UpdaterService
19:44:35.539 [FXGL Background Thread 3 ] DEBUG Engine               - class com.almasb.fxgl.dev.DevService
19:44:35.990 [JavaFX Application Thread] DEBUG PrimaryStageWindow   - Push state: BombermanGameMenu
19:44:35.990 [JavaFX Application Thread] DEBUG Input                - Clearing active input actions
19:44:35.990 [JavaFX Application Thread] DEBUG GameApplicationServi - Removing overlay from GameScene and adding to BombermanGameMenu
19:44:35.990 [JavaFX Application Thread] DEBUG PrimaryStageWindow   - GameScene -> BombermanGameMenu
19:44:38.760 [JavaFX Application Thread] DEBUG PrimaryStageWindow   - Push state: DialogSubScene
19:44:38.760 [JavaFX Application Thread] DEBUG Input                - Clearing active input actions
19:44:38.760 [JavaFX Application Thread] DEBUG GameApplicationServi - Removing overlay from BombermanGameMenu and adding to DialogSubScene
19:44:38.760 [JavaFX Application Thread] DEBUG PrimaryStageWindow   - BombermanGameMenu -> DialogSubScene
19:44:39.669 [JavaFX Application Thread] DEBUG PrimaryStageWindow   - Pop state: DialogSubScene
19:44:39.669 [JavaFX Application Thread] DEBUG Input                - Clearing active input actions
19:44:39.670 [JavaFX Application Thread] DEBUG GameApplicationServi - Removing overlay from DialogSubScene and adding to BombermanGameMenu
19:44:39.670 [JavaFX Application Thread] DEBUG PrimaryStageWindow   - BombermanGameMenu <- DialogSubScene
19:44:40.620 [JavaFX Application Thread] DEBUG Menu                 - fireExitToMainMenu()
19:44:40.622 [JavaFX Application Thread] DEBUG PrimaryStageWindow   - Push state: DialogSubScene
19:44:40.622 [JavaFX Application Thread] DEBUG Input                - Clearing active input actions
19:44:40.623 [JavaFX Application Thread] DEBUG GameApplicationServi - Removing overlay from BombermanGameMenu and adding to DialogSubScene
19:44:40.623 [JavaFX Application Thread] DEBUG PrimaryStageWindow   - BombermanGameMenu -> DialogSubScene
19:44:41.436 [JavaFX Application Thread] DEBUG PrimaryStageWindow   - Pop state: DialogSubScene
19:44:41.437 [JavaFX Application Thread] DEBUG Input                - Clearing active input actions
19:44:41.437 [JavaFX Application Thread] DEBUG GameApplicationServi - Removing overlay from DialogSubScene and adding to BombermanGameMenu
19:44:41.437 [JavaFX Application Thread] DEBUG PrimaryStageWindow   - BombermanGameMenu <- DialogSubScene
19:44:41.437 [JavaFX Application Thread] DEBUG PrimaryStageWindow   - Pop state: BombermanGameMenu
19:44:41.437 [JavaFX Application Thread] DEBUG Input                - Clearing active input actions
19:44:41.438 [JavaFX Application Thread] DEBUG GameApplicationServi - Removing overlay from BombermanGameMenu and adding to GameScene
19:44:41.438 [JavaFX Application Thread] DEBUG PrimaryStageWindow   - GameScene <- BombermanGameMenu
19:44:41.438 [JavaFX Application Thread] DEBUG Input                - Clearing active input actions
19:44:41.441 [JavaFX Application Thread] DEBUG GameApplicationServi - Removing overlay from GameScene and adding to FXGLMainMenuDummyScene
19:44:41.441 [JavaFX Application Thread] DEBUG PrimaryStageWindow   - GameScene -> FXGLMainMenuDummyScene
19:44:41.441 [JavaFX Application Thread] DEBUG PrimaryStageWindow   - Push state: BombermanMenu
19:44:41.441 [JavaFX Application Thread] DEBUG Input                - Clearing active input actions
19:44:41.441 [JavaFX Application Thread] DEBUG GameApplicationServi - Removing overlay from FXGLMainMenuDummyScene and adding to BombermanMenu
19:44:41.442 [JavaFX Application Thread] DEBUG PrimaryStageWindow   - FXGLMainMenuDummyScene -> BombermanMenu
19:44:42.573 [JavaFX Application Thread] DEBUG FXGLApplication      - Exiting FXGL
19:44:42.573 [JavaFX Application Thread] DEBUG LoopRunner           - Stopping loop
19:44:42.573 [JavaFX Application Thread] DEBUG SystemBundleService  - Saving FXGL system data
19:44:42.574 [JavaFX Application Thread] DEBUG FileSystemAccess     - Writing to: D:\Code\ProjectJavaFX\bombermanTu\Bomber\system\fxgl.bundle
19:44:42.575 [JavaFX Application Thread] DEBUG Async                - Shutting down background threads
19:44:42.576 [JavaFX Application Thread] DEBUG PrimaryStageWindow   - Closing main window
19:44:42.588 [JavaFX Application Thread] DEBUG Logger               - Closing Logger
