02:16:00.742 [main                     ] DEBUG Logger               - Configured Logger
02:16:00.745 [main                     ] DEBUG GameApplication      - Logging settings
Title: BOMBERMAN
Version: 1.0
Width: 720
Height: 720
Fullscreen: false
Intro: false
Profiling: false
Single step:false
App Mode: DEVELOPER
Menu Key: ESCAPE
Stage Style: DECORATED
Scene Factory: class Bomber.BombermanApp$1

02:16:01.180 [JavaFX Application Thread] DEBUG FXGLApplication      - Initializing FXGL
02:16:01.183 [JavaFX Application Thread] INFO  Engine               - FXGL-11.17 (16.07.2021 15.46) on WINDOWS (J:17.0.1 FX:16)
02:16:01.183 [JavaFX Application Thread] DEBUG Engine               - JRE Vendor Name: Oracle Corporation
02:16:01.183 [JavaFX Application Thread] DEBUG Engine               - Running on OS: Windows 10 version 10.0
02:16:01.183 [JavaFX Application Thread] DEBUG Engine               - Architecture: amd64
02:16:01.184 [JavaFX Application Thread] INFO  Engine               - Source code and latest versions at: https://github.com/AlmasB/FXGL
02:16:01.184 [JavaFX Application Thread] INFO  Engine               -              Join the FXGL chat at: https://gitter.im/AlmasB/FXGL
02:16:01.312 [JavaFX Application Thread] DEBUG PrimaryStageWindow   - Creating a JavaFX scene
02:16:01.359 [JavaFX Application Thread] DEBUG PrimaryStageWindow   - Target settings size: 720.0 x 720.0
02:16:01.359 [JavaFX Application Thread] DEBUG PrimaryStageWindow   - Scaled scene size:    720.0 x 720.0
02:16:01.359 [JavaFX Application Thread] DEBUG PrimaryStageWindow   - Scaled ratio: (1.0, 1.0)
02:16:01.361 [JavaFX Application Thread] DEBUG PrimaryStageWindow   - Set initial scene to FXGLStartupScene
02:16:01.370 [JavaFX Application Thread] DEBUG PrimaryStageWindow   - Opening main window
02:16:01.514 [JavaFX Application Thread] DEBUG PrimaryStageWindow   - Window border size: (14.4000244140625, 37.5999755859375)
02:16:01.514 [JavaFX Application Thread] DEBUG PrimaryStageWindow   - Scaled size: 720.0 x 720.0
02:16:01.515 [JavaFX Application Thread] DEBUG PrimaryStageWindow   - Scaled ratio: (1.0, 1.0)
02:16:01.515 [JavaFX Application Thread] DEBUG PrimaryStageWindow   - Scene size: 720.0 x 720.0
02:16:01.515 [JavaFX Application Thread] DEBUG PrimaryStageWindow   - Stage size: 734.4000244140625 x 757.5999755859375
02:16:01.528 [FXGL Background Thread 1 ] DEBUG Engine               - Initializing environment variables
02:16:01.604 [FXGL Background Thread 1 ] DEBUG FXGLAssetLoaderServi - User app class for loading assets: class Bomber.BombermanApp
02:16:01.605 [FXGL Background Thread 1 ] DEBUG GameApplicationServi - Applying CSS: fxgl_dark.css
02:16:01.606 [FXGL Background Thread 1 ] DEBUG FXGLAssetLoaderServi - Loading from file system: jar:file:/C:/Users/thinh/.m2/repository/com/github/almasb/fxgl/11.17/fxgl-11.17.jar!/fxglassets/ui/css/fxgl_dark.css
02:16:01.672 [FXGL Background Thread 1 ] DEBUG GameApplicationServi - Initializing application scenes
02:16:01.735 [FXGL Background Thread 1 ] DEBUG GameWorld            - Game world initialized
02:16:01.816 [FXGL Background Thread 1 ] DEBUG PhysicsWorld         - Physics world initialized: appHeight=720, physics.ppm=50.0
02:16:01.816 [FXGL Background Thread 1 ] DEBUG PhysicsWorld         - Using strategy: BRUTE_FORCE
02:16:01.820 [FXGL Background Thread 1 ] DEBUG GameScene            - Game scene initialized: 720x720
02:16:01.912 [FXGL Background Thread 1 ] DEBUG GameApplicationServi - Application scenes initialized
02:16:01.930 [FXGL Background Thread 1 ] DEBUG SystemBundleService  - Loading FXGL system data
02:16:01.939 [FXGL Background Thread 1 ] DEBUG FileSystemAccess     - Reading from: D:\Code\ProjectJavaFX\bomberman\Bomber\system\fxgl.bundle
02:16:01.946 [FXGL Background Thread 1 ] DEBUG SystemBundleService  - Bundle FXGL: {}
02:16:01.946 [FXGL Background Thread 1 ] DEBUG UpdaterService       - Checking for updates
02:16:01.953 [FXGL Background Thread 4 ] DEBUG FXGLApplication      - Loading fonts
02:16:01.953 [FXGL Background Thread 4 ] DEBUG FXGLAssetLoaderServi - Loading from file system: file:/D:/Code/ProjectJavaFX/bomberman/Bomber/target/classes/assets/ui/fonts/Quinquefive-Ea6d4.ttf
02:16:01.953 [FXGL Background Thread 1 ] DEBUG FXGLApplication      - Loading default localization
02:16:01.954 [FXGL Background Thread 1 ] DEBUG FXGLAssetLoaderServi - Loading from file system: jar:file:/C:/Users/thinh/.m2/repository/com/github/almasb/fxgl/11.17/fxgl-11.17.jar!/fxglassets/languages/english.lang
02:16:01.979 [FXGL Background Thread 1 ] INFO  FXGLApplication      - FXGL initialization took: 0.451 sec
02:16:01.991 [JavaFX Application Thread] DEBUG Input                - Registered new binding: Move Up - W
02:16:01.991 [JavaFX Application Thread] DEBUG Input                - Registered new binding: Move Down - S
02:16:01.992 [JavaFX Application Thread] DEBUG Input                - Registered new binding: Move Left - A
02:16:01.992 [JavaFX Application Thread] DEBUG Input                - Registered new binding: Move Right - D
02:16:01.992 [JavaFX Application Thread] DEBUG Input                - Registered new binding: Place Bomb - Space
02:16:01.992 [JavaFX Application Thread] DEBUG FXGLAssetLoaderServi - Loading from file system: file:/D:/Code/ProjectJavaFX/bomberman/Bomber/target/classes/assets/music/title_screen.mp3
02:16:02.066 [FXGL Background Thread 4 ] DEBUG FXGLAssetLoaderServi - Loading from file system: jar:file:/C:/Users/thinh/.m2/repository/com/github/almasb/fxgl/11.17/fxgl-11.17.jar!/fxglassets/ui/fonts/Abel-Regular.ttf
02:16:02.085 [FXGL Background Thread 4 ] DEBUG FXGLAssetLoaderServi - Loading from file system: jar:file:/C:/Users/thinh/.m2/repository/com/github/almasb/fxgl/11.17/fxgl-11.17.jar!/fxglassets/ui/fonts/lucida_console.ttf
02:16:02.107 [FXGL Background Thread 4 ] DEBUG FXGLAssetLoaderServi - Loading from file system: jar:file:/C:/Users/thinh/.m2/repository/com/github/almasb/fxgl/11.17/fxgl-11.17.jar!/fxglassets/ui/fonts/Courier-Prime.ttf
02:16:02.178 [JavaFX Application Thread] DEBUG AudioPlayer          - Playing music com.almasb.fxgl.audio.Music@736d7c36
02:16:02.179 [JavaFX Application Thread] DEBUG FXGLAssetLoaderServi - Loading from file system: jar:file:/C:/Users/thinh/.m2/repository/com/github/almasb/fxgl/11.17/fxgl-11.17.jar!/fxglassets/textures/fxgl_icon.png
02:16:02.209 [JavaFX Application Thread] DEBUG FXGLAssetLoaderServi - Loading from file system: jar:file:/C:/Users/thinh/.m2/repository/com/github/almasb/fxgl/11.17/fxgl-11.17.jar!/fxglassets/textures/fxgl_default_cursor.png
02:16:02.212 [JavaFX Application Thread] DEBUG Input                - Registered new binding: Screenshot - CTRL+8
02:16:02.212 [JavaFX Application Thread] DEBUG Input                - Registered new binding: System info dump - CTRL+9
02:16:02.212 [JavaFX Application Thread] DEBUG Input                - Registered new binding: Restart - CTRL+R
02:16:02.213 [JavaFX Application Thread] DEBUG Input                - Registered new binding: Toggle Debug Camera - CTRL+C
02:16:02.215 [JavaFX Application Thread] DEBUG LoopRunner           - Starting loop
02:16:02.215 [JavaFX Application Thread] DEBUG LoopRunner           - Initializing JavaFX AnimationTimerLoop
02:16:02.217 [JavaFX Application Thread] DEBUG Input                - Clearing active input actions
02:16:02.226 [JavaFX Application Thread] DEBUG GameApplicationServi - Removing overlay from FXGLStartupScene and adding to FXGLMainMenuDummyScene
02:16:02.226 [JavaFX Application Thread] DEBUG PrimaryStageWindow   - FXGLStartupScene -> FXGLMainMenuDummyScene
02:16:02.226 [JavaFX Application Thread] DEBUG PrimaryStageWindow   - Push state: BombermanMenu
02:16:02.226 [JavaFX Application Thread] DEBUG Input                - Clearing active input actions
02:16:02.232 [JavaFX Application Thread] DEBUG GameApplicationServi - Removing overlay from FXGLMainMenuDummyScene and adding to BombermanMenu
02:16:02.233 [JavaFX Application Thread] DEBUG PrimaryStageWindow   - FXGLMainMenuDummyScene -> BombermanMenu
02:16:02.234 [JavaFX Application Thread] DEBUG FXGLApplication      - Registering font factories with UI factory
02:16:04.741 [JavaFX Application Thread] DEBUG Menu                 - fireNewGame()
02:16:04.741 [JavaFX Application Thread] DEBUG GameApplicationServi - Starting new game
02:16:04.741 [JavaFX Application Thread] DEBUG PrimaryStageWindow   - Pop state: BombermanMenu
02:16:04.741 [JavaFX Application Thread] DEBUG Input                - Clearing active input actions
02:16:04.742 [JavaFX Application Thread] DEBUG GameApplicationServi - Removing overlay from BombermanMenu and adding to FXGLMainMenuDummyScene
02:16:04.742 [JavaFX Application Thread] DEBUG PrimaryStageWindow   - FXGLMainMenuDummyScene <- BombermanMenu
02:16:04.742 [JavaFX Application Thread] DEBUG Input                - Clearing active input actions
02:16:04.748 [JavaFX Application Thread] DEBUG GameApplicationServi - Removing overlay from FXGLMainMenuDummyScene and adding to FXGLLoadingScene
02:16:04.749 [JavaFX Application Thread] DEBUG PrimaryStageWindow   - FXGLMainMenuDummyScene -> FXGLLoadingScene
02:16:04.749 [JavaFX Application Thread] DEBUG GameApplicationServi - Clearing previous game
02:16:04.749 [JavaFX Application Thread] DEBUG GameScene            - Clearing game scene
02:16:04.749 [JavaFX Application Thread] DEBUG GameWorld            - Clearing game world
02:16:04.749 [JavaFX Application Thread] DEBUG PhysicsWorld         - Clearing physics world
02:16:04.750 [FXGL Background Thread 2 ] DEBUG FXGLApplication      - Initializing game
02:16:04.793 [FXGL Background Thread 2 ] WARN  TMXLevelLoader       - TiledMap generated from 1.7.2. Supported version: 1.2.3. Some features may not be parsed fully.
02:16:04.816 [FXGL Background Thread 2 ] DEBUG TMXLevelLoader       - Parsed TiledMap: file:/D:/Code/ProjectJavaFX/bomberman/Bomber/target/classes/assets/levels/bbm_level1.tmx
02:16:04.817 [FXGL Background Thread 2 ] DEBUG TMXLevelLoader       - Creating tile layer entities
02:16:04.819 [FXGL Background Thread 2 ] DEBUG TilesetLoader        - Loading view for layer Tile Layer 1
02:16:04.834 [FXGL Background Thread 2 ] DEBUG TilesetLoader        - Created buffer with size 1488.0x720.0
02:16:04.952 [FXGL Background Thread 3 ] DEBUG Engine               - Logging environment variables
02:16:04.954 [FXGL Background Thread 3 ] DEBUG Engine               - achievements: []
02:16:04.954 [FXGL Background Thread 3 ] DEBUG Engine               - actualHeight: 720.0
02:16:04.955 [FXGL Background Thread 3 ] DEBUG Engine               - actualHeightProperty: ReadOnlyDoubleProperty [value: 720.0]
02:16:04.955 [FXGL Background Thread 3 ] DEBUG Engine               - actualWidth: 720.0
02:16:04.955 [FXGL Background Thread 3 ] DEBUG Engine               - actualWidthProperty: ReadOnlyDoubleProperty [value: 720.0]
02:16:04.955 [FXGL Background Thread 3 ] DEBUG Engine               - appIcon: fxgl_icon.png
02:16:04.955 [FXGL Background Thread 3 ] DEBUG Engine               - applicationMode: DEVELOPER
02:16:04.955 [FXGL Background Thread 3 ] DEBUG Engine               - cSSList: [fxgl_dark.css]
02:16:04.955 [FXGL Background Thread 3 ] DEBUG Engine               - collisionDetectionStrategy: BRUTE_FORCE
02:16:04.955 [FXGL Background Thread 3 ] DEBUG Engine               - configClass: Optional.empty
02:16:04.956 [FXGL Background Thread 3 ] DEBUG Engine               - credits: []
02:16:04.956 [FXGL Background Thread 3 ] DEBUG Engine               - defaultCursor: CursorInfo(imageName=fxgl_default_cursor.png, hotspotX=7.0, hotspotY=6.0)
02:16:04.956 [FXGL Background Thread 3 ] DEBUG Engine               - devBBoxColorProperty: ObjectProperty [value: 0xff0000ff]
02:16:04.956 [FXGL Background Thread 3 ] DEBUG Engine               - devEnableDebugCameraProperty: BooleanProperty [value: false]
02:16:04.957 [FXGL Background Thread 3 ] DEBUG Engine               - devSensorColorProperty: ObjectProperty [value: 0xffff00ff]
02:16:04.957 [FXGL Background Thread 3 ] DEBUG Engine               - devShowBBoxProperty: BooleanProperty [value: false]
02:16:04.957 [FXGL Background Thread 3 ] DEBUG Engine               - devShowPositionProperty: BooleanProperty [value: false]
02:16:04.957 [FXGL Background Thread 3 ] DEBUG Engine               - enabledMenuItems: []
02:16:04.957 [FXGL Background Thread 3 ] DEBUG Engine               - engineServices: [class com.almasb.fxgl.app.services.FXGLAssetLoaderService, class com.almasb.fxgl.app.FXGLApplication$GameApplicationService, class com.almasb.fxgl.app.services.FXGLDialogService, class com.almasb.fxgl.app.services.IOTaskExecutorService, class com.almasb.fxgl.io.FileSystemService, class com.almasb.fxgl.localization.LocalizationService, class com.almasb.fxgl.app.services.SystemBundleService, class com.almasb.fxgl.profile.SaveLoadService, class com.almasb.fxgl.ui.FXGLUIFactoryServiceProvider, class com.almasb.fxgl.ui.FXGLDialogFactoryServiceProvider, class com.almasb.fxgl.audio.AudioPlayer, class com.almasb.fxgl.notification.impl.NotificationServiceProvider, class com.almasb.fxgl.achievement.AchievementService, class com.almasb.fxgl.cutscene.CutsceneService, class com.almasb.fxgl.minigames.MiniGameService, class com.almasb.fxgl.net.NetService, class com.almasb.fxgl.app.services.UpdaterService, class com.almasb.fxgl.dev.DevService]
02:16:04.958 [FXGL Background Thread 3 ] DEBUG Engine               - fontGame: Abel-Regular.ttf
02:16:04.958 [FXGL Background Thread 3 ] DEBUG Engine               - fontMono: lucida_console.ttf
02:16:04.958 [FXGL Background Thread 3 ] DEBUG Engine               - fontText: Courier-Prime.ttf
02:16:04.958 [FXGL Background Thread 3 ] DEBUG Engine               - fontUI: Quinquefive-Ea6d4.ttf
02:16:04.958 [FXGL Background Thread 3 ] DEBUG Engine               - fullScreen: BooleanProperty [value: false]
02:16:04.960 [FXGL Background Thread 3 ] DEBUG Engine               - gameDifficulty: MEDIUM
02:16:04.960 [FXGL Background Thread 3 ] DEBUG Engine               - gameDifficultyProperty: ObjectProperty [value: MEDIUM]
02:16:04.960 [FXGL Background Thread 3 ] DEBUG Engine               - globalMusicVolume: 0.5
02:16:04.960 [FXGL Background Thread 3 ] DEBUG Engine               - globalMusicVolumeProperty: DoubleProperty [value: 0.1]
02:16:04.960 [FXGL Background Thread 3 ] DEBUG Engine               - globalSoundVolume: 0.5
02:16:04.960 [FXGL Background Thread 3 ] DEBUG Engine               - globalSoundVolumeProperty: DoubleProperty [value: 0.1]
02:16:04.960 [FXGL Background Thread 3 ] DEBUG Engine               - height: 720
02:16:04.960 [FXGL Background Thread 3 ] DEBUG Engine               - is3D: false
02:16:04.960 [FXGL Background Thread 3 ] DEBUG Engine               - isAndroid: false
02:16:04.960 [FXGL Background Thread 3 ] DEBUG Engine               - isBrowser: false
02:16:04.960 [FXGL Background Thread 3 ] DEBUG Engine               - isClickFeedbackEnabled: false
02:16:04.961 [FXGL Background Thread 3 ] DEBUG Engine               - isCloseConfirmation: false
02:16:04.961 [FXGL Background Thread 3 ] DEBUG Engine               - isDesktop: true
02:16:04.961 [FXGL Background Thread 3 ] DEBUG Engine               - isDeveloperMenuEnabled: false
02:16:04.961 [FXGL Background Thread 3 ] DEBUG Engine               - isEntityPreloadEnabled: true
02:16:04.961 [FXGL Background Thread 3 ] DEBUG Engine               - isExperimentalTiledLargeMap: false
02:16:04.961 [FXGL Background Thread 3 ] DEBUG Engine               - isFileSystemWriteAllowed: true
02:16:04.961 [FXGL Background Thread 3 ] DEBUG Engine               - isFullScreenAllowed: false
02:16:04.961 [FXGL Background Thread 3 ] DEBUG Engine               - isFullScreenFromStart: false
02:16:04.961 [FXGL Background Thread 3 ] DEBUG Engine               - isGameMenuEnabled: true
02:16:04.962 [FXGL Background Thread 3 ] DEBUG Engine               - isIOS: false
02:16:04.962 [FXGL Background Thread 3 ] DEBUG Engine               - isIntroEnabled: false
02:16:04.962 [FXGL Background Thread 3 ] DEBUG Engine               - isLinux: false
02:16:04.962 [FXGL Background Thread 3 ] DEBUG Engine               - isMac: false
02:16:04.962 [FXGL Background Thread 3 ] DEBUG Engine               - isMainMenuEnabled: true
02:16:04.963 [FXGL Background Thread 3 ] DEBUG Engine               - isManualResizeEnabled: true
02:16:04.963 [FXGL Background Thread 3 ] DEBUG Engine               - isMobile: false
02:16:04.963 [FXGL Background Thread 3 ] DEBUG Engine               - isNative: false
02:16:04.964 [FXGL Background Thread 3 ] DEBUG Engine               - isPauseMusicWhenMinimized: true
02:16:04.964 [FXGL Background Thread 3 ] DEBUG Engine               - isPreserveResizeRatio: true
02:16:04.965 [FXGL Background Thread 3 ] DEBUG Engine               - isProfilingEnabled: false
02:16:04.965 [FXGL Background Thread 3 ] DEBUG Engine               - isScaleAffectedOnResize: true
02:16:04.965 [FXGL Background Thread 3 ] DEBUG Engine               - isSingleStep: false
02:16:04.965 [FXGL Background Thread 3 ] DEBUG Engine               - isUserProfileEnabled: false
02:16:04.965 [FXGL Background Thread 3 ] DEBUG Engine               - isWindows: true
02:16:04.965 [FXGL Background Thread 3 ] DEBUG Engine               - language: ObjectProperty [value: ENGLISH]
02:16:04.965 [FXGL Background Thread 3 ] DEBUG Engine               - menuKey: ESCAPE
02:16:04.965 [FXGL Background Thread 3 ] DEBUG Engine               - mouseSensitivity: 0.2
02:16:04.965 [FXGL Background Thread 3 ] DEBUG Engine               - notificationViewClass: class com.almasb.fxgl.notification.view.XboxNotificationView
02:16:04.965 [FXGL Background Thread 3 ] DEBUG Engine               - pixelsPerMeter: 50.0
02:16:04.966 [FXGL Background Thread 3 ] DEBUG Engine               - platform: WINDOWS
02:16:04.966 [FXGL Background Thread 3 ] DEBUG Engine               - prefHeightProperty: ReadOnlyDoubleProperty [value: 720.0]
02:16:04.966 [FXGL Background Thread 3 ] DEBUG Engine               - prefWidthProperty: ReadOnlyDoubleProperty [value: 720.0]
02:16:04.966 [FXGL Background Thread 3 ] DEBUG Engine               - profileDir: profiles/
02:16:04.966 [FXGL Background Thread 3 ] DEBUG Engine               - profileName: StringProperty [value: DEFAULT]
02:16:04.966 [FXGL Background Thread 3 ] DEBUG Engine               - randomSeed: -1
02:16:04.966 [FXGL Background Thread 3 ] DEBUG Engine               - runtimeInfo: RuntimeInfo(platform=WINDOWS, version=11.17, build=16.07.2021 15.46)
02:16:04.967 [FXGL Background Thread 3 ] DEBUG Engine               - saveFileExt: sav
02:16:04.967 [FXGL Background Thread 3 ] DEBUG Engine               - scaledHeightProp$fxgl: DoubleProperty [bound, value: 720.0]
02:16:04.967 [FXGL Background Thread 3 ] DEBUG Engine               - scaledWidthProp$fxgl: DoubleProperty [bound, value: 720.0]
02:16:04.967 [FXGL Background Thread 3 ] DEBUG Engine               - sceneFactory: Bomber.BombermanApp$1@53d9e7c8
02:16:04.967 [FXGL Background Thread 3 ] DEBUG Engine               - secondsIn24h: 60
02:16:04.967 [FXGL Background Thread 3 ] DEBUG Engine               - soundMenuBack: menu/back.wav
02:16:04.967 [FXGL Background Thread 3 ] DEBUG Engine               - soundMenuPress: menu/press.wav
02:16:04.968 [FXGL Background Thread 3 ] DEBUG Engine               - soundMenuSelect: menu/select.wav
02:16:04.968 [FXGL Background Thread 3 ] DEBUG Engine               - soundNotification: core/notification.wav
02:16:04.968 [FXGL Background Thread 3 ] DEBUG Engine               - stageStyle: DECORATED
02:16:04.968 [FXGL Background Thread 3 ] DEBUG Engine               - supportedLanguages: [ENGLISH, FRENCH, GERMAN, HUNGARIAN, RUSSIAN]
02:16:04.968 [FXGL Background Thread 3 ] DEBUG Engine               - ticksPerSecond: -1
02:16:04.968 [FXGL Background Thread 3 ] DEBUG Engine               - title: BOMBERMAN
02:16:04.968 [FXGL Background Thread 3 ] DEBUG Engine               - urlGithub: https://github.com/AlmasB/FXGL
02:16:04.968 [FXGL Background Thread 3 ] DEBUG Engine               - urlLeaderboard: http://fxgl-top.herokuapp.com/
02:16:04.968 [FXGL Background Thread 3 ] DEBUG Engine               - urlPOM: https://raw.githubusercontent.com/AlmasB/FXGL/release/README.md
02:16:04.969 [FXGL Background Thread 3 ] DEBUG Engine               - userAppClass: class Bomber.BombermanApp
02:16:04.969 [FXGL Background Thread 3 ] DEBUG Engine               - version: 1.0
02:16:04.969 [FXGL Background Thread 3 ] DEBUG Engine               - versionCheckDays: 7
02:16:04.969 [FXGL Background Thread 3 ] DEBUG Engine               - width: 720
02:16:04.969 [FXGL Background Thread 3 ] DEBUG Engine               - Logging services
02:16:04.969 [FXGL Background Thread 3 ] DEBUG Engine               - class com.almasb.fxgl.app.services.FXGLAssetLoaderService
02:16:04.969 [FXGL Background Thread 3 ] DEBUG Engine               - class com.almasb.fxgl.app.FXGLApplication$GameApplicationService
02:16:04.969 [FXGL Background Thread 3 ] DEBUG Engine               - class com.almasb.fxgl.app.services.FXGLDialogService
02:16:04.970 [FXGL Background Thread 3 ] DEBUG Engine               - class com.almasb.fxgl.app.services.IOTaskExecutorService
02:16:04.970 [FXGL Background Thread 3 ] DEBUG Engine               - class com.almasb.fxgl.io.FileSystemService
02:16:04.970 [FXGL Background Thread 3 ] DEBUG Engine               - class com.almasb.fxgl.localization.LocalizationService
02:16:04.970 [FXGL Background Thread 3 ] DEBUG Engine               - class com.almasb.fxgl.app.services.SystemBundleService
02:16:04.970 [FXGL Background Thread 3 ] DEBUG Engine               - class com.almasb.fxgl.profile.SaveLoadService
02:16:04.970 [FXGL Background Thread 3 ] DEBUG Engine               - class com.almasb.fxgl.ui.FXGLUIFactoryServiceProvider
02:16:04.970 [FXGL Background Thread 3 ] DEBUG Engine               - class com.almasb.fxgl.ui.FXGLDialogFactoryServiceProvider
02:16:04.970 [FXGL Background Thread 3 ] DEBUG Engine               - class com.almasb.fxgl.audio.AudioPlayer
02:16:04.971 [FXGL Background Thread 3 ] DEBUG Engine               - class com.almasb.fxgl.notification.impl.NotificationServiceProvider
02:16:04.972 [FXGL Background Thread 3 ] DEBUG Engine               - class com.almasb.fxgl.achievement.AchievementService
02:16:04.972 [FXGL Background Thread 3 ] DEBUG Engine               - class com.almasb.fxgl.cutscene.CutsceneService
02:16:04.972 [FXGL Background Thread 3 ] DEBUG Engine               - class com.almasb.fxgl.minigames.MiniGameService
02:16:04.972 [FXGL Background Thread 3 ] DEBUG Engine               - class com.almasb.fxgl.net.NetService
02:16:04.972 [FXGL Background Thread 3 ] DEBUG Engine               - class com.almasb.fxgl.app.services.UpdaterService
02:16:04.972 [FXGL Background Thread 3 ] DEBUG Engine               - class com.almasb.fxgl.dev.DevService
02:16:05.026 [FXGL Background Thread 2 ] DEBUG TMXLevelLoader       - Creating object layer entities
02:16:05.106 [FXGL Background Thread 2 ] DEBUG FXGLAssetLoaderServi - Loading from file system: file:/D:/Code/ProjectJavaFX/bomberman/Bomber/target/classes/assets/textures/player_die.png
02:16:05.109 [FXGL Background Thread 2 ] DEBUG FXGLAssetLoaderServi - Loading from file system: file:/D:/Code/ProjectJavaFX/bomberman/Bomber/target/classes/assets/textures/player_down.png
02:16:05.110 [FXGL Background Thread 2 ] DEBUG FXGLAssetLoaderServi - Loading from file system: file:/D:/Code/ProjectJavaFX/bomberman/Bomber/target/classes/assets/textures/player_right.png
02:16:05.111 [FXGL Background Thread 2 ] DEBUG FXGLAssetLoaderServi - Loading from file system: file:/D:/Code/ProjectJavaFX/bomberman/Bomber/target/classes/assets/textures/player_up.png
02:16:05.112 [FXGL Background Thread 2 ] DEBUG FXGLAssetLoaderServi - Loading from file system: file:/D:/Code/ProjectJavaFX/bomberman/Bomber/target/classes/assets/textures/player_left.png
02:16:05.117 [FXGL Background Thread 2 ] WARN  Entity               - Entity already has component: com.almasb.fxgl.physics.PhysicsComponent
02:16:05.118 [FXGL Background Thread 2 ] DEBUG FXGLAssetLoaderServi - Loading from file system: file:/D:/Code/ProjectJavaFX/bomberman/Bomber/target/classes/assets/textures/brick.png
02:16:05.177 [FXGL Background Thread 2 ] DEBUG FXGLAssetLoaderServi - Loading from file system: file:/D:/Code/ProjectJavaFX/bomberman/Bomber/target/classes/assets/textures/powerup_speed.png
02:16:05.180 [FXGL Background Thread 2 ] DEBUG FXGLAssetLoaderServi - Loading from file system: file:/D:/Code/ProjectJavaFX/bomberman/Bomber/target/classes/assets/textures/powerup_flames.png
02:16:05.183 [FXGL Background Thread 2 ] DEBUG FXGLAssetLoaderServi - Loading from file system: file:/D:/Code/ProjectJavaFX/bomberman/Bomber/target/classes/assets/textures/powerup_bombs.png
02:16:05.186 [FXGL Background Thread 2 ] DEBUG FXGLAssetLoaderServi - Loading from file system: file:/D:/Code/ProjectJavaFX/bomberman/Bomber/target/classes/assets/textures/powerup_flamepass.png
02:16:05.191 [FXGL Background Thread 2 ] DEBUG FXGLAssetLoaderServi - Loading from file system: file:/D:/Code/ProjectJavaFX/bomberman/Bomber/target/classes/assets/textures/portal.png
02:16:05.193 [FXGL Background Thread 2 ] DEBUG GameWorld            - Clearing removable entities
02:16:05.194 [FXGL Background Thread 2 ] DEBUG GameWorld            - Setting level: com.almasb.fxgl.entity.level.Level@515a2227
02:16:05.281 [FXGL Background Thread 2 ] INFO  FXGLApplication      - Game initialization took: 0.531 sec
02:16:05.282 [JavaFX Application Thread] DEBUG Input                - Clearing active input actions
02:16:05.305 [JavaFX Application Thread] DEBUG GameApplicationServi - Removing overlay from FXGLLoadingScene and adding to GameScene
02:16:05.305 [JavaFX Application Thread] DEBUG PrimaryStageWindow   - FXGLLoadingScene -> GameScene
02:16:06.791 [JavaFX Application Thread] DEBUG FXGLAssetLoaderServi - Loading from file system: file:/D:/Code/ProjectJavaFX/bomberman/Bomber/target/classes/assets/textures/bomb_ani.png
02:16:08.905 [JavaFX Application Thread] DEBUG FXGLAssetLoaderServi - Loading from file system: file:/D:/Code/ProjectJavaFX/bomberman/Bomber/target/classes/assets/textures/bomb_exploded_1.png
02:16:08.915 [JavaFX Application Thread] DEBUG FXGLAssetLoaderServi - Loading from file system: file:/D:/Code/ProjectJavaFX/bomberman/Bomber/target/classes/assets/textures/brick_break.png
02:16:34.618 [JavaFX Application Thread] WARN  TMXLevelLoader       - TiledMap generated from 1.7.2. Supported version: 1.2.3. Some features may not be parsed fully.
02:16:34.627 [JavaFX Application Thread] DEBUG TMXLevelLoader       - Parsed TiledMap: file:/D:/Code/ProjectJavaFX/bomberman/Bomber/target/classes/assets/levels/bbm_level2.tmx
02:16:34.628 [JavaFX Application Thread] DEBUG TMXLevelLoader       - Creating tile layer entities
02:16:34.628 [JavaFX Application Thread] DEBUG TilesetLoader        - Loading view for layer Tile Layer 1
02:16:34.631 [JavaFX Application Thread] DEBUG TilesetLoader        - Created buffer with size 1488.0x720.0
02:16:34.732 [JavaFX Application Thread] DEBUG TilesetLoader        - Loading view for layer Tile Layer 2
02:16:34.732 [JavaFX Application Thread] DEBUG TilesetLoader        - Created buffer with size 1488.0x720.0
02:16:34.734 [JavaFX Application Thread] DEBUG TMXLevelLoader       - Creating object layer entities
02:16:34.737 [JavaFX Application Thread] WARN  Entity               - Entity already has component: com.almasb.fxgl.physics.PhysicsComponent
02:16:34.738 [JavaFX Application Thread] DEBUG FXGLAssetLoaderServi - Loading from file system: file:/D:/Code/ProjectJavaFX/bomberman/Bomber/target/classes/assets/textures/grass.png
02:16:34.768 [JavaFX Application Thread] DEBUG GameWorld            - Clearing removable entities
02:16:34.784 [JavaFX Application Thread] DEBUG GameWorld            - Setting level: com.almasb.fxgl.entity.level.Level@6cf5406e
02:16:38.923 [JavaFX Application Thread] DEBUG FXGLAssetLoaderServi - Loading from file system: file:/D:/Code/ProjectJavaFX/bomberman/Bomber/target/classes/assets/textures/grass_break_2.png
02:17:28.809 [JavaFX Application Thread] WARN  TMXLevelLoader       - TiledMap generated from 1.7.2. Supported version: 1.2.3. Some features may not be parsed fully.
02:17:28.819 [JavaFX Application Thread] DEBUG TMXLevelLoader       - Parsed TiledMap: file:/D:/Code/ProjectJavaFX/bomberman/Bomber/target/classes/assets/levels/bbm_level3.tmx
02:17:28.819 [JavaFX Application Thread] DEBUG TMXLevelLoader       - Creating tile layer entities
02:17:28.819 [JavaFX Application Thread] DEBUG TilesetLoader        - Loading view for layer Tile Layer 1
02:17:28.820 [JavaFX Application Thread] DEBUG TilesetLoader        - Created buffer with size 1488.0x720.0
02:17:29.034 [JavaFX Application Thread] DEBUG TilesetLoader        - Loading view for layer Tile Layer 2
02:17:29.035 [JavaFX Application Thread] DEBUG TilesetLoader        - Created buffer with size 1488.0x720.0
02:17:29.036 [JavaFX Application Thread] DEBUG TMXLevelLoader       - Creating object layer entities
02:17:29.047 [JavaFX Application Thread] WARN  Entity               - Entity already has component: com.almasb.fxgl.physics.PhysicsComponent
02:17:29.047 [JavaFX Application Thread] DEBUG FXGLAssetLoaderServi - Loading from file system: file:/D:/Code/ProjectJavaFX/bomberman/Bomber/target/classes/assets/textures/coral.png
02:17:29.060 [JavaFX Application Thread] DEBUG GameWorld            - Clearing removable entities
02:17:29.066 [JavaFX Application Thread] DEBUG GameWorld            - Setting level: com.almasb.fxgl.entity.level.Level@244b23f8
02:19:06.345 [JavaFX Application Thread] DEBUG FXGLAssetLoaderServi - Loading from file system: file:/D:/Code/ProjectJavaFX/bomberman/Bomber/target/classes/assets/textures/player_down_1.png
02:19:06.347 [JavaFX Application Thread] DEBUG FXGLAssetLoaderServi - Loading from file system: file:/D:/Code/ProjectJavaFX/bomberman/Bomber/target/classes/assets/textures/player_right_1.png
02:19:06.349 [JavaFX Application Thread] DEBUG FXGLAssetLoaderServi - Loading from file system: file:/D:/Code/ProjectJavaFX/bomberman/Bomber/target/classes/assets/textures/player_up_1.png
02:19:06.351 [JavaFX Application Thread] DEBUG FXGLAssetLoaderServi - Loading from file system: file:/D:/Code/ProjectJavaFX/bomberman/Bomber/target/classes/assets/textures/player_left_1.png
02:19:08.930 [JavaFX Application Thread] DEBUG PrimaryStageWindow   - Push state: DialogSubScene
02:19:08.930 [JavaFX Application Thread] DEBUG Input                - Clearing active input actions
02:19:08.931 [JavaFX Application Thread] DEBUG GameApplicationServi - Removing overlay from GameScene and adding to DialogSubScene
02:19:08.931 [JavaFX Application Thread] DEBUG PrimaryStageWindow   - GameScene -> DialogSubScene
02:19:11.173 [JavaFX Application Thread] DEBUG PrimaryStageWindow   - Pop state: DialogSubScene
02:19:11.173 [JavaFX Application Thread] DEBUG Input                - Clearing active input actions
02:19:11.174 [JavaFX Application Thread] DEBUG GameApplicationServi - Removing overlay from DialogSubScene and adding to GameScene
02:19:11.174 [JavaFX Application Thread] DEBUG PrimaryStageWindow   - GameScene <- DialogSubScene
02:19:12.580 [JavaFX Application Thread] DEBUG PrimaryStageWindow   - Push state: BombermanGameMenu
02:19:12.580 [JavaFX Application Thread] DEBUG Input                - Clearing active input actions
02:19:12.581 [JavaFX Application Thread] DEBUG GameApplicationServi - Removing overlay from GameScene and adding to BombermanGameMenu
02:19:12.581 [JavaFX Application Thread] DEBUG PrimaryStageWindow   - GameScene -> BombermanGameMenu
02:19:13.516 [JavaFX Application Thread] DEBUG PrimaryStageWindow   - Push state: DialogSubScene
02:19:13.517 [JavaFX Application Thread] DEBUG Input                - Clearing active input actions
02:19:13.517 [JavaFX Application Thread] DEBUG GameApplicationServi - Removing overlay from BombermanGameMenu and adding to DialogSubScene
02:19:13.517 [JavaFX Application Thread] DEBUG PrimaryStageWindow   - BombermanGameMenu -> DialogSubScene
02:19:14.532 [JavaFX Application Thread] DEBUG PrimaryStageWindow   - Pop state: DialogSubScene
02:19:14.532 [JavaFX Application Thread] DEBUG Input                - Clearing active input actions
02:19:14.533 [JavaFX Application Thread] DEBUG GameApplicationServi - Removing overlay from DialogSubScene and adding to BombermanGameMenu
02:19:14.533 [JavaFX Application Thread] DEBUG PrimaryStageWindow   - BombermanGameMenu <- DialogSubScene
02:19:15.068 [JavaFX Application Thread] DEBUG Menu                 - fireResume()
02:19:15.068 [JavaFX Application Thread] DEBUG PrimaryStageWindow   - Pop state: BombermanGameMenu
02:19:15.068 [JavaFX Application Thread] DEBUG Input                - Clearing active input actions
02:19:15.069 [JavaFX Application Thread] DEBUG GameApplicationServi - Removing overlay from BombermanGameMenu and adding to GameScene
02:19:15.069 [JavaFX Application Thread] DEBUG PrimaryStageWindow   - GameScene <- BombermanGameMenu
02:19:19.856 [JavaFX Application Thread] DEBUG PrimaryStageWindow   - Push state: BombermanGameMenu
02:19:19.856 [JavaFX Application Thread] DEBUG Input                - Clearing active input actions
02:19:19.856 [JavaFX Application Thread] DEBUG GameApplicationServi - Removing overlay from GameScene and adding to BombermanGameMenu
02:19:19.856 [JavaFX Application Thread] DEBUG PrimaryStageWindow   - GameScene -> BombermanGameMenu
02:19:30.628 [JavaFX Application Thread] DEBUG Menu                 - fireExitToMainMenu()
02:19:30.630 [JavaFX Application Thread] DEBUG PrimaryStageWindow   - Push state: DialogSubScene
02:19:30.630 [JavaFX Application Thread] DEBUG Input                - Clearing active input actions
02:19:30.630 [JavaFX Application Thread] DEBUG GameApplicationServi - Removing overlay from BombermanGameMenu and adding to DialogSubScene
02:19:30.630 [JavaFX Application Thread] DEBUG PrimaryStageWindow   - BombermanGameMenu -> DialogSubScene
02:19:31.365 [JavaFX Application Thread] DEBUG PrimaryStageWindow   - Pop state: DialogSubScene
02:19:31.365 [JavaFX Application Thread] DEBUG Input                - Clearing active input actions
02:19:31.365 [JavaFX Application Thread] DEBUG GameApplicationServi - Removing overlay from DialogSubScene and adding to BombermanGameMenu
02:19:31.365 [JavaFX Application Thread] DEBUG PrimaryStageWindow   - BombermanGameMenu <- DialogSubScene
02:19:31.365 [JavaFX Application Thread] DEBUG PrimaryStageWindow   - Pop state: BombermanGameMenu
02:19:31.365 [JavaFX Application Thread] DEBUG Input                - Clearing active input actions
02:19:31.365 [JavaFX Application Thread] DEBUG GameApplicationServi - Removing overlay from BombermanGameMenu and adding to GameScene
02:19:31.366 [JavaFX Application Thread] DEBUG PrimaryStageWindow   - GameScene <- BombermanGameMenu
02:19:31.366 [JavaFX Application Thread] DEBUG Input                - Clearing active input actions
02:19:31.369 [JavaFX Application Thread] DEBUG GameApplicationServi - Removing overlay from GameScene and adding to FXGLMainMenuDummyScene
02:19:31.369 [JavaFX Application Thread] DEBUG PrimaryStageWindow   - GameScene -> FXGLMainMenuDummyScene
02:19:31.369 [JavaFX Application Thread] DEBUG PrimaryStageWindow   - Push state: BombermanMenu
02:19:31.369 [JavaFX Application Thread] DEBUG Input                - Clearing active input actions
02:19:31.370 [JavaFX Application Thread] DEBUG GameApplicationServi - Removing overlay from FXGLMainMenuDummyScene and adding to BombermanMenu
02:19:31.370 [JavaFX Application Thread] DEBUG PrimaryStageWindow   - FXGLMainMenuDummyScene -> BombermanMenu
02:19:33.740 [JavaFX Application Thread] DEBUG Menu                 - fireExit()
02:19:33.741 [JavaFX Application Thread] DEBUG PrimaryStageWindow   - Push state: DialogSubScene
02:19:33.741 [JavaFX Application Thread] DEBUG Input                - Clearing active input actions
02:19:33.742 [JavaFX Application Thread] DEBUG GameApplicationServi - Removing overlay from BombermanMenu and adding to DialogSubScene
02:19:33.742 [JavaFX Application Thread] DEBUG PrimaryStageWindow   - BombermanMenu -> DialogSubScene
02:19:34.284 [JavaFX Application Thread] DEBUG PrimaryStageWindow   - Pop state: DialogSubScene
02:19:34.284 [JavaFX Application Thread] DEBUG Input                - Clearing active input actions
02:19:34.284 [JavaFX Application Thread] DEBUG GameApplicationServi - Removing overlay from DialogSubScene and adding to BombermanMenu
02:19:34.284 [JavaFX Application Thread] DEBUG PrimaryStageWindow   - BombermanMenu <- DialogSubScene
02:19:34.284 [JavaFX Application Thread] DEBUG FXGLApplication      - Exiting FXGL
02:19:34.284 [JavaFX Application Thread] DEBUG LoopRunner           - Stopping loop
02:19:34.284 [JavaFX Application Thread] DEBUG SystemBundleService  - Saving FXGL system data
02:19:34.285 [JavaFX Application Thread] DEBUG FileSystemAccess     - Writing to: D:\Code\ProjectJavaFX\bomberman\Bomber\system\fxgl.bundle
02:19:34.286 [JavaFX Application Thread] DEBUG Async                - Shutting down background threads
02:19:34.287 [JavaFX Application Thread] DEBUG PrimaryStageWindow   - Closing main window
02:19:34.335 [JavaFX Application Thread] DEBUG Logger               - Closing Logger
