18:02:37.168 [main                     ] DEBUG Logger               - Configured Logger
18:02:37.170 [main                     ] DEBUG GameApplication      - Logging settings
Title: BOMBERMAN
Version: 1.0
Width: 720
Height: 720
Fullscreen: false
Intro: false
Profiling: false
Single step:false
App Mode: DEVELOPER
Menu Key: ESCAPE
Stage Style: DECORATED
Scene Factory: class Bomber.BombermanApp$1

18:02:37.520 [JavaFX Application Thread] DEBUG FXGLApplication      - Initializing FXGL
18:02:37.522 [JavaFX Application Thread] INFO  Engine               - FXGL-11.17 (16.07.2021 15.46) on WINDOWS (J:17.0.1 FX:16)
18:02:37.523 [JavaFX Application Thread] DEBUG Engine               - JRE Vendor Name: Oracle Corporation
18:02:37.523 [JavaFX Application Thread] DEBUG Engine               - Running on OS: Windows 10 version 10.0
18:02:37.523 [JavaFX Application Thread] DEBUG Engine               - Architecture: amd64
18:02:37.523 [JavaFX Application Thread] INFO  Engine               - Source code and latest versions at: https://github.com/AlmasB/FXGL
18:02:37.523 [JavaFX Application Thread] INFO  Engine               -              Join the FXGL chat at: https://gitter.im/AlmasB/FXGL
18:02:37.627 [JavaFX Application Thread] DEBUG PrimaryStageWindow   - Creating a JavaFX scene
18:02:37.668 [JavaFX Application Thread] DEBUG PrimaryStageWindow   - Target settings size: 720.0 x 720.0
18:02:37.668 [JavaFX Application Thread] DEBUG PrimaryStageWindow   - Scaled scene size:    720.0 x 720.0
18:02:37.668 [JavaFX Application Thread] DEBUG PrimaryStageWindow   - Scaled ratio: (1.0, 1.0)
18:02:37.669 [JavaFX Application Thread] DEBUG PrimaryStageWindow   - Set initial scene to FXGLStartupScene
18:02:37.675 [JavaFX Application Thread] DEBUG PrimaryStageWindow   - Opening main window
18:02:37.765 [JavaFX Application Thread] DEBUG PrimaryStageWindow   - Window border size: (14.4000244140625, 37.5999755859375)
18:02:37.765 [JavaFX Application Thread] DEBUG PrimaryStageWindow   - Scaled size: 720.0 x 720.0
18:02:37.765 [JavaFX Application Thread] DEBUG PrimaryStageWindow   - Scaled ratio: (1.0, 1.0)
18:02:37.765 [JavaFX Application Thread] DEBUG PrimaryStageWindow   - Scene size: 720.0 x 720.0
18:02:37.766 [JavaFX Application Thread] DEBUG PrimaryStageWindow   - Stage size: 734.4000244140625 x 757.5999755859375
18:02:37.776 [FXGL Background Thread 1 ] DEBUG Engine               - Initializing environment variables
18:02:37.870 [FXGL Background Thread 1 ] DEBUG FXGLAssetLoaderServi - User app class for loading assets: class Bomber.BombermanApp
18:02:37.870 [FXGL Background Thread 1 ] DEBUG GameApplicationServi - Applying CSS: fxgl_dark.css
18:02:37.872 [FXGL Background Thread 1 ] DEBUG FXGLAssetLoaderServi - Loading from file system: jar:file:/C:/Users/thinh/.m2/repository/com/github/almasb/fxgl/11.17/fxgl-11.17.jar!/fxglassets/ui/css/fxgl_dark.css
18:02:37.947 [FXGL Background Thread 1 ] DEBUG GameApplicationServi - Initializing application scenes
18:02:38.013 [FXGL Background Thread 1 ] DEBUG GameWorld            - Game world initialized
18:02:38.096 [FXGL Background Thread 1 ] DEBUG PhysicsWorld         - Physics world initialized: appHeight=720, physics.ppm=50.0
18:02:38.096 [FXGL Background Thread 1 ] DEBUG PhysicsWorld         - Using strategy: BRUTE_FORCE
18:02:38.101 [FXGL Background Thread 1 ] DEBUG GameScene            - Game scene initialized: 720x720
18:02:38.192 [FXGL Background Thread 1 ] DEBUG GameApplicationServi - Application scenes initialized
18:02:38.206 [FXGL Background Thread 1 ] DEBUG SystemBundleService  - Loading FXGL system data
18:02:38.212 [FXGL Background Thread 1 ] DEBUG FileSystemAccess     - Reading from: D:\Code\ProjectJavaFX\bomberman\Bomber\system\fxgl.bundle
18:02:38.220 [FXGL Background Thread 1 ] DEBUG SystemBundleService  - Bundle FXGL: {}
18:02:38.220 [FXGL Background Thread 1 ] DEBUG UpdaterService       - Checking for updates
18:02:38.226 [FXGL Background Thread 4 ] DEBUG FXGLApplication      - Loading fonts
18:02:38.227 [FXGL Background Thread 4 ] DEBUG FXGLAssetLoaderServi - Loading from file system: file:/D:/Code/ProjectJavaFX/bomberman/Bomber/target/classes/assets/ui/fonts/Quinquefive-Ea6d4.ttf
18:02:38.227 [FXGL Background Thread 1 ] DEBUG FXGLApplication      - Loading default localization
18:02:38.228 [FXGL Background Thread 1 ] DEBUG FXGLAssetLoaderServi - Loading from file system: jar:file:/C:/Users/thinh/.m2/repository/com/github/almasb/fxgl/11.17/fxgl-11.17.jar!/fxglassets/languages/english.lang
18:02:38.246 [FXGL Background Thread 1 ] INFO  FXGLApplication      - FXGL initialization took: 0.470 sec
18:02:38.259 [JavaFX Application Thread] DEBUG Input                - Registered new binding: Move Up - W
18:02:38.260 [JavaFX Application Thread] DEBUG Input                - Registered new binding: Move Down - S
18:02:38.260 [JavaFX Application Thread] DEBUG Input                - Registered new binding: Move Left - A
18:02:38.260 [JavaFX Application Thread] DEBUG Input                - Registered new binding: Move Right - D
18:02:38.260 [JavaFX Application Thread] DEBUG Input                - Registered new binding: Place Bomb - Space
18:02:38.261 [JavaFX Application Thread] DEBUG FXGLAssetLoaderServi - Loading from file system: file:/D:/Code/ProjectJavaFX/bomberman/Bomber/target/classes/assets/music/title_screen.mp3
18:02:38.321 [FXGL Background Thread 4 ] DEBUG FXGLAssetLoaderServi - Loading from file system: jar:file:/C:/Users/thinh/.m2/repository/com/github/almasb/fxgl/11.17/fxgl-11.17.jar!/fxglassets/ui/fonts/Abel-Regular.ttf
18:02:38.337 [FXGL Background Thread 4 ] DEBUG FXGLAssetLoaderServi - Loading from file system: jar:file:/C:/Users/thinh/.m2/repository/com/github/almasb/fxgl/11.17/fxgl-11.17.jar!/fxglassets/ui/fonts/lucida_console.ttf
18:02:38.356 [FXGL Background Thread 4 ] DEBUG FXGLAssetLoaderServi - Loading from file system: jar:file:/C:/Users/thinh/.m2/repository/com/github/almasb/fxgl/11.17/fxgl-11.17.jar!/fxglassets/ui/fonts/Courier-Prime.ttf
18:02:38.438 [JavaFX Application Thread] DEBUG AudioPlayer          - Playing music com.almasb.fxgl.audio.Music@67f90871
18:02:38.438 [JavaFX Application Thread] DEBUG FXGLAssetLoaderServi - Loading from file system: jar:file:/C:/Users/thinh/.m2/repository/com/github/almasb/fxgl/11.17/fxgl-11.17.jar!/fxglassets/textures/fxgl_icon.png
18:02:38.469 [JavaFX Application Thread] DEBUG FXGLAssetLoaderServi - Loading from file system: jar:file:/C:/Users/thinh/.m2/repository/com/github/almasb/fxgl/11.17/fxgl-11.17.jar!/fxglassets/textures/fxgl_default_cursor.png
18:02:38.472 [JavaFX Application Thread] DEBUG Input                - Registered new binding: Screenshot - CTRL+8
18:02:38.473 [JavaFX Application Thread] DEBUG Input                - Registered new binding: System info dump - CTRL+9
18:02:38.474 [JavaFX Application Thread] DEBUG Input                - Registered new binding: Restart - CTRL+R
18:02:38.475 [JavaFX Application Thread] DEBUG Input                - Registered new binding: Toggle Debug Camera - CTRL+C
18:02:38.476 [JavaFX Application Thread] DEBUG LoopRunner           - Starting loop
18:02:38.476 [JavaFX Application Thread] DEBUG LoopRunner           - Initializing JavaFX AnimationTimerLoop
18:02:38.479 [JavaFX Application Thread] DEBUG Input                - Clearing active input actions
18:02:38.486 [JavaFX Application Thread] DEBUG GameApplicationServi - Removing overlay from FXGLStartupScene and adding to FXGLMainMenuDummyScene
18:02:38.486 [JavaFX Application Thread] DEBUG PrimaryStageWindow   - FXGLStartupScene -> FXGLMainMenuDummyScene
18:02:38.486 [JavaFX Application Thread] DEBUG PrimaryStageWindow   - Push state: BombermanMenu
18:02:38.486 [JavaFX Application Thread] DEBUG Input                - Clearing active input actions
18:02:38.490 [JavaFX Application Thread] DEBUG GameApplicationServi - Removing overlay from FXGLMainMenuDummyScene and adding to BombermanMenu
18:02:38.490 [JavaFX Application Thread] DEBUG PrimaryStageWindow   - FXGLMainMenuDummyScene -> BombermanMenu
18:02:38.491 [JavaFX Application Thread] DEBUG FXGLApplication      - Registering font factories with UI factory
18:02:40.217 [JavaFX Application Thread] DEBUG Menu                 - fireNewGame()
18:02:40.217 [JavaFX Application Thread] DEBUG GameApplicationServi - Starting new game
18:02:40.217 [JavaFX Application Thread] DEBUG PrimaryStageWindow   - Pop state: BombermanMenu
18:02:40.217 [JavaFX Application Thread] DEBUG Input                - Clearing active input actions
18:02:40.218 [JavaFX Application Thread] DEBUG GameApplicationServi - Removing overlay from BombermanMenu and adding to FXGLMainMenuDummyScene
18:02:40.219 [JavaFX Application Thread] DEBUG PrimaryStageWindow   - FXGLMainMenuDummyScene <- BombermanMenu
18:02:40.219 [JavaFX Application Thread] DEBUG Input                - Clearing active input actions
18:02:40.229 [JavaFX Application Thread] DEBUG GameApplicationServi - Removing overlay from FXGLMainMenuDummyScene and adding to FXGLLoadingScene
18:02:40.229 [JavaFX Application Thread] DEBUG PrimaryStageWindow   - FXGLMainMenuDummyScene -> FXGLLoadingScene
18:02:40.230 [JavaFX Application Thread] DEBUG GameApplicationServi - Clearing previous game
18:02:40.230 [JavaFX Application Thread] DEBUG GameScene            - Clearing game scene
18:02:40.230 [JavaFX Application Thread] DEBUG GameWorld            - Clearing game world
18:02:40.230 [JavaFX Application Thread] DEBUG PhysicsWorld         - Clearing physics world
18:02:40.232 [FXGL Background Thread 2 ] DEBUG FXGLApplication      - Initializing game
18:02:40.296 [FXGL Background Thread 2 ] WARN  TMXLevelLoader       - TiledMap generated from 1.7.2. Supported version: 1.2.3. Some features may not be parsed fully.
18:02:40.333 [FXGL Background Thread 2 ] DEBUG TMXLevelLoader       - Parsed TiledMap: file:/D:/Code/ProjectJavaFX/bomberman/Bomber/target/classes/assets/levels/bbm_level1.tmx
18:02:40.335 [FXGL Background Thread 2 ] DEBUG TMXLevelLoader       - Creating tile layer entities
18:02:40.338 [FXGL Background Thread 2 ] DEBUG TilesetLoader        - Loading view for layer Tile Layer 1
18:02:40.344 [FXGL Background Thread 2 ] DEBUG TilesetLoader        - Created buffer with size 1488.0x720.0
18:02:40.456 [FXGL Background Thread 2 ] DEBUG TMXLevelLoader       - Creating object layer entities
18:02:40.495 [FXGL Background Thread 2 ] DEBUG FXGLAssetLoaderServi - Loading from file system: file:/D:/Code/ProjectJavaFX/bomberman/Bomber/target/classes/assets/textures/player_die.png
18:02:40.497 [FXGL Background Thread 2 ] DEBUG FXGLAssetLoaderServi - Loading from file system: file:/D:/Code/ProjectJavaFX/bomberman/Bomber/target/classes/assets/textures/player_down.png
18:02:40.498 [FXGL Background Thread 2 ] DEBUG FXGLAssetLoaderServi - Loading from file system: file:/D:/Code/ProjectJavaFX/bomberman/Bomber/target/classes/assets/textures/player_right.png
18:02:40.498 [FXGL Background Thread 2 ] DEBUG FXGLAssetLoaderServi - Loading from file system: file:/D:/Code/ProjectJavaFX/bomberman/Bomber/target/classes/assets/textures/player_up.png
18:02:40.499 [FXGL Background Thread 2 ] DEBUG FXGLAssetLoaderServi - Loading from file system: file:/D:/Code/ProjectJavaFX/bomberman/Bomber/target/classes/assets/textures/player_left.png
18:02:40.505 [FXGL Background Thread 2 ] WARN  Entity               - Entity already has component: com.almasb.fxgl.physics.PhysicsComponent
18:02:40.506 [FXGL Background Thread 2 ] DEBUG FXGLAssetLoaderServi - Loading from file system: file:/D:/Code/ProjectJavaFX/bomberman/Bomber/target/classes/assets/textures/brick.png
18:02:40.544 [FXGL Background Thread 2 ] DEBUG FXGLAssetLoaderServi - Loading from file system: file:/D:/Code/ProjectJavaFX/bomberman/Bomber/target/classes/assets/textures/powerup_speed.png
18:02:40.547 [FXGL Background Thread 2 ] DEBUG FXGLAssetLoaderServi - Loading from file system: file:/D:/Code/ProjectJavaFX/bomberman/Bomber/target/classes/assets/textures/powerup_flames.png
18:02:40.548 [FXGL Background Thread 2 ] DEBUG FXGLAssetLoaderServi - Loading from file system: file:/D:/Code/ProjectJavaFX/bomberman/Bomber/target/classes/assets/textures/powerup_bombs.png
18:02:40.551 [FXGL Background Thread 2 ] DEBUG FXGLAssetLoaderServi - Loading from file system: file:/D:/Code/ProjectJavaFX/bomberman/Bomber/target/classes/assets/textures/powerup_flamepass.png
18:02:40.556 [FXGL Background Thread 2 ] DEBUG FXGLAssetLoaderServi - Loading from file system: file:/D:/Code/ProjectJavaFX/bomberman/Bomber/target/classes/assets/textures/portal.png
18:02:40.558 [FXGL Background Thread 2 ] DEBUG GameWorld            - Clearing removable entities
18:02:40.558 [FXGL Background Thread 2 ] DEBUG GameWorld            - Setting level: com.almasb.fxgl.entity.level.Level@6dab779a
18:02:40.624 [FXGL Background Thread 2 ] INFO  FXGLApplication      - Game initialization took: 0.392 sec
18:02:40.624 [JavaFX Application Thread] DEBUG Input                - Clearing active input actions
18:02:40.637 [JavaFX Application Thread] DEBUG GameApplicationServi - Removing overlay from FXGLLoadingScene and adding to GameScene
18:02:40.638 [JavaFX Application Thread] DEBUG PrimaryStageWindow   - FXGLLoadingScene -> GameScene
18:02:41.226 [FXGL Background Thread 3 ] DEBUG Engine               - Logging environment variables
18:02:41.226 [FXGL Background Thread 3 ] DEBUG Engine               - achievements: []
18:02:41.226 [FXGL Background Thread 3 ] DEBUG Engine               - actualHeight: 720.0
18:02:41.226 [FXGL Background Thread 3 ] DEBUG Engine               - actualHeightProperty: ReadOnlyDoubleProperty [value: 720.0]
18:02:41.227 [FXGL Background Thread 3 ] DEBUG Engine               - actualWidth: 720.0
18:02:41.227 [FXGL Background Thread 3 ] DEBUG Engine               - actualWidthProperty: ReadOnlyDoubleProperty [value: 720.0]
18:02:41.227 [FXGL Background Thread 3 ] DEBUG Engine               - appIcon: fxgl_icon.png
18:02:41.227 [FXGL Background Thread 3 ] DEBUG Engine               - applicationMode: DEVELOPER
18:02:41.227 [FXGL Background Thread 3 ] DEBUG Engine               - cSSList: [fxgl_dark.css]
18:02:41.227 [FXGL Background Thread 3 ] DEBUG Engine               - collisionDetectionStrategy: BRUTE_FORCE
18:02:41.227 [FXGL Background Thread 3 ] DEBUG Engine               - configClass: Optional.empty
18:02:41.227 [FXGL Background Thread 3 ] DEBUG Engine               - credits: []
18:02:41.227 [FXGL Background Thread 3 ] DEBUG Engine               - defaultCursor: CursorInfo(imageName=fxgl_default_cursor.png, hotspotX=7.0, hotspotY=6.0)
18:02:41.227 [FXGL Background Thread 3 ] DEBUG Engine               - devBBoxColorProperty: ObjectProperty [value: 0xff0000ff]
18:02:41.227 [FXGL Background Thread 3 ] DEBUG Engine               - devEnableDebugCameraProperty: BooleanProperty [value: false]
18:02:41.227 [FXGL Background Thread 3 ] DEBUG Engine               - devSensorColorProperty: ObjectProperty [value: 0xffff00ff]
18:02:41.227 [FXGL Background Thread 3 ] DEBUG Engine               - devShowBBoxProperty: BooleanProperty [value: false]
18:02:41.227 [FXGL Background Thread 3 ] DEBUG Engine               - devShowPositionProperty: BooleanProperty [value: false]
18:02:41.227 [FXGL Background Thread 3 ] DEBUG Engine               - enabledMenuItems: []
18:02:41.227 [FXGL Background Thread 3 ] DEBUG Engine               - engineServices: [class com.almasb.fxgl.app.services.FXGLAssetLoaderService, class com.almasb.fxgl.app.FXGLApplication$GameApplicationService, class com.almasb.fxgl.app.services.FXGLDialogService, class com.almasb.fxgl.app.services.IOTaskExecutorService, class com.almasb.fxgl.io.FileSystemService, class com.almasb.fxgl.localization.LocalizationService, class com.almasb.fxgl.app.services.SystemBundleService, class com.almasb.fxgl.profile.SaveLoadService, class com.almasb.fxgl.ui.FXGLUIFactoryServiceProvider, class com.almasb.fxgl.ui.FXGLDialogFactoryServiceProvider, class com.almasb.fxgl.audio.AudioPlayer, class com.almasb.fxgl.notification.impl.NotificationServiceProvider, class com.almasb.fxgl.achievement.AchievementService, class com.almasb.fxgl.cutscene.CutsceneService, class com.almasb.fxgl.minigames.MiniGameService, class com.almasb.fxgl.net.NetService, class com.almasb.fxgl.app.services.UpdaterService, class com.almasb.fxgl.dev.DevService]
18:02:41.227 [FXGL Background Thread 3 ] DEBUG Engine               - fontGame: Abel-Regular.ttf
18:02:41.227 [FXGL Background Thread 3 ] DEBUG Engine               - fontMono: lucida_console.ttf
18:02:41.228 [FXGL Background Thread 3 ] DEBUG Engine               - fontText: Courier-Prime.ttf
18:02:41.228 [FXGL Background Thread 3 ] DEBUG Engine               - fontUI: Quinquefive-Ea6d4.ttf
18:02:41.228 [FXGL Background Thread 3 ] DEBUG Engine               - fullScreen: BooleanProperty [value: false]
18:02:41.228 [FXGL Background Thread 3 ] DEBUG Engine               - gameDifficulty: MEDIUM
18:02:41.228 [FXGL Background Thread 3 ] DEBUG Engine               - gameDifficultyProperty: ObjectProperty [value: MEDIUM]
18:02:41.228 [FXGL Background Thread 3 ] DEBUG Engine               - globalMusicVolume: 0.5
18:02:41.228 [FXGL Background Thread 3 ] DEBUG Engine               - globalMusicVolumeProperty: DoubleProperty [value: 0.1]
18:02:41.228 [FXGL Background Thread 3 ] DEBUG Engine               - globalSoundVolume: 0.5
18:02:41.228 [FXGL Background Thread 3 ] DEBUG Engine               - globalSoundVolumeProperty: DoubleProperty [value: 0.1]
18:02:41.228 [FXGL Background Thread 3 ] DEBUG Engine               - height: 720
18:02:41.230 [FXGL Background Thread 3 ] DEBUG Engine               - is3D: false
18:02:41.230 [FXGL Background Thread 3 ] DEBUG Engine               - isAndroid: false
18:02:41.230 [FXGL Background Thread 3 ] DEBUG Engine               - isBrowser: false
18:02:41.230 [FXGL Background Thread 3 ] DEBUG Engine               - isClickFeedbackEnabled: false
18:02:41.230 [FXGL Background Thread 3 ] DEBUG Engine               - isCloseConfirmation: false
18:02:41.230 [FXGL Background Thread 3 ] DEBUG Engine               - isDesktop: true
18:02:41.230 [FXGL Background Thread 3 ] DEBUG Engine               - isDeveloperMenuEnabled: false
18:02:41.230 [FXGL Background Thread 3 ] DEBUG Engine               - isEntityPreloadEnabled: true
18:02:41.230 [FXGL Background Thread 3 ] DEBUG Engine               - isExperimentalTiledLargeMap: false
18:02:41.230 [FXGL Background Thread 3 ] DEBUG Engine               - isFileSystemWriteAllowed: true
18:02:41.231 [FXGL Background Thread 3 ] DEBUG Engine               - isFullScreenAllowed: false
18:02:41.231 [FXGL Background Thread 3 ] DEBUG Engine               - isFullScreenFromStart: false
18:02:41.231 [FXGL Background Thread 3 ] DEBUG Engine               - isGameMenuEnabled: true
18:02:41.231 [FXGL Background Thread 3 ] DEBUG Engine               - isIOS: false
18:02:41.231 [FXGL Background Thread 3 ] DEBUG Engine               - isIntroEnabled: false
18:02:41.231 [FXGL Background Thread 3 ] DEBUG Engine               - isLinux: false
18:02:41.231 [FXGL Background Thread 3 ] DEBUG Engine               - isMac: false
18:02:41.231 [FXGL Background Thread 3 ] DEBUG Engine               - isMainMenuEnabled: true
18:02:41.231 [FXGL Background Thread 3 ] DEBUG Engine               - isManualResizeEnabled: true
18:02:41.231 [FXGL Background Thread 3 ] DEBUG Engine               - isMobile: false
18:02:41.231 [FXGL Background Thread 3 ] DEBUG Engine               - isNative: false
18:02:41.231 [FXGL Background Thread 3 ] DEBUG Engine               - isPauseMusicWhenMinimized: true
18:02:41.231 [FXGL Background Thread 3 ] DEBUG Engine               - isPreserveResizeRatio: true
18:02:41.231 [FXGL Background Thread 3 ] DEBUG Engine               - isProfilingEnabled: false
18:02:41.232 [FXGL Background Thread 3 ] DEBUG Engine               - isScaleAffectedOnResize: true
18:02:41.232 [FXGL Background Thread 3 ] DEBUG Engine               - isSingleStep: false
18:02:41.232 [FXGL Background Thread 3 ] DEBUG Engine               - isUserProfileEnabled: false
18:02:41.232 [FXGL Background Thread 3 ] DEBUG Engine               - isWindows: true
18:02:41.232 [FXGL Background Thread 3 ] DEBUG Engine               - language: ObjectProperty [value: ENGLISH]
18:02:41.232 [FXGL Background Thread 3 ] DEBUG Engine               - menuKey: ESCAPE
18:02:41.232 [FXGL Background Thread 3 ] DEBUG Engine               - mouseSensitivity: 0.2
18:02:41.232 [FXGL Background Thread 3 ] DEBUG Engine               - notificationViewClass: class com.almasb.fxgl.notification.view.XboxNotificationView
18:02:41.232 [FXGL Background Thread 3 ] DEBUG Engine               - pixelsPerMeter: 50.0
18:02:41.232 [FXGL Background Thread 3 ] DEBUG Engine               - platform: WINDOWS
18:02:41.232 [FXGL Background Thread 3 ] DEBUG Engine               - prefHeightProperty: ReadOnlyDoubleProperty [value: 720.0]
18:02:41.232 [FXGL Background Thread 3 ] DEBUG Engine               - prefWidthProperty: ReadOnlyDoubleProperty [value: 720.0]
18:02:41.233 [FXGL Background Thread 3 ] DEBUG Engine               - profileDir: profiles/
18:02:41.233 [FXGL Background Thread 3 ] DEBUG Engine               - profileName: StringProperty [value: DEFAULT]
18:02:41.233 [FXGL Background Thread 3 ] DEBUG Engine               - randomSeed: -1
18:02:41.233 [FXGL Background Thread 3 ] DEBUG Engine               - runtimeInfo: RuntimeInfo(platform=WINDOWS, version=11.17, build=16.07.2021 15.46)
18:02:41.233 [FXGL Background Thread 3 ] DEBUG Engine               - saveFileExt: sav
18:02:41.233 [FXGL Background Thread 3 ] DEBUG Engine               - scaledHeightProp$fxgl: DoubleProperty [bound, value: 720.0]
18:02:41.233 [FXGL Background Thread 3 ] DEBUG Engine               - scaledWidthProp$fxgl: DoubleProperty [bound, value: 720.0]
18:02:41.233 [FXGL Background Thread 3 ] DEBUG Engine               - sceneFactory: Bomber.BombermanApp$1@fc008d6
18:02:41.233 [FXGL Background Thread 3 ] DEBUG Engine               - secondsIn24h: 60
18:02:41.233 [FXGL Background Thread 3 ] DEBUG Engine               - soundMenuBack: menu/back.wav
18:02:41.233 [FXGL Background Thread 3 ] DEBUG Engine               - soundMenuPress: menu/press.wav
18:02:41.233 [FXGL Background Thread 3 ] DEBUG Engine               - soundMenuSelect: menu/select.wav
18:02:41.233 [FXGL Background Thread 3 ] DEBUG Engine               - soundNotification: core/notification.wav
18:02:41.233 [FXGL Background Thread 3 ] DEBUG Engine               - stageStyle: DECORATED
18:02:41.233 [FXGL Background Thread 3 ] DEBUG Engine               - supportedLanguages: [ENGLISH, FRENCH, GERMAN, HUNGARIAN, RUSSIAN]
18:02:41.234 [FXGL Background Thread 3 ] DEBUG Engine               - ticksPerSecond: -1
18:02:41.234 [FXGL Background Thread 3 ] DEBUG Engine               - title: BOMBERMAN
18:02:41.234 [FXGL Background Thread 3 ] DEBUG Engine               - urlGithub: https://github.com/AlmasB/FXGL
18:02:41.234 [FXGL Background Thread 3 ] DEBUG Engine               - urlLeaderboard: http://fxgl-top.herokuapp.com/
18:02:41.234 [FXGL Background Thread 3 ] DEBUG Engine               - urlPOM: https://raw.githubusercontent.com/AlmasB/FXGL/release/README.md
18:02:41.234 [FXGL Background Thread 3 ] DEBUG Engine               - userAppClass: class Bomber.BombermanApp
18:02:41.234 [FXGL Background Thread 3 ] DEBUG Engine               - version: 1.0
18:02:41.234 [FXGL Background Thread 3 ] DEBUG Engine               - versionCheckDays: 7
18:02:41.234 [FXGL Background Thread 3 ] DEBUG Engine               - width: 720
18:02:41.234 [FXGL Background Thread 3 ] DEBUG Engine               - Logging services
18:02:41.234 [FXGL Background Thread 3 ] DEBUG Engine               - class com.almasb.fxgl.app.services.FXGLAssetLoaderService
18:02:41.234 [FXGL Background Thread 3 ] DEBUG Engine               - class com.almasb.fxgl.app.FXGLApplication$GameApplicationService
18:02:41.234 [FXGL Background Thread 3 ] DEBUG Engine               - class com.almasb.fxgl.app.services.FXGLDialogService
18:02:41.234 [FXGL Background Thread 3 ] DEBUG Engine               - class com.almasb.fxgl.app.services.IOTaskExecutorService
18:02:41.234 [FXGL Background Thread 3 ] DEBUG Engine               - class com.almasb.fxgl.io.FileSystemService
18:02:41.234 [FXGL Background Thread 3 ] DEBUG Engine               - class com.almasb.fxgl.localization.LocalizationService
18:02:41.234 [FXGL Background Thread 3 ] DEBUG Engine               - class com.almasb.fxgl.app.services.SystemBundleService
18:02:41.234 [FXGL Background Thread 3 ] DEBUG Engine               - class com.almasb.fxgl.profile.SaveLoadService
18:02:41.234 [FXGL Background Thread 3 ] DEBUG Engine               - class com.almasb.fxgl.ui.FXGLUIFactoryServiceProvider
18:02:41.234 [FXGL Background Thread 3 ] DEBUG Engine               - class com.almasb.fxgl.ui.FXGLDialogFactoryServiceProvider
18:02:41.234 [FXGL Background Thread 3 ] DEBUG Engine               - class com.almasb.fxgl.audio.AudioPlayer
18:02:41.234 [FXGL Background Thread 3 ] DEBUG Engine               - class com.almasb.fxgl.notification.impl.NotificationServiceProvider
18:02:41.234 [FXGL Background Thread 3 ] DEBUG Engine               - class com.almasb.fxgl.achievement.AchievementService
18:02:41.234 [FXGL Background Thread 3 ] DEBUG Engine               - class com.almasb.fxgl.cutscene.CutsceneService
18:02:41.234 [FXGL Background Thread 3 ] DEBUG Engine               - class com.almasb.fxgl.minigames.MiniGameService
18:02:41.234 [FXGL Background Thread 3 ] DEBUG Engine               - class com.almasb.fxgl.net.NetService
18:02:41.234 [FXGL Background Thread 3 ] DEBUG Engine               - class com.almasb.fxgl.app.services.UpdaterService
18:02:41.234 [FXGL Background Thread 3 ] DEBUG Engine               - class com.almasb.fxgl.dev.DevService
18:02:49.197 [JavaFX Application Thread] DEBUG FXGLAssetLoaderServi - Loading from file system: file:/D:/Code/ProjectJavaFX/bomberman/Bomber/target/classes/assets/textures/bomb_ani.png
18:02:51.459 [JavaFX Application Thread] DEBUG FXGLAssetLoaderServi - Loading from file system: file:/D:/Code/ProjectJavaFX/bomberman/Bomber/target/classes/assets/textures/bomb_exploded_1.png
18:02:51.467 [JavaFX Application Thread] DEBUG FXGLAssetLoaderServi - Loading from file system: file:/D:/Code/ProjectJavaFX/bomberman/Bomber/target/classes/assets/textures/brick_break.png
18:03:17.461 [JavaFX Application Thread] WARN  TMXLevelLoader       - TiledMap generated from 1.7.2. Supported version: 1.2.3. Some features may not be parsed fully.
18:03:17.468 [JavaFX Application Thread] DEBUG TMXLevelLoader       - Parsed TiledMap: file:/D:/Code/ProjectJavaFX/bomberman/Bomber/target/classes/assets/levels/bbm_level2.tmx
18:03:17.468 [JavaFX Application Thread] DEBUG TMXLevelLoader       - Creating tile layer entities
18:03:17.469 [JavaFX Application Thread] DEBUG TilesetLoader        - Loading view for layer Tile Layer 1
18:03:17.470 [JavaFX Application Thread] DEBUG TilesetLoader        - Created buffer with size 1488.0x720.0
18:03:17.549 [JavaFX Application Thread] DEBUG TilesetLoader        - Loading view for layer Tile Layer 2
18:03:17.549 [JavaFX Application Thread] DEBUG TilesetLoader        - Created buffer with size 1488.0x720.0
18:03:17.550 [JavaFX Application Thread] DEBUG TMXLevelLoader       - Creating object layer entities
18:03:17.552 [JavaFX Application Thread] WARN  Entity               - Entity already has component: com.almasb.fxgl.physics.PhysicsComponent
18:03:17.552 [JavaFX Application Thread] DEBUG FXGLAssetLoaderServi - Loading from file system: file:/D:/Code/ProjectJavaFX/bomberman/Bomber/target/classes/assets/textures/grass.png
18:03:17.579 [JavaFX Application Thread] DEBUG GameWorld            - Clearing removable entities
18:03:17.589 [JavaFX Application Thread] DEBUG GameWorld            - Setting level: com.almasb.fxgl.entity.level.Level@328a3bf6
18:03:21.476 [JavaFX Application Thread] DEBUG FXGLAssetLoaderServi - Loading from file system: file:/D:/Code/ProjectJavaFX/bomberman/Bomber/target/classes/assets/textures/grass_break_2.png
18:03:42.562 [JavaFX Application Thread] DEBUG FXGLAssetLoaderServi - Loading from file system: file:/D:/Code/ProjectJavaFX/bomberman/Bomber/target/classes/assets/textures/player_down_1.png
18:03:42.564 [JavaFX Application Thread] DEBUG FXGLAssetLoaderServi - Loading from file system: file:/D:/Code/ProjectJavaFX/bomberman/Bomber/target/classes/assets/textures/player_right_1.png
18:03:42.566 [JavaFX Application Thread] DEBUG FXGLAssetLoaderServi - Loading from file system: file:/D:/Code/ProjectJavaFX/bomberman/Bomber/target/classes/assets/textures/player_up_1.png
18:03:42.567 [JavaFX Application Thread] DEBUG FXGLAssetLoaderServi - Loading from file system: file:/D:/Code/ProjectJavaFX/bomberman/Bomber/target/classes/assets/textures/player_left_1.png
18:04:00.533 [JavaFX Application Thread] WARN  TMXLevelLoader       - TiledMap generated from 1.7.2. Supported version: 1.2.3. Some features may not be parsed fully.
18:04:00.539 [JavaFX Application Thread] DEBUG TMXLevelLoader       - Parsed TiledMap: file:/D:/Code/ProjectJavaFX/bomberman/Bomber/target/classes/assets/levels/bbm_level3.tmx
18:04:00.539 [JavaFX Application Thread] DEBUG TMXLevelLoader       - Creating tile layer entities
18:04:00.539 [JavaFX Application Thread] DEBUG TilesetLoader        - Loading view for layer Tile Layer 1
18:04:00.541 [JavaFX Application Thread] DEBUG TilesetLoader        - Created buffer with size 1488.0x720.0
18:04:00.722 [JavaFX Application Thread] DEBUG TilesetLoader        - Loading view for layer Tile Layer 2
18:04:00.722 [JavaFX Application Thread] DEBUG TilesetLoader        - Created buffer with size 1488.0x720.0
18:04:00.722 [JavaFX Application Thread] DEBUG TMXLevelLoader       - Creating object layer entities
18:04:00.731 [JavaFX Application Thread] WARN  Entity               - Entity already has component: com.almasb.fxgl.physics.PhysicsComponent
18:04:00.731 [JavaFX Application Thread] DEBUG FXGLAssetLoaderServi - Loading from file system: file:/D:/Code/ProjectJavaFX/bomberman/Bomber/target/classes/assets/textures/coral.png
18:04:00.742 [JavaFX Application Thread] DEBUG GameWorld            - Clearing removable entities
18:04:00.750 [JavaFX Application Thread] DEBUG GameWorld            - Setting level: com.almasb.fxgl.entity.level.Level@27b51495
18:04:15.859 [JavaFX Application Thread] WARN  TMXLevelLoader       - TiledMap generated from 1.7.2. Supported version: 1.2.3. Some features may not be parsed fully.
18:04:15.862 [JavaFX Application Thread] DEBUG TMXLevelLoader       - Parsed TiledMap: file:/D:/Code/ProjectJavaFX/bomberman/Bomber/target/classes/assets/levels/bbm_level3.tmx
18:04:15.863 [JavaFX Application Thread] DEBUG TMXLevelLoader       - Creating tile layer entities
18:04:15.863 [JavaFX Application Thread] DEBUG TilesetLoader        - Loading view for layer Tile Layer 1
18:04:15.864 [JavaFX Application Thread] DEBUG TilesetLoader        - Created buffer with size 1488.0x720.0
18:04:16.023 [JavaFX Application Thread] DEBUG TilesetLoader        - Loading view for layer Tile Layer 2
18:04:16.024 [JavaFX Application Thread] DEBUG TilesetLoader        - Created buffer with size 1488.0x720.0
18:04:16.024 [JavaFX Application Thread] DEBUG TMXLevelLoader       - Creating object layer entities
18:04:16.031 [JavaFX Application Thread] WARN  Entity               - Entity already has component: com.almasb.fxgl.physics.PhysicsComponent
18:04:16.039 [JavaFX Application Thread] DEBUG GameWorld            - Clearing removable entities
18:04:16.043 [JavaFX Application Thread] DEBUG GameWorld            - Setting level: com.almasb.fxgl.entity.level.Level@4d121a0f
18:05:06.028 [JavaFX Application Thread] DEBUG PrimaryStageWindow   - Push state: DialogSubScene
18:05:06.028 [JavaFX Application Thread] DEBUG Input                - Clearing active input actions
18:05:06.029 [JavaFX Application Thread] DEBUG GameApplicationServi - Removing overlay from GameScene and adding to DialogSubScene
18:05:06.029 [JavaFX Application Thread] DEBUG PrimaryStageWindow   - GameScene -> DialogSubScene
18:05:14.919 [JavaFX Application Thread] DEBUG PrimaryStageWindow   - Pop state: DialogSubScene
18:05:14.919 [JavaFX Application Thread] DEBUG Input                - Clearing active input actions
18:05:14.920 [JavaFX Application Thread] DEBUG GameApplicationServi - Removing overlay from DialogSubScene and adding to GameScene
18:05:14.920 [JavaFX Application Thread] DEBUG PrimaryStageWindow   - GameScene <- DialogSubScene
18:05:19.122 [JavaFX Application Thread] DEBUG PrimaryStageWindow   - Push state: DialogSubScene
18:05:19.122 [JavaFX Application Thread] DEBUG Input                - Clearing active input actions
18:05:19.122 [JavaFX Application Thread] DEBUG GameApplicationServi - Removing overlay from GameScene and adding to DialogSubScene
18:05:19.122 [JavaFX Application Thread] DEBUG PrimaryStageWindow   - GameScene -> DialogSubScene
18:05:21.055 [JavaFX Application Thread] DEBUG PrimaryStageWindow   - Pop state: DialogSubScene
18:05:21.055 [JavaFX Application Thread] DEBUG Input                - Clearing active input actions
18:05:21.055 [JavaFX Application Thread] DEBUG GameApplicationServi - Removing overlay from DialogSubScene and adding to GameScene
18:05:21.055 [JavaFX Application Thread] DEBUG PrimaryStageWindow   - GameScene <- DialogSubScene
18:05:21.319 [JavaFX Application Thread] DEBUG PrimaryStageWindow   - Push state: BombermanGameMenu
18:05:21.319 [JavaFX Application Thread] DEBUG Input                - Clearing active input actions
18:05:21.319 [JavaFX Application Thread] DEBUG GameApplicationServi - Removing overlay from GameScene and adding to BombermanGameMenu
18:05:21.319 [JavaFX Application Thread] DEBUG PrimaryStageWindow   - GameScene -> BombermanGameMenu
18:05:22.904 [JavaFX Application Thread] DEBUG PrimaryStageWindow   - Push state: DialogSubScene
18:05:22.904 [JavaFX Application Thread] DEBUG Input                - Clearing active input actions
18:05:22.904 [JavaFX Application Thread] DEBUG GameApplicationServi - Removing overlay from BombermanGameMenu and adding to DialogSubScene
18:05:22.904 [JavaFX Application Thread] DEBUG PrimaryStageWindow   - BombermanGameMenu -> DialogSubScene
18:05:23.592 [JavaFX Application Thread] DEBUG PrimaryStageWindow   - Pop state: DialogSubScene
18:05:23.592 [JavaFX Application Thread] DEBUG Input                - Clearing active input actions
18:05:23.592 [JavaFX Application Thread] DEBUG GameApplicationServi - Removing overlay from DialogSubScene and adding to BombermanGameMenu
18:05:23.592 [JavaFX Application Thread] DEBUG PrimaryStageWindow   - BombermanGameMenu <- DialogSubScene
18:05:24.784 [JavaFX Application Thread] DEBUG PrimaryStageWindow   - Push state: DialogSubScene
18:05:24.784 [JavaFX Application Thread] DEBUG Input                - Clearing active input actions
18:05:24.784 [JavaFX Application Thread] DEBUG GameApplicationServi - Removing overlay from BombermanGameMenu and adding to DialogSubScene
18:05:24.784 [JavaFX Application Thread] DEBUG PrimaryStageWindow   - BombermanGameMenu -> DialogSubScene
18:05:25.679 [JavaFX Application Thread] DEBUG PrimaryStageWindow   - Pop state: DialogSubScene
18:05:25.679 [JavaFX Application Thread] DEBUG Input                - Clearing active input actions
18:05:25.679 [JavaFX Application Thread] DEBUG GameApplicationServi - Removing overlay from DialogSubScene and adding to BombermanGameMenu
18:05:25.679 [JavaFX Application Thread] DEBUG PrimaryStageWindow   - BombermanGameMenu <- DialogSubScene
18:05:26.671 [JavaFX Application Thread] DEBUG Menu                 - fireExitToMainMenu()
18:05:26.673 [JavaFX Application Thread] DEBUG PrimaryStageWindow   - Push state: DialogSubScene
18:05:26.673 [JavaFX Application Thread] DEBUG Input                - Clearing active input actions
18:05:26.673 [JavaFX Application Thread] DEBUG GameApplicationServi - Removing overlay from BombermanGameMenu and adding to DialogSubScene
18:05:26.673 [JavaFX Application Thread] DEBUG PrimaryStageWindow   - BombermanGameMenu -> DialogSubScene
18:05:27.359 [JavaFX Application Thread] DEBUG PrimaryStageWindow   - Pop state: DialogSubScene
18:05:27.359 [JavaFX Application Thread] DEBUG Input                - Clearing active input actions
18:05:27.359 [JavaFX Application Thread] DEBUG GameApplicationServi - Removing overlay from DialogSubScene and adding to BombermanGameMenu
18:05:27.359 [JavaFX Application Thread] DEBUG PrimaryStageWindow   - BombermanGameMenu <- DialogSubScene
18:05:27.360 [JavaFX Application Thread] DEBUG PrimaryStageWindow   - Pop state: BombermanGameMenu
18:05:27.360 [JavaFX Application Thread] DEBUG Input                - Clearing active input actions
18:05:27.360 [JavaFX Application Thread] DEBUG GameApplicationServi - Removing overlay from BombermanGameMenu and adding to GameScene
18:05:27.360 [JavaFX Application Thread] DEBUG PrimaryStageWindow   - GameScene <- BombermanGameMenu
18:05:27.360 [JavaFX Application Thread] DEBUG Input                - Clearing active input actions
18:05:27.364 [JavaFX Application Thread] DEBUG GameApplicationServi - Removing overlay from GameScene and adding to FXGLMainMenuDummyScene
18:05:27.364 [JavaFX Application Thread] DEBUG PrimaryStageWindow   - GameScene -> FXGLMainMenuDummyScene
18:05:27.364 [JavaFX Application Thread] DEBUG PrimaryStageWindow   - Push state: BombermanMenu
18:05:27.364 [JavaFX Application Thread] DEBUG Input                - Clearing active input actions
18:05:27.364 [JavaFX Application Thread] DEBUG GameApplicationServi - Removing overlay from FXGLMainMenuDummyScene and adding to BombermanMenu
18:05:27.365 [JavaFX Application Thread] DEBUG PrimaryStageWindow   - FXGLMainMenuDummyScene -> BombermanMenu
18:05:28.260 [JavaFX Application Thread] DEBUG PrimaryStageWindow   - Push state: DialogSubScene
18:05:28.260 [JavaFX Application Thread] DEBUG Input                - Clearing active input actions
18:05:28.262 [JavaFX Application Thread] DEBUG GameApplicationServi - Removing overlay from BombermanMenu and adding to DialogSubScene
18:05:28.262 [JavaFX Application Thread] DEBUG PrimaryStageWindow   - BombermanMenu -> DialogSubScene
18:05:29.271 [JavaFX Application Thread] DEBUG PrimaryStageWindow   - Pop state: DialogSubScene
18:05:29.271 [JavaFX Application Thread] DEBUG Input                - Clearing active input actions
18:05:29.271 [JavaFX Application Thread] DEBUG GameApplicationServi - Removing overlay from DialogSubScene and adding to BombermanMenu
18:05:29.271 [JavaFX Application Thread] DEBUG PrimaryStageWindow   - BombermanMenu <- DialogSubScene
18:05:29.950 [JavaFX Application Thread] DEBUG Menu                 - fireExit()
18:05:29.952 [JavaFX Application Thread] DEBUG PrimaryStageWindow   - Push state: DialogSubScene
18:05:29.952 [JavaFX Application Thread] DEBUG Input                - Clearing active input actions
18:05:29.952 [JavaFX Application Thread] DEBUG GameApplicationServi - Removing overlay from BombermanMenu and adding to DialogSubScene
18:05:29.952 [JavaFX Application Thread] DEBUG PrimaryStageWindow   - BombermanMenu -> DialogSubScene
18:05:31.015 [JavaFX Application Thread] DEBUG PrimaryStageWindow   - Pop state: DialogSubScene
18:05:31.015 [JavaFX Application Thread] DEBUG Input                - Clearing active input actions
18:05:31.015 [JavaFX Application Thread] DEBUG GameApplicationServi - Removing overlay from DialogSubScene and adding to BombermanMenu
18:05:31.015 [JavaFX Application Thread] DEBUG PrimaryStageWindow   - BombermanMenu <- DialogSubScene
18:05:31.015 [JavaFX Application Thread] DEBUG FXGLApplication      - Exiting FXGL
18:05:31.015 [JavaFX Application Thread] DEBUG LoopRunner           - Stopping loop
18:05:31.015 [JavaFX Application Thread] DEBUG SystemBundleService  - Saving FXGL system data
18:05:31.017 [JavaFX Application Thread] DEBUG FileSystemAccess     - Writing to: D:\Code\ProjectJavaFX\bomberman\Bomber\system\fxgl.bundle
18:05:31.018 [JavaFX Application Thread] DEBUG Async                - Shutting down background threads
18:05:31.018 [JavaFX Application Thread] DEBUG PrimaryStageWindow   - Closing main window
18:05:31.030 [JavaFX Application Thread] DEBUG Logger               - Closing Logger
