17:19:35.399 [main                     ] DEBUG Logger               - Configured Logger
17:19:35.399 [main                     ] DEBUG GameApplication      - Logging settings
Title: BOMBERMAN
Version: 1.0
Width: 720
Height: 720
Fullscreen: false
Intro: false
Profiling: false
Single step:false
App Mode: DEVELOPER
Menu Key: ESCAPE
Stage Style: DECORATED
Scene Factory: class Bomber.BombermanApp$1

17:19:35.923 [JavaFX Application Thread] DEBUG FXGLApplication      - Initializing FXGL
17:19:35.925 [JavaFX Application Thread] INFO  Engine               - FXGL-11.17 (16.07.2021 15.46) on WINDOWS (J:17.0.1 FX:16)
17:19:35.926 [JavaFX Application Thread] DEBUG Engine               - JRE Vendor Name: Oracle Corporation
17:19:35.926 [JavaFX Application Thread] DEBUG Engine               - Running on OS: Windows 10 version 10.0
17:19:35.926 [JavaFX Application Thread] DEBUG Engine               - Architecture: amd64
17:19:35.927 [JavaFX Application Thread] INFO  Engine               - Source code and latest versions at: https://github.com/AlmasB/FXGL
17:19:35.927 [JavaFX Application Thread] INFO  Engine               -              Join the FXGL chat at: https://gitter.im/AlmasB/FXGL
17:19:36.107 [JavaFX Application Thread] DEBUG PrimaryStageWindow   - Creating a JavaFX scene
17:19:36.169 [JavaFX Application Thread] DEBUG PrimaryStageWindow   - Target settings size: 720.0 x 720.0
17:19:36.169 [JavaFX Application Thread] DEBUG PrimaryStageWindow   - Scaled scene size:    720.0 x 720.0
17:19:36.170 [JavaFX Application Thread] DEBUG PrimaryStageWindow   - Scaled ratio: (1.0, 1.0)
17:19:36.171 [JavaFX Application Thread] DEBUG PrimaryStageWindow   - Set initial scene to FXGLStartupScene
17:19:36.181 [JavaFX Application Thread] DEBUG PrimaryStageWindow   - Opening main window
17:19:36.300 [JavaFX Application Thread] DEBUG PrimaryStageWindow   - Window border size: (14.4000244140625, 37.5999755859375)
17:19:36.300 [JavaFX Application Thread] DEBUG PrimaryStageWindow   - Scaled size: 720.0 x 720.0
17:19:36.301 [JavaFX Application Thread] DEBUG PrimaryStageWindow   - Scaled ratio: (1.0, 1.0)
17:19:36.301 [JavaFX Application Thread] DEBUG PrimaryStageWindow   - Scene size: 720.0 x 720.0
17:19:36.301 [JavaFX Application Thread] DEBUG PrimaryStageWindow   - Stage size: 734.4000244140625 x 757.5999755859375
17:19:36.317 [FXGL Background Thread 1 ] DEBUG Engine               - Initializing environment variables
17:19:36.419 [FXGL Background Thread 1 ] DEBUG FXGLAssetLoaderServi - User app class for loading assets: class Bomber.BombermanApp
17:19:36.419 [FXGL Background Thread 1 ] DEBUG GameApplicationServi - Applying CSS: fxgl_dark.css
17:19:36.420 [FXGL Background Thread 1 ] DEBUG FXGLAssetLoaderServi - Loading from file system: jar:file:/C:/Users/thinh/.m2/repository/com/github/almasb/fxgl/11.17/fxgl-11.17.jar!/fxglassets/ui/css/fxgl_dark.css
17:19:36.503 [FXGL Background Thread 1 ] DEBUG GameApplicationServi - Initializing application scenes
17:19:36.576 [FXGL Background Thread 1 ] DEBUG GameWorld            - Game world initialized
17:19:36.693 [FXGL Background Thread 1 ] DEBUG PhysicsWorld         - Physics world initialized: appHeight=720, physics.ppm=50.0
17:19:36.693 [FXGL Background Thread 1 ] DEBUG PhysicsWorld         - Using strategy: BRUTE_FORCE
17:19:36.700 [FXGL Background Thread 1 ] DEBUG GameScene            - Game scene initialized: 720x720
17:19:36.835 [FXGL Background Thread 1 ] DEBUG GameApplicationServi - Application scenes initialized
17:19:36.850 [FXGL Background Thread 1 ] DEBUG SystemBundleService  - Loading FXGL system data
17:19:36.866 [FXGL Background Thread 1 ] DEBUG FileSystemAccess     - Reading from: D:\Code\ProjectJavaFX\bomberman\Bomber\system\fxgl.bundle
17:19:36.875 [FXGL Background Thread 1 ] DEBUG SystemBundleService  - Bundle FXGL: {}
17:19:36.875 [FXGL Background Thread 1 ] DEBUG UpdaterService       - Checking for updates
17:19:36.884 [FXGL Background Thread 4 ] DEBUG FXGLApplication      - Loading fonts
17:19:36.884 [FXGL Background Thread 4 ] DEBUG FXGLAssetLoaderServi - Loading from file system: file:/D:/Code/ProjectJavaFX/bomberman/Bomber/target/classes/assets/ui/fonts/Quinquefive-Ea6d4.ttf
17:19:36.885 [FXGL Background Thread 1 ] DEBUG FXGLApplication      - Loading default localization
17:19:36.886 [FXGL Background Thread 1 ] DEBUG FXGLAssetLoaderServi - Loading from file system: jar:file:/C:/Users/thinh/.m2/repository/com/github/almasb/fxgl/11.17/fxgl-11.17.jar!/fxglassets/languages/english.lang
17:19:36.928 [FXGL Background Thread 1 ] INFO  FXGLApplication      - FXGL initialization took: 0.610 sec
17:19:36.953 [JavaFX Application Thread] DEBUG Input                - Registered new binding: Move Up - W
17:19:36.953 [JavaFX Application Thread] DEBUG Input                - Registered new binding: Move Down - S
17:19:36.954 [JavaFX Application Thread] DEBUG Input                - Registered new binding: Move Left - A
17:19:36.954 [JavaFX Application Thread] DEBUG Input                - Registered new binding: Move Right - D
17:19:36.954 [JavaFX Application Thread] DEBUG Input                - Registered new binding: Place Bomb - Space
17:19:36.955 [JavaFX Application Thread] DEBUG FXGLAssetLoaderServi - Loading from file system: file:/D:/Code/ProjectJavaFX/bomberman/Bomber/target/classes/assets/music/title_screen.mp3
17:19:37.023 [FXGL Background Thread 4 ] DEBUG FXGLAssetLoaderServi - Loading from file system: jar:file:/C:/Users/thinh/.m2/repository/com/github/almasb/fxgl/11.17/fxgl-11.17.jar!/fxglassets/ui/fonts/Abel-Regular.ttf
17:19:37.047 [FXGL Background Thread 4 ] DEBUG FXGLAssetLoaderServi - Loading from file system: jar:file:/C:/Users/thinh/.m2/repository/com/github/almasb/fxgl/11.17/fxgl-11.17.jar!/fxglassets/ui/fonts/lucida_console.ttf
17:19:37.076 [FXGL Background Thread 4 ] DEBUG FXGLAssetLoaderServi - Loading from file system: jar:file:/C:/Users/thinh/.m2/repository/com/github/almasb/fxgl/11.17/fxgl-11.17.jar!/fxglassets/ui/fonts/Courier-Prime.ttf
17:19:37.197 [JavaFX Application Thread] DEBUG AudioPlayer          - Playing music com.almasb.fxgl.audio.Music@58a85a08
17:19:37.198 [JavaFX Application Thread] DEBUG FXGLAssetLoaderServi - Loading from file system: jar:file:/C:/Users/thinh/.m2/repository/com/github/almasb/fxgl/11.17/fxgl-11.17.jar!/fxglassets/textures/fxgl_icon.png
17:19:37.261 [JavaFX Application Thread] DEBUG FXGLAssetLoaderServi - Loading from file system: jar:file:/C:/Users/thinh/.m2/repository/com/github/almasb/fxgl/11.17/fxgl-11.17.jar!/fxglassets/textures/fxgl_default_cursor.png
17:19:37.266 [JavaFX Application Thread] DEBUG Input                - Registered new binding: Screenshot - CTRL+8
17:19:37.267 [JavaFX Application Thread] DEBUG Input                - Registered new binding: System info dump - CTRL+9
17:19:37.268 [JavaFX Application Thread] DEBUG Input                - Registered new binding: Restart - CTRL+R
17:19:37.269 [JavaFX Application Thread] DEBUG Input                - Registered new binding: Toggle Debug Camera - CTRL+C
17:19:37.273 [JavaFX Application Thread] DEBUG LoopRunner           - Starting loop
17:19:37.273 [JavaFX Application Thread] DEBUG LoopRunner           - Initializing JavaFX AnimationTimerLoop
17:19:37.278 [JavaFX Application Thread] DEBUG Input                - Clearing active input actions
17:19:37.299 [JavaFX Application Thread] DEBUG GameApplicationServi - Removing overlay from FXGLStartupScene and adding to FXGLMainMenuDummyScene
17:19:37.299 [JavaFX Application Thread] DEBUG PrimaryStageWindow   - FXGLStartupScene -> FXGLMainMenuDummyScene
17:19:37.299 [JavaFX Application Thread] DEBUG PrimaryStageWindow   - Push state: BombermanMenu
17:19:37.300 [JavaFX Application Thread] DEBUG Input                - Clearing active input actions
17:19:37.308 [JavaFX Application Thread] DEBUG GameApplicationServi - Removing overlay from FXGLMainMenuDummyScene and adding to BombermanMenu
17:19:37.308 [JavaFX Application Thread] DEBUG PrimaryStageWindow   - FXGLMainMenuDummyScene -> BombermanMenu
17:19:37.310 [JavaFX Application Thread] DEBUG FXGLApplication      - Registering font factories with UI factory
17:19:39.883 [FXGL Background Thread 3 ] DEBUG Engine               - Logging environment variables
17:19:39.883 [FXGL Background Thread 3 ] DEBUG Engine               - achievements: []
17:19:39.884 [FXGL Background Thread 3 ] DEBUG Engine               - actualHeight: 720.0
17:19:39.884 [FXGL Background Thread 3 ] DEBUG Engine               - actualHeightProperty: ReadOnlyDoubleProperty [value: 720.0]
17:19:39.884 [FXGL Background Thread 3 ] DEBUG Engine               - actualWidth: 720.0
17:19:39.884 [FXGL Background Thread 3 ] DEBUG Engine               - actualWidthProperty: ReadOnlyDoubleProperty [value: 720.0]
17:19:39.884 [FXGL Background Thread 3 ] DEBUG Engine               - appIcon: fxgl_icon.png
17:19:39.884 [FXGL Background Thread 3 ] DEBUG Engine               - applicationMode: DEVELOPER
17:19:39.884 [FXGL Background Thread 3 ] DEBUG Engine               - cSSList: [fxgl_dark.css]
17:19:39.884 [FXGL Background Thread 3 ] DEBUG Engine               - collisionDetectionStrategy: BRUTE_FORCE
17:19:39.884 [FXGL Background Thread 3 ] DEBUG Engine               - configClass: Optional.empty
17:19:39.884 [FXGL Background Thread 3 ] DEBUG Engine               - credits: []
17:19:39.884 [FXGL Background Thread 3 ] DEBUG Engine               - defaultCursor: CursorInfo(imageName=fxgl_default_cursor.png, hotspotX=7.0, hotspotY=6.0)
17:19:39.885 [FXGL Background Thread 3 ] DEBUG Engine               - devBBoxColorProperty: ObjectProperty [value: 0xff0000ff]
17:19:39.885 [FXGL Background Thread 3 ] DEBUG Engine               - devEnableDebugCameraProperty: BooleanProperty [value: false]
17:19:39.885 [FXGL Background Thread 3 ] DEBUG Engine               - devSensorColorProperty: ObjectProperty [value: 0xffff00ff]
17:19:39.885 [FXGL Background Thread 3 ] DEBUG Engine               - devShowBBoxProperty: BooleanProperty [value: false]
17:19:39.885 [FXGL Background Thread 3 ] DEBUG Engine               - devShowPositionProperty: BooleanProperty [value: false]
17:19:39.885 [FXGL Background Thread 3 ] DEBUG Engine               - enabledMenuItems: []
17:19:39.885 [FXGL Background Thread 3 ] DEBUG Engine               - engineServices: [class com.almasb.fxgl.app.services.FXGLAssetLoaderService, class com.almasb.fxgl.app.FXGLApplication$GameApplicationService, class com.almasb.fxgl.app.services.FXGLDialogService, class com.almasb.fxgl.app.services.IOTaskExecutorService, class com.almasb.fxgl.io.FileSystemService, class com.almasb.fxgl.localization.LocalizationService, class com.almasb.fxgl.app.services.SystemBundleService, class com.almasb.fxgl.profile.SaveLoadService, class com.almasb.fxgl.ui.FXGLUIFactoryServiceProvider, class com.almasb.fxgl.ui.FXGLDialogFactoryServiceProvider, class com.almasb.fxgl.audio.AudioPlayer, class com.almasb.fxgl.notification.impl.NotificationServiceProvider, class com.almasb.fxgl.achievement.AchievementService, class com.almasb.fxgl.cutscene.CutsceneService, class com.almasb.fxgl.minigames.MiniGameService, class com.almasb.fxgl.net.NetService, class com.almasb.fxgl.app.services.UpdaterService, class com.almasb.fxgl.dev.DevService]
17:19:39.885 [FXGL Background Thread 3 ] DEBUG Engine               - fontGame: Abel-Regular.ttf
17:19:39.886 [FXGL Background Thread 3 ] DEBUG Engine               - fontMono: lucida_console.ttf
17:19:39.886 [FXGL Background Thread 3 ] DEBUG Engine               - fontText: Courier-Prime.ttf
17:19:39.886 [FXGL Background Thread 3 ] DEBUG Engine               - fontUI: Quinquefive-Ea6d4.ttf
17:19:39.886 [FXGL Background Thread 3 ] DEBUG Engine               - fullScreen: BooleanProperty [value: false]
17:19:39.886 [FXGL Background Thread 3 ] DEBUG Engine               - gameDifficulty: MEDIUM
17:19:39.886 [FXGL Background Thread 3 ] DEBUG Engine               - gameDifficultyProperty: ObjectProperty [value: MEDIUM]
17:19:39.886 [FXGL Background Thread 3 ] DEBUG Engine               - globalMusicVolume: 0.5
17:19:39.886 [FXGL Background Thread 3 ] DEBUG Engine               - globalMusicVolumeProperty: DoubleProperty [value: 0.1]
17:19:39.886 [FXGL Background Thread 3 ] DEBUG Engine               - globalSoundVolume: 0.5
17:19:39.886 [FXGL Background Thread 3 ] DEBUG Engine               - globalSoundVolumeProperty: DoubleProperty [value: 0.1]
17:19:39.886 [FXGL Background Thread 3 ] DEBUG Engine               - height: 720
17:19:39.886 [FXGL Background Thread 3 ] DEBUG Engine               - is3D: false
17:19:39.886 [FXGL Background Thread 3 ] DEBUG Engine               - isAndroid: false
17:19:39.887 [FXGL Background Thread 3 ] DEBUG Engine               - isBrowser: false
17:19:39.887 [FXGL Background Thread 3 ] DEBUG Engine               - isClickFeedbackEnabled: false
17:19:39.887 [FXGL Background Thread 3 ] DEBUG Engine               - isCloseConfirmation: false
17:19:39.887 [FXGL Background Thread 3 ] DEBUG Engine               - isDesktop: true
17:19:39.887 [FXGL Background Thread 3 ] DEBUG Engine               - isDeveloperMenuEnabled: false
17:19:39.887 [FXGL Background Thread 3 ] DEBUG Engine               - isEntityPreloadEnabled: true
17:19:39.887 [FXGL Background Thread 3 ] DEBUG Engine               - isExperimentalTiledLargeMap: false
17:19:39.887 [FXGL Background Thread 3 ] DEBUG Engine               - isFileSystemWriteAllowed: true
17:19:39.887 [FXGL Background Thread 3 ] DEBUG Engine               - isFullScreenAllowed: false
17:19:39.887 [FXGL Background Thread 3 ] DEBUG Engine               - isFullScreenFromStart: false
17:19:39.887 [FXGL Background Thread 3 ] DEBUG Engine               - isGameMenuEnabled: true
17:19:39.887 [FXGL Background Thread 3 ] DEBUG Engine               - isIOS: false
17:19:39.887 [FXGL Background Thread 3 ] DEBUG Engine               - isIntroEnabled: false
17:19:39.887 [FXGL Background Thread 3 ] DEBUG Engine               - isLinux: false
17:19:39.887 [FXGL Background Thread 3 ] DEBUG Engine               - isMac: false
17:19:39.888 [FXGL Background Thread 3 ] DEBUG Engine               - isMainMenuEnabled: true
17:19:39.888 [FXGL Background Thread 3 ] DEBUG Engine               - isManualResizeEnabled: true
17:19:39.888 [FXGL Background Thread 3 ] DEBUG Engine               - isMobile: false
17:19:39.888 [FXGL Background Thread 3 ] DEBUG Engine               - isNative: false
17:19:39.888 [FXGL Background Thread 3 ] DEBUG Engine               - isPauseMusicWhenMinimized: true
17:19:39.888 [FXGL Background Thread 3 ] DEBUG Engine               - isPreserveResizeRatio: true
17:19:39.888 [FXGL Background Thread 3 ] DEBUG Engine               - isProfilingEnabled: false
17:19:39.888 [FXGL Background Thread 3 ] DEBUG Engine               - isScaleAffectedOnResize: true
17:19:39.889 [FXGL Background Thread 3 ] DEBUG Engine               - isSingleStep: false
17:19:39.889 [FXGL Background Thread 3 ] DEBUG Engine               - isUserProfileEnabled: false
17:19:39.889 [FXGL Background Thread 3 ] DEBUG Engine               - isWindows: true
17:19:39.889 [FXGL Background Thread 3 ] DEBUG Engine               - language: ObjectProperty [value: ENGLISH]
17:19:39.889 [FXGL Background Thread 3 ] DEBUG Engine               - menuKey: ESCAPE
17:19:39.889 [FXGL Background Thread 3 ] DEBUG Engine               - mouseSensitivity: 0.2
17:19:39.889 [FXGL Background Thread 3 ] DEBUG Engine               - notificationViewClass: class com.almasb.fxgl.notification.view.XboxNotificationView
17:19:39.889 [FXGL Background Thread 3 ] DEBUG Engine               - pixelsPerMeter: 50.0
17:19:39.889 [FXGL Background Thread 3 ] DEBUG Engine               - platform: WINDOWS
17:19:39.889 [FXGL Background Thread 3 ] DEBUG Engine               - prefHeightProperty: ReadOnlyDoubleProperty [value: 720.0]
17:19:39.889 [FXGL Background Thread 3 ] DEBUG Engine               - prefWidthProperty: ReadOnlyDoubleProperty [value: 720.0]
17:19:39.889 [FXGL Background Thread 3 ] DEBUG Engine               - profileDir: profiles/
17:19:39.890 [FXGL Background Thread 3 ] DEBUG Engine               - profileName: StringProperty [value: DEFAULT]
17:19:39.890 [FXGL Background Thread 3 ] DEBUG Engine               - randomSeed: -1
17:19:39.890 [FXGL Background Thread 3 ] DEBUG Engine               - runtimeInfo: RuntimeInfo(platform=WINDOWS, version=11.17, build=16.07.2021 15.46)
17:19:39.890 [FXGL Background Thread 3 ] DEBUG Engine               - saveFileExt: sav
17:19:39.890 [FXGL Background Thread 3 ] DEBUG Engine               - scaledHeightProp$fxgl: DoubleProperty [bound, value: 720.0]
17:19:39.890 [FXGL Background Thread 3 ] DEBUG Engine               - scaledWidthProp$fxgl: DoubleProperty [bound, value: 720.0]
17:19:39.890 [FXGL Background Thread 3 ] DEBUG Engine               - sceneFactory: Bomber.BombermanApp$1@5ed4440e
17:19:39.891 [FXGL Background Thread 3 ] DEBUG Engine               - secondsIn24h: 60
17:19:39.891 [FXGL Background Thread 3 ] DEBUG Engine               - soundMenuBack: menu/back.wav
17:19:39.891 [FXGL Background Thread 3 ] DEBUG Engine               - soundMenuPress: menu/press.wav
17:19:39.891 [FXGL Background Thread 3 ] DEBUG Engine               - soundMenuSelect: menu/select.wav
17:19:39.891 [FXGL Background Thread 3 ] DEBUG Engine               - soundNotification: core/notification.wav
17:19:39.891 [FXGL Background Thread 3 ] DEBUG Engine               - stageStyle: DECORATED
17:19:39.891 [FXGL Background Thread 3 ] DEBUG Engine               - supportedLanguages: [ENGLISH, FRENCH, GERMAN, HUNGARIAN, RUSSIAN]
17:19:39.891 [FXGL Background Thread 3 ] DEBUG Engine               - ticksPerSecond: -1
17:19:39.891 [FXGL Background Thread 3 ] DEBUG Engine               - title: BOMBERMAN
17:19:39.891 [FXGL Background Thread 3 ] DEBUG Engine               - urlGithub: https://github.com/AlmasB/FXGL
17:19:39.891 [FXGL Background Thread 3 ] DEBUG Engine               - urlLeaderboard: http://fxgl-top.herokuapp.com/
17:19:39.891 [FXGL Background Thread 3 ] DEBUG Engine               - urlPOM: https://raw.githubusercontent.com/AlmasB/FXGL/release/README.md
17:19:39.891 [FXGL Background Thread 3 ] DEBUG Engine               - userAppClass: class Bomber.BombermanApp
17:19:39.891 [FXGL Background Thread 3 ] DEBUG Engine               - version: 1.0
17:19:39.891 [FXGL Background Thread 3 ] DEBUG Engine               - versionCheckDays: 7
17:19:39.892 [FXGL Background Thread 3 ] DEBUG Engine               - width: 720
17:19:39.892 [FXGL Background Thread 3 ] DEBUG Engine               - Logging services
17:19:39.892 [FXGL Background Thread 3 ] DEBUG Engine               - class com.almasb.fxgl.app.services.FXGLAssetLoaderService
17:19:39.892 [FXGL Background Thread 3 ] DEBUG Engine               - class com.almasb.fxgl.app.FXGLApplication$GameApplicationService
17:19:39.892 [FXGL Background Thread 3 ] DEBUG Engine               - class com.almasb.fxgl.app.services.FXGLDialogService
17:19:39.892 [FXGL Background Thread 3 ] DEBUG Engine               - class com.almasb.fxgl.app.services.IOTaskExecutorService
17:19:39.892 [FXGL Background Thread 3 ] DEBUG Engine               - class com.almasb.fxgl.io.FileSystemService
17:19:39.892 [FXGL Background Thread 3 ] DEBUG Engine               - class com.almasb.fxgl.localization.LocalizationService
17:19:39.892 [FXGL Background Thread 3 ] DEBUG Engine               - class com.almasb.fxgl.app.services.SystemBundleService
17:19:39.892 [FXGL Background Thread 3 ] DEBUG Engine               - class com.almasb.fxgl.profile.SaveLoadService
17:19:39.892 [FXGL Background Thread 3 ] DEBUG Engine               - class com.almasb.fxgl.ui.FXGLUIFactoryServiceProvider
17:19:39.892 [FXGL Background Thread 3 ] DEBUG Engine               - class com.almasb.fxgl.ui.FXGLDialogFactoryServiceProvider
17:19:39.893 [FXGL Background Thread 3 ] DEBUG Engine               - class com.almasb.fxgl.audio.AudioPlayer
17:19:39.893 [FXGL Background Thread 3 ] DEBUG Engine               - class com.almasb.fxgl.notification.impl.NotificationServiceProvider
17:19:39.893 [FXGL Background Thread 3 ] DEBUG Engine               - class com.almasb.fxgl.achievement.AchievementService
17:19:39.893 [FXGL Background Thread 3 ] DEBUG Engine               - class com.almasb.fxgl.cutscene.CutsceneService
17:19:39.893 [FXGL Background Thread 3 ] DEBUG Engine               - class com.almasb.fxgl.minigames.MiniGameService
17:19:39.893 [FXGL Background Thread 3 ] DEBUG Engine               - class com.almasb.fxgl.net.NetService
17:19:39.893 [FXGL Background Thread 3 ] DEBUG Engine               - class com.almasb.fxgl.app.services.UpdaterService
17:19:39.893 [FXGL Background Thread 3 ] DEBUG Engine               - class com.almasb.fxgl.dev.DevService
17:19:40.353 [JavaFX Application Thread] DEBUG FXGLApplication      - Exiting FXGL
17:19:40.353 [JavaFX Application Thread] DEBUG LoopRunner           - Stopping loop
17:19:40.353 [JavaFX Application Thread] DEBUG SystemBundleService  - Saving FXGL system data
17:19:40.355 [JavaFX Application Thread] DEBUG FileSystemAccess     - Writing to: D:\Code\ProjectJavaFX\bomberman\Bomber\system\fxgl.bundle
17:19:40.356 [JavaFX Application Thread] DEBUG Async                - Shutting down background threads
17:19:40.356 [JavaFX Application Thread] DEBUG PrimaryStageWindow   - Closing main window
17:19:40.366 [JavaFX Application Thread] DEBUG Logger               - Closing Logger
