15:51:11.405 [main                     ] DEBUG Logger               - Configured Logger
15:51:11.405 [main                     ] DEBUG GameApplication      - Logging settings
Title: BOMBERMAN
Version: 1.0
Width: 720
Height: 720
Fullscreen: false
Intro: false
Profiling: false
Single step:false
App Mode: DEVELOPER
Menu Key: ESCAPE
Stage Style: DECORATED
Scene Factory: class Bomber.BombermanApp$1

15:51:11.757 [JavaFX Application Thread] DEBUG FXGLApplication      - Initializing FXGL
15:51:11.760 [JavaFX Application Thread] INFO  Engine               - FXGL-11.17 (16.07.2021 15.46) on WINDOWS (J:17.0.1 FX:16)
15:51:11.760 [JavaFX Application Thread] DEBUG Engine               - JRE Vendor Name: Oracle Corporation
15:51:11.760 [JavaFX Application Thread] DEBUG Engine               - Running on OS: Windows 10 version 10.0
15:51:11.760 [JavaFX Application Thread] DEBUG Engine               - Architecture: amd64
15:51:11.761 [JavaFX Application Thread] INFO  Engine               - Source code and latest versions at: https://github.com/AlmasB/FXGL
15:51:11.761 [JavaFX Application Thread] INFO  Engine               -              Join the FXGL chat at: https://gitter.im/AlmasB/FXGL
15:51:11.861 [JavaFX Application Thread] DEBUG PrimaryStageWindow   - Creating a JavaFX scene
15:51:11.899 [JavaFX Application Thread] DEBUG PrimaryStageWindow   - Target settings size: 720.0 x 720.0
15:51:11.899 [JavaFX Application Thread] DEBUG PrimaryStageWindow   - Scaled scene size:    720.0 x 720.0
15:51:11.899 [JavaFX Application Thread] DEBUG PrimaryStageWindow   - Scaled ratio: (1.0, 1.0)
15:51:11.900 [JavaFX Application Thread] DEBUG PrimaryStageWindow   - Set initial scene to FXGLStartupScene
15:51:11.908 [JavaFX Application Thread] DEBUG PrimaryStageWindow   - Opening main window
15:51:11.983 [JavaFX Application Thread] DEBUG PrimaryStageWindow   - Window border size: (14.4000244140625, 37.5999755859375)
15:51:11.983 [JavaFX Application Thread] DEBUG PrimaryStageWindow   - Scaled size: 720.0 x 720.0
15:51:11.983 [JavaFX Application Thread] DEBUG PrimaryStageWindow   - Scaled ratio: (1.0, 1.0)
15:51:11.983 [JavaFX Application Thread] DEBUG PrimaryStageWindow   - Scene size: 720.0 x 720.0
15:51:11.983 [JavaFX Application Thread] DEBUG PrimaryStageWindow   - Stage size: 734.4000244140625 x 757.5999755859375
15:51:11.996 [FXGL Background Thread 1 ] DEBUG Engine               - Initializing environment variables
15:51:12.081 [FXGL Background Thread 1 ] DEBUG FXGLAssetLoaderServi - User app class for loading assets: class Bomber.BombermanApp
15:51:12.081 [FXGL Background Thread 1 ] DEBUG GameApplicationServi - Applying CSS: fxgl_dark.css
15:51:12.082 [FXGL Background Thread 1 ] DEBUG FXGLAssetLoaderServi - Loading from file system: jar:file:/C:/Users/thinh/.m2/repository/com/github/almasb/fxgl/11.17/fxgl-11.17.jar!/fxglassets/ui/css/fxgl_dark.css
15:51:12.144 [FXGL Background Thread 1 ] DEBUG GameApplicationServi - Initializing application scenes
15:51:12.186 [FXGL Background Thread 1 ] DEBUG GameWorld            - Game world initialized
15:51:12.257 [FXGL Background Thread 1 ] DEBUG PhysicsWorld         - Physics world initialized: appHeight=720, physics.ppm=50.0
15:51:12.258 [FXGL Background Thread 1 ] DEBUG PhysicsWorld         - Using strategy: BRUTE_FORCE
15:51:12.262 [FXGL Background Thread 1 ] DEBUG GameScene            - Game scene initialized: 720x720
15:51:12.342 [FXGL Background Thread 1 ] DEBUG GameApplicationServi - Application scenes initialized
15:51:12.350 [FXGL Background Thread 1 ] DEBUG SystemBundleService  - Loading FXGL system data
15:51:12.353 [FXGL Background Thread 1 ] DEBUG FileSystemAccess     - Reading from: D:\Code\ProjectJavaFX\bomberman\Bomber\system\fxgl.bundle
15:51:12.358 [FXGL Background Thread 1 ] DEBUG SystemBundleService  - Bundle FXGL: {}
15:51:12.358 [FXGL Background Thread 1 ] DEBUG UpdaterService       - Checking for updates
15:51:12.388 [FXGL Background Thread 4 ] DEBUG FXGLApplication      - Loading fonts
15:51:12.389 [FXGL Background Thread 4 ] DEBUG FXGLAssetLoaderServi - Loading from file system: file:/D:/Code/ProjectJavaFX/bomberman/Bomber/target/classes/assets/ui/fonts/Quinquefive-Ea6d4.ttf
15:51:12.389 [FXGL Background Thread 1 ] DEBUG FXGLApplication      - Loading default localization
15:51:12.390 [FXGL Background Thread 1 ] DEBUG FXGLAssetLoaderServi - Loading from file system: jar:file:/C:/Users/thinh/.m2/repository/com/github/almasb/fxgl/11.17/fxgl-11.17.jar!/fxglassets/languages/english.lang
15:51:12.416 [FXGL Background Thread 1 ] INFO  FXGLApplication      - FXGL initialization took: 0.420 sec
15:51:12.428 [JavaFX Application Thread] DEBUG Input                - Registered new binding: Move Up - W
15:51:12.428 [JavaFX Application Thread] DEBUG Input                - Registered new binding: Move Down - S
15:51:12.429 [JavaFX Application Thread] DEBUG Input                - Registered new binding: Move Left - A
15:51:12.429 [JavaFX Application Thread] DEBUG Input                - Registered new binding: Move Right - D
15:51:12.429 [JavaFX Application Thread] DEBUG Input                - Registered new binding: Place Bomb - Space
15:51:12.429 [JavaFX Application Thread] DEBUG FXGLAssetLoaderServi - Loading from file system: file:/D:/Code/ProjectJavaFX/bomberman/Bomber/target/classes/assets/music/title_screen.mp3
15:51:12.470 [FXGL Background Thread 4 ] DEBUG FXGLAssetLoaderServi - Loading from file system: jar:file:/C:/Users/thinh/.m2/repository/com/github/almasb/fxgl/11.17/fxgl-11.17.jar!/fxglassets/ui/fonts/Abel-Regular.ttf
15:51:12.483 [FXGL Background Thread 4 ] DEBUG FXGLAssetLoaderServi - Loading from file system: jar:file:/C:/Users/thinh/.m2/repository/com/github/almasb/fxgl/11.17/fxgl-11.17.jar!/fxglassets/ui/fonts/lucida_console.ttf
15:51:12.501 [FXGL Background Thread 4 ] DEBUG FXGLAssetLoaderServi - Loading from file system: jar:file:/C:/Users/thinh/.m2/repository/com/github/almasb/fxgl/11.17/fxgl-11.17.jar!/fxglassets/ui/fonts/Courier-Prime.ttf
15:51:12.567 [JavaFX Application Thread] DEBUG AudioPlayer          - Playing music com.almasb.fxgl.audio.Music@6292460a
15:51:12.567 [JavaFX Application Thread] DEBUG FXGLAssetLoaderServi - Loading from file system: jar:file:/C:/Users/thinh/.m2/repository/com/github/almasb/fxgl/11.17/fxgl-11.17.jar!/fxglassets/textures/fxgl_icon.png
15:51:12.605 [JavaFX Application Thread] DEBUG FXGLAssetLoaderServi - Loading from file system: jar:file:/C:/Users/thinh/.m2/repository/com/github/almasb/fxgl/11.17/fxgl-11.17.jar!/fxglassets/textures/fxgl_default_cursor.png
15:51:12.608 [JavaFX Application Thread] DEBUG Input                - Registered new binding: Screenshot - CTRL+8
15:51:12.608 [JavaFX Application Thread] DEBUG Input                - Registered new binding: Dev Options - 1
15:51:12.609 [JavaFX Application Thread] DEBUG Input                - Registered new binding: Dev Console - 2
15:51:12.609 [JavaFX Application Thread] DEBUG Input                - Registered new binding: System info dump - CTRL+9
15:51:12.609 [JavaFX Application Thread] DEBUG Input                - Registered new binding: Restart - CTRL+R
15:51:12.610 [JavaFX Application Thread] DEBUG Input                - Registered new binding: Toggle Debug Camera - CTRL+C
15:51:12.613 [JavaFX Application Thread] DEBUG LoopRunner           - Starting loop
15:51:12.638 [JavaFX Application Thread] DEBUG LoopRunner           - Initializing JavaFX AnimationTimerLoop
15:51:12.640 [JavaFX Application Thread] DEBUG Input                - Clearing active input actions
15:51:12.645 [JavaFX Application Thread] DEBUG GameApplicationServi - Removing overlay from FXGLStartupScene and adding to FXGLMainMenuDummyScene
15:51:12.648 [JavaFX Application Thread] DEBUG PrimaryStageWindow   - FXGLStartupScene -> FXGLMainMenuDummyScene
15:51:12.648 [JavaFX Application Thread] DEBUG PrimaryStageWindow   - Push state: BombermanMenu
15:51:12.649 [JavaFX Application Thread] DEBUG Input                - Clearing active input actions
15:51:12.653 [JavaFX Application Thread] DEBUG GameApplicationServi - Removing overlay from FXGLMainMenuDummyScene and adding to BombermanMenu
15:51:12.653 [JavaFX Application Thread] DEBUG PrimaryStageWindow   - FXGLMainMenuDummyScene -> BombermanMenu
15:51:12.654 [JavaFX Application Thread] DEBUG FXGLApplication      - Registering font factories with UI factory
15:51:15.344 [JavaFX Application Thread] DEBUG FXGLApplication      - Exiting FXGL
15:51:15.344 [JavaFX Application Thread] DEBUG LoopRunner           - Stopping loop
15:51:15.345 [JavaFX Application Thread] DEBUG SystemBundleService  - Saving FXGL system data
15:51:15.346 [JavaFX Application Thread] DEBUG FileSystemAccess     - Writing to: D:\Code\ProjectJavaFX\bomberman\Bomber\system\fxgl.bundle
15:51:15.347 [JavaFX Application Thread] DEBUG Async                - Shutting down background threads
15:51:15.347 [JavaFX Application Thread] DEBUG PrimaryStageWindow   - Closing main window
15:51:15.360 [JavaFX Application Thread] DEBUG Logger               - Closing Logger
