19:57:20.318 [main                     ] DEBUG Logger               - Configured Logger
19:57:20.318 [main                     ] DEBUG GameApplication      - Logging settings
Title: BOMBERMAN
Version: 1.0
Width: 704
Height: 704
Fullscreen: false
Intro: false
Profiling: false
Single step:false
App Mode: DEVELOPER
Menu Key: ESCAPE
Stage Style: DECORATED
Scene Factory: class Bomber.BombermanApp$1

19:57:20.675 [JavaFX Application Thread] DEBUG FXGLApplication      - Initializing FXGL
19:57:20.677 [JavaFX Application Thread] INFO  Engine               - FXGL-11.17 (16.07.2021 15.46) on WINDOWS (J:17.0.1 FX:16)
19:57:20.677 [JavaFX Application Thread] DEBUG Engine               - JRE Vendor Name: Oracle Corporation
19:57:20.677 [JavaFX Application Thread] DEBUG Engine               - Running on OS: Windows 10 version 10.0
19:57:20.678 [JavaFX Application Thread] DEBUG Engine               - Architecture: amd64
19:57:20.678 [JavaFX Application Thread] INFO  Engine               - Source code and latest versions at: https://github.com/AlmasB/FXGL
19:57:20.678 [JavaFX Application Thread] INFO  Engine               -              Join the FXGL chat at: https://gitter.im/AlmasB/FXGL
19:57:20.781 [JavaFX Application Thread] DEBUG PrimaryStageWindow   - Creating a JavaFX scene
19:57:20.819 [JavaFX Application Thread] DEBUG PrimaryStageWindow   - Target settings size: 704.0 x 704.0
19:57:20.819 [JavaFX Application Thread] DEBUG PrimaryStageWindow   - Scaled scene size:    704.0 x 704.0
19:57:20.819 [JavaFX Application Thread] DEBUG PrimaryStageWindow   - Scaled ratio: (1.0, 1.0)
19:57:20.820 [JavaFX Application Thread] DEBUG PrimaryStageWindow   - Set initial scene to FXGLStartupScene
19:57:20.827 [JavaFX Application Thread] DEBUG PrimaryStageWindow   - Opening main window
19:57:20.914 [JavaFX Application Thread] DEBUG PrimaryStageWindow   - Window border size: (14.4000244140625, 37.5999755859375)
19:57:20.914 [JavaFX Application Thread] DEBUG PrimaryStageWindow   - Scaled size: 704.0 x 704.0
19:57:20.915 [JavaFX Application Thread] DEBUG PrimaryStageWindow   - Scaled ratio: (1.0, 1.0)
19:57:20.915 [JavaFX Application Thread] DEBUG PrimaryStageWindow   - Scene size: 704.0 x 704.0
19:57:20.915 [JavaFX Application Thread] DEBUG PrimaryStageWindow   - Stage size: 718.4000244140625 x 741.5999755859375
19:57:20.924 [FXGL Background Thread 1 ] DEBUG Engine               - Initializing environment variables
19:57:21.001 [FXGL Background Thread 1 ] DEBUG FXGLAssetLoaderServi - User app class for loading assets: class Bomber.BombermanApp
19:57:21.002 [FXGL Background Thread 1 ] DEBUG GameApplicationServi - Applying CSS: fxgl_dark.css
19:57:21.003 [FXGL Background Thread 1 ] DEBUG FXGLAssetLoaderServi - Loading from file system: jar:file:/C:/Users/thinh/.m2/repository/com/github/almasb/fxgl/11.17/fxgl-11.17.jar!/fxglassets/ui/css/fxgl_dark.css
19:57:21.063 [FXGL Background Thread 1 ] DEBUG GameApplicationServi - Initializing application scenes
19:57:21.118 [FXGL Background Thread 1 ] DEBUG GameWorld            - Game world initialized
19:57:21.188 [FXGL Background Thread 1 ] DEBUG PhysicsWorld         - Physics world initialized: appHeight=704, physics.ppm=50.0
19:57:21.188 [FXGL Background Thread 1 ] DEBUG PhysicsWorld         - Using strategy: BRUTE_FORCE
19:57:21.191 [FXGL Background Thread 1 ] DEBUG GameScene            - Game scene initialized: 704x704
19:57:21.267 [FXGL Background Thread 1 ] DEBUG GameApplicationServi - Application scenes initialized
19:57:21.276 [FXGL Background Thread 1 ] DEBUG SystemBundleService  - Loading FXGL system data
19:57:21.282 [FXGL Background Thread 1 ] DEBUG FileSystemAccess     - Reading from: D:\Code\ProjectJavaFX\bombermanTu\Bomber\system\fxgl.bundle
19:57:21.287 [FXGL Background Thread 1 ] DEBUG SystemBundleService  - Bundle FXGL: {}
19:57:21.287 [FXGL Background Thread 1 ] DEBUG UpdaterService       - Checking for updates
19:57:21.291 [FXGL Background Thread 4 ] DEBUG FXGLApplication      - Loading fonts
19:57:21.291 [FXGL Background Thread 4 ] DEBUG FXGLAssetLoaderServi - Loading from file system: file:/D:/Code/ProjectJavaFX/bombermanTu/Bomber/target/classes/assets/ui/fonts/Quinquefive-Ea6d4.ttf
19:57:21.291 [FXGL Background Thread 1 ] DEBUG FXGLApplication      - Loading default localization
19:57:21.292 [FXGL Background Thread 1 ] DEBUG FXGLAssetLoaderServi - Loading from file system: jar:file:/C:/Users/thinh/.m2/repository/com/github/almasb/fxgl/11.17/fxgl-11.17.jar!/fxglassets/languages/english.lang
19:57:21.308 [FXGL Background Thread 1 ] INFO  FXGLApplication      - FXGL initialization took: 0.384 sec
19:57:21.321 [JavaFX Application Thread] DEBUG Input                - Registered new binding: Move Up - W
19:57:21.321 [JavaFX Application Thread] DEBUG Input                - Registered new binding: Move Down - S
19:57:21.322 [JavaFX Application Thread] DEBUG Input                - Registered new binding: Move Left - A
19:57:21.322 [JavaFX Application Thread] DEBUG Input                - Registered new binding: Move Right - D
19:57:21.322 [JavaFX Application Thread] DEBUG Input                - Registered new binding: Place Bomb - Space
19:57:21.322 [JavaFX Application Thread] DEBUG FXGLAssetLoaderServi - Loading from file system: file:/D:/Code/ProjectJavaFX/bombermanTu/Bomber/target/classes/assets/music/title_screen.mp3
19:57:21.374 [FXGL Background Thread 4 ] DEBUG FXGLAssetLoaderServi - Loading from file system: jar:file:/C:/Users/thinh/.m2/repository/com/github/almasb/fxgl/11.17/fxgl-11.17.jar!/fxglassets/ui/fonts/Abel-Regular.ttf
19:57:21.390 [FXGL Background Thread 4 ] DEBUG FXGLAssetLoaderServi - Loading from file system: jar:file:/C:/Users/thinh/.m2/repository/com/github/almasb/fxgl/11.17/fxgl-11.17.jar!/fxglassets/ui/fonts/lucida_console.ttf
19:57:21.406 [FXGL Background Thread 4 ] DEBUG FXGLAssetLoaderServi - Loading from file system: jar:file:/C:/Users/thinh/.m2/repository/com/github/almasb/fxgl/11.17/fxgl-11.17.jar!/fxglassets/ui/fonts/Courier-Prime.ttf
19:57:21.475 [JavaFX Application Thread] DEBUG AudioPlayer          - Playing music com.almasb.fxgl.audio.Music@2ece36ed
19:57:21.475 [JavaFX Application Thread] DEBUG FXGLAssetLoaderServi - Loading from file system: jar:file:/C:/Users/thinh/.m2/repository/com/github/almasb/fxgl/11.17/fxgl-11.17.jar!/fxglassets/textures/fxgl_icon.png
19:57:21.497 [JavaFX Application Thread] DEBUG FXGLAssetLoaderServi - Loading from file system: jar:file:/C:/Users/thinh/.m2/repository/com/github/almasb/fxgl/11.17/fxgl-11.17.jar!/fxglassets/textures/fxgl_default_cursor.png
19:57:21.499 [JavaFX Application Thread] DEBUG Input                - Registered new binding: Screenshot - CTRL+8
19:57:21.499 [JavaFX Application Thread] DEBUG Input                - Registered new binding: System info dump - CTRL+9
19:57:21.500 [JavaFX Application Thread] DEBUG Input                - Registered new binding: Restart - CTRL+R
19:57:21.500 [JavaFX Application Thread] DEBUG Input                - Registered new binding: Toggle Debug Camera - CTRL+C
19:57:21.502 [JavaFX Application Thread] DEBUG LoopRunner           - Starting loop
19:57:21.502 [JavaFX Application Thread] DEBUG LoopRunner           - Initializing JavaFX AnimationTimerLoop
19:57:21.503 [JavaFX Application Thread] DEBUG Input                - Clearing active input actions
19:57:21.511 [JavaFX Application Thread] DEBUG GameApplicationServi - Removing overlay from FXGLStartupScene and adding to FXGLMainMenuDummyScene
19:57:21.512 [JavaFX Application Thread] DEBUG PrimaryStageWindow   - FXGLStartupScene -> FXGLMainMenuDummyScene
19:57:21.512 [JavaFX Application Thread] DEBUG PrimaryStageWindow   - Push state: BombermanMenu
19:57:21.512 [JavaFX Application Thread] DEBUG Input                - Clearing active input actions
19:57:21.516 [JavaFX Application Thread] DEBUG GameApplicationServi - Removing overlay from FXGLMainMenuDummyScene and adding to BombermanMenu
19:57:21.516 [JavaFX Application Thread] DEBUG PrimaryStageWindow   - FXGLMainMenuDummyScene -> BombermanMenu
19:57:21.517 [JavaFX Application Thread] DEBUG FXGLApplication      - Registering font factories with UI factory
19:57:23.633 [JavaFX Application Thread] DEBUG PrimaryStageWindow   - Push state: DialogSubScene
19:57:23.633 [JavaFX Application Thread] DEBUG Input                - Clearing active input actions
19:57:23.637 [JavaFX Application Thread] DEBUG GameApplicationServi - Removing overlay from BombermanMenu and adding to DialogSubScene
19:57:23.638 [JavaFX Application Thread] DEBUG PrimaryStageWindow   - BombermanMenu -> DialogSubScene
19:57:24.290 [FXGL Background Thread 3 ] DEBUG Engine               - Logging environment variables
19:57:24.291 [FXGL Background Thread 3 ] DEBUG Engine               - achievements: []
19:57:24.291 [FXGL Background Thread 3 ] DEBUG Engine               - actualHeight: 704.0
19:57:24.291 [FXGL Background Thread 3 ] DEBUG Engine               - actualHeightProperty: ReadOnlyDoubleProperty [value: 704.0]
19:57:24.291 [FXGL Background Thread 3 ] DEBUG Engine               - actualWidth: 704.0
19:57:24.291 [FXGL Background Thread 3 ] DEBUG Engine               - actualWidthProperty: ReadOnlyDoubleProperty [value: 704.0]
19:57:24.291 [FXGL Background Thread 3 ] DEBUG Engine               - appIcon: fxgl_icon.png
19:57:24.291 [FXGL Background Thread 3 ] DEBUG Engine               - applicationMode: DEVELOPER
19:57:24.292 [FXGL Background Thread 3 ] DEBUG Engine               - cSSList: [fxgl_dark.css]
19:57:24.292 [FXGL Background Thread 3 ] DEBUG Engine               - collisionDetectionStrategy: BRUTE_FORCE
19:57:24.292 [FXGL Background Thread 3 ] DEBUG Engine               - configClass: Optional.empty
19:57:24.292 [FXGL Background Thread 3 ] DEBUG Engine               - credits: []
19:57:24.292 [FXGL Background Thread 3 ] DEBUG Engine               - defaultCursor: CursorInfo(imageName=fxgl_default_cursor.png, hotspotX=7.0, hotspotY=6.0)
19:57:24.292 [FXGL Background Thread 3 ] DEBUG Engine               - devBBoxColorProperty: ObjectProperty [value: 0xff0000ff]
19:57:24.292 [FXGL Background Thread 3 ] DEBUG Engine               - devEnableDebugCameraProperty: BooleanProperty [value: false]
19:57:24.292 [FXGL Background Thread 3 ] DEBUG Engine               - devSensorColorProperty: ObjectProperty [value: 0xffff00ff]
19:57:24.292 [FXGL Background Thread 3 ] DEBUG Engine               - devShowBBoxProperty: BooleanProperty [value: false]
19:57:24.293 [FXGL Background Thread 3 ] DEBUG Engine               - devShowPositionProperty: BooleanProperty [value: false]
19:57:24.293 [FXGL Background Thread 3 ] DEBUG Engine               - enabledMenuItems: []
19:57:24.293 [FXGL Background Thread 3 ] DEBUG Engine               - engineServices: [class com.almasb.fxgl.app.services.FXGLAssetLoaderService, class com.almasb.fxgl.app.FXGLApplication$GameApplicationService, class com.almasb.fxgl.app.services.FXGLDialogService, class com.almasb.fxgl.app.services.IOTaskExecutorService, class com.almasb.fxgl.io.FileSystemService, class com.almasb.fxgl.localization.LocalizationService, class com.almasb.fxgl.app.services.SystemBundleService, class com.almasb.fxgl.profile.SaveLoadService, class com.almasb.fxgl.ui.FXGLUIFactoryServiceProvider, class com.almasb.fxgl.ui.FXGLDialogFactoryServiceProvider, class com.almasb.fxgl.audio.AudioPlayer, class com.almasb.fxgl.notification.impl.NotificationServiceProvider, class com.almasb.fxgl.achievement.AchievementService, class com.almasb.fxgl.cutscene.CutsceneService, class com.almasb.fxgl.minigames.MiniGameService, class com.almasb.fxgl.net.NetService, class com.almasb.fxgl.app.services.UpdaterService, class com.almasb.fxgl.dev.DevService]
19:57:24.293 [FXGL Background Thread 3 ] DEBUG Engine               - fontGame: Abel-Regular.ttf
19:57:24.293 [FXGL Background Thread 3 ] DEBUG Engine               - fontMono: lucida_console.ttf
19:57:24.293 [FXGL Background Thread 3 ] DEBUG Engine               - fontText: Courier-Prime.ttf
19:57:24.293 [FXGL Background Thread 3 ] DEBUG Engine               - fontUI: Quinquefive-Ea6d4.ttf
19:57:24.293 [FXGL Background Thread 3 ] DEBUG Engine               - fullScreen: BooleanProperty [value: false]
19:57:24.293 [FXGL Background Thread 3 ] DEBUG Engine               - gameDifficulty: MEDIUM
19:57:24.293 [FXGL Background Thread 3 ] DEBUG Engine               - gameDifficultyProperty: ObjectProperty [value: MEDIUM]
19:57:24.294 [FXGL Background Thread 3 ] DEBUG Engine               - globalMusicVolume: 0.5
19:57:24.294 [FXGL Background Thread 3 ] DEBUG Engine               - globalMusicVolumeProperty: DoubleProperty [value: 0.5]
19:57:24.294 [FXGL Background Thread 3 ] DEBUG Engine               - globalSoundVolume: 0.5
19:57:24.294 [FXGL Background Thread 3 ] DEBUG Engine               - globalSoundVolumeProperty: DoubleProperty [value: 0.2]
19:57:24.294 [FXGL Background Thread 3 ] DEBUG Engine               - height: 704
19:57:24.294 [FXGL Background Thread 3 ] DEBUG Engine               - is3D: false
19:57:24.294 [FXGL Background Thread 3 ] DEBUG Engine               - isAndroid: false
19:57:24.294 [FXGL Background Thread 3 ] DEBUG Engine               - isBrowser: false
19:57:24.294 [FXGL Background Thread 3 ] DEBUG Engine               - isClickFeedbackEnabled: false
19:57:24.294 [FXGL Background Thread 3 ] DEBUG Engine               - isCloseConfirmation: false
19:57:24.295 [FXGL Background Thread 3 ] DEBUG Engine               - isDesktop: true
19:57:24.295 [FXGL Background Thread 3 ] DEBUG Engine               - isDeveloperMenuEnabled: false
19:57:24.295 [FXGL Background Thread 3 ] DEBUG Engine               - isEntityPreloadEnabled: true
19:57:24.295 [FXGL Background Thread 3 ] DEBUG Engine               - isExperimentalTiledLargeMap: false
19:57:24.295 [FXGL Background Thread 3 ] DEBUG Engine               - isFileSystemWriteAllowed: true
19:57:24.295 [FXGL Background Thread 3 ] DEBUG Engine               - isFullScreenAllowed: false
19:57:24.295 [FXGL Background Thread 3 ] DEBUG Engine               - isFullScreenFromStart: false
19:57:24.295 [FXGL Background Thread 3 ] DEBUG Engine               - isGameMenuEnabled: true
19:57:24.295 [FXGL Background Thread 3 ] DEBUG Engine               - isIOS: false
19:57:24.295 [FXGL Background Thread 3 ] DEBUG Engine               - isIntroEnabled: false
19:57:24.295 [FXGL Background Thread 3 ] DEBUG Engine               - isLinux: false
19:57:24.295 [FXGL Background Thread 3 ] DEBUG Engine               - isMac: false
19:57:24.296 [FXGL Background Thread 3 ] DEBUG Engine               - isMainMenuEnabled: true
19:57:24.296 [FXGL Background Thread 3 ] DEBUG Engine               - isManualResizeEnabled: false
19:57:24.296 [FXGL Background Thread 3 ] DEBUG Engine               - isMobile: false
19:57:24.296 [FXGL Background Thread 3 ] DEBUG Engine               - isNative: false
19:57:24.296 [FXGL Background Thread 3 ] DEBUG Engine               - isPauseMusicWhenMinimized: true
19:57:24.296 [FXGL Background Thread 3 ] DEBUG Engine               - isPreserveResizeRatio: false
19:57:24.296 [FXGL Background Thread 3 ] DEBUG Engine               - isProfilingEnabled: false
19:57:24.297 [FXGL Background Thread 3 ] DEBUG Engine               - isScaleAffectedOnResize: true
19:57:24.297 [FXGL Background Thread 3 ] DEBUG Engine               - isSingleStep: false
19:57:24.297 [FXGL Background Thread 3 ] DEBUG Engine               - isUserProfileEnabled: false
19:57:24.297 [FXGL Background Thread 3 ] DEBUG Engine               - isWindows: true
19:57:24.297 [FXGL Background Thread 3 ] DEBUG Engine               - language: ObjectProperty [value: ENGLISH]
19:57:24.297 [FXGL Background Thread 3 ] DEBUG Engine               - menuKey: ESCAPE
19:57:24.297 [FXGL Background Thread 3 ] DEBUG Engine               - mouseSensitivity: 0.2
19:57:24.297 [FXGL Background Thread 3 ] DEBUG Engine               - notificationViewClass: class com.almasb.fxgl.notification.view.XboxNotificationView
19:57:24.297 [FXGL Background Thread 3 ] DEBUG Engine               - pixelsPerMeter: 50.0
19:57:24.297 [FXGL Background Thread 3 ] DEBUG Engine               - platform: WINDOWS
19:57:24.297 [FXGL Background Thread 3 ] DEBUG Engine               - prefHeightProperty: ReadOnlyDoubleProperty [value: 704.0]
19:57:24.297 [FXGL Background Thread 3 ] DEBUG Engine               - prefWidthProperty: ReadOnlyDoubleProperty [value: 704.0]
19:57:24.297 [FXGL Background Thread 3 ] DEBUG Engine               - profileDir: profiles/
19:57:24.298 [FXGL Background Thread 3 ] DEBUG Engine               - profileName: StringProperty [value: DEFAULT]
19:57:24.298 [FXGL Background Thread 3 ] DEBUG Engine               - randomSeed: -1
19:57:24.298 [FXGL Background Thread 3 ] DEBUG Engine               - runtimeInfo: RuntimeInfo(platform=WINDOWS, version=11.17, build=16.07.2021 15.46)
19:57:24.298 [FXGL Background Thread 3 ] DEBUG Engine               - saveFileExt: sav
19:57:24.298 [FXGL Background Thread 3 ] DEBUG Engine               - scaledHeightProp$fxgl: DoubleProperty [bound, value: 704.0]
19:57:24.298 [FXGL Background Thread 3 ] DEBUG Engine               - scaledWidthProp$fxgl: DoubleProperty [bound, value: 704.0]
19:57:24.298 [FXGL Background Thread 3 ] DEBUG Engine               - sceneFactory: Bomber.BombermanApp$1@3a1f5480
19:57:24.298 [FXGL Background Thread 3 ] DEBUG Engine               - secondsIn24h: 60
19:57:24.298 [FXGL Background Thread 3 ] DEBUG Engine               - soundMenuBack: menu/back.wav
19:57:24.298 [FXGL Background Thread 3 ] DEBUG Engine               - soundMenuPress: menu/press.wav
19:57:24.299 [FXGL Background Thread 3 ] DEBUG Engine               - soundMenuSelect: menu/select.wav
19:57:24.299 [FXGL Background Thread 3 ] DEBUG Engine               - soundNotification: core/notification.wav
19:57:24.299 [FXGL Background Thread 3 ] DEBUG Engine               - stageStyle: DECORATED
19:57:24.299 [FXGL Background Thread 3 ] DEBUG Engine               - supportedLanguages: [ENGLISH, FRENCH, GERMAN, HUNGARIAN, RUSSIAN]
19:57:24.299 [FXGL Background Thread 3 ] DEBUG Engine               - ticksPerSecond: -1
19:57:24.299 [FXGL Background Thread 3 ] DEBUG Engine               - title: BOMBERMAN
19:57:24.299 [FXGL Background Thread 3 ] DEBUG Engine               - urlGithub: https://github.com/AlmasB/FXGL
19:57:24.299 [FXGL Background Thread 3 ] DEBUG Engine               - urlLeaderboard: http://fxgl-top.herokuapp.com/
19:57:24.299 [FXGL Background Thread 3 ] DEBUG Engine               - urlPOM: https://raw.githubusercontent.com/AlmasB/FXGL/release/README.md
19:57:24.299 [FXGL Background Thread 3 ] DEBUG Engine               - userAppClass: class Bomber.BombermanApp
19:57:24.299 [FXGL Background Thread 3 ] DEBUG Engine               - version: 1.0
19:57:24.299 [FXGL Background Thread 3 ] DEBUG Engine               - versionCheckDays: 7
19:57:24.299 [FXGL Background Thread 3 ] DEBUG Engine               - width: 704
19:57:24.299 [FXGL Background Thread 3 ] DEBUG Engine               - Logging services
19:57:24.299 [FXGL Background Thread 3 ] DEBUG Engine               - class com.almasb.fxgl.app.services.FXGLAssetLoaderService
19:57:24.300 [FXGL Background Thread 3 ] DEBUG Engine               - class com.almasb.fxgl.app.FXGLApplication$GameApplicationService
19:57:24.300 [FXGL Background Thread 3 ] DEBUG Engine               - class com.almasb.fxgl.app.services.FXGLDialogService
19:57:24.300 [FXGL Background Thread 3 ] DEBUG Engine               - class com.almasb.fxgl.app.services.IOTaskExecutorService
19:57:24.300 [FXGL Background Thread 3 ] DEBUG Engine               - class com.almasb.fxgl.io.FileSystemService
19:57:24.300 [FXGL Background Thread 3 ] DEBUG Engine               - class com.almasb.fxgl.localization.LocalizationService
19:57:24.300 [FXGL Background Thread 3 ] DEBUG Engine               - class com.almasb.fxgl.app.services.SystemBundleService
19:57:24.300 [FXGL Background Thread 3 ] DEBUG Engine               - class com.almasb.fxgl.profile.SaveLoadService
19:57:24.300 [FXGL Background Thread 3 ] DEBUG Engine               - class com.almasb.fxgl.ui.FXGLUIFactoryServiceProvider
19:57:24.300 [FXGL Background Thread 3 ] DEBUG Engine               - class com.almasb.fxgl.ui.FXGLDialogFactoryServiceProvider
19:57:24.300 [FXGL Background Thread 3 ] DEBUG Engine               - class com.almasb.fxgl.audio.AudioPlayer
19:57:24.300 [FXGL Background Thread 3 ] DEBUG Engine               - class com.almasb.fxgl.notification.impl.NotificationServiceProvider
19:57:24.301 [FXGL Background Thread 3 ] DEBUG Engine               - class com.almasb.fxgl.achievement.AchievementService
19:57:24.301 [FXGL Background Thread 3 ] DEBUG Engine               - class com.almasb.fxgl.cutscene.CutsceneService
19:57:24.301 [FXGL Background Thread 3 ] DEBUG Engine               - class com.almasb.fxgl.minigames.MiniGameService
19:57:24.301 [FXGL Background Thread 3 ] DEBUG Engine               - class com.almasb.fxgl.net.NetService
19:57:24.301 [FXGL Background Thread 3 ] DEBUG Engine               - class com.almasb.fxgl.app.services.UpdaterService
19:57:24.301 [FXGL Background Thread 3 ] DEBUG Engine               - class com.almasb.fxgl.dev.DevService
19:57:25.173 [JavaFX Application Thread] DEBUG PrimaryStageWindow   - Pop state: DialogSubScene
19:57:25.173 [JavaFX Application Thread] DEBUG Input                - Clearing active input actions
19:57:25.175 [JavaFX Application Thread] DEBUG GameApplicationServi - Removing overlay from DialogSubScene and adding to BombermanMenu
19:57:25.175 [JavaFX Application Thread] DEBUG PrimaryStageWindow   - BombermanMenu <- DialogSubScene
19:57:25.806 [JavaFX Application Thread] DEBUG PrimaryStageWindow   - Push state: DialogSubScene
19:57:25.807 [JavaFX Application Thread] DEBUG Input                - Clearing active input actions
19:57:25.808 [JavaFX Application Thread] DEBUG GameApplicationServi - Removing overlay from BombermanMenu and adding to DialogSubScene
19:57:25.808 [JavaFX Application Thread] DEBUG PrimaryStageWindow   - BombermanMenu -> DialogSubScene
19:57:27.773 [JavaFX Application Thread] DEBUG PrimaryStageWindow   - Pop state: DialogSubScene
19:57:27.773 [JavaFX Application Thread] DEBUG Input                - Clearing active input actions
19:57:27.773 [JavaFX Application Thread] DEBUG GameApplicationServi - Removing overlay from DialogSubScene and adding to BombermanMenu
19:57:27.774 [JavaFX Application Thread] DEBUG PrimaryStageWindow   - BombermanMenu <- DialogSubScene
19:57:29.612 [JavaFX Application Thread] DEBUG Menu                 - fireNewGame()
19:57:29.613 [JavaFX Application Thread] DEBUG GameApplicationServi - Starting new game
19:57:29.613 [JavaFX Application Thread] DEBUG PrimaryStageWindow   - Pop state: BombermanMenu
19:57:29.613 [JavaFX Application Thread] DEBUG Input                - Clearing active input actions
19:57:29.613 [JavaFX Application Thread] DEBUG GameApplicationServi - Removing overlay from BombermanMenu and adding to FXGLMainMenuDummyScene
19:57:29.613 [JavaFX Application Thread] DEBUG PrimaryStageWindow   - FXGLMainMenuDummyScene <- BombermanMenu
19:57:29.614 [JavaFX Application Thread] DEBUG Input                - Clearing active input actions
19:57:29.618 [JavaFX Application Thread] DEBUG GameApplicationServi - Removing overlay from FXGLMainMenuDummyScene and adding to FXGLLoadingScene
19:57:29.618 [JavaFX Application Thread] DEBUG PrimaryStageWindow   - FXGLMainMenuDummyScene -> FXGLLoadingScene
19:57:29.618 [JavaFX Application Thread] DEBUG GameApplicationServi - Clearing previous game
19:57:29.618 [JavaFX Application Thread] DEBUG GameScene            - Clearing game scene
19:57:29.618 [JavaFX Application Thread] DEBUG GameWorld            - Clearing game world
19:57:29.618 [JavaFX Application Thread] DEBUG PhysicsWorld         - Clearing physics world
19:57:29.620 [FXGL Background Thread 2 ] DEBUG FXGLApplication      - Initializing game
19:57:29.669 [FXGL Background Thread 2 ] WARN  TMXLevelLoader       - TiledMap generated from 1.7.2. Supported version: 1.2.3. Some features may not be parsed fully.
19:57:29.682 [FXGL Background Thread 2 ] DEBUG TMXLevelLoader       - Parsed TiledMap: file:/D:/Code/ProjectJavaFX/bombermanTu/Bomber/target/classes/assets/levels/level1.tmx
19:57:29.684 [FXGL Background Thread 2 ] DEBUG TMXLevelLoader       - Creating tile layer entities
19:57:29.685 [FXGL Background Thread 2 ] DEBUG TilesetLoader        - Loading view for layer Tile Layer 1
19:57:29.688 [FXGL Background Thread 2 ] DEBUG TilesetLoader        - Created buffer with size 1280.0x704.0
19:57:29.833 [FXGL Background Thread 2 ] DEBUG TMXLevelLoader       - Creating object layer entities
19:57:29.836 [FXGL Background Thread 2 ] DEBUG FXGLAssetLoaderServi - Loading from file system: file:/D:/Code/ProjectJavaFX/bombermanTu/Bomber/target/classes/assets/textures/powerup_bombs.png
19:57:29.839 [FXGL Background Thread 2 ] DEBUG FXGLAssetLoaderServi - Loading from file system: file:/D:/Code/ProjectJavaFX/bombermanTu/Bomber/target/classes/assets/textures/powerup_flames.png
19:57:29.840 [FXGL Background Thread 2 ] DEBUG FXGLAssetLoaderServi - Loading from file system: file:/D:/Code/ProjectJavaFX/bombermanTu/Bomber/target/classes/assets/textures/powerup_speed.png
19:57:29.841 [FXGL Background Thread 2 ] DEBUG FXGLAssetLoaderServi - Loading from file system: file:/D:/Code/ProjectJavaFX/bombermanTu/Bomber/target/classes/assets/textures/powerup_flamepass.png
19:57:29.843 [FXGL Background Thread 2 ] DEBUG FXGLAssetLoaderServi - Loading from file system: file:/D:/Code/ProjectJavaFX/bombermanTu/Bomber/target/classes/assets/textures/portal.png
19:57:29.851 [FXGL Background Thread 2 ] DEBUG FXGLAssetLoaderServi - Loading from file system: file:/D:/Code/ProjectJavaFX/bombermanTu/Bomber/target/classes/assets/textures/player_die.png
19:57:29.854 [FXGL Background Thread 2 ] DEBUG FXGLAssetLoaderServi - Loading from file system: file:/D:/Code/ProjectJavaFX/bombermanTu/Bomber/target/classes/assets/textures/player_down.png
19:57:29.855 [FXGL Background Thread 2 ] DEBUG FXGLAssetLoaderServi - Loading from file system: file:/D:/Code/ProjectJavaFX/bombermanTu/Bomber/target/classes/assets/textures/player_right.png
19:57:29.856 [FXGL Background Thread 2 ] DEBUG FXGLAssetLoaderServi - Loading from file system: file:/D:/Code/ProjectJavaFX/bombermanTu/Bomber/target/classes/assets/textures/player_up.png
19:57:29.857 [FXGL Background Thread 2 ] DEBUG FXGLAssetLoaderServi - Loading from file system: file:/D:/Code/ProjectJavaFX/bombermanTu/Bomber/target/classes/assets/textures/player_left.png
19:57:29.859 [FXGL Background Thread 2 ] WARN  Entity               - Entity already has component: com.almasb.fxgl.physics.PhysicsComponent
19:57:29.862 [FXGL Background Thread 2 ] DEBUG FXGLAssetLoaderServi - Loading from file system: file:/D:/Code/ProjectJavaFX/bombermanTu/Bomber/target/classes/assets/textures/brick.png
19:57:29.887 [FXGL Background Thread 2 ] DEBUG GameWorld            - Clearing removable entities
19:57:29.888 [FXGL Background Thread 2 ] DEBUG GameWorld            - Setting level: com.almasb.fxgl.entity.level.Level@2e56c6c
19:57:29.904 [FXGL Background Thread 2 ] INFO  FXGLApplication      - Game initialization took: 0.284 sec
19:57:29.904 [JavaFX Application Thread] DEBUG Input                - Clearing active input actions
19:57:29.913 [JavaFX Application Thread] DEBUG GameApplicationServi - Removing overlay from FXGLLoadingScene and adding to GameScene
19:57:29.913 [JavaFX Application Thread] DEBUG PrimaryStageWindow   - FXGLLoadingScene -> GameScene
19:57:32.350 [JavaFX Application Thread] DEBUG PrimaryStageWindow   - Push state: BombermanGameMenu
19:57:32.350 [JavaFX Application Thread] DEBUG Input                - Clearing active input actions
19:57:32.350 [JavaFX Application Thread] DEBUG GameApplicationServi - Removing overlay from GameScene and adding to BombermanGameMenu
19:57:32.351 [JavaFX Application Thread] DEBUG PrimaryStageWindow   - GameScene -> BombermanGameMenu
19:57:50.061 [JavaFX Application Thread] DEBUG FXGLApplication      - Exiting FXGL
19:57:50.061 [JavaFX Application Thread] DEBUG LoopRunner           - Stopping loop
19:57:50.062 [JavaFX Application Thread] DEBUG SystemBundleService  - Saving FXGL system data
19:57:50.063 [JavaFX Application Thread] DEBUG FileSystemAccess     - Writing to: D:\Code\ProjectJavaFX\bombermanTu\Bomber\system\fxgl.bundle
19:57:50.064 [JavaFX Application Thread] DEBUG Async                - Shutting down background threads
19:57:50.064 [JavaFX Application Thread] DEBUG PrimaryStageWindow   - Closing main window
19:57:50.073 [JavaFX Application Thread] DEBUG Logger               - Closing Logger
