20:30:47.388 [main                     ] DEBUG Logger               - Configured Logger
20:30:47.388 [main                     ] DEBUG GameApplication      - Logging settings
Title: BOMBERMAN
Version: 1.0
Width: 720
Height: 720
Fullscreen: false
Intro: false
Profiling: false
Single step:false
App Mode: DEVELOPER
Menu Key: ESCAPE
Stage Style: DECORATED
Scene Factory: class Bomber.BombermanApp$1

20:30:47.742 [JavaFX Application Thread] DEBUG FXGLApplication      - Initializing FXGL
20:30:47.745 [JavaFX Application Thread] INFO  Engine               - FXGL-11.17 (16.07.2021 15.46) on WINDOWS (J:17.0.1 FX:16)
20:30:47.745 [JavaFX Application Thread] DEBUG Engine               - JRE Vendor Name: Oracle Corporation
20:30:47.745 [JavaFX Application Thread] DEBUG Engine               - Running on OS: Windows 10 version 10.0
20:30:47.745 [JavaFX Application Thread] DEBUG Engine               - Architecture: amd64
20:30:47.746 [JavaFX Application Thread] INFO  Engine               - Source code and latest versions at: https://github.com/AlmasB/FXGL
20:30:47.746 [JavaFX Application Thread] INFO  Engine               -              Join the FXGL chat at: https://gitter.im/AlmasB/FXGL
20:30:47.852 [JavaFX Application Thread] DEBUG PrimaryStageWindow   - Creating a JavaFX scene
20:30:47.892 [JavaFX Application Thread] DEBUG PrimaryStageWindow   - Target settings size: 720.0 x 720.0
20:30:47.892 [JavaFX Application Thread] DEBUG PrimaryStageWindow   - Scaled scene size:    720.0 x 720.0
20:30:47.892 [JavaFX Application Thread] DEBUG PrimaryStageWindow   - Scaled ratio: (1.0, 1.0)
20:30:47.893 [JavaFX Application Thread] DEBUG PrimaryStageWindow   - Set initial scene to FXGLStartupScene
20:30:47.901 [JavaFX Application Thread] DEBUG PrimaryStageWindow   - Opening main window
20:30:47.979 [JavaFX Application Thread] DEBUG PrimaryStageWindow   - Window border size: (14.4000244140625, 37.5999755859375)
20:30:47.979 [JavaFX Application Thread] DEBUG PrimaryStageWindow   - Scaled size: 720.0 x 720.0
20:30:47.979 [JavaFX Application Thread] DEBUG PrimaryStageWindow   - Scaled ratio: (1.0, 1.0)
20:30:47.979 [JavaFX Application Thread] DEBUG PrimaryStageWindow   - Scene size: 720.0 x 720.0
20:30:47.980 [JavaFX Application Thread] DEBUG PrimaryStageWindow   - Stage size: 734.4000244140625 x 757.5999755859375
20:30:47.989 [FXGL Background Thread 1 ] DEBUG Engine               - Initializing environment variables
20:30:48.074 [FXGL Background Thread 1 ] DEBUG FXGLAssetLoaderServi - User app class for loading assets: class Bomber.BombermanApp
20:30:48.075 [FXGL Background Thread 1 ] DEBUG GameApplicationServi - Applying CSS: fxgl_dark.css
20:30:48.077 [FXGL Background Thread 1 ] DEBUG FXGLAssetLoaderServi - Loading from file system: jar:file:/C:/Users/thinh/.m2/repository/com/github/almasb/fxgl/11.17/fxgl-11.17.jar!/fxglassets/ui/css/fxgl_dark.css
20:30:48.146 [FXGL Background Thread 1 ] DEBUG GameApplicationServi - Initializing application scenes
20:30:48.197 [FXGL Background Thread 1 ] DEBUG GameWorld            - Game world initialized
20:30:48.278 [FXGL Background Thread 1 ] DEBUG PhysicsWorld         - Physics world initialized: appHeight=720, physics.ppm=50.0
20:30:48.278 [FXGL Background Thread 1 ] DEBUG PhysicsWorld         - Using strategy: BRUTE_FORCE
20:30:48.281 [FXGL Background Thread 1 ] DEBUG GameScene            - Game scene initialized: 720x720
20:30:48.371 [FXGL Background Thread 1 ] DEBUG GameApplicationServi - Application scenes initialized
20:30:48.380 [FXGL Background Thread 1 ] DEBUG SystemBundleService  - Loading FXGL system data
20:30:48.385 [FXGL Background Thread 1 ] DEBUG FileSystemAccess     - Reading from: D:\Code\ProjectJavaFX\bomberman\Bomber\system\fxgl.bundle
20:30:48.390 [FXGL Background Thread 1 ] DEBUG SystemBundleService  - Bundle FXGL: {}
20:30:48.391 [FXGL Background Thread 1 ] DEBUG UpdaterService       - Checking for updates
20:30:48.396 [FXGL Background Thread 4 ] DEBUG FXGLApplication      - Loading fonts
20:30:48.396 [FXGL Background Thread 4 ] DEBUG FXGLAssetLoaderServi - Loading from file system: file:/D:/Code/ProjectJavaFX/bomberman/Bomber/target/classes/assets/ui/fonts/Quinquefive-Ea6d4.ttf
20:30:48.397 [FXGL Background Thread 1 ] DEBUG FXGLApplication      - Loading default localization
20:30:48.397 [FXGL Background Thread 1 ] DEBUG FXGLAssetLoaderServi - Loading from file system: jar:file:/C:/Users/thinh/.m2/repository/com/github/almasb/fxgl/11.17/fxgl-11.17.jar!/fxglassets/languages/english.lang
20:30:48.418 [FXGL Background Thread 1 ] INFO  FXGLApplication      - FXGL initialization took: 0.428 sec
20:30:48.432 [JavaFX Application Thread] DEBUG Input                - Registered new binding: Move Up - W
20:30:48.432 [JavaFX Application Thread] DEBUG Input                - Registered new binding: Move Down - S
20:30:48.433 [JavaFX Application Thread] DEBUG Input                - Registered new binding: Move Left - A
20:30:48.433 [JavaFX Application Thread] DEBUG Input                - Registered new binding: Move Right - D
20:30:48.433 [JavaFX Application Thread] DEBUG Input                - Registered new binding: Place Bomb - Space
20:30:48.434 [JavaFX Application Thread] DEBUG FXGLAssetLoaderServi - Loading from file system: file:/D:/Code/ProjectJavaFX/bomberman/Bomber/target/classes/assets/music/title_screen.mp3
20:30:48.483 [FXGL Background Thread 4 ] DEBUG FXGLAssetLoaderServi - Loading from file system: jar:file:/C:/Users/thinh/.m2/repository/com/github/almasb/fxgl/11.17/fxgl-11.17.jar!/fxglassets/ui/fonts/Abel-Regular.ttf
20:30:48.497 [FXGL Background Thread 4 ] DEBUG FXGLAssetLoaderServi - Loading from file system: jar:file:/C:/Users/thinh/.m2/repository/com/github/almasb/fxgl/11.17/fxgl-11.17.jar!/fxglassets/ui/fonts/lucida_console.ttf
20:30:48.514 [FXGL Background Thread 4 ] DEBUG FXGLAssetLoaderServi - Loading from file system: jar:file:/C:/Users/thinh/.m2/repository/com/github/almasb/fxgl/11.17/fxgl-11.17.jar!/fxglassets/ui/fonts/Courier-Prime.ttf
20:30:48.581 [JavaFX Application Thread] DEBUG AudioPlayer          - Playing music com.almasb.fxgl.audio.Music@9197752
20:30:48.582 [JavaFX Application Thread] DEBUG FXGLAssetLoaderServi - Loading from file system: jar:file:/C:/Users/thinh/.m2/repository/com/github/almasb/fxgl/11.17/fxgl-11.17.jar!/fxglassets/textures/fxgl_icon.png
20:30:48.611 [JavaFX Application Thread] DEBUG FXGLAssetLoaderServi - Loading from file system: jar:file:/C:/Users/thinh/.m2/repository/com/github/almasb/fxgl/11.17/fxgl-11.17.jar!/fxglassets/textures/fxgl_default_cursor.png
20:30:48.613 [JavaFX Application Thread] DEBUG Input                - Registered new binding: Screenshot - CTRL+8
20:30:48.613 [JavaFX Application Thread] DEBUG Input                - Registered new binding: System info dump - CTRL+9
20:30:48.613 [JavaFX Application Thread] DEBUG Input                - Registered new binding: Restart - CTRL+R
20:30:48.614 [JavaFX Application Thread] DEBUG Input                - Registered new binding: Toggle Debug Camera - CTRL+C
20:30:48.615 [JavaFX Application Thread] DEBUG LoopRunner           - Starting loop
20:30:48.615 [JavaFX Application Thread] DEBUG LoopRunner           - Initializing JavaFX AnimationTimerLoop
20:30:48.618 [JavaFX Application Thread] DEBUG Input                - Clearing active input actions
20:30:48.624 [JavaFX Application Thread] DEBUG GameApplicationServi - Removing overlay from FXGLStartupScene and adding to FXGLMainMenuDummyScene
20:30:48.624 [JavaFX Application Thread] DEBUG PrimaryStageWindow   - FXGLStartupScene -> FXGLMainMenuDummyScene
20:30:48.625 [JavaFX Application Thread] DEBUG PrimaryStageWindow   - Push state: BombermanMenu
20:30:48.625 [JavaFX Application Thread] DEBUG Input                - Clearing active input actions
20:30:48.629 [JavaFX Application Thread] DEBUG GameApplicationServi - Removing overlay from FXGLMainMenuDummyScene and adding to BombermanMenu
20:30:48.629 [JavaFX Application Thread] DEBUG PrimaryStageWindow   - FXGLMainMenuDummyScene -> BombermanMenu
20:30:48.629 [JavaFX Application Thread] DEBUG FXGLApplication      - Registering font factories with UI factory
20:30:50.104 [JavaFX Application Thread] DEBUG Menu                 - fireNewGame()
20:30:50.104 [JavaFX Application Thread] DEBUG GameApplicationServi - Starting new game
20:30:50.104 [JavaFX Application Thread] DEBUG PrimaryStageWindow   - Pop state: BombermanMenu
20:30:50.104 [JavaFX Application Thread] DEBUG Input                - Clearing active input actions
20:30:50.105 [JavaFX Application Thread] DEBUG GameApplicationServi - Removing overlay from BombermanMenu and adding to FXGLMainMenuDummyScene
20:30:50.105 [JavaFX Application Thread] DEBUG PrimaryStageWindow   - FXGLMainMenuDummyScene <- BombermanMenu
20:30:50.106 [JavaFX Application Thread] DEBUG Input                - Clearing active input actions
20:30:50.114 [JavaFX Application Thread] DEBUG GameApplicationServi - Removing overlay from FXGLMainMenuDummyScene and adding to FXGLLoadingScene
20:30:50.115 [JavaFX Application Thread] DEBUG PrimaryStageWindow   - FXGLMainMenuDummyScene -> FXGLLoadingScene
20:30:50.115 [JavaFX Application Thread] DEBUG GameApplicationServi - Clearing previous game
20:30:50.115 [JavaFX Application Thread] DEBUG GameScene            - Clearing game scene
20:30:50.115 [JavaFX Application Thread] DEBUG GameWorld            - Clearing game world
20:30:50.115 [JavaFX Application Thread] DEBUG PhysicsWorld         - Clearing physics world
20:30:50.117 [FXGL Background Thread 2 ] DEBUG FXGLApplication      - Initializing game
20:30:50.155 [FXGL Background Thread 2 ] WARN  TMXLevelLoader       - TiledMap generated from 1.7.2. Supported version: 1.2.3. Some features may not be parsed fully.
20:30:50.182 [FXGL Background Thread 2 ] DEBUG TMXLevelLoader       - Parsed TiledMap: file:/D:/Code/ProjectJavaFX/bomberman/Bomber/target/classes/assets/levels/bbm_level1.tmx
20:30:50.183 [FXGL Background Thread 2 ] DEBUG TMXLevelLoader       - Creating tile layer entities
20:30:50.186 [FXGL Background Thread 2 ] DEBUG TilesetLoader        - Loading view for layer Tile Layer 1
20:30:50.191 [FXGL Background Thread 2 ] DEBUG TilesetLoader        - Created buffer with size 1488.0x720.0
20:30:50.324 [FXGL Background Thread 2 ] DEBUG TMXLevelLoader       - Creating object layer entities
20:30:50.354 [FXGL Background Thread 2 ] DEBUG FXGLAssetLoaderServi - Loading from file system: file:/D:/Code/ProjectJavaFX/bomberman/Bomber/target/classes/assets/textures/player_die.png
20:30:50.357 [FXGL Background Thread 2 ] DEBUG FXGLAssetLoaderServi - Loading from file system: file:/D:/Code/ProjectJavaFX/bomberman/Bomber/target/classes/assets/textures/player_down.png
20:30:50.359 [FXGL Background Thread 2 ] DEBUG FXGLAssetLoaderServi - Loading from file system: file:/D:/Code/ProjectJavaFX/bomberman/Bomber/target/classes/assets/textures/player_right.png
20:30:50.360 [FXGL Background Thread 2 ] DEBUG FXGLAssetLoaderServi - Loading from file system: file:/D:/Code/ProjectJavaFX/bomberman/Bomber/target/classes/assets/textures/player_up.png
20:30:50.361 [FXGL Background Thread 2 ] DEBUG FXGLAssetLoaderServi - Loading from file system: file:/D:/Code/ProjectJavaFX/bomberman/Bomber/target/classes/assets/textures/player_left.png
20:30:50.366 [FXGL Background Thread 2 ] WARN  Entity               - Entity already has component: com.almasb.fxgl.physics.PhysicsComponent
20:30:50.367 [FXGL Background Thread 2 ] DEBUG FXGLAssetLoaderServi - Loading from file system: file:/D:/Code/ProjectJavaFX/bomberman/Bomber/target/classes/assets/textures/brick.png
20:30:50.392 [FXGL Background Thread 2 ] DEBUG FXGLAssetLoaderServi - Loading from file system: file:/D:/Code/ProjectJavaFX/bomberman/Bomber/target/classes/assets/textures/balloom.png
20:30:50.461 [FXGL Background Thread 2 ] DEBUG FXGLAssetLoaderServi - Loading from file system: file:/D:/Code/ProjectJavaFX/bomberman/Bomber/target/classes/assets/textures/powerup_speed.png
20:30:50.463 [FXGL Background Thread 2 ] DEBUG FXGLAssetLoaderServi - Loading from file system: file:/D:/Code/ProjectJavaFX/bomberman/Bomber/target/classes/assets/textures/powerup_flames.png
20:30:50.465 [FXGL Background Thread 2 ] DEBUG FXGLAssetLoaderServi - Loading from file system: file:/D:/Code/ProjectJavaFX/bomberman/Bomber/target/classes/assets/textures/powerup_bombs.png
20:30:50.467 [FXGL Background Thread 2 ] DEBUG FXGLAssetLoaderServi - Loading from file system: file:/D:/Code/ProjectJavaFX/bomberman/Bomber/target/classes/assets/textures/powerup_flamepass.png
20:30:50.473 [FXGL Background Thread 2 ] DEBUG FXGLAssetLoaderServi - Loading from file system: file:/D:/Code/ProjectJavaFX/bomberman/Bomber/target/classes/assets/textures/portal.png
20:30:50.475 [FXGL Background Thread 2 ] DEBUG GameWorld            - Clearing removable entities
20:30:50.476 [FXGL Background Thread 2 ] DEBUG GameWorld            - Setting level: com.almasb.fxgl.entity.level.Level@7c55718d
20:30:50.557 [FXGL Background Thread 2 ] INFO  FXGLApplication      - Game initialization took: 0.440 sec
20:30:50.570 [JavaFX Application Thread] DEBUG Input                - Clearing active input actions
20:30:50.594 [JavaFX Application Thread] DEBUG GameApplicationServi - Removing overlay from FXGLLoadingScene and adding to GameScene
20:30:50.595 [JavaFX Application Thread] DEBUG PrimaryStageWindow   - FXGLLoadingScene -> GameScene
20:30:51.395 [FXGL Background Thread 3 ] DEBUG Engine               - Logging environment variables
20:30:51.396 [FXGL Background Thread 3 ] DEBUG Engine               - achievements: []
20:30:51.396 [FXGL Background Thread 3 ] DEBUG Engine               - actualHeight: 720.0
20:30:51.396 [FXGL Background Thread 3 ] DEBUG Engine               - actualHeightProperty: ReadOnlyDoubleProperty [value: 720.0]
20:30:51.397 [FXGL Background Thread 3 ] DEBUG Engine               - actualWidth: 720.0
20:30:51.397 [FXGL Background Thread 3 ] DEBUG Engine               - actualWidthProperty: ReadOnlyDoubleProperty [value: 720.0]
20:30:51.397 [FXGL Background Thread 3 ] DEBUG Engine               - appIcon: fxgl_icon.png
20:30:51.397 [FXGL Background Thread 3 ] DEBUG Engine               - applicationMode: DEVELOPER
20:30:51.398 [FXGL Background Thread 3 ] DEBUG Engine               - cSSList: [fxgl_dark.css]
20:30:51.398 [FXGL Background Thread 3 ] DEBUG Engine               - collisionDetectionStrategy: BRUTE_FORCE
20:30:51.398 [FXGL Background Thread 3 ] DEBUG Engine               - configClass: Optional.empty
20:30:51.398 [FXGL Background Thread 3 ] DEBUG Engine               - credits: []
20:30:51.398 [FXGL Background Thread 3 ] DEBUG Engine               - defaultCursor: CursorInfo(imageName=fxgl_default_cursor.png, hotspotX=7.0, hotspotY=6.0)
20:30:51.399 [FXGL Background Thread 3 ] DEBUG Engine               - devBBoxColorProperty: ObjectProperty [value: 0xff0000ff]
20:30:51.399 [FXGL Background Thread 3 ] DEBUG Engine               - devEnableDebugCameraProperty: BooleanProperty [value: false]
20:30:51.400 [FXGL Background Thread 3 ] DEBUG Engine               - devSensorColorProperty: ObjectProperty [value: 0xffff00ff]
20:30:51.400 [FXGL Background Thread 3 ] DEBUG Engine               - devShowBBoxProperty: BooleanProperty [value: false]
20:30:51.400 [FXGL Background Thread 3 ] DEBUG Engine               - devShowPositionProperty: BooleanProperty [value: false]
20:30:51.400 [FXGL Background Thread 3 ] DEBUG Engine               - enabledMenuItems: []
20:30:51.401 [FXGL Background Thread 3 ] DEBUG Engine               - engineServices: [class com.almasb.fxgl.app.services.FXGLAssetLoaderService, class com.almasb.fxgl.app.FXGLApplication$GameApplicationService, class com.almasb.fxgl.app.services.FXGLDialogService, class com.almasb.fxgl.app.services.IOTaskExecutorService, class com.almasb.fxgl.io.FileSystemService, class com.almasb.fxgl.localization.LocalizationService, class com.almasb.fxgl.app.services.SystemBundleService, class com.almasb.fxgl.profile.SaveLoadService, class com.almasb.fxgl.ui.FXGLUIFactoryServiceProvider, class com.almasb.fxgl.ui.FXGLDialogFactoryServiceProvider, class com.almasb.fxgl.audio.AudioPlayer, class com.almasb.fxgl.notification.impl.NotificationServiceProvider, class com.almasb.fxgl.achievement.AchievementService, class com.almasb.fxgl.cutscene.CutsceneService, class com.almasb.fxgl.minigames.MiniGameService, class com.almasb.fxgl.net.NetService, class com.almasb.fxgl.app.services.UpdaterService, class com.almasb.fxgl.dev.DevService]
20:30:51.401 [FXGL Background Thread 3 ] DEBUG Engine               - fontGame: Abel-Regular.ttf
20:30:51.401 [FXGL Background Thread 3 ] DEBUG Engine               - fontMono: lucida_console.ttf
20:30:51.402 [FXGL Background Thread 3 ] DEBUG Engine               - fontText: Courier-Prime.ttf
20:30:51.402 [FXGL Background Thread 3 ] DEBUG Engine               - fontUI: Quinquefive-Ea6d4.ttf
20:30:51.403 [FXGL Background Thread 3 ] DEBUG Engine               - fullScreen: BooleanProperty [value: false]
20:30:51.403 [FXGL Background Thread 3 ] DEBUG Engine               - gameDifficulty: MEDIUM
20:30:51.404 [FXGL Background Thread 3 ] DEBUG Engine               - gameDifficultyProperty: ObjectProperty [value: MEDIUM]
20:30:51.404 [FXGL Background Thread 3 ] DEBUG Engine               - globalMusicVolume: 0.5
20:30:51.405 [FXGL Background Thread 3 ] DEBUG Engine               - globalMusicVolumeProperty: DoubleProperty [value: 0.1]
20:30:51.405 [FXGL Background Thread 3 ] DEBUG Engine               - globalSoundVolume: 0.5
20:30:51.406 [FXGL Background Thread 3 ] DEBUG Engine               - globalSoundVolumeProperty: DoubleProperty [value: 0.1]
20:30:51.406 [FXGL Background Thread 3 ] DEBUG Engine               - height: 720
20:30:51.406 [FXGL Background Thread 3 ] DEBUG Engine               - is3D: false
20:30:51.406 [FXGL Background Thread 3 ] DEBUG Engine               - isAndroid: false
20:30:51.406 [FXGL Background Thread 3 ] DEBUG Engine               - isBrowser: false
20:30:51.407 [FXGL Background Thread 3 ] DEBUG Engine               - isClickFeedbackEnabled: false
20:30:51.407 [FXGL Background Thread 3 ] DEBUG Engine               - isCloseConfirmation: false
20:30:51.407 [FXGL Background Thread 3 ] DEBUG Engine               - isDesktop: true
20:30:51.407 [FXGL Background Thread 3 ] DEBUG Engine               - isDeveloperMenuEnabled: false
20:30:51.407 [FXGL Background Thread 3 ] DEBUG Engine               - isEntityPreloadEnabled: true
20:30:51.408 [FXGL Background Thread 3 ] DEBUG Engine               - isExperimentalTiledLargeMap: false
20:30:51.408 [FXGL Background Thread 3 ] DEBUG Engine               - isFileSystemWriteAllowed: true
20:30:51.408 [FXGL Background Thread 3 ] DEBUG Engine               - isFullScreenAllowed: false
20:30:51.408 [FXGL Background Thread 3 ] DEBUG Engine               - isFullScreenFromStart: false
20:30:51.408 [FXGL Background Thread 3 ] DEBUG Engine               - isGameMenuEnabled: true
20:30:51.409 [FXGL Background Thread 3 ] DEBUG Engine               - isIOS: false
20:30:51.409 [FXGL Background Thread 3 ] DEBUG Engine               - isIntroEnabled: false
20:30:51.409 [FXGL Background Thread 3 ] DEBUG Engine               - isLinux: false
20:30:51.409 [FXGL Background Thread 3 ] DEBUG Engine               - isMac: false
20:30:51.410 [FXGL Background Thread 3 ] DEBUG Engine               - isMainMenuEnabled: true
20:30:51.410 [FXGL Background Thread 3 ] DEBUG Engine               - isManualResizeEnabled: true
20:30:51.411 [FXGL Background Thread 3 ] DEBUG Engine               - isMobile: false
20:30:51.411 [FXGL Background Thread 3 ] DEBUG Engine               - isNative: false
20:30:51.411 [FXGL Background Thread 3 ] DEBUG Engine               - isPauseMusicWhenMinimized: true
20:30:51.411 [FXGL Background Thread 3 ] DEBUG Engine               - isPreserveResizeRatio: true
20:30:51.411 [FXGL Background Thread 3 ] DEBUG Engine               - isProfilingEnabled: false
20:30:51.412 [FXGL Background Thread 3 ] DEBUG Engine               - isScaleAffectedOnResize: true
20:30:51.412 [FXGL Background Thread 3 ] DEBUG Engine               - isSingleStep: false
20:30:51.412 [FXGL Background Thread 3 ] DEBUG Engine               - isUserProfileEnabled: false
20:30:51.412 [FXGL Background Thread 3 ] DEBUG Engine               - isWindows: true
20:30:51.412 [FXGL Background Thread 3 ] DEBUG Engine               - language: ObjectProperty [value: ENGLISH]
20:30:51.413 [FXGL Background Thread 3 ] DEBUG Engine               - menuKey: ESCAPE
20:30:51.413 [FXGL Background Thread 3 ] DEBUG Engine               - mouseSensitivity: 0.2
20:30:51.413 [FXGL Background Thread 3 ] DEBUG Engine               - notificationViewClass: class com.almasb.fxgl.notification.view.XboxNotificationView
20:30:51.413 [FXGL Background Thread 3 ] DEBUG Engine               - pixelsPerMeter: 50.0
20:30:51.413 [FXGL Background Thread 3 ] DEBUG Engine               - platform: WINDOWS
20:30:51.414 [FXGL Background Thread 3 ] DEBUG Engine               - prefHeightProperty: ReadOnlyDoubleProperty [value: 720.0]
20:30:51.414 [FXGL Background Thread 3 ] DEBUG Engine               - prefWidthProperty: ReadOnlyDoubleProperty [value: 720.0]
20:30:51.414 [FXGL Background Thread 3 ] DEBUG Engine               - profileDir: profiles/
20:30:51.414 [FXGL Background Thread 3 ] DEBUG Engine               - profileName: StringProperty [value: DEFAULT]
20:30:51.414 [FXGL Background Thread 3 ] DEBUG Engine               - randomSeed: -1
20:30:51.415 [FXGL Background Thread 3 ] DEBUG Engine               - runtimeInfo: RuntimeInfo(platform=WINDOWS, version=11.17, build=16.07.2021 15.46)
20:30:51.415 [FXGL Background Thread 3 ] DEBUG Engine               - saveFileExt: sav
20:30:51.415 [FXGL Background Thread 3 ] DEBUG Engine               - scaledHeightProp$fxgl: DoubleProperty [bound, value: 720.0]
20:30:51.415 [FXGL Background Thread 3 ] DEBUG Engine               - scaledWidthProp$fxgl: DoubleProperty [bound, value: 720.0]
20:30:51.416 [FXGL Background Thread 3 ] DEBUG Engine               - sceneFactory: Bomber.BombermanApp$1@5ed4440e
20:30:51.416 [FXGL Background Thread 3 ] DEBUG Engine               - secondsIn24h: 60
20:30:51.416 [FXGL Background Thread 3 ] DEBUG Engine               - soundMenuBack: menu/back.wav
20:30:51.417 [FXGL Background Thread 3 ] DEBUG Engine               - soundMenuPress: menu/press.wav
20:30:51.417 [FXGL Background Thread 3 ] DEBUG Engine               - soundMenuSelect: menu/select.wav
20:30:51.417 [FXGL Background Thread 3 ] DEBUG Engine               - soundNotification: core/notification.wav
20:30:51.417 [FXGL Background Thread 3 ] DEBUG Engine               - stageStyle: DECORATED
20:30:51.417 [FXGL Background Thread 3 ] DEBUG Engine               - supportedLanguages: [ENGLISH, FRENCH, GERMAN, HUNGARIAN, RUSSIAN]
20:30:51.418 [FXGL Background Thread 3 ] DEBUG Engine               - ticksPerSecond: -1
20:30:51.418 [FXGL Background Thread 3 ] DEBUG Engine               - title: BOMBERMAN
20:30:51.418 [FXGL Background Thread 3 ] DEBUG Engine               - urlGithub: https://github.com/AlmasB/FXGL
20:30:51.419 [FXGL Background Thread 3 ] DEBUG Engine               - urlLeaderboard: http://fxgl-top.herokuapp.com/
20:30:51.419 [FXGL Background Thread 3 ] DEBUG Engine               - urlPOM: https://raw.githubusercontent.com/AlmasB/FXGL/release/README.md
20:30:51.419 [FXGL Background Thread 3 ] DEBUG Engine               - userAppClass: class Bomber.BombermanApp
20:30:51.420 [FXGL Background Thread 3 ] DEBUG Engine               - version: 1.0
20:30:51.420 [FXGL Background Thread 3 ] DEBUG Engine               - versionCheckDays: 7
20:30:51.420 [FXGL Background Thread 3 ] DEBUG Engine               - width: 720
20:30:51.420 [FXGL Background Thread 3 ] DEBUG Engine               - Logging services
20:30:51.421 [FXGL Background Thread 3 ] DEBUG Engine               - class com.almasb.fxgl.app.services.FXGLAssetLoaderService
20:30:51.421 [FXGL Background Thread 3 ] DEBUG Engine               - class com.almasb.fxgl.app.FXGLApplication$GameApplicationService
20:30:51.421 [FXGL Background Thread 3 ] DEBUG Engine               - class com.almasb.fxgl.app.services.FXGLDialogService
20:30:51.421 [FXGL Background Thread 3 ] DEBUG Engine               - class com.almasb.fxgl.app.services.IOTaskExecutorService
20:30:51.422 [FXGL Background Thread 3 ] DEBUG Engine               - class com.almasb.fxgl.io.FileSystemService
20:30:51.422 [FXGL Background Thread 3 ] DEBUG Engine               - class com.almasb.fxgl.localization.LocalizationService
20:30:51.422 [FXGL Background Thread 3 ] DEBUG Engine               - class com.almasb.fxgl.app.services.SystemBundleService
20:30:51.422 [FXGL Background Thread 3 ] DEBUG Engine               - class com.almasb.fxgl.profile.SaveLoadService
20:30:51.423 [FXGL Background Thread 3 ] DEBUG Engine               - class com.almasb.fxgl.ui.FXGLUIFactoryServiceProvider
20:30:51.423 [FXGL Background Thread 3 ] DEBUG Engine               - class com.almasb.fxgl.ui.FXGLDialogFactoryServiceProvider
20:30:51.423 [FXGL Background Thread 3 ] DEBUG Engine               - class com.almasb.fxgl.audio.AudioPlayer
20:30:51.423 [FXGL Background Thread 3 ] DEBUG Engine               - class com.almasb.fxgl.notification.impl.NotificationServiceProvider
20:30:51.423 [FXGL Background Thread 3 ] DEBUG Engine               - class com.almasb.fxgl.achievement.AchievementService
20:30:51.424 [FXGL Background Thread 3 ] DEBUG Engine               - class com.almasb.fxgl.cutscene.CutsceneService
20:30:51.424 [FXGL Background Thread 3 ] DEBUG Engine               - class com.almasb.fxgl.minigames.MiniGameService
20:30:51.424 [FXGL Background Thread 3 ] DEBUG Engine               - class com.almasb.fxgl.net.NetService
20:30:51.424 [FXGL Background Thread 3 ] DEBUG Engine               - class com.almasb.fxgl.app.services.UpdaterService
20:30:51.424 [FXGL Background Thread 3 ] DEBUG Engine               - class com.almasb.fxgl.dev.DevService
20:30:54.108 [JavaFX Application Thread] WARN  TMXLevelLoader       - TiledMap generated from 1.7.2. Supported version: 1.2.3. Some features may not be parsed fully.
20:30:54.119 [JavaFX Application Thread] DEBUG TMXLevelLoader       - Parsed TiledMap: file:/D:/Code/ProjectJavaFX/bomberman/Bomber/target/classes/assets/levels/bbm_level1.tmx
20:30:54.119 [JavaFX Application Thread] DEBUG TMXLevelLoader       - Creating tile layer entities
20:30:54.119 [JavaFX Application Thread] DEBUG TilesetLoader        - Loading view for layer Tile Layer 1
20:30:54.120 [JavaFX Application Thread] DEBUG TilesetLoader        - Created buffer with size 1488.0x720.0
20:30:54.190 [JavaFX Application Thread] DEBUG TMXLevelLoader       - Creating object layer entities
20:30:54.191 [JavaFX Application Thread] WARN  Entity               - Entity already has component: com.almasb.fxgl.physics.PhysicsComponent
20:30:54.225 [JavaFX Application Thread] DEBUG GameWorld            - Clearing removable entities
20:30:54.242 [JavaFX Application Thread] DEBUG GameWorld            - Setting level: com.almasb.fxgl.entity.level.Level@eed2fdd
20:31:03.115 [JavaFX Application Thread] DEBUG FXGLAssetLoaderServi - Loading from file system: file:/D:/Code/ProjectJavaFX/bomberman/Bomber/target/classes/assets/textures/bomb_ani.png
20:31:05.630 [JavaFX Application Thread] DEBUG FXGLAssetLoaderServi - Loading from file system: file:/D:/Code/ProjectJavaFX/bomberman/Bomber/target/classes/assets/textures/bomb_exploded_1.png
20:31:05.635 [JavaFX Application Thread] DEBUG FXGLAssetLoaderServi - Loading from file system: file:/D:/Code/ProjectJavaFX/bomberman/Bomber/target/classes/assets/textures/brick_break.png
20:31:05.901 [JavaFX Application Thread] WARN  TMXLevelLoader       - TiledMap generated from 1.7.2. Supported version: 1.2.3. Some features may not be parsed fully.
20:31:05.908 [JavaFX Application Thread] DEBUG TMXLevelLoader       - Parsed TiledMap: file:/D:/Code/ProjectJavaFX/bomberman/Bomber/target/classes/assets/levels/bbm_level1.tmx
20:31:05.908 [JavaFX Application Thread] DEBUG TMXLevelLoader       - Creating tile layer entities
20:31:05.908 [JavaFX Application Thread] DEBUG TilesetLoader        - Loading view for layer Tile Layer 1
20:31:05.910 [JavaFX Application Thread] DEBUG TilesetLoader        - Created buffer with size 1488.0x720.0
20:31:05.951 [JavaFX Application Thread] DEBUG TMXLevelLoader       - Creating object layer entities
20:31:05.953 [JavaFX Application Thread] WARN  Entity               - Entity already has component: com.almasb.fxgl.physics.PhysicsComponent
20:31:05.983 [JavaFX Application Thread] DEBUG GameWorld            - Clearing removable entities
20:31:05.993 [JavaFX Application Thread] DEBUG GameWorld            - Setting level: com.almasb.fxgl.entity.level.Level@4e3b2836
20:31:18.636 [JavaFX Application Thread] WARN  TMXLevelLoader       - TiledMap generated from 1.7.2. Supported version: 1.2.3. Some features may not be parsed fully.
20:31:18.645 [JavaFX Application Thread] DEBUG TMXLevelLoader       - Parsed TiledMap: file:/D:/Code/ProjectJavaFX/bomberman/Bomber/target/classes/assets/levels/bbm_level1.tmx
20:31:18.645 [JavaFX Application Thread] DEBUG TMXLevelLoader       - Creating tile layer entities
20:31:18.645 [JavaFX Application Thread] DEBUG TilesetLoader        - Loading view for layer Tile Layer 1
20:31:18.647 [JavaFX Application Thread] DEBUG TilesetLoader        - Created buffer with size 1488.0x720.0
20:31:18.687 [JavaFX Application Thread] DEBUG TMXLevelLoader       - Creating object layer entities
20:31:18.689 [JavaFX Application Thread] WARN  Entity               - Entity already has component: com.almasb.fxgl.physics.PhysicsComponent
20:31:18.708 [JavaFX Application Thread] DEBUG GameWorld            - Clearing removable entities
20:31:18.715 [JavaFX Application Thread] DEBUG GameWorld            - Setting level: com.almasb.fxgl.entity.level.Level@d9e9884
20:31:19.145 [JavaFX Application Thread] DEBUG LoopRunner           - Stopping loop
20:31:19.146 [JavaFX Application Thread] FATAL FXGLApplication      - Uncaught Exception:
java.lang.IllegalArgumentException: Component BalloomComponent not found!
	at com.almasb.fxgl.entity.Entity.getComponent(Entity.java:369)
	at Bomber.BombermanApp.lambda$initPhysics$7(BombermanApp.java:235)
	at com.almasb.fxgl.time.TimerAction.update(TimerAction.kt:69)
	at com.almasb.fxgl.time.Timer.update(Timer.kt:38)
	at com.almasb.fxgl.scene.Scene.update(Scene.kt:104)
	at com.almasb.fxgl.app.MainWindow$update$1.invoke(MainWindow.kt:110)
	at com.almasb.fxgl.app.MainWindow$update$1.invoke(MainWindow.kt:110)
	at com.almasb.fxgl.core.fsm.StateMachine.runOnActiveStates(StateMachine.kt:69)
	at com.almasb.fxgl.app.MainWindow.update(MainWindow.kt:110)
	at com.almasb.fxgl.app.FXGLApplication$GameApplicationService.onUpdate(FXGLApplication.kt:426)
	at com.almasb.fxgl.app.Engine.loop(Engine.kt:133)
	at com.almasb.fxgl.app.Engine.access$loop(Engine.kt:24)
	at com.almasb.fxgl.app.Engine$loop$1.invoke(Engine.kt:28)
	at com.almasb.fxgl.app.Engine$loop$1.invoke(Engine.kt:28)
	at com.almasb.fxgl.app.LoopRunner.frame(LoopRunner.kt:103)
	at com.almasb.fxgl.app.LoopRunner.access$frame(LoopRunner.kt:23)
	at com.almasb.fxgl.app.LoopRunner$impl$2$1.onTick(LoopRunner.kt:57)
	at com.almasb.fxgl.app.AnimationTimerLoop$timer$1.handle(LoopRunner.kt:137)
	at javafx.animation.AnimationTimer$AnimationTimerReceiver.lambda$handle$0(AnimationTimer.java:57)
	at java.base/java.security.AccessController.doPrivileged(AccessController.java:399)
	at javafx.animation.AnimationTimer$AnimationTimerReceiver.handle(AnimationTimer.java:56)
	at com.sun.scenario.animation.AbstractPrimaryTimer.timePulseImpl(AbstractPrimaryTimer.java:356)
	at com.sun.scenario.animation.AbstractPrimaryTimer$MainLoop.run(AbstractPrimaryTimer.java:266)
	at com.sun.javafx.tk.quantum.QuantumToolkit.pulse(QuantumToolkit.java:559)
	at com.sun.javafx.tk.quantum.QuantumToolkit.pulse(QuantumToolkit.java:543)
	at com.sun.javafx.tk.quantum.QuantumToolkit.pulseFromQueue(QuantumToolkit.java:536)
	at com.sun.javafx.tk.quantum.QuantumToolkit.lambda$runToolkit$11(QuantumToolkit.java:342)
	at com.sun.glass.ui.InvokeLaterDispatcher$Future.run(InvokeLaterDispatcher.java:96)
	at com.sun.glass.ui.win.WinApplication._runLoop(Native Method)
	at com.sun.glass.ui.win.WinApplication.lambda$runLoop$3(WinApplication.java:174)
	at java.base/java.lang.Thread.run(Thread.java:833)

20:31:19.146 [JavaFX Application Thread] FATAL FXGLApplication      - Application will now exit
20:31:19.163 [JavaFX Application Thread] DEBUG PrimaryStageWindow   - Push state: ErrorSubScene
20:31:19.163 [JavaFX Application Thread] DEBUG Input                - Clearing active input actions
20:31:19.165 [JavaFX Application Thread] DEBUG GameApplicationServi - Removing overlay from GameScene and adding to ErrorSubScene
20:31:19.165 [JavaFX Application Thread] DEBUG PrimaryStageWindow   - GameScene -> ErrorSubScene
20:31:31.951 [JavaFX Application Thread] DEBUG FXGLApplication      - Exiting FXGL
20:31:31.951 [JavaFX Application Thread] DEBUG Async                - Shutting down background threads
20:31:31.951 [JavaFX Application Thread] DEBUG PrimaryStageWindow   - Closing main window
20:31:31.964 [JavaFX Application Thread] DEBUG Logger               - Closing Logger
