15:05:02.408 [main                     ] DEBUG Logger               - Configured Logger
15:05:02.408 [main                     ] DEBUG GameApplication      - Logging settings
Title: BOMBERMAN
Version: 1.0
Width: 720
Height: 720
Fullscreen: false
Intro: false
Profiling: false
Single step:false
App Mode: DEVELOPER
Menu Key: ESCAPE
Stage Style: DECORATED
Scene Factory: class Bomber.BombermanApp$1

15:05:02.754 [JavaFX Application Thread] DEBUG FXGLApplication      - Initializing FXGL
15:05:02.757 [JavaFX Application Thread] INFO  Engine               - FXGL-11.17 (16.07.2021 15.46) on WINDOWS (J:17.0.1 FX:16)
15:05:02.757 [JavaFX Application Thread] DEBUG Engine               - JRE Vendor Name: Oracle Corporation
15:05:02.757 [JavaFX Application Thread] DEBUG Engine               - Running on OS: Windows 10 version 10.0
15:05:02.757 [JavaFX Application Thread] DEBUG Engine               - Architecture: amd64
15:05:02.758 [JavaFX Application Thread] INFO  Engine               - Source code and latest versions at: https://github.com/AlmasB/FXGL
15:05:02.758 [JavaFX Application Thread] INFO  Engine               -              Join the FXGL chat at: https://gitter.im/AlmasB/FXGL
15:05:02.862 [JavaFX Application Thread] DEBUG PrimaryStageWindow   - Creating a JavaFX scene
15:05:02.897 [JavaFX Application Thread] DEBUG PrimaryStageWindow   - Target settings size: 720.0 x 720.0
15:05:02.897 [JavaFX Application Thread] DEBUG PrimaryStageWindow   - Scaled scene size:    720.0 x 720.0
15:05:02.898 [JavaFX Application Thread] DEBUG PrimaryStageWindow   - Scaled ratio: (1.0, 1.0)
15:05:02.898 [JavaFX Application Thread] DEBUG PrimaryStageWindow   - Set initial scene to FXGLStartupScene
15:05:02.905 [JavaFX Application Thread] DEBUG PrimaryStageWindow   - Opening main window
15:05:02.992 [JavaFX Application Thread] DEBUG PrimaryStageWindow   - Window border size: (14.4000244140625, 37.5999755859375)
15:05:02.992 [JavaFX Application Thread] DEBUG PrimaryStageWindow   - Scaled size: 720.0 x 720.0
15:05:02.992 [JavaFX Application Thread] DEBUG PrimaryStageWindow   - Scaled ratio: (1.0, 1.0)
15:05:02.993 [JavaFX Application Thread] DEBUG PrimaryStageWindow   - Scene size: 720.0 x 720.0
15:05:02.993 [JavaFX Application Thread] DEBUG PrimaryStageWindow   - Stage size: 734.4000244140625 x 757.5999755859375
15:05:03.006 [FXGL Background Thread 1 ] DEBUG Engine               - Initializing environment variables
15:05:03.080 [FXGL Background Thread 1 ] DEBUG FXGLAssetLoaderServi - User app class for loading assets: class Bomber.BombermanApp
15:05:03.080 [FXGL Background Thread 1 ] DEBUG GameApplicationServi - Applying CSS: fxgl_dark.css
15:05:03.081 [FXGL Background Thread 1 ] DEBUG FXGLAssetLoaderServi - Loading from file system: jar:file:/C:/Users/thinh/.m2/repository/com/github/almasb/fxgl/11.17/fxgl-11.17.jar!/fxglassets/ui/css/fxgl_dark.css
15:05:03.155 [FXGL Background Thread 1 ] DEBUG GameApplicationServi - Initializing application scenes
15:05:03.221 [FXGL Background Thread 1 ] DEBUG GameWorld            - Game world initialized
15:05:03.303 [FXGL Background Thread 1 ] DEBUG PhysicsWorld         - Physics world initialized: appHeight=720, physics.ppm=50.0
15:05:03.303 [FXGL Background Thread 1 ] DEBUG PhysicsWorld         - Using strategy: BRUTE_FORCE
15:05:03.306 [FXGL Background Thread 1 ] DEBUG GameScene            - Game scene initialized: 720x720
15:05:03.396 [FXGL Background Thread 1 ] DEBUG GameApplicationServi - Application scenes initialized
15:05:03.413 [FXGL Background Thread 1 ] DEBUG SystemBundleService  - Loading FXGL system data
15:05:03.420 [FXGL Background Thread 1 ] DEBUG FileSystemAccess     - Reading from: D:\Code\ProjectJavaFX\bomberman\Bomber\system\fxgl.bundle
15:05:03.427 [FXGL Background Thread 1 ] DEBUG SystemBundleService  - Bundle FXGL: {}
15:05:03.427 [FXGL Background Thread 1 ] DEBUG UpdaterService       - Checking for updates
15:05:03.436 [FXGL Background Thread 4 ] DEBUG FXGLApplication      - Loading fonts
15:05:03.437 [FXGL Background Thread 4 ] DEBUG FXGLAssetLoaderServi - Loading from file system: file:/D:/Code/ProjectJavaFX/bomberman/Bomber/target/classes/assets/ui/fonts/Quinquefive-Ea6d4.ttf
15:05:03.437 [FXGL Background Thread 1 ] DEBUG FXGLApplication      - Loading default localization
15:05:03.437 [FXGL Background Thread 1 ] DEBUG FXGLAssetLoaderServi - Loading from file system: jar:file:/C:/Users/thinh/.m2/repository/com/github/almasb/fxgl/11.17/fxgl-11.17.jar!/fxglassets/languages/english.lang
15:05:03.458 [FXGL Background Thread 1 ] INFO  FXGLApplication      - FXGL initialization took: 0.452 sec
15:05:03.471 [JavaFX Application Thread] DEBUG Input                - Registered new binding: Move Up - W
15:05:03.472 [JavaFX Application Thread] DEBUG Input                - Registered new binding: Move Down - S
15:05:03.472 [JavaFX Application Thread] DEBUG Input                - Registered new binding: Move Left - A
15:05:03.472 [JavaFX Application Thread] DEBUG Input                - Registered new binding: Move Right - D
15:05:03.472 [JavaFX Application Thread] DEBUG Input                - Registered new binding: Place Bomb - Space
15:05:03.472 [JavaFX Application Thread] DEBUG FXGLAssetLoaderServi - Loading from file system: file:/D:/Code/ProjectJavaFX/bomberman/Bomber/target/classes/assets/music/title_screen.mp3
15:05:03.536 [FXGL Background Thread 4 ] DEBUG FXGLAssetLoaderServi - Loading from file system: jar:file:/C:/Users/thinh/.m2/repository/com/github/almasb/fxgl/11.17/fxgl-11.17.jar!/fxglassets/ui/fonts/Abel-Regular.ttf
15:05:03.553 [FXGL Background Thread 4 ] DEBUG FXGLAssetLoaderServi - Loading from file system: jar:file:/C:/Users/thinh/.m2/repository/com/github/almasb/fxgl/11.17/fxgl-11.17.jar!/fxglassets/ui/fonts/lucida_console.ttf
15:05:03.571 [FXGL Background Thread 4 ] DEBUG FXGLAssetLoaderServi - Loading from file system: jar:file:/C:/Users/thinh/.m2/repository/com/github/almasb/fxgl/11.17/fxgl-11.17.jar!/fxglassets/ui/fonts/Courier-Prime.ttf
15:05:03.640 [JavaFX Application Thread] DEBUG AudioPlayer          - Playing music com.almasb.fxgl.audio.Music@2a178d91
15:05:03.641 [JavaFX Application Thread] DEBUG FXGLAssetLoaderServi - Loading from file system: jar:file:/C:/Users/thinh/.m2/repository/com/github/almasb/fxgl/11.17/fxgl-11.17.jar!/fxglassets/textures/fxgl_icon.png
15:05:03.676 [JavaFX Application Thread] DEBUG FXGLAssetLoaderServi - Loading from file system: jar:file:/C:/Users/thinh/.m2/repository/com/github/almasb/fxgl/11.17/fxgl-11.17.jar!/fxglassets/textures/fxgl_default_cursor.png
15:05:03.678 [JavaFX Application Thread] DEBUG Input                - Registered new binding: Screenshot - CTRL+8
15:05:03.678 [JavaFX Application Thread] DEBUG Input                - Registered new binding: System info dump - CTRL+9
15:05:03.679 [JavaFX Application Thread] DEBUG Input                - Registered new binding: Restart - CTRL+R
15:05:03.679 [JavaFX Application Thread] DEBUG Input                - Registered new binding: Toggle Debug Camera - CTRL+C
15:05:03.681 [JavaFX Application Thread] DEBUG LoopRunner           - Starting loop
15:05:03.682 [JavaFX Application Thread] DEBUG LoopRunner           - Initializing JavaFX AnimationTimerLoop
15:05:03.684 [JavaFX Application Thread] DEBUG Input                - Clearing active input actions
15:05:03.688 [JavaFX Application Thread] DEBUG GameApplicationServi - Removing overlay from FXGLStartupScene and adding to FXGLMainMenuDummyScene
15:05:03.688 [JavaFX Application Thread] DEBUG PrimaryStageWindow   - FXGLStartupScene -> FXGLMainMenuDummyScene
15:05:03.689 [JavaFX Application Thread] DEBUG PrimaryStageWindow   - Push state: BombermanMenu
15:05:03.689 [JavaFX Application Thread] DEBUG Input                - Clearing active input actions
15:05:03.692 [JavaFX Application Thread] DEBUG GameApplicationServi - Removing overlay from FXGLMainMenuDummyScene and adding to BombermanMenu
15:05:03.692 [JavaFX Application Thread] DEBUG PrimaryStageWindow   - FXGLMainMenuDummyScene -> BombermanMenu
15:05:03.693 [JavaFX Application Thread] DEBUG FXGLApplication      - Registering font factories with UI factory
15:05:05.542 [JavaFX Application Thread] DEBUG Menu                 - fireNewGame()
15:05:05.543 [JavaFX Application Thread] DEBUG GameApplicationServi - Starting new game
15:05:05.543 [JavaFX Application Thread] DEBUG PrimaryStageWindow   - Pop state: BombermanMenu
15:05:05.543 [JavaFX Application Thread] DEBUG Input                - Clearing active input actions
15:05:05.543 [JavaFX Application Thread] DEBUG GameApplicationServi - Removing overlay from BombermanMenu and adding to FXGLMainMenuDummyScene
15:05:05.543 [JavaFX Application Thread] DEBUG PrimaryStageWindow   - FXGLMainMenuDummyScene <- BombermanMenu
15:05:05.544 [JavaFX Application Thread] DEBUG Input                - Clearing active input actions
15:05:05.550 [JavaFX Application Thread] DEBUG GameApplicationServi - Removing overlay from FXGLMainMenuDummyScene and adding to FXGLLoadingScene
15:05:05.550 [JavaFX Application Thread] DEBUG PrimaryStageWindow   - FXGLMainMenuDummyScene -> FXGLLoadingScene
15:05:05.550 [JavaFX Application Thread] DEBUG GameApplicationServi - Clearing previous game
15:05:05.550 [JavaFX Application Thread] DEBUG GameScene            - Clearing game scene
15:05:05.550 [JavaFX Application Thread] DEBUG GameWorld            - Clearing game world
15:05:05.550 [JavaFX Application Thread] DEBUG PhysicsWorld         - Clearing physics world
15:05:05.552 [FXGL Background Thread 2 ] DEBUG FXGLApplication      - Initializing game
15:05:05.603 [FXGL Background Thread 2 ] WARN  TMXLevelLoader       - TiledMap generated from 1.7.2. Supported version: 1.2.3. Some features may not be parsed fully.
15:05:05.627 [FXGL Background Thread 2 ] DEBUG TMXLevelLoader       - Parsed TiledMap: file:/D:/Code/ProjectJavaFX/bomberman/Bomber/target/classes/assets/levels/bbm_level1.tmx
15:05:05.628 [FXGL Background Thread 2 ] DEBUG TMXLevelLoader       - Creating tile layer entities
15:05:05.629 [FXGL Background Thread 2 ] DEBUG TilesetLoader        - Loading view for layer Tile Layer 1
15:05:05.637 [FXGL Background Thread 2 ] DEBUG TilesetLoader        - Created buffer with size 1488.0x720.0
15:05:05.804 [FXGL Background Thread 2 ] DEBUG TMXLevelLoader       - Creating object layer entities
15:05:05.848 [FXGL Background Thread 2 ] DEBUG FXGLAssetLoaderServi - Loading from file system: file:/D:/Code/ProjectJavaFX/bomberman/Bomber/target/classes/assets/textures/player_die.png
15:05:05.850 [FXGL Background Thread 2 ] DEBUG FXGLAssetLoaderServi - Loading from file system: file:/D:/Code/ProjectJavaFX/bomberman/Bomber/target/classes/assets/textures/player_down.png
15:05:05.853 [FXGL Background Thread 2 ] DEBUG FXGLAssetLoaderServi - Loading from file system: file:/D:/Code/ProjectJavaFX/bomberman/Bomber/target/classes/assets/textures/player_right.png
15:05:05.856 [FXGL Background Thread 2 ] DEBUG FXGLAssetLoaderServi - Loading from file system: file:/D:/Code/ProjectJavaFX/bomberman/Bomber/target/classes/assets/textures/player_up.png
15:05:05.857 [FXGL Background Thread 2 ] DEBUG FXGLAssetLoaderServi - Loading from file system: file:/D:/Code/ProjectJavaFX/bomberman/Bomber/target/classes/assets/textures/player_left.png
15:05:05.859 [FXGL Background Thread 2 ] WARN  Entity               - Entity already has component: com.almasb.fxgl.physics.PhysicsComponent
15:05:05.860 [FXGL Background Thread 2 ] DEBUG FXGLAssetLoaderServi - Loading from file system: file:/D:/Code/ProjectJavaFX/bomberman/Bomber/target/classes/assets/textures/brick.png
15:05:05.899 [FXGL Background Thread 2 ] DEBUG FXGLAssetLoaderServi - Loading from file system: file:/D:/Code/ProjectJavaFX/bomberman/Bomber/target/classes/assets/textures/powerup_speed.png
15:05:05.906 [FXGL Background Thread 2 ] DEBUG FXGLAssetLoaderServi - Loading from file system: file:/D:/Code/ProjectJavaFX/bomberman/Bomber/target/classes/assets/textures/powerup_flames.png
15:05:05.908 [FXGL Background Thread 2 ] DEBUG FXGLAssetLoaderServi - Loading from file system: file:/D:/Code/ProjectJavaFX/bomberman/Bomber/target/classes/assets/textures/powerup_bombs.png
15:05:05.910 [FXGL Background Thread 2 ] DEBUG FXGLAssetLoaderServi - Loading from file system: file:/D:/Code/ProjectJavaFX/bomberman/Bomber/target/classes/assets/textures/powerup_flamepass.png
15:05:05.913 [FXGL Background Thread 2 ] DEBUG FXGLAssetLoaderServi - Loading from file system: file:/D:/Code/ProjectJavaFX/bomberman/Bomber/target/classes/assets/textures/portal.png
15:05:05.915 [FXGL Background Thread 2 ] DEBUG GameWorld            - Clearing removable entities
15:05:05.916 [FXGL Background Thread 2 ] DEBUG GameWorld            - Setting level: com.almasb.fxgl.entity.level.Level@5c4e7862
15:05:05.983 [FXGL Background Thread 2 ] INFO  FXGLApplication      - Game initialization took: 0.431 sec
15:05:05.986 [JavaFX Application Thread] DEBUG Input                - Clearing active input actions
15:05:06.001 [JavaFX Application Thread] DEBUG GameApplicationServi - Removing overlay from FXGLLoadingScene and adding to GameScene
15:05:06.001 [JavaFX Application Thread] DEBUG PrimaryStageWindow   - FXGLLoadingScene -> GameScene
15:05:06.435 [FXGL Background Thread 3 ] DEBUG Engine               - Logging environment variables
15:05:06.435 [FXGL Background Thread 3 ] DEBUG Engine               - achievements: []
15:05:06.435 [FXGL Background Thread 3 ] DEBUG Engine               - actualHeight: 720.0
15:05:06.435 [FXGL Background Thread 3 ] DEBUG Engine               - actualHeightProperty: ReadOnlyDoubleProperty [value: 720.0]
15:05:06.435 [FXGL Background Thread 3 ] DEBUG Engine               - actualWidth: 720.0
15:05:06.436 [FXGL Background Thread 3 ] DEBUG Engine               - actualWidthProperty: ReadOnlyDoubleProperty [value: 720.0]
15:05:06.436 [FXGL Background Thread 3 ] DEBUG Engine               - appIcon: fxgl_icon.png
15:05:06.436 [FXGL Background Thread 3 ] DEBUG Engine               - applicationMode: DEVELOPER
15:05:06.436 [FXGL Background Thread 3 ] DEBUG Engine               - cSSList: [fxgl_dark.css]
15:05:06.436 [FXGL Background Thread 3 ] DEBUG Engine               - collisionDetectionStrategy: BRUTE_FORCE
15:05:06.436 [FXGL Background Thread 3 ] DEBUG Engine               - configClass: Optional.empty
15:05:06.436 [FXGL Background Thread 3 ] DEBUG Engine               - credits: []
15:05:06.436 [FXGL Background Thread 3 ] DEBUG Engine               - defaultCursor: CursorInfo(imageName=fxgl_default_cursor.png, hotspotX=7.0, hotspotY=6.0)
15:05:06.436 [FXGL Background Thread 3 ] DEBUG Engine               - devBBoxColorProperty: ObjectProperty [value: 0xff0000ff]
15:05:06.437 [FXGL Background Thread 3 ] DEBUG Engine               - devEnableDebugCameraProperty: BooleanProperty [value: false]
15:05:06.437 [FXGL Background Thread 3 ] DEBUG Engine               - devSensorColorProperty: ObjectProperty [value: 0xffff00ff]
15:05:06.437 [FXGL Background Thread 3 ] DEBUG Engine               - devShowBBoxProperty: BooleanProperty [value: false]
15:05:06.437 [FXGL Background Thread 3 ] DEBUG Engine               - devShowPositionProperty: BooleanProperty [value: false]
15:05:06.437 [FXGL Background Thread 3 ] DEBUG Engine               - enabledMenuItems: []
15:05:06.438 [FXGL Background Thread 3 ] DEBUG Engine               - engineServices: [class com.almasb.fxgl.app.services.FXGLAssetLoaderService, class com.almasb.fxgl.app.FXGLApplication$GameApplicationService, class com.almasb.fxgl.app.services.FXGLDialogService, class com.almasb.fxgl.app.services.IOTaskExecutorService, class com.almasb.fxgl.io.FileSystemService, class com.almasb.fxgl.localization.LocalizationService, class com.almasb.fxgl.app.services.SystemBundleService, class com.almasb.fxgl.profile.SaveLoadService, class com.almasb.fxgl.ui.FXGLUIFactoryServiceProvider, class com.almasb.fxgl.ui.FXGLDialogFactoryServiceProvider, class com.almasb.fxgl.audio.AudioPlayer, class com.almasb.fxgl.notification.impl.NotificationServiceProvider, class com.almasb.fxgl.achievement.AchievementService, class com.almasb.fxgl.cutscene.CutsceneService, class com.almasb.fxgl.minigames.MiniGameService, class com.almasb.fxgl.net.NetService, class com.almasb.fxgl.app.services.UpdaterService, class com.almasb.fxgl.dev.DevService]
15:05:06.438 [FXGL Background Thread 3 ] DEBUG Engine               - fontGame: Abel-Regular.ttf
15:05:06.438 [FXGL Background Thread 3 ] DEBUG Engine               - fontMono: lucida_console.ttf
15:05:06.438 [FXGL Background Thread 3 ] DEBUG Engine               - fontText: Courier-Prime.ttf
15:05:06.438 [FXGL Background Thread 3 ] DEBUG Engine               - fontUI: Quinquefive-Ea6d4.ttf
15:05:06.438 [FXGL Background Thread 3 ] DEBUG Engine               - fullScreen: BooleanProperty [value: false]
15:05:06.438 [FXGL Background Thread 3 ] DEBUG Engine               - gameDifficulty: MEDIUM
15:05:06.438 [FXGL Background Thread 3 ] DEBUG Engine               - gameDifficultyProperty: ObjectProperty [value: MEDIUM]
15:05:06.439 [FXGL Background Thread 3 ] DEBUG Engine               - globalMusicVolume: 0.5
15:05:06.439 [FXGL Background Thread 3 ] DEBUG Engine               - globalMusicVolumeProperty: DoubleProperty [value: 0.1]
15:05:06.439 [FXGL Background Thread 3 ] DEBUG Engine               - globalSoundVolume: 0.5
15:05:06.439 [FXGL Background Thread 3 ] DEBUG Engine               - globalSoundVolumeProperty: DoubleProperty [value: 0.1]
15:05:06.439 [FXGL Background Thread 3 ] DEBUG Engine               - height: 720
15:05:06.439 [FXGL Background Thread 3 ] DEBUG Engine               - is3D: false
15:05:06.439 [FXGL Background Thread 3 ] DEBUG Engine               - isAndroid: false
15:05:06.439 [FXGL Background Thread 3 ] DEBUG Engine               - isBrowser: false
15:05:06.439 [FXGL Background Thread 3 ] DEBUG Engine               - isClickFeedbackEnabled: false
15:05:06.440 [FXGL Background Thread 3 ] DEBUG Engine               - isCloseConfirmation: false
15:05:06.440 [FXGL Background Thread 3 ] DEBUG Engine               - isDesktop: true
15:05:06.440 [FXGL Background Thread 3 ] DEBUG Engine               - isDeveloperMenuEnabled: false
15:05:06.440 [FXGL Background Thread 3 ] DEBUG Engine               - isEntityPreloadEnabled: true
15:05:06.440 [FXGL Background Thread 3 ] DEBUG Engine               - isExperimentalTiledLargeMap: false
15:05:06.440 [FXGL Background Thread 3 ] DEBUG Engine               - isFileSystemWriteAllowed: true
15:05:06.440 [FXGL Background Thread 3 ] DEBUG Engine               - isFullScreenAllowed: false
15:05:06.440 [FXGL Background Thread 3 ] DEBUG Engine               - isFullScreenFromStart: false
15:05:06.441 [FXGL Background Thread 3 ] DEBUG Engine               - isGameMenuEnabled: true
15:05:06.441 [FXGL Background Thread 3 ] DEBUG Engine               - isIOS: false
15:05:06.441 [FXGL Background Thread 3 ] DEBUG Engine               - isIntroEnabled: false
15:05:06.441 [FXGL Background Thread 3 ] DEBUG Engine               - isLinux: false
15:05:06.441 [FXGL Background Thread 3 ] DEBUG Engine               - isMac: false
15:05:06.441 [FXGL Background Thread 3 ] DEBUG Engine               - isMainMenuEnabled: true
15:05:06.441 [FXGL Background Thread 3 ] DEBUG Engine               - isManualResizeEnabled: true
15:05:06.441 [FXGL Background Thread 3 ] DEBUG Engine               - isMobile: false
15:05:06.441 [FXGL Background Thread 3 ] DEBUG Engine               - isNative: false
15:05:06.441 [FXGL Background Thread 3 ] DEBUG Engine               - isPauseMusicWhenMinimized: true
15:05:06.441 [FXGL Background Thread 3 ] DEBUG Engine               - isPreserveResizeRatio: true
15:05:06.441 [FXGL Background Thread 3 ] DEBUG Engine               - isProfilingEnabled: false
15:05:06.441 [FXGL Background Thread 3 ] DEBUG Engine               - isScaleAffectedOnResize: true
15:05:06.441 [FXGL Background Thread 3 ] DEBUG Engine               - isSingleStep: false
15:05:06.442 [FXGL Background Thread 3 ] DEBUG Engine               - isUserProfileEnabled: false
15:05:06.442 [FXGL Background Thread 3 ] DEBUG Engine               - isWindows: true
15:05:06.442 [FXGL Background Thread 3 ] DEBUG Engine               - language: ObjectProperty [value: ENGLISH]
15:05:06.442 [FXGL Background Thread 3 ] DEBUG Engine               - menuKey: ESCAPE
15:05:06.442 [FXGL Background Thread 3 ] DEBUG Engine               - mouseSensitivity: 0.2
15:05:06.442 [FXGL Background Thread 3 ] DEBUG Engine               - notificationViewClass: class com.almasb.fxgl.notification.view.XboxNotificationView
15:05:06.442 [FXGL Background Thread 3 ] DEBUG Engine               - pixelsPerMeter: 50.0
15:05:06.442 [FXGL Background Thread 3 ] DEBUG Engine               - platform: WINDOWS
15:05:06.442 [FXGL Background Thread 3 ] DEBUG Engine               - prefHeightProperty: ReadOnlyDoubleProperty [value: 720.0]
15:05:06.442 [FXGL Background Thread 3 ] DEBUG Engine               - prefWidthProperty: ReadOnlyDoubleProperty [value: 720.0]
15:05:06.442 [FXGL Background Thread 3 ] DEBUG Engine               - profileDir: profiles/
15:05:06.443 [FXGL Background Thread 3 ] DEBUG Engine               - profileName: StringProperty [value: DEFAULT]
15:05:06.443 [FXGL Background Thread 3 ] DEBUG Engine               - randomSeed: -1
15:05:06.443 [FXGL Background Thread 3 ] DEBUG Engine               - runtimeInfo: RuntimeInfo(platform=WINDOWS, version=11.17, build=16.07.2021 15.46)
15:05:06.443 [FXGL Background Thread 3 ] DEBUG Engine               - saveFileExt: sav
15:05:06.443 [FXGL Background Thread 3 ] DEBUG Engine               - scaledHeightProp$fxgl: DoubleProperty [bound, value: 720.0]
15:05:06.443 [FXGL Background Thread 3 ] DEBUG Engine               - scaledWidthProp$fxgl: DoubleProperty [bound, value: 720.0]
15:05:06.443 [FXGL Background Thread 3 ] DEBUG Engine               - sceneFactory: Bomber.BombermanApp$1@6ce40c3f
15:05:06.443 [FXGL Background Thread 3 ] DEBUG Engine               - secondsIn24h: 60
15:05:06.443 [FXGL Background Thread 3 ] DEBUG Engine               - soundMenuBack: menu/back.wav
15:05:06.443 [FXGL Background Thread 3 ] DEBUG Engine               - soundMenuPress: menu/press.wav
15:05:06.443 [FXGL Background Thread 3 ] DEBUG Engine               - soundMenuSelect: menu/select.wav
15:05:06.443 [FXGL Background Thread 3 ] DEBUG Engine               - soundNotification: core/notification.wav
15:05:06.444 [FXGL Background Thread 3 ] DEBUG Engine               - stageStyle: DECORATED
15:05:06.444 [FXGL Background Thread 3 ] DEBUG Engine               - supportedLanguages: [ENGLISH, FRENCH, GERMAN, HUNGARIAN, RUSSIAN]
15:05:06.444 [FXGL Background Thread 3 ] DEBUG Engine               - ticksPerSecond: -1
15:05:06.444 [FXGL Background Thread 3 ] DEBUG Engine               - title: BOMBERMAN
15:05:06.444 [FXGL Background Thread 3 ] DEBUG Engine               - urlGithub: https://github.com/AlmasB/FXGL
15:05:06.444 [FXGL Background Thread 3 ] DEBUG Engine               - urlLeaderboard: http://fxgl-top.herokuapp.com/
15:05:06.444 [FXGL Background Thread 3 ] DEBUG Engine               - urlPOM: https://raw.githubusercontent.com/AlmasB/FXGL/release/README.md
15:05:06.444 [FXGL Background Thread 3 ] DEBUG Engine               - userAppClass: class Bomber.BombermanApp
15:05:06.444 [FXGL Background Thread 3 ] DEBUG Engine               - version: 1.0
15:05:06.444 [FXGL Background Thread 3 ] DEBUG Engine               - versionCheckDays: 7
15:05:06.444 [FXGL Background Thread 3 ] DEBUG Engine               - width: 720
15:05:06.444 [FXGL Background Thread 3 ] DEBUG Engine               - Logging services
15:05:06.445 [FXGL Background Thread 3 ] DEBUG Engine               - class com.almasb.fxgl.app.services.FXGLAssetLoaderService
15:05:06.445 [FXGL Background Thread 3 ] DEBUG Engine               - class com.almasb.fxgl.app.FXGLApplication$GameApplicationService
15:05:06.445 [FXGL Background Thread 3 ] DEBUG Engine               - class com.almasb.fxgl.app.services.FXGLDialogService
15:05:06.445 [FXGL Background Thread 3 ] DEBUG Engine               - class com.almasb.fxgl.app.services.IOTaskExecutorService
15:05:06.445 [FXGL Background Thread 3 ] DEBUG Engine               - class com.almasb.fxgl.io.FileSystemService
15:05:06.445 [FXGL Background Thread 3 ] DEBUG Engine               - class com.almasb.fxgl.localization.LocalizationService
15:05:06.445 [FXGL Background Thread 3 ] DEBUG Engine               - class com.almasb.fxgl.app.services.SystemBundleService
15:05:06.445 [FXGL Background Thread 3 ] DEBUG Engine               - class com.almasb.fxgl.profile.SaveLoadService
15:05:06.445 [FXGL Background Thread 3 ] DEBUG Engine               - class com.almasb.fxgl.ui.FXGLUIFactoryServiceProvider
15:05:06.445 [FXGL Background Thread 3 ] DEBUG Engine               - class com.almasb.fxgl.ui.FXGLDialogFactoryServiceProvider
15:05:06.446 [FXGL Background Thread 3 ] DEBUG Engine               - class com.almasb.fxgl.audio.AudioPlayer
15:05:06.446 [FXGL Background Thread 3 ] DEBUG Engine               - class com.almasb.fxgl.notification.impl.NotificationServiceProvider
15:05:06.446 [FXGL Background Thread 3 ] DEBUG Engine               - class com.almasb.fxgl.achievement.AchievementService
15:05:06.446 [FXGL Background Thread 3 ] DEBUG Engine               - class com.almasb.fxgl.cutscene.CutsceneService
15:05:06.446 [FXGL Background Thread 3 ] DEBUG Engine               - class com.almasb.fxgl.minigames.MiniGameService
15:05:06.446 [FXGL Background Thread 3 ] DEBUG Engine               - class com.almasb.fxgl.net.NetService
15:05:06.446 [FXGL Background Thread 3 ] DEBUG Engine               - class com.almasb.fxgl.app.services.UpdaterService
15:05:06.446 [FXGL Background Thread 3 ] DEBUG Engine               - class com.almasb.fxgl.dev.DevService
15:05:06.967 [JavaFX Application Thread] DEBUG FXGLAssetLoaderServi - Loading from file system: file:/D:/Code/ProjectJavaFX/bomberman/Bomber/target/classes/assets/textures/bomb_ani.png
15:05:09.125 [JavaFX Application Thread] DEBUG FXGLAssetLoaderServi - Loading from file system: file:/D:/Code/ProjectJavaFX/bomberman/Bomber/target/classes/assets/textures/bomb_exploded_1.png
15:05:09.134 [JavaFX Application Thread] DEBUG FXGLAssetLoaderServi - Loading from file system: file:/D:/Code/ProjectJavaFX/bomberman/Bomber/target/classes/assets/textures/brick_break.png
15:05:36.997 [JavaFX Application Thread] WARN  TMXLevelLoader       - TiledMap generated from 1.7.2. Supported version: 1.2.3. Some features may not be parsed fully.
15:05:37.005 [JavaFX Application Thread] DEBUG TMXLevelLoader       - Parsed TiledMap: file:/D:/Code/ProjectJavaFX/bomberman/Bomber/target/classes/assets/levels/bbm_level2.tmx
15:05:37.005 [JavaFX Application Thread] DEBUG TMXLevelLoader       - Creating tile layer entities
15:05:37.006 [JavaFX Application Thread] DEBUG TilesetLoader        - Loading view for layer Tile Layer 1
15:05:37.008 [JavaFX Application Thread] DEBUG TilesetLoader        - Created buffer with size 1488.0x720.0
15:05:37.085 [JavaFX Application Thread] DEBUG TilesetLoader        - Loading view for layer Tile Layer 2
15:05:37.086 [JavaFX Application Thread] DEBUG TilesetLoader        - Created buffer with size 1488.0x720.0
15:05:37.087 [JavaFX Application Thread] DEBUG TMXLevelLoader       - Creating object layer entities
15:05:37.089 [JavaFX Application Thread] WARN  Entity               - Entity already has component: com.almasb.fxgl.physics.PhysicsComponent
15:05:37.089 [JavaFX Application Thread] DEBUG FXGLAssetLoaderServi - Loading from file system: file:/D:/Code/ProjectJavaFX/bomberman/Bomber/target/classes/assets/textures/grass.png
15:05:37.116 [JavaFX Application Thread] DEBUG GameWorld            - Clearing removable entities
15:05:37.123 [JavaFX Application Thread] DEBUG GameWorld            - Setting level: com.almasb.fxgl.entity.level.Level@6b30a0a2
15:05:41.366 [JavaFX Application Thread] DEBUG FXGLAssetLoaderServi - Loading from file system: file:/D:/Code/ProjectJavaFX/bomberman/Bomber/target/classes/assets/textures/grass_break_2.png
15:05:44.294 [JavaFX Application Thread] DEBUG FXGLApplication      - Exiting FXGL
15:05:44.294 [JavaFX Application Thread] DEBUG LoopRunner           - Stopping loop
15:05:44.294 [JavaFX Application Thread] DEBUG SystemBundleService  - Saving FXGL system data
15:05:44.296 [JavaFX Application Thread] DEBUG FileSystemAccess     - Writing to: D:\Code\ProjectJavaFX\bomberman\Bomber\system\fxgl.bundle
15:05:44.297 [JavaFX Application Thread] DEBUG Async                - Shutting down background threads
15:05:44.297 [JavaFX Application Thread] DEBUG PrimaryStageWindow   - Closing main window
15:05:44.309 [JavaFX Application Thread] DEBUG Logger               - Closing Logger
