15:18:21.051 [main                     ] DEBUG Logger               - Configured Logger
15:18:21.051 [main                     ] DEBUG GameApplication      - Logging settings
Title: BOMBERMAN
Version: 1.0
Width: 704
Height: 704
Fullscreen: false
Intro: false
Profiling: false
Single step:false
App Mode: DEVELOPER
Menu Key: ESCAPE
Stage Style: DECORATED
Scene Factory: class Bomber.BombermanApp$1

15:18:21.584 [JavaFX Application Thread] DEBUG FXGLApplication      - Initializing FXGL
15:18:21.588 [JavaFX Application Thread] INFO  Engine               - FXGL-11.17 (16.07.2021 15.46) on WINDOWS (J:17.0.1 FX:16)
15:18:21.588 [JavaFX Application Thread] DEBUG Engine               - JRE Vendor Name: Oracle Corporation
15:18:21.588 [JavaFX Application Thread] DEBUG Engine               - Running on OS: Windows 10 version 10.0
15:18:21.588 [JavaFX Application Thread] DEBUG Engine               - Architecture: amd64
15:18:21.588 [JavaFX Application Thread] INFO  Engine               - Source code and latest versions at: https://github.com/AlmasB/FXGL
15:18:21.588 [JavaFX Application Thread] INFO  Engine               -              Join the FXGL chat at: https://gitter.im/AlmasB/FXGL
15:18:21.732 [JavaFX Application Thread] DEBUG PrimaryStageWindow   - Creating a JavaFX scene
15:18:21.783 [JavaFX Application Thread] DEBUG PrimaryStageWindow   - Target settings size: 704.0 x 704.0
15:18:21.783 [JavaFX Application Thread] DEBUG PrimaryStageWindow   - Scaled scene size:    704.0 x 704.0
15:18:21.783 [JavaFX Application Thread] DEBUG PrimaryStageWindow   - Scaled ratio: (1.0, 1.0)
15:18:21.784 [JavaFX Application Thread] DEBUG PrimaryStageWindow   - Set initial scene to FXGLStartupScene
15:18:21.793 [JavaFX Application Thread] DEBUG PrimaryStageWindow   - Opening main window
15:18:21.931 [JavaFX Application Thread] DEBUG PrimaryStageWindow   - Window border size: (14.4000244140625, 37.5999755859375)
15:18:21.931 [JavaFX Application Thread] DEBUG PrimaryStageWindow   - Scaled size: 704.0 x 704.0
15:18:21.932 [JavaFX Application Thread] DEBUG PrimaryStageWindow   - Scaled ratio: (1.0, 1.0)
15:18:21.932 [JavaFX Application Thread] DEBUG PrimaryStageWindow   - Scene size: 704.0 x 704.0
15:18:21.932 [JavaFX Application Thread] DEBUG PrimaryStageWindow   - Stage size: 718.4000244140625 x 741.5999755859375
15:18:21.943 [FXGL Background Thread 1 ] DEBUG Engine               - Initializing environment variables
15:18:22.041 [FXGL Background Thread 1 ] DEBUG FXGLAssetLoaderServi - User app class for loading assets: class Bomber.BombermanApp
15:18:22.041 [FXGL Background Thread 1 ] DEBUG GameApplicationServi - Applying CSS: fxgl_dark.css
15:18:22.044 [FXGL Background Thread 1 ] DEBUG FXGLAssetLoaderServi - Loading from file system: jar:file:/C:/Users/thinh/.m2/repository/com/github/almasb/fxgl/11.17/fxgl-11.17.jar!/fxglassets/ui/css/fxgl_dark.css
15:18:22.164 [FXGL Background Thread 1 ] DEBUG GameApplicationServi - Initializing application scenes
15:18:22.265 [FXGL Background Thread 1 ] DEBUG GameWorld            - Game world initialized
15:18:22.372 [FXGL Background Thread 1 ] DEBUG PhysicsWorld         - Physics world initialized: appHeight=704, physics.ppm=50.0
15:18:22.373 [FXGL Background Thread 1 ] DEBUG PhysicsWorld         - Using strategy: BRUTE_FORCE
15:18:22.379 [FXGL Background Thread 1 ] DEBUG GameScene            - Game scene initialized: 704x704
15:18:22.499 [FXGL Background Thread 1 ] DEBUG GameApplicationServi - Application scenes initialized
15:18:22.513 [FXGL Background Thread 1 ] DEBUG SystemBundleService  - Loading FXGL system data
15:18:22.518 [FXGL Background Thread 1 ] DEBUG FileSystemAccess     - Reading from: D:\Code\ProjectJavaFX\bomberman\Bomber\system\fxgl.bundle
15:18:22.526 [FXGL Background Thread 1 ] DEBUG SystemBundleService  - Bundle FXGL: {}
15:18:22.526 [FXGL Background Thread 1 ] DEBUG UpdaterService       - Checking for updates
15:18:22.535 [FXGL Background Thread 4 ] DEBUG FXGLApplication      - Loading fonts
15:18:22.535 [FXGL Background Thread 4 ] DEBUG FXGLAssetLoaderServi - Loading from file system: file:/D:/Code/ProjectJavaFX/bomberman/Bomber/target/classes/assets/ui/fonts/Quinquefive-Ea6d4.ttf
15:18:22.535 [FXGL Background Thread 1 ] DEBUG FXGLApplication      - Loading default localization
15:18:22.536 [FXGL Background Thread 1 ] DEBUG FXGLAssetLoaderServi - Loading from file system: jar:file:/C:/Users/thinh/.m2/repository/com/github/almasb/fxgl/11.17/fxgl-11.17.jar!/fxglassets/languages/english.lang
15:18:22.567 [FXGL Background Thread 1 ] INFO  FXGLApplication      - FXGL initialization took: 0.624 sec
15:18:22.587 [JavaFX Application Thread] DEBUG Input                - Registered new binding: Move Up - W
15:18:22.588 [JavaFX Application Thread] DEBUG Input                - Registered new binding: Move Down - S
15:18:22.588 [JavaFX Application Thread] DEBUG Input                - Registered new binding: Move Left - A
15:18:22.588 [JavaFX Application Thread] DEBUG Input                - Registered new binding: Move Right - D
15:18:22.589 [JavaFX Application Thread] DEBUG Input                - Registered new binding: Place Bomb - Space
15:18:22.589 [JavaFX Application Thread] DEBUG FXGLAssetLoaderServi - Loading from file system: file:/D:/Code/ProjectJavaFX/bomberman/Bomber/target/classes/assets/music/title_screen.mp3
15:18:22.700 [FXGL Background Thread 4 ] DEBUG FXGLAssetLoaderServi - Loading from file system: jar:file:/C:/Users/thinh/.m2/repository/com/github/almasb/fxgl/11.17/fxgl-11.17.jar!/fxglassets/ui/fonts/Abel-Regular.ttf
15:18:22.720 [FXGL Background Thread 4 ] DEBUG FXGLAssetLoaderServi - Loading from file system: jar:file:/C:/Users/thinh/.m2/repository/com/github/almasb/fxgl/11.17/fxgl-11.17.jar!/fxglassets/ui/fonts/lucida_console.ttf
15:18:22.743 [FXGL Background Thread 4 ] DEBUG FXGLAssetLoaderServi - Loading from file system: jar:file:/C:/Users/thinh/.m2/repository/com/github/almasb/fxgl/11.17/fxgl-11.17.jar!/fxglassets/ui/fonts/Courier-Prime.ttf
15:18:23.105 [JavaFX Application Thread] DEBUG AudioPlayer          - Playing music com.almasb.fxgl.audio.Music@2dc491d3
15:18:23.106 [JavaFX Application Thread] DEBUG FXGLAssetLoaderServi - Loading from file system: jar:file:/C:/Users/thinh/.m2/repository/com/github/almasb/fxgl/11.17/fxgl-11.17.jar!/fxglassets/textures/fxgl_icon.png
15:18:23.139 [JavaFX Application Thread] DEBUG FXGLAssetLoaderServi - Loading from file system: jar:file:/C:/Users/thinh/.m2/repository/com/github/almasb/fxgl/11.17/fxgl-11.17.jar!/fxglassets/textures/fxgl_default_cursor.png
15:18:23.142 [JavaFX Application Thread] DEBUG Input                - Registered new binding: Screenshot - CTRL+8
15:18:23.142 [JavaFX Application Thread] DEBUG Input                - Registered new binding: System info dump - CTRL+9
15:18:23.143 [JavaFX Application Thread] DEBUG Input                - Registered new binding: Restart - CTRL+R
15:18:23.144 [JavaFX Application Thread] DEBUG Input                - Registered new binding: Toggle Debug Camera - CTRL+C
15:18:23.146 [JavaFX Application Thread] DEBUG LoopRunner           - Starting loop
15:18:23.146 [JavaFX Application Thread] DEBUG LoopRunner           - Initializing JavaFX AnimationTimerLoop
15:18:23.149 [JavaFX Application Thread] DEBUG Input                - Clearing active input actions
15:18:23.159 [JavaFX Application Thread] DEBUG GameApplicationServi - Removing overlay from FXGLStartupScene and adding to FXGLMainMenuDummyScene
15:18:23.159 [JavaFX Application Thread] DEBUG PrimaryStageWindow   - FXGLStartupScene -> FXGLMainMenuDummyScene
15:18:23.160 [JavaFX Application Thread] DEBUG PrimaryStageWindow   - Push state: BombermanMenu
15:18:23.160 [JavaFX Application Thread] DEBUG Input                - Clearing active input actions
15:18:23.164 [JavaFX Application Thread] DEBUG GameApplicationServi - Removing overlay from FXGLMainMenuDummyScene and adding to BombermanMenu
15:18:23.165 [JavaFX Application Thread] DEBUG PrimaryStageWindow   - FXGLMainMenuDummyScene -> BombermanMenu
15:18:23.165 [JavaFX Application Thread] DEBUG FXGLApplication      - Registering font factories with UI factory
15:18:25.533 [FXGL Background Thread 3 ] DEBUG Engine               - Logging environment variables
15:18:25.533 [FXGL Background Thread 3 ] DEBUG Engine               - achievements: []
15:18:25.533 [FXGL Background Thread 3 ] DEBUG Engine               - actualHeight: 704.0
15:18:25.533 [FXGL Background Thread 3 ] DEBUG Engine               - actualHeightProperty: ReadOnlyDoubleProperty [value: 704.0]
15:18:25.533 [FXGL Background Thread 3 ] DEBUG Engine               - actualWidth: 704.0
15:18:25.534 [FXGL Background Thread 3 ] DEBUG Engine               - actualWidthProperty: ReadOnlyDoubleProperty [value: 704.0]
15:18:25.534 [FXGL Background Thread 3 ] DEBUG Engine               - appIcon: fxgl_icon.png
15:18:25.534 [FXGL Background Thread 3 ] DEBUG Engine               - applicationMode: DEVELOPER
15:18:25.534 [FXGL Background Thread 3 ] DEBUG Engine               - cSSList: [fxgl_dark.css]
15:18:25.534 [FXGL Background Thread 3 ] DEBUG Engine               - collisionDetectionStrategy: BRUTE_FORCE
15:18:25.534 [FXGL Background Thread 3 ] DEBUG Engine               - configClass: Optional.empty
15:18:25.534 [FXGL Background Thread 3 ] DEBUG Engine               - credits: []
15:18:25.534 [FXGL Background Thread 3 ] DEBUG Engine               - defaultCursor: CursorInfo(imageName=fxgl_default_cursor.png, hotspotX=7.0, hotspotY=6.0)
15:18:25.534 [FXGL Background Thread 3 ] DEBUG Engine               - devBBoxColorProperty: ObjectProperty [value: 0xff0000ff]
15:18:25.534 [FXGL Background Thread 3 ] DEBUG Engine               - devEnableDebugCameraProperty: BooleanProperty [value: false]
15:18:25.535 [FXGL Background Thread 3 ] DEBUG Engine               - devSensorColorProperty: ObjectProperty [value: 0xffff00ff]
15:18:25.535 [FXGL Background Thread 3 ] DEBUG Engine               - devShowBBoxProperty: BooleanProperty [value: false]
15:18:25.535 [FXGL Background Thread 3 ] DEBUG Engine               - devShowPositionProperty: BooleanProperty [value: false]
15:18:25.535 [FXGL Background Thread 3 ] DEBUG Engine               - enabledMenuItems: []
15:18:25.535 [FXGL Background Thread 3 ] DEBUG Engine               - engineServices: [class com.almasb.fxgl.app.services.FXGLAssetLoaderService, class com.almasb.fxgl.app.FXGLApplication$GameApplicationService, class com.almasb.fxgl.app.services.FXGLDialogService, class com.almasb.fxgl.app.services.IOTaskExecutorService, class com.almasb.fxgl.io.FileSystemService, class com.almasb.fxgl.localization.LocalizationService, class com.almasb.fxgl.app.services.SystemBundleService, class com.almasb.fxgl.profile.SaveLoadService, class com.almasb.fxgl.ui.FXGLUIFactoryServiceProvider, class com.almasb.fxgl.ui.FXGLDialogFactoryServiceProvider, class com.almasb.fxgl.audio.AudioPlayer, class com.almasb.fxgl.notification.impl.NotificationServiceProvider, class com.almasb.fxgl.achievement.AchievementService, class com.almasb.fxgl.cutscene.CutsceneService, class com.almasb.fxgl.minigames.MiniGameService, class com.almasb.fxgl.net.NetService, class com.almasb.fxgl.app.services.UpdaterService, class com.almasb.fxgl.dev.DevService]
15:18:25.535 [FXGL Background Thread 3 ] DEBUG Engine               - fontGame: Abel-Regular.ttf
15:18:25.535 [FXGL Background Thread 3 ] DEBUG Engine               - fontMono: lucida_console.ttf
15:18:25.535 [FXGL Background Thread 3 ] DEBUG Engine               - fontText: Courier-Prime.ttf
15:18:25.535 [FXGL Background Thread 3 ] DEBUG Engine               - fontUI: Quinquefive-Ea6d4.ttf
15:18:25.536 [FXGL Background Thread 3 ] DEBUG Engine               - fullScreen: BooleanProperty [value: false]
15:18:25.536 [FXGL Background Thread 3 ] DEBUG Engine               - gameDifficulty: MEDIUM
15:18:25.536 [FXGL Background Thread 3 ] DEBUG Engine               - gameDifficultyProperty: ObjectProperty [value: MEDIUM]
15:18:25.536 [FXGL Background Thread 3 ] DEBUG Engine               - globalMusicVolume: 0.5
15:18:25.536 [FXGL Background Thread 3 ] DEBUG Engine               - globalMusicVolumeProperty: DoubleProperty [value: 0.3]
15:18:25.536 [FXGL Background Thread 3 ] DEBUG Engine               - globalSoundVolume: 0.5
15:18:25.536 [FXGL Background Thread 3 ] DEBUG Engine               - globalSoundVolumeProperty: DoubleProperty [value: 0.3]
15:18:25.536 [FXGL Background Thread 3 ] DEBUG Engine               - height: 704
15:18:25.536 [FXGL Background Thread 3 ] DEBUG Engine               - is3D: false
15:18:25.536 [FXGL Background Thread 3 ] DEBUG Engine               - isAndroid: false
15:18:25.536 [FXGL Background Thread 3 ] DEBUG Engine               - isBrowser: false
15:18:25.536 [FXGL Background Thread 3 ] DEBUG Engine               - isClickFeedbackEnabled: false
15:18:25.536 [FXGL Background Thread 3 ] DEBUG Engine               - isCloseConfirmation: false
15:18:25.537 [FXGL Background Thread 3 ] DEBUG Engine               - isDesktop: true
15:18:25.537 [FXGL Background Thread 3 ] DEBUG Engine               - isDeveloperMenuEnabled: false
15:18:25.537 [FXGL Background Thread 3 ] DEBUG Engine               - isEntityPreloadEnabled: true
15:18:25.537 [FXGL Background Thread 3 ] DEBUG Engine               - isExperimentalTiledLargeMap: false
15:18:25.537 [FXGL Background Thread 3 ] DEBUG Engine               - isFileSystemWriteAllowed: true
15:18:25.537 [FXGL Background Thread 3 ] DEBUG Engine               - isFullScreenAllowed: false
15:18:25.537 [FXGL Background Thread 3 ] DEBUG Engine               - isFullScreenFromStart: false
15:18:25.537 [FXGL Background Thread 3 ] DEBUG Engine               - isGameMenuEnabled: true
15:18:25.537 [FXGL Background Thread 3 ] DEBUG Engine               - isIOS: false
15:18:25.537 [FXGL Background Thread 3 ] DEBUG Engine               - isIntroEnabled: false
15:18:25.538 [FXGL Background Thread 3 ] DEBUG Engine               - isLinux: false
15:18:25.538 [FXGL Background Thread 3 ] DEBUG Engine               - isMac: false
15:18:25.538 [FXGL Background Thread 3 ] DEBUG Engine               - isMainMenuEnabled: true
15:18:25.538 [FXGL Background Thread 3 ] DEBUG Engine               - isManualResizeEnabled: false
15:18:25.538 [FXGL Background Thread 3 ] DEBUG Engine               - isMobile: false
15:18:25.538 [FXGL Background Thread 3 ] DEBUG Engine               - isNative: false
15:18:25.538 [FXGL Background Thread 3 ] DEBUG Engine               - isPauseMusicWhenMinimized: true
15:18:25.538 [FXGL Background Thread 3 ] DEBUG Engine               - isPreserveResizeRatio: false
15:18:25.538 [FXGL Background Thread 3 ] DEBUG Engine               - isProfilingEnabled: false
15:18:25.538 [FXGL Background Thread 3 ] DEBUG Engine               - isScaleAffectedOnResize: true
15:18:25.538 [FXGL Background Thread 3 ] DEBUG Engine               - isSingleStep: false
15:18:25.538 [FXGL Background Thread 3 ] DEBUG Engine               - isUserProfileEnabled: false
15:18:25.539 [FXGL Background Thread 3 ] DEBUG Engine               - isWindows: true
15:18:25.539 [FXGL Background Thread 3 ] DEBUG Engine               - language: ObjectProperty [value: ENGLISH]
15:18:25.539 [FXGL Background Thread 3 ] DEBUG Engine               - menuKey: ESCAPE
15:18:25.539 [FXGL Background Thread 3 ] DEBUG Engine               - mouseSensitivity: 0.2
15:18:25.539 [FXGL Background Thread 3 ] DEBUG Engine               - notificationViewClass: class com.almasb.fxgl.notification.view.XboxNotificationView
15:18:25.539 [FXGL Background Thread 3 ] DEBUG Engine               - pixelsPerMeter: 50.0
15:18:25.539 [FXGL Background Thread 3 ] DEBUG Engine               - platform: WINDOWS
15:18:25.539 [FXGL Background Thread 3 ] DEBUG Engine               - prefHeightProperty: ReadOnlyDoubleProperty [value: 704.0]
15:18:25.539 [FXGL Background Thread 3 ] DEBUG Engine               - prefWidthProperty: ReadOnlyDoubleProperty [value: 704.0]
15:18:25.539 [FXGL Background Thread 3 ] DEBUG Engine               - profileDir: profiles/
15:18:25.539 [FXGL Background Thread 3 ] DEBUG Engine               - profileName: StringProperty [value: DEFAULT]
15:18:25.539 [FXGL Background Thread 3 ] DEBUG Engine               - randomSeed: -1
15:18:25.540 [FXGL Background Thread 3 ] DEBUG Engine               - runtimeInfo: RuntimeInfo(platform=WINDOWS, version=11.17, build=16.07.2021 15.46)
15:18:25.540 [FXGL Background Thread 3 ] DEBUG Engine               - saveFileExt: sav
15:18:25.540 [FXGL Background Thread 3 ] DEBUG Engine               - scaledHeightProp$fxgl: DoubleProperty [bound, value: 704.0]
15:18:25.540 [FXGL Background Thread 3 ] DEBUG Engine               - scaledWidthProp$fxgl: DoubleProperty [bound, value: 704.0]
15:18:25.540 [FXGL Background Thread 3 ] DEBUG Engine               - sceneFactory: Bomber.BombermanApp$1@61d67f46
15:18:25.540 [FXGL Background Thread 3 ] DEBUG Engine               - secondsIn24h: 60
15:18:25.540 [FXGL Background Thread 3 ] DEBUG Engine               - soundMenuBack: menu/back.wav
15:18:25.540 [FXGL Background Thread 3 ] DEBUG Engine               - soundMenuPress: menu/press.wav
15:18:25.540 [FXGL Background Thread 3 ] DEBUG Engine               - soundMenuSelect: menu/select.wav
15:18:25.540 [FXGL Background Thread 3 ] DEBUG Engine               - soundNotification: core/notification.wav
15:18:25.540 [FXGL Background Thread 3 ] DEBUG Engine               - stageStyle: DECORATED
15:18:25.540 [FXGL Background Thread 3 ] DEBUG Engine               - supportedLanguages: [ENGLISH, FRENCH, GERMAN, HUNGARIAN, RUSSIAN]
15:18:25.540 [FXGL Background Thread 3 ] DEBUG Engine               - ticksPerSecond: -1
15:18:25.541 [FXGL Background Thread 3 ] DEBUG Engine               - title: BOMBERMAN
15:18:25.541 [FXGL Background Thread 3 ] DEBUG Engine               - urlGithub: https://github.com/AlmasB/FXGL
15:18:25.541 [FXGL Background Thread 3 ] DEBUG Engine               - urlLeaderboard: http://fxgl-top.herokuapp.com/
15:18:25.541 [FXGL Background Thread 3 ] DEBUG Engine               - urlPOM: https://raw.githubusercontent.com/AlmasB/FXGL/release/README.md
15:18:25.541 [FXGL Background Thread 3 ] DEBUG Engine               - userAppClass: class Bomber.BombermanApp
15:18:25.541 [FXGL Background Thread 3 ] DEBUG Engine               - version: 1.0
15:18:25.541 [FXGL Background Thread 3 ] DEBUG Engine               - versionCheckDays: 7
15:18:25.541 [FXGL Background Thread 3 ] DEBUG Engine               - width: 704
15:18:25.541 [FXGL Background Thread 3 ] DEBUG Engine               - Logging services
15:18:25.541 [FXGL Background Thread 3 ] DEBUG Engine               - class com.almasb.fxgl.app.services.FXGLAssetLoaderService
15:18:25.541 [FXGL Background Thread 3 ] DEBUG Engine               - class com.almasb.fxgl.app.FXGLApplication$GameApplicationService
15:18:25.541 [FXGL Background Thread 3 ] DEBUG Engine               - class com.almasb.fxgl.app.services.FXGLDialogService
15:18:25.541 [FXGL Background Thread 3 ] DEBUG Engine               - class com.almasb.fxgl.app.services.IOTaskExecutorService
15:18:25.541 [FXGL Background Thread 3 ] DEBUG Engine               - class com.almasb.fxgl.io.FileSystemService
15:18:25.541 [FXGL Background Thread 3 ] DEBUG Engine               - class com.almasb.fxgl.localization.LocalizationService
15:18:25.542 [FXGL Background Thread 3 ] DEBUG Engine               - class com.almasb.fxgl.app.services.SystemBundleService
15:18:25.542 [FXGL Background Thread 3 ] DEBUG Engine               - class com.almasb.fxgl.profile.SaveLoadService
15:18:25.542 [FXGL Background Thread 3 ] DEBUG Engine               - class com.almasb.fxgl.ui.FXGLUIFactoryServiceProvider
15:18:25.542 [FXGL Background Thread 3 ] DEBUG Engine               - class com.almasb.fxgl.ui.FXGLDialogFactoryServiceProvider
15:18:25.542 [FXGL Background Thread 3 ] DEBUG Engine               - class com.almasb.fxgl.audio.AudioPlayer
15:18:25.542 [FXGL Background Thread 3 ] DEBUG Engine               - class com.almasb.fxgl.notification.impl.NotificationServiceProvider
15:18:25.542 [FXGL Background Thread 3 ] DEBUG Engine               - class com.almasb.fxgl.achievement.AchievementService
15:18:25.542 [FXGL Background Thread 3 ] DEBUG Engine               - class com.almasb.fxgl.cutscene.CutsceneService
15:18:25.542 [FXGL Background Thread 3 ] DEBUG Engine               - class com.almasb.fxgl.minigames.MiniGameService
15:18:25.542 [FXGL Background Thread 3 ] DEBUG Engine               - class com.almasb.fxgl.net.NetService
15:18:25.542 [FXGL Background Thread 3 ] DEBUG Engine               - class com.almasb.fxgl.app.services.UpdaterService
15:18:25.542 [FXGL Background Thread 3 ] DEBUG Engine               - class com.almasb.fxgl.dev.DevService
15:18:27.921 [JavaFX Application Thread] DEBUG Menu                 - fireNewGame()
15:18:27.921 [JavaFX Application Thread] DEBUG GameApplicationServi - Starting new game
15:18:27.921 [JavaFX Application Thread] DEBUG PrimaryStageWindow   - Pop state: BombermanMenu
15:18:27.921 [JavaFX Application Thread] DEBUG Input                - Clearing active input actions
15:18:27.921 [JavaFX Application Thread] DEBUG GameApplicationServi - Removing overlay from BombermanMenu and adding to FXGLMainMenuDummyScene
15:18:27.922 [JavaFX Application Thread] DEBUG PrimaryStageWindow   - FXGLMainMenuDummyScene <- BombermanMenu
15:18:27.922 [JavaFX Application Thread] DEBUG Input                - Clearing active input actions
15:18:27.926 [JavaFX Application Thread] DEBUG GameApplicationServi - Removing overlay from FXGLMainMenuDummyScene and adding to FXGLLoadingScene
15:18:27.926 [JavaFX Application Thread] DEBUG PrimaryStageWindow   - FXGLMainMenuDummyScene -> FXGLLoadingScene
15:18:27.927 [JavaFX Application Thread] DEBUG GameApplicationServi - Clearing previous game
15:18:27.927 [JavaFX Application Thread] DEBUG GameScene            - Clearing game scene
15:18:27.927 [JavaFX Application Thread] DEBUG GameWorld            - Clearing game world
15:18:27.927 [JavaFX Application Thread] DEBUG PhysicsWorld         - Clearing physics world
15:18:27.928 [FXGL Background Thread 2 ] DEBUG FXGLApplication      - Initializing game
15:18:27.990 [FXGL Background Thread 2 ] WARN  TMXLevelLoader       - TiledMap generated from 1.7.2. Supported version: 1.2.3. Some features may not be parsed fully.
15:18:28.002 [FXGL Background Thread 2 ] DEBUG TMXLevelLoader       - Parsed TiledMap: file:/D:/Code/ProjectJavaFX/bomberman/Bomber/target/classes/assets/levels/level1.tmx
15:18:28.003 [FXGL Background Thread 2 ] DEBUG TMXLevelLoader       - Creating tile layer entities
15:18:28.004 [FXGL Background Thread 2 ] DEBUG TilesetLoader        - Loading view for layer Tile Layer 1
15:18:28.009 [FXGL Background Thread 2 ] DEBUG TilesetLoader        - Created buffer with size 1280.0x704.0
15:18:28.192 [FXGL Background Thread 2 ] DEBUG TMXLevelLoader       - Creating object layer entities
15:18:28.195 [FXGL Background Thread 2 ] DEBUG FXGLAssetLoaderServi - Loading from file system: file:/D:/Code/ProjectJavaFX/bomberman/Bomber/target/classes/assets/textures/powerup_bombs.png
15:18:28.200 [FXGL Background Thread 2 ] DEBUG FXGLAssetLoaderServi - Loading from file system: file:/D:/Code/ProjectJavaFX/bomberman/Bomber/target/classes/assets/textures/powerup_flames.png
15:18:28.201 [FXGL Background Thread 2 ] DEBUG FXGLAssetLoaderServi - Loading from file system: file:/D:/Code/ProjectJavaFX/bomberman/Bomber/target/classes/assets/textures/powerup_speed.png
15:18:28.204 [FXGL Background Thread 2 ] DEBUG FXGLAssetLoaderServi - Loading from file system: file:/D:/Code/ProjectJavaFX/bomberman/Bomber/target/classes/assets/textures/powerup_flamepass.png
15:18:28.207 [FXGL Background Thread 2 ] DEBUG FXGLAssetLoaderServi - Loading from file system: file:/D:/Code/ProjectJavaFX/bomberman/Bomber/target/classes/assets/textures/portal.png
15:18:28.245 [FXGL Background Thread 2 ] DEBUG FXGLAssetLoaderServi - Loading from file system: file:/D:/Code/ProjectJavaFX/bomberman/Bomber/target/classes/assets/textures/player_die.png
15:18:28.248 [FXGL Background Thread 2 ] DEBUG FXGLAssetLoaderServi - Loading from file system: file:/D:/Code/ProjectJavaFX/bomberman/Bomber/target/classes/assets/textures/player_down.png
15:18:28.250 [FXGL Background Thread 2 ] DEBUG FXGLAssetLoaderServi - Loading from file system: file:/D:/Code/ProjectJavaFX/bomberman/Bomber/target/classes/assets/textures/player_right.png
15:18:28.251 [FXGL Background Thread 2 ] DEBUG FXGLAssetLoaderServi - Loading from file system: file:/D:/Code/ProjectJavaFX/bomberman/Bomber/target/classes/assets/textures/player_up.png
15:18:28.252 [FXGL Background Thread 2 ] DEBUG FXGLAssetLoaderServi - Loading from file system: file:/D:/Code/ProjectJavaFX/bomberman/Bomber/target/classes/assets/textures/player_left.png
15:18:28.257 [FXGL Background Thread 2 ] WARN  Entity               - Entity already has component: com.almasb.fxgl.physics.PhysicsComponent
15:18:28.260 [FXGL Background Thread 2 ] DEBUG FXGLAssetLoaderServi - Loading from file system: file:/D:/Code/ProjectJavaFX/bomberman/Bomber/target/classes/assets/textures/brick.png
15:18:28.288 [FXGL Background Thread 2 ] DEBUG GameWorld            - Clearing removable entities
15:18:28.288 [FXGL Background Thread 2 ] DEBUG GameWorld            - Setting level: com.almasb.fxgl.entity.level.Level@1a0af009
15:18:28.312 [FXGL Background Thread 2 ] INFO  FXGLApplication      - Game initialization took: 0.382 sec
15:18:28.312 [JavaFX Application Thread] DEBUG Input                - Clearing active input actions
15:18:28.323 [JavaFX Application Thread] DEBUG GameApplicationServi - Removing overlay from FXGLLoadingScene and adding to GameScene
15:18:28.323 [JavaFX Application Thread] DEBUG PrimaryStageWindow   - FXGLLoadingScene -> GameScene
15:18:29.309 [JavaFX Application Thread] DEBUG FXGLAssetLoaderServi - Loading from file system: file:/D:/Code/ProjectJavaFX/bomberman/Bomber/target/classes/assets/textures/bomb_ani.png
15:18:31.649 [JavaFX Application Thread] DEBUG FXGLAssetLoaderServi - Loading from file system: file:/D:/Code/ProjectJavaFX/bomberman/Bomber/target/classes/assets/textures/bomb_exploded_1.png
15:18:31.661 [JavaFX Application Thread] DEBUG FXGLAssetLoaderServi - Loading from file system: file:/D:/Code/ProjectJavaFX/bomberman/Bomber/target/classes/assets/textures/brick_break.png
15:19:22.444 [JavaFX Application Thread] DEBUG FXGLAssetLoaderServi - Loading from file system: file:/D:/Code/ProjectJavaFX/bomberman/Bomber/target/classes/assets/textures/player_down_1.png
15:19:22.446 [JavaFX Application Thread] DEBUG FXGLAssetLoaderServi - Loading from file system: file:/D:/Code/ProjectJavaFX/bomberman/Bomber/target/classes/assets/textures/player_right_1.png
15:19:22.447 [JavaFX Application Thread] DEBUG FXGLAssetLoaderServi - Loading from file system: file:/D:/Code/ProjectJavaFX/bomberman/Bomber/target/classes/assets/textures/player_up_1.png
15:19:22.449 [JavaFX Application Thread] DEBUG FXGLAssetLoaderServi - Loading from file system: file:/D:/Code/ProjectJavaFX/bomberman/Bomber/target/classes/assets/textures/player_left_1.png
15:19:51.979 [JavaFX Application Thread] DEBUG PrimaryStageWindow   - Push state: BombermanGameMenu
15:19:51.979 [JavaFX Application Thread] DEBUG Input                - Clearing active input actions
15:19:51.979 [JavaFX Application Thread] DEBUG GameApplicationServi - Removing overlay from GameScene and adding to BombermanGameMenu
15:19:51.980 [JavaFX Application Thread] DEBUG PrimaryStageWindow   - GameScene -> BombermanGameMenu
15:19:55.428 [JavaFX Application Thread] DEBUG PrimaryStageWindow   - Push state: DialogSubScene
15:19:55.428 [JavaFX Application Thread] DEBUG Input                - Clearing active input actions
15:19:55.429 [JavaFX Application Thread] DEBUG GameApplicationServi - Removing overlay from BombermanGameMenu and adding to DialogSubScene
15:19:55.429 [JavaFX Application Thread] DEBUG PrimaryStageWindow   - BombermanGameMenu -> DialogSubScene
15:19:56.088 [JavaFX Application Thread] DEBUG PrimaryStageWindow   - Pop state: DialogSubScene
15:19:56.088 [JavaFX Application Thread] DEBUG Input                - Clearing active input actions
15:19:56.088 [JavaFX Application Thread] DEBUG GameApplicationServi - Removing overlay from DialogSubScene and adding to BombermanGameMenu
15:19:56.088 [JavaFX Application Thread] DEBUG PrimaryStageWindow   - BombermanGameMenu <- DialogSubScene
15:19:57.759 [JavaFX Application Thread] DEBUG Menu                 - fireResume()
15:19:57.759 [JavaFX Application Thread] DEBUG PrimaryStageWindow   - Pop state: BombermanGameMenu
15:19:57.759 [JavaFX Application Thread] DEBUG Input                - Clearing active input actions
15:19:57.760 [JavaFX Application Thread] DEBUG GameApplicationServi - Removing overlay from BombermanGameMenu and adding to GameScene
15:19:57.760 [JavaFX Application Thread] DEBUG PrimaryStageWindow   - GameScene <- BombermanGameMenu
15:20:14.316 [JavaFX Application Thread] DEBUG PrimaryStageWindow   - Push state: DialogSubScene
15:20:14.316 [JavaFX Application Thread] DEBUG Input                - Clearing active input actions
15:20:14.317 [JavaFX Application Thread] DEBUG GameApplicationServi - Removing overlay from GameScene and adding to DialogSubScene
15:20:14.317 [JavaFX Application Thread] DEBUG PrimaryStageWindow   - GameScene -> DialogSubScene
15:20:15.959 [JavaFX Application Thread] DEBUG PrimaryStageWindow   - Pop state: DialogSubScene
15:20:15.959 [JavaFX Application Thread] DEBUG Input                - Clearing active input actions
15:20:15.959 [JavaFX Application Thread] DEBUG GameApplicationServi - Removing overlay from DialogSubScene and adding to GameScene
15:20:15.960 [JavaFX Application Thread] DEBUG PrimaryStageWindow   - GameScene <- DialogSubScene
15:20:23.286 [JavaFX Application Thread] DEBUG PrimaryStageWindow   - Push state: BombermanGameMenu
15:20:23.286 [JavaFX Application Thread] DEBUG Input                - Clearing active input actions
15:20:23.286 [JavaFX Application Thread] DEBUG GameApplicationServi - Removing overlay from GameScene and adding to BombermanGameMenu
15:20:23.286 [JavaFX Application Thread] DEBUG PrimaryStageWindow   - GameScene -> BombermanGameMenu
15:20:24.311 [JavaFX Application Thread] DEBUG PrimaryStageWindow   - Push state: DialogSubScene
15:20:24.311 [JavaFX Application Thread] DEBUG Input                - Clearing active input actions
15:20:24.311 [JavaFX Application Thread] DEBUG GameApplicationServi - Removing overlay from BombermanGameMenu and adding to DialogSubScene
15:20:24.311 [JavaFX Application Thread] DEBUG PrimaryStageWindow   - BombermanGameMenu -> DialogSubScene
15:20:25.015 [JavaFX Application Thread] DEBUG PrimaryStageWindow   - Pop state: DialogSubScene
15:20:25.015 [JavaFX Application Thread] DEBUG Input                - Clearing active input actions
15:20:25.015 [JavaFX Application Thread] DEBUG GameApplicationServi - Removing overlay from DialogSubScene and adding to BombermanGameMenu
15:20:25.015 [JavaFX Application Thread] DEBUG PrimaryStageWindow   - BombermanGameMenu <- DialogSubScene
15:20:31.038 [JavaFX Application Thread] DEBUG Menu                 - fireResume()
15:20:31.038 [JavaFX Application Thread] DEBUG PrimaryStageWindow   - Pop state: BombermanGameMenu
15:20:31.038 [JavaFX Application Thread] DEBUG Input                - Clearing active input actions
15:20:31.039 [JavaFX Application Thread] DEBUG GameApplicationServi - Removing overlay from BombermanGameMenu and adding to GameScene
15:20:31.039 [JavaFX Application Thread] DEBUG PrimaryStageWindow   - GameScene <- BombermanGameMenu
15:20:39.162 [JavaFX Application Thread] DEBUG PrimaryStageWindow   - Push state: BombermanGameMenu
15:20:39.163 [JavaFX Application Thread] DEBUG Input                - Clearing active input actions
15:20:39.163 [JavaFX Application Thread] DEBUG GameApplicationServi - Removing overlay from GameScene and adding to BombermanGameMenu
15:20:39.163 [JavaFX Application Thread] DEBUG PrimaryStageWindow   - GameScene -> BombermanGameMenu
15:20:40.247 [JavaFX Application Thread] DEBUG Menu                 - fireExitToMainMenu()
15:20:40.248 [JavaFX Application Thread] DEBUG PrimaryStageWindow   - Push state: DialogSubScene
15:20:40.248 [JavaFX Application Thread] DEBUG Input                - Clearing active input actions
15:20:40.248 [JavaFX Application Thread] DEBUG GameApplicationServi - Removing overlay from BombermanGameMenu and adding to DialogSubScene
15:20:40.249 [JavaFX Application Thread] DEBUG PrimaryStageWindow   - BombermanGameMenu -> DialogSubScene
15:20:44.239 [JavaFX Application Thread] DEBUG PrimaryStageWindow   - Pop state: DialogSubScene
15:20:44.239 [JavaFX Application Thread] DEBUG Input                - Clearing active input actions
15:20:44.239 [JavaFX Application Thread] DEBUG GameApplicationServi - Removing overlay from DialogSubScene and adding to BombermanGameMenu
15:20:44.240 [JavaFX Application Thread] DEBUG PrimaryStageWindow   - BombermanGameMenu <- DialogSubScene
15:20:44.240 [JavaFX Application Thread] DEBUG PrimaryStageWindow   - Pop state: BombermanGameMenu
15:20:44.240 [JavaFX Application Thread] DEBUG Input                - Clearing active input actions
15:20:44.240 [JavaFX Application Thread] DEBUG GameApplicationServi - Removing overlay from BombermanGameMenu and adding to GameScene
15:20:44.240 [JavaFX Application Thread] DEBUG PrimaryStageWindow   - GameScene <- BombermanGameMenu
15:20:44.240 [JavaFX Application Thread] DEBUG Input                - Clearing active input actions
15:20:44.243 [JavaFX Application Thread] DEBUG GameApplicationServi - Removing overlay from GameScene and adding to FXGLMainMenuDummyScene
15:20:44.243 [JavaFX Application Thread] DEBUG PrimaryStageWindow   - GameScene -> FXGLMainMenuDummyScene
15:20:44.243 [JavaFX Application Thread] DEBUG PrimaryStageWindow   - Push state: BombermanMenu
15:20:44.243 [JavaFX Application Thread] DEBUG Input                - Clearing active input actions
15:20:44.243 [JavaFX Application Thread] DEBUG GameApplicationServi - Removing overlay from FXGLMainMenuDummyScene and adding to BombermanMenu
15:20:44.243 [JavaFX Application Thread] DEBUG PrimaryStageWindow   - FXGLMainMenuDummyScene -> BombermanMenu
15:20:48.180 [JavaFX Application Thread] DEBUG PrimaryStageWindow   - Push state: DialogSubScene
15:20:48.180 [JavaFX Application Thread] DEBUG Input                - Clearing active input actions
15:20:48.182 [JavaFX Application Thread] DEBUG GameApplicationServi - Removing overlay from BombermanMenu and adding to DialogSubScene
15:20:48.182 [JavaFX Application Thread] DEBUG PrimaryStageWindow   - BombermanMenu -> DialogSubScene
15:20:48.943 [JavaFX Application Thread] DEBUG PrimaryStageWindow   - Pop state: DialogSubScene
15:20:48.943 [JavaFX Application Thread] DEBUG Input                - Clearing active input actions
15:20:48.943 [JavaFX Application Thread] DEBUG GameApplicationServi - Removing overlay from DialogSubScene and adding to BombermanMenu
15:20:48.943 [JavaFX Application Thread] DEBUG PrimaryStageWindow   - BombermanMenu <- DialogSubScene
15:20:49.440 [JavaFX Application Thread] DEBUG Menu                 - fireExit()
15:20:49.440 [JavaFX Application Thread] DEBUG PrimaryStageWindow   - Push state: DialogSubScene
15:20:49.440 [JavaFX Application Thread] DEBUG Input                - Clearing active input actions
15:20:49.441 [JavaFX Application Thread] DEBUG GameApplicationServi - Removing overlay from BombermanMenu and adding to DialogSubScene
15:20:49.441 [JavaFX Application Thread] DEBUG PrimaryStageWindow   - BombermanMenu -> DialogSubScene
15:20:50.079 [JavaFX Application Thread] DEBUG PrimaryStageWindow   - Pop state: DialogSubScene
15:20:50.079 [JavaFX Application Thread] DEBUG Input                - Clearing active input actions
15:20:50.079 [JavaFX Application Thread] DEBUG GameApplicationServi - Removing overlay from DialogSubScene and adding to BombermanMenu
15:20:50.079 [JavaFX Application Thread] DEBUG PrimaryStageWindow   - BombermanMenu <- DialogSubScene
15:20:50.079 [JavaFX Application Thread] DEBUG FXGLApplication      - Exiting FXGL
15:20:50.079 [JavaFX Application Thread] DEBUG LoopRunner           - Stopping loop
15:20:50.080 [JavaFX Application Thread] DEBUG SystemBundleService  - Saving FXGL system data
15:20:50.082 [JavaFX Application Thread] DEBUG FileSystemAccess     - Writing to: D:\Code\ProjectJavaFX\bomberman\Bomber\system\fxgl.bundle
15:20:50.084 [JavaFX Application Thread] DEBUG Async                - Shutting down background threads
15:20:50.084 [JavaFX Application Thread] DEBUG PrimaryStageWindow   - Closing main window
15:20:50.095 [JavaFX Application Thread] DEBUG Logger               - Closing Logger
