21:29:04.515 [main                     ] DEBUG Logger               - Configured Logger
21:29:04.531 [main                     ] DEBUG GameApplication      - Logging settings
Title: BOMBERMAN
Version: 1.0
Width: 720
Height: 720
Fullscreen: false
Intro: false
Profiling: false
Single step:false
App Mode: DEVELOPER
Menu Key: ESCAPE
Stage Style: DECORATED
Scene Factory: class Bomber.BombermanApp$1

21:29:04.872 [JavaFX Application Thread] DEBUG FXGLApplication      - Initializing FXGL
21:29:04.874 [JavaFX Application Thread] INFO  Engine               - FXGL-11.17 (16.07.2021 15.46) on WINDOWS (J:17.0.1 FX:16)
21:29:04.874 [JavaFX Application Thread] DEBUG Engine               - JRE Vendor Name: Oracle Corporation
21:29:04.874 [JavaFX Application Thread] DEBUG Engine               - Running on OS: Windows 10 version 10.0
21:29:04.874 [JavaFX Application Thread] DEBUG Engine               - Architecture: amd64
21:29:04.875 [JavaFX Application Thread] INFO  Engine               - Source code and latest versions at: https://github.com/AlmasB/FXGL
21:29:04.875 [JavaFX Application Thread] INFO  Engine               -              Join the FXGL chat at: https://gitter.im/AlmasB/FXGL
21:29:04.977 [JavaFX Application Thread] DEBUG PrimaryStageWindow   - Creating a JavaFX scene
21:29:05.015 [JavaFX Application Thread] DEBUG PrimaryStageWindow   - Target settings size: 720.0 x 720.0
21:29:05.016 [JavaFX Application Thread] DEBUG PrimaryStageWindow   - Scaled scene size:    720.0 x 720.0
21:29:05.016 [JavaFX Application Thread] DEBUG PrimaryStageWindow   - Scaled ratio: (1.0, 1.0)
21:29:05.017 [JavaFX Application Thread] DEBUG PrimaryStageWindow   - Set initial scene to FXGLStartupScene
21:29:05.024 [JavaFX Application Thread] DEBUG PrimaryStageWindow   - Opening main window
21:29:05.101 [JavaFX Application Thread] DEBUG PrimaryStageWindow   - Window border size: (14.4000244140625, 37.5999755859375)
21:29:05.102 [JavaFX Application Thread] DEBUG PrimaryStageWindow   - Scaled size: 720.0 x 720.0
21:29:05.102 [JavaFX Application Thread] DEBUG PrimaryStageWindow   - Scaled ratio: (1.0, 1.0)
21:29:05.102 [JavaFX Application Thread] DEBUG PrimaryStageWindow   - Scene size: 720.0 x 720.0
21:29:05.102 [JavaFX Application Thread] DEBUG PrimaryStageWindow   - Stage size: 734.4000244140625 x 757.5999755859375
21:29:05.112 [FXGL Background Thread 1 ] DEBUG Engine               - Initializing environment variables
21:29:05.194 [FXGL Background Thread 1 ] DEBUG FXGLAssetLoaderServi - User app class for loading assets: class Bomber.BombermanApp
21:29:05.194 [FXGL Background Thread 1 ] DEBUG GameApplicationServi - Applying CSS: fxgl_dark.css
21:29:05.195 [FXGL Background Thread 1 ] DEBUG FXGLAssetLoaderServi - Loading from file system: jar:file:/C:/Users/thinh/.m2/repository/com/github/almasb/fxgl/11.17/fxgl-11.17.jar!/fxglassets/ui/css/fxgl_dark.css
21:29:05.260 [FXGL Background Thread 1 ] DEBUG GameApplicationServi - Initializing application scenes
21:29:05.309 [FXGL Background Thread 1 ] DEBUG GameWorld            - Game world initialized
21:29:05.394 [FXGL Background Thread 1 ] DEBUG PhysicsWorld         - Physics world initialized: appHeight=720, physics.ppm=50.0
21:29:05.395 [FXGL Background Thread 1 ] DEBUG PhysicsWorld         - Using strategy: BRUTE_FORCE
21:29:05.399 [FXGL Background Thread 1 ] DEBUG GameScene            - Game scene initialized: 720x720
21:29:05.491 [FXGL Background Thread 1 ] DEBUG GameApplicationServi - Application scenes initialized
21:29:05.501 [FXGL Background Thread 1 ] DEBUG SystemBundleService  - Loading FXGL system data
21:29:05.508 [FXGL Background Thread 1 ] DEBUG FileSystemAccess     - Reading from: D:\Code\ProjectJavaFX\bomberman\Bomber\system\fxgl.bundle
21:29:05.515 [FXGL Background Thread 1 ] DEBUG SystemBundleService  - Bundle FXGL: {}
21:29:05.516 [FXGL Background Thread 1 ] DEBUG UpdaterService       - Checking for updates
21:29:05.523 [FXGL Background Thread 4 ] DEBUG FXGLApplication      - Loading fonts
21:29:05.523 [FXGL Background Thread 4 ] DEBUG FXGLAssetLoaderServi - Loading from file system: file:/D:/Code/ProjectJavaFX/bomberman/Bomber/target/classes/assets/ui/fonts/Quinquefive-Ea6d4.ttf
21:29:05.524 [FXGL Background Thread 1 ] DEBUG FXGLApplication      - Loading default localization
21:29:05.524 [FXGL Background Thread 1 ] DEBUG FXGLAssetLoaderServi - Loading from file system: jar:file:/C:/Users/thinh/.m2/repository/com/github/almasb/fxgl/11.17/fxgl-11.17.jar!/fxglassets/languages/english.lang
21:29:05.545 [FXGL Background Thread 1 ] INFO  FXGLApplication      - FXGL initialization took: 0.433 sec
21:29:05.558 [JavaFX Application Thread] DEBUG Input                - Registered new binding: Move Up - W
21:29:05.558 [JavaFX Application Thread] DEBUG Input                - Registered new binding: Move Down - S
21:29:05.559 [JavaFX Application Thread] DEBUG Input                - Registered new binding: Move Left - A
21:29:05.559 [JavaFX Application Thread] DEBUG Input                - Registered new binding: Move Right - D
21:29:05.559 [JavaFX Application Thread] DEBUG Input                - Registered new binding: Place Bomb - Space
21:29:05.559 [JavaFX Application Thread] DEBUG FXGLAssetLoaderServi - Loading from file system: file:/D:/Code/ProjectJavaFX/bomberman/Bomber/target/classes/assets/music/title_screen.mp3
21:29:05.625 [FXGL Background Thread 4 ] DEBUG FXGLAssetLoaderServi - Loading from file system: jar:file:/C:/Users/thinh/.m2/repository/com/github/almasb/fxgl/11.17/fxgl-11.17.jar!/fxglassets/ui/fonts/Abel-Regular.ttf
21:29:05.643 [FXGL Background Thread 4 ] DEBUG FXGLAssetLoaderServi - Loading from file system: jar:file:/C:/Users/thinh/.m2/repository/com/github/almasb/fxgl/11.17/fxgl-11.17.jar!/fxglassets/ui/fonts/lucida_console.ttf
21:29:05.664 [FXGL Background Thread 4 ] DEBUG FXGLAssetLoaderServi - Loading from file system: jar:file:/C:/Users/thinh/.m2/repository/com/github/almasb/fxgl/11.17/fxgl-11.17.jar!/fxglassets/ui/fonts/Courier-Prime.ttf
21:29:05.720 [JavaFX Application Thread] DEBUG AudioPlayer          - Playing music com.almasb.fxgl.audio.Music@2f5ee935
21:29:05.721 [JavaFX Application Thread] DEBUG FXGLAssetLoaderServi - Loading from file system: jar:file:/C:/Users/thinh/.m2/repository/com/github/almasb/fxgl/11.17/fxgl-11.17.jar!/fxglassets/textures/fxgl_icon.png
21:29:05.758 [JavaFX Application Thread] DEBUG FXGLAssetLoaderServi - Loading from file system: jar:file:/C:/Users/thinh/.m2/repository/com/github/almasb/fxgl/11.17/fxgl-11.17.jar!/fxglassets/textures/fxgl_default_cursor.png
21:29:05.760 [JavaFX Application Thread] DEBUG Input                - Registered new binding: Screenshot - CTRL+8
21:29:05.761 [JavaFX Application Thread] DEBUG Input                - Registered new binding: System info dump - CTRL+9
21:29:05.761 [JavaFX Application Thread] DEBUG Input                - Registered new binding: Restart - CTRL+R
21:29:05.762 [JavaFX Application Thread] DEBUG Input                - Registered new binding: Toggle Debug Camera - CTRL+C
21:29:05.765 [JavaFX Application Thread] DEBUG LoopRunner           - Starting loop
21:29:05.765 [JavaFX Application Thread] DEBUG LoopRunner           - Initializing JavaFX AnimationTimerLoop
21:29:05.769 [JavaFX Application Thread] DEBUG Input                - Clearing active input actions
21:29:05.775 [JavaFX Application Thread] DEBUG GameApplicationServi - Removing overlay from FXGLStartupScene and adding to FXGLMainMenuDummyScene
21:29:05.775 [JavaFX Application Thread] DEBUG PrimaryStageWindow   - FXGLStartupScene -> FXGLMainMenuDummyScene
21:29:05.775 [JavaFX Application Thread] DEBUG PrimaryStageWindow   - Push state: BombermanMenu
21:29:05.775 [JavaFX Application Thread] DEBUG Input                - Clearing active input actions
21:29:05.778 [JavaFX Application Thread] DEBUG GameApplicationServi - Removing overlay from FXGLMainMenuDummyScene and adding to BombermanMenu
21:29:05.779 [JavaFX Application Thread] DEBUG PrimaryStageWindow   - FXGLMainMenuDummyScene -> BombermanMenu
21:29:05.780 [JavaFX Application Thread] DEBUG FXGLApplication      - Registering font factories with UI factory
21:29:07.542 [JavaFX Application Thread] DEBUG Menu                 - fireNewGame()
21:29:07.543 [JavaFX Application Thread] DEBUG GameApplicationServi - Starting new game
21:29:07.543 [JavaFX Application Thread] DEBUG PrimaryStageWindow   - Pop state: BombermanMenu
21:29:07.543 [JavaFX Application Thread] DEBUG Input                - Clearing active input actions
21:29:07.544 [JavaFX Application Thread] DEBUG GameApplicationServi - Removing overlay from BombermanMenu and adding to FXGLMainMenuDummyScene
21:29:07.544 [JavaFX Application Thread] DEBUG PrimaryStageWindow   - FXGLMainMenuDummyScene <- BombermanMenu
21:29:07.544 [JavaFX Application Thread] DEBUG Input                - Clearing active input actions
21:29:07.553 [JavaFX Application Thread] DEBUG GameApplicationServi - Removing overlay from FXGLMainMenuDummyScene and adding to FXGLLoadingScene
21:29:07.553 [JavaFX Application Thread] DEBUG PrimaryStageWindow   - FXGLMainMenuDummyScene -> FXGLLoadingScene
21:29:07.553 [JavaFX Application Thread] DEBUG GameApplicationServi - Clearing previous game
21:29:07.553 [JavaFX Application Thread] DEBUG GameScene            - Clearing game scene
21:29:07.553 [JavaFX Application Thread] DEBUG GameWorld            - Clearing game world
21:29:07.553 [JavaFX Application Thread] DEBUG PhysicsWorld         - Clearing physics world
21:29:07.557 [FXGL Background Thread 2 ] DEBUG FXGLApplication      - Initializing game
21:29:07.599 [FXGL Background Thread 2 ] WARN  TMXLevelLoader       - TiledMap generated from 1.7.2. Supported version: 1.2.3. Some features may not be parsed fully.
21:29:07.628 [FXGL Background Thread 2 ] DEBUG TMXLevelLoader       - Parsed TiledMap: file:/D:/Code/ProjectJavaFX/bomberman/Bomber/target/classes/assets/levels/bbm_level1.tmx
21:29:07.629 [FXGL Background Thread 2 ] DEBUG TMXLevelLoader       - Creating tile layer entities
21:29:07.630 [FXGL Background Thread 2 ] DEBUG TilesetLoader        - Loading view for layer Tile Layer 1
21:29:07.634 [FXGL Background Thread 2 ] DEBUG TilesetLoader        - Created buffer with size 1488.0x720.0
21:29:07.749 [FXGL Background Thread 2 ] DEBUG TMXLevelLoader       - Creating object layer entities
21:29:07.780 [FXGL Background Thread 2 ] DEBUG FXGLAssetLoaderServi - Loading from file system: file:/D:/Code/ProjectJavaFX/bomberman/Bomber/target/classes/assets/textures/player_die.png
21:29:07.784 [FXGL Background Thread 2 ] DEBUG FXGLAssetLoaderServi - Loading from file system: file:/D:/Code/ProjectJavaFX/bomberman/Bomber/target/classes/assets/textures/player_down.png
21:29:07.786 [FXGL Background Thread 2 ] DEBUG FXGLAssetLoaderServi - Loading from file system: file:/D:/Code/ProjectJavaFX/bomberman/Bomber/target/classes/assets/textures/player_right.png
21:29:07.786 [FXGL Background Thread 2 ] DEBUG FXGLAssetLoaderServi - Loading from file system: file:/D:/Code/ProjectJavaFX/bomberman/Bomber/target/classes/assets/textures/player_up.png
21:29:07.787 [FXGL Background Thread 2 ] DEBUG FXGLAssetLoaderServi - Loading from file system: file:/D:/Code/ProjectJavaFX/bomberman/Bomber/target/classes/assets/textures/player_left.png
21:29:07.791 [FXGL Background Thread 2 ] WARN  Entity               - Entity already has component: com.almasb.fxgl.physics.PhysicsComponent
21:29:07.791 [FXGL Background Thread 2 ] DEBUG FXGLAssetLoaderServi - Loading from file system: file:/D:/Code/ProjectJavaFX/bomberman/Bomber/target/classes/assets/textures/brick.png
21:29:07.814 [FXGL Background Thread 2 ] DEBUG FXGLAssetLoaderServi - Loading from file system: file:/D:/Code/ProjectJavaFX/bomberman/Bomber/target/classes/assets/textures/balloom.png
21:29:07.890 [FXGL Background Thread 2 ] DEBUG FXGLAssetLoaderServi - Loading from file system: file:/D:/Code/ProjectJavaFX/bomberman/Bomber/target/classes/assets/textures/powerup_speed.png
21:29:07.893 [FXGL Background Thread 2 ] DEBUG FXGLAssetLoaderServi - Loading from file system: file:/D:/Code/ProjectJavaFX/bomberman/Bomber/target/classes/assets/textures/powerup_flames.png
21:29:07.894 [FXGL Background Thread 2 ] DEBUG FXGLAssetLoaderServi - Loading from file system: file:/D:/Code/ProjectJavaFX/bomberman/Bomber/target/classes/assets/textures/powerup_bombs.png
21:29:07.896 [FXGL Background Thread 2 ] DEBUG FXGLAssetLoaderServi - Loading from file system: file:/D:/Code/ProjectJavaFX/bomberman/Bomber/target/classes/assets/textures/powerup_flamepass.png
21:29:07.900 [FXGL Background Thread 2 ] DEBUG FXGLAssetLoaderServi - Loading from file system: file:/D:/Code/ProjectJavaFX/bomberman/Bomber/target/classes/assets/textures/portal.png
21:29:07.903 [FXGL Background Thread 2 ] DEBUG GameWorld            - Clearing removable entities
21:29:07.905 [FXGL Background Thread 2 ] DEBUG GameWorld            - Setting level: com.almasb.fxgl.entity.level.Level@7db0f776
21:29:07.984 [FXGL Background Thread 2 ] INFO  FXGLApplication      - Game initialization took: 0.427 sec
21:29:07.986 [JavaFX Application Thread] DEBUG Input                - Clearing active input actions
21:29:08.002 [JavaFX Application Thread] DEBUG GameApplicationServi - Removing overlay from FXGLLoadingScene and adding to GameScene
21:29:08.002 [JavaFX Application Thread] DEBUG PrimaryStageWindow   - FXGLLoadingScene -> GameScene
21:29:08.522 [FXGL Background Thread 3 ] DEBUG Engine               - Logging environment variables
21:29:08.522 [FXGL Background Thread 3 ] DEBUG Engine               - achievements: []
21:29:08.522 [FXGL Background Thread 3 ] DEBUG Engine               - actualHeight: 720.0
21:29:08.523 [FXGL Background Thread 3 ] DEBUG Engine               - actualHeightProperty: ReadOnlyDoubleProperty [value: 720.0]
21:29:08.523 [FXGL Background Thread 3 ] DEBUG Engine               - actualWidth: 720.0
21:29:08.523 [FXGL Background Thread 3 ] DEBUG Engine               - actualWidthProperty: ReadOnlyDoubleProperty [value: 720.0]
21:29:08.523 [FXGL Background Thread 3 ] DEBUG Engine               - appIcon: fxgl_icon.png
21:29:08.523 [FXGL Background Thread 3 ] DEBUG Engine               - applicationMode: DEVELOPER
21:29:08.523 [FXGL Background Thread 3 ] DEBUG Engine               - cSSList: [fxgl_dark.css]
21:29:08.523 [FXGL Background Thread 3 ] DEBUG Engine               - collisionDetectionStrategy: BRUTE_FORCE
21:29:08.524 [FXGL Background Thread 3 ] DEBUG Engine               - configClass: Optional.empty
21:29:08.524 [FXGL Background Thread 3 ] DEBUG Engine               - credits: []
21:29:08.524 [FXGL Background Thread 3 ] DEBUG Engine               - defaultCursor: CursorInfo(imageName=fxgl_default_cursor.png, hotspotX=7.0, hotspotY=6.0)
21:29:08.524 [FXGL Background Thread 3 ] DEBUG Engine               - devBBoxColorProperty: ObjectProperty [value: 0xff0000ff]
21:29:08.524 [FXGL Background Thread 3 ] DEBUG Engine               - devEnableDebugCameraProperty: BooleanProperty [value: false]
21:29:08.524 [FXGL Background Thread 3 ] DEBUG Engine               - devSensorColorProperty: ObjectProperty [value: 0xffff00ff]
21:29:08.524 [FXGL Background Thread 3 ] DEBUG Engine               - devShowBBoxProperty: BooleanProperty [value: false]
21:29:08.524 [FXGL Background Thread 3 ] DEBUG Engine               - devShowPositionProperty: BooleanProperty [value: false]
21:29:08.524 [FXGL Background Thread 3 ] DEBUG Engine               - enabledMenuItems: []
21:29:08.525 [FXGL Background Thread 3 ] DEBUG Engine               - engineServices: [class com.almasb.fxgl.app.services.FXGLAssetLoaderService, class com.almasb.fxgl.app.FXGLApplication$GameApplicationService, class com.almasb.fxgl.app.services.FXGLDialogService, class com.almasb.fxgl.app.services.IOTaskExecutorService, class com.almasb.fxgl.io.FileSystemService, class com.almasb.fxgl.localization.LocalizationService, class com.almasb.fxgl.app.services.SystemBundleService, class com.almasb.fxgl.profile.SaveLoadService, class com.almasb.fxgl.ui.FXGLUIFactoryServiceProvider, class com.almasb.fxgl.ui.FXGLDialogFactoryServiceProvider, class com.almasb.fxgl.audio.AudioPlayer, class com.almasb.fxgl.notification.impl.NotificationServiceProvider, class com.almasb.fxgl.achievement.AchievementService, class com.almasb.fxgl.cutscene.CutsceneService, class com.almasb.fxgl.minigames.MiniGameService, class com.almasb.fxgl.net.NetService, class com.almasb.fxgl.app.services.UpdaterService, class com.almasb.fxgl.dev.DevService]
21:29:08.525 [FXGL Background Thread 3 ] DEBUG Engine               - fontGame: Abel-Regular.ttf
21:29:08.525 [FXGL Background Thread 3 ] DEBUG Engine               - fontMono: lucida_console.ttf
21:29:08.525 [FXGL Background Thread 3 ] DEBUG Engine               - fontText: Courier-Prime.ttf
21:29:08.525 [FXGL Background Thread 3 ] DEBUG Engine               - fontUI: Quinquefive-Ea6d4.ttf
21:29:08.525 [FXGL Background Thread 3 ] DEBUG Engine               - fullScreen: BooleanProperty [value: false]
21:29:08.525 [FXGL Background Thread 3 ] DEBUG Engine               - gameDifficulty: MEDIUM
21:29:08.525 [FXGL Background Thread 3 ] DEBUG Engine               - gameDifficultyProperty: ObjectProperty [value: MEDIUM]
21:29:08.525 [FXGL Background Thread 3 ] DEBUG Engine               - globalMusicVolume: 0.5
21:29:08.525 [FXGL Background Thread 3 ] DEBUG Engine               - globalMusicVolumeProperty: DoubleProperty [value: 0.1]
21:29:08.525 [FXGL Background Thread 3 ] DEBUG Engine               - globalSoundVolume: 0.5
21:29:08.525 [FXGL Background Thread 3 ] DEBUG Engine               - globalSoundVolumeProperty: DoubleProperty [value: 0.1]
21:29:08.525 [FXGL Background Thread 3 ] DEBUG Engine               - height: 720
21:29:08.525 [FXGL Background Thread 3 ] DEBUG Engine               - is3D: false
21:29:08.526 [FXGL Background Thread 3 ] DEBUG Engine               - isAndroid: false
21:29:08.526 [FXGL Background Thread 3 ] DEBUG Engine               - isBrowser: false
21:29:08.526 [FXGL Background Thread 3 ] DEBUG Engine               - isClickFeedbackEnabled: false
21:29:08.526 [FXGL Background Thread 3 ] DEBUG Engine               - isCloseConfirmation: false
21:29:08.526 [FXGL Background Thread 3 ] DEBUG Engine               - isDesktop: true
21:29:08.526 [FXGL Background Thread 3 ] DEBUG Engine               - isDeveloperMenuEnabled: false
21:29:08.526 [FXGL Background Thread 3 ] DEBUG Engine               - isEntityPreloadEnabled: true
21:29:08.526 [FXGL Background Thread 3 ] DEBUG Engine               - isExperimentalTiledLargeMap: false
21:29:08.526 [FXGL Background Thread 3 ] DEBUG Engine               - isFileSystemWriteAllowed: true
21:29:08.526 [FXGL Background Thread 3 ] DEBUG Engine               - isFullScreenAllowed: false
21:29:08.526 [FXGL Background Thread 3 ] DEBUG Engine               - isFullScreenFromStart: false
21:29:08.526 [FXGL Background Thread 3 ] DEBUG Engine               - isGameMenuEnabled: true
21:29:08.526 [FXGL Background Thread 3 ] DEBUG Engine               - isIOS: false
21:29:08.526 [FXGL Background Thread 3 ] DEBUG Engine               - isIntroEnabled: false
21:29:08.526 [FXGL Background Thread 3 ] DEBUG Engine               - isLinux: false
21:29:08.527 [FXGL Background Thread 3 ] DEBUG Engine               - isMac: false
21:29:08.527 [FXGL Background Thread 3 ] DEBUG Engine               - isMainMenuEnabled: true
21:29:08.527 [FXGL Background Thread 3 ] DEBUG Engine               - isManualResizeEnabled: true
21:29:08.527 [FXGL Background Thread 3 ] DEBUG Engine               - isMobile: false
21:29:08.527 [FXGL Background Thread 3 ] DEBUG Engine               - isNative: false
21:29:08.527 [FXGL Background Thread 3 ] DEBUG Engine               - isPauseMusicWhenMinimized: true
21:29:08.527 [FXGL Background Thread 3 ] DEBUG Engine               - isPreserveResizeRatio: true
21:29:08.527 [FXGL Background Thread 3 ] DEBUG Engine               - isProfilingEnabled: false
21:29:08.527 [FXGL Background Thread 3 ] DEBUG Engine               - isScaleAffectedOnResize: true
21:29:08.527 [FXGL Background Thread 3 ] DEBUG Engine               - isSingleStep: false
21:29:08.527 [FXGL Background Thread 3 ] DEBUG Engine               - isUserProfileEnabled: false
21:29:08.528 [FXGL Background Thread 3 ] DEBUG Engine               - isWindows: true
21:29:08.528 [FXGL Background Thread 3 ] DEBUG Engine               - language: ObjectProperty [value: ENGLISH]
21:29:08.528 [FXGL Background Thread 3 ] DEBUG Engine               - menuKey: ESCAPE
21:29:08.528 [FXGL Background Thread 3 ] DEBUG Engine               - mouseSensitivity: 0.2
21:29:08.528 [FXGL Background Thread 3 ] DEBUG Engine               - notificationViewClass: class com.almasb.fxgl.notification.view.XboxNotificationView
21:29:08.528 [FXGL Background Thread 3 ] DEBUG Engine               - pixelsPerMeter: 50.0
21:29:08.528 [FXGL Background Thread 3 ] DEBUG Engine               - platform: WINDOWS
21:29:08.528 [FXGL Background Thread 3 ] DEBUG Engine               - prefHeightProperty: ReadOnlyDoubleProperty [value: 720.0]
21:29:08.528 [FXGL Background Thread 3 ] DEBUG Engine               - prefWidthProperty: ReadOnlyDoubleProperty [value: 720.0]
21:29:08.528 [FXGL Background Thread 3 ] DEBUG Engine               - profileDir: profiles/
21:29:08.528 [FXGL Background Thread 3 ] DEBUG Engine               - profileName: StringProperty [value: DEFAULT]
21:29:08.528 [FXGL Background Thread 3 ] DEBUG Engine               - randomSeed: -1
21:29:08.529 [FXGL Background Thread 3 ] DEBUG Engine               - runtimeInfo: RuntimeInfo(platform=WINDOWS, version=11.17, build=16.07.2021 15.46)
21:29:08.529 [FXGL Background Thread 3 ] DEBUG Engine               - saveFileExt: sav
21:29:08.529 [FXGL Background Thread 3 ] DEBUG Engine               - scaledHeightProp$fxgl: DoubleProperty [bound, value: 720.0]
21:29:08.529 [FXGL Background Thread 3 ] DEBUG Engine               - scaledWidthProp$fxgl: DoubleProperty [bound, value: 720.0]
21:29:08.529 [FXGL Background Thread 3 ] DEBUG Engine               - sceneFactory: Bomber.BombermanApp$1@480128a9
21:29:08.529 [FXGL Background Thread 3 ] DEBUG Engine               - secondsIn24h: 60
21:29:08.529 [FXGL Background Thread 3 ] DEBUG Engine               - soundMenuBack: menu/back.wav
21:29:08.529 [FXGL Background Thread 3 ] DEBUG Engine               - soundMenuPress: menu/press.wav
21:29:08.529 [FXGL Background Thread 3 ] DEBUG Engine               - soundMenuSelect: menu/select.wav
21:29:08.529 [FXGL Background Thread 3 ] DEBUG Engine               - soundNotification: core/notification.wav
21:29:08.529 [FXGL Background Thread 3 ] DEBUG Engine               - stageStyle: DECORATED
21:29:08.529 [FXGL Background Thread 3 ] DEBUG Engine               - supportedLanguages: [ENGLISH, FRENCH, GERMAN, HUNGARIAN, RUSSIAN]
21:29:08.529 [FXGL Background Thread 3 ] DEBUG Engine               - ticksPerSecond: -1
21:29:08.529 [FXGL Background Thread 3 ] DEBUG Engine               - title: BOMBERMAN
21:29:08.530 [FXGL Background Thread 3 ] DEBUG Engine               - urlGithub: https://github.com/AlmasB/FXGL
21:29:08.530 [FXGL Background Thread 3 ] DEBUG Engine               - urlLeaderboard: http://fxgl-top.herokuapp.com/
21:29:08.530 [FXGL Background Thread 3 ] DEBUG Engine               - urlPOM: https://raw.githubusercontent.com/AlmasB/FXGL/release/README.md
21:29:08.530 [FXGL Background Thread 3 ] DEBUG Engine               - userAppClass: class Bomber.BombermanApp
21:29:08.530 [FXGL Background Thread 3 ] DEBUG Engine               - version: 1.0
21:29:08.530 [FXGL Background Thread 3 ] DEBUG Engine               - versionCheckDays: 7
21:29:08.530 [FXGL Background Thread 3 ] DEBUG Engine               - width: 720
21:29:08.530 [FXGL Background Thread 3 ] DEBUG Engine               - Logging services
21:29:08.530 [FXGL Background Thread 3 ] DEBUG Engine               - class com.almasb.fxgl.app.services.FXGLAssetLoaderService
21:29:08.530 [FXGL Background Thread 3 ] DEBUG Engine               - class com.almasb.fxgl.app.FXGLApplication$GameApplicationService
21:29:08.530 [FXGL Background Thread 3 ] DEBUG Engine               - class com.almasb.fxgl.app.services.FXGLDialogService
21:29:08.530 [FXGL Background Thread 3 ] DEBUG Engine               - class com.almasb.fxgl.app.services.IOTaskExecutorService
21:29:08.530 [FXGL Background Thread 3 ] DEBUG Engine               - class com.almasb.fxgl.io.FileSystemService
21:29:08.530 [FXGL Background Thread 3 ] DEBUG Engine               - class com.almasb.fxgl.localization.LocalizationService
21:29:08.530 [FXGL Background Thread 3 ] DEBUG Engine               - class com.almasb.fxgl.app.services.SystemBundleService
21:29:08.530 [FXGL Background Thread 3 ] DEBUG Engine               - class com.almasb.fxgl.profile.SaveLoadService
21:29:08.530 [FXGL Background Thread 3 ] DEBUG Engine               - class com.almasb.fxgl.ui.FXGLUIFactoryServiceProvider
21:29:08.530 [FXGL Background Thread 3 ] DEBUG Engine               - class com.almasb.fxgl.ui.FXGLDialogFactoryServiceProvider
21:29:08.530 [FXGL Background Thread 3 ] DEBUG Engine               - class com.almasb.fxgl.audio.AudioPlayer
21:29:08.530 [FXGL Background Thread 3 ] DEBUG Engine               - class com.almasb.fxgl.notification.impl.NotificationServiceProvider
21:29:08.530 [FXGL Background Thread 3 ] DEBUG Engine               - class com.almasb.fxgl.achievement.AchievementService
21:29:08.530 [FXGL Background Thread 3 ] DEBUG Engine               - class com.almasb.fxgl.cutscene.CutsceneService
21:29:08.530 [FXGL Background Thread 3 ] DEBUG Engine               - class com.almasb.fxgl.minigames.MiniGameService
21:29:08.530 [FXGL Background Thread 3 ] DEBUG Engine               - class com.almasb.fxgl.net.NetService
21:29:08.530 [FXGL Background Thread 3 ] DEBUG Engine               - class com.almasb.fxgl.app.services.UpdaterService
21:29:08.531 [FXGL Background Thread 3 ] DEBUG Engine               - class com.almasb.fxgl.dev.DevService
21:29:12.395 [JavaFX Application Thread] DEBUG FXGLAssetLoaderServi - Loading from file system: file:/D:/Code/ProjectJavaFX/bomberman/Bomber/target/classes/assets/textures/bomb_ani.png
21:29:14.094 [JavaFX Application Thread] WARN  TMXLevelLoader       - TiledMap generated from 1.7.2. Supported version: 1.2.3. Some features may not be parsed fully.
21:29:14.105 [JavaFX Application Thread] DEBUG TMXLevelLoader       - Parsed TiledMap: file:/D:/Code/ProjectJavaFX/bomberman/Bomber/target/classes/assets/levels/bbm_level1.tmx
21:29:14.105 [JavaFX Application Thread] DEBUG TMXLevelLoader       - Creating tile layer entities
21:29:14.105 [JavaFX Application Thread] DEBUG TilesetLoader        - Loading view for layer Tile Layer 1
21:29:14.106 [JavaFX Application Thread] DEBUG TilesetLoader        - Created buffer with size 1488.0x720.0
21:29:14.170 [JavaFX Application Thread] DEBUG TMXLevelLoader       - Creating object layer entities
21:29:14.171 [JavaFX Application Thread] WARN  Entity               - Entity already has component: com.almasb.fxgl.physics.PhysicsComponent
21:29:14.206 [JavaFX Application Thread] DEBUG GameWorld            - Clearing removable entities
21:29:14.225 [JavaFX Application Thread] DEBUG GameWorld            - Setting level: com.almasb.fxgl.entity.level.Level@abea154
21:29:15.310 [JavaFX Application Thread] WARN  TMXLevelLoader       - TiledMap generated from 1.7.2. Supported version: 1.2.3. Some features may not be parsed fully.
21:29:15.317 [JavaFX Application Thread] DEBUG TMXLevelLoader       - Parsed TiledMap: file:/D:/Code/ProjectJavaFX/bomberman/Bomber/target/classes/assets/levels/bbm_level1.tmx
21:29:15.317 [JavaFX Application Thread] DEBUG TMXLevelLoader       - Creating tile layer entities
21:29:15.317 [JavaFX Application Thread] DEBUG TilesetLoader        - Loading view for layer Tile Layer 1
21:29:15.318 [JavaFX Application Thread] DEBUG TilesetLoader        - Created buffer with size 1488.0x720.0
21:29:15.372 [JavaFX Application Thread] DEBUG TMXLevelLoader       - Creating object layer entities
21:29:15.374 [JavaFX Application Thread] WARN  Entity               - Entity already has component: com.almasb.fxgl.physics.PhysicsComponent
21:29:15.408 [JavaFX Application Thread] DEBUG GameWorld            - Clearing removable entities
21:29:15.419 [JavaFX Application Thread] DEBUG GameWorld            - Setting level: com.almasb.fxgl.entity.level.Level@62d113f
21:29:23.689 [JavaFX Application Thread] DEBUG FXGLAssetLoaderServi - Loading from file system: file:/D:/Code/ProjectJavaFX/bomberman/Bomber/target/classes/assets/textures/bomb_exploded_1.png
21:29:27.982 [JavaFX Application Thread] WARN  TMXLevelLoader       - TiledMap generated from 1.7.2. Supported version: 1.2.3. Some features may not be parsed fully.
21:29:27.986 [JavaFX Application Thread] DEBUG TMXLevelLoader       - Parsed TiledMap: file:/D:/Code/ProjectJavaFX/bomberman/Bomber/target/classes/assets/levels/bbm_level1.tmx
21:29:27.986 [JavaFX Application Thread] DEBUG TMXLevelLoader       - Creating tile layer entities
21:29:27.986 [JavaFX Application Thread] DEBUG TilesetLoader        - Loading view for layer Tile Layer 1
21:29:27.986 [JavaFX Application Thread] DEBUG TilesetLoader        - Created buffer with size 1488.0x720.0
21:29:28.028 [JavaFX Application Thread] DEBUG TMXLevelLoader       - Creating object layer entities
21:29:28.029 [JavaFX Application Thread] WARN  Entity               - Entity already has component: com.almasb.fxgl.physics.PhysicsComponent
21:29:28.056 [JavaFX Application Thread] DEBUG GameWorld            - Clearing removable entities
21:29:28.063 [JavaFX Application Thread] DEBUG GameWorld            - Setting level: com.almasb.fxgl.entity.level.Level@4aaa3d10
21:29:32.798 [JavaFX Application Thread] WARN  TMXLevelLoader       - TiledMap generated from 1.7.2. Supported version: 1.2.3. Some features may not be parsed fully.
21:29:32.800 [JavaFX Application Thread] DEBUG TMXLevelLoader       - Parsed TiledMap: file:/D:/Code/ProjectJavaFX/bomberman/Bomber/target/classes/assets/levels/bbm_level1.tmx
21:29:32.800 [JavaFX Application Thread] DEBUG TMXLevelLoader       - Creating tile layer entities
21:29:32.800 [JavaFX Application Thread] DEBUG TilesetLoader        - Loading view for layer Tile Layer 1
21:29:32.801 [JavaFX Application Thread] DEBUG TilesetLoader        - Created buffer with size 1488.0x720.0
21:29:32.833 [JavaFX Application Thread] DEBUG TMXLevelLoader       - Creating object layer entities
21:29:32.834 [JavaFX Application Thread] WARN  Entity               - Entity already has component: com.almasb.fxgl.physics.PhysicsComponent
21:29:32.851 [JavaFX Application Thread] DEBUG GameWorld            - Clearing removable entities
21:29:32.858 [JavaFX Application Thread] DEBUG GameWorld            - Setting level: com.almasb.fxgl.entity.level.Level@494c44c3
21:29:34.268 [JavaFX Application Thread] DEBUG FXGLApplication      - Exiting FXGL
21:29:34.268 [JavaFX Application Thread] DEBUG LoopRunner           - Stopping loop
21:29:34.268 [JavaFX Application Thread] DEBUG SystemBundleService  - Saving FXGL system data
21:29:34.271 [JavaFX Application Thread] DEBUG FileSystemAccess     - Writing to: D:\Code\ProjectJavaFX\bomberman\Bomber\system\fxgl.bundle
21:29:34.273 [JavaFX Application Thread] DEBUG Async                - Shutting down background threads
21:29:34.274 [JavaFX Application Thread] DEBUG PrimaryStageWindow   - Closing main window
21:29:34.288 [JavaFX Application Thread] DEBUG Logger               - Closing Logger
