16:38:38.382 [main                     ] DEBUG Logger               - Configured Logger
16:38:38.382 [main                     ] DEBUG GameApplication      - Logging settings
Title: BOMBERMAN
Version: 1.0
Width: 704
Height: 832
Fullscreen: false
Intro: false
Profiling: false
Single step:false
App Mode: DEVELOPER
Menu Key: ESCAPE
Stage Style: DECORATED
Scene Factory: class Bomber.BombermanApp$1

16:38:38.737 [JavaFX Application Thread] DEBUG FXGLApplication      - Initializing FXGL
16:38:38.739 [JavaFX Application Thread] INFO  Engine               - FXGL-11.17 (16.07.2021 15.46) on WINDOWS (J:17.0.1 FX:16)
16:38:38.739 [JavaFX Application Thread] DEBUG Engine               - JRE Vendor Name: Oracle Corporation
16:38:38.739 [JavaFX Application Thread] DEBUG Engine               - Running on OS: Windows 10 version 10.0
16:38:38.739 [JavaFX Application Thread] DEBUG Engine               - Architecture: amd64
16:38:38.739 [JavaFX Application Thread] INFO  Engine               - Source code and latest versions at: https://github.com/AlmasB/FXGL
16:38:38.740 [JavaFX Application Thread] INFO  Engine               -              Join the FXGL chat at: https://gitter.im/AlmasB/FXGL
16:38:38.843 [JavaFX Application Thread] DEBUG PrimaryStageWindow   - Creating a JavaFX scene
16:38:38.844 [JavaFX Application Thread] DEBUG PrimaryStageWindow   - Target size > screen size
16:38:38.880 [JavaFX Application Thread] DEBUG PrimaryStageWindow   - Target settings size: 704.0 x 832.0
16:38:38.880 [JavaFX Application Thread] DEBUG PrimaryStageWindow   - Scaled scene size:    665.0 x 815.0
16:38:38.880 [JavaFX Application Thread] DEBUG PrimaryStageWindow   - Scaled ratio: (0.9446022727272727, 0.9795673076923077)
16:38:38.881 [JavaFX Application Thread] DEBUG PrimaryStageWindow   - Set initial scene to FXGLStartupScene
16:38:38.889 [JavaFX Application Thread] DEBUG PrimaryStageWindow   - Opening main window
16:38:38.976 [JavaFX Application Thread] DEBUG PrimaryStageWindow   - Window border size: (15.0, 37.79998779296875)
16:38:38.977 [JavaFX Application Thread] DEBUG PrimaryStageWindow   - Scaled size: 665.0 x 815.0
16:38:38.977 [JavaFX Application Thread] DEBUG PrimaryStageWindow   - Scaled ratio: (0.9446022727272727, 0.9795673076923077)
16:38:38.977 [JavaFX Application Thread] DEBUG PrimaryStageWindow   - Scene size: 665.0 x 815.0
16:38:38.977 [JavaFX Application Thread] DEBUG PrimaryStageWindow   - Stage size: 680.0 x 852.7999877929688
16:38:38.990 [FXGL Background Thread 1 ] DEBUG Engine               - Initializing environment variables
16:38:39.075 [FXGL Background Thread 1 ] DEBUG FXGLAssetLoaderServi - User app class for loading assets: class Bomber.BombermanApp
16:38:39.075 [FXGL Background Thread 1 ] DEBUG GameApplicationServi - Applying CSS: fxgl_dark.css
16:38:39.076 [FXGL Background Thread 1 ] DEBUG FXGLAssetLoaderServi - Loading from file system: jar:file:/C:/Users/thinh/.m2/repository/com/github/almasb/fxgl/11.17/fxgl-11.17.jar!/fxglassets/ui/css/fxgl_dark.css
16:38:39.129 [FXGL Background Thread 1 ] DEBUG GameApplicationServi - Initializing application scenes
16:38:39.175 [FXGL Background Thread 1 ] DEBUG GameWorld            - Game world initialized
16:38:39.251 [FXGL Background Thread 1 ] DEBUG PhysicsWorld         - Physics world initialized: appHeight=832, physics.ppm=50.0
16:38:39.251 [FXGL Background Thread 1 ] DEBUG PhysicsWorld         - Using strategy: BRUTE_FORCE
16:38:39.254 [FXGL Background Thread 1 ] DEBUG GameScene            - Game scene initialized: 704x832
16:38:39.336 [FXGL Background Thread 1 ] DEBUG GameApplicationServi - Application scenes initialized
16:38:39.345 [FXGL Background Thread 1 ] DEBUG SystemBundleService  - Loading FXGL system data
16:38:39.351 [FXGL Background Thread 1 ] DEBUG FileSystemAccess     - Reading from: D:\Code\ProjectJavaFX\bomberman\Bomber\system\fxgl.bundle
16:38:39.358 [FXGL Background Thread 1 ] DEBUG SystemBundleService  - Bundle FXGL: {}
16:38:39.358 [FXGL Background Thread 1 ] DEBUG UpdaterService       - Checking for updates
16:38:39.364 [FXGL Background Thread 4 ] DEBUG FXGLApplication      - Loading fonts
16:38:39.365 [FXGL Background Thread 4 ] DEBUG FXGLAssetLoaderServi - Loading from file system: file:/D:/Code/ProjectJavaFX/bomberman/Bomber/target/classes/assets/ui/fonts/Quinquefive-Ea6d4.ttf
16:38:39.365 [FXGL Background Thread 1 ] DEBUG FXGLApplication      - Loading default localization
16:38:39.366 [FXGL Background Thread 1 ] DEBUG FXGLAssetLoaderServi - Loading from file system: jar:file:/C:/Users/thinh/.m2/repository/com/github/almasb/fxgl/11.17/fxgl-11.17.jar!/fxglassets/languages/english.lang
16:38:39.386 [FXGL Background Thread 1 ] INFO  FXGLApplication      - FXGL initialization took: 0.397 sec
16:38:39.399 [JavaFX Application Thread] DEBUG Input                - Registered new binding: Move Up - W
16:38:39.399 [JavaFX Application Thread] DEBUG Input                - Registered new binding: Move Down - S
16:38:39.399 [JavaFX Application Thread] DEBUG Input                - Registered new binding: Move Left - A
16:38:39.400 [JavaFX Application Thread] DEBUG Input                - Registered new binding: Move Right - D
16:38:39.400 [JavaFX Application Thread] DEBUG Input                - Registered new binding: Place Bomb - Space
16:38:39.400 [JavaFX Application Thread] DEBUG FXGLAssetLoaderServi - Loading from file system: file:/D:/Code/ProjectJavaFX/bomberman/Bomber/target/classes/assets/music/title_screen.mp3
16:38:39.441 [FXGL Background Thread 4 ] DEBUG FXGLAssetLoaderServi - Loading from file system: jar:file:/C:/Users/thinh/.m2/repository/com/github/almasb/fxgl/11.17/fxgl-11.17.jar!/fxglassets/ui/fonts/Abel-Regular.ttf
16:38:39.456 [FXGL Background Thread 4 ] DEBUG FXGLAssetLoaderServi - Loading from file system: jar:file:/C:/Users/thinh/.m2/repository/com/github/almasb/fxgl/11.17/fxgl-11.17.jar!/fxglassets/ui/fonts/lucida_console.ttf
16:38:39.473 [FXGL Background Thread 4 ] DEBUG FXGLAssetLoaderServi - Loading from file system: jar:file:/C:/Users/thinh/.m2/repository/com/github/almasb/fxgl/11.17/fxgl-11.17.jar!/fxglassets/ui/fonts/Courier-Prime.ttf
16:38:39.551 [JavaFX Application Thread] DEBUG AudioPlayer          - Playing music com.almasb.fxgl.audio.Music@5f6a2d45
16:38:39.551 [JavaFX Application Thread] DEBUG FXGLAssetLoaderServi - Loading from file system: jar:file:/C:/Users/thinh/.m2/repository/com/github/almasb/fxgl/11.17/fxgl-11.17.jar!/fxglassets/textures/fxgl_icon.png
16:38:39.575 [JavaFX Application Thread] DEBUG FXGLAssetLoaderServi - Loading from file system: jar:file:/C:/Users/thinh/.m2/repository/com/github/almasb/fxgl/11.17/fxgl-11.17.jar!/fxglassets/textures/fxgl_default_cursor.png
16:38:39.577 [JavaFX Application Thread] DEBUG Input                - Registered new binding: Screenshot - CTRL+8
16:38:39.578 [JavaFX Application Thread] DEBUG Input                - Registered new binding: System info dump - CTRL+9
16:38:39.578 [JavaFX Application Thread] DEBUG Input                - Registered new binding: Restart - CTRL+R
16:38:39.579 [JavaFX Application Thread] DEBUG Input                - Registered new binding: Toggle Debug Camera - CTRL+C
16:38:39.581 [JavaFX Application Thread] DEBUG LoopRunner           - Starting loop
16:38:39.581 [JavaFX Application Thread] DEBUG LoopRunner           - Initializing JavaFX AnimationTimerLoop
16:38:39.584 [JavaFX Application Thread] DEBUG Input                - Clearing active input actions
16:38:39.591 [JavaFX Application Thread] DEBUG GameApplicationServi - Removing overlay from FXGLStartupScene and adding to FXGLMainMenuDummyScene
16:38:39.591 [JavaFX Application Thread] DEBUG PrimaryStageWindow   - FXGLStartupScene -> FXGLMainMenuDummyScene
16:38:39.591 [JavaFX Application Thread] DEBUG PrimaryStageWindow   - Push state: BombermanMenu
16:38:39.591 [JavaFX Application Thread] DEBUG Input                - Clearing active input actions
16:38:39.597 [JavaFX Application Thread] DEBUG GameApplicationServi - Removing overlay from FXGLMainMenuDummyScene and adding to BombermanMenu
16:38:39.598 [JavaFX Application Thread] DEBUG PrimaryStageWindow   - FXGLMainMenuDummyScene -> BombermanMenu
16:38:39.598 [JavaFX Application Thread] DEBUG FXGLApplication      - Registering font factories with UI factory
16:38:42.363 [FXGL Background Thread 3 ] DEBUG Engine               - Logging environment variables
16:38:42.363 [FXGL Background Thread 3 ] DEBUG Engine               - achievements: []
16:38:42.363 [FXGL Background Thread 3 ] DEBUG Engine               - actualHeight: 815.0
16:38:42.363 [FXGL Background Thread 3 ] DEBUG Engine               - actualHeightProperty: ReadOnlyDoubleProperty [value: 815.0]
16:38:42.363 [FXGL Background Thread 3 ] DEBUG Engine               - actualWidth: 665.0
16:38:42.364 [FXGL Background Thread 3 ] DEBUG Engine               - actualWidthProperty: ReadOnlyDoubleProperty [value: 665.0]
16:38:42.364 [FXGL Background Thread 3 ] DEBUG Engine               - appIcon: fxgl_icon.png
16:38:42.364 [FXGL Background Thread 3 ] DEBUG Engine               - applicationMode: DEVELOPER
16:38:42.364 [FXGL Background Thread 3 ] DEBUG Engine               - cSSList: [fxgl_dark.css]
16:38:42.364 [FXGL Background Thread 3 ] DEBUG Engine               - collisionDetectionStrategy: BRUTE_FORCE
16:38:42.364 [FXGL Background Thread 3 ] DEBUG Engine               - configClass: Optional.empty
16:38:42.364 [FXGL Background Thread 3 ] DEBUG Engine               - credits: []
16:38:42.364 [FXGL Background Thread 3 ] DEBUG Engine               - defaultCursor: CursorInfo(imageName=fxgl_default_cursor.png, hotspotX=7.0, hotspotY=6.0)
16:38:42.364 [FXGL Background Thread 3 ] DEBUG Engine               - devBBoxColorProperty: ObjectProperty [value: 0xff0000ff]
16:38:42.365 [FXGL Background Thread 3 ] DEBUG Engine               - devEnableDebugCameraProperty: BooleanProperty [value: false]
16:38:42.365 [FXGL Background Thread 3 ] DEBUG Engine               - devSensorColorProperty: ObjectProperty [value: 0xffff00ff]
16:38:42.365 [FXGL Background Thread 3 ] DEBUG Engine               - devShowBBoxProperty: BooleanProperty [value: false]
16:38:42.365 [FXGL Background Thread 3 ] DEBUG Engine               - devShowPositionProperty: BooleanProperty [value: false]
16:38:42.365 [FXGL Background Thread 3 ] DEBUG Engine               - enabledMenuItems: []
16:38:42.365 [FXGL Background Thread 3 ] DEBUG Engine               - engineServices: [class com.almasb.fxgl.app.services.FXGLAssetLoaderService, class com.almasb.fxgl.app.FXGLApplication$GameApplicationService, class com.almasb.fxgl.app.services.FXGLDialogService, class com.almasb.fxgl.app.services.IOTaskExecutorService, class com.almasb.fxgl.io.FileSystemService, class com.almasb.fxgl.localization.LocalizationService, class com.almasb.fxgl.app.services.SystemBundleService, class com.almasb.fxgl.profile.SaveLoadService, class com.almasb.fxgl.ui.FXGLUIFactoryServiceProvider, class com.almasb.fxgl.ui.FXGLDialogFactoryServiceProvider, class com.almasb.fxgl.audio.AudioPlayer, class com.almasb.fxgl.notification.impl.NotificationServiceProvider, class com.almasb.fxgl.achievement.AchievementService, class com.almasb.fxgl.cutscene.CutsceneService, class com.almasb.fxgl.minigames.MiniGameService, class com.almasb.fxgl.net.NetService, class com.almasb.fxgl.app.services.UpdaterService, class com.almasb.fxgl.dev.DevService]
16:38:42.365 [FXGL Background Thread 3 ] DEBUG Engine               - fontGame: Abel-Regular.ttf
16:38:42.365 [FXGL Background Thread 3 ] DEBUG Engine               - fontMono: lucida_console.ttf
16:38:42.365 [FXGL Background Thread 3 ] DEBUG Engine               - fontText: Courier-Prime.ttf
16:38:42.366 [FXGL Background Thread 3 ] DEBUG Engine               - fontUI: Quinquefive-Ea6d4.ttf
16:38:42.366 [FXGL Background Thread 3 ] DEBUG Engine               - fullScreen: BooleanProperty [value: false]
16:38:42.366 [FXGL Background Thread 3 ] DEBUG Engine               - gameDifficulty: MEDIUM
16:38:42.366 [FXGL Background Thread 3 ] DEBUG Engine               - gameDifficultyProperty: ObjectProperty [value: MEDIUM]
16:38:42.366 [FXGL Background Thread 3 ] DEBUG Engine               - globalMusicVolume: 0.5
16:38:42.366 [FXGL Background Thread 3 ] DEBUG Engine               - globalMusicVolumeProperty: DoubleProperty [value: 0.3]
16:38:42.366 [FXGL Background Thread 3 ] DEBUG Engine               - globalSoundVolume: 0.5
16:38:42.366 [FXGL Background Thread 3 ] DEBUG Engine               - globalSoundVolumeProperty: DoubleProperty [value: 0.3]
16:38:42.366 [FXGL Background Thread 3 ] DEBUG Engine               - height: 832
16:38:42.366 [FXGL Background Thread 3 ] DEBUG Engine               - is3D: false
16:38:42.366 [FXGL Background Thread 3 ] DEBUG Engine               - isAndroid: false
16:38:42.367 [FXGL Background Thread 3 ] DEBUG Engine               - isBrowser: false
16:38:42.367 [FXGL Background Thread 3 ] DEBUG Engine               - isClickFeedbackEnabled: false
16:38:42.367 [FXGL Background Thread 3 ] DEBUG Engine               - isCloseConfirmation: false
16:38:42.367 [FXGL Background Thread 3 ] DEBUG Engine               - isDesktop: true
16:38:42.367 [FXGL Background Thread 3 ] DEBUG Engine               - isDeveloperMenuEnabled: false
16:38:42.367 [FXGL Background Thread 3 ] DEBUG Engine               - isEntityPreloadEnabled: true
16:38:42.367 [FXGL Background Thread 3 ] DEBUG Engine               - isExperimentalTiledLargeMap: false
16:38:42.367 [FXGL Background Thread 3 ] DEBUG Engine               - isFileSystemWriteAllowed: true
16:38:42.367 [FXGL Background Thread 3 ] DEBUG Engine               - isFullScreenAllowed: false
16:38:42.367 [FXGL Background Thread 3 ] DEBUG Engine               - isFullScreenFromStart: false
16:38:42.367 [FXGL Background Thread 3 ] DEBUG Engine               - isGameMenuEnabled: true
16:38:42.367 [FXGL Background Thread 3 ] DEBUG Engine               - isIOS: false
16:38:42.367 [FXGL Background Thread 3 ] DEBUG Engine               - isIntroEnabled: false
16:38:42.367 [FXGL Background Thread 3 ] DEBUG Engine               - isLinux: false
16:38:42.367 [FXGL Background Thread 3 ] DEBUG Engine               - isMac: false
16:38:42.369 [FXGL Background Thread 3 ] DEBUG Engine               - isMainMenuEnabled: true
16:38:42.369 [FXGL Background Thread 3 ] DEBUG Engine               - isManualResizeEnabled: false
16:38:42.369 [FXGL Background Thread 3 ] DEBUG Engine               - isMobile: false
16:38:42.369 [FXGL Background Thread 3 ] DEBUG Engine               - isNative: false
16:38:42.369 [FXGL Background Thread 3 ] DEBUG Engine               - isPauseMusicWhenMinimized: true
16:38:42.369 [FXGL Background Thread 3 ] DEBUG Engine               - isPreserveResizeRatio: false
16:38:42.369 [FXGL Background Thread 3 ] DEBUG Engine               - isProfilingEnabled: false
16:38:42.369 [FXGL Background Thread 3 ] DEBUG Engine               - isScaleAffectedOnResize: true
16:38:42.369 [FXGL Background Thread 3 ] DEBUG Engine               - isSingleStep: false
16:38:42.369 [FXGL Background Thread 3 ] DEBUG Engine               - isUserProfileEnabled: false
16:38:42.369 [FXGL Background Thread 3 ] DEBUG Engine               - isWindows: true
16:38:42.370 [FXGL Background Thread 3 ] DEBUG Engine               - language: ObjectProperty [value: ENGLISH]
16:38:42.370 [FXGL Background Thread 3 ] DEBUG Engine               - menuKey: ESCAPE
16:38:42.370 [FXGL Background Thread 3 ] DEBUG Engine               - mouseSensitivity: 0.2
16:38:42.370 [FXGL Background Thread 3 ] DEBUG Engine               - notificationViewClass: class com.almasb.fxgl.notification.view.XboxNotificationView
16:38:42.370 [FXGL Background Thread 3 ] DEBUG Engine               - pixelsPerMeter: 50.0
16:38:42.370 [FXGL Background Thread 3 ] DEBUG Engine               - platform: WINDOWS
16:38:42.370 [FXGL Background Thread 3 ] DEBUG Engine               - prefHeightProperty: ReadOnlyDoubleProperty [value: 832.0]
16:38:42.370 [FXGL Background Thread 3 ] DEBUG Engine               - prefWidthProperty: ReadOnlyDoubleProperty [value: 704.0]
16:38:42.370 [FXGL Background Thread 3 ] DEBUG Engine               - profileDir: profiles/
16:38:42.370 [FXGL Background Thread 3 ] DEBUG Engine               - profileName: StringProperty [value: DEFAULT]
16:38:42.370 [FXGL Background Thread 3 ] DEBUG Engine               - randomSeed: -1
16:38:42.370 [FXGL Background Thread 3 ] DEBUG Engine               - runtimeInfo: RuntimeInfo(platform=WINDOWS, version=11.17, build=16.07.2021 15.46)
16:38:42.371 [FXGL Background Thread 3 ] DEBUG Engine               - saveFileExt: sav
16:38:42.371 [FXGL Background Thread 3 ] DEBUG Engine               - scaledHeightProp$fxgl: DoubleProperty [bound, value: 815.0]
16:38:42.371 [FXGL Background Thread 3 ] DEBUG Engine               - scaledWidthProp$fxgl: DoubleProperty [bound, value: 665.0]
16:38:42.371 [FXGL Background Thread 3 ] DEBUG Engine               - sceneFactory: Bomber.BombermanApp$1@6f484f7b
16:38:42.371 [FXGL Background Thread 3 ] DEBUG Engine               - secondsIn24h: 60
16:38:42.371 [FXGL Background Thread 3 ] DEBUG Engine               - soundMenuBack: menu/back.wav
16:38:42.371 [FXGL Background Thread 3 ] DEBUG Engine               - soundMenuPress: menu/press.wav
16:38:42.371 [FXGL Background Thread 3 ] DEBUG Engine               - soundMenuSelect: menu/select.wav
16:38:42.371 [FXGL Background Thread 3 ] DEBUG Engine               - soundNotification: core/notification.wav
16:38:42.371 [FXGL Background Thread 3 ] DEBUG Engine               - stageStyle: DECORATED
16:38:42.371 [FXGL Background Thread 3 ] DEBUG Engine               - supportedLanguages: [ENGLISH, FRENCH, GERMAN, HUNGARIAN, RUSSIAN]
16:38:42.371 [FXGL Background Thread 3 ] DEBUG Engine               - ticksPerSecond: -1
16:38:42.371 [FXGL Background Thread 3 ] DEBUG Engine               - title: BOMBERMAN
16:38:42.371 [FXGL Background Thread 3 ] DEBUG Engine               - urlGithub: https://github.com/AlmasB/FXGL
16:38:42.371 [FXGL Background Thread 3 ] DEBUG Engine               - urlLeaderboard: http://fxgl-top.herokuapp.com/
16:38:42.371 [FXGL Background Thread 3 ] DEBUG Engine               - urlPOM: https://raw.githubusercontent.com/AlmasB/FXGL/release/README.md
16:38:42.371 [FXGL Background Thread 3 ] DEBUG Engine               - userAppClass: class Bomber.BombermanApp
16:38:42.372 [FXGL Background Thread 3 ] DEBUG Engine               - version: 1.0
16:38:42.372 [FXGL Background Thread 3 ] DEBUG Engine               - versionCheckDays: 7
16:38:42.372 [FXGL Background Thread 3 ] DEBUG Engine               - width: 704
16:38:42.372 [FXGL Background Thread 3 ] DEBUG Engine               - Logging services
16:38:42.372 [FXGL Background Thread 3 ] DEBUG Engine               - class com.almasb.fxgl.app.services.FXGLAssetLoaderService
16:38:42.372 [FXGL Background Thread 3 ] DEBUG Engine               - class com.almasb.fxgl.app.FXGLApplication$GameApplicationService
16:38:42.372 [FXGL Background Thread 3 ] DEBUG Engine               - class com.almasb.fxgl.app.services.FXGLDialogService
16:38:42.372 [FXGL Background Thread 3 ] DEBUG Engine               - class com.almasb.fxgl.app.services.IOTaskExecutorService
16:38:42.372 [FXGL Background Thread 3 ] DEBUG Engine               - class com.almasb.fxgl.io.FileSystemService
16:38:42.372 [FXGL Background Thread 3 ] DEBUG Engine               - class com.almasb.fxgl.localization.LocalizationService
16:38:42.372 [FXGL Background Thread 3 ] DEBUG Engine               - class com.almasb.fxgl.app.services.SystemBundleService
16:38:42.372 [FXGL Background Thread 3 ] DEBUG Engine               - class com.almasb.fxgl.profile.SaveLoadService
16:38:42.373 [FXGL Background Thread 3 ] DEBUG Engine               - class com.almasb.fxgl.ui.FXGLUIFactoryServiceProvider
16:38:42.373 [FXGL Background Thread 3 ] DEBUG Engine               - class com.almasb.fxgl.ui.FXGLDialogFactoryServiceProvider
16:38:42.373 [FXGL Background Thread 3 ] DEBUG Engine               - class com.almasb.fxgl.audio.AudioPlayer
16:38:42.373 [FXGL Background Thread 3 ] DEBUG Engine               - class com.almasb.fxgl.notification.impl.NotificationServiceProvider
16:38:42.373 [FXGL Background Thread 3 ] DEBUG Engine               - class com.almasb.fxgl.achievement.AchievementService
16:38:42.373 [FXGL Background Thread 3 ] DEBUG Engine               - class com.almasb.fxgl.cutscene.CutsceneService
16:38:42.373 [FXGL Background Thread 3 ] DEBUG Engine               - class com.almasb.fxgl.minigames.MiniGameService
16:38:42.373 [FXGL Background Thread 3 ] DEBUG Engine               - class com.almasb.fxgl.net.NetService
16:38:42.373 [FXGL Background Thread 3 ] DEBUG Engine               - class com.almasb.fxgl.app.services.UpdaterService
16:38:42.373 [FXGL Background Thread 3 ] DEBUG Engine               - class com.almasb.fxgl.dev.DevService
16:38:55.479 [JavaFX Application Thread] DEBUG FXGLApplication      - Exiting FXGL
16:38:55.479 [JavaFX Application Thread] DEBUG LoopRunner           - Stopping loop
16:38:55.479 [JavaFX Application Thread] DEBUG SystemBundleService  - Saving FXGL system data
16:38:55.480 [JavaFX Application Thread] DEBUG FileSystemAccess     - Writing to: D:\Code\ProjectJavaFX\bomberman\Bomber\system\fxgl.bundle
16:38:55.481 [JavaFX Application Thread] DEBUG Async                - Shutting down background threads
16:38:55.482 [JavaFX Application Thread] DEBUG PrimaryStageWindow   - Closing main window
16:38:55.494 [JavaFX Application Thread] DEBUG Logger               - Closing Logger
