21:22:15.882 [main                     ] DEBUG Logger               - Configured Logger
21:22:15.882 [main                     ] DEBUG GameApplication      - Logging settings
Title: BOMBERMAN
Version: 1.0
Width: 720
Height: 720
Fullscreen: false
Intro: false
Profiling: false
Single step:false
App Mode: DEVELOPER
Menu Key: ESCAPE
Stage Style: DECORATED
Scene Factory: class Bomber.BombermanApp$1

21:22:16.251 [JavaFX Application Thread] DEBUG FXGLApplication      - Initializing FXGL
21:22:16.253 [JavaFX Application Thread] INFO  Engine               - FXGL-11.17 (16.07.2021 15.46) on WINDOWS (J:17.0.1 FX:16)
21:22:16.254 [JavaFX Application Thread] DEBUG Engine               - JRE Vendor Name: Oracle Corporation
21:22:16.254 [JavaFX Application Thread] DEBUG Engine               - Running on OS: Windows 10 version 10.0
21:22:16.254 [JavaFX Application Thread] DEBUG Engine               - Architecture: amd64
21:22:16.254 [JavaFX Application Thread] INFO  Engine               - Source code and latest versions at: https://github.com/AlmasB/FXGL
21:22:16.255 [JavaFX Application Thread] INFO  Engine               -              Join the FXGL chat at: https://gitter.im/AlmasB/FXGL
21:22:16.366 [JavaFX Application Thread] DEBUG PrimaryStageWindow   - Creating a JavaFX scene
21:22:16.411 [JavaFX Application Thread] DEBUG PrimaryStageWindow   - Target settings size: 720.0 x 720.0
21:22:16.412 [JavaFX Application Thread] DEBUG PrimaryStageWindow   - Scaled scene size:    720.0 x 720.0
21:22:16.412 [JavaFX Application Thread] DEBUG PrimaryStageWindow   - Scaled ratio: (1.0, 1.0)
21:22:16.413 [JavaFX Application Thread] DEBUG PrimaryStageWindow   - Set initial scene to FXGLStartupScene
21:22:16.419 [JavaFX Application Thread] DEBUG PrimaryStageWindow   - Opening main window
21:22:16.496 [JavaFX Application Thread] DEBUG PrimaryStageWindow   - Window border size: (14.4000244140625, 37.5999755859375)
21:22:16.496 [JavaFX Application Thread] DEBUG PrimaryStageWindow   - Scaled size: 720.0 x 720.0
21:22:16.496 [JavaFX Application Thread] DEBUG PrimaryStageWindow   - Scaled ratio: (1.0, 1.0)
21:22:16.496 [JavaFX Application Thread] DEBUG PrimaryStageWindow   - Scene size: 720.0 x 720.0
21:22:16.497 [JavaFX Application Thread] DEBUG PrimaryStageWindow   - Stage size: 734.4000244140625 x 757.5999755859375
21:22:16.504 [FXGL Background Thread 1 ] DEBUG Engine               - Initializing environment variables
21:22:16.582 [FXGL Background Thread 1 ] DEBUG FXGLAssetLoaderServi - User app class for loading assets: class Bomber.BombermanApp
21:22:16.582 [FXGL Background Thread 1 ] DEBUG GameApplicationServi - Applying CSS: fxgl_dark.css
21:22:16.584 [FXGL Background Thread 1 ] DEBUG FXGLAssetLoaderServi - Loading from file system: jar:file:/C:/Users/thinh/.m2/repository/com/github/almasb/fxgl/11.17/fxgl-11.17.jar!/fxglassets/ui/css/fxgl_dark.css
21:22:16.665 [FXGL Background Thread 1 ] DEBUG GameApplicationServi - Initializing application scenes
21:22:16.722 [FXGL Background Thread 1 ] DEBUG GameWorld            - Game world initialized
21:22:16.798 [FXGL Background Thread 1 ] DEBUG PhysicsWorld         - Physics world initialized: appHeight=720, physics.ppm=50.0
21:22:16.798 [FXGL Background Thread 1 ] DEBUG PhysicsWorld         - Using strategy: BRUTE_FORCE
21:22:16.802 [FXGL Background Thread 1 ] DEBUG GameScene            - Game scene initialized: 720x720
21:22:16.889 [FXGL Background Thread 1 ] DEBUG GameApplicationServi - Application scenes initialized
21:22:16.905 [FXGL Background Thread 1 ] DEBUG SystemBundleService  - Loading FXGL system data
21:22:16.909 [FXGL Background Thread 1 ] DEBUG FileSystemAccess     - Reading from: D:\Code\ProjectJavaFX\bomberman\Bomber\system\fxgl.bundle
21:22:16.914 [FXGL Background Thread 1 ] DEBUG SystemBundleService  - Bundle FXGL: {}
21:22:16.914 [FXGL Background Thread 1 ] DEBUG UpdaterService       - Checking for updates
21:22:16.921 [FXGL Background Thread 4 ] DEBUG FXGLApplication      - Loading fonts
21:22:16.921 [FXGL Background Thread 4 ] DEBUG FXGLAssetLoaderServi - Loading from file system: file:/D:/Code/ProjectJavaFX/bomberman/Bomber/target/classes/assets/ui/fonts/Quinquefive-Ea6d4.ttf
21:22:16.922 [FXGL Background Thread 1 ] DEBUG FXGLApplication      - Loading default localization
21:22:16.922 [FXGL Background Thread 1 ] DEBUG FXGLAssetLoaderServi - Loading from file system: jar:file:/C:/Users/thinh/.m2/repository/com/github/almasb/fxgl/11.17/fxgl-11.17.jar!/fxglassets/languages/english.lang
21:22:16.943 [FXGL Background Thread 1 ] INFO  FXGLApplication      - FXGL initialization took: 0.439 sec
21:22:16.954 [JavaFX Application Thread] DEBUG Input                - Registered new binding: Move Up - W
21:22:16.955 [JavaFX Application Thread] DEBUG Input                - Registered new binding: Move Down - S
21:22:16.955 [JavaFX Application Thread] DEBUG Input                - Registered new binding: Move Left - A
21:22:16.955 [JavaFX Application Thread] DEBUG Input                - Registered new binding: Move Right - D
21:22:16.955 [JavaFX Application Thread] DEBUG Input                - Registered new binding: Place Bomb - Space
21:22:16.956 [JavaFX Application Thread] DEBUG FXGLAssetLoaderServi - Loading from file system: file:/D:/Code/ProjectJavaFX/bomberman/Bomber/target/classes/assets/music/title_screen.mp3
21:22:17.018 [FXGL Background Thread 4 ] DEBUG FXGLAssetLoaderServi - Loading from file system: jar:file:/C:/Users/thinh/.m2/repository/com/github/almasb/fxgl/11.17/fxgl-11.17.jar!/fxglassets/ui/fonts/Abel-Regular.ttf
21:22:17.036 [FXGL Background Thread 4 ] DEBUG FXGLAssetLoaderServi - Loading from file system: jar:file:/C:/Users/thinh/.m2/repository/com/github/almasb/fxgl/11.17/fxgl-11.17.jar!/fxglassets/ui/fonts/lucida_console.ttf
21:22:17.079 [FXGL Background Thread 4 ] DEBUG FXGLAssetLoaderServi - Loading from file system: jar:file:/C:/Users/thinh/.m2/repository/com/github/almasb/fxgl/11.17/fxgl-11.17.jar!/fxglassets/ui/fonts/Courier-Prime.ttf
21:22:17.152 [JavaFX Application Thread] DEBUG AudioPlayer          - Playing music com.almasb.fxgl.audio.Music@f5fd30
21:22:17.153 [JavaFX Application Thread] DEBUG FXGLAssetLoaderServi - Loading from file system: jar:file:/C:/Users/thinh/.m2/repository/com/github/almasb/fxgl/11.17/fxgl-11.17.jar!/fxglassets/textures/fxgl_icon.png
21:22:17.181 [JavaFX Application Thread] DEBUG FXGLAssetLoaderServi - Loading from file system: jar:file:/C:/Users/thinh/.m2/repository/com/github/almasb/fxgl/11.17/fxgl-11.17.jar!/fxglassets/textures/fxgl_default_cursor.png
21:22:17.183 [JavaFX Application Thread] DEBUG Input                - Registered new binding: Screenshot - CTRL+8
21:22:17.184 [JavaFX Application Thread] DEBUG Input                - Registered new binding: System info dump - CTRL+9
21:22:17.184 [JavaFX Application Thread] DEBUG Input                - Registered new binding: Restart - CTRL+R
21:22:17.185 [JavaFX Application Thread] DEBUG Input                - Registered new binding: Toggle Debug Camera - CTRL+C
21:22:17.186 [JavaFX Application Thread] DEBUG LoopRunner           - Starting loop
21:22:17.186 [JavaFX Application Thread] DEBUG LoopRunner           - Initializing JavaFX AnimationTimerLoop
21:22:17.189 [JavaFX Application Thread] DEBUG Input                - Clearing active input actions
21:22:17.195 [JavaFX Application Thread] DEBUG GameApplicationServi - Removing overlay from FXGLStartupScene and adding to FXGLMainMenuDummyScene
21:22:17.195 [JavaFX Application Thread] DEBUG PrimaryStageWindow   - FXGLStartupScene -> FXGLMainMenuDummyScene
21:22:17.195 [JavaFX Application Thread] DEBUG PrimaryStageWindow   - Push state: BombermanMenu
21:22:17.195 [JavaFX Application Thread] DEBUG Input                - Clearing active input actions
21:22:17.199 [JavaFX Application Thread] DEBUG GameApplicationServi - Removing overlay from FXGLMainMenuDummyScene and adding to BombermanMenu
21:22:17.200 [JavaFX Application Thread] DEBUG PrimaryStageWindow   - FXGLMainMenuDummyScene -> BombermanMenu
21:22:17.200 [JavaFX Application Thread] DEBUG FXGLApplication      - Registering font factories with UI factory
21:22:18.407 [JavaFX Application Thread] DEBUG Menu                 - fireNewGame()
21:22:18.407 [JavaFX Application Thread] DEBUG GameApplicationServi - Starting new game
21:22:18.407 [JavaFX Application Thread] DEBUG PrimaryStageWindow   - Pop state: BombermanMenu
21:22:18.407 [JavaFX Application Thread] DEBUG Input                - Clearing active input actions
21:22:18.408 [JavaFX Application Thread] DEBUG GameApplicationServi - Removing overlay from BombermanMenu and adding to FXGLMainMenuDummyScene
21:22:18.408 [JavaFX Application Thread] DEBUG PrimaryStageWindow   - FXGLMainMenuDummyScene <- BombermanMenu
21:22:18.408 [JavaFX Application Thread] DEBUG Input                - Clearing active input actions
21:22:18.415 [JavaFX Application Thread] DEBUG GameApplicationServi - Removing overlay from FXGLMainMenuDummyScene and adding to FXGLLoadingScene
21:22:18.415 [JavaFX Application Thread] DEBUG PrimaryStageWindow   - FXGLMainMenuDummyScene -> FXGLLoadingScene
21:22:18.416 [JavaFX Application Thread] DEBUG GameApplicationServi - Clearing previous game
21:22:18.416 [JavaFX Application Thread] DEBUG GameScene            - Clearing game scene
21:22:18.416 [JavaFX Application Thread] DEBUG GameWorld            - Clearing game world
21:22:18.416 [JavaFX Application Thread] DEBUG PhysicsWorld         - Clearing physics world
21:22:18.417 [FXGL Background Thread 2 ] DEBUG FXGLApplication      - Initializing game
21:22:18.459 [FXGL Background Thread 2 ] WARN  TMXLevelLoader       - TiledMap generated from 1.7.2. Supported version: 1.2.3. Some features may not be parsed fully.
21:22:18.487 [FXGL Background Thread 2 ] DEBUG TMXLevelLoader       - Parsed TiledMap: file:/D:/Code/ProjectJavaFX/bomberman/Bomber/target/classes/assets/levels/bbm_level1.tmx
21:22:18.490 [FXGL Background Thread 2 ] DEBUG TMXLevelLoader       - Creating tile layer entities
21:22:18.491 [FXGL Background Thread 2 ] DEBUG TilesetLoader        - Loading view for layer Tile Layer 1
21:22:18.501 [FXGL Background Thread 2 ] DEBUG TilesetLoader        - Created buffer with size 1488.0x720.0
21:22:18.692 [FXGL Background Thread 2 ] DEBUG TMXLevelLoader       - Creating object layer entities
21:22:18.736 [FXGL Background Thread 2 ] DEBUG FXGLAssetLoaderServi - Loading from file system: file:/D:/Code/ProjectJavaFX/bomberman/Bomber/target/classes/assets/textures/player_die.png
21:22:18.740 [FXGL Background Thread 2 ] DEBUG FXGLAssetLoaderServi - Loading from file system: file:/D:/Code/ProjectJavaFX/bomberman/Bomber/target/classes/assets/textures/player_down.png
21:22:18.742 [FXGL Background Thread 2 ] DEBUG FXGLAssetLoaderServi - Loading from file system: file:/D:/Code/ProjectJavaFX/bomberman/Bomber/target/classes/assets/textures/player_right.png
21:22:18.743 [FXGL Background Thread 2 ] DEBUG FXGLAssetLoaderServi - Loading from file system: file:/D:/Code/ProjectJavaFX/bomberman/Bomber/target/classes/assets/textures/player_up.png
21:22:18.744 [FXGL Background Thread 2 ] DEBUG FXGLAssetLoaderServi - Loading from file system: file:/D:/Code/ProjectJavaFX/bomberman/Bomber/target/classes/assets/textures/player_left.png
21:22:18.747 [FXGL Background Thread 2 ] WARN  Entity               - Entity already has component: com.almasb.fxgl.physics.PhysicsComponent
21:22:18.748 [FXGL Background Thread 2 ] DEBUG FXGLAssetLoaderServi - Loading from file system: file:/D:/Code/ProjectJavaFX/bomberman/Bomber/target/classes/assets/textures/brick.png
21:22:18.775 [FXGL Background Thread 2 ] DEBUG FXGLAssetLoaderServi - Loading from file system: file:/D:/Code/ProjectJavaFX/bomberman/Bomber/target/classes/assets/textures/balloom.png
21:22:18.833 [FXGL Background Thread 2 ] DEBUG FXGLAssetLoaderServi - Loading from file system: file:/D:/Code/ProjectJavaFX/bomberman/Bomber/target/classes/assets/textures/powerup_speed.png
21:22:18.835 [FXGL Background Thread 2 ] DEBUG FXGLAssetLoaderServi - Loading from file system: file:/D:/Code/ProjectJavaFX/bomberman/Bomber/target/classes/assets/textures/powerup_flames.png
21:22:18.837 [FXGL Background Thread 2 ] DEBUG FXGLAssetLoaderServi - Loading from file system: file:/D:/Code/ProjectJavaFX/bomberman/Bomber/target/classes/assets/textures/powerup_bombs.png
21:22:18.841 [FXGL Background Thread 2 ] DEBUG FXGLAssetLoaderServi - Loading from file system: file:/D:/Code/ProjectJavaFX/bomberman/Bomber/target/classes/assets/textures/powerup_flamepass.png
21:22:18.843 [FXGL Background Thread 2 ] DEBUG FXGLAssetLoaderServi - Loading from file system: file:/D:/Code/ProjectJavaFX/bomberman/Bomber/target/classes/assets/textures/portal.png
21:22:18.845 [FXGL Background Thread 2 ] DEBUG GameWorld            - Clearing removable entities
21:22:18.845 [FXGL Background Thread 2 ] DEBUG GameWorld            - Setting level: com.almasb.fxgl.entity.level.Level@7db0f776
21:22:18.915 [FXGL Background Thread 2 ] INFO  FXGLApplication      - Game initialization took: 0.497 sec
21:22:18.921 [JavaFX Application Thread] DEBUG Input                - Clearing active input actions
21:22:18.935 [JavaFX Application Thread] DEBUG GameApplicationServi - Removing overlay from FXGLLoadingScene and adding to GameScene
21:22:18.936 [JavaFX Application Thread] DEBUG PrimaryStageWindow   - FXGLLoadingScene -> GameScene
21:22:19.921 [FXGL Background Thread 3 ] DEBUG Engine               - Logging environment variables
21:22:19.922 [FXGL Background Thread 3 ] DEBUG Engine               - achievements: []
21:22:19.923 [FXGL Background Thread 3 ] DEBUG Engine               - actualHeight: 720.0
21:22:19.923 [FXGL Background Thread 3 ] DEBUG Engine               - actualHeightProperty: ReadOnlyDoubleProperty [value: 720.0]
21:22:19.924 [FXGL Background Thread 3 ] DEBUG Engine               - actualWidth: 720.0
21:22:19.924 [FXGL Background Thread 3 ] DEBUG Engine               - actualWidthProperty: ReadOnlyDoubleProperty [value: 720.0]
21:22:19.924 [FXGL Background Thread 3 ] DEBUG Engine               - appIcon: fxgl_icon.png
21:22:19.925 [FXGL Background Thread 3 ] DEBUG Engine               - applicationMode: DEVELOPER
21:22:19.925 [FXGL Background Thread 3 ] DEBUG Engine               - cSSList: [fxgl_dark.css]
21:22:19.925 [FXGL Background Thread 3 ] DEBUG Engine               - collisionDetectionStrategy: BRUTE_FORCE
21:22:19.926 [FXGL Background Thread 3 ] DEBUG Engine               - configClass: Optional.empty
21:22:19.926 [FXGL Background Thread 3 ] DEBUG Engine               - credits: []
21:22:19.926 [FXGL Background Thread 3 ] DEBUG Engine               - defaultCursor: CursorInfo(imageName=fxgl_default_cursor.png, hotspotX=7.0, hotspotY=6.0)
21:22:19.928 [FXGL Background Thread 3 ] DEBUG Engine               - devBBoxColorProperty: ObjectProperty [value: 0xff0000ff]
21:22:19.928 [FXGL Background Thread 3 ] DEBUG Engine               - devEnableDebugCameraProperty: BooleanProperty [value: false]
21:22:19.929 [FXGL Background Thread 3 ] DEBUG Engine               - devSensorColorProperty: ObjectProperty [value: 0xffff00ff]
21:22:19.929 [FXGL Background Thread 3 ] DEBUG Engine               - devShowBBoxProperty: BooleanProperty [value: false]
21:22:19.930 [FXGL Background Thread 3 ] DEBUG Engine               - devShowPositionProperty: BooleanProperty [value: false]
21:22:19.931 [FXGL Background Thread 3 ] DEBUG Engine               - enabledMenuItems: []
21:22:19.931 [FXGL Background Thread 3 ] DEBUG Engine               - engineServices: [class com.almasb.fxgl.app.services.FXGLAssetLoaderService, class com.almasb.fxgl.app.FXGLApplication$GameApplicationService, class com.almasb.fxgl.app.services.FXGLDialogService, class com.almasb.fxgl.app.services.IOTaskExecutorService, class com.almasb.fxgl.io.FileSystemService, class com.almasb.fxgl.localization.LocalizationService, class com.almasb.fxgl.app.services.SystemBundleService, class com.almasb.fxgl.profile.SaveLoadService, class com.almasb.fxgl.ui.FXGLUIFactoryServiceProvider, class com.almasb.fxgl.ui.FXGLDialogFactoryServiceProvider, class com.almasb.fxgl.audio.AudioPlayer, class com.almasb.fxgl.notification.impl.NotificationServiceProvider, class com.almasb.fxgl.achievement.AchievementService, class com.almasb.fxgl.cutscene.CutsceneService, class com.almasb.fxgl.minigames.MiniGameService, class com.almasb.fxgl.net.NetService, class com.almasb.fxgl.app.services.UpdaterService, class com.almasb.fxgl.dev.DevService]
21:22:19.932 [FXGL Background Thread 3 ] DEBUG Engine               - fontGame: Abel-Regular.ttf
21:22:19.932 [FXGL Background Thread 3 ] DEBUG Engine               - fontMono: lucida_console.ttf
21:22:19.932 [FXGL Background Thread 3 ] DEBUG Engine               - fontText: Courier-Prime.ttf
21:22:19.933 [FXGL Background Thread 3 ] DEBUG Engine               - fontUI: Quinquefive-Ea6d4.ttf
21:22:19.933 [FXGL Background Thread 3 ] DEBUG Engine               - fullScreen: BooleanProperty [value: false]
21:22:19.933 [FXGL Background Thread 3 ] DEBUG Engine               - gameDifficulty: MEDIUM
21:22:19.933 [FXGL Background Thread 3 ] DEBUG Engine               - gameDifficultyProperty: ObjectProperty [value: MEDIUM]
21:22:19.934 [FXGL Background Thread 3 ] DEBUG Engine               - globalMusicVolume: 0.5
21:22:19.934 [FXGL Background Thread 3 ] DEBUG Engine               - globalMusicVolumeProperty: DoubleProperty [value: 0.1]
21:22:19.934 [FXGL Background Thread 3 ] DEBUG Engine               - globalSoundVolume: 0.5
21:22:19.934 [FXGL Background Thread 3 ] DEBUG Engine               - globalSoundVolumeProperty: DoubleProperty [value: 0.1]
21:22:19.934 [FXGL Background Thread 3 ] DEBUG Engine               - height: 720
21:22:19.935 [FXGL Background Thread 3 ] DEBUG Engine               - is3D: false
21:22:19.935 [FXGL Background Thread 3 ] DEBUG Engine               - isAndroid: false
21:22:19.935 [FXGL Background Thread 3 ] DEBUG Engine               - isBrowser: false
21:22:19.936 [FXGL Background Thread 3 ] DEBUG Engine               - isClickFeedbackEnabled: false
21:22:19.936 [FXGL Background Thread 3 ] DEBUG Engine               - isCloseConfirmation: false
21:22:19.936 [FXGL Background Thread 3 ] DEBUG Engine               - isDesktop: true
21:22:19.936 [FXGL Background Thread 3 ] DEBUG Engine               - isDeveloperMenuEnabled: false
21:22:19.937 [FXGL Background Thread 3 ] DEBUG Engine               - isEntityPreloadEnabled: true
21:22:19.937 [FXGL Background Thread 3 ] DEBUG Engine               - isExperimentalTiledLargeMap: false
21:22:19.937 [FXGL Background Thread 3 ] DEBUG Engine               - isFileSystemWriteAllowed: true
21:22:19.938 [FXGL Background Thread 3 ] DEBUG Engine               - isFullScreenAllowed: false
21:22:19.938 [FXGL Background Thread 3 ] DEBUG Engine               - isFullScreenFromStart: false
21:22:19.939 [FXGL Background Thread 3 ] DEBUG Engine               - isGameMenuEnabled: true
21:22:19.939 [FXGL Background Thread 3 ] DEBUG Engine               - isIOS: false
21:22:19.940 [FXGL Background Thread 3 ] DEBUG Engine               - isIntroEnabled: false
21:22:19.940 [FXGL Background Thread 3 ] DEBUG Engine               - isLinux: false
21:22:19.940 [FXGL Background Thread 3 ] DEBUG Engine               - isMac: false
21:22:19.940 [FXGL Background Thread 3 ] DEBUG Engine               - isMainMenuEnabled: true
21:22:19.940 [FXGL Background Thread 3 ] DEBUG Engine               - isManualResizeEnabled: true
21:22:19.940 [FXGL Background Thread 3 ] DEBUG Engine               - isMobile: false
21:22:19.940 [FXGL Background Thread 3 ] DEBUG Engine               - isNative: false
21:22:19.942 [FXGL Background Thread 3 ] DEBUG Engine               - isPauseMusicWhenMinimized: true
21:22:19.942 [FXGL Background Thread 3 ] DEBUG Engine               - isPreserveResizeRatio: true
21:22:19.942 [FXGL Background Thread 3 ] DEBUG Engine               - isProfilingEnabled: false
21:22:19.942 [FXGL Background Thread 3 ] DEBUG Engine               - isScaleAffectedOnResize: true
21:22:19.942 [FXGL Background Thread 3 ] DEBUG Engine               - isSingleStep: false
21:22:19.942 [FXGL Background Thread 3 ] DEBUG Engine               - isUserProfileEnabled: false
21:22:19.942 [FXGL Background Thread 3 ] DEBUG Engine               - isWindows: true
21:22:19.943 [FXGL Background Thread 3 ] DEBUG Engine               - language: ObjectProperty [value: ENGLISH]
21:22:19.943 [FXGL Background Thread 3 ] DEBUG Engine               - menuKey: ESCAPE
21:22:19.943 [FXGL Background Thread 3 ] DEBUG Engine               - mouseSensitivity: 0.2
21:22:19.943 [FXGL Background Thread 3 ] DEBUG Engine               - notificationViewClass: class com.almasb.fxgl.notification.view.XboxNotificationView
21:22:19.944 [FXGL Background Thread 3 ] DEBUG Engine               - pixelsPerMeter: 50.0
21:22:19.944 [FXGL Background Thread 3 ] DEBUG Engine               - platform: WINDOWS
21:22:19.944 [FXGL Background Thread 3 ] DEBUG Engine               - prefHeightProperty: ReadOnlyDoubleProperty [value: 720.0]
21:22:19.944 [FXGL Background Thread 3 ] DEBUG Engine               - prefWidthProperty: ReadOnlyDoubleProperty [value: 720.0]
21:22:19.945 [FXGL Background Thread 3 ] DEBUG Engine               - profileDir: profiles/
21:22:19.945 [FXGL Background Thread 3 ] DEBUG Engine               - profileName: StringProperty [value: DEFAULT]
21:22:19.945 [FXGL Background Thread 3 ] DEBUG Engine               - randomSeed: -1
21:22:19.946 [FXGL Background Thread 3 ] DEBUG Engine               - runtimeInfo: RuntimeInfo(platform=WINDOWS, version=11.17, build=16.07.2021 15.46)
21:22:19.946 [FXGL Background Thread 3 ] DEBUG Engine               - saveFileExt: sav
21:22:19.946 [FXGL Background Thread 3 ] DEBUG Engine               - scaledHeightProp$fxgl: DoubleProperty [bound, value: 720.0]
21:22:19.946 [FXGL Background Thread 3 ] DEBUG Engine               - scaledWidthProp$fxgl: DoubleProperty [bound, value: 720.0]
21:22:19.946 [FXGL Background Thread 3 ] DEBUG Engine               - sceneFactory: Bomber.BombermanApp$1@13936019
21:22:19.947 [FXGL Background Thread 3 ] DEBUG Engine               - secondsIn24h: 60
21:22:19.947 [FXGL Background Thread 3 ] DEBUG Engine               - soundMenuBack: menu/back.wav
21:22:19.947 [FXGL Background Thread 3 ] DEBUG Engine               - soundMenuPress: menu/press.wav
21:22:19.947 [FXGL Background Thread 3 ] DEBUG Engine               - soundMenuSelect: menu/select.wav
21:22:19.947 [FXGL Background Thread 3 ] DEBUG Engine               - soundNotification: core/notification.wav
21:22:19.947 [FXGL Background Thread 3 ] DEBUG Engine               - stageStyle: DECORATED
21:22:19.948 [FXGL Background Thread 3 ] DEBUG Engine               - supportedLanguages: [ENGLISH, FRENCH, GERMAN, HUNGARIAN, RUSSIAN]
21:22:19.948 [FXGL Background Thread 3 ] DEBUG Engine               - ticksPerSecond: -1
21:22:19.948 [FXGL Background Thread 3 ] DEBUG Engine               - title: BOMBERMAN
21:22:19.948 [FXGL Background Thread 3 ] DEBUG Engine               - urlGithub: https://github.com/AlmasB/FXGL
21:22:19.948 [FXGL Background Thread 3 ] DEBUG Engine               - urlLeaderboard: http://fxgl-top.herokuapp.com/
21:22:19.948 [FXGL Background Thread 3 ] DEBUG Engine               - urlPOM: https://raw.githubusercontent.com/AlmasB/FXGL/release/README.md
21:22:19.949 [FXGL Background Thread 3 ] DEBUG Engine               - userAppClass: class Bomber.BombermanApp
21:22:19.949 [FXGL Background Thread 3 ] DEBUG Engine               - version: 1.0
21:22:19.949 [FXGL Background Thread 3 ] DEBUG Engine               - versionCheckDays: 7
21:22:19.949 [FXGL Background Thread 3 ] DEBUG Engine               - width: 720
21:22:19.949 [FXGL Background Thread 3 ] DEBUG Engine               - Logging services
21:22:19.949 [FXGL Background Thread 3 ] DEBUG Engine               - class com.almasb.fxgl.app.services.FXGLAssetLoaderService
21:22:19.950 [FXGL Background Thread 3 ] DEBUG Engine               - class com.almasb.fxgl.app.FXGLApplication$GameApplicationService
21:22:19.950 [FXGL Background Thread 3 ] DEBUG Engine               - class com.almasb.fxgl.app.services.FXGLDialogService
21:22:19.950 [FXGL Background Thread 3 ] DEBUG Engine               - class com.almasb.fxgl.app.services.IOTaskExecutorService
21:22:19.950 [FXGL Background Thread 3 ] DEBUG Engine               - class com.almasb.fxgl.io.FileSystemService
21:22:19.951 [FXGL Background Thread 3 ] DEBUG Engine               - class com.almasb.fxgl.localization.LocalizationService
21:22:19.951 [FXGL Background Thread 3 ] DEBUG Engine               - class com.almasb.fxgl.app.services.SystemBundleService
21:22:19.951 [FXGL Background Thread 3 ] DEBUG Engine               - class com.almasb.fxgl.profile.SaveLoadService
21:22:19.951 [FXGL Background Thread 3 ] DEBUG Engine               - class com.almasb.fxgl.ui.FXGLUIFactoryServiceProvider
21:22:19.951 [FXGL Background Thread 3 ] DEBUG Engine               - class com.almasb.fxgl.ui.FXGLDialogFactoryServiceProvider
21:22:19.951 [FXGL Background Thread 3 ] DEBUG Engine               - class com.almasb.fxgl.audio.AudioPlayer
21:22:19.952 [FXGL Background Thread 3 ] DEBUG Engine               - class com.almasb.fxgl.notification.impl.NotificationServiceProvider
21:22:19.952 [FXGL Background Thread 3 ] DEBUG Engine               - class com.almasb.fxgl.achievement.AchievementService
21:22:19.952 [FXGL Background Thread 3 ] DEBUG Engine               - class com.almasb.fxgl.cutscene.CutsceneService
21:22:19.952 [FXGL Background Thread 3 ] DEBUG Engine               - class com.almasb.fxgl.minigames.MiniGameService
21:22:19.952 [FXGL Background Thread 3 ] DEBUG Engine               - class com.almasb.fxgl.net.NetService
21:22:19.952 [FXGL Background Thread 3 ] DEBUG Engine               - class com.almasb.fxgl.app.services.UpdaterService
21:22:19.952 [FXGL Background Thread 3 ] DEBUG Engine               - class com.almasb.fxgl.dev.DevService
21:22:27.191 [JavaFX Application Thread] DEBUG FXGLAssetLoaderServi - Loading from file system: file:/D:/Code/ProjectJavaFX/bomberman/Bomber/target/classes/assets/textures/bomb_ani.png
21:22:29.580 [JavaFX Application Thread] WARN  TMXLevelLoader       - TiledMap generated from 1.7.2. Supported version: 1.2.3. Some features may not be parsed fully.
21:22:29.591 [JavaFX Application Thread] DEBUG TMXLevelLoader       - Parsed TiledMap: file:/D:/Code/ProjectJavaFX/bomberman/Bomber/target/classes/assets/levels/bbm_level1.tmx
21:22:29.591 [JavaFX Application Thread] DEBUG TMXLevelLoader       - Creating tile layer entities
21:22:29.591 [JavaFX Application Thread] DEBUG TilesetLoader        - Loading view for layer Tile Layer 1
21:22:29.592 [JavaFX Application Thread] DEBUG TilesetLoader        - Created buffer with size 1488.0x720.0
21:22:29.691 [JavaFX Application Thread] DEBUG TMXLevelLoader       - Creating object layer entities
21:22:29.693 [JavaFX Application Thread] WARN  Entity               - Entity already has component: com.almasb.fxgl.physics.PhysicsComponent
21:22:29.739 [JavaFX Application Thread] DEBUG GameWorld            - Clearing removable entities
21:22:29.755 [JavaFX Application Thread] DEBUG GameWorld            - Setting level: com.almasb.fxgl.entity.level.Level@18917ead
21:22:34.286 [JavaFX Application Thread] WARN  TMXLevelLoader       - TiledMap generated from 1.7.2. Supported version: 1.2.3. Some features may not be parsed fully.
21:22:34.293 [JavaFX Application Thread] DEBUG TMXLevelLoader       - Parsed TiledMap: file:/D:/Code/ProjectJavaFX/bomberman/Bomber/target/classes/assets/levels/bbm_level1.tmx
21:22:34.293 [JavaFX Application Thread] DEBUG TMXLevelLoader       - Creating tile layer entities
21:22:34.293 [JavaFX Application Thread] DEBUG TilesetLoader        - Loading view for layer Tile Layer 1
21:22:34.293 [JavaFX Application Thread] DEBUG TilesetLoader        - Created buffer with size 1488.0x720.0
21:22:34.331 [JavaFX Application Thread] DEBUG TMXLevelLoader       - Creating object layer entities
21:22:34.332 [JavaFX Application Thread] WARN  Entity               - Entity already has component: com.almasb.fxgl.physics.PhysicsComponent
21:22:34.356 [JavaFX Application Thread] DEBUG GameWorld            - Clearing removable entities
21:22:34.365 [JavaFX Application Thread] DEBUG GameWorld            - Setting level: com.almasb.fxgl.entity.level.Level@627684dc
21:22:44.701 [JavaFX Application Thread] WARN  TMXLevelLoader       - TiledMap generated from 1.7.2. Supported version: 1.2.3. Some features may not be parsed fully.
21:22:44.704 [JavaFX Application Thread] DEBUG TMXLevelLoader       - Parsed TiledMap: file:/D:/Code/ProjectJavaFX/bomberman/Bomber/target/classes/assets/levels/bbm_level1.tmx
21:22:44.704 [JavaFX Application Thread] DEBUG TMXLevelLoader       - Creating tile layer entities
21:22:44.705 [JavaFX Application Thread] DEBUG TilesetLoader        - Loading view for layer Tile Layer 1
21:22:44.705 [JavaFX Application Thread] DEBUG TilesetLoader        - Created buffer with size 1488.0x720.0
21:22:44.740 [JavaFX Application Thread] DEBUG TMXLevelLoader       - Creating object layer entities
21:22:44.741 [JavaFX Application Thread] WARN  Entity               - Entity already has component: com.almasb.fxgl.physics.PhysicsComponent
21:22:44.766 [JavaFX Application Thread] DEBUG GameWorld            - Clearing removable entities
21:22:44.773 [JavaFX Application Thread] DEBUG GameWorld            - Setting level: com.almasb.fxgl.entity.level.Level@22a58e92
21:22:51.293 [JavaFX Application Thread] WARN  TMXLevelLoader       - TiledMap generated from 1.7.2. Supported version: 1.2.3. Some features may not be parsed fully.
21:22:51.300 [JavaFX Application Thread] DEBUG TMXLevelLoader       - Parsed TiledMap: file:/D:/Code/ProjectJavaFX/bomberman/Bomber/target/classes/assets/levels/bbm_level1.tmx
21:22:51.300 [JavaFX Application Thread] DEBUG TMXLevelLoader       - Creating tile layer entities
21:22:51.301 [JavaFX Application Thread] DEBUG TilesetLoader        - Loading view for layer Tile Layer 1
21:22:51.302 [JavaFX Application Thread] DEBUG TilesetLoader        - Created buffer with size 1488.0x720.0
21:22:51.341 [JavaFX Application Thread] DEBUG TMXLevelLoader       - Creating object layer entities
21:22:51.342 [JavaFX Application Thread] WARN  Entity               - Entity already has component: com.almasb.fxgl.physics.PhysicsComponent
21:22:51.359 [JavaFX Application Thread] DEBUG GameWorld            - Clearing removable entities
21:22:51.365 [JavaFX Application Thread] DEBUG GameWorld            - Setting level: com.almasb.fxgl.entity.level.Level@58b08d2c
21:22:53.941 [JavaFX Application Thread] DEBUG FXGLApplication      - Exiting FXGL
21:22:53.941 [JavaFX Application Thread] DEBUG LoopRunner           - Stopping loop
21:22:53.942 [JavaFX Application Thread] DEBUG SystemBundleService  - Saving FXGL system data
21:22:53.946 [JavaFX Application Thread] DEBUG FileSystemAccess     - Writing to: D:\Code\ProjectJavaFX\bomberman\Bomber\system\fxgl.bundle
21:22:53.948 [JavaFX Application Thread] DEBUG Async                - Shutting down background threads
21:22:53.949 [JavaFX Application Thread] DEBUG PrimaryStageWindow   - Closing main window
21:22:53.965 [JavaFX Application Thread] DEBUG Logger               - Closing Logger
