20:09:59.206 [main                     ] DEBUG Logger               - Configured Logger
20:09:59.206 [main                     ] DEBUG GameApplication      - Logging settings
Title: BOMBERMAN
Version: 1.0
Width: 704
Height: 704
Fullscreen: false
Intro: false
Profiling: false
Single step:false
App Mode: DEVELOPER
Menu Key: ESCAPE
Stage Style: DECORATED
Scene Factory: class Bomber.BombermanApp$1

20:09:59.555 [JavaFX Application Thread] DEBUG FXGLApplication      - Initializing FXGL
20:09:59.557 [JavaFX Application Thread] INFO  Engine               - FXGL-11.17 (16.07.2021 15.46) on WINDOWS (J:17.0.1 FX:16)
20:09:59.558 [JavaFX Application Thread] DEBUG Engine               - JRE Vendor Name: Oracle Corporation
20:09:59.558 [JavaFX Application Thread] DEBUG Engine               - Running on OS: Windows 10 version 10.0
20:09:59.558 [JavaFX Application Thread] DEBUG Engine               - Architecture: amd64
20:09:59.558 [JavaFX Application Thread] INFO  Engine               - Source code and latest versions at: https://github.com/AlmasB/FXGL
20:09:59.558 [JavaFX Application Thread] INFO  Engine               -              Join the FXGL chat at: https://gitter.im/AlmasB/FXGL
20:09:59.657 [JavaFX Application Thread] DEBUG PrimaryStageWindow   - Creating a JavaFX scene
20:09:59.696 [JavaFX Application Thread] DEBUG PrimaryStageWindow   - Target settings size: 704.0 x 704.0
20:09:59.696 [JavaFX Application Thread] DEBUG PrimaryStageWindow   - Scaled scene size:    704.0 x 704.0
20:09:59.696 [JavaFX Application Thread] DEBUG PrimaryStageWindow   - Scaled ratio: (1.0, 1.0)
20:09:59.697 [JavaFX Application Thread] DEBUG PrimaryStageWindow   - Set initial scene to FXGLStartupScene
20:09:59.705 [JavaFX Application Thread] DEBUG PrimaryStageWindow   - Opening main window
20:09:59.789 [JavaFX Application Thread] DEBUG PrimaryStageWindow   - Window border size: (14.4000244140625, 37.5999755859375)
20:09:59.789 [JavaFX Application Thread] DEBUG PrimaryStageWindow   - Scaled size: 704.0 x 704.0
20:09:59.789 [JavaFX Application Thread] DEBUG PrimaryStageWindow   - Scaled ratio: (1.0, 1.0)
20:09:59.789 [JavaFX Application Thread] DEBUG PrimaryStageWindow   - Scene size: 704.0 x 704.0
20:09:59.789 [JavaFX Application Thread] DEBUG PrimaryStageWindow   - Stage size: 718.4000244140625 x 741.5999755859375
20:09:59.801 [FXGL Background Thread 1 ] DEBUG Engine               - Initializing environment variables
20:09:59.885 [FXGL Background Thread 1 ] DEBUG FXGLAssetLoaderServi - User app class for loading assets: class Bomber.BombermanApp
20:09:59.885 [FXGL Background Thread 1 ] DEBUG GameApplicationServi - Applying CSS: fxgl_dark.css
20:09:59.888 [FXGL Background Thread 1 ] DEBUG FXGLAssetLoaderServi - Loading from file system: jar:file:/C:/Users/thinh/.m2/repository/com/github/almasb/fxgl/11.17/fxgl-11.17.jar!/fxglassets/ui/css/fxgl_dark.css
20:09:59.958 [FXGL Background Thread 1 ] DEBUG GameApplicationServi - Initializing application scenes
20:10:00.007 [FXGL Background Thread 1 ] DEBUG GameWorld            - Game world initialized
20:10:00.088 [FXGL Background Thread 1 ] DEBUG PhysicsWorld         - Physics world initialized: appHeight=704, physics.ppm=50.0
20:10:00.089 [FXGL Background Thread 1 ] DEBUG PhysicsWorld         - Using strategy: BRUTE_FORCE
20:10:00.092 [FXGL Background Thread 1 ] DEBUG GameScene            - Game scene initialized: 704x704
20:10:00.176 [FXGL Background Thread 1 ] DEBUG GameApplicationServi - Application scenes initialized
20:10:00.190 [FXGL Background Thread 1 ] DEBUG SystemBundleService  - Loading FXGL system data
20:10:00.195 [FXGL Background Thread 1 ] DEBUG FileSystemAccess     - Reading from: D:\Code\ProjectJavaFX\bombermanTu\Bomber\system\fxgl.bundle
20:10:00.201 [FXGL Background Thread 1 ] DEBUG SystemBundleService  - Bundle FXGL: {}
20:10:00.201 [FXGL Background Thread 1 ] DEBUG UpdaterService       - Checking for updates
20:10:00.207 [FXGL Background Thread 4 ] DEBUG FXGLApplication      - Loading fonts
20:10:00.207 [FXGL Background Thread 4 ] DEBUG FXGLAssetLoaderServi - Loading from file system: file:/D:/Code/ProjectJavaFX/bombermanTu/Bomber/target/classes/assets/ui/fonts/Quinquefive-Ea6d4.ttf
20:10:00.207 [FXGL Background Thread 1 ] DEBUG FXGLApplication      - Loading default localization
20:10:00.208 [FXGL Background Thread 1 ] DEBUG FXGLAssetLoaderServi - Loading from file system: jar:file:/C:/Users/thinh/.m2/repository/com/github/almasb/fxgl/11.17/fxgl-11.17.jar!/fxglassets/languages/english.lang
20:10:00.227 [FXGL Background Thread 1 ] INFO  FXGLApplication      - FXGL initialization took: 0.425 sec
20:10:00.239 [JavaFX Application Thread] DEBUG Input                - Registered new binding: Move Up - W
20:10:00.239 [JavaFX Application Thread] DEBUG Input                - Registered new binding: Move Down - S
20:10:00.240 [JavaFX Application Thread] DEBUG Input                - Registered new binding: Move Left - A
20:10:00.240 [JavaFX Application Thread] DEBUG Input                - Registered new binding: Move Right - D
20:10:00.240 [JavaFX Application Thread] DEBUG Input                - Registered new binding: Place Bomb - Space
20:10:00.240 [JavaFX Application Thread] DEBUG FXGLAssetLoaderServi - Loading from file system: file:/D:/Code/ProjectJavaFX/bombermanTu/Bomber/target/classes/assets/music/title_screen.mp3
20:10:00.298 [FXGL Background Thread 4 ] DEBUG FXGLAssetLoaderServi - Loading from file system: jar:file:/C:/Users/thinh/.m2/repository/com/github/almasb/fxgl/11.17/fxgl-11.17.jar!/fxglassets/ui/fonts/Abel-Regular.ttf
20:10:00.313 [FXGL Background Thread 4 ] DEBUG FXGLAssetLoaderServi - Loading from file system: jar:file:/C:/Users/thinh/.m2/repository/com/github/almasb/fxgl/11.17/fxgl-11.17.jar!/fxglassets/ui/fonts/lucida_console.ttf
20:10:00.331 [FXGL Background Thread 4 ] DEBUG FXGLAssetLoaderServi - Loading from file system: jar:file:/C:/Users/thinh/.m2/repository/com/github/almasb/fxgl/11.17/fxgl-11.17.jar!/fxglassets/ui/fonts/Courier-Prime.ttf
20:10:00.409 [JavaFX Application Thread] DEBUG AudioPlayer          - Playing music com.almasb.fxgl.audio.Music@2ece36ed
20:10:00.409 [JavaFX Application Thread] DEBUG FXGLAssetLoaderServi - Loading from file system: jar:file:/C:/Users/thinh/.m2/repository/com/github/almasb/fxgl/11.17/fxgl-11.17.jar!/fxglassets/textures/fxgl_icon.png
20:10:00.431 [JavaFX Application Thread] DEBUG FXGLAssetLoaderServi - Loading from file system: jar:file:/C:/Users/thinh/.m2/repository/com/github/almasb/fxgl/11.17/fxgl-11.17.jar!/fxglassets/textures/fxgl_default_cursor.png
20:10:00.434 [JavaFX Application Thread] DEBUG Input                - Registered new binding: Screenshot - CTRL+8
20:10:00.434 [JavaFX Application Thread] DEBUG Input                - Registered new binding: System info dump - CTRL+9
20:10:00.435 [JavaFX Application Thread] DEBUG Input                - Registered new binding: Restart - CTRL+R
20:10:00.435 [JavaFX Application Thread] DEBUG Input                - Registered new binding: Toggle Debug Camera - CTRL+C
20:10:00.438 [JavaFX Application Thread] DEBUG LoopRunner           - Starting loop
20:10:00.438 [JavaFX Application Thread] DEBUG LoopRunner           - Initializing JavaFX AnimationTimerLoop
20:10:00.440 [JavaFX Application Thread] DEBUG Input                - Clearing active input actions
20:10:00.446 [JavaFX Application Thread] DEBUG GameApplicationServi - Removing overlay from FXGLStartupScene and adding to FXGLMainMenuDummyScene
20:10:00.447 [JavaFX Application Thread] DEBUG PrimaryStageWindow   - FXGLStartupScene -> FXGLMainMenuDummyScene
20:10:00.447 [JavaFX Application Thread] DEBUG PrimaryStageWindow   - Push state: BombermanMenu
20:10:00.447 [JavaFX Application Thread] DEBUG Input                - Clearing active input actions
20:10:00.452 [JavaFX Application Thread] DEBUG GameApplicationServi - Removing overlay from FXGLMainMenuDummyScene and adding to BombermanMenu
20:10:00.452 [JavaFX Application Thread] DEBUG PrimaryStageWindow   - FXGLMainMenuDummyScene -> BombermanMenu
20:10:00.463 [JavaFX Application Thread] DEBUG FXGLApplication      - Registering font factories with UI factory
20:10:01.838 [JavaFX Application Thread] DEBUG Menu                 - fireNewGame()
20:10:01.838 [JavaFX Application Thread] DEBUG GameApplicationServi - Starting new game
20:10:01.838 [JavaFX Application Thread] DEBUG PrimaryStageWindow   - Pop state: BombermanMenu
20:10:01.838 [JavaFX Application Thread] DEBUG Input                - Clearing active input actions
20:10:01.838 [JavaFX Application Thread] DEBUG GameApplicationServi - Removing overlay from BombermanMenu and adding to FXGLMainMenuDummyScene
20:10:01.839 [JavaFX Application Thread] DEBUG PrimaryStageWindow   - FXGLMainMenuDummyScene <- BombermanMenu
20:10:01.839 [JavaFX Application Thread] DEBUG Input                - Clearing active input actions
20:10:01.844 [JavaFX Application Thread] DEBUG GameApplicationServi - Removing overlay from FXGLMainMenuDummyScene and adding to FXGLLoadingScene
20:10:01.844 [JavaFX Application Thread] DEBUG PrimaryStageWindow   - FXGLMainMenuDummyScene -> FXGLLoadingScene
20:10:01.844 [JavaFX Application Thread] DEBUG GameApplicationServi - Clearing previous game
20:10:01.845 [JavaFX Application Thread] DEBUG GameScene            - Clearing game scene
20:10:01.845 [JavaFX Application Thread] DEBUG GameWorld            - Clearing game world
20:10:01.845 [JavaFX Application Thread] DEBUG PhysicsWorld         - Clearing physics world
20:10:01.848 [FXGL Background Thread 2 ] DEBUG FXGLApplication      - Initializing game
20:10:01.888 [FXGL Background Thread 2 ] WARN  TMXLevelLoader       - TiledMap generated from 1.7.2. Supported version: 1.2.3. Some features may not be parsed fully.
20:10:01.900 [FXGL Background Thread 2 ] DEBUG TMXLevelLoader       - Parsed TiledMap: file:/D:/Code/ProjectJavaFX/bombermanTu/Bomber/target/classes/assets/levels/level1.tmx
20:10:01.902 [FXGL Background Thread 2 ] DEBUG TMXLevelLoader       - Creating tile layer entities
20:10:01.903 [FXGL Background Thread 2 ] DEBUG TilesetLoader        - Loading view for layer Tile Layer 1
20:10:01.908 [FXGL Background Thread 2 ] DEBUG TilesetLoader        - Created buffer with size 1280.0x704.0
20:10:02.050 [FXGL Background Thread 2 ] DEBUG TMXLevelLoader       - Creating object layer entities
20:10:02.054 [FXGL Background Thread 2 ] DEBUG FXGLAssetLoaderServi - Loading from file system: file:/D:/Code/ProjectJavaFX/bombermanTu/Bomber/target/classes/assets/textures/powerup_bombs.png
20:10:02.061 [FXGL Background Thread 2 ] DEBUG FXGLAssetLoaderServi - Loading from file system: file:/D:/Code/ProjectJavaFX/bombermanTu/Bomber/target/classes/assets/textures/powerup_flames.png
20:10:02.062 [FXGL Background Thread 2 ] DEBUG FXGLAssetLoaderServi - Loading from file system: file:/D:/Code/ProjectJavaFX/bombermanTu/Bomber/target/classes/assets/textures/powerup_speed.png
20:10:02.063 [FXGL Background Thread 2 ] DEBUG FXGLAssetLoaderServi - Loading from file system: file:/D:/Code/ProjectJavaFX/bombermanTu/Bomber/target/classes/assets/textures/powerup_flamepass.png
20:10:02.064 [FXGL Background Thread 2 ] DEBUG FXGLAssetLoaderServi - Loading from file system: file:/D:/Code/ProjectJavaFX/bombermanTu/Bomber/target/classes/assets/textures/portal.png
20:10:02.069 [FXGL Background Thread 2 ] DEBUG FXGLAssetLoaderServi - Loading from file system: file:/D:/Code/ProjectJavaFX/bombermanTu/Bomber/target/classes/assets/textures/player_die.png
20:10:02.071 [FXGL Background Thread 2 ] DEBUG FXGLAssetLoaderServi - Loading from file system: file:/D:/Code/ProjectJavaFX/bombermanTu/Bomber/target/classes/assets/textures/player_down.png
20:10:02.072 [FXGL Background Thread 2 ] DEBUG FXGLAssetLoaderServi - Loading from file system: file:/D:/Code/ProjectJavaFX/bombermanTu/Bomber/target/classes/assets/textures/player_right.png
20:10:02.075 [FXGL Background Thread 2 ] DEBUG FXGLAssetLoaderServi - Loading from file system: file:/D:/Code/ProjectJavaFX/bombermanTu/Bomber/target/classes/assets/textures/player_up.png
20:10:02.077 [FXGL Background Thread 2 ] DEBUG FXGLAssetLoaderServi - Loading from file system: file:/D:/Code/ProjectJavaFX/bombermanTu/Bomber/target/classes/assets/textures/player_left.png
20:10:02.080 [FXGL Background Thread 2 ] WARN  Entity               - Entity already has component: com.almasb.fxgl.physics.PhysicsComponent
20:10:02.082 [FXGL Background Thread 2 ] DEBUG FXGLAssetLoaderServi - Loading from file system: file:/D:/Code/ProjectJavaFX/bombermanTu/Bomber/target/classes/assets/textures/brick.png
20:10:02.116 [FXGL Background Thread 2 ] DEBUG GameWorld            - Clearing removable entities
20:10:02.117 [FXGL Background Thread 2 ] DEBUG GameWorld            - Setting level: com.almasb.fxgl.entity.level.Level@231d055
20:10:02.138 [FXGL Background Thread 2 ] INFO  FXGLApplication      - Game initialization took: 0.290 sec
20:10:02.141 [JavaFX Application Thread] DEBUG Input                - Clearing active input actions
20:10:02.155 [JavaFX Application Thread] DEBUG GameApplicationServi - Removing overlay from FXGLLoadingScene and adding to GameScene
20:10:02.156 [JavaFX Application Thread] DEBUG PrimaryStageWindow   - FXGLLoadingScene -> GameScene
20:10:03.128 [JavaFX Application Thread] DEBUG PrimaryStageWindow   - Push state: BombermanGameMenu
20:10:03.128 [JavaFX Application Thread] DEBUG Input                - Clearing active input actions
20:10:03.129 [JavaFX Application Thread] DEBUG GameApplicationServi - Removing overlay from GameScene and adding to BombermanGameMenu
20:10:03.129 [JavaFX Application Thread] DEBUG PrimaryStageWindow   - GameScene -> BombermanGameMenu
20:10:03.206 [FXGL Background Thread 3 ] DEBUG Engine               - Logging environment variables
20:10:03.206 [FXGL Background Thread 3 ] DEBUG Engine               - achievements: []
20:10:03.206 [FXGL Background Thread 3 ] DEBUG Engine               - actualHeight: 704.0
20:10:03.206 [FXGL Background Thread 3 ] DEBUG Engine               - actualHeightProperty: ReadOnlyDoubleProperty [value: 704.0]
20:10:03.206 [FXGL Background Thread 3 ] DEBUG Engine               - actualWidth: 704.0
20:10:03.207 [FXGL Background Thread 3 ] DEBUG Engine               - actualWidthProperty: ReadOnlyDoubleProperty [value: 704.0]
20:10:03.207 [FXGL Background Thread 3 ] DEBUG Engine               - appIcon: fxgl_icon.png
20:10:03.207 [FXGL Background Thread 3 ] DEBUG Engine               - applicationMode: DEVELOPER
20:10:03.207 [FXGL Background Thread 3 ] DEBUG Engine               - cSSList: [fxgl_dark.css]
20:10:03.207 [FXGL Background Thread 3 ] DEBUG Engine               - collisionDetectionStrategy: BRUTE_FORCE
20:10:03.207 [FXGL Background Thread 3 ] DEBUG Engine               - configClass: Optional.empty
20:10:03.207 [FXGL Background Thread 3 ] DEBUG Engine               - credits: []
20:10:03.207 [FXGL Background Thread 3 ] DEBUG Engine               - defaultCursor: CursorInfo(imageName=fxgl_default_cursor.png, hotspotX=7.0, hotspotY=6.0)
20:10:03.207 [FXGL Background Thread 3 ] DEBUG Engine               - devBBoxColorProperty: ObjectProperty [value: 0xff0000ff]
20:10:03.207 [FXGL Background Thread 3 ] DEBUG Engine               - devEnableDebugCameraProperty: BooleanProperty [value: false]
20:10:03.207 [FXGL Background Thread 3 ] DEBUG Engine               - devSensorColorProperty: ObjectProperty [value: 0xffff00ff]
20:10:03.207 [FXGL Background Thread 3 ] DEBUG Engine               - devShowBBoxProperty: BooleanProperty [value: false]
20:10:03.208 [FXGL Background Thread 3 ] DEBUG Engine               - devShowPositionProperty: BooleanProperty [value: false]
20:10:03.208 [FXGL Background Thread 3 ] DEBUG Engine               - enabledMenuItems: []
20:10:03.208 [FXGL Background Thread 3 ] DEBUG Engine               - engineServices: [class com.almasb.fxgl.app.services.FXGLAssetLoaderService, class com.almasb.fxgl.app.FXGLApplication$GameApplicationService, class com.almasb.fxgl.app.services.FXGLDialogService, class com.almasb.fxgl.app.services.IOTaskExecutorService, class com.almasb.fxgl.io.FileSystemService, class com.almasb.fxgl.localization.LocalizationService, class com.almasb.fxgl.app.services.SystemBundleService, class com.almasb.fxgl.profile.SaveLoadService, class com.almasb.fxgl.ui.FXGLUIFactoryServiceProvider, class com.almasb.fxgl.ui.FXGLDialogFactoryServiceProvider, class com.almasb.fxgl.audio.AudioPlayer, class com.almasb.fxgl.notification.impl.NotificationServiceProvider, class com.almasb.fxgl.achievement.AchievementService, class com.almasb.fxgl.cutscene.CutsceneService, class com.almasb.fxgl.minigames.MiniGameService, class com.almasb.fxgl.net.NetService, class com.almasb.fxgl.app.services.UpdaterService, class com.almasb.fxgl.dev.DevService]
20:10:03.208 [FXGL Background Thread 3 ] DEBUG Engine               - fontGame: Abel-Regular.ttf
20:10:03.208 [FXGL Background Thread 3 ] DEBUG Engine               - fontMono: lucida_console.ttf
20:10:03.208 [FXGL Background Thread 3 ] DEBUG Engine               - fontText: Courier-Prime.ttf
20:10:03.208 [FXGL Background Thread 3 ] DEBUG Engine               - fontUI: Quinquefive-Ea6d4.ttf
20:10:03.208 [FXGL Background Thread 3 ] DEBUG Engine               - fullScreen: BooleanProperty [value: false]
20:10:03.208 [FXGL Background Thread 3 ] DEBUG Engine               - gameDifficulty: MEDIUM
20:10:03.208 [FXGL Background Thread 3 ] DEBUG Engine               - gameDifficultyProperty: ObjectProperty [value: MEDIUM]
20:10:03.209 [FXGL Background Thread 3 ] DEBUG Engine               - globalMusicVolume: 0.5
20:10:03.209 [FXGL Background Thread 3 ] DEBUG Engine               - globalMusicVolumeProperty: DoubleProperty [value: 0.3]
20:10:03.209 [FXGL Background Thread 3 ] DEBUG Engine               - globalSoundVolume: 0.5
20:10:03.209 [FXGL Background Thread 3 ] DEBUG Engine               - globalSoundVolumeProperty: DoubleProperty [value: 0.3]
20:10:03.209 [FXGL Background Thread 3 ] DEBUG Engine               - height: 704
20:10:03.209 [FXGL Background Thread 3 ] DEBUG Engine               - is3D: false
20:10:03.209 [FXGL Background Thread 3 ] DEBUG Engine               - isAndroid: false
20:10:03.209 [FXGL Background Thread 3 ] DEBUG Engine               - isBrowser: false
20:10:03.209 [FXGL Background Thread 3 ] DEBUG Engine               - isClickFeedbackEnabled: false
20:10:03.209 [FXGL Background Thread 3 ] DEBUG Engine               - isCloseConfirmation: false
20:10:03.209 [FXGL Background Thread 3 ] DEBUG Engine               - isDesktop: true
20:10:03.209 [FXGL Background Thread 3 ] DEBUG Engine               - isDeveloperMenuEnabled: false
20:10:03.209 [FXGL Background Thread 3 ] DEBUG Engine               - isEntityPreloadEnabled: true
20:10:03.209 [FXGL Background Thread 3 ] DEBUG Engine               - isExperimentalTiledLargeMap: false
20:10:03.209 [FXGL Background Thread 3 ] DEBUG Engine               - isFileSystemWriteAllowed: true
20:10:03.209 [FXGL Background Thread 3 ] DEBUG Engine               - isFullScreenAllowed: false
20:10:03.209 [FXGL Background Thread 3 ] DEBUG Engine               - isFullScreenFromStart: false
20:10:03.210 [FXGL Background Thread 3 ] DEBUG Engine               - isGameMenuEnabled: true
20:10:03.210 [FXGL Background Thread 3 ] DEBUG Engine               - isIOS: false
20:10:03.210 [FXGL Background Thread 3 ] DEBUG Engine               - isIntroEnabled: false
20:10:03.210 [FXGL Background Thread 3 ] DEBUG Engine               - isLinux: false
20:10:03.210 [FXGL Background Thread 3 ] DEBUG Engine               - isMac: false
20:10:03.210 [FXGL Background Thread 3 ] DEBUG Engine               - isMainMenuEnabled: true
20:10:03.210 [FXGL Background Thread 3 ] DEBUG Engine               - isManualResizeEnabled: false
20:10:03.210 [FXGL Background Thread 3 ] DEBUG Engine               - isMobile: false
20:10:03.211 [FXGL Background Thread 3 ] DEBUG Engine               - isNative: false
20:10:03.211 [FXGL Background Thread 3 ] DEBUG Engine               - isPauseMusicWhenMinimized: true
20:10:03.211 [FXGL Background Thread 3 ] DEBUG Engine               - isPreserveResizeRatio: false
20:10:03.211 [FXGL Background Thread 3 ] DEBUG Engine               - isProfilingEnabled: false
20:10:03.211 [FXGL Background Thread 3 ] DEBUG Engine               - isScaleAffectedOnResize: true
20:10:03.211 [FXGL Background Thread 3 ] DEBUG Engine               - isSingleStep: false
20:10:03.211 [FXGL Background Thread 3 ] DEBUG Engine               - isUserProfileEnabled: false
20:10:03.211 [FXGL Background Thread 3 ] DEBUG Engine               - isWindows: true
20:10:03.211 [FXGL Background Thread 3 ] DEBUG Engine               - language: ObjectProperty [value: ENGLISH]
20:10:03.211 [FXGL Background Thread 3 ] DEBUG Engine               - menuKey: ESCAPE
20:10:03.211 [FXGL Background Thread 3 ] DEBUG Engine               - mouseSensitivity: 0.2
20:10:03.211 [FXGL Background Thread 3 ] DEBUG Engine               - notificationViewClass: class com.almasb.fxgl.notification.view.XboxNotificationView
20:10:03.211 [FXGL Background Thread 3 ] DEBUG Engine               - pixelsPerMeter: 50.0
20:10:03.211 [FXGL Background Thread 3 ] DEBUG Engine               - platform: WINDOWS
20:10:03.211 [FXGL Background Thread 3 ] DEBUG Engine               - prefHeightProperty: ReadOnlyDoubleProperty [value: 704.0]
20:10:03.212 [FXGL Background Thread 3 ] DEBUG Engine               - prefWidthProperty: ReadOnlyDoubleProperty [value: 704.0]
20:10:03.212 [FXGL Background Thread 3 ] DEBUG Engine               - profileDir: profiles/
20:10:03.212 [FXGL Background Thread 3 ] DEBUG Engine               - profileName: StringProperty [value: DEFAULT]
20:10:03.212 [FXGL Background Thread 3 ] DEBUG Engine               - randomSeed: -1
20:10:03.212 [FXGL Background Thread 3 ] DEBUG Engine               - runtimeInfo: RuntimeInfo(platform=WINDOWS, version=11.17, build=16.07.2021 15.46)
20:10:03.212 [FXGL Background Thread 3 ] DEBUG Engine               - saveFileExt: sav
20:10:03.212 [FXGL Background Thread 3 ] DEBUG Engine               - scaledHeightProp$fxgl: DoubleProperty [bound, value: 704.0]
20:10:03.212 [FXGL Background Thread 3 ] DEBUG Engine               - scaledWidthProp$fxgl: DoubleProperty [bound, value: 704.0]
20:10:03.212 [FXGL Background Thread 3 ] DEBUG Engine               - sceneFactory: Bomber.BombermanApp$1@749ef598
20:10:03.212 [FXGL Background Thread 3 ] DEBUG Engine               - secondsIn24h: 60
20:10:03.212 [FXGL Background Thread 3 ] DEBUG Engine               - soundMenuBack: menu/back.wav
20:10:03.213 [FXGL Background Thread 3 ] DEBUG Engine               - soundMenuPress: menu/press.wav
20:10:03.213 [FXGL Background Thread 3 ] DEBUG Engine               - soundMenuSelect: menu/select.wav
20:10:03.213 [FXGL Background Thread 3 ] DEBUG Engine               - soundNotification: core/notification.wav
20:10:03.213 [FXGL Background Thread 3 ] DEBUG Engine               - stageStyle: DECORATED
20:10:03.213 [FXGL Background Thread 3 ] DEBUG Engine               - supportedLanguages: [ENGLISH, FRENCH, GERMAN, HUNGARIAN, RUSSIAN]
20:10:03.213 [FXGL Background Thread 3 ] DEBUG Engine               - ticksPerSecond: -1
20:10:03.213 [FXGL Background Thread 3 ] DEBUG Engine               - title: BOMBERMAN
20:10:03.213 [FXGL Background Thread 3 ] DEBUG Engine               - urlGithub: https://github.com/AlmasB/FXGL
20:10:03.213 [FXGL Background Thread 3 ] DEBUG Engine               - urlLeaderboard: http://fxgl-top.herokuapp.com/
20:10:03.213 [FXGL Background Thread 3 ] DEBUG Engine               - urlPOM: https://raw.githubusercontent.com/AlmasB/FXGL/release/README.md
20:10:03.213 [FXGL Background Thread 3 ] DEBUG Engine               - userAppClass: class Bomber.BombermanApp
20:10:03.213 [FXGL Background Thread 3 ] DEBUG Engine               - version: 1.0
20:10:03.214 [FXGL Background Thread 3 ] DEBUG Engine               - versionCheckDays: 7
20:10:03.214 [FXGL Background Thread 3 ] DEBUG Engine               - width: 704
20:10:03.214 [FXGL Background Thread 3 ] DEBUG Engine               - Logging services
20:10:03.214 [FXGL Background Thread 3 ] DEBUG Engine               - class com.almasb.fxgl.app.services.FXGLAssetLoaderService
20:10:03.214 [FXGL Background Thread 3 ] DEBUG Engine               - class com.almasb.fxgl.app.FXGLApplication$GameApplicationService
20:10:03.214 [FXGL Background Thread 3 ] DEBUG Engine               - class com.almasb.fxgl.app.services.FXGLDialogService
20:10:03.214 [FXGL Background Thread 3 ] DEBUG Engine               - class com.almasb.fxgl.app.services.IOTaskExecutorService
20:10:03.214 [FXGL Background Thread 3 ] DEBUG Engine               - class com.almasb.fxgl.io.FileSystemService
20:10:03.214 [FXGL Background Thread 3 ] DEBUG Engine               - class com.almasb.fxgl.localization.LocalizationService
20:10:03.214 [FXGL Background Thread 3 ] DEBUG Engine               - class com.almasb.fxgl.app.services.SystemBundleService
20:10:03.214 [FXGL Background Thread 3 ] DEBUG Engine               - class com.almasb.fxgl.profile.SaveLoadService
20:10:03.215 [FXGL Background Thread 3 ] DEBUG Engine               - class com.almasb.fxgl.ui.FXGLUIFactoryServiceProvider
20:10:03.215 [FXGL Background Thread 3 ] DEBUG Engine               - class com.almasb.fxgl.ui.FXGLDialogFactoryServiceProvider
20:10:03.215 [FXGL Background Thread 3 ] DEBUG Engine               - class com.almasb.fxgl.audio.AudioPlayer
20:10:03.215 [FXGL Background Thread 3 ] DEBUG Engine               - class com.almasb.fxgl.notification.impl.NotificationServiceProvider
20:10:03.215 [FXGL Background Thread 3 ] DEBUG Engine               - class com.almasb.fxgl.achievement.AchievementService
20:10:03.215 [FXGL Background Thread 3 ] DEBUG Engine               - class com.almasb.fxgl.cutscene.CutsceneService
20:10:03.215 [FXGL Background Thread 3 ] DEBUG Engine               - class com.almasb.fxgl.minigames.MiniGameService
20:10:03.215 [FXGL Background Thread 3 ] DEBUG Engine               - class com.almasb.fxgl.net.NetService
20:10:03.215 [FXGL Background Thread 3 ] DEBUG Engine               - class com.almasb.fxgl.app.services.UpdaterService
20:10:03.215 [FXGL Background Thread 3 ] DEBUG Engine               - class com.almasb.fxgl.dev.DevService
20:10:03.985 [JavaFX Application Thread] DEBUG PrimaryStageWindow   - Push state: DialogSubScene
20:10:03.985 [JavaFX Application Thread] DEBUG Input                - Clearing active input actions
20:10:03.985 [JavaFX Application Thread] DEBUG GameApplicationServi - Removing overlay from BombermanGameMenu and adding to DialogSubScene
20:10:03.985 [JavaFX Application Thread] DEBUG PrimaryStageWindow   - BombermanGameMenu -> DialogSubScene
20:10:04.957 [JavaFX Application Thread] DEBUG PrimaryStageWindow   - Pop state: DialogSubScene
20:10:04.957 [JavaFX Application Thread] DEBUG Input                - Clearing active input actions
20:10:04.958 [JavaFX Application Thread] DEBUG GameApplicationServi - Removing overlay from DialogSubScene and adding to BombermanGameMenu
20:10:04.958 [JavaFX Application Thread] DEBUG PrimaryStageWindow   - BombermanGameMenu <- DialogSubScene
20:10:05.589 [JavaFX Application Thread] DEBUG PrimaryStageWindow   - Push state: DialogSubScene
20:10:05.589 [JavaFX Application Thread] DEBUG Input                - Clearing active input actions
20:10:05.590 [JavaFX Application Thread] DEBUG GameApplicationServi - Removing overlay from BombermanGameMenu and adding to DialogSubScene
20:10:05.590 [JavaFX Application Thread] DEBUG PrimaryStageWindow   - BombermanGameMenu -> DialogSubScene
20:10:07.373 [JavaFX Application Thread] DEBUG PrimaryStageWindow   - Pop state: DialogSubScene
20:10:07.373 [JavaFX Application Thread] DEBUG Input                - Clearing active input actions
20:10:07.373 [JavaFX Application Thread] DEBUG GameApplicationServi - Removing overlay from DialogSubScene and adding to BombermanGameMenu
20:10:07.373 [JavaFX Application Thread] DEBUG PrimaryStageWindow   - BombermanGameMenu <- DialogSubScene
20:10:09.749 [JavaFX Application Thread] DEBUG Menu                 - fireResume()
20:10:09.749 [JavaFX Application Thread] DEBUG PrimaryStageWindow   - Pop state: BombermanGameMenu
20:10:09.749 [JavaFX Application Thread] DEBUG Input                - Clearing active input actions
20:10:09.749 [JavaFX Application Thread] DEBUG GameApplicationServi - Removing overlay from BombermanGameMenu and adding to GameScene
20:10:09.749 [JavaFX Application Thread] DEBUG PrimaryStageWindow   - GameScene <- BombermanGameMenu
20:10:10.304 [JavaFX Application Thread] DEBUG FXGLAssetLoaderServi - Loading from file system: file:/D:/Code/ProjectJavaFX/bombermanTu/Bomber/target/classes/assets/textures/bomb_ani.png
20:10:12.708 [JavaFX Application Thread] DEBUG FXGLAssetLoaderServi - Loading from file system: file:/D:/Code/ProjectJavaFX/bombermanTu/Bomber/target/classes/assets/textures/bomb_exploded_1.png
20:10:12.716 [JavaFX Application Thread] DEBUG FXGLAssetLoaderServi - Loading from file system: file:/D:/Code/ProjectJavaFX/bombermanTu/Bomber/target/classes/assets/textures/brick_break.png
20:10:26.164 [JavaFX Application Thread] DEBUG FXGLApplication      - Exiting FXGL
20:10:26.165 [JavaFX Application Thread] DEBUG LoopRunner           - Stopping loop
20:10:26.165 [JavaFX Application Thread] DEBUG SystemBundleService  - Saving FXGL system data
20:10:26.166 [JavaFX Application Thread] DEBUG FileSystemAccess     - Writing to: D:\Code\ProjectJavaFX\bombermanTu\Bomber\system\fxgl.bundle
20:10:26.168 [JavaFX Application Thread] DEBUG Async                - Shutting down background threads
20:10:26.168 [JavaFX Application Thread] DEBUG PrimaryStageWindow   - Closing main window
20:10:26.179 [JavaFX Application Thread] DEBUG Logger               - Closing Logger
