19:27:46.175 [main                     ] DEBUG Logger               - Configured Logger
19:27:46.190 [main                     ] DEBUG GameApplication      - Logging settings
Title: BOMBERMAN
Version: 1.0
Width: 704
Height: 704
Fullscreen: false
Intro: false
Profiling: false
Single step:false
App Mode: DEVELOPER
Menu Key: ESCAPE
Stage Style: DECORATED
Scene Factory: class Bomber.BombermanApp$1

19:27:46.582 [JavaFX Application Thread] DEBUG FXGLApplication      - Initializing FXGL
19:27:46.583 [JavaFX Application Thread] INFO  Engine               - FXGL-11.17 (16.07.2021 15.46) on WINDOWS (J:17.0.1 FX:16)
19:27:46.584 [JavaFX Application Thread] DEBUG Engine               - JRE Vendor Name: Oracle Corporation
19:27:46.584 [JavaFX Application Thread] DEBUG Engine               - Running on OS: Windows 10 version 10.0
19:27:46.584 [JavaFX Application Thread] DEBUG Engine               - Architecture: amd64
19:27:46.584 [JavaFX Application Thread] INFO  Engine               - Source code and latest versions at: https://github.com/AlmasB/FXGL
19:27:46.584 [JavaFX Application Thread] INFO  Engine               -              Join the FXGL chat at: https://gitter.im/AlmasB/FXGL
19:27:46.691 [JavaFX Application Thread] DEBUG PrimaryStageWindow   - Creating a JavaFX scene
19:27:46.727 [JavaFX Application Thread] DEBUG PrimaryStageWindow   - Target settings size: 704.0 x 704.0
19:27:46.727 [JavaFX Application Thread] DEBUG PrimaryStageWindow   - Scaled scene size:    704.0 x 704.0
19:27:46.727 [JavaFX Application Thread] DEBUG PrimaryStageWindow   - Scaled ratio: (1.0, 1.0)
19:27:46.728 [JavaFX Application Thread] DEBUG PrimaryStageWindow   - Set initial scene to FXGLStartupScene
19:27:46.734 [JavaFX Application Thread] DEBUG PrimaryStageWindow   - Opening main window
19:27:46.822 [JavaFX Application Thread] DEBUG PrimaryStageWindow   - Window border size: (14.4000244140625, 37.5999755859375)
19:27:46.823 [JavaFX Application Thread] DEBUG PrimaryStageWindow   - Scaled size: 704.0 x 704.0
19:27:46.823 [JavaFX Application Thread] DEBUG PrimaryStageWindow   - Scaled ratio: (1.0, 1.0)
19:27:46.823 [JavaFX Application Thread] DEBUG PrimaryStageWindow   - Scene size: 704.0 x 704.0
19:27:46.823 [JavaFX Application Thread] DEBUG PrimaryStageWindow   - Stage size: 718.4000244140625 x 741.5999755859375
19:27:46.829 [FXGL Background Thread 1 ] DEBUG Engine               - Initializing environment variables
19:27:46.911 [FXGL Background Thread 1 ] DEBUG FXGLAssetLoaderServi - User app class for loading assets: class Bomber.BombermanApp
19:27:46.911 [FXGL Background Thread 1 ] DEBUG GameApplicationServi - Applying CSS: fxgl_dark.css
19:27:46.911 [FXGL Background Thread 1 ] DEBUG FXGLAssetLoaderServi - Loading from file system: jar:file:/C:/Users/thinh/.m2/repository/com/github/almasb/fxgl/11.17/fxgl-11.17.jar!/fxglassets/ui/css/fxgl_dark.css
19:27:46.964 [FXGL Background Thread 1 ] DEBUG GameApplicationServi - Initializing application scenes
19:27:47.025 [FXGL Background Thread 1 ] DEBUG GameWorld            - Game world initialized
19:27:47.098 [FXGL Background Thread 1 ] DEBUG PhysicsWorld         - Physics world initialized: appHeight=704, physics.ppm=50.0
19:27:47.098 [FXGL Background Thread 1 ] DEBUG PhysicsWorld         - Using strategy: BRUTE_FORCE
19:27:47.103 [FXGL Background Thread 1 ] DEBUG GameScene            - Game scene initialized: 704x704
19:27:47.183 [FXGL Background Thread 1 ] DEBUG GameApplicationServi - Application scenes initialized
19:27:47.195 [FXGL Background Thread 1 ] DEBUG SystemBundleService  - Loading FXGL system data
19:27:47.200 [FXGL Background Thread 1 ] DEBUG FileSystemAccess     - Reading from: D:\Code\ProjectJavaFX\bombermanTu\Bomber\system\fxgl.bundle
19:27:47.205 [FXGL Background Thread 1 ] DEBUG SystemBundleService  - Bundle FXGL: {}
19:27:47.206 [FXGL Background Thread 1 ] DEBUG UpdaterService       - Checking for updates
19:27:47.211 [FXGL Background Thread 4 ] DEBUG FXGLApplication      - Loading fonts
19:27:47.211 [FXGL Background Thread 4 ] DEBUG FXGLAssetLoaderServi - Loading from file system: file:/D:/Code/ProjectJavaFX/bombermanTu/Bomber/target/classes/assets/ui/fonts/Quinquefive-Ea6d4.ttf
19:27:47.211 [FXGL Background Thread 1 ] DEBUG FXGLApplication      - Loading default localization
19:27:47.211 [FXGL Background Thread 1 ] DEBUG FXGLAssetLoaderServi - Loading from file system: jar:file:/C:/Users/thinh/.m2/repository/com/github/almasb/fxgl/11.17/fxgl-11.17.jar!/fxglassets/languages/english.lang
19:27:47.234 [FXGL Background Thread 1 ] INFO  FXGLApplication      - FXGL initialization took: 0.404 sec
19:27:47.246 [JavaFX Application Thread] DEBUG Input                - Registered new binding: Move Up - W
19:27:47.246 [JavaFX Application Thread] DEBUG Input                - Registered new binding: Move Down - S
19:27:47.246 [JavaFX Application Thread] DEBUG Input                - Registered new binding: Move Left - A
19:27:47.246 [JavaFX Application Thread] DEBUG Input                - Registered new binding: Move Right - D
19:27:47.247 [JavaFX Application Thread] DEBUG Input                - Registered new binding: Place Bomb - Space
19:27:47.247 [JavaFX Application Thread] DEBUG FXGLAssetLoaderServi - Loading from file system: file:/D:/Code/ProjectJavaFX/bombermanTu/Bomber/target/classes/assets/music/title_screen.mp3
19:27:47.304 [FXGL Background Thread 4 ] DEBUG FXGLAssetLoaderServi - Loading from file system: jar:file:/C:/Users/thinh/.m2/repository/com/github/almasb/fxgl/11.17/fxgl-11.17.jar!/fxglassets/ui/fonts/Abel-Regular.ttf
19:27:47.320 [FXGL Background Thread 4 ] DEBUG FXGLAssetLoaderServi - Loading from file system: jar:file:/C:/Users/thinh/.m2/repository/com/github/almasb/fxgl/11.17/fxgl-11.17.jar!/fxglassets/ui/fonts/lucida_console.ttf
19:27:47.339 [FXGL Background Thread 4 ] DEBUG FXGLAssetLoaderServi - Loading from file system: jar:file:/C:/Users/thinh/.m2/repository/com/github/almasb/fxgl/11.17/fxgl-11.17.jar!/fxglassets/ui/fonts/Courier-Prime.ttf
19:27:47.402 [JavaFX Application Thread] DEBUG AudioPlayer          - Playing music com.almasb.fxgl.audio.Music@79b984eb
19:27:47.403 [JavaFX Application Thread] DEBUG FXGLAssetLoaderServi - Loading from file system: jar:file:/C:/Users/thinh/.m2/repository/com/github/almasb/fxgl/11.17/fxgl-11.17.jar!/fxglassets/textures/fxgl_icon.png
19:27:47.426 [JavaFX Application Thread] DEBUG FXGLAssetLoaderServi - Loading from file system: jar:file:/C:/Users/thinh/.m2/repository/com/github/almasb/fxgl/11.17/fxgl-11.17.jar!/fxglassets/textures/fxgl_default_cursor.png
19:27:47.430 [JavaFX Application Thread] DEBUG Input                - Registered new binding: Screenshot - CTRL+8
19:27:47.430 [JavaFX Application Thread] DEBUG Input                - Registered new binding: System info dump - CTRL+9
19:27:47.431 [JavaFX Application Thread] DEBUG Input                - Registered new binding: Restart - CTRL+R
19:27:47.432 [JavaFX Application Thread] DEBUG Input                - Registered new binding: Toggle Debug Camera - CTRL+C
19:27:47.434 [JavaFX Application Thread] DEBUG LoopRunner           - Starting loop
19:27:47.434 [JavaFX Application Thread] DEBUG LoopRunner           - Initializing JavaFX AnimationTimerLoop
19:27:47.436 [JavaFX Application Thread] DEBUG Input                - Clearing active input actions
19:27:47.443 [JavaFX Application Thread] DEBUG GameApplicationServi - Removing overlay from FXGLStartupScene and adding to FXGLMainMenuDummyScene
19:27:47.444 [JavaFX Application Thread] DEBUG PrimaryStageWindow   - FXGLStartupScene -> FXGLMainMenuDummyScene
19:27:47.444 [JavaFX Application Thread] DEBUG PrimaryStageWindow   - Push state: BombermanMenu
19:27:47.444 [JavaFX Application Thread] DEBUG Input                - Clearing active input actions
19:27:47.448 [JavaFX Application Thread] DEBUG GameApplicationServi - Removing overlay from FXGLMainMenuDummyScene and adding to BombermanMenu
19:27:47.449 [JavaFX Application Thread] DEBUG PrimaryStageWindow   - FXGLMainMenuDummyScene -> BombermanMenu
19:27:47.449 [JavaFX Application Thread] DEBUG FXGLApplication      - Registering font factories with UI factory
19:27:49.148 [JavaFX Application Thread] DEBUG FXGLApplication      - Exiting FXGL
19:27:49.148 [JavaFX Application Thread] DEBUG LoopRunner           - Stopping loop
19:27:49.149 [JavaFX Application Thread] DEBUG SystemBundleService  - Saving FXGL system data
19:27:49.150 [JavaFX Application Thread] DEBUG FileSystemAccess     - Writing to: D:\Code\ProjectJavaFX\bombermanTu\Bomber\system\fxgl.bundle
19:27:49.151 [JavaFX Application Thread] DEBUG Async                - Shutting down background threads
19:27:49.152 [JavaFX Application Thread] DEBUG PrimaryStageWindow   - Closing main window
19:27:49.160 [JavaFX Application Thread] DEBUG Logger               - Closing Logger
