19:55:20.836 [main                     ] DEBUG Logger               - Configured Logger
19:55:20.836 [main                     ] DEBUG GameApplication      - Logging settings
Title: BOMBERMAN
Version: 1.0
Width: 704
Height: 704
Fullscreen: false
Intro: false
Profiling: false
Single step:false
App Mode: DEVELOPER
Menu Key: ESCAPE
Stage Style: DECORATED
Scene Factory: class Bomber.BombermanApp$1

19:55:21.189 [JavaFX Application Thread] DEBUG FXGLApplication      - Initializing FXGL
19:55:21.191 [JavaFX Application Thread] INFO  Engine               - FXGL-11.17 (16.07.2021 15.46) on WINDOWS (J:17.0.1 FX:16)
19:55:21.192 [JavaFX Application Thread] DEBUG Engine               - JRE Vendor Name: Oracle Corporation
19:55:21.192 [JavaFX Application Thread] DEBUG Engine               - Running on OS: Windows 10 version 10.0
19:55:21.192 [JavaFX Application Thread] DEBUG Engine               - Architecture: amd64
19:55:21.192 [JavaFX Application Thread] INFO  Engine               - Source code and latest versions at: https://github.com/AlmasB/FXGL
19:55:21.192 [JavaFX Application Thread] INFO  Engine               -              Join the FXGL chat at: https://gitter.im/AlmasB/FXGL
19:55:21.297 [JavaFX Application Thread] DEBUG PrimaryStageWindow   - Creating a JavaFX scene
19:55:21.335 [JavaFX Application Thread] DEBUG PrimaryStageWindow   - Target settings size: 704.0 x 704.0
19:55:21.335 [JavaFX Application Thread] DEBUG PrimaryStageWindow   - Scaled scene size:    704.0 x 704.0
19:55:21.335 [JavaFX Application Thread] DEBUG PrimaryStageWindow   - Scaled ratio: (1.0, 1.0)
19:55:21.336 [JavaFX Application Thread] DEBUG PrimaryStageWindow   - Set initial scene to FXGLStartupScene
19:55:21.343 [JavaFX Application Thread] DEBUG PrimaryStageWindow   - Opening main window
19:55:21.430 [JavaFX Application Thread] DEBUG PrimaryStageWindow   - Window border size: (14.4000244140625, 37.5999755859375)
19:55:21.431 [JavaFX Application Thread] DEBUG PrimaryStageWindow   - Scaled size: 704.0 x 704.0
19:55:21.431 [JavaFX Application Thread] DEBUG PrimaryStageWindow   - Scaled ratio: (1.0, 1.0)
19:55:21.431 [JavaFX Application Thread] DEBUG PrimaryStageWindow   - Scene size: 704.0 x 704.0
19:55:21.431 [JavaFX Application Thread] DEBUG PrimaryStageWindow   - Stage size: 718.4000244140625 x 741.5999755859375
19:55:21.440 [FXGL Background Thread 1 ] DEBUG Engine               - Initializing environment variables
19:55:21.514 [FXGL Background Thread 1 ] DEBUG FXGLAssetLoaderServi - User app class for loading assets: class Bomber.BombermanApp
19:55:21.514 [FXGL Background Thread 1 ] DEBUG GameApplicationServi - Applying CSS: fxgl_dark.css
19:55:21.517 [FXGL Background Thread 1 ] DEBUG FXGLAssetLoaderServi - Loading from file system: jar:file:/C:/Users/thinh/.m2/repository/com/github/almasb/fxgl/11.17/fxgl-11.17.jar!/fxglassets/ui/css/fxgl_dark.css
19:55:21.580 [FXGL Background Thread 1 ] DEBUG GameApplicationServi - Initializing application scenes
19:55:21.625 [FXGL Background Thread 1 ] DEBUG GameWorld            - Game world initialized
19:55:21.704 [FXGL Background Thread 1 ] DEBUG PhysicsWorld         - Physics world initialized: appHeight=704, physics.ppm=50.0
19:55:21.705 [FXGL Background Thread 1 ] DEBUG PhysicsWorld         - Using strategy: BRUTE_FORCE
19:55:21.708 [FXGL Background Thread 1 ] DEBUG GameScene            - Game scene initialized: 704x704
19:55:21.775 [FXGL Background Thread 1 ] DEBUG GameApplicationServi - Application scenes initialized
19:55:21.786 [FXGL Background Thread 1 ] DEBUG SystemBundleService  - Loading FXGL system data
19:55:21.794 [FXGL Background Thread 1 ] DEBUG FileSystemAccess     - Reading from: D:\Code\ProjectJavaFX\bombermanTu\Bomber\system\fxgl.bundle
19:55:21.802 [FXGL Background Thread 1 ] DEBUG SystemBundleService  - Bundle FXGL: {}
19:55:21.802 [FXGL Background Thread 1 ] DEBUG UpdaterService       - Checking for updates
19:55:21.810 [FXGL Background Thread 1 ] DEBUG FXGLApplication      - Loading default localization
19:55:21.811 [FXGL Background Thread 4 ] DEBUG FXGLApplication      - Loading fonts
19:55:21.811 [FXGL Background Thread 4 ] DEBUG FXGLAssetLoaderServi - Loading from file system: file:/D:/Code/ProjectJavaFX/bombermanTu/Bomber/target/classes/assets/ui/fonts/Quinquefive-Ea6d4.ttf
19:55:21.811 [FXGL Background Thread 1 ] DEBUG FXGLAssetLoaderServi - Loading from file system: jar:file:/C:/Users/thinh/.m2/repository/com/github/almasb/fxgl/11.17/fxgl-11.17.jar!/fxglassets/languages/english.lang
19:55:21.831 [FXGL Background Thread 1 ] INFO  FXGLApplication      - FXGL initialization took: 0.391 sec
19:55:21.845 [JavaFX Application Thread] DEBUG Input                - Registered new binding: Move Up - W
19:55:21.845 [JavaFX Application Thread] DEBUG Input                - Registered new binding: Move Down - S
19:55:21.845 [JavaFX Application Thread] DEBUG Input                - Registered new binding: Move Left - A
19:55:21.846 [JavaFX Application Thread] DEBUG Input                - Registered new binding: Move Right - D
19:55:21.846 [JavaFX Application Thread] DEBUG Input                - Registered new binding: Place Bomb - Space
19:55:21.846 [JavaFX Application Thread] DEBUG FXGLAssetLoaderServi - Loading from file system: file:/D:/Code/ProjectJavaFX/bombermanTu/Bomber/target/classes/assets/music/title_screen.mp3
19:55:21.902 [FXGL Background Thread 4 ] DEBUG FXGLAssetLoaderServi - Loading from file system: jar:file:/C:/Users/thinh/.m2/repository/com/github/almasb/fxgl/11.17/fxgl-11.17.jar!/fxglassets/ui/fonts/Abel-Regular.ttf
19:55:21.918 [FXGL Background Thread 4 ] DEBUG FXGLAssetLoaderServi - Loading from file system: jar:file:/C:/Users/thinh/.m2/repository/com/github/almasb/fxgl/11.17/fxgl-11.17.jar!/fxglassets/ui/fonts/lucida_console.ttf
19:55:21.934 [FXGL Background Thread 4 ] DEBUG FXGLAssetLoaderServi - Loading from file system: jar:file:/C:/Users/thinh/.m2/repository/com/github/almasb/fxgl/11.17/fxgl-11.17.jar!/fxglassets/ui/fonts/Courier-Prime.ttf
19:55:21.997 [JavaFX Application Thread] DEBUG AudioPlayer          - Playing music com.almasb.fxgl.audio.Music@2ece36ed
19:55:21.997 [JavaFX Application Thread] DEBUG FXGLAssetLoaderServi - Loading from file system: jar:file:/C:/Users/thinh/.m2/repository/com/github/almasb/fxgl/11.17/fxgl-11.17.jar!/fxglassets/textures/fxgl_icon.png
19:55:22.019 [JavaFX Application Thread] DEBUG FXGLAssetLoaderServi - Loading from file system: jar:file:/C:/Users/thinh/.m2/repository/com/github/almasb/fxgl/11.17/fxgl-11.17.jar!/fxglassets/textures/fxgl_default_cursor.png
19:55:22.021 [JavaFX Application Thread] DEBUG Input                - Registered new binding: Screenshot - CTRL+8
19:55:22.022 [JavaFX Application Thread] DEBUG Input                - Registered new binding: System info dump - CTRL+9
19:55:22.022 [JavaFX Application Thread] DEBUG Input                - Registered new binding: Restart - CTRL+R
19:55:22.022 [JavaFX Application Thread] DEBUG Input                - Registered new binding: Toggle Debug Camera - CTRL+C
19:55:22.024 [JavaFX Application Thread] DEBUG LoopRunner           - Starting loop
19:55:22.024 [JavaFX Application Thread] DEBUG LoopRunner           - Initializing JavaFX AnimationTimerLoop
19:55:22.026 [JavaFX Application Thread] DEBUG Input                - Clearing active input actions
19:55:22.033 [JavaFX Application Thread] DEBUG GameApplicationServi - Removing overlay from FXGLStartupScene and adding to FXGLMainMenuDummyScene
19:55:22.033 [JavaFX Application Thread] DEBUG PrimaryStageWindow   - FXGLStartupScene -> FXGLMainMenuDummyScene
19:55:22.033 [JavaFX Application Thread] DEBUG PrimaryStageWindow   - Push state: BombermanMenu
19:55:22.033 [JavaFX Application Thread] DEBUG Input                - Clearing active input actions
19:55:22.037 [JavaFX Application Thread] DEBUG GameApplicationServi - Removing overlay from FXGLMainMenuDummyScene and adding to BombermanMenu
19:55:22.038 [JavaFX Application Thread] DEBUG PrimaryStageWindow   - FXGLMainMenuDummyScene -> BombermanMenu
19:55:22.038 [JavaFX Application Thread] DEBUG FXGLApplication      - Registering font factories with UI factory
19:55:24.252 [JavaFX Application Thread] DEBUG Menu                 - fireNewGame()
19:55:24.252 [JavaFX Application Thread] DEBUG GameApplicationServi - Starting new game
19:55:24.252 [JavaFX Application Thread] DEBUG PrimaryStageWindow   - Pop state: BombermanMenu
19:55:24.253 [JavaFX Application Thread] DEBUG Input                - Clearing active input actions
19:55:24.253 [JavaFX Application Thread] DEBUG GameApplicationServi - Removing overlay from BombermanMenu and adding to FXGLMainMenuDummyScene
19:55:24.253 [JavaFX Application Thread] DEBUG PrimaryStageWindow   - FXGLMainMenuDummyScene <- BombermanMenu
19:55:24.253 [JavaFX Application Thread] DEBUG Input                - Clearing active input actions
19:55:24.260 [JavaFX Application Thread] DEBUG GameApplicationServi - Removing overlay from FXGLMainMenuDummyScene and adding to FXGLLoadingScene
19:55:24.260 [JavaFX Application Thread] DEBUG PrimaryStageWindow   - FXGLMainMenuDummyScene -> FXGLLoadingScene
19:55:24.260 [JavaFX Application Thread] DEBUG GameApplicationServi - Clearing previous game
19:55:24.260 [JavaFX Application Thread] DEBUG GameScene            - Clearing game scene
19:55:24.260 [JavaFX Application Thread] DEBUG GameWorld            - Clearing game world
19:55:24.260 [JavaFX Application Thread] DEBUG PhysicsWorld         - Clearing physics world
19:55:24.263 [FXGL Background Thread 2 ] DEBUG FXGLApplication      - Initializing game
19:55:24.318 [FXGL Background Thread 2 ] WARN  TMXLevelLoader       - TiledMap generated from 1.7.2. Supported version: 1.2.3. Some features may not be parsed fully.
19:55:24.330 [FXGL Background Thread 2 ] DEBUG TMXLevelLoader       - Parsed TiledMap: file:/D:/Code/ProjectJavaFX/bombermanTu/Bomber/target/classes/assets/levels/level1.tmx
19:55:24.331 [FXGL Background Thread 2 ] DEBUG TMXLevelLoader       - Creating tile layer entities
19:55:24.333 [FXGL Background Thread 2 ] DEBUG TilesetLoader        - Loading view for layer Tile Layer 1
19:55:24.335 [FXGL Background Thread 2 ] DEBUG TilesetLoader        - Created buffer with size 1280.0x704.0
19:55:24.474 [FXGL Background Thread 2 ] DEBUG TMXLevelLoader       - Creating object layer entities
19:55:24.481 [FXGL Background Thread 2 ] DEBUG FXGLAssetLoaderServi - Loading from file system: file:/D:/Code/ProjectJavaFX/bombermanTu/Bomber/target/classes/assets/textures/powerup_bombs.png
19:55:24.486 [FXGL Background Thread 2 ] DEBUG FXGLAssetLoaderServi - Loading from file system: file:/D:/Code/ProjectJavaFX/bombermanTu/Bomber/target/classes/assets/textures/powerup_flames.png
19:55:24.487 [FXGL Background Thread 2 ] DEBUG FXGLAssetLoaderServi - Loading from file system: file:/D:/Code/ProjectJavaFX/bombermanTu/Bomber/target/classes/assets/textures/powerup_speed.png
19:55:24.488 [FXGL Background Thread 2 ] DEBUG FXGLAssetLoaderServi - Loading from file system: file:/D:/Code/ProjectJavaFX/bombermanTu/Bomber/target/classes/assets/textures/powerup_flamepass.png
19:55:24.490 [FXGL Background Thread 2 ] DEBUG FXGLAssetLoaderServi - Loading from file system: file:/D:/Code/ProjectJavaFX/bombermanTu/Bomber/target/classes/assets/textures/portal.png
19:55:24.495 [FXGL Background Thread 2 ] DEBUG FXGLAssetLoaderServi - Loading from file system: file:/D:/Code/ProjectJavaFX/bombermanTu/Bomber/target/classes/assets/textures/player_die.png
19:55:24.499 [FXGL Background Thread 2 ] DEBUG FXGLAssetLoaderServi - Loading from file system: file:/D:/Code/ProjectJavaFX/bombermanTu/Bomber/target/classes/assets/textures/player_down.png
19:55:24.500 [FXGL Background Thread 2 ] DEBUG FXGLAssetLoaderServi - Loading from file system: file:/D:/Code/ProjectJavaFX/bombermanTu/Bomber/target/classes/assets/textures/player_right.png
19:55:24.501 [FXGL Background Thread 2 ] DEBUG FXGLAssetLoaderServi - Loading from file system: file:/D:/Code/ProjectJavaFX/bombermanTu/Bomber/target/classes/assets/textures/player_up.png
19:55:24.502 [FXGL Background Thread 2 ] DEBUG FXGLAssetLoaderServi - Loading from file system: file:/D:/Code/ProjectJavaFX/bombermanTu/Bomber/target/classes/assets/textures/player_left.png
19:55:24.506 [FXGL Background Thread 2 ] WARN  Entity               - Entity already has component: com.almasb.fxgl.physics.PhysicsComponent
19:55:24.508 [FXGL Background Thread 2 ] DEBUG FXGLAssetLoaderServi - Loading from file system: file:/D:/Code/ProjectJavaFX/bombermanTu/Bomber/target/classes/assets/textures/brick.png
19:55:24.540 [FXGL Background Thread 2 ] DEBUG GameWorld            - Clearing removable entities
19:55:24.541 [FXGL Background Thread 2 ] DEBUG GameWorld            - Setting level: com.almasb.fxgl.entity.level.Level@2e56c6c
19:55:24.564 [FXGL Background Thread 2 ] INFO  FXGLApplication      - Game initialization took: 0.301 sec
19:55:24.564 [JavaFX Application Thread] DEBUG Input                - Clearing active input actions
19:55:24.576 [JavaFX Application Thread] DEBUG GameApplicationServi - Removing overlay from FXGLLoadingScene and adding to GameScene
19:55:24.576 [JavaFX Application Thread] DEBUG PrimaryStageWindow   - FXGLLoadingScene -> GameScene
19:55:24.808 [FXGL Background Thread 3 ] DEBUG Engine               - Logging environment variables
19:55:24.808 [FXGL Background Thread 3 ] DEBUG Engine               - achievements: []
19:55:24.808 [FXGL Background Thread 3 ] DEBUG Engine               - actualHeight: 704.0
19:55:24.808 [FXGL Background Thread 3 ] DEBUG Engine               - actualHeightProperty: ReadOnlyDoubleProperty [value: 704.0]
19:55:24.808 [FXGL Background Thread 3 ] DEBUG Engine               - actualWidth: 704.0
19:55:24.808 [FXGL Background Thread 3 ] DEBUG Engine               - actualWidthProperty: ReadOnlyDoubleProperty [value: 704.0]
19:55:24.809 [FXGL Background Thread 3 ] DEBUG Engine               - appIcon: fxgl_icon.png
19:55:24.809 [FXGL Background Thread 3 ] DEBUG Engine               - applicationMode: DEVELOPER
19:55:24.809 [FXGL Background Thread 3 ] DEBUG Engine               - cSSList: [fxgl_dark.css]
19:55:24.809 [FXGL Background Thread 3 ] DEBUG Engine               - collisionDetectionStrategy: BRUTE_FORCE
19:55:24.809 [FXGL Background Thread 3 ] DEBUG Engine               - configClass: Optional.empty
19:55:24.809 [FXGL Background Thread 3 ] DEBUG Engine               - credits: []
19:55:24.809 [FXGL Background Thread 3 ] DEBUG Engine               - defaultCursor: CursorInfo(imageName=fxgl_default_cursor.png, hotspotX=7.0, hotspotY=6.0)
19:55:24.809 [FXGL Background Thread 3 ] DEBUG Engine               - devBBoxColorProperty: ObjectProperty [value: 0xff0000ff]
19:55:24.809 [FXGL Background Thread 3 ] DEBUG Engine               - devEnableDebugCameraProperty: BooleanProperty [value: false]
19:55:24.809 [FXGL Background Thread 3 ] DEBUG Engine               - devSensorColorProperty: ObjectProperty [value: 0xffff00ff]
19:55:24.809 [FXGL Background Thread 3 ] DEBUG Engine               - devShowBBoxProperty: BooleanProperty [value: false]
19:55:24.809 [FXGL Background Thread 3 ] DEBUG Engine               - devShowPositionProperty: BooleanProperty [value: false]
19:55:24.810 [FXGL Background Thread 3 ] DEBUG Engine               - enabledMenuItems: []
19:55:24.810 [FXGL Background Thread 3 ] DEBUG Engine               - engineServices: [class com.almasb.fxgl.app.services.FXGLAssetLoaderService, class com.almasb.fxgl.app.FXGLApplication$GameApplicationService, class com.almasb.fxgl.app.services.FXGLDialogService, class com.almasb.fxgl.app.services.IOTaskExecutorService, class com.almasb.fxgl.io.FileSystemService, class com.almasb.fxgl.localization.LocalizationService, class com.almasb.fxgl.app.services.SystemBundleService, class com.almasb.fxgl.profile.SaveLoadService, class com.almasb.fxgl.ui.FXGLUIFactoryServiceProvider, class com.almasb.fxgl.ui.FXGLDialogFactoryServiceProvider, class com.almasb.fxgl.audio.AudioPlayer, class com.almasb.fxgl.notification.impl.NotificationServiceProvider, class com.almasb.fxgl.achievement.AchievementService, class com.almasb.fxgl.cutscene.CutsceneService, class com.almasb.fxgl.minigames.MiniGameService, class com.almasb.fxgl.net.NetService, class com.almasb.fxgl.app.services.UpdaterService, class com.almasb.fxgl.dev.DevService]
19:55:24.810 [FXGL Background Thread 3 ] DEBUG Engine               - fontGame: Abel-Regular.ttf
19:55:24.810 [FXGL Background Thread 3 ] DEBUG Engine               - fontMono: lucida_console.ttf
19:55:24.810 [FXGL Background Thread 3 ] DEBUG Engine               - fontText: Courier-Prime.ttf
19:55:24.810 [FXGL Background Thread 3 ] DEBUG Engine               - fontUI: Quinquefive-Ea6d4.ttf
19:55:24.810 [FXGL Background Thread 3 ] DEBUG Engine               - fullScreen: BooleanProperty [value: false]
19:55:24.810 [FXGL Background Thread 3 ] DEBUG Engine               - gameDifficulty: MEDIUM
19:55:24.810 [FXGL Background Thread 3 ] DEBUG Engine               - gameDifficultyProperty: ObjectProperty [value: MEDIUM]
19:55:24.810 [FXGL Background Thread 3 ] DEBUG Engine               - globalMusicVolume: 0.5
19:55:24.810 [FXGL Background Thread 3 ] DEBUG Engine               - globalMusicVolumeProperty: DoubleProperty [value: 0.5]
19:55:24.811 [FXGL Background Thread 3 ] DEBUG Engine               - globalSoundVolume: 0.5
19:55:24.811 [FXGL Background Thread 3 ] DEBUG Engine               - globalSoundVolumeProperty: DoubleProperty [value: 0.2]
19:55:24.811 [FXGL Background Thread 3 ] DEBUG Engine               - height: 704
19:55:24.811 [FXGL Background Thread 3 ] DEBUG Engine               - is3D: false
19:55:24.811 [FXGL Background Thread 3 ] DEBUG Engine               - isAndroid: false
19:55:24.811 [FXGL Background Thread 3 ] DEBUG Engine               - isBrowser: false
19:55:24.811 [FXGL Background Thread 3 ] DEBUG Engine               - isClickFeedbackEnabled: false
19:55:24.811 [FXGL Background Thread 3 ] DEBUG Engine               - isCloseConfirmation: false
19:55:24.811 [FXGL Background Thread 3 ] DEBUG Engine               - isDesktop: true
19:55:24.811 [FXGL Background Thread 3 ] DEBUG Engine               - isDeveloperMenuEnabled: false
19:55:24.811 [FXGL Background Thread 3 ] DEBUG Engine               - isEntityPreloadEnabled: true
19:55:24.811 [FXGL Background Thread 3 ] DEBUG Engine               - isExperimentalTiledLargeMap: false
19:55:24.811 [FXGL Background Thread 3 ] DEBUG Engine               - isFileSystemWriteAllowed: true
19:55:24.812 [FXGL Background Thread 3 ] DEBUG Engine               - isFullScreenAllowed: false
19:55:24.812 [FXGL Background Thread 3 ] DEBUG Engine               - isFullScreenFromStart: false
19:55:24.812 [FXGL Background Thread 3 ] DEBUG Engine               - isGameMenuEnabled: true
19:55:24.812 [FXGL Background Thread 3 ] DEBUG Engine               - isIOS: false
19:55:24.812 [FXGL Background Thread 3 ] DEBUG Engine               - isIntroEnabled: false
19:55:24.812 [FXGL Background Thread 3 ] DEBUG Engine               - isLinux: false
19:55:24.812 [FXGL Background Thread 3 ] DEBUG Engine               - isMac: false
19:55:24.812 [FXGL Background Thread 3 ] DEBUG Engine               - isMainMenuEnabled: true
19:55:24.812 [FXGL Background Thread 3 ] DEBUG Engine               - isManualResizeEnabled: false
19:55:24.812 [FXGL Background Thread 3 ] DEBUG Engine               - isMobile: false
19:55:24.812 [FXGL Background Thread 3 ] DEBUG Engine               - isNative: false
19:55:24.812 [FXGL Background Thread 3 ] DEBUG Engine               - isPauseMusicWhenMinimized: true
19:55:24.812 [FXGL Background Thread 3 ] DEBUG Engine               - isPreserveResizeRatio: false
19:55:24.813 [FXGL Background Thread 3 ] DEBUG Engine               - isProfilingEnabled: false
19:55:24.813 [FXGL Background Thread 3 ] DEBUG Engine               - isScaleAffectedOnResize: true
19:55:24.813 [FXGL Background Thread 3 ] DEBUG Engine               - isSingleStep: false
19:55:24.813 [FXGL Background Thread 3 ] DEBUG Engine               - isUserProfileEnabled: false
19:55:24.813 [FXGL Background Thread 3 ] DEBUG Engine               - isWindows: true
19:55:24.813 [FXGL Background Thread 3 ] DEBUG Engine               - language: ObjectProperty [value: ENGLISH]
19:55:24.813 [FXGL Background Thread 3 ] DEBUG Engine               - menuKey: ESCAPE
19:55:24.813 [FXGL Background Thread 3 ] DEBUG Engine               - mouseSensitivity: 0.2
19:55:24.813 [FXGL Background Thread 3 ] DEBUG Engine               - notificationViewClass: class com.almasb.fxgl.notification.view.XboxNotificationView
19:55:24.813 [FXGL Background Thread 3 ] DEBUG Engine               - pixelsPerMeter: 50.0
19:55:24.813 [FXGL Background Thread 3 ] DEBUG Engine               - platform: WINDOWS
19:55:24.813 [FXGL Background Thread 3 ] DEBUG Engine               - prefHeightProperty: ReadOnlyDoubleProperty [value: 704.0]
19:55:24.813 [FXGL Background Thread 3 ] DEBUG Engine               - prefWidthProperty: ReadOnlyDoubleProperty [value: 704.0]
19:55:24.814 [FXGL Background Thread 3 ] DEBUG Engine               - profileDir: profiles/
19:55:24.814 [FXGL Background Thread 3 ] DEBUG Engine               - profileName: StringProperty [value: DEFAULT]
19:55:24.814 [FXGL Background Thread 3 ] DEBUG Engine               - randomSeed: -1
19:55:24.814 [FXGL Background Thread 3 ] DEBUG Engine               - runtimeInfo: RuntimeInfo(platform=WINDOWS, version=11.17, build=16.07.2021 15.46)
19:55:24.814 [FXGL Background Thread 3 ] DEBUG Engine               - saveFileExt: sav
19:55:24.814 [FXGL Background Thread 3 ] DEBUG Engine               - scaledHeightProp$fxgl: DoubleProperty [bound, value: 704.0]
19:55:24.814 [FXGL Background Thread 3 ] DEBUG Engine               - scaledWidthProp$fxgl: DoubleProperty [bound, value: 704.0]
19:55:24.814 [FXGL Background Thread 3 ] DEBUG Engine               - sceneFactory: Bomber.BombermanApp$1@143b72a5
19:55:24.814 [FXGL Background Thread 3 ] DEBUG Engine               - secondsIn24h: 60
19:55:24.814 [FXGL Background Thread 3 ] DEBUG Engine               - soundMenuBack: menu/back.wav
19:55:24.814 [FXGL Background Thread 3 ] DEBUG Engine               - soundMenuPress: menu/press.wav
19:55:24.814 [FXGL Background Thread 3 ] DEBUG Engine               - soundMenuSelect: menu/select.wav
19:55:24.815 [FXGL Background Thread 3 ] DEBUG Engine               - soundNotification: core/notification.wav
19:55:24.815 [FXGL Background Thread 3 ] DEBUG Engine               - stageStyle: DECORATED
19:55:24.815 [FXGL Background Thread 3 ] DEBUG Engine               - supportedLanguages: [ENGLISH, FRENCH, GERMAN, HUNGARIAN, RUSSIAN]
19:55:24.815 [FXGL Background Thread 3 ] DEBUG Engine               - ticksPerSecond: -1
19:55:24.815 [FXGL Background Thread 3 ] DEBUG Engine               - title: BOMBERMAN
19:55:24.815 [FXGL Background Thread 3 ] DEBUG Engine               - urlGithub: https://github.com/AlmasB/FXGL
19:55:24.815 [FXGL Background Thread 3 ] DEBUG Engine               - urlLeaderboard: http://fxgl-top.herokuapp.com/
19:55:24.815 [FXGL Background Thread 3 ] DEBUG Engine               - urlPOM: https://raw.githubusercontent.com/AlmasB/FXGL/release/README.md
19:55:24.815 [FXGL Background Thread 3 ] DEBUG Engine               - userAppClass: class Bomber.BombermanApp
19:55:24.815 [FXGL Background Thread 3 ] DEBUG Engine               - version: 1.0
19:55:24.815 [FXGL Background Thread 3 ] DEBUG Engine               - versionCheckDays: 7
19:55:24.815 [FXGL Background Thread 3 ] DEBUG Engine               - width: 704
19:55:24.815 [FXGL Background Thread 3 ] DEBUG Engine               - Logging services
19:55:24.815 [FXGL Background Thread 3 ] DEBUG Engine               - class com.almasb.fxgl.app.services.FXGLAssetLoaderService
19:55:24.815 [FXGL Background Thread 3 ] DEBUG Engine               - class com.almasb.fxgl.app.FXGLApplication$GameApplicationService
19:55:24.815 [FXGL Background Thread 3 ] DEBUG Engine               - class com.almasb.fxgl.app.services.FXGLDialogService
19:55:24.815 [FXGL Background Thread 3 ] DEBUG Engine               - class com.almasb.fxgl.app.services.IOTaskExecutorService
19:55:24.816 [FXGL Background Thread 3 ] DEBUG Engine               - class com.almasb.fxgl.io.FileSystemService
19:55:24.816 [FXGL Background Thread 3 ] DEBUG Engine               - class com.almasb.fxgl.localization.LocalizationService
19:55:24.816 [FXGL Background Thread 3 ] DEBUG Engine               - class com.almasb.fxgl.app.services.SystemBundleService
19:55:24.816 [FXGL Background Thread 3 ] DEBUG Engine               - class com.almasb.fxgl.profile.SaveLoadService
19:55:24.816 [FXGL Background Thread 3 ] DEBUG Engine               - class com.almasb.fxgl.ui.FXGLUIFactoryServiceProvider
19:55:24.816 [FXGL Background Thread 3 ] DEBUG Engine               - class com.almasb.fxgl.ui.FXGLDialogFactoryServiceProvider
19:55:24.816 [FXGL Background Thread 3 ] DEBUG Engine               - class com.almasb.fxgl.audio.AudioPlayer
19:55:24.816 [FXGL Background Thread 3 ] DEBUG Engine               - class com.almasb.fxgl.notification.impl.NotificationServiceProvider
19:55:24.816 [FXGL Background Thread 3 ] DEBUG Engine               - class com.almasb.fxgl.achievement.AchievementService
19:55:24.816 [FXGL Background Thread 3 ] DEBUG Engine               - class com.almasb.fxgl.cutscene.CutsceneService
19:55:24.816 [FXGL Background Thread 3 ] DEBUG Engine               - class com.almasb.fxgl.minigames.MiniGameService
19:55:24.816 [FXGL Background Thread 3 ] DEBUG Engine               - class com.almasb.fxgl.net.NetService
19:55:24.816 [FXGL Background Thread 3 ] DEBUG Engine               - class com.almasb.fxgl.app.services.UpdaterService
19:55:24.816 [FXGL Background Thread 3 ] DEBUG Engine               - class com.almasb.fxgl.dev.DevService
19:55:25.476 [JavaFX Application Thread] DEBUG FXGLAssetLoaderServi - Loading from file system: file:/D:/Code/ProjectJavaFX/bombermanTu/Bomber/target/classes/assets/textures/bomb_ani.png
19:55:27.768 [JavaFX Application Thread] DEBUG FXGLAssetLoaderServi - Loading from file system: file:/D:/Code/ProjectJavaFX/bombermanTu/Bomber/target/classes/assets/textures/bomb_exploded_1.png
19:55:27.776 [JavaFX Application Thread] DEBUG FXGLAssetLoaderServi - Loading from file system: file:/D:/Code/ProjectJavaFX/bombermanTu/Bomber/target/classes/assets/textures/brick_break.png
19:56:32.237 [JavaFX Application Thread] DEBUG FXGLApplication      - Exiting FXGL
19:56:32.237 [JavaFX Application Thread] DEBUG LoopRunner           - Stopping loop
19:56:32.237 [JavaFX Application Thread] DEBUG SystemBundleService  - Saving FXGL system data
19:56:32.239 [JavaFX Application Thread] DEBUG FileSystemAccess     - Writing to: D:\Code\ProjectJavaFX\bombermanTu\Bomber\system\fxgl.bundle
19:56:32.240 [JavaFX Application Thread] DEBUG Async                - Shutting down background threads
19:56:32.240 [JavaFX Application Thread] DEBUG PrimaryStageWindow   - Closing main window
19:56:32.249 [JavaFX Application Thread] DEBUG Logger               - Closing Logger
