13:22:28.133 [main                     ] DEBUG Logger               - Configured Logger
13:22:28.133 [main                     ] DEBUG GameApplication      - Logging settings
Title: Bomberman
Version: 0.0
Width: 704
Height: 704
Fullscreen: false
Intro: false
Profiling: false
Single step:false
App Mode: DEVELOPER
Menu Key: ESCAPE
Stage Style: DECORATED
Scene Factory: class com.almasb.fxgl.app.scene.SceneFactory

13:22:28.497 [JavaFX Application Thread] DEBUG FXGLApplication      - Initializing FXGL
13:22:28.500 [JavaFX Application Thread] INFO  Engine               - FXGL-11.17 (16.07.2021 15.46) on WINDOWS (J:17.0.1 FX:16)
13:22:28.500 [JavaFX Application Thread] DEBUG Engine               - JRE Vendor Name: Oracle Corporation
13:22:28.500 [JavaFX Application Thread] DEBUG Engine               - Running on OS: Windows 10 version 10.0
13:22:28.500 [JavaFX Application Thread] DEBUG Engine               - Architecture: amd64
13:22:28.500 [JavaFX Application Thread] INFO  Engine               - Source code and latest versions at: https://github.com/AlmasB/FXGL
13:22:28.500 [JavaFX Application Thread] INFO  Engine               -              Join the FXGL chat at: https://gitter.im/AlmasB/FXGL
13:22:28.605 [JavaFX Application Thread] DEBUG PrimaryStageWindow   - Creating a JavaFX scene
13:22:28.641 [JavaFX Application Thread] DEBUG PrimaryStageWindow   - Target settings size: 704.0 x 704.0
13:22:28.641 [JavaFX Application Thread] DEBUG PrimaryStageWindow   - Scaled scene size:    704.0 x 704.0
13:22:28.641 [JavaFX Application Thread] DEBUG PrimaryStageWindow   - Scaled ratio: (1.0, 1.0)
13:22:28.642 [JavaFX Application Thread] DEBUG PrimaryStageWindow   - Set initial scene to FXGLStartupScene
13:22:28.648 [JavaFX Application Thread] DEBUG PrimaryStageWindow   - Opening main window
13:22:28.736 [JavaFX Application Thread] DEBUG PrimaryStageWindow   - Window border size: (14.4000244140625, 37.5999755859375)
13:22:28.736 [JavaFX Application Thread] DEBUG PrimaryStageWindow   - Scaled size: 704.0 x 704.0
13:22:28.737 [JavaFX Application Thread] DEBUG PrimaryStageWindow   - Scaled ratio: (1.0, 1.0)
13:22:28.737 [JavaFX Application Thread] DEBUG PrimaryStageWindow   - Scene size: 704.0 x 704.0
13:22:28.737 [JavaFX Application Thread] DEBUG PrimaryStageWindow   - Stage size: 718.4000244140625 x 741.5999755859375
13:22:28.744 [FXGL Background Thread 1 ] DEBUG Engine               - Initializing environment variables
13:22:28.819 [FXGL Background Thread 1 ] DEBUG FXGLAssetLoaderServi - User app class for loading assets: class Bomber.BombermanApp
13:22:28.819 [FXGL Background Thread 1 ] DEBUG GameApplicationServi - Applying CSS: fxgl_dark.css
13:22:28.820 [FXGL Background Thread 1 ] DEBUG FXGLAssetLoaderServi - Loading from file system: jar:file:/C:/Users/thinh/.m2/repository/com/github/almasb/fxgl/11.17/fxgl-11.17.jar!/fxglassets/ui/css/fxgl_dark.css
13:22:28.876 [FXGL Background Thread 1 ] DEBUG GameApplicationServi - Initializing application scenes
13:22:28.926 [FXGL Background Thread 1 ] DEBUG GameWorld            - Game world initialized
13:22:29.009 [FXGL Background Thread 1 ] DEBUG PhysicsWorld         - Physics world initialized: appHeight=704, physics.ppm=50.0
13:22:29.010 [FXGL Background Thread 1 ] DEBUG PhysicsWorld         - Using strategy: BRUTE_FORCE
13:22:29.014 [FXGL Background Thread 1 ] DEBUG GameScene            - Game scene initialized: 704x704
13:22:29.036 [FXGL Background Thread 1 ] WARN  FXGL.DefaultMenu     - FXGLDefaultMenu is not designed for resolutions < 800x600
13:22:29.036 [FXGL Background Thread 1 ] DEBUG FXGL.DefaultMenu     - createMenuBodyGameMenu()
13:22:29.055 [FXGL Background Thread 1 ] DEBUG FXGL.DefaultMenu     - createOptionsMenu()
13:22:29.067 [FXGL Background Thread 1 ] DEBUG FXGLAssetLoaderServi - Loading from file system: jar:file:/C:/Users/thinh/.m2/repository/com/github/almasb/fxgl/11.17/fxgl-11.17.jar!/fxglassets/textures/particles/smoke.png
13:22:29.207 [FXGL Background Thread 1 ] DEBUG FXGLAssetLoaderServi - Loading from file system: jar:file:/C:/Users/thinh/.m2/repository/com/github/almasb/fxgl/11.17/fxgl-11.17.jar!/fxglassets/textures/particles/trace_horizontal.png
13:22:29.235 [FXGL Background Thread 1 ] DEBUG GameApplicationServi - Application scenes initialized
13:22:29.245 [FXGL Background Thread 1 ] DEBUG SystemBundleService  - Loading FXGL system data
13:22:29.251 [FXGL Background Thread 1 ] DEBUG FileSystemAccess     - Reading from: D:\Code\ProjectJavaFX\bombermanTu\Bomber\system\fxgl.bundle
13:22:29.255 [FXGL Background Thread 1 ] DEBUG SystemBundleService  - Bundle FXGL: {}
13:22:29.255 [FXGL Background Thread 1 ] DEBUG UpdaterService       - Checking for updates
13:22:29.258 [FXGL Background Thread 4 ] DEBUG FXGLApplication      - Loading fonts
13:22:29.259 [FXGL Background Thread 4 ] DEBUG FXGLAssetLoaderServi - Loading from file system: jar:file:/C:/Users/thinh/.m2/repository/com/github/almasb/fxgl/11.17/fxgl-11.17.jar!/fxglassets/ui/fonts/VarelaRound-Regular.ttf
13:22:29.259 [FXGL Background Thread 1 ] DEBUG FXGLApplication      - Loading default localization
13:22:29.259 [FXGL Background Thread 1 ] DEBUG FXGLAssetLoaderServi - Loading from file system: jar:file:/C:/Users/thinh/.m2/repository/com/github/almasb/fxgl/11.17/fxgl-11.17.jar!/fxglassets/languages/english.lang
13:22:29.274 [FXGL Background Thread 1 ] INFO  FXGLApplication      - FXGL initialization took: 0.529 sec
13:22:29.284 [JavaFX Application Thread] DEBUG Input                - Registered new binding: Move Up - W
13:22:29.285 [JavaFX Application Thread] DEBUG Input                - Registered new binding: Move Down - S
13:22:29.285 [JavaFX Application Thread] DEBUG Input                - Registered new binding: Move Left - A
13:22:29.285 [JavaFX Application Thread] DEBUG Input                - Registered new binding: Move Right - D
13:22:29.285 [JavaFX Application Thread] DEBUG Input                - Registered new binding: Place Bomb - Space
13:22:29.285 [JavaFX Application Thread] DEBUG FXGLAssetLoaderServi - Loading from file system: jar:file:/C:/Users/thinh/.m2/repository/com/github/almasb/fxgl/11.17/fxgl-11.17.jar!/fxglassets/textures/fxgl_icon.png
13:22:29.320 [JavaFX Application Thread] DEBUG FXGLAssetLoaderServi - Loading from file system: jar:file:/C:/Users/thinh/.m2/repository/com/github/almasb/fxgl/11.17/fxgl-11.17.jar!/fxglassets/textures/fxgl_default_cursor.png
13:22:29.323 [JavaFX Application Thread] DEBUG Input                - Registered new binding: Screenshot - CTRL+8
13:22:29.324 [JavaFX Application Thread] DEBUG Input                - Registered new binding: System info dump - CTRL+9
13:22:29.324 [JavaFX Application Thread] DEBUG Input                - Registered new binding: Restart - CTRL+R
13:22:29.325 [JavaFX Application Thread] DEBUG Input                - Registered new binding: Toggle Debug Camera - CTRL+C
13:22:29.329 [JavaFX Application Thread] DEBUG LoopRunner           - Starting loop
13:22:29.329 [JavaFX Application Thread] DEBUG LoopRunner           - Initializing JavaFX AnimationTimerLoop
13:22:29.331 [JavaFX Application Thread] DEBUG GameApplicationServi - Starting new game
13:22:29.332 [JavaFX Application Thread] DEBUG Input                - Clearing active input actions
13:22:29.340 [FXGL Background Thread 4 ] DEBUG FXGLAssetLoaderServi - Loading from file system: jar:file:/C:/Users/thinh/.m2/repository/com/github/almasb/fxgl/11.17/fxgl-11.17.jar!/fxglassets/ui/fonts/Abel-Regular.ttf
13:22:29.342 [JavaFX Application Thread] DEBUG GameApplicationServi - Removing overlay from FXGLStartupScene and adding to FXGLLoadingScene
13:22:29.343 [JavaFX Application Thread] DEBUG PrimaryStageWindow   - FXGLStartupScene -> FXGLLoadingScene
13:22:29.343 [JavaFX Application Thread] DEBUG GameApplicationServi - Clearing previous game
13:22:29.343 [JavaFX Application Thread] DEBUG GameScene            - Clearing game scene
13:22:29.343 [JavaFX Application Thread] DEBUG GameWorld            - Clearing game world
13:22:29.343 [JavaFX Application Thread] DEBUG PhysicsWorld         - Clearing physics world
13:22:29.346 [FXGL Background Thread 1 ] DEBUG FXGLApplication      - Initializing game
13:22:29.356 [FXGL Background Thread 4 ] DEBUG FXGLAssetLoaderServi - Loading from file system: jar:file:/C:/Users/thinh/.m2/repository/com/github/almasb/fxgl/11.17/fxgl-11.17.jar!/fxglassets/ui/fonts/lucida_console.ttf
13:22:29.376 [FXGL Background Thread 4 ] DEBUG FXGLAssetLoaderServi - Loading from file system: jar:file:/C:/Users/thinh/.m2/repository/com/github/almasb/fxgl/11.17/fxgl-11.17.jar!/fxglassets/ui/fonts/Courier-Prime.ttf
13:22:29.414 [FXGL Background Thread 1 ] WARN  TMXLevelLoader       - TiledMap generated from 1.7.2. Supported version: 1.2.3. Some features may not be parsed fully.
13:22:29.436 [FXGL Background Thread 1 ] DEBUG TMXLevelLoader       - Parsed TiledMap: file:/D:/Code/ProjectJavaFX/bombermanTu/Bomber/target/classes/assets/levels/level1.tmx
13:22:29.438 [FXGL Background Thread 1 ] DEBUG TMXLevelLoader       - Creating tile layer entities
13:22:29.439 [FXGL Background Thread 1 ] DEBUG TilesetLoader        - Loading view for layer Tile Layer 1
13:22:29.442 [FXGL Background Thread 1 ] DEBUG TilesetLoader        - Created buffer with size 1280.0x704.0
13:22:29.474 [JavaFX Application Thread] DEBUG FXGLApplication      - Registering font factories with UI factory
13:22:29.561 [FXGL Background Thread 1 ] DEBUG TMXLevelLoader       - Creating object layer entities
13:22:29.567 [FXGL Background Thread 1 ] DEBUG FXGLAssetLoaderServi - Loading from file system: file:/D:/Code/ProjectJavaFX/bombermanTu/Bomber/target/classes/assets/textures/powerup_bombs.png
13:22:29.572 [FXGL Background Thread 1 ] DEBUG FXGLAssetLoaderServi - Loading from file system: file:/D:/Code/ProjectJavaFX/bombermanTu/Bomber/target/classes/assets/textures/powerup_flames.png
13:22:29.573 [FXGL Background Thread 1 ] DEBUG FXGLAssetLoaderServi - Loading from file system: file:/D:/Code/ProjectJavaFX/bombermanTu/Bomber/target/classes/assets/textures/powerup_speed.png
13:22:29.574 [FXGL Background Thread 1 ] DEBUG FXGLAssetLoaderServi - Loading from file system: file:/D:/Code/ProjectJavaFX/bombermanTu/Bomber/target/classes/assets/textures/powerup_flamepass.png
13:22:29.576 [FXGL Background Thread 1 ] DEBUG FXGLAssetLoaderServi - Loading from file system: file:/D:/Code/ProjectJavaFX/bombermanTu/Bomber/target/classes/assets/textures/portal.png
13:22:29.584 [FXGL Background Thread 1 ] DEBUG FXGLAssetLoaderServi - Loading from file system: file:/D:/Code/ProjectJavaFX/bombermanTu/Bomber/target/classes/assets/textures/player_die.png
13:22:29.586 [FXGL Background Thread 1 ] DEBUG FXGLAssetLoaderServi - Loading from file system: file:/D:/Code/ProjectJavaFX/bombermanTu/Bomber/target/classes/assets/textures/player_down.png
13:22:29.587 [FXGL Background Thread 1 ] DEBUG FXGLAssetLoaderServi - Loading from file system: file:/D:/Code/ProjectJavaFX/bombermanTu/Bomber/target/classes/assets/textures/player_right.png
13:22:29.588 [FXGL Background Thread 1 ] DEBUG FXGLAssetLoaderServi - Loading from file system: file:/D:/Code/ProjectJavaFX/bombermanTu/Bomber/target/classes/assets/textures/player_up.png
13:22:29.589 [FXGL Background Thread 1 ] DEBUG FXGLAssetLoaderServi - Loading from file system: file:/D:/Code/ProjectJavaFX/bombermanTu/Bomber/target/classes/assets/textures/player_left.png
13:22:29.591 [FXGL Background Thread 1 ] WARN  Entity               - Entity already has component: com.almasb.fxgl.physics.PhysicsComponent
13:22:29.593 [FXGL Background Thread 1 ] DEBUG FXGLAssetLoaderServi - Loading from file system: file:/D:/Code/ProjectJavaFX/bombermanTu/Bomber/target/classes/assets/textures/brick.png
13:22:29.617 [FXGL Background Thread 1 ] DEBUG GameWorld            - Clearing removable entities
13:22:29.617 [FXGL Background Thread 1 ] DEBUG GameWorld            - Setting level: com.almasb.fxgl.entity.level.Level@4fa49081
13:22:29.631 [FXGL Background Thread 1 ] INFO  FXGLApplication      - Game initialization took: 0.285 sec
13:22:29.632 [JavaFX Application Thread] DEBUG Input                - Clearing active input actions
13:22:29.642 [JavaFX Application Thread] DEBUG GameApplicationServi - Removing overlay from FXGLLoadingScene and adding to GameScene
13:22:29.643 [JavaFX Application Thread] DEBUG PrimaryStageWindow   - FXGLLoadingScene -> GameScene
13:22:32.259 [FXGL Background Thread 3 ] DEBUG Engine               - Logging environment variables
13:22:32.259 [FXGL Background Thread 3 ] DEBUG Engine               - achievements: []
13:22:32.260 [FXGL Background Thread 3 ] DEBUG Engine               - actualHeight: 704.0
13:22:32.260 [FXGL Background Thread 3 ] DEBUG Engine               - actualHeightProperty: ReadOnlyDoubleProperty [value: 704.0]
13:22:32.260 [FXGL Background Thread 3 ] DEBUG Engine               - actualWidth: 704.0
13:22:32.260 [FXGL Background Thread 3 ] DEBUG Engine               - actualWidthProperty: ReadOnlyDoubleProperty [value: 704.0]
13:22:32.260 [FXGL Background Thread 3 ] DEBUG Engine               - appIcon: fxgl_icon.png
13:22:32.260 [FXGL Background Thread 3 ] DEBUG Engine               - applicationMode: DEVELOPER
13:22:32.260 [FXGL Background Thread 3 ] DEBUG Engine               - cSSList: [fxgl_dark.css]
13:22:32.260 [FXGL Background Thread 3 ] DEBUG Engine               - collisionDetectionStrategy: BRUTE_FORCE
13:22:32.260 [FXGL Background Thread 3 ] DEBUG Engine               - configClass: Optional.empty
13:22:32.260 [FXGL Background Thread 3 ] DEBUG Engine               - credits: []
13:22:32.261 [FXGL Background Thread 3 ] DEBUG Engine               - defaultCursor: CursorInfo(imageName=fxgl_default_cursor.png, hotspotX=7.0, hotspotY=6.0)
13:22:32.261 [FXGL Background Thread 3 ] DEBUG Engine               - devBBoxColorProperty: ObjectProperty [value: 0xff0000ff]
13:22:32.261 [FXGL Background Thread 3 ] DEBUG Engine               - devEnableDebugCameraProperty: BooleanProperty [value: false]
13:22:32.261 [FXGL Background Thread 3 ] DEBUG Engine               - devSensorColorProperty: ObjectProperty [value: 0xffff00ff]
13:22:32.261 [FXGL Background Thread 3 ] DEBUG Engine               - devShowBBoxProperty: BooleanProperty [value: false]
13:22:32.262 [FXGL Background Thread 3 ] DEBUG Engine               - devShowPositionProperty: BooleanProperty [value: false]
13:22:32.262 [FXGL Background Thread 3 ] DEBUG Engine               - enabledMenuItems: []
13:22:32.262 [FXGL Background Thread 3 ] DEBUG Engine               - engineServices: [class com.almasb.fxgl.app.services.FXGLAssetLoaderService, class com.almasb.fxgl.app.FXGLApplication$GameApplicationService, class com.almasb.fxgl.app.services.FXGLDialogService, class com.almasb.fxgl.app.services.IOTaskExecutorService, class com.almasb.fxgl.io.FileSystemService, class com.almasb.fxgl.localization.LocalizationService, class com.almasb.fxgl.app.services.SystemBundleService, class com.almasb.fxgl.profile.SaveLoadService, class com.almasb.fxgl.ui.FXGLUIFactoryServiceProvider, class com.almasb.fxgl.ui.FXGLDialogFactoryServiceProvider, class com.almasb.fxgl.audio.AudioPlayer, class com.almasb.fxgl.notification.impl.NotificationServiceProvider, class com.almasb.fxgl.achievement.AchievementService, class com.almasb.fxgl.cutscene.CutsceneService, class com.almasb.fxgl.minigames.MiniGameService, class com.almasb.fxgl.net.NetService, class com.almasb.fxgl.app.services.UpdaterService, class com.almasb.fxgl.dev.DevService]
13:22:32.262 [FXGL Background Thread 3 ] DEBUG Engine               - fontGame: Abel-Regular.ttf
13:22:32.262 [FXGL Background Thread 3 ] DEBUG Engine               - fontMono: lucida_console.ttf
13:22:32.262 [FXGL Background Thread 3 ] DEBUG Engine               - fontText: Courier-Prime.ttf
13:22:32.262 [FXGL Background Thread 3 ] DEBUG Engine               - fontUI: VarelaRound-Regular.ttf
13:22:32.262 [FXGL Background Thread 3 ] DEBUG Engine               - fullScreen: BooleanProperty [value: false]
13:22:32.262 [FXGL Background Thread 3 ] DEBUG Engine               - gameDifficulty: MEDIUM
13:22:32.262 [FXGL Background Thread 3 ] DEBUG Engine               - gameDifficultyProperty: ObjectProperty [value: MEDIUM]
13:22:32.262 [FXGL Background Thread 3 ] DEBUG Engine               - globalMusicVolume: 0.5
13:22:32.262 [FXGL Background Thread 3 ] DEBUG Engine               - globalMusicVolumeProperty: DoubleProperty [value: 0.5]
13:22:32.262 [FXGL Background Thread 3 ] DEBUG Engine               - globalSoundVolume: 0.5
13:22:32.263 [FXGL Background Thread 3 ] DEBUG Engine               - globalSoundVolumeProperty: DoubleProperty [value: 0.5]
13:22:32.263 [FXGL Background Thread 3 ] DEBUG Engine               - height: 704
13:22:32.263 [FXGL Background Thread 3 ] DEBUG Engine               - is3D: false
13:22:32.263 [FXGL Background Thread 3 ] DEBUG Engine               - isAndroid: false
13:22:32.263 [FXGL Background Thread 3 ] DEBUG Engine               - isBrowser: false
13:22:32.263 [FXGL Background Thread 3 ] DEBUG Engine               - isClickFeedbackEnabled: false
13:22:32.263 [FXGL Background Thread 3 ] DEBUG Engine               - isCloseConfirmation: false
13:22:32.263 [FXGL Background Thread 3 ] DEBUG Engine               - isDesktop: true
13:22:32.263 [FXGL Background Thread 3 ] DEBUG Engine               - isDeveloperMenuEnabled: false
13:22:32.263 [FXGL Background Thread 3 ] DEBUG Engine               - isEntityPreloadEnabled: true
13:22:32.263 [FXGL Background Thread 3 ] DEBUG Engine               - isExperimentalTiledLargeMap: false
13:22:32.264 [FXGL Background Thread 3 ] DEBUG Engine               - isFileSystemWriteAllowed: true
13:22:32.264 [FXGL Background Thread 3 ] DEBUG Engine               - isFullScreenAllowed: false
13:22:32.264 [FXGL Background Thread 3 ] DEBUG Engine               - isFullScreenFromStart: false
13:22:32.264 [FXGL Background Thread 3 ] DEBUG Engine               - isGameMenuEnabled: true
13:22:32.264 [FXGL Background Thread 3 ] DEBUG Engine               - isIOS: false
13:22:32.264 [FXGL Background Thread 3 ] DEBUG Engine               - isIntroEnabled: false
13:22:32.264 [FXGL Background Thread 3 ] DEBUG Engine               - isLinux: false
13:22:32.264 [FXGL Background Thread 3 ] DEBUG Engine               - isMac: false
13:22:32.264 [FXGL Background Thread 3 ] DEBUG Engine               - isMainMenuEnabled: false
13:22:32.264 [FXGL Background Thread 3 ] DEBUG Engine               - isManualResizeEnabled: false
13:22:32.264 [FXGL Background Thread 3 ] DEBUG Engine               - isMobile: false
13:22:32.264 [FXGL Background Thread 3 ] DEBUG Engine               - isNative: false
13:22:32.264 [FXGL Background Thread 3 ] DEBUG Engine               - isPauseMusicWhenMinimized: true
13:22:32.264 [FXGL Background Thread 3 ] DEBUG Engine               - isPreserveResizeRatio: false
13:22:32.264 [FXGL Background Thread 3 ] DEBUG Engine               - isProfilingEnabled: false
13:22:32.265 [FXGL Background Thread 3 ] DEBUG Engine               - isScaleAffectedOnResize: true
13:22:32.265 [FXGL Background Thread 3 ] DEBUG Engine               - isSingleStep: false
13:22:32.265 [FXGL Background Thread 3 ] DEBUG Engine               - isUserProfileEnabled: false
13:22:32.265 [FXGL Background Thread 3 ] DEBUG Engine               - isWindows: true
13:22:32.265 [FXGL Background Thread 3 ] DEBUG Engine               - language: ObjectProperty [value: ENGLISH]
13:22:32.265 [FXGL Background Thread 3 ] DEBUG Engine               - menuKey: ESCAPE
13:22:32.265 [FXGL Background Thread 3 ] DEBUG Engine               - mouseSensitivity: 0.2
13:22:32.265 [FXGL Background Thread 3 ] DEBUG Engine               - notificationViewClass: class com.almasb.fxgl.notification.view.XboxNotificationView
13:22:32.265 [FXGL Background Thread 3 ] DEBUG Engine               - pixelsPerMeter: 50.0
13:22:32.265 [FXGL Background Thread 3 ] DEBUG Engine               - platform: WINDOWS
13:22:32.265 [FXGL Background Thread 3 ] DEBUG Engine               - prefHeightProperty: ReadOnlyDoubleProperty [value: 704.0]
13:22:32.266 [FXGL Background Thread 3 ] DEBUG Engine               - prefWidthProperty: ReadOnlyDoubleProperty [value: 704.0]
13:22:32.266 [FXGL Background Thread 3 ] DEBUG Engine               - profileDir: profiles/
13:22:32.266 [FXGL Background Thread 3 ] DEBUG Engine               - profileName: StringProperty [value: DEFAULT]
13:22:32.266 [FXGL Background Thread 3 ] DEBUG Engine               - randomSeed: -1
13:22:32.266 [FXGL Background Thread 3 ] DEBUG Engine               - runtimeInfo: RuntimeInfo(platform=WINDOWS, version=11.17, build=16.07.2021 15.46)
13:22:32.266 [FXGL Background Thread 3 ] DEBUG Engine               - saveFileExt: sav
13:22:32.266 [FXGL Background Thread 3 ] DEBUG Engine               - scaledHeightProp$fxgl: DoubleProperty [bound, value: 704.0]
13:22:32.266 [FXGL Background Thread 3 ] DEBUG Engine               - scaledWidthProp$fxgl: DoubleProperty [bound, value: 704.0]
13:22:32.266 [FXGL Background Thread 3 ] DEBUG Engine               - sceneFactory: com.almasb.fxgl.app.scene.SceneFactory@694de50
13:22:32.266 [FXGL Background Thread 3 ] DEBUG Engine               - secondsIn24h: 60
13:22:32.266 [FXGL Background Thread 3 ] DEBUG Engine               - soundMenuBack: menu/back.wav
13:22:32.266 [FXGL Background Thread 3 ] DEBUG Engine               - soundMenuPress: menu/press.wav
13:22:32.266 [FXGL Background Thread 3 ] DEBUG Engine               - soundMenuSelect: menu/select.wav
13:22:32.267 [FXGL Background Thread 3 ] DEBUG Engine               - soundNotification: core/notification.wav
13:22:32.267 [FXGL Background Thread 3 ] DEBUG Engine               - stageStyle: DECORATED
13:22:32.267 [FXGL Background Thread 3 ] DEBUG Engine               - supportedLanguages: [ENGLISH, FRENCH, GERMAN, HUNGARIAN, RUSSIAN]
13:22:32.267 [FXGL Background Thread 3 ] DEBUG Engine               - ticksPerSecond: -1
13:22:32.267 [FXGL Background Thread 3 ] DEBUG Engine               - title: Bomberman
13:22:32.267 [FXGL Background Thread 3 ] DEBUG Engine               - urlGithub: https://github.com/AlmasB/FXGL
13:22:32.267 [FXGL Background Thread 3 ] DEBUG Engine               - urlLeaderboard: http://fxgl-top.herokuapp.com/
13:22:32.267 [FXGL Background Thread 3 ] DEBUG Engine               - urlPOM: https://raw.githubusercontent.com/AlmasB/FXGL/release/README.md
13:22:32.267 [FXGL Background Thread 3 ] DEBUG Engine               - userAppClass: class Bomber.BombermanApp
13:22:32.267 [FXGL Background Thread 3 ] DEBUG Engine               - version: 0.0
13:22:32.267 [FXGL Background Thread 3 ] DEBUG Engine               - versionCheckDays: 7
13:22:32.267 [FXGL Background Thread 3 ] DEBUG Engine               - width: 704
13:22:32.267 [FXGL Background Thread 3 ] DEBUG Engine               - Logging services
13:22:32.267 [FXGL Background Thread 3 ] DEBUG Engine               - class com.almasb.fxgl.app.services.FXGLAssetLoaderService
13:22:32.268 [FXGL Background Thread 3 ] DEBUG Engine               - class com.almasb.fxgl.app.FXGLApplication$GameApplicationService
13:22:32.268 [FXGL Background Thread 3 ] DEBUG Engine               - class com.almasb.fxgl.app.services.FXGLDialogService
13:22:32.268 [FXGL Background Thread 3 ] DEBUG Engine               - class com.almasb.fxgl.app.services.IOTaskExecutorService
13:22:32.268 [FXGL Background Thread 3 ] DEBUG Engine               - class com.almasb.fxgl.io.FileSystemService
13:22:32.268 [FXGL Background Thread 3 ] DEBUG Engine               - class com.almasb.fxgl.localization.LocalizationService
13:22:32.268 [FXGL Background Thread 3 ] DEBUG Engine               - class com.almasb.fxgl.app.services.SystemBundleService
13:22:32.268 [FXGL Background Thread 3 ] DEBUG Engine               - class com.almasb.fxgl.profile.SaveLoadService
13:22:32.268 [FXGL Background Thread 3 ] DEBUG Engine               - class com.almasb.fxgl.ui.FXGLUIFactoryServiceProvider
13:22:32.268 [FXGL Background Thread 3 ] DEBUG Engine               - class com.almasb.fxgl.ui.FXGLDialogFactoryServiceProvider
13:22:32.268 [FXGL Background Thread 3 ] DEBUG Engine               - class com.almasb.fxgl.audio.AudioPlayer
13:22:32.268 [FXGL Background Thread 3 ] DEBUG Engine               - class com.almasb.fxgl.notification.impl.NotificationServiceProvider
13:22:32.268 [FXGL Background Thread 3 ] DEBUG Engine               - class com.almasb.fxgl.achievement.AchievementService
13:22:32.268 [FXGL Background Thread 3 ] DEBUG Engine               - class com.almasb.fxgl.cutscene.CutsceneService
13:22:32.268 [FXGL Background Thread 3 ] DEBUG Engine               - class com.almasb.fxgl.minigames.MiniGameService
13:22:32.268 [FXGL Background Thread 3 ] DEBUG Engine               - class com.almasb.fxgl.net.NetService
13:22:32.268 [FXGL Background Thread 3 ] DEBUG Engine               - class com.almasb.fxgl.app.services.UpdaterService
13:22:32.268 [FXGL Background Thread 3 ] DEBUG Engine               - class com.almasb.fxgl.dev.DevService
13:22:40.277 [JavaFX Application Thread] DEBUG FXGLAssetLoaderServi - Loading from file system: file:/D:/Code/ProjectJavaFX/bombermanTu/Bomber/target/classes/assets/textures/bomb_ani.png
13:22:42.642 [JavaFX Application Thread] DEBUG FXGLAssetLoaderServi - Loading from file system: file:/D:/Code/ProjectJavaFX/bombermanTu/Bomber/target/classes/assets/textures/bomb_exploded_1.png
13:22:42.651 [JavaFX Application Thread] DEBUG FXGLAssetLoaderServi - Loading from file system: file:/D:/Code/ProjectJavaFX/bombermanTu/Bomber/target/classes/assets/textures/brick_break.png
13:22:55.616 [JavaFX Application Thread] DEBUG FXGLAssetLoaderServi - Loading from file system: file:/D:/Code/ProjectJavaFX/bombermanTu/Bomber/target/classes/assets/textures/player_down_1.png
13:22:55.617 [JavaFX Application Thread] DEBUG FXGLAssetLoaderServi - Loading from file system: file:/D:/Code/ProjectJavaFX/bombermanTu/Bomber/target/classes/assets/textures/player_right_1.png
13:22:55.618 [JavaFX Application Thread] DEBUG FXGLAssetLoaderServi - Loading from file system: file:/D:/Code/ProjectJavaFX/bombermanTu/Bomber/target/classes/assets/textures/player_up_1.png
13:22:55.619 [JavaFX Application Thread] DEBUG FXGLAssetLoaderServi - Loading from file system: file:/D:/Code/ProjectJavaFX/bombermanTu/Bomber/target/classes/assets/textures/player_left_1.png
13:24:36.286 [JavaFX Application Thread] DEBUG FXGLApplication      - Exiting FXGL
13:24:36.286 [JavaFX Application Thread] DEBUG LoopRunner           - Stopping loop
13:24:36.286 [JavaFX Application Thread] DEBUG SystemBundleService  - Saving FXGL system data
13:24:36.287 [JavaFX Application Thread] DEBUG FileSystemAccess     - Writing to: D:\Code\ProjectJavaFX\bombermanTu\Bomber\system\fxgl.bundle
13:24:36.288 [JavaFX Application Thread] DEBUG Async                - Shutting down background threads
13:24:36.288 [JavaFX Application Thread] DEBUG PrimaryStageWindow   - Closing main window
13:24:36.299 [JavaFX Application Thread] DEBUG Logger               - Closing Logger
