17:15:08.153 [main                     ] DEBUG Logger               - Configured Logger
17:15:08.153 [main                     ] DEBUG GameApplication      - Logging settings
Title: BOMBERMAN
Version: 1.0
Width: 720
Height: 720
Fullscreen: false
Intro: false
Profiling: false
Single step:false
App Mode: DEVELOPER
Menu Key: ESCAPE
Stage Style: DECORATED
Scene Factory: class Bomber.BombermanApp$1

17:15:08.507 [JavaFX Application Thread] DEBUG FXGLApplication      - Initializing FXGL
17:15:08.511 [JavaFX Application Thread] INFO  Engine               - FXGL-11.17 (16.07.2021 15.46) on WINDOWS (J:17.0.1 FX:16)
17:15:08.511 [JavaFX Application Thread] DEBUG Engine               - JRE Vendor Name: Oracle Corporation
17:15:08.511 [JavaFX Application Thread] DEBUG Engine               - Running on OS: Windows 10 version 10.0
17:15:08.511 [JavaFX Application Thread] DEBUG Engine               - Architecture: amd64
17:15:08.512 [JavaFX Application Thread] INFO  Engine               - Source code and latest versions at: https://github.com/AlmasB/FXGL
17:15:08.512 [JavaFX Application Thread] INFO  Engine               -              Join the FXGL chat at: https://gitter.im/AlmasB/FXGL
17:15:08.616 [JavaFX Application Thread] DEBUG PrimaryStageWindow   - Creating a JavaFX scene
17:15:08.653 [JavaFX Application Thread] DEBUG PrimaryStageWindow   - Target settings size: 720.0 x 720.0
17:15:08.653 [JavaFX Application Thread] DEBUG PrimaryStageWindow   - Scaled scene size:    720.0 x 720.0
17:15:08.653 [JavaFX Application Thread] DEBUG PrimaryStageWindow   - Scaled ratio: (1.0, 1.0)
17:15:08.654 [JavaFX Application Thread] DEBUG PrimaryStageWindow   - Set initial scene to FXGLStartupScene
17:15:08.662 [JavaFX Application Thread] DEBUG PrimaryStageWindow   - Opening main window
17:15:08.733 [JavaFX Application Thread] DEBUG PrimaryStageWindow   - Window border size: (14.4000244140625, 37.5999755859375)
17:15:08.734 [JavaFX Application Thread] DEBUG PrimaryStageWindow   - Scaled size: 720.0 x 720.0
17:15:08.734 [JavaFX Application Thread] DEBUG PrimaryStageWindow   - Scaled ratio: (1.0, 1.0)
17:15:08.734 [JavaFX Application Thread] DEBUG PrimaryStageWindow   - Scene size: 720.0 x 720.0
17:15:08.734 [JavaFX Application Thread] DEBUG PrimaryStageWindow   - Stage size: 734.4000244140625 x 757.5999755859375
17:15:08.744 [FXGL Background Thread 1 ] DEBUG Engine               - Initializing environment variables
17:15:08.814 [FXGL Background Thread 1 ] DEBUG FXGLAssetLoaderServi - User app class for loading assets: class Bomber.BombermanApp
17:15:08.815 [FXGL Background Thread 1 ] DEBUG GameApplicationServi - Applying CSS: fxgl_dark.css
17:15:08.817 [FXGL Background Thread 1 ] DEBUG FXGLAssetLoaderServi - Loading from file system: jar:file:/C:/Users/thinh/.m2/repository/com/github/almasb/fxgl/11.17/fxgl-11.17.jar!/fxglassets/ui/css/fxgl_dark.css
17:15:08.870 [FXGL Background Thread 1 ] DEBUG GameApplicationServi - Initializing application scenes
17:15:08.921 [FXGL Background Thread 1 ] DEBUG GameWorld            - Game world initialized
17:15:08.989 [FXGL Background Thread 1 ] DEBUG PhysicsWorld         - Physics world initialized: appHeight=720, physics.ppm=50.0
17:15:08.989 [FXGL Background Thread 1 ] DEBUG PhysicsWorld         - Using strategy: BRUTE_FORCE
17:15:08.992 [FXGL Background Thread 1 ] DEBUG GameScene            - Game scene initialized: 720x720
17:15:09.076 [FXGL Background Thread 1 ] DEBUG GameApplicationServi - Application scenes initialized
17:15:09.092 [FXGL Background Thread 1 ] DEBUG SystemBundleService  - Loading FXGL system data
17:15:09.098 [FXGL Background Thread 1 ] DEBUG FileSystemAccess     - Reading from: D:\Code\ProjectJavaFX\bomberman\Bomber\system\fxgl.bundle
17:15:09.104 [FXGL Background Thread 1 ] DEBUG SystemBundleService  - Bundle FXGL: {}
17:15:09.104 [FXGL Background Thread 1 ] DEBUG UpdaterService       - Checking for updates
17:15:09.110 [FXGL Background Thread 4 ] DEBUG FXGLApplication      - Loading fonts
17:15:09.110 [FXGL Background Thread 4 ] DEBUG FXGLAssetLoaderServi - Loading from file system: file:/D:/Code/ProjectJavaFX/bomberman/Bomber/target/classes/assets/ui/fonts/Quinquefive-Ea6d4.ttf
17:15:09.110 [FXGL Background Thread 1 ] DEBUG FXGLApplication      - Loading default localization
17:15:09.111 [FXGL Background Thread 1 ] DEBUG FXGLAssetLoaderServi - Loading from file system: jar:file:/C:/Users/thinh/.m2/repository/com/github/almasb/fxgl/11.17/fxgl-11.17.jar!/fxglassets/languages/english.lang
17:15:09.132 [FXGL Background Thread 1 ] INFO  FXGLApplication      - FXGL initialization took: 0.388 sec
17:15:09.147 [JavaFX Application Thread] DEBUG Input                - Registered new binding: Move Up - W
17:15:09.147 [JavaFX Application Thread] DEBUG Input                - Registered new binding: Move Down - S
17:15:09.147 [JavaFX Application Thread] DEBUG Input                - Registered new binding: Move Left - A
17:15:09.148 [JavaFX Application Thread] DEBUG Input                - Registered new binding: Move Right - D
17:15:09.148 [JavaFX Application Thread] DEBUG Input                - Registered new binding: Place Bomb - Space
17:15:09.148 [JavaFX Application Thread] DEBUG FXGLAssetLoaderServi - Loading from file system: file:/D:/Code/ProjectJavaFX/bomberman/Bomber/target/classes/assets/music/title_screen.mp3
17:15:09.208 [FXGL Background Thread 4 ] DEBUG FXGLAssetLoaderServi - Loading from file system: jar:file:/C:/Users/thinh/.m2/repository/com/github/almasb/fxgl/11.17/fxgl-11.17.jar!/fxglassets/ui/fonts/Abel-Regular.ttf
17:15:09.225 [FXGL Background Thread 4 ] DEBUG FXGLAssetLoaderServi - Loading from file system: jar:file:/C:/Users/thinh/.m2/repository/com/github/almasb/fxgl/11.17/fxgl-11.17.jar!/fxglassets/ui/fonts/lucida_console.ttf
17:15:09.247 [FXGL Background Thread 4 ] DEBUG FXGLAssetLoaderServi - Loading from file system: jar:file:/C:/Users/thinh/.m2/repository/com/github/almasb/fxgl/11.17/fxgl-11.17.jar!/fxglassets/ui/fonts/Courier-Prime.ttf
17:15:09.311 [JavaFX Application Thread] DEBUG AudioPlayer          - Playing music com.almasb.fxgl.audio.Music@49af5a28
17:15:09.312 [JavaFX Application Thread] DEBUG FXGLAssetLoaderServi - Loading from file system: jar:file:/C:/Users/thinh/.m2/repository/com/github/almasb/fxgl/11.17/fxgl-11.17.jar!/fxglassets/textures/fxgl_icon.png
17:15:09.339 [JavaFX Application Thread] DEBUG FXGLAssetLoaderServi - Loading from file system: jar:file:/C:/Users/thinh/.m2/repository/com/github/almasb/fxgl/11.17/fxgl-11.17.jar!/fxglassets/textures/fxgl_default_cursor.png
17:15:09.341 [JavaFX Application Thread] DEBUG Input                - Registered new binding: Screenshot - CTRL+8
17:15:09.341 [JavaFX Application Thread] DEBUG Input                - Registered new binding: System info dump - CTRL+9
17:15:09.341 [JavaFX Application Thread] DEBUG Input                - Registered new binding: Restart - CTRL+R
17:15:09.342 [JavaFX Application Thread] DEBUG Input                - Registered new binding: Toggle Debug Camera - CTRL+C
17:15:09.344 [JavaFX Application Thread] DEBUG LoopRunner           - Starting loop
17:15:09.344 [JavaFX Application Thread] DEBUG LoopRunner           - Initializing JavaFX AnimationTimerLoop
17:15:09.347 [JavaFX Application Thread] DEBUG Input                - Clearing active input actions
17:15:09.353 [JavaFX Application Thread] DEBUG GameApplicationServi - Removing overlay from FXGLStartupScene and adding to FXGLMainMenuDummyScene
17:15:09.354 [JavaFX Application Thread] DEBUG PrimaryStageWindow   - FXGLStartupScene -> FXGLMainMenuDummyScene
17:15:09.354 [JavaFX Application Thread] DEBUG PrimaryStageWindow   - Push state: BombermanMenu
17:15:09.354 [JavaFX Application Thread] DEBUG Input                - Clearing active input actions
17:15:09.357 [JavaFX Application Thread] DEBUG GameApplicationServi - Removing overlay from FXGLMainMenuDummyScene and adding to BombermanMenu
17:15:09.358 [JavaFX Application Thread] DEBUG PrimaryStageWindow   - FXGLMainMenuDummyScene -> BombermanMenu
17:15:09.359 [JavaFX Application Thread] DEBUG FXGLApplication      - Registering font factories with UI factory
17:15:10.514 [JavaFX Application Thread] DEBUG Menu                 - fireNewGame()
17:15:10.514 [JavaFX Application Thread] DEBUG GameApplicationServi - Starting new game
17:15:10.515 [JavaFX Application Thread] DEBUG PrimaryStageWindow   - Pop state: BombermanMenu
17:15:10.515 [JavaFX Application Thread] DEBUG Input                - Clearing active input actions
17:15:10.515 [JavaFX Application Thread] DEBUG GameApplicationServi - Removing overlay from BombermanMenu and adding to FXGLMainMenuDummyScene
17:15:10.516 [JavaFX Application Thread] DEBUG PrimaryStageWindow   - FXGLMainMenuDummyScene <- BombermanMenu
17:15:10.516 [JavaFX Application Thread] DEBUG Input                - Clearing active input actions
17:15:10.520 [JavaFX Application Thread] DEBUG GameApplicationServi - Removing overlay from FXGLMainMenuDummyScene and adding to FXGLLoadingScene
17:15:10.520 [JavaFX Application Thread] DEBUG PrimaryStageWindow   - FXGLMainMenuDummyScene -> FXGLLoadingScene
17:15:10.521 [JavaFX Application Thread] DEBUG GameApplicationServi - Clearing previous game
17:15:10.521 [JavaFX Application Thread] DEBUG GameScene            - Clearing game scene
17:15:10.521 [JavaFX Application Thread] DEBUG GameWorld            - Clearing game world
17:15:10.521 [JavaFX Application Thread] DEBUG PhysicsWorld         - Clearing physics world
17:15:10.524 [FXGL Background Thread 2 ] DEBUG FXGLApplication      - Initializing game
17:15:10.569 [FXGL Background Thread 2 ] WARN  TMXLevelLoader       - TiledMap generated from 1.7.2. Supported version: 1.2.3. Some features may not be parsed fully.
17:15:10.590 [FXGL Background Thread 2 ] DEBUG TMXLevelLoader       - Parsed TiledMap: file:/D:/Code/ProjectJavaFX/bomberman/Bomber/target/classes/assets/levels/bbm_level1.tmx
17:15:10.591 [FXGL Background Thread 2 ] DEBUG TMXLevelLoader       - Creating tile layer entities
17:15:10.591 [FXGL Background Thread 2 ] DEBUG TilesetLoader        - Loading view for layer Tile Layer 1
17:15:10.595 [FXGL Background Thread 2 ] DEBUG TilesetLoader        - Created buffer with size 1488.0x720.0
17:15:10.702 [FXGL Background Thread 2 ] DEBUG TMXLevelLoader       - Creating object layer entities
17:15:10.725 [FXGL Background Thread 2 ] DEBUG FXGLAssetLoaderServi - Loading from file system: file:/D:/Code/ProjectJavaFX/bomberman/Bomber/target/classes/assets/textures/player_die.png
17:15:10.731 [FXGL Background Thread 2 ] DEBUG FXGLAssetLoaderServi - Loading from file system: file:/D:/Code/ProjectJavaFX/bomberman/Bomber/target/classes/assets/textures/player_down.png
17:15:10.732 [FXGL Background Thread 2 ] DEBUG FXGLAssetLoaderServi - Loading from file system: file:/D:/Code/ProjectJavaFX/bomberman/Bomber/target/classes/assets/textures/player_right.png
17:15:10.733 [FXGL Background Thread 2 ] DEBUG FXGLAssetLoaderServi - Loading from file system: file:/D:/Code/ProjectJavaFX/bomberman/Bomber/target/classes/assets/textures/player_up.png
17:15:10.734 [FXGL Background Thread 2 ] DEBUG FXGLAssetLoaderServi - Loading from file system: file:/D:/Code/ProjectJavaFX/bomberman/Bomber/target/classes/assets/textures/player_left.png
17:15:10.737 [FXGL Background Thread 2 ] WARN  Entity               - Entity already has component: com.almasb.fxgl.physics.PhysicsComponent
17:15:10.738 [FXGL Background Thread 2 ] DEBUG FXGLAssetLoaderServi - Loading from file system: file:/D:/Code/ProjectJavaFX/bomberman/Bomber/target/classes/assets/textures/brick.png
17:15:10.765 [FXGL Background Thread 2 ] DEBUG FXGLAssetLoaderServi - Loading from file system: file:/D:/Code/ProjectJavaFX/bomberman/Bomber/target/classes/assets/textures/balloom.png
17:15:10.845 [FXGL Background Thread 2 ] DEBUG FXGLAssetLoaderServi - Loading from file system: file:/D:/Code/ProjectJavaFX/bomberman/Bomber/target/classes/assets/textures/powerup_speed.png
17:15:10.851 [FXGL Background Thread 2 ] DEBUG FXGLAssetLoaderServi - Loading from file system: file:/D:/Code/ProjectJavaFX/bomberman/Bomber/target/classes/assets/textures/powerup_flames.png
17:15:10.853 [FXGL Background Thread 2 ] DEBUG FXGLAssetLoaderServi - Loading from file system: file:/D:/Code/ProjectJavaFX/bomberman/Bomber/target/classes/assets/textures/powerup_bombs.png
17:15:10.855 [FXGL Background Thread 2 ] DEBUG FXGLAssetLoaderServi - Loading from file system: file:/D:/Code/ProjectJavaFX/bomberman/Bomber/target/classes/assets/textures/powerup_flamepass.png
17:15:10.858 [FXGL Background Thread 2 ] DEBUG FXGLAssetLoaderServi - Loading from file system: file:/D:/Code/ProjectJavaFX/bomberman/Bomber/target/classes/assets/textures/portal.png
17:15:10.860 [FXGL Background Thread 2 ] DEBUG GameWorld            - Clearing removable entities
17:15:10.861 [FXGL Background Thread 2 ] DEBUG GameWorld            - Setting level: com.almasb.fxgl.entity.level.Level@6ebf5d25
17:15:10.926 [FXGL Background Thread 2 ] INFO  FXGLApplication      - Game initialization took: 0.401 sec
17:15:10.927 [JavaFX Application Thread] DEBUG Input                - Clearing active input actions
17:15:10.941 [JavaFX Application Thread] DEBUG GameApplicationServi - Removing overlay from FXGLLoadingScene and adding to GameScene
17:15:10.941 [JavaFX Application Thread] DEBUG PrimaryStageWindow   - FXGLLoadingScene -> GameScene
17:15:11.945 [JavaFX Application Thread] DEBUG FXGLAssetLoaderServi - Loading from file system: file:/D:/Code/ProjectJavaFX/bomberman/Bomber/target/classes/assets/textures/bomb_ani.png
17:15:12.109 [FXGL Background Thread 3 ] DEBUG Engine               - Logging environment variables
17:15:12.110 [FXGL Background Thread 3 ] DEBUG Engine               - achievements: []
17:15:12.110 [FXGL Background Thread 3 ] DEBUG Engine               - actualHeight: 720.0
17:15:12.110 [FXGL Background Thread 3 ] DEBUG Engine               - actualHeightProperty: ReadOnlyDoubleProperty [value: 720.0]
17:15:12.110 [FXGL Background Thread 3 ] DEBUG Engine               - actualWidth: 720.0
17:15:12.110 [FXGL Background Thread 3 ] DEBUG Engine               - actualWidthProperty: ReadOnlyDoubleProperty [value: 720.0]
17:15:12.110 [FXGL Background Thread 3 ] DEBUG Engine               - appIcon: fxgl_icon.png
17:15:12.111 [FXGL Background Thread 3 ] DEBUG Engine               - applicationMode: DEVELOPER
17:15:12.111 [FXGL Background Thread 3 ] DEBUG Engine               - cSSList: [fxgl_dark.css]
17:15:12.111 [FXGL Background Thread 3 ] DEBUG Engine               - collisionDetectionStrategy: BRUTE_FORCE
17:15:12.112 [FXGL Background Thread 3 ] DEBUG Engine               - configClass: Optional.empty
17:15:12.112 [FXGL Background Thread 3 ] DEBUG Engine               - credits: []
17:15:12.112 [FXGL Background Thread 3 ] DEBUG Engine               - defaultCursor: CursorInfo(imageName=fxgl_default_cursor.png, hotspotX=7.0, hotspotY=6.0)
17:15:12.112 [FXGL Background Thread 3 ] DEBUG Engine               - devBBoxColorProperty: ObjectProperty [value: 0xff0000ff]
17:15:12.112 [FXGL Background Thread 3 ] DEBUG Engine               - devEnableDebugCameraProperty: BooleanProperty [value: false]
17:15:12.112 [FXGL Background Thread 3 ] DEBUG Engine               - devSensorColorProperty: ObjectProperty [value: 0xffff00ff]
17:15:12.112 [FXGL Background Thread 3 ] DEBUG Engine               - devShowBBoxProperty: BooleanProperty [value: false]
17:15:12.112 [FXGL Background Thread 3 ] DEBUG Engine               - devShowPositionProperty: BooleanProperty [value: false]
17:15:12.112 [FXGL Background Thread 3 ] DEBUG Engine               - enabledMenuItems: []
17:15:12.112 [FXGL Background Thread 3 ] DEBUG Engine               - engineServices: [class com.almasb.fxgl.app.services.FXGLAssetLoaderService, class com.almasb.fxgl.app.FXGLApplication$GameApplicationService, class com.almasb.fxgl.app.services.FXGLDialogService, class com.almasb.fxgl.app.services.IOTaskExecutorService, class com.almasb.fxgl.io.FileSystemService, class com.almasb.fxgl.localization.LocalizationService, class com.almasb.fxgl.app.services.SystemBundleService, class com.almasb.fxgl.profile.SaveLoadService, class com.almasb.fxgl.ui.FXGLUIFactoryServiceProvider, class com.almasb.fxgl.ui.FXGLDialogFactoryServiceProvider, class com.almasb.fxgl.audio.AudioPlayer, class com.almasb.fxgl.notification.impl.NotificationServiceProvider, class com.almasb.fxgl.achievement.AchievementService, class com.almasb.fxgl.cutscene.CutsceneService, class com.almasb.fxgl.minigames.MiniGameService, class com.almasb.fxgl.net.NetService, class com.almasb.fxgl.app.services.UpdaterService, class com.almasb.fxgl.dev.DevService]
17:15:12.112 [FXGL Background Thread 3 ] DEBUG Engine               - fontGame: Abel-Regular.ttf
17:15:12.113 [FXGL Background Thread 3 ] DEBUG Engine               - fontMono: lucida_console.ttf
17:15:12.113 [FXGL Background Thread 3 ] DEBUG Engine               - fontText: Courier-Prime.ttf
17:15:12.113 [FXGL Background Thread 3 ] DEBUG Engine               - fontUI: Quinquefive-Ea6d4.ttf
17:15:12.113 [FXGL Background Thread 3 ] DEBUG Engine               - fullScreen: BooleanProperty [value: false]
17:15:12.113 [FXGL Background Thread 3 ] DEBUG Engine               - gameDifficulty: MEDIUM
17:15:12.113 [FXGL Background Thread 3 ] DEBUG Engine               - gameDifficultyProperty: ObjectProperty [value: MEDIUM]
17:15:12.113 [FXGL Background Thread 3 ] DEBUG Engine               - globalMusicVolume: 0.5
17:15:12.113 [FXGL Background Thread 3 ] DEBUG Engine               - globalMusicVolumeProperty: DoubleProperty [value: 0.1]
17:15:12.113 [FXGL Background Thread 3 ] DEBUG Engine               - globalSoundVolume: 0.5
17:15:12.114 [FXGL Background Thread 3 ] DEBUG Engine               - globalSoundVolumeProperty: DoubleProperty [value: 0.1]
17:15:12.114 [FXGL Background Thread 3 ] DEBUG Engine               - height: 720
17:15:12.114 [FXGL Background Thread 3 ] DEBUG Engine               - is3D: false
17:15:12.114 [FXGL Background Thread 3 ] DEBUG Engine               - isAndroid: false
17:15:12.114 [FXGL Background Thread 3 ] DEBUG Engine               - isBrowser: false
17:15:12.114 [FXGL Background Thread 3 ] DEBUG Engine               - isClickFeedbackEnabled: false
17:15:12.114 [FXGL Background Thread 3 ] DEBUG Engine               - isCloseConfirmation: false
17:15:12.114 [FXGL Background Thread 3 ] DEBUG Engine               - isDesktop: true
17:15:12.114 [FXGL Background Thread 3 ] DEBUG Engine               - isDeveloperMenuEnabled: false
17:15:12.115 [FXGL Background Thread 3 ] DEBUG Engine               - isEntityPreloadEnabled: true
17:15:12.115 [FXGL Background Thread 3 ] DEBUG Engine               - isExperimentalTiledLargeMap: false
17:15:12.115 [FXGL Background Thread 3 ] DEBUG Engine               - isFileSystemWriteAllowed: true
17:15:12.115 [FXGL Background Thread 3 ] DEBUG Engine               - isFullScreenAllowed: false
17:15:12.115 [FXGL Background Thread 3 ] DEBUG Engine               - isFullScreenFromStart: false
17:15:12.115 [FXGL Background Thread 3 ] DEBUG Engine               - isGameMenuEnabled: true
17:15:12.115 [FXGL Background Thread 3 ] DEBUG Engine               - isIOS: false
17:15:12.115 [FXGL Background Thread 3 ] DEBUG Engine               - isIntroEnabled: false
17:15:12.115 [FXGL Background Thread 3 ] DEBUG Engine               - isLinux: false
17:15:12.115 [FXGL Background Thread 3 ] DEBUG Engine               - isMac: false
17:15:12.116 [FXGL Background Thread 3 ] DEBUG Engine               - isMainMenuEnabled: true
17:15:12.116 [FXGL Background Thread 3 ] DEBUG Engine               - isManualResizeEnabled: true
17:15:12.116 [FXGL Background Thread 3 ] DEBUG Engine               - isMobile: false
17:15:12.116 [FXGL Background Thread 3 ] DEBUG Engine               - isNative: false
17:15:12.116 [FXGL Background Thread 3 ] DEBUG Engine               - isPauseMusicWhenMinimized: true
17:15:12.116 [FXGL Background Thread 3 ] DEBUG Engine               - isPreserveResizeRatio: true
17:15:12.116 [FXGL Background Thread 3 ] DEBUG Engine               - isProfilingEnabled: false
17:15:12.116 [FXGL Background Thread 3 ] DEBUG Engine               - isScaleAffectedOnResize: true
17:15:12.116 [FXGL Background Thread 3 ] DEBUG Engine               - isSingleStep: false
17:15:12.116 [FXGL Background Thread 3 ] DEBUG Engine               - isUserProfileEnabled: false
17:15:12.116 [FXGL Background Thread 3 ] DEBUG Engine               - isWindows: true
17:15:12.117 [FXGL Background Thread 3 ] DEBUG Engine               - language: ObjectProperty [value: ENGLISH]
17:15:12.117 [FXGL Background Thread 3 ] DEBUG Engine               - menuKey: ESCAPE
17:15:12.117 [FXGL Background Thread 3 ] DEBUG Engine               - mouseSensitivity: 0.2
17:15:12.117 [FXGL Background Thread 3 ] DEBUG Engine               - notificationViewClass: class com.almasb.fxgl.notification.view.XboxNotificationView
17:15:12.117 [FXGL Background Thread 3 ] DEBUG Engine               - pixelsPerMeter: 50.0
17:15:12.117 [FXGL Background Thread 3 ] DEBUG Engine               - platform: WINDOWS
17:15:12.117 [FXGL Background Thread 3 ] DEBUG Engine               - prefHeightProperty: ReadOnlyDoubleProperty [value: 720.0]
17:15:12.117 [FXGL Background Thread 3 ] DEBUG Engine               - prefWidthProperty: ReadOnlyDoubleProperty [value: 720.0]
17:15:12.117 [FXGL Background Thread 3 ] DEBUG Engine               - profileDir: profiles/
17:15:12.117 [FXGL Background Thread 3 ] DEBUG Engine               - profileName: StringProperty [value: DEFAULT]
17:15:12.117 [FXGL Background Thread 3 ] DEBUG Engine               - randomSeed: -1
17:15:12.117 [FXGL Background Thread 3 ] DEBUG Engine               - runtimeInfo: RuntimeInfo(platform=WINDOWS, version=11.17, build=16.07.2021 15.46)
17:15:12.117 [FXGL Background Thread 3 ] DEBUG Engine               - saveFileExt: sav
17:15:12.117 [FXGL Background Thread 3 ] DEBUG Engine               - scaledHeightProp$fxgl: DoubleProperty [bound, value: 720.0]
17:15:12.117 [FXGL Background Thread 3 ] DEBUG Engine               - scaledWidthProp$fxgl: DoubleProperty [bound, value: 720.0]
17:15:12.118 [FXGL Background Thread 3 ] DEBUG Engine               - sceneFactory: Bomber.BombermanApp$1@188daa43
17:15:12.118 [FXGL Background Thread 3 ] DEBUG Engine               - secondsIn24h: 60
17:15:12.118 [FXGL Background Thread 3 ] DEBUG Engine               - soundMenuBack: menu/back.wav
17:15:12.118 [FXGL Background Thread 3 ] DEBUG Engine               - soundMenuPress: menu/press.wav
17:15:12.118 [FXGL Background Thread 3 ] DEBUG Engine               - soundMenuSelect: menu/select.wav
17:15:12.118 [FXGL Background Thread 3 ] DEBUG Engine               - soundNotification: core/notification.wav
17:15:12.118 [FXGL Background Thread 3 ] DEBUG Engine               - stageStyle: DECORATED
17:15:12.118 [FXGL Background Thread 3 ] DEBUG Engine               - supportedLanguages: [ENGLISH, FRENCH, GERMAN, HUNGARIAN, RUSSIAN]
17:15:12.118 [FXGL Background Thread 3 ] DEBUG Engine               - ticksPerSecond: -1
17:15:12.118 [FXGL Background Thread 3 ] DEBUG Engine               - title: BOMBERMAN
17:15:12.118 [FXGL Background Thread 3 ] DEBUG Engine               - urlGithub: https://github.com/AlmasB/FXGL
17:15:12.118 [FXGL Background Thread 3 ] DEBUG Engine               - urlLeaderboard: http://fxgl-top.herokuapp.com/
17:15:12.118 [FXGL Background Thread 3 ] DEBUG Engine               - urlPOM: https://raw.githubusercontent.com/AlmasB/FXGL/release/README.md
17:15:12.119 [FXGL Background Thread 3 ] DEBUG Engine               - userAppClass: class Bomber.BombermanApp
17:15:12.119 [FXGL Background Thread 3 ] DEBUG Engine               - version: 1.0
17:15:12.119 [FXGL Background Thread 3 ] DEBUG Engine               - versionCheckDays: 7
17:15:12.119 [FXGL Background Thread 3 ] DEBUG Engine               - width: 720
17:15:12.119 [FXGL Background Thread 3 ] DEBUG Engine               - Logging services
17:15:12.119 [FXGL Background Thread 3 ] DEBUG Engine               - class com.almasb.fxgl.app.services.FXGLAssetLoaderService
17:15:12.119 [FXGL Background Thread 3 ] DEBUG Engine               - class com.almasb.fxgl.app.FXGLApplication$GameApplicationService
17:15:12.119 [FXGL Background Thread 3 ] DEBUG Engine               - class com.almasb.fxgl.app.services.FXGLDialogService
17:15:12.119 [FXGL Background Thread 3 ] DEBUG Engine               - class com.almasb.fxgl.app.services.IOTaskExecutorService
17:15:12.119 [FXGL Background Thread 3 ] DEBUG Engine               - class com.almasb.fxgl.io.FileSystemService
17:15:12.119 [FXGL Background Thread 3 ] DEBUG Engine               - class com.almasb.fxgl.localization.LocalizationService
17:15:12.119 [FXGL Background Thread 3 ] DEBUG Engine               - class com.almasb.fxgl.app.services.SystemBundleService
17:15:12.119 [FXGL Background Thread 3 ] DEBUG Engine               - class com.almasb.fxgl.profile.SaveLoadService
17:15:12.119 [FXGL Background Thread 3 ] DEBUG Engine               - class com.almasb.fxgl.ui.FXGLUIFactoryServiceProvider
17:15:12.119 [FXGL Background Thread 3 ] DEBUG Engine               - class com.almasb.fxgl.ui.FXGLDialogFactoryServiceProvider
17:15:12.119 [FXGL Background Thread 3 ] DEBUG Engine               - class com.almasb.fxgl.audio.AudioPlayer
17:15:12.119 [FXGL Background Thread 3 ] DEBUG Engine               - class com.almasb.fxgl.notification.impl.NotificationServiceProvider
17:15:12.120 [FXGL Background Thread 3 ] DEBUG Engine               - class com.almasb.fxgl.achievement.AchievementService
17:15:12.120 [FXGL Background Thread 3 ] DEBUG Engine               - class com.almasb.fxgl.cutscene.CutsceneService
17:15:12.120 [FXGL Background Thread 3 ] DEBUG Engine               - class com.almasb.fxgl.minigames.MiniGameService
17:15:12.120 [FXGL Background Thread 3 ] DEBUG Engine               - class com.almasb.fxgl.net.NetService
17:15:12.120 [FXGL Background Thread 3 ] DEBUG Engine               - class com.almasb.fxgl.app.services.UpdaterService
17:15:12.120 [FXGL Background Thread 3 ] DEBUG Engine               - class com.almasb.fxgl.dev.DevService
17:15:14.162 [JavaFX Application Thread] DEBUG FXGLAssetLoaderServi - Loading from file system: file:/D:/Code/ProjectJavaFX/bomberman/Bomber/target/classes/assets/textures/bomb_exploded_1.png
17:15:14.174 [JavaFX Application Thread] DEBUG FXGLAssetLoaderServi - Loading from file system: file:/D:/Code/ProjectJavaFX/bomberman/Bomber/target/classes/assets/textures/brick_break.png
17:15:30.047 [JavaFX Application Thread] WARN  GameWorld            - Attempted to remove entity which is not active
17:15:50.512 [JavaFX Application Thread] DEBUG FXGLAssetLoaderServi - Loading from file system: file:/D:/Code/ProjectJavaFX/bomberman/Bomber/target/classes/assets/textures/player_down_1.png
17:15:50.514 [JavaFX Application Thread] DEBUG FXGLAssetLoaderServi - Loading from file system: file:/D:/Code/ProjectJavaFX/bomberman/Bomber/target/classes/assets/textures/player_right_1.png
17:15:50.516 [JavaFX Application Thread] DEBUG FXGLAssetLoaderServi - Loading from file system: file:/D:/Code/ProjectJavaFX/bomberman/Bomber/target/classes/assets/textures/player_up_1.png
17:15:50.516 [JavaFX Application Thread] DEBUG FXGLAssetLoaderServi - Loading from file system: file:/D:/Code/ProjectJavaFX/bomberman/Bomber/target/classes/assets/textures/player_left_1.png
17:16:15.577 [JavaFX Application Thread] DEBUG FXGLApplication      - Exiting FXGL
17:16:15.577 [JavaFX Application Thread] DEBUG LoopRunner           - Stopping loop
17:16:15.577 [JavaFX Application Thread] DEBUG SystemBundleService  - Saving FXGL system data
17:16:15.578 [JavaFX Application Thread] DEBUG FileSystemAccess     - Writing to: D:\Code\ProjectJavaFX\bomberman\Bomber\system\fxgl.bundle
17:16:15.580 [JavaFX Application Thread] DEBUG Async                - Shutting down background threads
17:16:15.580 [JavaFX Application Thread] DEBUG PrimaryStageWindow   - Closing main window
17:16:15.592 [JavaFX Application Thread] DEBUG Logger               - Closing Logger
