13:16:20.847 [main                     ] DEBUG Logger               - Configured Logger
13:16:20.847 [main                     ] DEBUG GameApplication      - Logging settings
Title: Bomberman
Version: 0.0
Width: 704
Height: 704
Fullscreen: false
Intro: false
Profiling: false
Single step:false
App Mode: DEVELOPER
Menu Key: ESCAPE
Stage Style: DECORATED
Scene Factory: class com.almasb.fxgl.app.scene.SceneFactory

13:16:21.198 [JavaFX Application Thread] DEBUG FXGLApplication      - Initializing FXGL
13:16:21.199 [JavaFX Application Thread] INFO  Engine               - FXGL-11.17 (16.07.2021 15.46) on WINDOWS (J:17.0.1 FX:16)
13:16:21.200 [JavaFX Application Thread] DEBUG Engine               - JRE Vendor Name: Oracle Corporation
13:16:21.200 [JavaFX Application Thread] DEBUG Engine               - Running on OS: Windows 10 version 10.0
13:16:21.200 [JavaFX Application Thread] DEBUG Engine               - Architecture: amd64
13:16:21.200 [JavaFX Application Thread] INFO  Engine               - Source code and latest versions at: https://github.com/AlmasB/FXGL
13:16:21.200 [JavaFX Application Thread] INFO  Engine               -              Join the FXGL chat at: https://gitter.im/AlmasB/FXGL
13:16:21.306 [JavaFX Application Thread] DEBUG PrimaryStageWindow   - Creating a JavaFX scene
13:16:21.344 [JavaFX Application Thread] DEBUG PrimaryStageWindow   - Target settings size: 704.0 x 704.0
13:16:21.344 [JavaFX Application Thread] DEBUG PrimaryStageWindow   - Scaled scene size:    704.0 x 704.0
13:16:21.344 [JavaFX Application Thread] DEBUG PrimaryStageWindow   - Scaled ratio: (1.0, 1.0)
13:16:21.345 [JavaFX Application Thread] DEBUG PrimaryStageWindow   - Set initial scene to FXGLStartupScene
13:16:21.352 [JavaFX Application Thread] DEBUG PrimaryStageWindow   - Opening main window
13:16:21.437 [JavaFX Application Thread] DEBUG PrimaryStageWindow   - Window border size: (14.4000244140625, 37.5999755859375)
13:16:21.437 [JavaFX Application Thread] DEBUG PrimaryStageWindow   - Scaled size: 704.0 x 704.0
13:16:21.437 [JavaFX Application Thread] DEBUG PrimaryStageWindow   - Scaled ratio: (1.0, 1.0)
13:16:21.437 [JavaFX Application Thread] DEBUG PrimaryStageWindow   - Scene size: 704.0 x 704.0
13:16:21.438 [JavaFX Application Thread] DEBUG PrimaryStageWindow   - Stage size: 718.4000244140625 x 741.5999755859375
13:16:21.446 [FXGL Background Thread 1 ] DEBUG Engine               - Initializing environment variables
13:16:21.517 [FXGL Background Thread 1 ] DEBUG FXGLAssetLoaderServi - User app class for loading assets: class Bomber.BombermanApp
13:16:21.517 [FXGL Background Thread 1 ] DEBUG GameApplicationServi - Applying CSS: fxgl_dark.css
13:16:21.517 [FXGL Background Thread 1 ] DEBUG FXGLAssetLoaderServi - Loading from file system: jar:file:/C:/Users/thinh/.m2/repository/com/github/almasb/fxgl/11.17/fxgl-11.17.jar!/fxglassets/ui/css/fxgl_dark.css
13:16:21.567 [FXGL Background Thread 1 ] DEBUG GameApplicationServi - Initializing application scenes
13:16:21.627 [FXGL Background Thread 1 ] DEBUG GameWorld            - Game world initialized
13:16:21.699 [FXGL Background Thread 1 ] DEBUG PhysicsWorld         - Physics world initialized: appHeight=704, physics.ppm=50.0
13:16:21.699 [FXGL Background Thread 1 ] DEBUG PhysicsWorld         - Using strategy: BRUTE_FORCE
13:16:21.704 [FXGL Background Thread 1 ] DEBUG GameScene            - Game scene initialized: 704x704
13:16:21.717 [FXGL Background Thread 1 ] WARN  FXGL.DefaultMenu     - FXGLDefaultMenu is not designed for resolutions < 800x600
13:16:21.718 [FXGL Background Thread 1 ] DEBUG FXGL.DefaultMenu     - createMenuBodyGameMenu()
13:16:21.735 [FXGL Background Thread 1 ] DEBUG FXGL.DefaultMenu     - createOptionsMenu()
13:16:21.750 [FXGL Background Thread 1 ] DEBUG FXGLAssetLoaderServi - Loading from file system: jar:file:/C:/Users/thinh/.m2/repository/com/github/almasb/fxgl/11.17/fxgl-11.17.jar!/fxglassets/textures/particles/smoke.png
13:16:21.861 [FXGL Background Thread 1 ] DEBUG FXGLAssetLoaderServi - Loading from file system: jar:file:/C:/Users/thinh/.m2/repository/com/github/almasb/fxgl/11.17/fxgl-11.17.jar!/fxglassets/textures/particles/trace_horizontal.png
13:16:21.893 [FXGL Background Thread 1 ] DEBUG GameApplicationServi - Application scenes initialized
13:16:21.901 [FXGL Background Thread 1 ] DEBUG SystemBundleService  - Loading FXGL system data
13:16:21.907 [FXGL Background Thread 1 ] DEBUG FileSystemAccess     - Reading from: D:\Code\ProjectJavaFX\bombermanTu\Bomber\system\fxgl.bundle
13:16:21.912 [FXGL Background Thread 1 ] DEBUG SystemBundleService  - Bundle FXGL: {}
13:16:21.912 [FXGL Background Thread 1 ] DEBUG UpdaterService       - Checking for updates
13:16:21.915 [FXGL Background Thread 4 ] DEBUG FXGLApplication      - Loading fonts
13:16:21.916 [FXGL Background Thread 4 ] DEBUG FXGLAssetLoaderServi - Loading from file system: jar:file:/C:/Users/thinh/.m2/repository/com/github/almasb/fxgl/11.17/fxgl-11.17.jar!/fxglassets/ui/fonts/VarelaRound-Regular.ttf
13:16:21.916 [FXGL Background Thread 1 ] DEBUG FXGLApplication      - Loading default localization
13:16:21.916 [FXGL Background Thread 1 ] DEBUG FXGLAssetLoaderServi - Loading from file system: jar:file:/C:/Users/thinh/.m2/repository/com/github/almasb/fxgl/11.17/fxgl-11.17.jar!/fxglassets/languages/english.lang
13:16:21.935 [FXGL Background Thread 1 ] INFO  FXGLApplication      - FXGL initialization took: 0.489 sec
13:16:21.948 [JavaFX Application Thread] DEBUG Input                - Registered new binding: Move Up - W
13:16:21.949 [JavaFX Application Thread] DEBUG Input                - Registered new binding: Move Down - S
13:16:21.949 [JavaFX Application Thread] DEBUG Input                - Registered new binding: Move Left - A
13:16:21.949 [JavaFX Application Thread] DEBUG Input                - Registered new binding: Move Right - D
13:16:21.949 [JavaFX Application Thread] DEBUG Input                - Registered new binding: Place Bomb - Space
13:16:21.950 [JavaFX Application Thread] DEBUG FXGLAssetLoaderServi - Loading from file system: jar:file:/C:/Users/thinh/.m2/repository/com/github/almasb/fxgl/11.17/fxgl-11.17.jar!/fxglassets/textures/fxgl_icon.png
13:16:21.983 [JavaFX Application Thread] DEBUG FXGLAssetLoaderServi - Loading from file system: jar:file:/C:/Users/thinh/.m2/repository/com/github/almasb/fxgl/11.17/fxgl-11.17.jar!/fxglassets/textures/fxgl_default_cursor.png
13:16:21.986 [JavaFX Application Thread] DEBUG Input                - Registered new binding: Screenshot - CTRL+8
13:16:21.987 [JavaFX Application Thread] DEBUG Input                - Registered new binding: System info dump - CTRL+9
13:16:21.987 [JavaFX Application Thread] DEBUG Input                - Registered new binding: Restart - CTRL+R
13:16:21.989 [JavaFX Application Thread] DEBUG Input                - Registered new binding: Toggle Debug Camera - CTRL+C
13:16:21.992 [JavaFX Application Thread] DEBUG LoopRunner           - Starting loop
13:16:21.992 [JavaFX Application Thread] DEBUG LoopRunner           - Initializing JavaFX AnimationTimerLoop
13:16:21.994 [JavaFX Application Thread] DEBUG GameApplicationServi - Starting new game
13:16:21.994 [JavaFX Application Thread] DEBUG Input                - Clearing active input actions
13:16:22.004 [FXGL Background Thread 4 ] DEBUG FXGLAssetLoaderServi - Loading from file system: jar:file:/C:/Users/thinh/.m2/repository/com/github/almasb/fxgl/11.17/fxgl-11.17.jar!/fxglassets/ui/fonts/Abel-Regular.ttf
13:16:22.004 [JavaFX Application Thread] DEBUG GameApplicationServi - Removing overlay from FXGLStartupScene and adding to FXGLLoadingScene
13:16:22.005 [JavaFX Application Thread] DEBUG PrimaryStageWindow   - FXGLStartupScene -> FXGLLoadingScene
13:16:22.005 [JavaFX Application Thread] DEBUG GameApplicationServi - Clearing previous game
13:16:22.005 [JavaFX Application Thread] DEBUG GameScene            - Clearing game scene
13:16:22.005 [JavaFX Application Thread] DEBUG GameWorld            - Clearing game world
13:16:22.005 [JavaFX Application Thread] DEBUG PhysicsWorld         - Clearing physics world
13:16:22.007 [FXGL Background Thread 1 ] DEBUG FXGLApplication      - Initializing game
13:16:22.023 [FXGL Background Thread 4 ] DEBUG FXGLAssetLoaderServi - Loading from file system: jar:file:/C:/Users/thinh/.m2/repository/com/github/almasb/fxgl/11.17/fxgl-11.17.jar!/fxglassets/ui/fonts/lucida_console.ttf
13:16:22.044 [FXGL Background Thread 4 ] DEBUG FXGLAssetLoaderServi - Loading from file system: jar:file:/C:/Users/thinh/.m2/repository/com/github/almasb/fxgl/11.17/fxgl-11.17.jar!/fxglassets/ui/fonts/Courier-Prime.ttf
13:16:22.080 [FXGL Background Thread 1 ] WARN  TMXLevelLoader       - TiledMap generated from 1.7.2. Supported version: 1.2.3. Some features may not be parsed fully.
13:16:22.106 [FXGL Background Thread 1 ] DEBUG TMXLevelLoader       - Parsed TiledMap: file:/D:/Code/ProjectJavaFX/bombermanTu/Bomber/target/classes/assets/levels/level1.tmx
13:16:22.107 [FXGL Background Thread 1 ] DEBUG TMXLevelLoader       - Creating tile layer entities
13:16:22.108 [FXGL Background Thread 1 ] DEBUG TilesetLoader        - Loading view for layer Tile Layer 1
13:16:22.111 [FXGL Background Thread 1 ] DEBUG TilesetLoader        - Created buffer with size 1280.0x704.0
13:16:22.156 [JavaFX Application Thread] DEBUG FXGLApplication      - Registering font factories with UI factory
13:16:22.250 [FXGL Background Thread 1 ] DEBUG TMXLevelLoader       - Creating object layer entities
13:16:22.255 [FXGL Background Thread 1 ] DEBUG FXGLAssetLoaderServi - Loading from file system: file:/D:/Code/ProjectJavaFX/bombermanTu/Bomber/target/classes/assets/textures/powerup_bombs.png
13:16:22.259 [FXGL Background Thread 1 ] DEBUG FXGLAssetLoaderServi - Loading from file system: file:/D:/Code/ProjectJavaFX/bombermanTu/Bomber/target/classes/assets/textures/powerup_flames.png
13:16:22.260 [FXGL Background Thread 1 ] DEBUG FXGLAssetLoaderServi - Loading from file system: file:/D:/Code/ProjectJavaFX/bombermanTu/Bomber/target/classes/assets/textures/powerup_speed.png
13:16:22.261 [FXGL Background Thread 1 ] DEBUG FXGLAssetLoaderServi - Loading from file system: file:/D:/Code/ProjectJavaFX/bombermanTu/Bomber/target/classes/assets/textures/powerup_flamepass.png
13:16:22.262 [FXGL Background Thread 1 ] DEBUG FXGLAssetLoaderServi - Loading from file system: file:/D:/Code/ProjectJavaFX/bombermanTu/Bomber/target/classes/assets/textures/portal.png
13:16:22.296 [FXGL Background Thread 1 ] DEBUG FXGLAssetLoaderServi - Loading from file system: file:/D:/Code/ProjectJavaFX/bombermanTu/Bomber/target/classes/assets/textures/player_die.png
13:16:22.298 [FXGL Background Thread 1 ] DEBUG FXGLAssetLoaderServi - Loading from file system: file:/D:/Code/ProjectJavaFX/bombermanTu/Bomber/target/classes/assets/textures/player_down.png
13:16:22.300 [FXGL Background Thread 1 ] DEBUG FXGLAssetLoaderServi - Loading from file system: file:/D:/Code/ProjectJavaFX/bombermanTu/Bomber/target/classes/assets/textures/player_right.png
13:16:22.301 [FXGL Background Thread 1 ] DEBUG FXGLAssetLoaderServi - Loading from file system: file:/D:/Code/ProjectJavaFX/bombermanTu/Bomber/target/classes/assets/textures/player_up.png
13:16:22.302 [FXGL Background Thread 1 ] DEBUG FXGLAssetLoaderServi - Loading from file system: file:/D:/Code/ProjectJavaFX/bombermanTu/Bomber/target/classes/assets/textures/player_left.png
13:16:22.308 [FXGL Background Thread 1 ] WARN  Entity               - Entity already has component: com.almasb.fxgl.physics.PhysicsComponent
13:16:22.310 [FXGL Background Thread 1 ] DEBUG FXGLAssetLoaderServi - Loading from file system: file:/D:/Code/ProjectJavaFX/bombermanTu/Bomber/target/classes/assets/textures/brick.png
13:16:22.343 [FXGL Background Thread 1 ] DEBUG GameWorld            - Clearing removable entities
13:16:22.344 [FXGL Background Thread 1 ] DEBUG GameWorld            - Setting level: com.almasb.fxgl.entity.level.Level@797a4b42
13:16:22.362 [FXGL Background Thread 1 ] INFO  FXGLApplication      - Game initialization took: 0.355 sec
13:16:22.363 [JavaFX Application Thread] DEBUG Input                - Clearing active input actions
13:16:22.380 [JavaFX Application Thread] DEBUG GameApplicationServi - Removing overlay from FXGLLoadingScene and adding to GameScene
13:16:22.381 [JavaFX Application Thread] DEBUG PrimaryStageWindow   - FXGLLoadingScene -> GameScene
13:16:23.919 [JavaFX Application Thread] DEBUG FXGLAssetLoaderServi - Loading from file system: file:/D:/Code/ProjectJavaFX/bombermanTu/Bomber/target/classes/assets/textures/bomb_ani.png
13:16:24.914 [FXGL Background Thread 3 ] DEBUG Engine               - Logging environment variables
13:16:24.914 [FXGL Background Thread 3 ] DEBUG Engine               - achievements: []
13:16:24.915 [FXGL Background Thread 3 ] DEBUG Engine               - actualHeight: 704.0
13:16:24.915 [FXGL Background Thread 3 ] DEBUG Engine               - actualHeightProperty: ReadOnlyDoubleProperty [value: 704.0]
13:16:24.915 [FXGL Background Thread 3 ] DEBUG Engine               - actualWidth: 704.0
13:16:24.915 [FXGL Background Thread 3 ] DEBUG Engine               - actualWidthProperty: ReadOnlyDoubleProperty [value: 704.0]
13:16:24.916 [FXGL Background Thread 3 ] DEBUG Engine               - appIcon: fxgl_icon.png
13:16:24.916 [FXGL Background Thread 3 ] DEBUG Engine               - applicationMode: DEVELOPER
13:16:24.916 [FXGL Background Thread 3 ] DEBUG Engine               - cSSList: [fxgl_dark.css]
13:16:24.916 [FXGL Background Thread 3 ] DEBUG Engine               - collisionDetectionStrategy: BRUTE_FORCE
13:16:24.916 [FXGL Background Thread 3 ] DEBUG Engine               - configClass: Optional.empty
13:16:24.916 [FXGL Background Thread 3 ] DEBUG Engine               - credits: []
13:16:24.916 [FXGL Background Thread 3 ] DEBUG Engine               - defaultCursor: CursorInfo(imageName=fxgl_default_cursor.png, hotspotX=7.0, hotspotY=6.0)
13:16:24.917 [FXGL Background Thread 3 ] DEBUG Engine               - devBBoxColorProperty: ObjectProperty [value: 0xff0000ff]
13:16:24.917 [FXGL Background Thread 3 ] DEBUG Engine               - devEnableDebugCameraProperty: BooleanProperty [value: false]
13:16:24.917 [FXGL Background Thread 3 ] DEBUG Engine               - devSensorColorProperty: ObjectProperty [value: 0xffff00ff]
13:16:24.917 [FXGL Background Thread 3 ] DEBUG Engine               - devShowBBoxProperty: BooleanProperty [value: false]
13:16:24.917 [FXGL Background Thread 3 ] DEBUG Engine               - devShowPositionProperty: BooleanProperty [value: false]
13:16:24.917 [FXGL Background Thread 3 ] DEBUG Engine               - enabledMenuItems: []
13:16:24.918 [FXGL Background Thread 3 ] DEBUG Engine               - engineServices: [class com.almasb.fxgl.app.services.FXGLAssetLoaderService, class com.almasb.fxgl.app.FXGLApplication$GameApplicationService, class com.almasb.fxgl.app.services.FXGLDialogService, class com.almasb.fxgl.app.services.IOTaskExecutorService, class com.almasb.fxgl.io.FileSystemService, class com.almasb.fxgl.localization.LocalizationService, class com.almasb.fxgl.app.services.SystemBundleService, class com.almasb.fxgl.profile.SaveLoadService, class com.almasb.fxgl.ui.FXGLUIFactoryServiceProvider, class com.almasb.fxgl.ui.FXGLDialogFactoryServiceProvider, class com.almasb.fxgl.audio.AudioPlayer, class com.almasb.fxgl.notification.impl.NotificationServiceProvider, class com.almasb.fxgl.achievement.AchievementService, class com.almasb.fxgl.cutscene.CutsceneService, class com.almasb.fxgl.minigames.MiniGameService, class com.almasb.fxgl.net.NetService, class com.almasb.fxgl.app.services.UpdaterService, class com.almasb.fxgl.dev.DevService]
13:16:24.918 [FXGL Background Thread 3 ] DEBUG Engine               - fontGame: Abel-Regular.ttf
13:16:24.918 [FXGL Background Thread 3 ] DEBUG Engine               - fontMono: lucida_console.ttf
13:16:24.918 [FXGL Background Thread 3 ] DEBUG Engine               - fontText: Courier-Prime.ttf
13:16:24.918 [FXGL Background Thread 3 ] DEBUG Engine               - fontUI: VarelaRound-Regular.ttf
13:16:24.918 [FXGL Background Thread 3 ] DEBUG Engine               - fullScreen: BooleanProperty [value: false]
13:16:24.918 [FXGL Background Thread 3 ] DEBUG Engine               - gameDifficulty: MEDIUM
13:16:24.918 [FXGL Background Thread 3 ] DEBUG Engine               - gameDifficultyProperty: ObjectProperty [value: MEDIUM]
13:16:24.918 [FXGL Background Thread 3 ] DEBUG Engine               - globalMusicVolume: 0.5
13:16:24.919 [FXGL Background Thread 3 ] DEBUG Engine               - globalMusicVolumeProperty: DoubleProperty [value: 0.5]
13:16:24.919 [FXGL Background Thread 3 ] DEBUG Engine               - globalSoundVolume: 0.5
13:16:24.919 [FXGL Background Thread 3 ] DEBUG Engine               - globalSoundVolumeProperty: DoubleProperty [value: 0.5]
13:16:24.919 [FXGL Background Thread 3 ] DEBUG Engine               - height: 704
13:16:24.919 [FXGL Background Thread 3 ] DEBUG Engine               - is3D: false
13:16:24.919 [FXGL Background Thread 3 ] DEBUG Engine               - isAndroid: false
13:16:24.919 [FXGL Background Thread 3 ] DEBUG Engine               - isBrowser: false
13:16:24.919 [FXGL Background Thread 3 ] DEBUG Engine               - isClickFeedbackEnabled: false
13:16:24.920 [FXGL Background Thread 3 ] DEBUG Engine               - isCloseConfirmation: false
13:16:24.920 [FXGL Background Thread 3 ] DEBUG Engine               - isDesktop: true
13:16:24.920 [FXGL Background Thread 3 ] DEBUG Engine               - isDeveloperMenuEnabled: false
13:16:24.920 [FXGL Background Thread 3 ] DEBUG Engine               - isEntityPreloadEnabled: true
13:16:24.920 [FXGL Background Thread 3 ] DEBUG Engine               - isExperimentalTiledLargeMap: false
13:16:24.920 [FXGL Background Thread 3 ] DEBUG Engine               - isFileSystemWriteAllowed: true
13:16:24.920 [FXGL Background Thread 3 ] DEBUG Engine               - isFullScreenAllowed: false
13:16:24.920 [FXGL Background Thread 3 ] DEBUG Engine               - isFullScreenFromStart: false
13:16:24.920 [FXGL Background Thread 3 ] DEBUG Engine               - isGameMenuEnabled: true
13:16:24.920 [FXGL Background Thread 3 ] DEBUG Engine               - isIOS: false
13:16:24.920 [FXGL Background Thread 3 ] DEBUG Engine               - isIntroEnabled: false
13:16:24.920 [FXGL Background Thread 3 ] DEBUG Engine               - isLinux: false
13:16:24.920 [FXGL Background Thread 3 ] DEBUG Engine               - isMac: false
13:16:24.920 [FXGL Background Thread 3 ] DEBUG Engine               - isMainMenuEnabled: false
13:16:24.920 [FXGL Background Thread 3 ] DEBUG Engine               - isManualResizeEnabled: false
13:16:24.920 [FXGL Background Thread 3 ] DEBUG Engine               - isMobile: false
13:16:24.920 [FXGL Background Thread 3 ] DEBUG Engine               - isNative: false
13:16:24.920 [FXGL Background Thread 3 ] DEBUG Engine               - isPauseMusicWhenMinimized: true
13:16:24.921 [FXGL Background Thread 3 ] DEBUG Engine               - isPreserveResizeRatio: false
13:16:24.921 [FXGL Background Thread 3 ] DEBUG Engine               - isProfilingEnabled: false
13:16:24.921 [FXGL Background Thread 3 ] DEBUG Engine               - isScaleAffectedOnResize: true
13:16:24.921 [FXGL Background Thread 3 ] DEBUG Engine               - isSingleStep: false
13:16:24.921 [FXGL Background Thread 3 ] DEBUG Engine               - isUserProfileEnabled: false
13:16:24.921 [FXGL Background Thread 3 ] DEBUG Engine               - isWindows: true
13:16:24.921 [FXGL Background Thread 3 ] DEBUG Engine               - language: ObjectProperty [value: ENGLISH]
13:16:24.921 [FXGL Background Thread 3 ] DEBUG Engine               - menuKey: ESCAPE
13:16:24.921 [FXGL Background Thread 3 ] DEBUG Engine               - mouseSensitivity: 0.2
13:16:24.921 [FXGL Background Thread 3 ] DEBUG Engine               - notificationViewClass: class com.almasb.fxgl.notification.view.XboxNotificationView
13:16:24.921 [FXGL Background Thread 3 ] DEBUG Engine               - pixelsPerMeter: 50.0
13:16:24.921 [FXGL Background Thread 3 ] DEBUG Engine               - platform: WINDOWS
13:16:24.921 [FXGL Background Thread 3 ] DEBUG Engine               - prefHeightProperty: ReadOnlyDoubleProperty [value: 704.0]
13:16:24.921 [FXGL Background Thread 3 ] DEBUG Engine               - prefWidthProperty: ReadOnlyDoubleProperty [value: 704.0]
13:16:24.922 [FXGL Background Thread 3 ] DEBUG Engine               - profileDir: profiles/
13:16:24.922 [FXGL Background Thread 3 ] DEBUG Engine               - profileName: StringProperty [value: DEFAULT]
13:16:24.922 [FXGL Background Thread 3 ] DEBUG Engine               - randomSeed: -1
13:16:24.922 [FXGL Background Thread 3 ] DEBUG Engine               - runtimeInfo: RuntimeInfo(platform=WINDOWS, version=11.17, build=16.07.2021 15.46)
13:16:24.922 [FXGL Background Thread 3 ] DEBUG Engine               - saveFileExt: sav
13:16:24.922 [FXGL Background Thread 3 ] DEBUG Engine               - scaledHeightProp$fxgl: DoubleProperty [bound, value: 704.0]
13:16:24.922 [FXGL Background Thread 3 ] DEBUG Engine               - scaledWidthProp$fxgl: DoubleProperty [bound, value: 704.0]
13:16:24.922 [FXGL Background Thread 3 ] DEBUG Engine               - sceneFactory: com.almasb.fxgl.app.scene.SceneFactory@34f8882a
13:16:24.922 [FXGL Background Thread 3 ] DEBUG Engine               - secondsIn24h: 60
13:16:24.922 [FXGL Background Thread 3 ] DEBUG Engine               - soundMenuBack: menu/back.wav
13:16:24.922 [FXGL Background Thread 3 ] DEBUG Engine               - soundMenuPress: menu/press.wav
13:16:24.922 [FXGL Background Thread 3 ] DEBUG Engine               - soundMenuSelect: menu/select.wav
13:16:24.922 [FXGL Background Thread 3 ] DEBUG Engine               - soundNotification: core/notification.wav
13:16:24.923 [FXGL Background Thread 3 ] DEBUG Engine               - stageStyle: DECORATED
13:16:24.923 [FXGL Background Thread 3 ] DEBUG Engine               - supportedLanguages: [ENGLISH, FRENCH, GERMAN, HUNGARIAN, RUSSIAN]
13:16:24.923 [FXGL Background Thread 3 ] DEBUG Engine               - ticksPerSecond: -1
13:16:24.923 [FXGL Background Thread 3 ] DEBUG Engine               - title: Bomberman
13:16:24.923 [FXGL Background Thread 3 ] DEBUG Engine               - urlGithub: https://github.com/AlmasB/FXGL
13:16:24.923 [FXGL Background Thread 3 ] DEBUG Engine               - urlLeaderboard: http://fxgl-top.herokuapp.com/
13:16:24.923 [FXGL Background Thread 3 ] DEBUG Engine               - urlPOM: https://raw.githubusercontent.com/AlmasB/FXGL/release/README.md
13:16:24.923 [FXGL Background Thread 3 ] DEBUG Engine               - userAppClass: class Bomber.BombermanApp
13:16:24.923 [FXGL Background Thread 3 ] DEBUG Engine               - version: 0.0
13:16:24.923 [FXGL Background Thread 3 ] DEBUG Engine               - versionCheckDays: 7
13:16:24.923 [FXGL Background Thread 3 ] DEBUG Engine               - width: 704
13:16:24.923 [FXGL Background Thread 3 ] DEBUG Engine               - Logging services
13:16:24.923 [FXGL Background Thread 3 ] DEBUG Engine               - class com.almasb.fxgl.app.services.FXGLAssetLoaderService
13:16:24.923 [FXGL Background Thread 3 ] DEBUG Engine               - class com.almasb.fxgl.app.FXGLApplication$GameApplicationService
13:16:24.923 [FXGL Background Thread 3 ] DEBUG Engine               - class com.almasb.fxgl.app.services.FXGLDialogService
13:16:24.924 [FXGL Background Thread 3 ] DEBUG Engine               - class com.almasb.fxgl.app.services.IOTaskExecutorService
13:16:24.924 [FXGL Background Thread 3 ] DEBUG Engine               - class com.almasb.fxgl.io.FileSystemService
13:16:24.924 [FXGL Background Thread 3 ] DEBUG Engine               - class com.almasb.fxgl.localization.LocalizationService
13:16:24.924 [FXGL Background Thread 3 ] DEBUG Engine               - class com.almasb.fxgl.app.services.SystemBundleService
13:16:24.924 [FXGL Background Thread 3 ] DEBUG Engine               - class com.almasb.fxgl.profile.SaveLoadService
13:16:24.924 [FXGL Background Thread 3 ] DEBUG Engine               - class com.almasb.fxgl.ui.FXGLUIFactoryServiceProvider
13:16:24.924 [FXGL Background Thread 3 ] DEBUG Engine               - class com.almasb.fxgl.ui.FXGLDialogFactoryServiceProvider
13:16:24.924 [FXGL Background Thread 3 ] DEBUG Engine               - class com.almasb.fxgl.audio.AudioPlayer
13:16:24.924 [FXGL Background Thread 3 ] DEBUG Engine               - class com.almasb.fxgl.notification.impl.NotificationServiceProvider
13:16:24.924 [FXGL Background Thread 3 ] DEBUG Engine               - class com.almasb.fxgl.achievement.AchievementService
13:16:24.924 [FXGL Background Thread 3 ] DEBUG Engine               - class com.almasb.fxgl.cutscene.CutsceneService
13:16:24.924 [FXGL Background Thread 3 ] DEBUG Engine               - class com.almasb.fxgl.minigames.MiniGameService
13:16:24.925 [FXGL Background Thread 3 ] DEBUG Engine               - class com.almasb.fxgl.net.NetService
13:16:24.925 [FXGL Background Thread 3 ] DEBUG Engine               - class com.almasb.fxgl.app.services.UpdaterService
13:16:24.925 [FXGL Background Thread 3 ] DEBUG Engine               - class com.almasb.fxgl.dev.DevService
13:16:26.194 [JavaFX Application Thread] DEBUG FXGLAssetLoaderServi - Loading from file system: file:/D:/Code/ProjectJavaFX/bombermanTu/Bomber/target/classes/assets/textures/bomb_exploded_1.png
13:16:26.202 [JavaFX Application Thread] DEBUG FXGLAssetLoaderServi - Loading from file system: file:/D:/Code/ProjectJavaFX/bombermanTu/Bomber/target/classes/assets/textures/brick_break.png
13:16:36.305 [JavaFX Application Thread] DEBUG FXGLAssetLoaderServi - Loading from file system: file:/D:/Code/ProjectJavaFX/bombermanTu/Bomber/target/classes/assets/textures/player_down_1.png
13:16:36.306 [JavaFX Application Thread] DEBUG FXGLAssetLoaderServi - Loading from file system: file:/D:/Code/ProjectJavaFX/bombermanTu/Bomber/target/classes/assets/textures/player_right_1.png
13:16:36.307 [JavaFX Application Thread] DEBUG FXGLAssetLoaderServi - Loading from file system: file:/D:/Code/ProjectJavaFX/bombermanTu/Bomber/target/classes/assets/textures/player_up_1.png
13:16:36.308 [JavaFX Application Thread] DEBUG FXGLAssetLoaderServi - Loading from file system: file:/D:/Code/ProjectJavaFX/bombermanTu/Bomber/target/classes/assets/textures/player_left_1.png
13:16:59.294 [JavaFX Application Thread] DEBUG FXGLApplication      - Exiting FXGL
13:16:59.294 [JavaFX Application Thread] DEBUG LoopRunner           - Stopping loop
13:16:59.294 [JavaFX Application Thread] DEBUG SystemBundleService  - Saving FXGL system data
13:16:59.295 [JavaFX Application Thread] DEBUG FileSystemAccess     - Writing to: D:\Code\ProjectJavaFX\bombermanTu\Bomber\system\fxgl.bundle
13:16:59.296 [JavaFX Application Thread] DEBUG Async                - Shutting down background threads
13:16:59.297 [JavaFX Application Thread] DEBUG PrimaryStageWindow   - Closing main window
13:16:59.308 [JavaFX Application Thread] DEBUG Logger               - Closing Logger
