01:47:37.821 [main                     ] DEBUG Logger               - Configured Logger
01:47:37.831 [main                     ] DEBUG GameApplication      - Logging settings
Title: BOMBERMAN
Version: 1.0
Width: 720
Height: 720
Fullscreen: false
Intro: false
Profiling: false
Single step:false
App Mode: DEVELOPER
Menu Key: ESCAPE
Stage Style: DECORATED
Scene Factory: class Bomber.BombermanApp$1

01:47:38.170 [JavaFX Application Thread] DEBUG FXGLApplication      - Initializing FXGL
01:47:38.172 [JavaFX Application Thread] INFO  Engine               - FXGL-11.17 (16.07.2021 15.46) on WINDOWS (J:17.0.1 FX:16)
01:47:38.173 [JavaFX Application Thread] DEBUG Engine               - JRE Vendor Name: Oracle Corporation
01:47:38.173 [JavaFX Application Thread] DEBUG Engine               - Running on OS: Windows 10 version 10.0
01:47:38.173 [JavaFX Application Thread] DEBUG Engine               - Architecture: amd64
01:47:38.173 [JavaFX Application Thread] INFO  Engine               - Source code and latest versions at: https://github.com/AlmasB/FXGL
01:47:38.173 [JavaFX Application Thread] INFO  Engine               -              Join the FXGL chat at: https://gitter.im/AlmasB/FXGL
01:47:38.281 [JavaFX Application Thread] DEBUG PrimaryStageWindow   - Creating a JavaFX scene
01:47:38.320 [JavaFX Application Thread] DEBUG PrimaryStageWindow   - Target settings size: 720.0 x 720.0
01:47:38.320 [JavaFX Application Thread] DEBUG PrimaryStageWindow   - Scaled scene size:    720.0 x 720.0
01:47:38.321 [JavaFX Application Thread] DEBUG PrimaryStageWindow   - Scaled ratio: (1.0, 1.0)
01:47:38.321 [JavaFX Application Thread] DEBUG PrimaryStageWindow   - Set initial scene to FXGLStartupScene
01:47:38.328 [JavaFX Application Thread] DEBUG PrimaryStageWindow   - Opening main window
01:47:38.404 [JavaFX Application Thread] DEBUG PrimaryStageWindow   - Window border size: (14.4000244140625, 37.5999755859375)
01:47:38.404 [JavaFX Application Thread] DEBUG PrimaryStageWindow   - Scaled size: 720.0 x 720.0
01:47:38.404 [JavaFX Application Thread] DEBUG PrimaryStageWindow   - Scaled ratio: (1.0, 1.0)
01:47:38.404 [JavaFX Application Thread] DEBUG PrimaryStageWindow   - Scene size: 720.0 x 720.0
01:47:38.405 [JavaFX Application Thread] DEBUG PrimaryStageWindow   - Stage size: 734.4000244140625 x 757.5999755859375
01:47:38.411 [FXGL Background Thread 1 ] DEBUG Engine               - Initializing environment variables
01:47:38.490 [FXGL Background Thread 1 ] DEBUG FXGLAssetLoaderServi - User app class for loading assets: class Bomber.BombermanApp
01:47:38.490 [FXGL Background Thread 1 ] DEBUG GameApplicationServi - Applying CSS: fxgl_dark.css
01:47:38.491 [FXGL Background Thread 1 ] DEBUG FXGLAssetLoaderServi - Loading from file system: jar:file:/C:/Users/thinh/.m2/repository/com/github/almasb/fxgl/11.17/fxgl-11.17.jar!/fxglassets/ui/css/fxgl_dark.css
01:47:38.545 [FXGL Background Thread 1 ] DEBUG GameApplicationServi - Initializing application scenes
01:47:38.613 [FXGL Background Thread 1 ] DEBUG GameWorld            - Game world initialized
01:47:38.681 [FXGL Background Thread 1 ] DEBUG PhysicsWorld         - Physics world initialized: appHeight=720, physics.ppm=50.0
01:47:38.682 [FXGL Background Thread 1 ] DEBUG PhysicsWorld         - Using strategy: BRUTE_FORCE
01:47:38.690 [FXGL Background Thread 1 ] DEBUG GameScene            - Game scene initialized: 720x720
01:47:38.769 [FXGL Background Thread 1 ] DEBUG GameApplicationServi - Application scenes initialized
01:47:38.778 [FXGL Background Thread 1 ] DEBUG SystemBundleService  - Loading FXGL system data
01:47:38.784 [FXGL Background Thread 1 ] DEBUG FileSystemAccess     - Reading from: D:\Code\ProjectJavaFX\bomberman\Bomber\system\fxgl.bundle
01:47:38.790 [FXGL Background Thread 1 ] DEBUG SystemBundleService  - Bundle FXGL: {}
01:47:38.790 [FXGL Background Thread 1 ] DEBUG UpdaterService       - Checking for updates
01:47:38.795 [FXGL Background Thread 4 ] DEBUG FXGLApplication      - Loading fonts
01:47:38.795 [FXGL Background Thread 4 ] DEBUG FXGLAssetLoaderServi - Loading from file system: file:/D:/Code/ProjectJavaFX/bomberman/Bomber/target/classes/assets/ui/fonts/Quinquefive-Ea6d4.ttf
01:47:38.795 [FXGL Background Thread 1 ] DEBUG FXGLApplication      - Loading default localization
01:47:38.796 [FXGL Background Thread 1 ] DEBUG FXGLAssetLoaderServi - Loading from file system: jar:file:/C:/Users/thinh/.m2/repository/com/github/almasb/fxgl/11.17/fxgl-11.17.jar!/fxglassets/languages/english.lang
01:47:38.822 [FXGL Background Thread 1 ] INFO  FXGLApplication      - FXGL initialization took: 0.411 sec
01:47:38.835 [JavaFX Application Thread] DEBUG Input                - Registered new binding: Move Up - W
01:47:38.836 [JavaFX Application Thread] DEBUG Input                - Registered new binding: Move Down - S
01:47:38.836 [JavaFX Application Thread] DEBUG Input                - Registered new binding: Move Left - A
01:47:38.836 [JavaFX Application Thread] DEBUG Input                - Registered new binding: Move Right - D
01:47:38.837 [JavaFX Application Thread] DEBUG Input                - Registered new binding: Place Bomb - Space
01:47:38.837 [JavaFX Application Thread] DEBUG FXGLAssetLoaderServi - Loading from file system: file:/D:/Code/ProjectJavaFX/bomberman/Bomber/target/classes/assets/music/title_screen.mp3
01:47:38.891 [FXGL Background Thread 4 ] DEBUG FXGLAssetLoaderServi - Loading from file system: jar:file:/C:/Users/thinh/.m2/repository/com/github/almasb/fxgl/11.17/fxgl-11.17.jar!/fxglassets/ui/fonts/Abel-Regular.ttf
01:47:38.909 [FXGL Background Thread 4 ] DEBUG FXGLAssetLoaderServi - Loading from file system: jar:file:/C:/Users/thinh/.m2/repository/com/github/almasb/fxgl/11.17/fxgl-11.17.jar!/fxglassets/ui/fonts/lucida_console.ttf
01:47:38.928 [FXGL Background Thread 4 ] DEBUG FXGLAssetLoaderServi - Loading from file system: jar:file:/C:/Users/thinh/.m2/repository/com/github/almasb/fxgl/11.17/fxgl-11.17.jar!/fxglassets/ui/fonts/Courier-Prime.ttf
01:47:38.998 [JavaFX Application Thread] DEBUG AudioPlayer          - Playing music com.almasb.fxgl.audio.Music@43a53f88
01:47:38.999 [JavaFX Application Thread] DEBUG FXGLAssetLoaderServi - Loading from file system: jar:file:/C:/Users/thinh/.m2/repository/com/github/almasb/fxgl/11.17/fxgl-11.17.jar!/fxglassets/textures/fxgl_icon.png
01:47:39.021 [JavaFX Application Thread] DEBUG FXGLAssetLoaderServi - Loading from file system: jar:file:/C:/Users/thinh/.m2/repository/com/github/almasb/fxgl/11.17/fxgl-11.17.jar!/fxglassets/textures/fxgl_default_cursor.png
01:47:39.023 [JavaFX Application Thread] DEBUG Input                - Registered new binding: Screenshot - CTRL+8
01:47:39.023 [JavaFX Application Thread] DEBUG Input                - Registered new binding: System info dump - CTRL+9
01:47:39.024 [JavaFX Application Thread] DEBUG Input                - Registered new binding: Restart - CTRL+R
01:47:39.024 [JavaFX Application Thread] DEBUG Input                - Registered new binding: Toggle Debug Camera - CTRL+C
01:47:39.026 [JavaFX Application Thread] DEBUG LoopRunner           - Starting loop
01:47:39.026 [JavaFX Application Thread] DEBUG LoopRunner           - Initializing JavaFX AnimationTimerLoop
01:47:39.028 [JavaFX Application Thread] DEBUG Input                - Clearing active input actions
01:47:39.035 [JavaFX Application Thread] DEBUG GameApplicationServi - Removing overlay from FXGLStartupScene and adding to FXGLMainMenuDummyScene
01:47:39.035 [JavaFX Application Thread] DEBUG PrimaryStageWindow   - FXGLStartupScene -> FXGLMainMenuDummyScene
01:47:39.035 [JavaFX Application Thread] DEBUG PrimaryStageWindow   - Push state: BombermanMenu
01:47:39.036 [JavaFX Application Thread] DEBUG Input                - Clearing active input actions
01:47:39.039 [JavaFX Application Thread] DEBUG GameApplicationServi - Removing overlay from FXGLMainMenuDummyScene and adding to BombermanMenu
01:47:39.039 [JavaFX Application Thread] DEBUG PrimaryStageWindow   - FXGLMainMenuDummyScene -> BombermanMenu
01:47:39.039 [JavaFX Application Thread] DEBUG FXGLApplication      - Registering font factories with UI factory
01:47:40.865 [JavaFX Application Thread] DEBUG Menu                 - fireNewGame()
01:47:40.865 [JavaFX Application Thread] DEBUG GameApplicationServi - Starting new game
01:47:40.866 [JavaFX Application Thread] DEBUG PrimaryStageWindow   - Pop state: BombermanMenu
01:47:40.866 [JavaFX Application Thread] DEBUG Input                - Clearing active input actions
01:47:40.866 [JavaFX Application Thread] DEBUG GameApplicationServi - Removing overlay from BombermanMenu and adding to FXGLMainMenuDummyScene
01:47:40.866 [JavaFX Application Thread] DEBUG PrimaryStageWindow   - FXGLMainMenuDummyScene <- BombermanMenu
01:47:40.867 [JavaFX Application Thread] DEBUG Input                - Clearing active input actions
01:47:40.872 [JavaFX Application Thread] DEBUG GameApplicationServi - Removing overlay from FXGLMainMenuDummyScene and adding to FXGLLoadingScene
01:47:40.872 [JavaFX Application Thread] DEBUG PrimaryStageWindow   - FXGLMainMenuDummyScene -> FXGLLoadingScene
01:47:40.872 [JavaFX Application Thread] DEBUG GameApplicationServi - Clearing previous game
01:47:40.872 [JavaFX Application Thread] DEBUG GameScene            - Clearing game scene
01:47:40.873 [JavaFX Application Thread] DEBUG GameWorld            - Clearing game world
01:47:40.873 [JavaFX Application Thread] DEBUG PhysicsWorld         - Clearing physics world
01:47:40.876 [FXGL Background Thread 2 ] DEBUG FXGLApplication      - Initializing game
01:47:40.927 [FXGL Background Thread 2 ] WARN  TMXLevelLoader       - TiledMap generated from 1.7.2. Supported version: 1.2.3. Some features may not be parsed fully.
01:47:40.954 [FXGL Background Thread 2 ] DEBUG TMXLevelLoader       - Parsed TiledMap: file:/D:/Code/ProjectJavaFX/bomberman/Bomber/target/classes/assets/levels/bbm_level1.tmx
01:47:40.956 [FXGL Background Thread 2 ] DEBUG TMXLevelLoader       - Creating tile layer entities
01:47:40.957 [FXGL Background Thread 2 ] DEBUG TilesetLoader        - Loading view for layer Tile Layer 1
01:47:40.962 [FXGL Background Thread 2 ] DEBUG TilesetLoader        - Created buffer with size 1488.0x720.0
01:47:41.087 [FXGL Background Thread 2 ] DEBUG TMXLevelLoader       - Creating object layer entities
01:47:41.108 [FXGL Background Thread 2 ] DEBUG FXGLAssetLoaderServi - Loading from file system: file:/D:/Code/ProjectJavaFX/bomberman/Bomber/target/classes/assets/textures/player_die.png
01:47:41.110 [FXGL Background Thread 2 ] DEBUG FXGLAssetLoaderServi - Loading from file system: file:/D:/Code/ProjectJavaFX/bomberman/Bomber/target/classes/assets/textures/player_down.png
01:47:41.112 [FXGL Background Thread 2 ] DEBUG FXGLAssetLoaderServi - Loading from file system: file:/D:/Code/ProjectJavaFX/bomberman/Bomber/target/classes/assets/textures/player_right.png
01:47:41.113 [FXGL Background Thread 2 ] DEBUG FXGLAssetLoaderServi - Loading from file system: file:/D:/Code/ProjectJavaFX/bomberman/Bomber/target/classes/assets/textures/player_up.png
01:47:41.115 [FXGL Background Thread 2 ] DEBUG FXGLAssetLoaderServi - Loading from file system: file:/D:/Code/ProjectJavaFX/bomberman/Bomber/target/classes/assets/textures/player_left.png
01:47:41.119 [FXGL Background Thread 2 ] WARN  Entity               - Entity already has component: com.almasb.fxgl.physics.PhysicsComponent
01:47:41.120 [FXGL Background Thread 2 ] DEBUG FXGLAssetLoaderServi - Loading from file system: file:/D:/Code/ProjectJavaFX/bomberman/Bomber/target/classes/assets/textures/brick.png
01:47:41.138 [FXGL Background Thread 2 ] DEBUG FXGLAssetLoaderServi - Loading from file system: file:/D:/Code/ProjectJavaFX/bomberman/Bomber/target/classes/assets/textures/coral.png
01:47:41.148 [FXGL Background Thread 2 ] DEBUG FXGLAssetLoaderServi - Loading from file system: file:/D:/Code/ProjectJavaFX/bomberman/Bomber/target/classes/assets/textures/balloom.png
01:47:41.231 [FXGL Background Thread 2 ] DEBUG FXGLAssetLoaderServi - Loading from file system: file:/D:/Code/ProjectJavaFX/bomberman/Bomber/target/classes/assets/textures/powerup_speed.png
01:47:41.235 [FXGL Background Thread 2 ] DEBUG FXGLAssetLoaderServi - Loading from file system: file:/D:/Code/ProjectJavaFX/bomberman/Bomber/target/classes/assets/textures/powerup_flames.png
01:47:41.236 [FXGL Background Thread 2 ] DEBUG FXGLAssetLoaderServi - Loading from file system: file:/D:/Code/ProjectJavaFX/bomberman/Bomber/target/classes/assets/textures/powerup_bombs.png
01:47:41.238 [FXGL Background Thread 2 ] DEBUG FXGLAssetLoaderServi - Loading from file system: file:/D:/Code/ProjectJavaFX/bomberman/Bomber/target/classes/assets/textures/powerup_flamepass.png
01:47:41.239 [FXGL Background Thread 2 ] DEBUG FXGLAssetLoaderServi - Loading from file system: file:/D:/Code/ProjectJavaFX/bomberman/Bomber/target/classes/assets/textures/portal.png
01:47:41.241 [FXGL Background Thread 2 ] DEBUG GameWorld            - Clearing removable entities
01:47:41.242 [FXGL Background Thread 2 ] DEBUG GameWorld            - Setting level: com.almasb.fxgl.entity.level.Level@2541d778
01:47:41.306 [FXGL Background Thread 2 ] INFO  FXGLApplication      - Game initialization took: 0.429 sec
01:47:41.306 [JavaFX Application Thread] DEBUG Input                - Clearing active input actions
01:47:41.324 [JavaFX Application Thread] DEBUG GameApplicationServi - Removing overlay from FXGLLoadingScene and adding to GameScene
01:47:41.324 [JavaFX Application Thread] DEBUG PrimaryStageWindow   - FXGLLoadingScene -> GameScene
01:47:41.795 [FXGL Background Thread 3 ] DEBUG Engine               - Logging environment variables
01:47:41.795 [FXGL Background Thread 3 ] DEBUG Engine               - achievements: []
01:47:41.795 [FXGL Background Thread 3 ] DEBUG Engine               - actualHeight: 720.0
01:47:41.796 [FXGL Background Thread 3 ] DEBUG Engine               - actualHeightProperty: ReadOnlyDoubleProperty [value: 720.0]
01:47:41.797 [FXGL Background Thread 3 ] DEBUG Engine               - actualWidth: 720.0
01:47:41.797 [FXGL Background Thread 3 ] DEBUG Engine               - actualWidthProperty: ReadOnlyDoubleProperty [value: 720.0]
01:47:41.798 [FXGL Background Thread 3 ] DEBUG Engine               - appIcon: fxgl_icon.png
01:47:41.799 [FXGL Background Thread 3 ] DEBUG Engine               - applicationMode: DEVELOPER
01:47:41.799 [FXGL Background Thread 3 ] DEBUG Engine               - cSSList: [fxgl_dark.css]
01:47:41.799 [FXGL Background Thread 3 ] DEBUG Engine               - collisionDetectionStrategy: BRUTE_FORCE
01:47:41.799 [FXGL Background Thread 3 ] DEBUG Engine               - configClass: Optional.empty
01:47:41.799 [FXGL Background Thread 3 ] DEBUG Engine               - credits: []
01:47:41.800 [FXGL Background Thread 3 ] DEBUG Engine               - defaultCursor: CursorInfo(imageName=fxgl_default_cursor.png, hotspotX=7.0, hotspotY=6.0)
01:47:41.803 [FXGL Background Thread 3 ] DEBUG Engine               - devBBoxColorProperty: ObjectProperty [value: 0xff0000ff]
01:47:41.803 [FXGL Background Thread 3 ] DEBUG Engine               - devEnableDebugCameraProperty: BooleanProperty [value: false]
01:47:41.803 [FXGL Background Thread 3 ] DEBUG Engine               - devSensorColorProperty: ObjectProperty [value: 0xffff00ff]
01:47:41.803 [FXGL Background Thread 3 ] DEBUG Engine               - devShowBBoxProperty: BooleanProperty [value: false]
01:47:41.803 [FXGL Background Thread 3 ] DEBUG Engine               - devShowPositionProperty: BooleanProperty [value: false]
01:47:41.803 [FXGL Background Thread 3 ] DEBUG Engine               - enabledMenuItems: []
01:47:41.803 [FXGL Background Thread 3 ] DEBUG Engine               - engineServices: [class com.almasb.fxgl.app.services.FXGLAssetLoaderService, class com.almasb.fxgl.app.FXGLApplication$GameApplicationService, class com.almasb.fxgl.app.services.FXGLDialogService, class com.almasb.fxgl.app.services.IOTaskExecutorService, class com.almasb.fxgl.io.FileSystemService, class com.almasb.fxgl.localization.LocalizationService, class com.almasb.fxgl.app.services.SystemBundleService, class com.almasb.fxgl.profile.SaveLoadService, class com.almasb.fxgl.ui.FXGLUIFactoryServiceProvider, class com.almasb.fxgl.ui.FXGLDialogFactoryServiceProvider, class com.almasb.fxgl.audio.AudioPlayer, class com.almasb.fxgl.notification.impl.NotificationServiceProvider, class com.almasb.fxgl.achievement.AchievementService, class com.almasb.fxgl.cutscene.CutsceneService, class com.almasb.fxgl.minigames.MiniGameService, class com.almasb.fxgl.net.NetService, class com.almasb.fxgl.app.services.UpdaterService, class com.almasb.fxgl.dev.DevService]
01:47:41.803 [FXGL Background Thread 3 ] DEBUG Engine               - fontGame: Abel-Regular.ttf
01:47:41.803 [FXGL Background Thread 3 ] DEBUG Engine               - fontMono: lucida_console.ttf
01:47:41.803 [FXGL Background Thread 3 ] DEBUG Engine               - fontText: Courier-Prime.ttf
01:47:41.804 [FXGL Background Thread 3 ] DEBUG Engine               - fontUI: Quinquefive-Ea6d4.ttf
01:47:41.804 [FXGL Background Thread 3 ] DEBUG Engine               - fullScreen: BooleanProperty [value: false]
01:47:41.804 [FXGL Background Thread 3 ] DEBUG Engine               - gameDifficulty: MEDIUM
01:47:41.804 [FXGL Background Thread 3 ] DEBUG Engine               - gameDifficultyProperty: ObjectProperty [value: MEDIUM]
01:47:41.804 [FXGL Background Thread 3 ] DEBUG Engine               - globalMusicVolume: 0.5
01:47:41.804 [FXGL Background Thread 3 ] DEBUG Engine               - globalMusicVolumeProperty: DoubleProperty [value: 0.1]
01:47:41.804 [FXGL Background Thread 3 ] DEBUG Engine               - globalSoundVolume: 0.5
01:47:41.804 [FXGL Background Thread 3 ] DEBUG Engine               - globalSoundVolumeProperty: DoubleProperty [value: 0.1]
01:47:41.804 [FXGL Background Thread 3 ] DEBUG Engine               - height: 720
01:47:41.804 [FXGL Background Thread 3 ] DEBUG Engine               - is3D: false
01:47:41.804 [FXGL Background Thread 3 ] DEBUG Engine               - isAndroid: false
01:47:41.804 [FXGL Background Thread 3 ] DEBUG Engine               - isBrowser: false
01:47:41.804 [FXGL Background Thread 3 ] DEBUG Engine               - isClickFeedbackEnabled: false
01:47:41.804 [FXGL Background Thread 3 ] DEBUG Engine               - isCloseConfirmation: false
01:47:41.804 [FXGL Background Thread 3 ] DEBUG Engine               - isDesktop: true
01:47:41.805 [FXGL Background Thread 3 ] DEBUG Engine               - isDeveloperMenuEnabled: false
01:47:41.805 [FXGL Background Thread 3 ] DEBUG Engine               - isEntityPreloadEnabled: true
01:47:41.805 [FXGL Background Thread 3 ] DEBUG Engine               - isExperimentalTiledLargeMap: false
01:47:41.805 [FXGL Background Thread 3 ] DEBUG Engine               - isFileSystemWriteAllowed: true
01:47:41.805 [FXGL Background Thread 3 ] DEBUG Engine               - isFullScreenAllowed: false
01:47:41.805 [FXGL Background Thread 3 ] DEBUG Engine               - isFullScreenFromStart: false
01:47:41.805 [FXGL Background Thread 3 ] DEBUG Engine               - isGameMenuEnabled: true
01:47:41.805 [FXGL Background Thread 3 ] DEBUG Engine               - isIOS: false
01:47:41.805 [FXGL Background Thread 3 ] DEBUG Engine               - isIntroEnabled: false
01:47:41.805 [FXGL Background Thread 3 ] DEBUG Engine               - isLinux: false
01:47:41.805 [FXGL Background Thread 3 ] DEBUG Engine               - isMac: false
01:47:41.805 [FXGL Background Thread 3 ] DEBUG Engine               - isMainMenuEnabled: true
01:47:41.805 [FXGL Background Thread 3 ] DEBUG Engine               - isManualResizeEnabled: true
01:47:41.805 [FXGL Background Thread 3 ] DEBUG Engine               - isMobile: false
01:47:41.805 [FXGL Background Thread 3 ] DEBUG Engine               - isNative: false
01:47:41.805 [FXGL Background Thread 3 ] DEBUG Engine               - isPauseMusicWhenMinimized: true
01:47:41.806 [FXGL Background Thread 3 ] DEBUG Engine               - isPreserveResizeRatio: true
01:47:41.806 [FXGL Background Thread 3 ] DEBUG Engine               - isProfilingEnabled: false
01:47:41.806 [FXGL Background Thread 3 ] DEBUG Engine               - isScaleAffectedOnResize: true
01:47:41.806 [FXGL Background Thread 3 ] DEBUG Engine               - isSingleStep: false
01:47:41.806 [FXGL Background Thread 3 ] DEBUG Engine               - isUserProfileEnabled: false
01:47:41.806 [FXGL Background Thread 3 ] DEBUG Engine               - isWindows: true
01:47:41.806 [FXGL Background Thread 3 ] DEBUG Engine               - language: ObjectProperty [value: ENGLISH]
01:47:41.806 [FXGL Background Thread 3 ] DEBUG Engine               - menuKey: ESCAPE
01:47:41.806 [FXGL Background Thread 3 ] DEBUG Engine               - mouseSensitivity: 0.2
01:47:41.806 [FXGL Background Thread 3 ] DEBUG Engine               - notificationViewClass: class com.almasb.fxgl.notification.view.XboxNotificationView
01:47:41.806 [FXGL Background Thread 3 ] DEBUG Engine               - pixelsPerMeter: 50.0
01:47:41.806 [FXGL Background Thread 3 ] DEBUG Engine               - platform: WINDOWS
01:47:41.806 [FXGL Background Thread 3 ] DEBUG Engine               - prefHeightProperty: ReadOnlyDoubleProperty [value: 720.0]
01:47:41.806 [FXGL Background Thread 3 ] DEBUG Engine               - prefWidthProperty: ReadOnlyDoubleProperty [value: 720.0]
01:47:41.806 [FXGL Background Thread 3 ] DEBUG Engine               - profileDir: profiles/
01:47:41.806 [FXGL Background Thread 3 ] DEBUG Engine               - profileName: StringProperty [value: DEFAULT]
01:47:41.807 [FXGL Background Thread 3 ] DEBUG Engine               - randomSeed: -1
01:47:41.807 [FXGL Background Thread 3 ] DEBUG Engine               - runtimeInfo: RuntimeInfo(platform=WINDOWS, version=11.17, build=16.07.2021 15.46)
01:47:41.807 [FXGL Background Thread 3 ] DEBUG Engine               - saveFileExt: sav
01:47:41.807 [FXGL Background Thread 3 ] DEBUG Engine               - scaledHeightProp$fxgl: DoubleProperty [bound, value: 720.0]
01:47:41.807 [FXGL Background Thread 3 ] DEBUG Engine               - scaledWidthProp$fxgl: DoubleProperty [bound, value: 720.0]
01:47:41.807 [FXGL Background Thread 3 ] DEBUG Engine               - sceneFactory: Bomber.BombermanApp$1@48c72462
01:47:41.807 [FXGL Background Thread 3 ] DEBUG Engine               - secondsIn24h: 60
01:47:41.807 [FXGL Background Thread 3 ] DEBUG Engine               - soundMenuBack: menu/back.wav
01:47:41.807 [FXGL Background Thread 3 ] DEBUG Engine               - soundMenuPress: menu/press.wav
01:47:41.808 [FXGL Background Thread 3 ] DEBUG Engine               - soundMenuSelect: menu/select.wav
01:47:41.808 [FXGL Background Thread 3 ] DEBUG Engine               - soundNotification: core/notification.wav
01:47:41.808 [FXGL Background Thread 3 ] DEBUG Engine               - stageStyle: DECORATED
01:47:41.808 [FXGL Background Thread 3 ] DEBUG Engine               - supportedLanguages: [ENGLISH, FRENCH, GERMAN, HUNGARIAN, RUSSIAN]
01:47:41.808 [FXGL Background Thread 3 ] DEBUG Engine               - ticksPerSecond: -1
01:47:41.808 [FXGL Background Thread 3 ] DEBUG Engine               - title: BOMBERMAN
01:47:41.808 [FXGL Background Thread 3 ] DEBUG Engine               - urlGithub: https://github.com/AlmasB/FXGL
01:47:41.808 [FXGL Background Thread 3 ] DEBUG Engine               - urlLeaderboard: http://fxgl-top.herokuapp.com/
01:47:41.808 [FXGL Background Thread 3 ] DEBUG Engine               - urlPOM: https://raw.githubusercontent.com/AlmasB/FXGL/release/README.md
01:47:41.808 [FXGL Background Thread 3 ] DEBUG Engine               - userAppClass: class Bomber.BombermanApp
01:47:41.808 [FXGL Background Thread 3 ] DEBUG Engine               - version: 1.0
01:47:41.809 [FXGL Background Thread 3 ] DEBUG Engine               - versionCheckDays: 7
01:47:41.809 [FXGL Background Thread 3 ] DEBUG Engine               - width: 720
01:47:41.809 [FXGL Background Thread 3 ] DEBUG Engine               - Logging services
01:47:41.809 [FXGL Background Thread 3 ] DEBUG Engine               - class com.almasb.fxgl.app.services.FXGLAssetLoaderService
01:47:41.809 [FXGL Background Thread 3 ] DEBUG Engine               - class com.almasb.fxgl.app.FXGLApplication$GameApplicationService
01:47:41.809 [FXGL Background Thread 3 ] DEBUG Engine               - class com.almasb.fxgl.app.services.FXGLDialogService
01:47:41.809 [FXGL Background Thread 3 ] DEBUG Engine               - class com.almasb.fxgl.app.services.IOTaskExecutorService
01:47:41.809 [FXGL Background Thread 3 ] DEBUG Engine               - class com.almasb.fxgl.io.FileSystemService
01:47:41.809 [FXGL Background Thread 3 ] DEBUG Engine               - class com.almasb.fxgl.localization.LocalizationService
01:47:41.809 [FXGL Background Thread 3 ] DEBUG Engine               - class com.almasb.fxgl.app.services.SystemBundleService
01:47:41.809 [FXGL Background Thread 3 ] DEBUG Engine               - class com.almasb.fxgl.profile.SaveLoadService
01:47:41.809 [FXGL Background Thread 3 ] DEBUG Engine               - class com.almasb.fxgl.ui.FXGLUIFactoryServiceProvider
01:47:41.809 [FXGL Background Thread 3 ] DEBUG Engine               - class com.almasb.fxgl.ui.FXGLDialogFactoryServiceProvider
01:47:41.809 [FXGL Background Thread 3 ] DEBUG Engine               - class com.almasb.fxgl.audio.AudioPlayer
01:47:41.809 [FXGL Background Thread 3 ] DEBUG Engine               - class com.almasb.fxgl.notification.impl.NotificationServiceProvider
01:47:41.809 [FXGL Background Thread 3 ] DEBUG Engine               - class com.almasb.fxgl.achievement.AchievementService
01:47:41.810 [FXGL Background Thread 3 ] DEBUG Engine               - class com.almasb.fxgl.cutscene.CutsceneService
01:47:41.810 [FXGL Background Thread 3 ] DEBUG Engine               - class com.almasb.fxgl.minigames.MiniGameService
01:47:41.810 [FXGL Background Thread 3 ] DEBUG Engine               - class com.almasb.fxgl.net.NetService
01:47:41.810 [FXGL Background Thread 3 ] DEBUG Engine               - class com.almasb.fxgl.app.services.UpdaterService
01:47:41.810 [FXGL Background Thread 3 ] DEBUG Engine               - class com.almasb.fxgl.dev.DevService
01:48:10.521 [JavaFX Application Thread] DEBUG FXGLApplication      - Exiting FXGL
01:48:10.521 [JavaFX Application Thread] DEBUG LoopRunner           - Stopping loop
01:48:10.521 [JavaFX Application Thread] DEBUG SystemBundleService  - Saving FXGL system data
01:48:10.523 [JavaFX Application Thread] DEBUG FileSystemAccess     - Writing to: D:\Code\ProjectJavaFX\bomberman\Bomber\system\fxgl.bundle
01:48:10.524 [JavaFX Application Thread] DEBUG Async                - Shutting down background threads
01:48:10.524 [JavaFX Application Thread] DEBUG PrimaryStageWindow   - Closing main window
01:48:10.533 [JavaFX Application Thread] DEBUG Logger               - Closing Logger
