23:09:12.993 [main                     ] DEBUG Logger               - Configured Logger
23:09:12.993 [main                     ] DEBUG GameApplication      - Logging settings
Title: BOMBERMAN
Version: 1.0
Width: 720
Height: 720
Fullscreen: false
Intro: false
Profiling: false
Single step:false
App Mode: DEVELOPER
Menu Key: ESCAPE
Stage Style: DECORATED
Scene Factory: class Bomber.BombermanApp$1

23:09:13.368 [JavaFX Application Thread] DEBUG FXGLApplication      - Initializing FXGL
23:09:13.371 [JavaFX Application Thread] INFO  Engine               - FXGL-11.17 (16.07.2021 15.46) on WINDOWS (J:17.0.1 FX:16)
23:09:13.371 [JavaFX Application Thread] DEBUG Engine               - JRE Vendor Name: Oracle Corporation
23:09:13.371 [JavaFX Application Thread] DEBUG Engine               - Running on OS: Windows 10 version 10.0
23:09:13.371 [JavaFX Application Thread] DEBUG Engine               - Architecture: amd64
23:09:13.371 [JavaFX Application Thread] INFO  Engine               - Source code and latest versions at: https://github.com/AlmasB/FXGL
23:09:13.371 [JavaFX Application Thread] INFO  Engine               -              Join the FXGL chat at: https://gitter.im/AlmasB/FXGL
23:09:13.477 [JavaFX Application Thread] DEBUG PrimaryStageWindow   - Creating a JavaFX scene
23:09:13.513 [JavaFX Application Thread] DEBUG PrimaryStageWindow   - Target settings size: 720.0 x 720.0
23:09:13.513 [JavaFX Application Thread] DEBUG PrimaryStageWindow   - Scaled scene size:    720.0 x 720.0
23:09:13.513 [JavaFX Application Thread] DEBUG PrimaryStageWindow   - Scaled ratio: (1.0, 1.0)
23:09:13.514 [JavaFX Application Thread] DEBUG PrimaryStageWindow   - Set initial scene to FXGLStartupScene
23:09:13.522 [JavaFX Application Thread] DEBUG PrimaryStageWindow   - Opening main window
23:09:13.600 [JavaFX Application Thread] DEBUG PrimaryStageWindow   - Window border size: (14.4000244140625, 37.5999755859375)
23:09:13.601 [JavaFX Application Thread] DEBUG PrimaryStageWindow   - Scaled size: 720.0 x 720.0
23:09:13.601 [JavaFX Application Thread] DEBUG PrimaryStageWindow   - Scaled ratio: (1.0, 1.0)
23:09:13.601 [JavaFX Application Thread] DEBUG PrimaryStageWindow   - Scene size: 720.0 x 720.0
23:09:13.601 [JavaFX Application Thread] DEBUG PrimaryStageWindow   - Stage size: 734.4000244140625 x 757.5999755859375
23:09:13.614 [FXGL Background Thread 1 ] DEBUG Engine               - Initializing environment variables
23:09:13.699 [FXGL Background Thread 1 ] DEBUG FXGLAssetLoaderServi - User app class for loading assets: class Bomber.BombermanApp
23:09:13.699 [FXGL Background Thread 1 ] DEBUG GameApplicationServi - Applying CSS: fxgl_dark.css
23:09:13.700 [FXGL Background Thread 1 ] DEBUG FXGLAssetLoaderServi - Loading from file system: jar:file:/C:/Users/thinh/.m2/repository/com/github/almasb/fxgl/11.17/fxgl-11.17.jar!/fxglassets/ui/css/fxgl_dark.css
23:09:13.777 [FXGL Background Thread 1 ] DEBUG GameApplicationServi - Initializing application scenes
23:09:13.838 [FXGL Background Thread 1 ] DEBUG GameWorld            - Game world initialized
23:09:13.917 [FXGL Background Thread 1 ] DEBUG PhysicsWorld         - Physics world initialized: appHeight=720, physics.ppm=50.0
23:09:13.917 [FXGL Background Thread 1 ] DEBUG PhysicsWorld         - Using strategy: BRUTE_FORCE
23:09:13.920 [FXGL Background Thread 1 ] DEBUG GameScene            - Game scene initialized: 720x720
23:09:13.989 [FXGL Background Thread 1 ] DEBUG GameApplicationServi - Application scenes initialized
23:09:13.999 [FXGL Background Thread 1 ] DEBUG SystemBundleService  - Loading FXGL system data
23:09:14.003 [FXGL Background Thread 1 ] DEBUG FileSystemAccess     - Reading from: D:\Code\ProjectJavaFX\bomberman\Bomber\system\fxgl.bundle
23:09:14.009 [FXGL Background Thread 1 ] DEBUG SystemBundleService  - Bundle FXGL: {}
23:09:14.009 [FXGL Background Thread 1 ] DEBUG UpdaterService       - Checking for updates
23:09:14.040 [FXGL Background Thread 4 ] DEBUG FXGLApplication      - Loading fonts
23:09:14.040 [FXGL Background Thread 4 ] DEBUG FXGLAssetLoaderServi - Loading from file system: file:/D:/Code/ProjectJavaFX/bomberman/Bomber/target/classes/assets/ui/fonts/Quinquefive-Ea6d4.ttf
23:09:14.040 [FXGL Background Thread 1 ] DEBUG FXGLApplication      - Loading default localization
23:09:14.041 [FXGL Background Thread 1 ] DEBUG FXGLAssetLoaderServi - Loading from file system: jar:file:/C:/Users/thinh/.m2/repository/com/github/almasb/fxgl/11.17/fxgl-11.17.jar!/fxglassets/languages/english.lang
23:09:14.065 [FXGL Background Thread 1 ] INFO  FXGLApplication      - FXGL initialization took: 0.451 sec
23:09:14.078 [JavaFX Application Thread] DEBUG Input                - Registered new binding: Move Up - W
23:09:14.078 [JavaFX Application Thread] DEBUG Input                - Registered new binding: Move Down - S
23:09:14.078 [JavaFX Application Thread] DEBUG Input                - Registered new binding: Move Left - A
23:09:14.078 [JavaFX Application Thread] DEBUG Input                - Registered new binding: Move Right - D
23:09:14.078 [JavaFX Application Thread] DEBUG Input                - Registered new binding: Place Bomb - Space
23:09:14.079 [JavaFX Application Thread] DEBUG FXGLAssetLoaderServi - Loading from file system: file:/D:/Code/ProjectJavaFX/bomberman/Bomber/target/classes/assets/music/title_screen.mp3
23:09:14.122 [FXGL Background Thread 4 ] DEBUG FXGLAssetLoaderServi - Loading from file system: jar:file:/C:/Users/thinh/.m2/repository/com/github/almasb/fxgl/11.17/fxgl-11.17.jar!/fxglassets/ui/fonts/Abel-Regular.ttf
23:09:14.134 [FXGL Background Thread 4 ] DEBUG FXGLAssetLoaderServi - Loading from file system: jar:file:/C:/Users/thinh/.m2/repository/com/github/almasb/fxgl/11.17/fxgl-11.17.jar!/fxglassets/ui/fonts/lucida_console.ttf
23:09:14.152 [FXGL Background Thread 4 ] DEBUG FXGLAssetLoaderServi - Loading from file system: jar:file:/C:/Users/thinh/.m2/repository/com/github/almasb/fxgl/11.17/fxgl-11.17.jar!/fxglassets/ui/fonts/Courier-Prime.ttf
23:09:14.220 [JavaFX Application Thread] DEBUG AudioPlayer          - Playing music com.almasb.fxgl.audio.Music@2b2c6815
23:09:14.221 [JavaFX Application Thread] DEBUG FXGLAssetLoaderServi - Loading from file system: jar:file:/C:/Users/thinh/.m2/repository/com/github/almasb/fxgl/11.17/fxgl-11.17.jar!/fxglassets/textures/fxgl_icon.png
23:09:14.255 [JavaFX Application Thread] DEBUG FXGLAssetLoaderServi - Loading from file system: jar:file:/C:/Users/thinh/.m2/repository/com/github/almasb/fxgl/11.17/fxgl-11.17.jar!/fxglassets/textures/fxgl_default_cursor.png
23:09:14.257 [JavaFX Application Thread] DEBUG Input                - Registered new binding: Screenshot - CTRL+8
23:09:14.257 [JavaFX Application Thread] DEBUG Input                - Registered new binding: Dev Options - 1
23:09:14.258 [JavaFX Application Thread] DEBUG Input                - Registered new binding: Dev Console - 2
23:09:14.258 [JavaFX Application Thread] DEBUG Input                - Registered new binding: System info dump - CTRL+9
23:09:14.258 [JavaFX Application Thread] DEBUG Input                - Registered new binding: Restart - CTRL+R
23:09:14.259 [JavaFX Application Thread] DEBUG Input                - Registered new binding: Toggle Debug Camera - CTRL+C
23:09:14.261 [JavaFX Application Thread] DEBUG LoopRunner           - Starting loop
23:09:14.278 [JavaFX Application Thread] DEBUG LoopRunner           - Initializing JavaFX AnimationTimerLoop
23:09:14.288 [JavaFX Application Thread] DEBUG Input                - Clearing active input actions
23:09:14.298 [JavaFX Application Thread] DEBUG GameApplicationServi - Removing overlay from FXGLStartupScene and adding to FXGLMainMenuDummyScene
23:09:14.302 [JavaFX Application Thread] DEBUG PrimaryStageWindow   - FXGLStartupScene -> FXGLMainMenuDummyScene
23:09:14.302 [JavaFX Application Thread] DEBUG PrimaryStageWindow   - Push state: BombermanMenu
23:09:14.302 [JavaFX Application Thread] DEBUG Input                - Clearing active input actions
23:09:14.306 [JavaFX Application Thread] DEBUG GameApplicationServi - Removing overlay from FXGLMainMenuDummyScene and adding to BombermanMenu
23:09:14.306 [JavaFX Application Thread] DEBUG PrimaryStageWindow   - FXGLMainMenuDummyScene -> BombermanMenu
23:09:14.306 [JavaFX Application Thread] DEBUG FXGLApplication      - Registering font factories with UI factory
23:09:15.768 [JavaFX Application Thread] DEBUG Menu                 - fireNewGame()
23:09:15.769 [JavaFX Application Thread] DEBUG GameApplicationServi - Starting new game
23:09:15.769 [JavaFX Application Thread] DEBUG PrimaryStageWindow   - Pop state: BombermanMenu
23:09:15.769 [JavaFX Application Thread] DEBUG Input                - Clearing active input actions
23:09:15.770 [JavaFX Application Thread] DEBUG GameApplicationServi - Removing overlay from BombermanMenu and adding to FXGLMainMenuDummyScene
23:09:15.771 [JavaFX Application Thread] DEBUG PrimaryStageWindow   - FXGLMainMenuDummyScene <- BombermanMenu
23:09:15.772 [JavaFX Application Thread] DEBUG Input                - Clearing active input actions
23:09:15.779 [JavaFX Application Thread] DEBUG GameApplicationServi - Removing overlay from FXGLMainMenuDummyScene and adding to FXGLLoadingScene
23:09:15.780 [JavaFX Application Thread] DEBUG PrimaryStageWindow   - FXGLMainMenuDummyScene -> FXGLLoadingScene
23:09:15.780 [JavaFX Application Thread] DEBUG GameApplicationServi - Clearing previous game
23:09:15.780 [JavaFX Application Thread] DEBUG GameScene            - Clearing game scene
23:09:15.780 [JavaFX Application Thread] DEBUG GameWorld            - Clearing game world
23:09:15.780 [JavaFX Application Thread] DEBUG PhysicsWorld         - Clearing physics world
23:09:15.783 [FXGL Background Thread 2 ] DEBUG FXGLApplication      - Initializing game
23:09:15.822 [FXGL Background Thread 2 ] WARN  TMXLevelLoader       - TiledMap generated from 1.7.2. Supported version: 1.2.3. Some features may not be parsed fully.
23:09:15.855 [FXGL Background Thread 2 ] DEBUG TMXLevelLoader       - Parsed TiledMap: file:/D:/Code/ProjectJavaFX/bomberman/Bomber/target/classes/assets/levels/bbm_level1.tmx
23:09:15.857 [FXGL Background Thread 2 ] DEBUG TMXLevelLoader       - Creating tile layer entities
23:09:15.858 [FXGL Background Thread 2 ] DEBUG TilesetLoader        - Loading view for layer Tile Layer 1
23:09:15.862 [FXGL Background Thread 2 ] DEBUG TilesetLoader        - Created buffer with size 1488.0x720.0
23:09:16.009 [FXGL Background Thread 2 ] DEBUG TMXLevelLoader       - Creating object layer entities
23:09:16.029 [FXGL Background Thread 2 ] DEBUG FXGLAssetLoaderServi - Loading from file system: file:/D:/Code/ProjectJavaFX/bomberman/Bomber/target/classes/assets/textures/player_die.png
23:09:16.031 [FXGL Background Thread 2 ] DEBUG FXGLAssetLoaderServi - Loading from file system: file:/D:/Code/ProjectJavaFX/bomberman/Bomber/target/classes/assets/textures/player_down.png
23:09:16.033 [FXGL Background Thread 2 ] DEBUG FXGLAssetLoaderServi - Loading from file system: file:/D:/Code/ProjectJavaFX/bomberman/Bomber/target/classes/assets/textures/player_right.png
23:09:16.035 [FXGL Background Thread 2 ] DEBUG FXGLAssetLoaderServi - Loading from file system: file:/D:/Code/ProjectJavaFX/bomberman/Bomber/target/classes/assets/textures/player_up.png
23:09:16.037 [FXGL Background Thread 2 ] DEBUG FXGLAssetLoaderServi - Loading from file system: file:/D:/Code/ProjectJavaFX/bomberman/Bomber/target/classes/assets/textures/player_left.png
23:09:16.047 [FXGL Background Thread 2 ] DEBUG FXGLAssetLoaderServi - Loading from file system: file:/D:/Code/ProjectJavaFX/bomberman/Bomber/target/classes/assets/textures/brick.png
23:09:16.095 [FXGL Background Thread 2 ] DEBUG FXGLAssetLoaderServi - Loading from file system: file:/D:/Code/ProjectJavaFX/bomberman/Bomber/target/classes/assets/textures/balloom.png
23:09:16.125 [FXGL Background Thread 2 ] DEBUG FXGLAssetLoaderServi - Loading from file system: file:/D:/Code/ProjectJavaFX/bomberman/Bomber/target/classes/assets/textures/powerup_speed.png
23:09:16.127 [FXGL Background Thread 2 ] DEBUG FXGLAssetLoaderServi - Loading from file system: file:/D:/Code/ProjectJavaFX/bomberman/Bomber/target/classes/assets/textures/powerup_flames.png
23:09:16.128 [FXGL Background Thread 2 ] DEBUG FXGLAssetLoaderServi - Loading from file system: file:/D:/Code/ProjectJavaFX/bomberman/Bomber/target/classes/assets/textures/powerup_bombs.png
23:09:16.130 [FXGL Background Thread 2 ] DEBUG FXGLAssetLoaderServi - Loading from file system: file:/D:/Code/ProjectJavaFX/bomberman/Bomber/target/classes/assets/textures/powerup_flamepass.png
23:09:16.132 [FXGL Background Thread 2 ] DEBUG FXGLAssetLoaderServi - Loading from file system: file:/D:/Code/ProjectJavaFX/bomberman/Bomber/target/classes/assets/textures/portal.png
23:09:16.134 [FXGL Background Thread 2 ] DEBUG GameWorld            - Clearing removable entities
23:09:16.136 [FXGL Background Thread 2 ] DEBUG GameWorld            - Setting level: com.almasb.fxgl.entity.level.Level@559fc493
23:09:16.214 [FXGL Background Thread 2 ] INFO  FXGLApplication      - Game initialization took: 0.431 sec
23:09:16.219 [JavaFX Application Thread] DEBUG Input                - Clearing active input actions
23:09:16.228 [JavaFX Application Thread] DEBUG GameApplicationServi - Removing overlay from FXGLLoadingScene and adding to GameScene
23:09:16.232 [JavaFX Application Thread] DEBUG PrimaryStageWindow   - FXGLLoadingScene -> GameScene
23:09:17.038 [FXGL Background Thread 3 ] DEBUG Engine               - Logging environment variables
23:09:17.038 [FXGL Background Thread 3 ] DEBUG Engine               - achievements: []
23:09:17.038 [FXGL Background Thread 3 ] DEBUG Engine               - actualHeight: 720.0
23:09:17.038 [FXGL Background Thread 3 ] DEBUG Engine               - actualHeightProperty: ReadOnlyDoubleProperty [value: 720.0]
23:09:17.038 [FXGL Background Thread 3 ] DEBUG Engine               - actualWidth: 720.0
23:09:17.038 [FXGL Background Thread 3 ] DEBUG Engine               - actualWidthProperty: ReadOnlyDoubleProperty [value: 720.0]
23:09:17.039 [FXGL Background Thread 3 ] DEBUG Engine               - appIcon: fxgl_icon.png
23:09:17.039 [FXGL Background Thread 3 ] DEBUG Engine               - applicationMode: DEVELOPER
23:09:17.039 [FXGL Background Thread 3 ] DEBUG Engine               - cSSList: [fxgl_dark.css]
23:09:17.039 [FXGL Background Thread 3 ] DEBUG Engine               - collisionDetectionStrategy: BRUTE_FORCE
23:09:17.039 [FXGL Background Thread 3 ] DEBUG Engine               - configClass: Optional.empty
23:09:17.039 [FXGL Background Thread 3 ] DEBUG Engine               - credits: []
23:09:17.039 [FXGL Background Thread 3 ] DEBUG Engine               - defaultCursor: CursorInfo(imageName=fxgl_default_cursor.png, hotspotX=7.0, hotspotY=6.0)
23:09:17.039 [FXGL Background Thread 3 ] DEBUG Engine               - devBBoxColorProperty: ObjectProperty [value: 0xff0000ff]
23:09:17.039 [FXGL Background Thread 3 ] DEBUG Engine               - devEnableDebugCameraProperty: BooleanProperty [value: false]
23:09:17.039 [FXGL Background Thread 3 ] DEBUG Engine               - devSensorColorProperty: ObjectProperty [value: 0xffff00ff]
23:09:17.040 [FXGL Background Thread 3 ] DEBUG Engine               - devShowBBoxProperty: BooleanProperty [value: false]
23:09:17.040 [FXGL Background Thread 3 ] DEBUG Engine               - devShowPositionProperty: BooleanProperty [value: false]
23:09:17.040 [FXGL Background Thread 3 ] DEBUG Engine               - enabledMenuItems: []
23:09:17.040 [FXGL Background Thread 3 ] DEBUG Engine               - engineServices: [class com.almasb.fxgl.app.services.FXGLAssetLoaderService, class com.almasb.fxgl.app.FXGLApplication$GameApplicationService, class com.almasb.fxgl.app.services.FXGLDialogService, class com.almasb.fxgl.app.services.IOTaskExecutorService, class com.almasb.fxgl.io.FileSystemService, class com.almasb.fxgl.localization.LocalizationService, class com.almasb.fxgl.app.services.SystemBundleService, class com.almasb.fxgl.profile.SaveLoadService, class com.almasb.fxgl.ui.FXGLUIFactoryServiceProvider, class com.almasb.fxgl.ui.FXGLDialogFactoryServiceProvider, class com.almasb.fxgl.audio.AudioPlayer, class com.almasb.fxgl.notification.impl.NotificationServiceProvider, class com.almasb.fxgl.achievement.AchievementService, class com.almasb.fxgl.cutscene.CutsceneService, class com.almasb.fxgl.minigames.MiniGameService, class com.almasb.fxgl.net.NetService, class com.almasb.fxgl.app.services.UpdaterService, class com.almasb.fxgl.dev.DevService]
23:09:17.040 [FXGL Background Thread 3 ] DEBUG Engine               - fontGame: Abel-Regular.ttf
23:09:17.040 [FXGL Background Thread 3 ] DEBUG Engine               - fontMono: lucida_console.ttf
23:09:17.040 [FXGL Background Thread 3 ] DEBUG Engine               - fontText: Courier-Prime.ttf
23:09:17.040 [FXGL Background Thread 3 ] DEBUG Engine               - fontUI: Quinquefive-Ea6d4.ttf
23:09:17.041 [FXGL Background Thread 3 ] DEBUG Engine               - fullScreen: BooleanProperty [value: false]
23:09:17.041 [FXGL Background Thread 3 ] DEBUG Engine               - gameDifficulty: MEDIUM
23:09:17.041 [FXGL Background Thread 3 ] DEBUG Engine               - gameDifficultyProperty: ObjectProperty [value: MEDIUM]
23:09:17.041 [FXGL Background Thread 3 ] DEBUG Engine               - globalMusicVolume: 0.5
23:09:17.041 [FXGL Background Thread 3 ] DEBUG Engine               - globalMusicVolumeProperty: DoubleProperty [value: 0.1]
23:09:17.041 [FXGL Background Thread 3 ] DEBUG Engine               - globalSoundVolume: 0.5
23:09:17.041 [FXGL Background Thread 3 ] DEBUG Engine               - globalSoundVolumeProperty: DoubleProperty [value: 0.1]
23:09:17.041 [FXGL Background Thread 3 ] DEBUG Engine               - height: 720
23:09:17.041 [FXGL Background Thread 3 ] DEBUG Engine               - is3D: false
23:09:17.041 [FXGL Background Thread 3 ] DEBUG Engine               - isAndroid: false
23:09:17.041 [FXGL Background Thread 3 ] DEBUG Engine               - isBrowser: false
23:09:17.041 [FXGL Background Thread 3 ] DEBUG Engine               - isClickFeedbackEnabled: false
23:09:17.041 [FXGL Background Thread 3 ] DEBUG Engine               - isCloseConfirmation: false
23:09:17.041 [FXGL Background Thread 3 ] DEBUG Engine               - isDesktop: true
23:09:17.042 [FXGL Background Thread 3 ] DEBUG Engine               - isDeveloperMenuEnabled: true
23:09:17.042 [FXGL Background Thread 3 ] DEBUG Engine               - isEntityPreloadEnabled: true
23:09:17.042 [FXGL Background Thread 3 ] DEBUG Engine               - isExperimentalTiledLargeMap: false
23:09:17.042 [FXGL Background Thread 3 ] DEBUG Engine               - isFileSystemWriteAllowed: true
23:09:17.042 [FXGL Background Thread 3 ] DEBUG Engine               - isFullScreenAllowed: false
23:09:17.042 [FXGL Background Thread 3 ] DEBUG Engine               - isFullScreenFromStart: false
23:09:17.042 [FXGL Background Thread 3 ] DEBUG Engine               - isGameMenuEnabled: true
23:09:17.042 [FXGL Background Thread 3 ] DEBUG Engine               - isIOS: false
23:09:17.043 [FXGL Background Thread 3 ] DEBUG Engine               - isIntroEnabled: false
23:09:17.043 [FXGL Background Thread 3 ] DEBUG Engine               - isLinux: false
23:09:17.043 [FXGL Background Thread 3 ] DEBUG Engine               - isMac: false
23:09:17.043 [FXGL Background Thread 3 ] DEBUG Engine               - isMainMenuEnabled: true
23:09:17.043 [FXGL Background Thread 3 ] DEBUG Engine               - isManualResizeEnabled: true
23:09:17.043 [FXGL Background Thread 3 ] DEBUG Engine               - isMobile: false
23:09:17.043 [FXGL Background Thread 3 ] DEBUG Engine               - isNative: false
23:09:17.043 [FXGL Background Thread 3 ] DEBUG Engine               - isPauseMusicWhenMinimized: true
23:09:17.043 [FXGL Background Thread 3 ] DEBUG Engine               - isPreserveResizeRatio: true
23:09:17.043 [FXGL Background Thread 3 ] DEBUG Engine               - isProfilingEnabled: false
23:09:17.044 [FXGL Background Thread 3 ] DEBUG Engine               - isScaleAffectedOnResize: true
23:09:17.044 [FXGL Background Thread 3 ] DEBUG Engine               - isSingleStep: false
23:09:17.044 [FXGL Background Thread 3 ] DEBUG Engine               - isUserProfileEnabled: false
23:09:17.044 [FXGL Background Thread 3 ] DEBUG Engine               - isWindows: true
23:09:17.044 [FXGL Background Thread 3 ] DEBUG Engine               - language: ObjectProperty [value: ENGLISH]
23:09:17.044 [FXGL Background Thread 3 ] DEBUG Engine               - menuKey: ESCAPE
23:09:17.044 [FXGL Background Thread 3 ] DEBUG Engine               - mouseSensitivity: 0.2
23:09:17.044 [FXGL Background Thread 3 ] DEBUG Engine               - notificationViewClass: class com.almasb.fxgl.notification.view.XboxNotificationView
23:09:17.044 [FXGL Background Thread 3 ] DEBUG Engine               - pixelsPerMeter: 50.0
23:09:17.045 [FXGL Background Thread 3 ] DEBUG Engine               - platform: WINDOWS
23:09:17.045 [FXGL Background Thread 3 ] DEBUG Engine               - prefHeightProperty: ReadOnlyDoubleProperty [value: 720.0]
23:09:17.045 [FXGL Background Thread 3 ] DEBUG Engine               - prefWidthProperty: ReadOnlyDoubleProperty [value: 720.0]
23:09:17.045 [FXGL Background Thread 3 ] DEBUG Engine               - profileDir: profiles/
23:09:17.045 [FXGL Background Thread 3 ] DEBUG Engine               - profileName: StringProperty [value: DEFAULT]
23:09:17.046 [FXGL Background Thread 3 ] DEBUG Engine               - randomSeed: -1
23:09:17.046 [FXGL Background Thread 3 ] DEBUG Engine               - runtimeInfo: RuntimeInfo(platform=WINDOWS, version=11.17, build=16.07.2021 15.46)
23:09:17.046 [FXGL Background Thread 3 ] DEBUG Engine               - saveFileExt: sav
23:09:17.046 [FXGL Background Thread 3 ] DEBUG Engine               - scaledHeightProp$fxgl: DoubleProperty [bound, value: 720.0]
23:09:17.046 [FXGL Background Thread 3 ] DEBUG Engine               - scaledWidthProp$fxgl: DoubleProperty [bound, value: 720.0]
23:09:17.046 [FXGL Background Thread 3 ] DEBUG Engine               - sceneFactory: Bomber.BombermanApp$1@15df5762
23:09:17.046 [FXGL Background Thread 3 ] DEBUG Engine               - secondsIn24h: 60
23:09:17.046 [FXGL Background Thread 3 ] DEBUG Engine               - soundMenuBack: menu/back.wav
23:09:17.046 [FXGL Background Thread 3 ] DEBUG Engine               - soundMenuPress: menu/press.wav
23:09:17.046 [FXGL Background Thread 3 ] DEBUG Engine               - soundMenuSelect: menu/select.wav
23:09:17.047 [FXGL Background Thread 3 ] DEBUG Engine               - soundNotification: core/notification.wav
23:09:17.047 [FXGL Background Thread 3 ] DEBUG Engine               - stageStyle: DECORATED
23:09:17.047 [FXGL Background Thread 3 ] DEBUG Engine               - supportedLanguages: [ENGLISH, FRENCH, GERMAN, HUNGARIAN, RUSSIAN]
23:09:17.047 [FXGL Background Thread 3 ] DEBUG Engine               - ticksPerSecond: -1
23:09:17.047 [FXGL Background Thread 3 ] DEBUG Engine               - title: BOMBERMAN
23:09:17.047 [FXGL Background Thread 3 ] DEBUG Engine               - urlGithub: https://github.com/AlmasB/FXGL
23:09:17.047 [FXGL Background Thread 3 ] DEBUG Engine               - urlLeaderboard: http://fxgl-top.herokuapp.com/
23:09:17.047 [FXGL Background Thread 3 ] DEBUG Engine               - urlPOM: https://raw.githubusercontent.com/AlmasB/FXGL/release/README.md
23:09:17.047 [FXGL Background Thread 3 ] DEBUG Engine               - userAppClass: class Bomber.BombermanApp
23:09:17.047 [FXGL Background Thread 3 ] DEBUG Engine               - version: 1.0
23:09:17.047 [FXGL Background Thread 3 ] DEBUG Engine               - versionCheckDays: 7
23:09:17.047 [FXGL Background Thread 3 ] DEBUG Engine               - width: 720
23:09:17.047 [FXGL Background Thread 3 ] DEBUG Engine               - Logging services
23:09:17.048 [FXGL Background Thread 3 ] DEBUG Engine               - class com.almasb.fxgl.app.services.FXGLAssetLoaderService
23:09:17.048 [FXGL Background Thread 3 ] DEBUG Engine               - class com.almasb.fxgl.app.FXGLApplication$GameApplicationService
23:09:17.048 [FXGL Background Thread 3 ] DEBUG Engine               - class com.almasb.fxgl.app.services.FXGLDialogService
23:09:17.048 [FXGL Background Thread 3 ] DEBUG Engine               - class com.almasb.fxgl.app.services.IOTaskExecutorService
23:09:17.048 [FXGL Background Thread 3 ] DEBUG Engine               - class com.almasb.fxgl.io.FileSystemService
23:09:17.048 [FXGL Background Thread 3 ] DEBUG Engine               - class com.almasb.fxgl.localization.LocalizationService
23:09:17.048 [FXGL Background Thread 3 ] DEBUG Engine               - class com.almasb.fxgl.app.services.SystemBundleService
23:09:17.048 [FXGL Background Thread 3 ] DEBUG Engine               - class com.almasb.fxgl.profile.SaveLoadService
23:09:17.048 [FXGL Background Thread 3 ] DEBUG Engine               - class com.almasb.fxgl.ui.FXGLUIFactoryServiceProvider
23:09:17.049 [FXGL Background Thread 3 ] DEBUG Engine               - class com.almasb.fxgl.ui.FXGLDialogFactoryServiceProvider
23:09:17.049 [FXGL Background Thread 3 ] DEBUG Engine               - class com.almasb.fxgl.audio.AudioPlayer
23:09:17.049 [FXGL Background Thread 3 ] DEBUG Engine               - class com.almasb.fxgl.notification.impl.NotificationServiceProvider
23:09:17.049 [FXGL Background Thread 3 ] DEBUG Engine               - class com.almasb.fxgl.achievement.AchievementService
23:09:17.049 [FXGL Background Thread 3 ] DEBUG Engine               - class com.almasb.fxgl.cutscene.CutsceneService
23:09:17.049 [FXGL Background Thread 3 ] DEBUG Engine               - class com.almasb.fxgl.minigames.MiniGameService
23:09:17.049 [FXGL Background Thread 3 ] DEBUG Engine               - class com.almasb.fxgl.net.NetService
23:09:17.049 [FXGL Background Thread 3 ] DEBUG Engine               - class com.almasb.fxgl.app.services.UpdaterService
23:09:17.049 [FXGL Background Thread 3 ] DEBUG Engine               - class com.almasb.fxgl.dev.DevService
23:09:24.369 [JavaFX Application Thread] DEBUG FXGLAssetLoaderServi - Loading from file system: file:/D:/Code/ProjectJavaFX/bomberman/Bomber/target/classes/assets/textures/bomb_ani.png
23:09:26.872 [JavaFX Application Thread] DEBUG FXGLAssetLoaderServi - Loading from file system: file:/D:/Code/ProjectJavaFX/bomberman/Bomber/target/classes/assets/textures/bomb_exploded_1.png
23:09:26.876 [JavaFX Application Thread] DEBUG FXGLAssetLoaderServi - Loading from file system: file:/D:/Code/ProjectJavaFX/bomberman/Bomber/target/classes/assets/textures/brick_break.png
23:10:01.911 [JavaFX Application Thread] WARN  GameWorld            - Attempted to remove entity which is not active
23:10:12.143 [JavaFX Application Thread] DEBUG FXGLApplication      - Exiting FXGL
23:10:12.143 [JavaFX Application Thread] DEBUG LoopRunner           - Stopping loop
23:10:12.143 [JavaFX Application Thread] DEBUG SystemBundleService  - Saving FXGL system data
23:10:12.144 [JavaFX Application Thread] DEBUG FileSystemAccess     - Writing to: D:\Code\ProjectJavaFX\bomberman\Bomber\system\fxgl.bundle
23:10:12.145 [JavaFX Application Thread] DEBUG Async                - Shutting down background threads
23:10:12.146 [JavaFX Application Thread] DEBUG PrimaryStageWindow   - Closing main window
23:10:12.157 [JavaFX Application Thread] DEBUG Logger               - Closing Logger
