00:32:21.187 [main                     ] DEBUG Logger               - Configured Logger
00:32:21.193 [main                     ] DEBUG GameApplication      - Logging settings
Title: BOMBERMAN
Version: 1.0
Width: 720
Height: 720
Fullscreen: false
Intro: false
Profiling: false
Single step:false
App Mode: DEVELOPER
Menu Key: ESCAPE
Stage Style: DECORATED
Scene Factory: class Bomber.BombermanApp$1

00:32:21.776 [JavaFX Application Thread] DEBUG FXGLApplication      - Initializing FXGL
00:32:21.781 [JavaFX Application Thread] INFO  Engine               - FXGL-11.17 (16.07.2021 15.46) on WINDOWS (J:17.0.1 FX:16)
00:32:21.782 [JavaFX Application Thread] DEBUG Engine               - JRE Vendor Name: Oracle Corporation
00:32:21.782 [JavaFX Application Thread] DEBUG Engine               - Running on OS: Windows 10 version 10.0
00:32:21.782 [JavaFX Application Thread] DEBUG Engine               - Architecture: amd64
00:32:21.782 [JavaFX Application Thread] INFO  Engine               - Source code and latest versions at: https://github.com/AlmasB/FXGL
00:32:21.782 [JavaFX Application Thread] INFO  Engine               -              Join the FXGL chat at: https://gitter.im/AlmasB/FXGL
00:32:21.959 [JavaFX Application Thread] DEBUG PrimaryStageWindow   - Creating a JavaFX scene
00:32:22.013 [JavaFX Application Thread] DEBUG PrimaryStageWindow   - Target settings size: 720.0 x 720.0
00:32:22.013 [JavaFX Application Thread] DEBUG PrimaryStageWindow   - Scaled scene size:    720.0 x 720.0
00:32:22.013 [JavaFX Application Thread] DEBUG PrimaryStageWindow   - Scaled ratio: (1.0, 1.0)
00:32:22.015 [JavaFX Application Thread] DEBUG PrimaryStageWindow   - Set initial scene to FXGLStartupScene
00:32:22.025 [JavaFX Application Thread] DEBUG PrimaryStageWindow   - Opening main window
00:32:22.161 [JavaFX Application Thread] DEBUG PrimaryStageWindow   - Window border size: (14.4000244140625, 37.5999755859375)
00:32:22.161 [JavaFX Application Thread] DEBUG PrimaryStageWindow   - Scaled size: 720.0 x 720.0
00:32:22.162 [JavaFX Application Thread] DEBUG PrimaryStageWindow   - Scaled ratio: (1.0, 1.0)
00:32:22.162 [JavaFX Application Thread] DEBUG PrimaryStageWindow   - Scene size: 720.0 x 720.0
00:32:22.162 [JavaFX Application Thread] DEBUG PrimaryStageWindow   - Stage size: 734.4000244140625 x 757.5999755859375
00:32:22.171 [FXGL Background Thread 1 ] DEBUG Engine               - Initializing environment variables
00:32:22.249 [FXGL Background Thread 1 ] DEBUG FXGLAssetLoaderServi - User app class for loading assets: class Bomber.BombermanApp
00:32:22.250 [FXGL Background Thread 1 ] DEBUG GameApplicationServi - Applying CSS: fxgl_dark.css
00:32:22.250 [FXGL Background Thread 1 ] DEBUG FXGLAssetLoaderServi - Loading from file system: jar:file:/C:/Users/thinh/.m2/repository/com/github/almasb/fxgl/11.17/fxgl-11.17.jar!/fxglassets/ui/css/fxgl_dark.css
00:32:22.293 [FXGL Background Thread 1 ] DEBUG GameApplicationServi - Initializing application scenes
00:32:22.339 [FXGL Background Thread 1 ] DEBUG GameWorld            - Game world initialized
00:32:22.403 [FXGL Background Thread 1 ] DEBUG PhysicsWorld         - Physics world initialized: appHeight=720, physics.ppm=50.0
00:32:22.403 [FXGL Background Thread 1 ] DEBUG PhysicsWorld         - Using strategy: BRUTE_FORCE
00:32:22.406 [FXGL Background Thread 1 ] DEBUG GameScene            - Game scene initialized: 720x720
00:32:22.519 [FXGL Background Thread 1 ] DEBUG GameApplicationServi - Application scenes initialized
00:32:22.541 [FXGL Background Thread 1 ] DEBUG SystemBundleService  - Loading FXGL system data
00:32:22.563 [FXGL Background Thread 1 ] DEBUG FileSystemAccess     - Reading from: D:\Code\ProjectJavaFX\bomberman\Bomber\system\fxgl.bundle
00:32:22.584 [FXGL Background Thread 1 ] DEBUG SystemBundleService  - Bundle FXGL: {}
00:32:22.584 [FXGL Background Thread 1 ] DEBUG UpdaterService       - Checking for updates
00:32:22.598 [FXGL Background Thread 4 ] DEBUG FXGLApplication      - Loading fonts
00:32:22.599 [FXGL Background Thread 4 ] DEBUG FXGLAssetLoaderServi - Loading from file system: file:/D:/Code/ProjectJavaFX/bomberman/Bomber/target/classes/assets/ui/fonts/Quinquefive-Ea6d4.ttf
00:32:22.599 [FXGL Background Thread 1 ] DEBUG FXGLApplication      - Loading default localization
00:32:22.600 [FXGL Background Thread 1 ] DEBUG FXGLAssetLoaderServi - Loading from file system: jar:file:/C:/Users/thinh/.m2/repository/com/github/almasb/fxgl/11.17/fxgl-11.17.jar!/fxglassets/languages/english.lang
00:32:22.670 [FXGL Background Thread 1 ] INFO  FXGLApplication      - FXGL initialization took: 0.498 sec
00:32:22.682 [JavaFX Application Thread] DEBUG Input                - Registered new binding: Move Up - W
00:32:22.683 [JavaFX Application Thread] DEBUG Input                - Registered new binding: Move Down - S
00:32:22.683 [JavaFX Application Thread] DEBUG Input                - Registered new binding: Move Left - A
00:32:22.683 [JavaFX Application Thread] DEBUG Input                - Registered new binding: Move Right - D
00:32:22.683 [JavaFX Application Thread] DEBUG Input                - Registered new binding: Place Bomb - Space
00:32:22.683 [JavaFX Application Thread] DEBUG FXGLAssetLoaderServi - Loading from file system: file:/D:/Code/ProjectJavaFX/bomberman/Bomber/target/classes/assets/music/title_screen.mp3
00:32:22.750 [FXGL Background Thread 4 ] DEBUG FXGLAssetLoaderServi - Loading from file system: jar:file:/C:/Users/thinh/.m2/repository/com/github/almasb/fxgl/11.17/fxgl-11.17.jar!/fxglassets/ui/fonts/Abel-Regular.ttf
00:32:22.770 [FXGL Background Thread 4 ] DEBUG FXGLAssetLoaderServi - Loading from file system: jar:file:/C:/Users/thinh/.m2/repository/com/github/almasb/fxgl/11.17/fxgl-11.17.jar!/fxglassets/ui/fonts/lucida_console.ttf
00:32:22.791 [FXGL Background Thread 4 ] DEBUG FXGLAssetLoaderServi - Loading from file system: jar:file:/C:/Users/thinh/.m2/repository/com/github/almasb/fxgl/11.17/fxgl-11.17.jar!/fxglassets/ui/fonts/Courier-Prime.ttf
00:32:22.895 [JavaFX Application Thread] DEBUG AudioPlayer          - Playing music com.almasb.fxgl.audio.Music@3c94c9b2
00:32:22.895 [JavaFX Application Thread] DEBUG FXGLAssetLoaderServi - Loading from file system: jar:file:/C:/Users/thinh/.m2/repository/com/github/almasb/fxgl/11.17/fxgl-11.17.jar!/fxglassets/textures/fxgl_icon.png
00:32:22.932 [JavaFX Application Thread] DEBUG FXGLAssetLoaderServi - Loading from file system: jar:file:/C:/Users/thinh/.m2/repository/com/github/almasb/fxgl/11.17/fxgl-11.17.jar!/fxglassets/textures/fxgl_default_cursor.png
00:32:22.936 [JavaFX Application Thread] DEBUG Input                - Registered new binding: Screenshot - CTRL+8
00:32:22.938 [JavaFX Application Thread] DEBUG Input                - Registered new binding: System info dump - CTRL+9
00:32:22.938 [JavaFX Application Thread] DEBUG Input                - Registered new binding: Restart - CTRL+R
00:32:22.939 [JavaFX Application Thread] DEBUG Input                - Registered new binding: Toggle Debug Camera - CTRL+C
00:32:22.943 [JavaFX Application Thread] DEBUG LoopRunner           - Starting loop
00:32:22.943 [JavaFX Application Thread] DEBUG LoopRunner           - Initializing JavaFX AnimationTimerLoop
00:32:22.946 [JavaFX Application Thread] DEBUG Input                - Clearing active input actions
00:32:22.953 [JavaFX Application Thread] DEBUG GameApplicationServi - Removing overlay from FXGLStartupScene and adding to FXGLMainMenuDummyScene
00:32:22.954 [JavaFX Application Thread] DEBUG PrimaryStageWindow   - FXGLStartupScene -> FXGLMainMenuDummyScene
00:32:22.954 [JavaFX Application Thread] DEBUG PrimaryStageWindow   - Push state: BombermanMenu
00:32:22.955 [JavaFX Application Thread] DEBUG Input                - Clearing active input actions
00:32:22.960 [JavaFX Application Thread] DEBUG GameApplicationServi - Removing overlay from FXGLMainMenuDummyScene and adding to BombermanMenu
00:32:22.960 [JavaFX Application Thread] DEBUG PrimaryStageWindow   - FXGLMainMenuDummyScene -> BombermanMenu
00:32:22.960 [JavaFX Application Thread] DEBUG FXGLApplication      - Registering font factories with UI factory
00:32:24.389 [JavaFX Application Thread] DEBUG Menu                 - fireNewGame()
00:32:24.390 [JavaFX Application Thread] DEBUG GameApplicationServi - Starting new game
00:32:24.390 [JavaFX Application Thread] DEBUG PrimaryStageWindow   - Pop state: BombermanMenu
00:32:24.390 [JavaFX Application Thread] DEBUG Input                - Clearing active input actions
00:32:24.390 [JavaFX Application Thread] DEBUG GameApplicationServi - Removing overlay from BombermanMenu and adding to FXGLMainMenuDummyScene
00:32:24.390 [JavaFX Application Thread] DEBUG PrimaryStageWindow   - FXGLMainMenuDummyScene <- BombermanMenu
00:32:24.391 [JavaFX Application Thread] DEBUG Input                - Clearing active input actions
00:32:24.395 [JavaFX Application Thread] DEBUG GameApplicationServi - Removing overlay from FXGLMainMenuDummyScene and adding to FXGLLoadingScene
00:32:24.395 [JavaFX Application Thread] DEBUG PrimaryStageWindow   - FXGLMainMenuDummyScene -> FXGLLoadingScene
00:32:24.396 [JavaFX Application Thread] DEBUG GameApplicationServi - Clearing previous game
00:32:24.396 [JavaFX Application Thread] DEBUG GameScene            - Clearing game scene
00:32:24.396 [JavaFX Application Thread] DEBUG GameWorld            - Clearing game world
00:32:24.396 [JavaFX Application Thread] DEBUG PhysicsWorld         - Clearing physics world
00:32:24.400 [FXGL Background Thread 2 ] DEBUG FXGLApplication      - Initializing game
00:32:24.472 [FXGL Background Thread 2 ] WARN  TMXLevelLoader       - TiledMap generated from 1.7.2. Supported version: 1.2.3. Some features may not be parsed fully.
00:32:24.496 [FXGL Background Thread 2 ] DEBUG TMXLevelLoader       - Parsed TiledMap: file:/D:/Code/ProjectJavaFX/bomberman/Bomber/target/classes/assets/levels/bbm_level1.tmx
00:32:24.497 [FXGL Background Thread 2 ] DEBUG TMXLevelLoader       - Creating tile layer entities
00:32:24.498 [FXGL Background Thread 2 ] DEBUG TilesetLoader        - Loading view for layer Tile Layer 1
00:32:24.501 [FXGL Background Thread 2 ] DEBUG TilesetLoader        - Created buffer with size 1488.0x720.0
00:32:24.730 [FXGL Background Thread 2 ] DEBUG TMXLevelLoader       - Creating object layer entities
00:32:24.800 [FXGL Background Thread 2 ] DEBUG FXGLAssetLoaderServi - Loading from file system: file:/D:/Code/ProjectJavaFX/bomberman/Bomber/target/classes/assets/textures/player_die.png
00:32:24.804 [FXGL Background Thread 2 ] DEBUG FXGLAssetLoaderServi - Loading from file system: file:/D:/Code/ProjectJavaFX/bomberman/Bomber/target/classes/assets/textures/player_down.png
00:32:24.806 [FXGL Background Thread 2 ] DEBUG FXGLAssetLoaderServi - Loading from file system: file:/D:/Code/ProjectJavaFX/bomberman/Bomber/target/classes/assets/textures/player_right.png
00:32:24.808 [FXGL Background Thread 2 ] DEBUG FXGLAssetLoaderServi - Loading from file system: file:/D:/Code/ProjectJavaFX/bomberman/Bomber/target/classes/assets/textures/player_up.png
00:32:24.809 [FXGL Background Thread 2 ] DEBUG FXGLAssetLoaderServi - Loading from file system: file:/D:/Code/ProjectJavaFX/bomberman/Bomber/target/classes/assets/textures/player_left.png
00:32:24.812 [FXGL Background Thread 2 ] WARN  Entity               - Entity already has component: com.almasb.fxgl.physics.PhysicsComponent
00:32:24.813 [FXGL Background Thread 2 ] DEBUG FXGLAssetLoaderServi - Loading from file system: file:/D:/Code/ProjectJavaFX/bomberman/Bomber/target/classes/assets/textures/brick.png
00:32:24.855 [FXGL Background Thread 2 ] DEBUG FXGLAssetLoaderServi - Loading from file system: file:/D:/Code/ProjectJavaFX/bomberman/Bomber/target/classes/assets/textures/powerup_speed.png
00:32:24.858 [FXGL Background Thread 2 ] DEBUG FXGLAssetLoaderServi - Loading from file system: file:/D:/Code/ProjectJavaFX/bomberman/Bomber/target/classes/assets/textures/powerup_flames.png
00:32:24.860 [FXGL Background Thread 2 ] DEBUG FXGLAssetLoaderServi - Loading from file system: file:/D:/Code/ProjectJavaFX/bomberman/Bomber/target/classes/assets/textures/powerup_bombs.png
00:32:24.863 [FXGL Background Thread 2 ] DEBUG FXGLAssetLoaderServi - Loading from file system: file:/D:/Code/ProjectJavaFX/bomberman/Bomber/target/classes/assets/textures/powerup_flamepass.png
00:32:24.869 [FXGL Background Thread 2 ] DEBUG FXGLAssetLoaderServi - Loading from file system: file:/D:/Code/ProjectJavaFX/bomberman/Bomber/target/classes/assets/textures/portal.png
00:32:24.872 [FXGL Background Thread 2 ] DEBUG GameWorld            - Clearing removable entities
00:32:24.873 [FXGL Background Thread 2 ] DEBUG GameWorld            - Setting level: com.almasb.fxgl.entity.level.Level@21ae8d8
00:32:24.962 [FXGL Background Thread 2 ] INFO  FXGLApplication      - Game initialization took: 0.562 sec
00:32:24.962 [JavaFX Application Thread] DEBUG Input                - Clearing active input actions
00:32:24.979 [JavaFX Application Thread] DEBUG GameApplicationServi - Removing overlay from FXGLLoadingScene and adding to GameScene
00:32:24.979 [JavaFX Application Thread] DEBUG PrimaryStageWindow   - FXGLLoadingScene -> GameScene
00:32:25.598 [FXGL Background Thread 3 ] DEBUG Engine               - Logging environment variables
00:32:25.599 [FXGL Background Thread 3 ] DEBUG Engine               - achievements: []
00:32:25.599 [FXGL Background Thread 3 ] DEBUG Engine               - actualHeight: 720.0
00:32:25.599 [FXGL Background Thread 3 ] DEBUG Engine               - actualHeightProperty: ReadOnlyDoubleProperty [value: 720.0]
00:32:25.599 [FXGL Background Thread 3 ] DEBUG Engine               - actualWidth: 720.0
00:32:25.599 [FXGL Background Thread 3 ] DEBUG Engine               - actualWidthProperty: ReadOnlyDoubleProperty [value: 720.0]
00:32:25.599 [FXGL Background Thread 3 ] DEBUG Engine               - appIcon: fxgl_icon.png
00:32:25.599 [FXGL Background Thread 3 ] DEBUG Engine               - applicationMode: DEVELOPER
00:32:25.599 [FXGL Background Thread 3 ] DEBUG Engine               - cSSList: [fxgl_dark.css]
00:32:25.600 [FXGL Background Thread 3 ] DEBUG Engine               - collisionDetectionStrategy: BRUTE_FORCE
00:32:25.600 [FXGL Background Thread 3 ] DEBUG Engine               - configClass: Optional.empty
00:32:25.600 [FXGL Background Thread 3 ] DEBUG Engine               - credits: []
00:32:25.600 [FXGL Background Thread 3 ] DEBUG Engine               - defaultCursor: CursorInfo(imageName=fxgl_default_cursor.png, hotspotX=7.0, hotspotY=6.0)
00:32:25.600 [FXGL Background Thread 3 ] DEBUG Engine               - devBBoxColorProperty: ObjectProperty [value: 0xff0000ff]
00:32:25.600 [FXGL Background Thread 3 ] DEBUG Engine               - devEnableDebugCameraProperty: BooleanProperty [value: false]
00:32:25.600 [FXGL Background Thread 3 ] DEBUG Engine               - devSensorColorProperty: ObjectProperty [value: 0xffff00ff]
00:32:25.600 [FXGL Background Thread 3 ] DEBUG Engine               - devShowBBoxProperty: BooleanProperty [value: false]
00:32:25.600 [FXGL Background Thread 3 ] DEBUG Engine               - devShowPositionProperty: BooleanProperty [value: false]
00:32:25.601 [FXGL Background Thread 3 ] DEBUG Engine               - enabledMenuItems: []
00:32:25.601 [FXGL Background Thread 3 ] DEBUG Engine               - engineServices: [class com.almasb.fxgl.app.services.FXGLAssetLoaderService, class com.almasb.fxgl.app.FXGLApplication$GameApplicationService, class com.almasb.fxgl.app.services.FXGLDialogService, class com.almasb.fxgl.app.services.IOTaskExecutorService, class com.almasb.fxgl.io.FileSystemService, class com.almasb.fxgl.localization.LocalizationService, class com.almasb.fxgl.app.services.SystemBundleService, class com.almasb.fxgl.profile.SaveLoadService, class com.almasb.fxgl.ui.FXGLUIFactoryServiceProvider, class com.almasb.fxgl.ui.FXGLDialogFactoryServiceProvider, class com.almasb.fxgl.audio.AudioPlayer, class com.almasb.fxgl.notification.impl.NotificationServiceProvider, class com.almasb.fxgl.achievement.AchievementService, class com.almasb.fxgl.cutscene.CutsceneService, class com.almasb.fxgl.minigames.MiniGameService, class com.almasb.fxgl.net.NetService, class com.almasb.fxgl.app.services.UpdaterService, class com.almasb.fxgl.dev.DevService]
00:32:25.601 [FXGL Background Thread 3 ] DEBUG Engine               - fontGame: Abel-Regular.ttf
00:32:25.601 [FXGL Background Thread 3 ] DEBUG Engine               - fontMono: lucida_console.ttf
00:32:25.601 [FXGL Background Thread 3 ] DEBUG Engine               - fontText: Courier-Prime.ttf
00:32:25.601 [FXGL Background Thread 3 ] DEBUG Engine               - fontUI: Quinquefive-Ea6d4.ttf
00:32:25.601 [FXGL Background Thread 3 ] DEBUG Engine               - fullScreen: BooleanProperty [value: false]
00:32:25.601 [FXGL Background Thread 3 ] DEBUG Engine               - gameDifficulty: MEDIUM
00:32:25.601 [FXGL Background Thread 3 ] DEBUG Engine               - gameDifficultyProperty: ObjectProperty [value: MEDIUM]
00:32:25.601 [FXGL Background Thread 3 ] DEBUG Engine               - globalMusicVolume: 0.5
00:32:25.601 [FXGL Background Thread 3 ] DEBUG Engine               - globalMusicVolumeProperty: DoubleProperty [value: 0.1]
00:32:25.601 [FXGL Background Thread 3 ] DEBUG Engine               - globalSoundVolume: 0.5
00:32:25.601 [FXGL Background Thread 3 ] DEBUG Engine               - globalSoundVolumeProperty: DoubleProperty [value: 0.1]
00:32:25.602 [FXGL Background Thread 3 ] DEBUG Engine               - height: 720
00:32:25.602 [FXGL Background Thread 3 ] DEBUG Engine               - is3D: false
00:32:25.602 [FXGL Background Thread 3 ] DEBUG Engine               - isAndroid: false
00:32:25.602 [FXGL Background Thread 3 ] DEBUG Engine               - isBrowser: false
00:32:25.602 [FXGL Background Thread 3 ] DEBUG Engine               - isClickFeedbackEnabled: false
00:32:25.602 [FXGL Background Thread 3 ] DEBUG Engine               - isCloseConfirmation: false
00:32:25.602 [FXGL Background Thread 3 ] DEBUG Engine               - isDesktop: true
00:32:25.602 [FXGL Background Thread 3 ] DEBUG Engine               - isDeveloperMenuEnabled: false
00:32:25.602 [FXGL Background Thread 3 ] DEBUG Engine               - isEntityPreloadEnabled: true
00:32:25.602 [FXGL Background Thread 3 ] DEBUG Engine               - isExperimentalTiledLargeMap: false
00:32:25.602 [FXGL Background Thread 3 ] DEBUG Engine               - isFileSystemWriteAllowed: true
00:32:25.602 [FXGL Background Thread 3 ] DEBUG Engine               - isFullScreenAllowed: false
00:32:25.603 [FXGL Background Thread 3 ] DEBUG Engine               - isFullScreenFromStart: false
00:32:25.603 [FXGL Background Thread 3 ] DEBUG Engine               - isGameMenuEnabled: true
00:32:25.603 [FXGL Background Thread 3 ] DEBUG Engine               - isIOS: false
00:32:25.603 [FXGL Background Thread 3 ] DEBUG Engine               - isIntroEnabled: false
00:32:25.603 [FXGL Background Thread 3 ] DEBUG Engine               - isLinux: false
00:32:25.603 [FXGL Background Thread 3 ] DEBUG Engine               - isMac: false
00:32:25.603 [FXGL Background Thread 3 ] DEBUG Engine               - isMainMenuEnabled: true
00:32:25.603 [FXGL Background Thread 3 ] DEBUG Engine               - isManualResizeEnabled: true
00:32:25.604 [FXGL Background Thread 3 ] DEBUG Engine               - isMobile: false
00:32:25.604 [FXGL Background Thread 3 ] DEBUG Engine               - isNative: false
00:32:25.604 [FXGL Background Thread 3 ] DEBUG Engine               - isPauseMusicWhenMinimized: true
00:32:25.604 [FXGL Background Thread 3 ] DEBUG Engine               - isPreserveResizeRatio: true
00:32:25.604 [FXGL Background Thread 3 ] DEBUG Engine               - isProfilingEnabled: false
00:32:25.604 [FXGL Background Thread 3 ] DEBUG Engine               - isScaleAffectedOnResize: true
00:32:25.604 [FXGL Background Thread 3 ] DEBUG Engine               - isSingleStep: false
00:32:25.604 [FXGL Background Thread 3 ] DEBUG Engine               - isUserProfileEnabled: false
00:32:25.605 [FXGL Background Thread 3 ] DEBUG Engine               - isWindows: true
00:32:25.605 [FXGL Background Thread 3 ] DEBUG Engine               - language: ObjectProperty [value: ENGLISH]
00:32:25.605 [FXGL Background Thread 3 ] DEBUG Engine               - menuKey: ESCAPE
00:32:25.605 [FXGL Background Thread 3 ] DEBUG Engine               - mouseSensitivity: 0.2
00:32:25.605 [FXGL Background Thread 3 ] DEBUG Engine               - notificationViewClass: class com.almasb.fxgl.notification.view.XboxNotificationView
00:32:25.606 [FXGL Background Thread 3 ] DEBUG Engine               - pixelsPerMeter: 50.0
00:32:25.606 [FXGL Background Thread 3 ] DEBUG Engine               - platform: WINDOWS
00:32:25.606 [FXGL Background Thread 3 ] DEBUG Engine               - prefHeightProperty: ReadOnlyDoubleProperty [value: 720.0]
00:32:25.606 [FXGL Background Thread 3 ] DEBUG Engine               - prefWidthProperty: ReadOnlyDoubleProperty [value: 720.0]
00:32:25.607 [FXGL Background Thread 3 ] DEBUG Engine               - profileDir: profiles/
00:32:25.607 [FXGL Background Thread 3 ] DEBUG Engine               - profileName: StringProperty [value: DEFAULT]
00:32:25.608 [FXGL Background Thread 3 ] DEBUG Engine               - randomSeed: -1
00:32:25.608 [FXGL Background Thread 3 ] DEBUG Engine               - runtimeInfo: RuntimeInfo(platform=WINDOWS, version=11.17, build=16.07.2021 15.46)
00:32:25.608 [FXGL Background Thread 3 ] DEBUG Engine               - saveFileExt: sav
00:32:25.608 [FXGL Background Thread 3 ] DEBUG Engine               - scaledHeightProp$fxgl: DoubleProperty [bound, value: 720.0]
00:32:25.608 [FXGL Background Thread 3 ] DEBUG Engine               - scaledWidthProp$fxgl: DoubleProperty [bound, value: 720.0]
00:32:25.609 [FXGL Background Thread 3 ] DEBUG Engine               - sceneFactory: Bomber.BombermanApp$1@54c2a78c
00:32:25.609 [FXGL Background Thread 3 ] DEBUG Engine               - secondsIn24h: 60
00:32:25.609 [FXGL Background Thread 3 ] DEBUG Engine               - soundMenuBack: menu/back.wav
00:32:25.609 [FXGL Background Thread 3 ] DEBUG Engine               - soundMenuPress: menu/press.wav
00:32:25.609 [FXGL Background Thread 3 ] DEBUG Engine               - soundMenuSelect: menu/select.wav
00:32:25.609 [FXGL Background Thread 3 ] DEBUG Engine               - soundNotification: core/notification.wav
00:32:25.609 [FXGL Background Thread 3 ] DEBUG Engine               - stageStyle: DECORATED
00:32:25.609 [FXGL Background Thread 3 ] DEBUG Engine               - supportedLanguages: [ENGLISH, FRENCH, GERMAN, HUNGARIAN, RUSSIAN]
00:32:25.609 [FXGL Background Thread 3 ] DEBUG Engine               - ticksPerSecond: -1
00:32:25.610 [FXGL Background Thread 3 ] DEBUG Engine               - title: BOMBERMAN
00:32:25.610 [FXGL Background Thread 3 ] DEBUG Engine               - urlGithub: https://github.com/AlmasB/FXGL
00:32:25.610 [FXGL Background Thread 3 ] DEBUG Engine               - urlLeaderboard: http://fxgl-top.herokuapp.com/
00:32:25.610 [FXGL Background Thread 3 ] DEBUG Engine               - urlPOM: https://raw.githubusercontent.com/AlmasB/FXGL/release/README.md
00:32:25.610 [FXGL Background Thread 3 ] DEBUG Engine               - userAppClass: class Bomber.BombermanApp
00:32:25.610 [FXGL Background Thread 3 ] DEBUG Engine               - version: 1.0
00:32:25.610 [FXGL Background Thread 3 ] DEBUG Engine               - versionCheckDays: 7
00:32:25.610 [FXGL Background Thread 3 ] DEBUG Engine               - width: 720
00:32:25.610 [FXGL Background Thread 3 ] DEBUG Engine               - Logging services
00:32:25.611 [FXGL Background Thread 3 ] DEBUG Engine               - class com.almasb.fxgl.app.services.FXGLAssetLoaderService
00:32:25.611 [FXGL Background Thread 3 ] DEBUG Engine               - class com.almasb.fxgl.app.FXGLApplication$GameApplicationService
00:32:25.611 [FXGL Background Thread 3 ] DEBUG Engine               - class com.almasb.fxgl.app.services.FXGLDialogService
00:32:25.611 [FXGL Background Thread 3 ] DEBUG Engine               - class com.almasb.fxgl.app.services.IOTaskExecutorService
00:32:25.611 [FXGL Background Thread 3 ] DEBUG Engine               - class com.almasb.fxgl.io.FileSystemService
00:32:25.611 [FXGL Background Thread 3 ] DEBUG Engine               - class com.almasb.fxgl.localization.LocalizationService
00:32:25.611 [FXGL Background Thread 3 ] DEBUG Engine               - class com.almasb.fxgl.app.services.SystemBundleService
00:32:25.611 [FXGL Background Thread 3 ] DEBUG Engine               - class com.almasb.fxgl.profile.SaveLoadService
00:32:25.611 [FXGL Background Thread 3 ] DEBUG Engine               - class com.almasb.fxgl.ui.FXGLUIFactoryServiceProvider
00:32:25.612 [FXGL Background Thread 3 ] DEBUG Engine               - class com.almasb.fxgl.ui.FXGLDialogFactoryServiceProvider
00:32:25.612 [FXGL Background Thread 3 ] DEBUG Engine               - class com.almasb.fxgl.audio.AudioPlayer
00:32:25.612 [FXGL Background Thread 3 ] DEBUG Engine               - class com.almasb.fxgl.notification.impl.NotificationServiceProvider
00:32:25.612 [FXGL Background Thread 3 ] DEBUG Engine               - class com.almasb.fxgl.achievement.AchievementService
00:32:25.612 [FXGL Background Thread 3 ] DEBUG Engine               - class com.almasb.fxgl.cutscene.CutsceneService
00:32:25.612 [FXGL Background Thread 3 ] DEBUG Engine               - class com.almasb.fxgl.minigames.MiniGameService
00:32:25.612 [FXGL Background Thread 3 ] DEBUG Engine               - class com.almasb.fxgl.net.NetService
00:32:25.612 [FXGL Background Thread 3 ] DEBUG Engine               - class com.almasb.fxgl.app.services.UpdaterService
00:32:25.612 [FXGL Background Thread 3 ] DEBUG Engine               - class com.almasb.fxgl.dev.DevService
00:32:26.091 [JavaFX Application Thread] DEBUG FXGLAssetLoaderServi - Loading from file system: file:/D:/Code/ProjectJavaFX/bomberman/Bomber/target/classes/assets/textures/bomb_ani.png
00:32:28.047 [JavaFX Application Thread] DEBUG FXGLAssetLoaderServi - Loading from file system: file:/D:/Code/ProjectJavaFX/bomberman/Bomber/target/classes/assets/textures/bomb_exploded_1.png
00:32:28.059 [JavaFX Application Thread] DEBUG FXGLAssetLoaderServi - Loading from file system: file:/D:/Code/ProjectJavaFX/bomberman/Bomber/target/classes/assets/textures/brick_break.png
00:33:19.680 [JavaFX Application Thread] WARN  TMXLevelLoader       - TiledMap generated from 1.7.2. Supported version: 1.2.3. Some features may not be parsed fully.
00:33:19.689 [JavaFX Application Thread] DEBUG TMXLevelLoader       - Parsed TiledMap: file:/D:/Code/ProjectJavaFX/bomberman/Bomber/target/classes/assets/levels/bbm_level2.tmx
00:33:19.689 [JavaFX Application Thread] DEBUG TMXLevelLoader       - Creating tile layer entities
00:33:19.690 [JavaFX Application Thread] DEBUG TilesetLoader        - Loading view for layer Tile Layer 1
00:33:19.691 [JavaFX Application Thread] DEBUG TilesetLoader        - Created buffer with size 1488.0x720.0
00:33:19.764 [JavaFX Application Thread] DEBUG TilesetLoader        - Loading view for layer Tile Layer 2
00:33:19.766 [JavaFX Application Thread] DEBUG TilesetLoader        - Created buffer with size 1488.0x720.0
00:33:19.768 [JavaFX Application Thread] DEBUG TMXLevelLoader       - Creating object layer entities
00:33:19.770 [JavaFX Application Thread] WARN  Entity               - Entity already has component: com.almasb.fxgl.physics.PhysicsComponent
00:33:19.771 [JavaFX Application Thread] DEBUG FXGLAssetLoaderServi - Loading from file system: file:/D:/Code/ProjectJavaFX/bomberman/Bomber/target/classes/assets/textures/grass.png
00:33:19.792 [JavaFX Application Thread] DEBUG GameWorld            - Clearing removable entities
00:33:19.800 [JavaFX Application Thread] DEBUG GameWorld            - Setting level: com.almasb.fxgl.entity.level.Level@4d237f6d
00:34:59.909 [JavaFX Application Thread] DEBUG PrimaryStageWindow   - Push state: DialogSubScene
00:34:59.909 [JavaFX Application Thread] DEBUG Input                - Clearing active input actions
00:34:59.909 [JavaFX Application Thread] DEBUG GameApplicationServi - Removing overlay from GameScene and adding to DialogSubScene
00:34:59.909 [JavaFX Application Thread] DEBUG PrimaryStageWindow   - GameScene -> DialogSubScene
00:35:02.684 [JavaFX Application Thread] DEBUG PrimaryStageWindow   - Pop state: DialogSubScene
00:35:02.684 [JavaFX Application Thread] DEBUG Input                - Clearing active input actions
00:35:02.685 [JavaFX Application Thread] DEBUG GameApplicationServi - Removing overlay from DialogSubScene and adding to GameScene
00:35:02.685 [JavaFX Application Thread] DEBUG PrimaryStageWindow   - GameScene <- DialogSubScene
00:35:13.979 [JavaFX Application Thread] DEBUG PrimaryStageWindow   - Push state: DialogSubScene
00:35:13.979 [JavaFX Application Thread] DEBUG Input                - Clearing active input actions
00:35:13.980 [JavaFX Application Thread] DEBUG GameApplicationServi - Removing overlay from GameScene and adding to DialogSubScene
00:35:13.980 [JavaFX Application Thread] DEBUG PrimaryStageWindow   - GameScene -> DialogSubScene
00:35:18.477 [JavaFX Application Thread] DEBUG PrimaryStageWindow   - Pop state: DialogSubScene
00:35:18.477 [JavaFX Application Thread] DEBUG Input                - Clearing active input actions
00:35:18.478 [JavaFX Application Thread] DEBUG GameApplicationServi - Removing overlay from DialogSubScene and adding to GameScene
00:35:18.478 [JavaFX Application Thread] DEBUG PrimaryStageWindow   - GameScene <- DialogSubScene
00:35:23.900 [JavaFX Application Thread] DEBUG FXGLApplication      - Exiting FXGL
00:35:23.900 [JavaFX Application Thread] DEBUG LoopRunner           - Stopping loop
00:35:23.900 [JavaFX Application Thread] DEBUG SystemBundleService  - Saving FXGL system data
00:35:23.903 [JavaFX Application Thread] DEBUG FileSystemAccess     - Writing to: D:\Code\ProjectJavaFX\bomberman\Bomber\system\fxgl.bundle
00:35:23.905 [JavaFX Application Thread] DEBUG Async                - Shutting down background threads
00:35:23.905 [JavaFX Application Thread] DEBUG PrimaryStageWindow   - Closing main window
00:35:23.950 [JavaFX Application Thread] DEBUG Logger               - Closing Logger
