16:45:26.277 [main                     ] DEBUG Logger               - Configured Logger
16:45:26.277 [main                     ] DEBUG GameApplication      - Logging settings
Title: BOMBERMAN
Version: 1.0
Width: 704
Height: 704
Fullscreen: false
Intro: false
Profiling: false
Single step:false
App Mode: DEVELOPER
Menu Key: ESCAPE
Stage Style: DECORATED
Scene Factory: class Bomber.BombermanApp$1

16:45:26.621 [JavaFX Application Thread] DEBUG FXGLApplication      - Initializing FXGL
16:45:26.623 [JavaFX Application Thread] INFO  Engine               - FXGL-11.17 (16.07.2021 15.46) on WINDOWS (J:17.0.1 FX:16)
16:45:26.624 [JavaFX Application Thread] DEBUG Engine               - JRE Vendor Name: Oracle Corporation
16:45:26.624 [JavaFX Application Thread] DEBUG Engine               - Running on OS: Windows 10 version 10.0
16:45:26.624 [JavaFX Application Thread] DEBUG Engine               - Architecture: amd64
16:45:26.624 [JavaFX Application Thread] INFO  Engine               - Source code and latest versions at: https://github.com/AlmasB/FXGL
16:45:26.624 [JavaFX Application Thread] INFO  Engine               -              Join the FXGL chat at: https://gitter.im/AlmasB/FXGL
16:45:26.729 [JavaFX Application Thread] DEBUG PrimaryStageWindow   - Creating a JavaFX scene
16:45:26.763 [JavaFX Application Thread] DEBUG PrimaryStageWindow   - Target settings size: 704.0 x 704.0
16:45:26.764 [JavaFX Application Thread] DEBUG PrimaryStageWindow   - Scaled scene size:    704.0 x 704.0
16:45:26.764 [JavaFX Application Thread] DEBUG PrimaryStageWindow   - Scaled ratio: (1.0, 1.0)
16:45:26.765 [JavaFX Application Thread] DEBUG PrimaryStageWindow   - Set initial scene to FXGLStartupScene
16:45:26.772 [JavaFX Application Thread] DEBUG PrimaryStageWindow   - Opening main window
16:45:26.862 [JavaFX Application Thread] DEBUG PrimaryStageWindow   - Window border size: (14.4000244140625, 37.5999755859375)
16:45:26.862 [JavaFX Application Thread] DEBUG PrimaryStageWindow   - Scaled size: 704.0 x 704.0
16:45:26.862 [JavaFX Application Thread] DEBUG PrimaryStageWindow   - Scaled ratio: (1.0, 1.0)
16:45:26.863 [JavaFX Application Thread] DEBUG PrimaryStageWindow   - Scene size: 704.0 x 704.0
16:45:26.863 [JavaFX Application Thread] DEBUG PrimaryStageWindow   - Stage size: 718.4000244140625 x 741.5999755859375
16:45:26.872 [FXGL Background Thread 1 ] DEBUG Engine               - Initializing environment variables
16:45:26.953 [FXGL Background Thread 1 ] DEBUG FXGLAssetLoaderServi - User app class for loading assets: class Bomber.BombermanApp
16:45:26.953 [FXGL Background Thread 1 ] DEBUG GameApplicationServi - Applying CSS: fxgl_dark.css
16:45:26.954 [FXGL Background Thread 1 ] DEBUG FXGLAssetLoaderServi - Loading from file system: jar:file:/C:/Users/thinh/.m2/repository/com/github/almasb/fxgl/11.17/fxgl-11.17.jar!/fxglassets/ui/css/fxgl_dark.css
16:45:27.017 [FXGL Background Thread 1 ] DEBUG GameApplicationServi - Initializing application scenes
16:45:27.072 [FXGL Background Thread 1 ] DEBUG GameWorld            - Game world initialized
16:45:27.144 [FXGL Background Thread 1 ] DEBUG PhysicsWorld         - Physics world initialized: appHeight=704, physics.ppm=50.0
16:45:27.146 [FXGL Background Thread 1 ] DEBUG PhysicsWorld         - Using strategy: BRUTE_FORCE
16:45:27.150 [FXGL Background Thread 1 ] DEBUG GameScene            - Game scene initialized: 704x704
16:45:27.228 [FXGL Background Thread 1 ] DEBUG GameApplicationServi - Application scenes initialized
16:45:27.240 [FXGL Background Thread 1 ] DEBUG SystemBundleService  - Loading FXGL system data
16:45:27.248 [FXGL Background Thread 1 ] DEBUG FileSystemAccess     - Reading from: D:\Code\ProjectJavaFX\bomberman\Bomber\system\fxgl.bundle
16:45:27.256 [FXGL Background Thread 1 ] DEBUG SystemBundleService  - Bundle FXGL: {}
16:45:27.256 [FXGL Background Thread 1 ] DEBUG UpdaterService       - Checking for updates
16:45:27.266 [FXGL Background Thread 4 ] DEBUG FXGLApplication      - Loading fonts
16:45:27.267 [FXGL Background Thread 1 ] DEBUG FXGLApplication      - Loading default localization
16:45:27.267 [FXGL Background Thread 1 ] DEBUG FXGLAssetLoaderServi - Loading from file system: jar:file:/C:/Users/thinh/.m2/repository/com/github/almasb/fxgl/11.17/fxgl-11.17.jar!/fxglassets/languages/english.lang
16:45:27.267 [FXGL Background Thread 4 ] DEBUG FXGLAssetLoaderServi - Loading from file system: file:/D:/Code/ProjectJavaFX/bomberman/Bomber/target/classes/assets/ui/fonts/Quinquefive-Ea6d4.ttf
16:45:27.287 [FXGL Background Thread 1 ] INFO  FXGLApplication      - FXGL initialization took: 0.414 sec
16:45:27.301 [JavaFX Application Thread] DEBUG Input                - Registered new binding: Move Up - W
16:45:27.301 [JavaFX Application Thread] DEBUG Input                - Registered new binding: Move Down - S
16:45:27.301 [JavaFX Application Thread] DEBUG Input                - Registered new binding: Move Left - A
16:45:27.301 [JavaFX Application Thread] DEBUG Input                - Registered new binding: Move Right - D
16:45:27.301 [JavaFX Application Thread] DEBUG Input                - Registered new binding: Place Bomb - Space
16:45:27.303 [JavaFX Application Thread] DEBUG FXGLAssetLoaderServi - Loading from file system: file:/D:/Code/ProjectJavaFX/bomberman/Bomber/target/classes/assets/music/title_screen.mp3
16:45:27.387 [FXGL Background Thread 4 ] DEBUG FXGLAssetLoaderServi - Loading from file system: jar:file:/C:/Users/thinh/.m2/repository/com/github/almasb/fxgl/11.17/fxgl-11.17.jar!/fxglassets/ui/fonts/Abel-Regular.ttf
16:45:27.408 [FXGL Background Thread 4 ] DEBUG FXGLAssetLoaderServi - Loading from file system: jar:file:/C:/Users/thinh/.m2/repository/com/github/almasb/fxgl/11.17/fxgl-11.17.jar!/fxglassets/ui/fonts/lucida_console.ttf
16:45:27.426 [FXGL Background Thread 4 ] DEBUG FXGLAssetLoaderServi - Loading from file system: jar:file:/C:/Users/thinh/.m2/repository/com/github/almasb/fxgl/11.17/fxgl-11.17.jar!/fxglassets/ui/fonts/Courier-Prime.ttf
16:45:27.470 [JavaFX Application Thread] DEBUG AudioPlayer          - Playing music com.almasb.fxgl.audio.Music@3489af70
16:45:27.471 [JavaFX Application Thread] DEBUG FXGLAssetLoaderServi - Loading from file system: jar:file:/C:/Users/thinh/.m2/repository/com/github/almasb/fxgl/11.17/fxgl-11.17.jar!/fxglassets/textures/fxgl_icon.png
16:45:27.507 [JavaFX Application Thread] DEBUG FXGLAssetLoaderServi - Loading from file system: jar:file:/C:/Users/thinh/.m2/repository/com/github/almasb/fxgl/11.17/fxgl-11.17.jar!/fxglassets/textures/fxgl_default_cursor.png
16:45:27.509 [JavaFX Application Thread] DEBUG Input                - Registered new binding: Screenshot - CTRL+8
16:45:27.510 [JavaFX Application Thread] DEBUG Input                - Registered new binding: System info dump - CTRL+9
16:45:27.510 [JavaFX Application Thread] DEBUG Input                - Registered new binding: Restart - CTRL+R
16:45:27.511 [JavaFX Application Thread] DEBUG Input                - Registered new binding: Toggle Debug Camera - CTRL+C
16:45:27.512 [JavaFX Application Thread] DEBUG LoopRunner           - Starting loop
16:45:27.512 [JavaFX Application Thread] DEBUG LoopRunner           - Initializing JavaFX AnimationTimerLoop
16:45:27.514 [JavaFX Application Thread] DEBUG Input                - Clearing active input actions
16:45:27.519 [JavaFX Application Thread] DEBUG GameApplicationServi - Removing overlay from FXGLStartupScene and adding to FXGLMainMenuDummyScene
16:45:27.519 [JavaFX Application Thread] DEBUG PrimaryStageWindow   - FXGLStartupScene -> FXGLMainMenuDummyScene
16:45:27.519 [JavaFX Application Thread] DEBUG PrimaryStageWindow   - Push state: BombermanMenu
16:45:27.519 [JavaFX Application Thread] DEBUG Input                - Clearing active input actions
16:45:27.522 [JavaFX Application Thread] DEBUG GameApplicationServi - Removing overlay from FXGLMainMenuDummyScene and adding to BombermanMenu
16:45:27.522 [JavaFX Application Thread] DEBUG PrimaryStageWindow   - FXGLMainMenuDummyScene -> BombermanMenu
16:45:27.523 [JavaFX Application Thread] DEBUG FXGLApplication      - Registering font factories with UI factory
16:45:29.680 [JavaFX Application Thread] DEBUG Menu                 - fireNewGame()
16:45:29.680 [JavaFX Application Thread] DEBUG GameApplicationServi - Starting new game
16:45:29.680 [JavaFX Application Thread] DEBUG PrimaryStageWindow   - Pop state: BombermanMenu
16:45:29.680 [JavaFX Application Thread] DEBUG Input                - Clearing active input actions
16:45:29.680 [JavaFX Application Thread] DEBUG GameApplicationServi - Removing overlay from BombermanMenu and adding to FXGLMainMenuDummyScene
16:45:29.681 [JavaFX Application Thread] DEBUG PrimaryStageWindow   - FXGLMainMenuDummyScene <- BombermanMenu
16:45:29.681 [JavaFX Application Thread] DEBUG Input                - Clearing active input actions
16:45:29.688 [JavaFX Application Thread] DEBUG GameApplicationServi - Removing overlay from FXGLMainMenuDummyScene and adding to FXGLLoadingScene
16:45:29.688 [JavaFX Application Thread] DEBUG PrimaryStageWindow   - FXGLMainMenuDummyScene -> FXGLLoadingScene
16:45:29.688 [JavaFX Application Thread] DEBUG GameApplicationServi - Clearing previous game
16:45:29.689 [JavaFX Application Thread] DEBUG GameScene            - Clearing game scene
16:45:29.689 [JavaFX Application Thread] DEBUG GameWorld            - Clearing game world
16:45:29.689 [JavaFX Application Thread] DEBUG PhysicsWorld         - Clearing physics world
16:45:29.693 [FXGL Background Thread 2 ] DEBUG FXGLApplication      - Initializing game
16:45:29.742 [FXGL Background Thread 2 ] WARN  TMXLevelLoader       - TiledMap generated from 1.7.2. Supported version: 1.2.3. Some features may not be parsed fully.
16:45:29.752 [FXGL Background Thread 2 ] DEBUG TMXLevelLoader       - Parsed TiledMap: file:/D:/Code/ProjectJavaFX/bomberman/Bomber/target/classes/assets/levels/level1.tmx
16:45:29.753 [FXGL Background Thread 2 ] DEBUG TMXLevelLoader       - Creating tile layer entities
16:45:29.755 [FXGL Background Thread 2 ] DEBUG TilesetLoader        - Loading view for layer Tile Layer 1
16:45:29.766 [FXGL Background Thread 2 ] DEBUG TilesetLoader        - Created buffer with size 1280.0x704.0
16:45:29.930 [FXGL Background Thread 2 ] DEBUG TMXLevelLoader       - Creating object layer entities
16:45:29.933 [FXGL Background Thread 2 ] DEBUG FXGLAssetLoaderServi - Loading from file system: file:/D:/Code/ProjectJavaFX/bomberman/Bomber/target/classes/assets/textures/powerup_bombs.png
16:45:29.937 [FXGL Background Thread 2 ] DEBUG FXGLAssetLoaderServi - Loading from file system: file:/D:/Code/ProjectJavaFX/bomberman/Bomber/target/classes/assets/textures/powerup_flames.png
16:45:29.939 [FXGL Background Thread 2 ] DEBUG FXGLAssetLoaderServi - Loading from file system: file:/D:/Code/ProjectJavaFX/bomberman/Bomber/target/classes/assets/textures/powerup_speed.png
16:45:29.942 [FXGL Background Thread 2 ] DEBUG FXGLAssetLoaderServi - Loading from file system: file:/D:/Code/ProjectJavaFX/bomberman/Bomber/target/classes/assets/textures/powerup_flamepass.png
16:45:29.944 [FXGL Background Thread 2 ] DEBUG FXGLAssetLoaderServi - Loading from file system: file:/D:/Code/ProjectJavaFX/bomberman/Bomber/target/classes/assets/textures/portal.png
16:45:29.949 [FXGL Background Thread 2 ] DEBUG FXGLAssetLoaderServi - Loading from file system: file:/D:/Code/ProjectJavaFX/bomberman/Bomber/target/classes/assets/textures/player_die.png
16:45:29.952 [FXGL Background Thread 2 ] DEBUG FXGLAssetLoaderServi - Loading from file system: file:/D:/Code/ProjectJavaFX/bomberman/Bomber/target/classes/assets/textures/player_down.png
16:45:29.954 [FXGL Background Thread 2 ] DEBUG FXGLAssetLoaderServi - Loading from file system: file:/D:/Code/ProjectJavaFX/bomberman/Bomber/target/classes/assets/textures/player_right.png
16:45:29.955 [FXGL Background Thread 2 ] DEBUG FXGLAssetLoaderServi - Loading from file system: file:/D:/Code/ProjectJavaFX/bomberman/Bomber/target/classes/assets/textures/player_up.png
16:45:29.957 [FXGL Background Thread 2 ] DEBUG FXGLAssetLoaderServi - Loading from file system: file:/D:/Code/ProjectJavaFX/bomberman/Bomber/target/classes/assets/textures/player_left.png
16:45:29.962 [FXGL Background Thread 2 ] WARN  Entity               - Entity already has component: com.almasb.fxgl.physics.PhysicsComponent
16:45:29.963 [FXGL Background Thread 2 ] DEBUG FXGLAssetLoaderServi - Loading from file system: file:/D:/Code/ProjectJavaFX/bomberman/Bomber/target/classes/assets/textures/brick.png
16:45:29.996 [FXGL Background Thread 2 ] DEBUG GameWorld            - Clearing removable entities
16:45:29.997 [FXGL Background Thread 2 ] DEBUG GameWorld            - Setting level: com.almasb.fxgl.entity.level.Level@12e121d6
16:45:30.017 [FXGL Background Thread 2 ] INFO  FXGLApplication      - Game initialization took: 0.325 sec
16:45:30.024 [JavaFX Application Thread] DEBUG Input                - Clearing active input actions
16:45:30.037 [JavaFX Application Thread] DEBUG GameApplicationServi - Removing overlay from FXGLLoadingScene and adding to GameScene
16:45:30.037 [JavaFX Application Thread] DEBUG PrimaryStageWindow   - FXGLLoadingScene -> GameScene
16:45:30.263 [FXGL Background Thread 3 ] DEBUG Engine               - Logging environment variables
16:45:30.263 [FXGL Background Thread 3 ] DEBUG Engine               - achievements: []
16:45:30.263 [FXGL Background Thread 3 ] DEBUG Engine               - actualHeight: 704.0
16:45:30.263 [FXGL Background Thread 3 ] DEBUG Engine               - actualHeightProperty: ReadOnlyDoubleProperty [value: 704.0]
16:45:30.263 [FXGL Background Thread 3 ] DEBUG Engine               - actualWidth: 704.0
16:45:30.263 [FXGL Background Thread 3 ] DEBUG Engine               - actualWidthProperty: ReadOnlyDoubleProperty [value: 704.0]
16:45:30.264 [FXGL Background Thread 3 ] DEBUG Engine               - appIcon: fxgl_icon.png
16:45:30.264 [FXGL Background Thread 3 ] DEBUG Engine               - applicationMode: DEVELOPER
16:45:30.264 [FXGL Background Thread 3 ] DEBUG Engine               - cSSList: [fxgl_dark.css]
16:45:30.264 [FXGL Background Thread 3 ] DEBUG Engine               - collisionDetectionStrategy: BRUTE_FORCE
16:45:30.264 [FXGL Background Thread 3 ] DEBUG Engine               - configClass: Optional.empty
16:45:30.264 [FXGL Background Thread 3 ] DEBUG Engine               - credits: []
16:45:30.264 [FXGL Background Thread 3 ] DEBUG Engine               - defaultCursor: CursorInfo(imageName=fxgl_default_cursor.png, hotspotX=7.0, hotspotY=6.0)
16:45:30.264 [FXGL Background Thread 3 ] DEBUG Engine               - devBBoxColorProperty: ObjectProperty [value: 0xff0000ff]
16:45:30.264 [FXGL Background Thread 3 ] DEBUG Engine               - devEnableDebugCameraProperty: BooleanProperty [value: false]
16:45:30.264 [FXGL Background Thread 3 ] DEBUG Engine               - devSensorColorProperty: ObjectProperty [value: 0xffff00ff]
16:45:30.264 [FXGL Background Thread 3 ] DEBUG Engine               - devShowBBoxProperty: BooleanProperty [value: false]
16:45:30.265 [FXGL Background Thread 3 ] DEBUG Engine               - devShowPositionProperty: BooleanProperty [value: false]
16:45:30.265 [FXGL Background Thread 3 ] DEBUG Engine               - enabledMenuItems: []
16:45:30.265 [FXGL Background Thread 3 ] DEBUG Engine               - engineServices: [class com.almasb.fxgl.app.services.FXGLAssetLoaderService, class com.almasb.fxgl.app.FXGLApplication$GameApplicationService, class com.almasb.fxgl.app.services.FXGLDialogService, class com.almasb.fxgl.app.services.IOTaskExecutorService, class com.almasb.fxgl.io.FileSystemService, class com.almasb.fxgl.localization.LocalizationService, class com.almasb.fxgl.app.services.SystemBundleService, class com.almasb.fxgl.profile.SaveLoadService, class com.almasb.fxgl.ui.FXGLUIFactoryServiceProvider, class com.almasb.fxgl.ui.FXGLDialogFactoryServiceProvider, class com.almasb.fxgl.audio.AudioPlayer, class com.almasb.fxgl.notification.impl.NotificationServiceProvider, class com.almasb.fxgl.achievement.AchievementService, class com.almasb.fxgl.cutscene.CutsceneService, class com.almasb.fxgl.minigames.MiniGameService, class com.almasb.fxgl.net.NetService, class com.almasb.fxgl.app.services.UpdaterService, class com.almasb.fxgl.dev.DevService]
16:45:30.265 [FXGL Background Thread 3 ] DEBUG Engine               - fontGame: Abel-Regular.ttf
16:45:30.265 [FXGL Background Thread 3 ] DEBUG Engine               - fontMono: lucida_console.ttf
16:45:30.265 [FXGL Background Thread 3 ] DEBUG Engine               - fontText: Courier-Prime.ttf
16:45:30.265 [FXGL Background Thread 3 ] DEBUG Engine               - fontUI: Quinquefive-Ea6d4.ttf
16:45:30.265 [FXGL Background Thread 3 ] DEBUG Engine               - fullScreen: BooleanProperty [value: false]
16:45:30.265 [FXGL Background Thread 3 ] DEBUG Engine               - gameDifficulty: MEDIUM
16:45:30.266 [FXGL Background Thread 3 ] DEBUG Engine               - gameDifficultyProperty: ObjectProperty [value: MEDIUM]
16:45:30.266 [FXGL Background Thread 3 ] DEBUG Engine               - globalMusicVolume: 0.5
16:45:30.266 [FXGL Background Thread 3 ] DEBUG Engine               - globalMusicVolumeProperty: DoubleProperty [value: 0.3]
16:45:30.266 [FXGL Background Thread 3 ] DEBUG Engine               - globalSoundVolume: 0.5
16:45:30.266 [FXGL Background Thread 3 ] DEBUG Engine               - globalSoundVolumeProperty: DoubleProperty [value: 0.3]
16:45:30.266 [FXGL Background Thread 3 ] DEBUG Engine               - height: 704
16:45:30.266 [FXGL Background Thread 3 ] DEBUG Engine               - is3D: false
16:45:30.266 [FXGL Background Thread 3 ] DEBUG Engine               - isAndroid: false
16:45:30.266 [FXGL Background Thread 3 ] DEBUG Engine               - isBrowser: false
16:45:30.266 [FXGL Background Thread 3 ] DEBUG Engine               - isClickFeedbackEnabled: false
16:45:30.266 [FXGL Background Thread 3 ] DEBUG Engine               - isCloseConfirmation: false
16:45:30.266 [FXGL Background Thread 3 ] DEBUG Engine               - isDesktop: true
16:45:30.266 [FXGL Background Thread 3 ] DEBUG Engine               - isDeveloperMenuEnabled: false
16:45:30.266 [FXGL Background Thread 3 ] DEBUG Engine               - isEntityPreloadEnabled: true
16:45:30.266 [FXGL Background Thread 3 ] DEBUG Engine               - isExperimentalTiledLargeMap: false
16:45:30.266 [FXGL Background Thread 3 ] DEBUG Engine               - isFileSystemWriteAllowed: true
16:45:30.266 [FXGL Background Thread 3 ] DEBUG Engine               - isFullScreenAllowed: false
16:45:30.267 [FXGL Background Thread 3 ] DEBUG Engine               - isFullScreenFromStart: false
16:45:30.267 [FXGL Background Thread 3 ] DEBUG Engine               - isGameMenuEnabled: true
16:45:30.267 [FXGL Background Thread 3 ] DEBUG Engine               - isIOS: false
16:45:30.267 [FXGL Background Thread 3 ] DEBUG Engine               - isIntroEnabled: false
16:45:30.267 [FXGL Background Thread 3 ] DEBUG Engine               - isLinux: false
16:45:30.267 [FXGL Background Thread 3 ] DEBUG Engine               - isMac: false
16:45:30.267 [FXGL Background Thread 3 ] DEBUG Engine               - isMainMenuEnabled: true
16:45:30.267 [FXGL Background Thread 3 ] DEBUG Engine               - isManualResizeEnabled: false
16:45:30.267 [FXGL Background Thread 3 ] DEBUG Engine               - isMobile: false
16:45:30.267 [FXGL Background Thread 3 ] DEBUG Engine               - isNative: false
16:45:30.268 [FXGL Background Thread 3 ] DEBUG Engine               - isPauseMusicWhenMinimized: true
16:45:30.268 [FXGL Background Thread 3 ] DEBUG Engine               - isPreserveResizeRatio: false
16:45:30.268 [FXGL Background Thread 3 ] DEBUG Engine               - isProfilingEnabled: false
16:45:30.268 [FXGL Background Thread 3 ] DEBUG Engine               - isScaleAffectedOnResize: true
16:45:30.268 [FXGL Background Thread 3 ] DEBUG Engine               - isSingleStep: false
16:45:30.268 [FXGL Background Thread 3 ] DEBUG Engine               - isUserProfileEnabled: false
16:45:30.268 [FXGL Background Thread 3 ] DEBUG Engine               - isWindows: true
16:45:30.268 [FXGL Background Thread 3 ] DEBUG Engine               - language: ObjectProperty [value: ENGLISH]
16:45:30.268 [FXGL Background Thread 3 ] DEBUG Engine               - menuKey: ESCAPE
16:45:30.268 [FXGL Background Thread 3 ] DEBUG Engine               - mouseSensitivity: 0.2
16:45:30.268 [FXGL Background Thread 3 ] DEBUG Engine               - notificationViewClass: class com.almasb.fxgl.notification.view.XboxNotificationView
16:45:30.268 [FXGL Background Thread 3 ] DEBUG Engine               - pixelsPerMeter: 50.0
16:45:30.269 [FXGL Background Thread 3 ] DEBUG Engine               - platform: WINDOWS
16:45:30.269 [FXGL Background Thread 3 ] DEBUG Engine               - prefHeightProperty: ReadOnlyDoubleProperty [value: 704.0]
16:45:30.269 [FXGL Background Thread 3 ] DEBUG Engine               - prefWidthProperty: ReadOnlyDoubleProperty [value: 704.0]
16:45:30.269 [FXGL Background Thread 3 ] DEBUG Engine               - profileDir: profiles/
16:45:30.269 [FXGL Background Thread 3 ] DEBUG Engine               - profileName: StringProperty [value: DEFAULT]
16:45:30.269 [FXGL Background Thread 3 ] DEBUG Engine               - randomSeed: -1
16:45:30.269 [FXGL Background Thread 3 ] DEBUG Engine               - runtimeInfo: RuntimeInfo(platform=WINDOWS, version=11.17, build=16.07.2021 15.46)
16:45:30.269 [FXGL Background Thread 3 ] DEBUG Engine               - saveFileExt: sav
16:45:30.269 [FXGL Background Thread 3 ] DEBUG Engine               - scaledHeightProp$fxgl: DoubleProperty [bound, value: 704.0]
16:45:30.269 [FXGL Background Thread 3 ] DEBUG Engine               - scaledWidthProp$fxgl: DoubleProperty [bound, value: 704.0]
16:45:30.269 [FXGL Background Thread 3 ] DEBUG Engine               - sceneFactory: Bomber.BombermanApp$1@5a3a3cb4
16:45:30.270 [FXGL Background Thread 3 ] DEBUG Engine               - secondsIn24h: 60
16:45:30.270 [FXGL Background Thread 3 ] DEBUG Engine               - soundMenuBack: menu/back.wav
16:45:30.270 [FXGL Background Thread 3 ] DEBUG Engine               - soundMenuPress: menu/press.wav
16:45:30.270 [FXGL Background Thread 3 ] DEBUG Engine               - soundMenuSelect: menu/select.wav
16:45:30.270 [FXGL Background Thread 3 ] DEBUG Engine               - soundNotification: core/notification.wav
16:45:30.270 [FXGL Background Thread 3 ] DEBUG Engine               - stageStyle: DECORATED
16:45:30.270 [FXGL Background Thread 3 ] DEBUG Engine               - supportedLanguages: [ENGLISH, FRENCH, GERMAN, HUNGARIAN, RUSSIAN]
16:45:30.270 [FXGL Background Thread 3 ] DEBUG Engine               - ticksPerSecond: -1
16:45:30.270 [FXGL Background Thread 3 ] DEBUG Engine               - title: BOMBERMAN
16:45:30.270 [FXGL Background Thread 3 ] DEBUG Engine               - urlGithub: https://github.com/AlmasB/FXGL
16:45:30.270 [FXGL Background Thread 3 ] DEBUG Engine               - urlLeaderboard: http://fxgl-top.herokuapp.com/
16:45:30.270 [FXGL Background Thread 3 ] DEBUG Engine               - urlPOM: https://raw.githubusercontent.com/AlmasB/FXGL/release/README.md
16:45:30.270 [FXGL Background Thread 3 ] DEBUG Engine               - userAppClass: class Bomber.BombermanApp
16:45:30.270 [FXGL Background Thread 3 ] DEBUG Engine               - version: 1.0
16:45:30.270 [FXGL Background Thread 3 ] DEBUG Engine               - versionCheckDays: 7
16:45:30.270 [FXGL Background Thread 3 ] DEBUG Engine               - width: 704
16:45:30.270 [FXGL Background Thread 3 ] DEBUG Engine               - Logging services
16:45:30.271 [FXGL Background Thread 3 ] DEBUG Engine               - class com.almasb.fxgl.app.services.FXGLAssetLoaderService
16:45:30.271 [FXGL Background Thread 3 ] DEBUG Engine               - class com.almasb.fxgl.app.FXGLApplication$GameApplicationService
16:45:30.271 [FXGL Background Thread 3 ] DEBUG Engine               - class com.almasb.fxgl.app.services.FXGLDialogService
16:45:30.271 [FXGL Background Thread 3 ] DEBUG Engine               - class com.almasb.fxgl.app.services.IOTaskExecutorService
16:45:30.271 [FXGL Background Thread 3 ] DEBUG Engine               - class com.almasb.fxgl.io.FileSystemService
16:45:30.271 [FXGL Background Thread 3 ] DEBUG Engine               - class com.almasb.fxgl.localization.LocalizationService
16:45:30.271 [FXGL Background Thread 3 ] DEBUG Engine               - class com.almasb.fxgl.app.services.SystemBundleService
16:45:30.271 [FXGL Background Thread 3 ] DEBUG Engine               - class com.almasb.fxgl.profile.SaveLoadService
16:45:30.271 [FXGL Background Thread 3 ] DEBUG Engine               - class com.almasb.fxgl.ui.FXGLUIFactoryServiceProvider
16:45:30.271 [FXGL Background Thread 3 ] DEBUG Engine               - class com.almasb.fxgl.ui.FXGLDialogFactoryServiceProvider
16:45:30.271 [FXGL Background Thread 3 ] DEBUG Engine               - class com.almasb.fxgl.audio.AudioPlayer
16:45:30.272 [FXGL Background Thread 3 ] DEBUG Engine               - class com.almasb.fxgl.notification.impl.NotificationServiceProvider
16:45:30.272 [FXGL Background Thread 3 ] DEBUG Engine               - class com.almasb.fxgl.achievement.AchievementService
16:45:30.272 [FXGL Background Thread 3 ] DEBUG Engine               - class com.almasb.fxgl.cutscene.CutsceneService
16:45:30.272 [FXGL Background Thread 3 ] DEBUG Engine               - class com.almasb.fxgl.minigames.MiniGameService
16:45:30.272 [FXGL Background Thread 3 ] DEBUG Engine               - class com.almasb.fxgl.net.NetService
16:45:30.272 [FXGL Background Thread 3 ] DEBUG Engine               - class com.almasb.fxgl.app.services.UpdaterService
16:45:30.272 [FXGL Background Thread 3 ] DEBUG Engine               - class com.almasb.fxgl.dev.DevService
16:45:54.055 [JavaFX Application Thread] DEBUG FXGLApplication      - Exiting FXGL
16:45:54.055 [JavaFX Application Thread] DEBUG LoopRunner           - Stopping loop
16:45:54.055 [JavaFX Application Thread] DEBUG SystemBundleService  - Saving FXGL system data
16:45:54.056 [JavaFX Application Thread] DEBUG FileSystemAccess     - Writing to: D:\Code\ProjectJavaFX\bomberman\Bomber\system\fxgl.bundle
16:45:54.057 [JavaFX Application Thread] DEBUG Async                - Shutting down background threads
16:45:54.057 [JavaFX Application Thread] DEBUG PrimaryStageWindow   - Closing main window
16:45:54.068 [JavaFX Application Thread] DEBUG Logger               - Closing Logger
