15:07:09.002 [main                     ] DEBUG Logger               - Configured Logger
15:07:09.002 [main                     ] DEBUG GameApplication      - Logging settings
Title: BOMBERMAN
Version: 1.0
Width: 720
Height: 720
Fullscreen: false
Intro: false
Profiling: false
Single step:false
App Mode: DEVELOPER
Menu Key: ESCAPE
Stage Style: DECORATED
Scene Factory: class Bomber.BombermanApp$1

15:07:09.352 [JavaFX Application Thread] DEBUG FXGLApplication      - Initializing FXGL
15:07:09.354 [JavaFX Application Thread] INFO  Engine               - FXGL-11.17 (16.07.2021 15.46) on WINDOWS (J:17.0.1 FX:16)
15:07:09.355 [JavaFX Application Thread] DEBUG Engine               - JRE Vendor Name: Oracle Corporation
15:07:09.355 [JavaFX Application Thread] DEBUG Engine               - Running on OS: Windows 10 version 10.0
15:07:09.355 [JavaFX Application Thread] DEBUG Engine               - Architecture: amd64
15:07:09.355 [JavaFX Application Thread] INFO  Engine               - Source code and latest versions at: https://github.com/AlmasB/FXGL
15:07:09.355 [JavaFX Application Thread] INFO  Engine               -              Join the FXGL chat at: https://gitter.im/AlmasB/FXGL
15:07:09.457 [JavaFX Application Thread] DEBUG PrimaryStageWindow   - Creating a JavaFX scene
15:07:09.493 [JavaFX Application Thread] DEBUG PrimaryStageWindow   - Target settings size: 720.0 x 720.0
15:07:09.493 [JavaFX Application Thread] DEBUG PrimaryStageWindow   - Scaled scene size:    720.0 x 720.0
15:07:09.493 [JavaFX Application Thread] DEBUG PrimaryStageWindow   - Scaled ratio: (1.0, 1.0)
15:07:09.494 [JavaFX Application Thread] DEBUG PrimaryStageWindow   - Set initial scene to FXGLStartupScene
15:07:09.501 [JavaFX Application Thread] DEBUG PrimaryStageWindow   - Opening main window
15:07:09.581 [JavaFX Application Thread] DEBUG PrimaryStageWindow   - Window border size: (14.4000244140625, 37.5999755859375)
15:07:09.582 [JavaFX Application Thread] DEBUG PrimaryStageWindow   - Scaled size: 720.0 x 720.0
15:07:09.582 [JavaFX Application Thread] DEBUG PrimaryStageWindow   - Scaled ratio: (1.0, 1.0)
15:07:09.582 [JavaFX Application Thread] DEBUG PrimaryStageWindow   - Scene size: 720.0 x 720.0
15:07:09.582 [JavaFX Application Thread] DEBUG PrimaryStageWindow   - Stage size: 734.4000244140625 x 757.5999755859375
15:07:09.590 [FXGL Background Thread 1 ] DEBUG Engine               - Initializing environment variables
15:07:09.663 [FXGL Background Thread 1 ] DEBUG FXGLAssetLoaderServi - User app class for loading assets: class Bomber.BombermanApp
15:07:09.664 [FXGL Background Thread 1 ] DEBUG GameApplicationServi - Applying CSS: fxgl_dark.css
15:07:09.664 [FXGL Background Thread 1 ] DEBUG FXGLAssetLoaderServi - Loading from file system: jar:file:/C:/Users/thinh/.m2/repository/com/github/almasb/fxgl/11.17/fxgl-11.17.jar!/fxglassets/ui/css/fxgl_dark.css
15:07:09.718 [FXGL Background Thread 1 ] DEBUG GameApplicationServi - Initializing application scenes
15:07:09.771 [FXGL Background Thread 1 ] DEBUG GameWorld            - Game world initialized
15:07:09.852 [FXGL Background Thread 1 ] DEBUG PhysicsWorld         - Physics world initialized: appHeight=720, physics.ppm=50.0
15:07:09.853 [FXGL Background Thread 1 ] DEBUG PhysicsWorld         - Using strategy: BRUTE_FORCE
15:07:09.856 [FXGL Background Thread 1 ] DEBUG GameScene            - Game scene initialized: 720x720
15:07:09.938 [FXGL Background Thread 1 ] DEBUG GameApplicationServi - Application scenes initialized
15:07:09.953 [FXGL Background Thread 1 ] DEBUG SystemBundleService  - Loading FXGL system data
15:07:09.963 [FXGL Background Thread 1 ] DEBUG FileSystemAccess     - Reading from: D:\Code\ProjectJavaFX\bomberman\Bomber\system\fxgl.bundle
15:07:09.970 [FXGL Background Thread 1 ] DEBUG SystemBundleService  - Bundle FXGL: {}
15:07:09.970 [FXGL Background Thread 1 ] DEBUG UpdaterService       - Checking for updates
15:07:09.979 [FXGL Background Thread 4 ] DEBUG FXGLApplication      - Loading fonts
15:07:09.979 [FXGL Background Thread 4 ] DEBUG FXGLAssetLoaderServi - Loading from file system: file:/D:/Code/ProjectJavaFX/bomberman/Bomber/target/classes/assets/ui/fonts/Quinquefive-Ea6d4.ttf
15:07:09.979 [FXGL Background Thread 1 ] DEBUG FXGLApplication      - Loading default localization
15:07:09.980 [FXGL Background Thread 1 ] DEBUG FXGLAssetLoaderServi - Loading from file system: jar:file:/C:/Users/thinh/.m2/repository/com/github/almasb/fxgl/11.17/fxgl-11.17.jar!/fxglassets/languages/english.lang
15:07:10.001 [FXGL Background Thread 1 ] INFO  FXGLApplication      - FXGL initialization took: 0.411 sec
15:07:10.016 [JavaFX Application Thread] DEBUG Input                - Registered new binding: Move Up - W
15:07:10.016 [JavaFX Application Thread] DEBUG Input                - Registered new binding: Move Down - S
15:07:10.016 [JavaFX Application Thread] DEBUG Input                - Registered new binding: Move Left - A
15:07:10.016 [JavaFX Application Thread] DEBUG Input                - Registered new binding: Move Right - D
15:07:10.017 [JavaFX Application Thread] DEBUG Input                - Registered new binding: Place Bomb - Space
15:07:10.017 [JavaFX Application Thread] DEBUG FXGLAssetLoaderServi - Loading from file system: file:/D:/Code/ProjectJavaFX/bomberman/Bomber/target/classes/assets/music/title_screen.mp3
15:07:10.086 [FXGL Background Thread 4 ] DEBUG FXGLAssetLoaderServi - Loading from file system: jar:file:/C:/Users/thinh/.m2/repository/com/github/almasb/fxgl/11.17/fxgl-11.17.jar!/fxglassets/ui/fonts/Abel-Regular.ttf
15:07:10.105 [FXGL Background Thread 4 ] DEBUG FXGLAssetLoaderServi - Loading from file system: jar:file:/C:/Users/thinh/.m2/repository/com/github/almasb/fxgl/11.17/fxgl-11.17.jar!/fxglassets/ui/fonts/lucida_console.ttf
15:07:10.126 [FXGL Background Thread 4 ] DEBUG FXGLAssetLoaderServi - Loading from file system: jar:file:/C:/Users/thinh/.m2/repository/com/github/almasb/fxgl/11.17/fxgl-11.17.jar!/fxglassets/ui/fonts/Courier-Prime.ttf
15:07:10.201 [JavaFX Application Thread] DEBUG AudioPlayer          - Playing music com.almasb.fxgl.audio.Music@315afbd3
15:07:10.202 [JavaFX Application Thread] DEBUG FXGLAssetLoaderServi - Loading from file system: jar:file:/C:/Users/thinh/.m2/repository/com/github/almasb/fxgl/11.17/fxgl-11.17.jar!/fxglassets/textures/fxgl_icon.png
15:07:10.226 [JavaFX Application Thread] DEBUG FXGLAssetLoaderServi - Loading from file system: jar:file:/C:/Users/thinh/.m2/repository/com/github/almasb/fxgl/11.17/fxgl-11.17.jar!/fxglassets/textures/fxgl_default_cursor.png
15:07:10.228 [JavaFX Application Thread] DEBUG Input                - Registered new binding: Screenshot - CTRL+8
15:07:10.229 [JavaFX Application Thread] DEBUG Input                - Registered new binding: System info dump - CTRL+9
15:07:10.229 [JavaFX Application Thread] DEBUG Input                - Registered new binding: Restart - CTRL+R
15:07:10.230 [JavaFX Application Thread] DEBUG Input                - Registered new binding: Toggle Debug Camera - CTRL+C
15:07:10.232 [JavaFX Application Thread] DEBUG LoopRunner           - Starting loop
15:07:10.232 [JavaFX Application Thread] DEBUG LoopRunner           - Initializing JavaFX AnimationTimerLoop
15:07:10.234 [JavaFX Application Thread] DEBUG Input                - Clearing active input actions
15:07:10.240 [JavaFX Application Thread] DEBUG GameApplicationServi - Removing overlay from FXGLStartupScene and adding to FXGLMainMenuDummyScene
15:07:10.240 [JavaFX Application Thread] DEBUG PrimaryStageWindow   - FXGLStartupScene -> FXGLMainMenuDummyScene
15:07:10.240 [JavaFX Application Thread] DEBUG PrimaryStageWindow   - Push state: BombermanMenu
15:07:10.240 [JavaFX Application Thread] DEBUG Input                - Clearing active input actions
15:07:10.243 [JavaFX Application Thread] DEBUG GameApplicationServi - Removing overlay from FXGLMainMenuDummyScene and adding to BombermanMenu
15:07:10.243 [JavaFX Application Thread] DEBUG PrimaryStageWindow   - FXGLMainMenuDummyScene -> BombermanMenu
15:07:10.244 [JavaFX Application Thread] DEBUG FXGLApplication      - Registering font factories with UI factory
15:07:11.639 [JavaFX Application Thread] DEBUG Menu                 - fireNewGame()
15:07:11.639 [JavaFX Application Thread] DEBUG GameApplicationServi - Starting new game
15:07:11.639 [JavaFX Application Thread] DEBUG PrimaryStageWindow   - Pop state: BombermanMenu
15:07:11.639 [JavaFX Application Thread] DEBUG Input                - Clearing active input actions
15:07:11.639 [JavaFX Application Thread] DEBUG GameApplicationServi - Removing overlay from BombermanMenu and adding to FXGLMainMenuDummyScene
15:07:11.639 [JavaFX Application Thread] DEBUG PrimaryStageWindow   - FXGLMainMenuDummyScene <- BombermanMenu
15:07:11.640 [JavaFX Application Thread] DEBUG Input                - Clearing active input actions
15:07:11.647 [JavaFX Application Thread] DEBUG GameApplicationServi - Removing overlay from FXGLMainMenuDummyScene and adding to FXGLLoadingScene
15:07:11.647 [JavaFX Application Thread] DEBUG PrimaryStageWindow   - FXGLMainMenuDummyScene -> FXGLLoadingScene
15:07:11.647 [JavaFX Application Thread] DEBUG GameApplicationServi - Clearing previous game
15:07:11.647 [JavaFX Application Thread] DEBUG GameScene            - Clearing game scene
15:07:11.647 [JavaFX Application Thread] DEBUG GameWorld            - Clearing game world
15:07:11.647 [JavaFX Application Thread] DEBUG PhysicsWorld         - Clearing physics world
15:07:11.650 [FXGL Background Thread 2 ] DEBUG FXGLApplication      - Initializing game
15:07:11.704 [FXGL Background Thread 2 ] WARN  TMXLevelLoader       - TiledMap generated from 1.7.2. Supported version: 1.2.3. Some features may not be parsed fully.
15:07:11.725 [FXGL Background Thread 2 ] DEBUG TMXLevelLoader       - Parsed TiledMap: file:/D:/Code/ProjectJavaFX/bomberman/Bomber/target/classes/assets/levels/bbm_level1.tmx
15:07:11.726 [FXGL Background Thread 2 ] DEBUG TMXLevelLoader       - Creating tile layer entities
15:07:11.727 [FXGL Background Thread 2 ] DEBUG TilesetLoader        - Loading view for layer Tile Layer 1
15:07:11.731 [FXGL Background Thread 2 ] DEBUG TilesetLoader        - Created buffer with size 1488.0x720.0
15:07:11.868 [FXGL Background Thread 2 ] DEBUG TMXLevelLoader       - Creating object layer entities
15:07:11.920 [FXGL Background Thread 2 ] DEBUG FXGLAssetLoaderServi - Loading from file system: file:/D:/Code/ProjectJavaFX/bomberman/Bomber/target/classes/assets/textures/player_die.png
15:07:11.924 [FXGL Background Thread 2 ] DEBUG FXGLAssetLoaderServi - Loading from file system: file:/D:/Code/ProjectJavaFX/bomberman/Bomber/target/classes/assets/textures/player_down.png
15:07:11.926 [FXGL Background Thread 2 ] DEBUG FXGLAssetLoaderServi - Loading from file system: file:/D:/Code/ProjectJavaFX/bomberman/Bomber/target/classes/assets/textures/player_right.png
15:07:11.926 [FXGL Background Thread 2 ] DEBUG FXGLAssetLoaderServi - Loading from file system: file:/D:/Code/ProjectJavaFX/bomberman/Bomber/target/classes/assets/textures/player_up.png
15:07:11.927 [FXGL Background Thread 2 ] DEBUG FXGLAssetLoaderServi - Loading from file system: file:/D:/Code/ProjectJavaFX/bomberman/Bomber/target/classes/assets/textures/player_left.png
15:07:11.930 [FXGL Background Thread 2 ] WARN  Entity               - Entity already has component: com.almasb.fxgl.physics.PhysicsComponent
15:07:11.931 [FXGL Background Thread 2 ] DEBUG FXGLAssetLoaderServi - Loading from file system: file:/D:/Code/ProjectJavaFX/bomberman/Bomber/target/classes/assets/textures/brick.png
15:07:11.974 [FXGL Background Thread 2 ] DEBUG FXGLAssetLoaderServi - Loading from file system: file:/D:/Code/ProjectJavaFX/bomberman/Bomber/target/classes/assets/textures/powerup_speed.png
15:07:11.977 [FXGL Background Thread 2 ] DEBUG FXGLAssetLoaderServi - Loading from file system: file:/D:/Code/ProjectJavaFX/bomberman/Bomber/target/classes/assets/textures/powerup_flames.png
15:07:11.978 [FXGL Background Thread 2 ] DEBUG FXGLAssetLoaderServi - Loading from file system: file:/D:/Code/ProjectJavaFX/bomberman/Bomber/target/classes/assets/textures/powerup_bombs.png
15:07:11.980 [FXGL Background Thread 2 ] DEBUG FXGLAssetLoaderServi - Loading from file system: file:/D:/Code/ProjectJavaFX/bomberman/Bomber/target/classes/assets/textures/powerup_flamepass.png
15:07:11.987 [FXGL Background Thread 2 ] DEBUG FXGLAssetLoaderServi - Loading from file system: file:/D:/Code/ProjectJavaFX/bomberman/Bomber/target/classes/assets/textures/portal.png
15:07:11.989 [FXGL Background Thread 2 ] DEBUG GameWorld            - Clearing removable entities
15:07:11.990 [FXGL Background Thread 2 ] DEBUG GameWorld            - Setting level: com.almasb.fxgl.entity.level.Level@5c4e7862
15:07:12.055 [FXGL Background Thread 2 ] INFO  FXGLApplication      - Game initialization took: 0.406 sec
15:07:12.068 [JavaFX Application Thread] DEBUG Input                - Clearing active input actions
15:07:12.082 [JavaFX Application Thread] DEBUG GameApplicationServi - Removing overlay from FXGLLoadingScene and adding to GameScene
15:07:12.084 [JavaFX Application Thread] DEBUG PrimaryStageWindow   - FXGLLoadingScene -> GameScene
15:07:12.977 [FXGL Background Thread 3 ] DEBUG Engine               - Logging environment variables
15:07:12.978 [FXGL Background Thread 3 ] DEBUG Engine               - achievements: []
15:07:12.978 [FXGL Background Thread 3 ] DEBUG Engine               - actualHeight: 720.0
15:07:12.978 [FXGL Background Thread 3 ] DEBUG Engine               - actualHeightProperty: ReadOnlyDoubleProperty [value: 720.0]
15:07:12.978 [FXGL Background Thread 3 ] DEBUG Engine               - actualWidth: 720.0
15:07:12.978 [FXGL Background Thread 3 ] DEBUG Engine               - actualWidthProperty: ReadOnlyDoubleProperty [value: 720.0]
15:07:12.978 [FXGL Background Thread 3 ] DEBUG Engine               - appIcon: fxgl_icon.png
15:07:12.978 [FXGL Background Thread 3 ] DEBUG Engine               - applicationMode: DEVELOPER
15:07:12.978 [FXGL Background Thread 3 ] DEBUG Engine               - cSSList: [fxgl_dark.css]
15:07:12.978 [FXGL Background Thread 3 ] DEBUG Engine               - collisionDetectionStrategy: BRUTE_FORCE
15:07:12.979 [FXGL Background Thread 3 ] DEBUG Engine               - configClass: Optional.empty
15:07:12.979 [FXGL Background Thread 3 ] DEBUG Engine               - credits: []
15:07:12.979 [FXGL Background Thread 3 ] DEBUG Engine               - defaultCursor: CursorInfo(imageName=fxgl_default_cursor.png, hotspotX=7.0, hotspotY=6.0)
15:07:12.980 [FXGL Background Thread 3 ] DEBUG Engine               - devBBoxColorProperty: ObjectProperty [value: 0xff0000ff]
15:07:12.980 [FXGL Background Thread 3 ] DEBUG Engine               - devEnableDebugCameraProperty: BooleanProperty [value: false]
15:07:12.980 [FXGL Background Thread 3 ] DEBUG Engine               - devSensorColorProperty: ObjectProperty [value: 0xffff00ff]
15:07:12.980 [FXGL Background Thread 3 ] DEBUG Engine               - devShowBBoxProperty: BooleanProperty [value: false]
15:07:12.980 [FXGL Background Thread 3 ] DEBUG Engine               - devShowPositionProperty: BooleanProperty [value: false]
15:07:12.980 [FXGL Background Thread 3 ] DEBUG Engine               - enabledMenuItems: []
15:07:12.980 [FXGL Background Thread 3 ] DEBUG Engine               - engineServices: [class com.almasb.fxgl.app.services.FXGLAssetLoaderService, class com.almasb.fxgl.app.FXGLApplication$GameApplicationService, class com.almasb.fxgl.app.services.FXGLDialogService, class com.almasb.fxgl.app.services.IOTaskExecutorService, class com.almasb.fxgl.io.FileSystemService, class com.almasb.fxgl.localization.LocalizationService, class com.almasb.fxgl.app.services.SystemBundleService, class com.almasb.fxgl.profile.SaveLoadService, class com.almasb.fxgl.ui.FXGLUIFactoryServiceProvider, class com.almasb.fxgl.ui.FXGLDialogFactoryServiceProvider, class com.almasb.fxgl.audio.AudioPlayer, class com.almasb.fxgl.notification.impl.NotificationServiceProvider, class com.almasb.fxgl.achievement.AchievementService, class com.almasb.fxgl.cutscene.CutsceneService, class com.almasb.fxgl.minigames.MiniGameService, class com.almasb.fxgl.net.NetService, class com.almasb.fxgl.app.services.UpdaterService, class com.almasb.fxgl.dev.DevService]
15:07:12.980 [FXGL Background Thread 3 ] DEBUG Engine               - fontGame: Abel-Regular.ttf
15:07:12.981 [FXGL Background Thread 3 ] DEBUG Engine               - fontMono: lucida_console.ttf
15:07:12.981 [FXGL Background Thread 3 ] DEBUG Engine               - fontText: Courier-Prime.ttf
15:07:12.981 [FXGL Background Thread 3 ] DEBUG Engine               - fontUI: Quinquefive-Ea6d4.ttf
15:07:12.981 [FXGL Background Thread 3 ] DEBUG Engine               - fullScreen: BooleanProperty [value: false]
15:07:12.981 [FXGL Background Thread 3 ] DEBUG Engine               - gameDifficulty: MEDIUM
15:07:12.981 [FXGL Background Thread 3 ] DEBUG Engine               - gameDifficultyProperty: ObjectProperty [value: MEDIUM]
15:07:12.981 [FXGL Background Thread 3 ] DEBUG Engine               - globalMusicVolume: 0.5
15:07:12.982 [FXGL Background Thread 3 ] DEBUG Engine               - globalMusicVolumeProperty: DoubleProperty [value: 0.1]
15:07:12.982 [FXGL Background Thread 3 ] DEBUG Engine               - globalSoundVolume: 0.5
15:07:12.982 [FXGL Background Thread 3 ] DEBUG Engine               - globalSoundVolumeProperty: DoubleProperty [value: 0.1]
15:07:12.982 [FXGL Background Thread 3 ] DEBUG Engine               - height: 720
15:07:12.982 [FXGL Background Thread 3 ] DEBUG Engine               - is3D: false
15:07:12.982 [FXGL Background Thread 3 ] DEBUG Engine               - isAndroid: false
15:07:12.982 [FXGL Background Thread 3 ] DEBUG Engine               - isBrowser: false
15:07:12.982 [FXGL Background Thread 3 ] DEBUG Engine               - isClickFeedbackEnabled: false
15:07:12.982 [FXGL Background Thread 3 ] DEBUG Engine               - isCloseConfirmation: false
15:07:12.982 [FXGL Background Thread 3 ] DEBUG Engine               - isDesktop: true
15:07:12.982 [FXGL Background Thread 3 ] DEBUG Engine               - isDeveloperMenuEnabled: false
15:07:12.982 [FXGL Background Thread 3 ] DEBUG Engine               - isEntityPreloadEnabled: true
15:07:12.982 [FXGL Background Thread 3 ] DEBUG Engine               - isExperimentalTiledLargeMap: false
15:07:12.982 [FXGL Background Thread 3 ] DEBUG Engine               - isFileSystemWriteAllowed: true
15:07:12.982 [FXGL Background Thread 3 ] DEBUG Engine               - isFullScreenAllowed: false
15:07:12.982 [FXGL Background Thread 3 ] DEBUG Engine               - isFullScreenFromStart: false
15:07:12.983 [FXGL Background Thread 3 ] DEBUG Engine               - isGameMenuEnabled: true
15:07:12.983 [FXGL Background Thread 3 ] DEBUG Engine               - isIOS: false
15:07:12.983 [FXGL Background Thread 3 ] DEBUG Engine               - isIntroEnabled: false
15:07:12.983 [FXGL Background Thread 3 ] DEBUG Engine               - isLinux: false
15:07:12.983 [FXGL Background Thread 3 ] DEBUG Engine               - isMac: false
15:07:12.983 [FXGL Background Thread 3 ] DEBUG Engine               - isMainMenuEnabled: true
15:07:12.983 [FXGL Background Thread 3 ] DEBUG Engine               - isManualResizeEnabled: true
15:07:12.983 [FXGL Background Thread 3 ] DEBUG Engine               - isMobile: false
15:07:12.983 [FXGL Background Thread 3 ] DEBUG Engine               - isNative: false
15:07:12.983 [FXGL Background Thread 3 ] DEBUG Engine               - isPauseMusicWhenMinimized: true
15:07:12.983 [FXGL Background Thread 3 ] DEBUG Engine               - isPreserveResizeRatio: true
15:07:12.983 [FXGL Background Thread 3 ] DEBUG Engine               - isProfilingEnabled: false
15:07:12.984 [FXGL Background Thread 3 ] DEBUG Engine               - isScaleAffectedOnResize: true
15:07:12.984 [FXGL Background Thread 3 ] DEBUG Engine               - isSingleStep: false
15:07:12.984 [FXGL Background Thread 3 ] DEBUG Engine               - isUserProfileEnabled: false
15:07:12.984 [FXGL Background Thread 3 ] DEBUG Engine               - isWindows: true
15:07:12.984 [FXGL Background Thread 3 ] DEBUG Engine               - language: ObjectProperty [value: ENGLISH]
15:07:12.984 [FXGL Background Thread 3 ] DEBUG Engine               - menuKey: ESCAPE
15:07:12.984 [FXGL Background Thread 3 ] DEBUG Engine               - mouseSensitivity: 0.2
15:07:12.984 [FXGL Background Thread 3 ] DEBUG Engine               - notificationViewClass: class com.almasb.fxgl.notification.view.XboxNotificationView
15:07:12.984 [FXGL Background Thread 3 ] DEBUG Engine               - pixelsPerMeter: 50.0
15:07:12.985 [FXGL Background Thread 3 ] DEBUG Engine               - platform: WINDOWS
15:07:12.985 [FXGL Background Thread 3 ] DEBUG Engine               - prefHeightProperty: ReadOnlyDoubleProperty [value: 720.0]
15:07:12.985 [FXGL Background Thread 3 ] DEBUG Engine               - prefWidthProperty: ReadOnlyDoubleProperty [value: 720.0]
15:07:12.985 [FXGL Background Thread 3 ] DEBUG Engine               - profileDir: profiles/
15:07:12.985 [FXGL Background Thread 3 ] DEBUG Engine               - profileName: StringProperty [value: DEFAULT]
15:07:12.985 [FXGL Background Thread 3 ] DEBUG Engine               - randomSeed: -1
15:07:12.985 [FXGL Background Thread 3 ] DEBUG Engine               - runtimeInfo: RuntimeInfo(platform=WINDOWS, version=11.17, build=16.07.2021 15.46)
15:07:12.985 [FXGL Background Thread 3 ] DEBUG Engine               - saveFileExt: sav
15:07:12.985 [FXGL Background Thread 3 ] DEBUG Engine               - scaledHeightProp$fxgl: DoubleProperty [bound, value: 720.0]
15:07:12.985 [FXGL Background Thread 3 ] DEBUG Engine               - scaledWidthProp$fxgl: DoubleProperty [bound, value: 720.0]
15:07:12.985 [FXGL Background Thread 3 ] DEBUG Engine               - sceneFactory: Bomber.BombermanApp$1@2c91cac8
15:07:12.986 [FXGL Background Thread 3 ] DEBUG Engine               - secondsIn24h: 60
15:07:12.986 [FXGL Background Thread 3 ] DEBUG Engine               - soundMenuBack: menu/back.wav
15:07:12.986 [FXGL Background Thread 3 ] DEBUG Engine               - soundMenuPress: menu/press.wav
15:07:12.986 [FXGL Background Thread 3 ] DEBUG Engine               - soundMenuSelect: menu/select.wav
15:07:12.986 [FXGL Background Thread 3 ] DEBUG Engine               - soundNotification: core/notification.wav
15:07:12.986 [FXGL Background Thread 3 ] DEBUG Engine               - stageStyle: DECORATED
15:07:12.986 [FXGL Background Thread 3 ] DEBUG Engine               - supportedLanguages: [ENGLISH, FRENCH, GERMAN, HUNGARIAN, RUSSIAN]
15:07:12.986 [FXGL Background Thread 3 ] DEBUG Engine               - ticksPerSecond: -1
15:07:12.986 [FXGL Background Thread 3 ] DEBUG Engine               - title: BOMBERMAN
15:07:12.987 [FXGL Background Thread 3 ] DEBUG Engine               - urlGithub: https://github.com/AlmasB/FXGL
15:07:12.987 [FXGL Background Thread 3 ] DEBUG Engine               - urlLeaderboard: http://fxgl-top.herokuapp.com/
15:07:12.987 [FXGL Background Thread 3 ] DEBUG Engine               - urlPOM: https://raw.githubusercontent.com/AlmasB/FXGL/release/README.md
15:07:12.987 [FXGL Background Thread 3 ] DEBUG Engine               - userAppClass: class Bomber.BombermanApp
15:07:12.987 [FXGL Background Thread 3 ] DEBUG Engine               - version: 1.0
15:07:12.987 [FXGL Background Thread 3 ] DEBUG Engine               - versionCheckDays: 7
15:07:12.987 [FXGL Background Thread 3 ] DEBUG Engine               - width: 720
15:07:12.987 [FXGL Background Thread 3 ] DEBUG Engine               - Logging services
15:07:12.987 [FXGL Background Thread 3 ] DEBUG Engine               - class com.almasb.fxgl.app.services.FXGLAssetLoaderService
15:07:12.987 [FXGL Background Thread 3 ] DEBUG Engine               - class com.almasb.fxgl.app.FXGLApplication$GameApplicationService
15:07:12.987 [FXGL Background Thread 3 ] DEBUG Engine               - class com.almasb.fxgl.app.services.FXGLDialogService
15:07:12.987 [FXGL Background Thread 3 ] DEBUG Engine               - class com.almasb.fxgl.app.services.IOTaskExecutorService
15:07:12.987 [FXGL Background Thread 3 ] DEBUG Engine               - class com.almasb.fxgl.io.FileSystemService
15:07:12.987 [FXGL Background Thread 3 ] DEBUG Engine               - class com.almasb.fxgl.localization.LocalizationService
15:07:12.987 [FXGL Background Thread 3 ] DEBUG Engine               - class com.almasb.fxgl.app.services.SystemBundleService
15:07:12.987 [FXGL Background Thread 3 ] DEBUG Engine               - class com.almasb.fxgl.profile.SaveLoadService
15:07:12.988 [FXGL Background Thread 3 ] DEBUG Engine               - class com.almasb.fxgl.ui.FXGLUIFactoryServiceProvider
15:07:12.988 [FXGL Background Thread 3 ] DEBUG Engine               - class com.almasb.fxgl.ui.FXGLDialogFactoryServiceProvider
15:07:12.988 [FXGL Background Thread 3 ] DEBUG Engine               - class com.almasb.fxgl.audio.AudioPlayer
15:07:12.988 [FXGL Background Thread 3 ] DEBUG Engine               - class com.almasb.fxgl.notification.impl.NotificationServiceProvider
15:07:12.988 [FXGL Background Thread 3 ] DEBUG Engine               - class com.almasb.fxgl.achievement.AchievementService
15:07:12.988 [FXGL Background Thread 3 ] DEBUG Engine               - class com.almasb.fxgl.cutscene.CutsceneService
15:07:12.988 [FXGL Background Thread 3 ] DEBUG Engine               - class com.almasb.fxgl.minigames.MiniGameService
15:07:12.988 [FXGL Background Thread 3 ] DEBUG Engine               - class com.almasb.fxgl.net.NetService
15:07:12.988 [FXGL Background Thread 3 ] DEBUG Engine               - class com.almasb.fxgl.app.services.UpdaterService
15:07:12.988 [FXGL Background Thread 3 ] DEBUG Engine               - class com.almasb.fxgl.dev.DevService
15:07:13.183 [JavaFX Application Thread] DEBUG FXGLAssetLoaderServi - Loading from file system: file:/D:/Code/ProjectJavaFX/bomberman/Bomber/target/classes/assets/textures/bomb_ani.png
15:07:15.273 [JavaFX Application Thread] DEBUG FXGLAssetLoaderServi - Loading from file system: file:/D:/Code/ProjectJavaFX/bomberman/Bomber/target/classes/assets/textures/bomb_exploded_1.png
15:07:15.282 [JavaFX Application Thread] DEBUG FXGLAssetLoaderServi - Loading from file system: file:/D:/Code/ProjectJavaFX/bomberman/Bomber/target/classes/assets/textures/brick_break.png
15:07:23.582 [JavaFX Application Thread] DEBUG FXGLApplication      - Exiting FXGL
15:07:23.582 [JavaFX Application Thread] DEBUG LoopRunner           - Stopping loop
15:07:23.582 [JavaFX Application Thread] DEBUG SystemBundleService  - Saving FXGL system data
15:07:23.583 [JavaFX Application Thread] DEBUG FileSystemAccess     - Writing to: D:\Code\ProjectJavaFX\bomberman\Bomber\system\fxgl.bundle
15:07:23.584 [JavaFX Application Thread] DEBUG Async                - Shutting down background threads
15:07:23.585 [JavaFX Application Thread] DEBUG PrimaryStageWindow   - Closing main window
15:07:23.595 [JavaFX Application Thread] DEBUG Logger               - Closing Logger
