18:58:00.503 [main                     ] DEBUG Logger               - Configured Logger
18:58:00.503 [main                     ] DEBUG GameApplication      - Logging settings
Title: BOMBERMAN
Version: 1.0
Width: 720
Height: 720
Fullscreen: false
Intro: false
Profiling: false
Single step:false
App Mode: DEVELOPER
Menu Key: ESCAPE
Stage Style: DECORATED
Scene Factory: class Bomber.BombermanApp$1

18:58:00.873 [JavaFX Application Thread] DEBUG FXGLApplication      - Initializing FXGL
18:58:00.876 [JavaFX Application Thread] INFO  Engine               - FXGL-11.17 (16.07.2021 15.46) on WINDOWS (J:17.0.1 FX:16)
18:58:00.877 [JavaFX Application Thread] DEBUG Engine               - JRE Vendor Name: Oracle Corporation
18:58:00.877 [JavaFX Application Thread] DEBUG Engine               - Running on OS: Windows 10 version 10.0
18:58:00.877 [JavaFX Application Thread] DEBUG Engine               - Architecture: amd64
18:58:00.877 [JavaFX Application Thread] INFO  Engine               - Source code and latest versions at: https://github.com/AlmasB/FXGL
18:58:00.877 [JavaFX Application Thread] INFO  Engine               -              Join the FXGL chat at: https://gitter.im/AlmasB/FXGL
18:58:00.985 [JavaFX Application Thread] DEBUG PrimaryStageWindow   - Creating a JavaFX scene
18:58:01.022 [JavaFX Application Thread] DEBUG PrimaryStageWindow   - Target settings size: 720.0 x 720.0
18:58:01.022 [JavaFX Application Thread] DEBUG PrimaryStageWindow   - Scaled scene size:    720.0 x 720.0
18:58:01.022 [JavaFX Application Thread] DEBUG PrimaryStageWindow   - Scaled ratio: (1.0, 1.0)
18:58:01.023 [JavaFX Application Thread] DEBUG PrimaryStageWindow   - Set initial scene to FXGLStartupScene
18:58:01.030 [JavaFX Application Thread] DEBUG PrimaryStageWindow   - Opening main window
18:58:01.107 [JavaFX Application Thread] DEBUG PrimaryStageWindow   - Window border size: (14.4000244140625, 37.5999755859375)
18:58:01.107 [JavaFX Application Thread] DEBUG PrimaryStageWindow   - Scaled size: 720.0 x 720.0
18:58:01.108 [JavaFX Application Thread] DEBUG PrimaryStageWindow   - Scaled ratio: (1.0, 1.0)
18:58:01.108 [JavaFX Application Thread] DEBUG PrimaryStageWindow   - Scene size: 720.0 x 720.0
18:58:01.108 [JavaFX Application Thread] DEBUG PrimaryStageWindow   - Stage size: 734.4000244140625 x 757.5999755859375
18:58:01.121 [FXGL Background Thread 1 ] DEBUG Engine               - Initializing environment variables
18:58:01.193 [FXGL Background Thread 1 ] DEBUG FXGLAssetLoaderServi - User app class for loading assets: class Bomber.BombermanApp
18:58:01.194 [FXGL Background Thread 1 ] DEBUG GameApplicationServi - Applying CSS: fxgl_dark.css
18:58:01.195 [FXGL Background Thread 1 ] DEBUG FXGLAssetLoaderServi - Loading from file system: jar:file:/C:/Users/thinh/.m2/repository/com/github/almasb/fxgl/11.17/fxgl-11.17.jar!/fxglassets/ui/css/fxgl_dark.css
18:58:01.253 [FXGL Background Thread 1 ] DEBUG GameApplicationServi - Initializing application scenes
18:58:01.307 [FXGL Background Thread 1 ] DEBUG GameWorld            - Game world initialized
18:58:01.368 [FXGL Background Thread 1 ] DEBUG PhysicsWorld         - Physics world initialized: appHeight=720, physics.ppm=50.0
18:58:01.368 [FXGL Background Thread 1 ] DEBUG PhysicsWorld         - Using strategy: BRUTE_FORCE
18:58:01.370 [FXGL Background Thread 1 ] DEBUG GameScene            - Game scene initialized: 720x720
18:58:01.441 [FXGL Background Thread 1 ] DEBUG GameApplicationServi - Application scenes initialized
18:58:01.458 [FXGL Background Thread 1 ] DEBUG SystemBundleService  - Loading FXGL system data
18:58:01.466 [FXGL Background Thread 1 ] DEBUG FileSystemAccess     - Reading from: D:\Code\ProjectJavaFX\bomberman\Bomber\system\fxgl.bundle
18:58:01.472 [FXGL Background Thread 1 ] DEBUG SystemBundleService  - Bundle FXGL: {}
18:58:01.472 [FXGL Background Thread 1 ] DEBUG UpdaterService       - Checking for updates
18:58:01.511 [FXGL Background Thread 4 ] DEBUG FXGLApplication      - Loading fonts
18:58:01.512 [FXGL Background Thread 4 ] DEBUG FXGLAssetLoaderServi - Loading from file system: file:/D:/Code/ProjectJavaFX/bomberman/Bomber/target/classes/assets/ui/fonts/Quinquefive-Ea6d4.ttf
18:58:01.512 [FXGL Background Thread 1 ] DEBUG FXGLApplication      - Loading default localization
18:58:01.512 [FXGL Background Thread 1 ] DEBUG FXGLAssetLoaderServi - Loading from file system: jar:file:/C:/Users/thinh/.m2/repository/com/github/almasb/fxgl/11.17/fxgl-11.17.jar!/fxglassets/languages/english.lang
18:58:01.540 [FXGL Background Thread 1 ] INFO  FXGLApplication      - FXGL initialization took: 0.420 sec
18:58:01.554 [JavaFX Application Thread] DEBUG Input                - Registered new binding: Move Up - W
18:58:01.554 [JavaFX Application Thread] DEBUG Input                - Registered new binding: Move Down - S
18:58:01.554 [JavaFX Application Thread] DEBUG Input                - Registered new binding: Move Left - A
18:58:01.554 [JavaFX Application Thread] DEBUG Input                - Registered new binding: Move Right - D
18:58:01.554 [JavaFX Application Thread] DEBUG Input                - Registered new binding: Place Bomb - Space
18:58:01.555 [JavaFX Application Thread] DEBUG FXGLAssetLoaderServi - Loading from file system: file:/D:/Code/ProjectJavaFX/bomberman/Bomber/target/classes/assets/music/title_screen.mp3
18:58:01.600 [FXGL Background Thread 4 ] DEBUG FXGLAssetLoaderServi - Loading from file system: jar:file:/C:/Users/thinh/.m2/repository/com/github/almasb/fxgl/11.17/fxgl-11.17.jar!/fxglassets/ui/fonts/Abel-Regular.ttf
18:58:01.614 [FXGL Background Thread 4 ] DEBUG FXGLAssetLoaderServi - Loading from file system: jar:file:/C:/Users/thinh/.m2/repository/com/github/almasb/fxgl/11.17/fxgl-11.17.jar!/fxglassets/ui/fonts/lucida_console.ttf
18:58:01.633 [FXGL Background Thread 4 ] DEBUG FXGLAssetLoaderServi - Loading from file system: jar:file:/C:/Users/thinh/.m2/repository/com/github/almasb/fxgl/11.17/fxgl-11.17.jar!/fxglassets/ui/fonts/Courier-Prime.ttf
18:58:01.693 [JavaFX Application Thread] DEBUG AudioPlayer          - Playing music com.almasb.fxgl.audio.Music@1d1b86e3
18:58:01.693 [JavaFX Application Thread] DEBUG FXGLAssetLoaderServi - Loading from file system: jar:file:/C:/Users/thinh/.m2/repository/com/github/almasb/fxgl/11.17/fxgl-11.17.jar!/fxglassets/textures/fxgl_icon.png
18:58:01.730 [JavaFX Application Thread] DEBUG FXGLAssetLoaderServi - Loading from file system: jar:file:/C:/Users/thinh/.m2/repository/com/github/almasb/fxgl/11.17/fxgl-11.17.jar!/fxglassets/textures/fxgl_default_cursor.png
18:58:01.732 [JavaFX Application Thread] DEBUG Input                - Registered new binding: Screenshot - CTRL+8
18:58:01.732 [JavaFX Application Thread] DEBUG Input                - Registered new binding: Dev Options - 1
18:58:01.733 [JavaFX Application Thread] DEBUG Input                - Registered new binding: Dev Console - 2
18:58:01.733 [JavaFX Application Thread] DEBUG Input                - Registered new binding: System info dump - CTRL+9
18:58:01.733 [JavaFX Application Thread] DEBUG Input                - Registered new binding: Restart - CTRL+R
18:58:01.734 [JavaFX Application Thread] DEBUG Input                - Registered new binding: Toggle Debug Camera - CTRL+C
18:58:01.736 [JavaFX Application Thread] DEBUG LoopRunner           - Starting loop
18:58:01.748 [JavaFX Application Thread] DEBUG LoopRunner           - Initializing JavaFX AnimationTimerLoop
18:58:01.751 [JavaFX Application Thread] DEBUG Input                - Clearing active input actions
18:58:01.766 [JavaFX Application Thread] DEBUG GameApplicationServi - Removing overlay from FXGLStartupScene and adding to FXGLMainMenuDummyScene
18:58:01.770 [JavaFX Application Thread] DEBUG PrimaryStageWindow   - FXGLStartupScene -> FXGLMainMenuDummyScene
18:58:01.771 [JavaFX Application Thread] DEBUG PrimaryStageWindow   - Push state: BombermanMenu
18:58:01.771 [JavaFX Application Thread] DEBUG Input                - Clearing active input actions
18:58:01.776 [JavaFX Application Thread] DEBUG GameApplicationServi - Removing overlay from FXGLMainMenuDummyScene and adding to BombermanMenu
18:58:01.776 [JavaFX Application Thread] DEBUG PrimaryStageWindow   - FXGLMainMenuDummyScene -> BombermanMenu
18:58:01.777 [JavaFX Application Thread] DEBUG FXGLApplication      - Registering font factories with UI factory
18:58:04.323 [JavaFX Application Thread] DEBUG Menu                 - fireNewGame()
18:58:04.323 [JavaFX Application Thread] DEBUG GameApplicationServi - Starting new game
18:58:04.323 [JavaFX Application Thread] DEBUG PrimaryStageWindow   - Pop state: BombermanMenu
18:58:04.323 [JavaFX Application Thread] DEBUG Input                - Clearing active input actions
18:58:04.324 [JavaFX Application Thread] DEBUG GameApplicationServi - Removing overlay from BombermanMenu and adding to FXGLMainMenuDummyScene
18:58:04.325 [JavaFX Application Thread] DEBUG PrimaryStageWindow   - FXGLMainMenuDummyScene <- BombermanMenu
18:58:04.326 [JavaFX Application Thread] DEBUG Input                - Clearing active input actions
18:58:04.330 [JavaFX Application Thread] DEBUG GameApplicationServi - Removing overlay from FXGLMainMenuDummyScene and adding to FXGLLoadingScene
18:58:04.331 [JavaFX Application Thread] DEBUG PrimaryStageWindow   - FXGLMainMenuDummyScene -> FXGLLoadingScene
18:58:04.331 [JavaFX Application Thread] DEBUG GameApplicationServi - Clearing previous game
18:58:04.331 [JavaFX Application Thread] DEBUG GameScene            - Clearing game scene
18:58:04.331 [JavaFX Application Thread] DEBUG GameWorld            - Clearing game world
18:58:04.331 [JavaFX Application Thread] DEBUG PhysicsWorld         - Clearing physics world
18:58:04.333 [FXGL Background Thread 2 ] DEBUG FXGLApplication      - Initializing game
18:58:04.380 [FXGL Background Thread 2 ] WARN  TMXLevelLoader       - TiledMap generated from 1.7.2. Supported version: 1.2.3. Some features may not be parsed fully.
18:58:04.402 [FXGL Background Thread 2 ] DEBUG TMXLevelLoader       - Parsed TiledMap: file:/D:/Code/ProjectJavaFX/bomberman/Bomber/target/classes/assets/levels/bbm_level1.tmx
18:58:04.404 [FXGL Background Thread 2 ] DEBUG TMXLevelLoader       - Creating tile layer entities
18:58:04.405 [FXGL Background Thread 2 ] DEBUG TilesetLoader        - Loading view for layer Tile Layer 1
18:58:04.411 [FXGL Background Thread 2 ] DEBUG TilesetLoader        - Created buffer with size 1488.0x720.0
18:58:04.510 [FXGL Background Thread 3 ] DEBUG Engine               - Logging environment variables
18:58:04.510 [FXGL Background Thread 3 ] DEBUG Engine               - achievements: []
18:58:04.511 [FXGL Background Thread 3 ] DEBUG Engine               - actualHeight: 720.0
18:58:04.511 [FXGL Background Thread 3 ] DEBUG Engine               - actualHeightProperty: ReadOnlyDoubleProperty [value: 720.0]
18:58:04.511 [FXGL Background Thread 3 ] DEBUG Engine               - actualWidth: 720.0
18:58:04.511 [FXGL Background Thread 3 ] DEBUG Engine               - actualWidthProperty: ReadOnlyDoubleProperty [value: 720.0]
18:58:04.512 [FXGL Background Thread 3 ] DEBUG Engine               - appIcon: fxgl_icon.png
18:58:04.512 [FXGL Background Thread 3 ] DEBUG Engine               - applicationMode: DEVELOPER
18:58:04.512 [FXGL Background Thread 3 ] DEBUG Engine               - cSSList: [fxgl_dark.css]
18:58:04.512 [FXGL Background Thread 3 ] DEBUG Engine               - collisionDetectionStrategy: BRUTE_FORCE
18:58:04.513 [FXGL Background Thread 3 ] DEBUG Engine               - configClass: Optional.empty
18:58:04.513 [FXGL Background Thread 3 ] DEBUG Engine               - credits: []
18:58:04.518 [FXGL Background Thread 3 ] DEBUG Engine               - defaultCursor: CursorInfo(imageName=fxgl_default_cursor.png, hotspotX=7.0, hotspotY=6.0)
18:58:04.518 [FXGL Background Thread 3 ] DEBUG Engine               - devBBoxColorProperty: ObjectProperty [value: 0xff0000ff]
18:58:04.519 [FXGL Background Thread 3 ] DEBUG Engine               - devEnableDebugCameraProperty: BooleanProperty [value: false]
18:58:04.519 [FXGL Background Thread 3 ] DEBUG Engine               - devSensorColorProperty: ObjectProperty [value: 0xffff00ff]
18:58:04.519 [FXGL Background Thread 3 ] DEBUG Engine               - devShowBBoxProperty: BooleanProperty [value: false]
18:58:04.519 [FXGL Background Thread 3 ] DEBUG Engine               - devShowPositionProperty: BooleanProperty [value: false]
18:58:04.519 [FXGL Background Thread 3 ] DEBUG Engine               - enabledMenuItems: []
18:58:04.519 [FXGL Background Thread 3 ] DEBUG Engine               - engineServices: [class com.almasb.fxgl.app.services.FXGLAssetLoaderService, class com.almasb.fxgl.app.FXGLApplication$GameApplicationService, class com.almasb.fxgl.app.services.FXGLDialogService, class com.almasb.fxgl.app.services.IOTaskExecutorService, class com.almasb.fxgl.io.FileSystemService, class com.almasb.fxgl.localization.LocalizationService, class com.almasb.fxgl.app.services.SystemBundleService, class com.almasb.fxgl.profile.SaveLoadService, class com.almasb.fxgl.ui.FXGLUIFactoryServiceProvider, class com.almasb.fxgl.ui.FXGLDialogFactoryServiceProvider, class com.almasb.fxgl.audio.AudioPlayer, class com.almasb.fxgl.notification.impl.NotificationServiceProvider, class com.almasb.fxgl.achievement.AchievementService, class com.almasb.fxgl.cutscene.CutsceneService, class com.almasb.fxgl.minigames.MiniGameService, class com.almasb.fxgl.net.NetService, class com.almasb.fxgl.app.services.UpdaterService, class com.almasb.fxgl.dev.DevService]
18:58:04.519 [FXGL Background Thread 3 ] DEBUG Engine               - fontGame: Abel-Regular.ttf
18:58:04.519 [FXGL Background Thread 3 ] DEBUG Engine               - fontMono: lucida_console.ttf
18:58:04.520 [FXGL Background Thread 3 ] DEBUG Engine               - fontText: Courier-Prime.ttf
18:58:04.520 [FXGL Background Thread 3 ] DEBUG Engine               - fontUI: Quinquefive-Ea6d4.ttf
18:58:04.520 [FXGL Background Thread 3 ] DEBUG Engine               - fullScreen: BooleanProperty [value: false]
18:58:04.520 [FXGL Background Thread 3 ] DEBUG Engine               - gameDifficulty: MEDIUM
18:58:04.520 [FXGL Background Thread 3 ] DEBUG Engine               - gameDifficultyProperty: ObjectProperty [value: MEDIUM]
18:58:04.520 [FXGL Background Thread 3 ] DEBUG Engine               - globalMusicVolume: 0.5
18:58:04.520 [FXGL Background Thread 3 ] DEBUG Engine               - globalMusicVolumeProperty: DoubleProperty [value: 0.1]
18:58:04.520 [FXGL Background Thread 3 ] DEBUG Engine               - globalSoundVolume: 0.5
18:58:04.521 [FXGL Background Thread 3 ] DEBUG Engine               - globalSoundVolumeProperty: DoubleProperty [value: 0.1]
18:58:04.521 [FXGL Background Thread 3 ] DEBUG Engine               - height: 720
18:58:04.521 [FXGL Background Thread 3 ] DEBUG Engine               - is3D: false
18:58:04.521 [FXGL Background Thread 3 ] DEBUG Engine               - isAndroid: false
18:58:04.521 [FXGL Background Thread 3 ] DEBUG Engine               - isBrowser: false
18:58:04.522 [FXGL Background Thread 3 ] DEBUG Engine               - isClickFeedbackEnabled: false
18:58:04.522 [FXGL Background Thread 3 ] DEBUG Engine               - isCloseConfirmation: false
18:58:04.524 [FXGL Background Thread 3 ] DEBUG Engine               - isDesktop: true
18:58:04.524 [FXGL Background Thread 3 ] DEBUG Engine               - isDeveloperMenuEnabled: true
18:58:04.524 [FXGL Background Thread 3 ] DEBUG Engine               - isEntityPreloadEnabled: true
18:58:04.524 [FXGL Background Thread 3 ] DEBUG Engine               - isExperimentalTiledLargeMap: false
18:58:04.524 [FXGL Background Thread 3 ] DEBUG Engine               - isFileSystemWriteAllowed: true
18:58:04.524 [FXGL Background Thread 3 ] DEBUG Engine               - isFullScreenAllowed: false
18:58:04.525 [FXGL Background Thread 3 ] DEBUG Engine               - isFullScreenFromStart: false
18:58:04.525 [FXGL Background Thread 3 ] DEBUG Engine               - isGameMenuEnabled: true
18:58:04.525 [FXGL Background Thread 3 ] DEBUG Engine               - isIOS: false
18:58:04.525 [FXGL Background Thread 3 ] DEBUG Engine               - isIntroEnabled: false
18:58:04.525 [FXGL Background Thread 3 ] DEBUG Engine               - isLinux: false
18:58:04.525 [FXGL Background Thread 3 ] DEBUG Engine               - isMac: false
18:58:04.525 [FXGL Background Thread 3 ] DEBUG Engine               - isMainMenuEnabled: true
18:58:04.525 [FXGL Background Thread 3 ] DEBUG Engine               - isManualResizeEnabled: true
18:58:04.525 [FXGL Background Thread 3 ] DEBUG Engine               - isMobile: false
18:58:04.525 [FXGL Background Thread 3 ] DEBUG Engine               - isNative: false
18:58:04.526 [FXGL Background Thread 3 ] DEBUG Engine               - isPauseMusicWhenMinimized: true
18:58:04.526 [FXGL Background Thread 3 ] DEBUG Engine               - isPreserveResizeRatio: true
18:58:04.526 [FXGL Background Thread 3 ] DEBUG Engine               - isProfilingEnabled: false
18:58:04.526 [FXGL Background Thread 3 ] DEBUG Engine               - isScaleAffectedOnResize: true
18:58:04.526 [FXGL Background Thread 3 ] DEBUG Engine               - isSingleStep: false
18:58:04.526 [FXGL Background Thread 3 ] DEBUG Engine               - isUserProfileEnabled: false
18:58:04.526 [FXGL Background Thread 3 ] DEBUG Engine               - isWindows: true
18:58:04.526 [FXGL Background Thread 3 ] DEBUG Engine               - language: ObjectProperty [value: ENGLISH]
18:58:04.526 [FXGL Background Thread 3 ] DEBUG Engine               - menuKey: ESCAPE
18:58:04.526 [FXGL Background Thread 3 ] DEBUG Engine               - mouseSensitivity: 0.2
18:58:04.529 [FXGL Background Thread 3 ] DEBUG Engine               - notificationViewClass: class com.almasb.fxgl.notification.view.XboxNotificationView
18:58:04.529 [FXGL Background Thread 3 ] DEBUG Engine               - pixelsPerMeter: 50.0
18:58:04.529 [FXGL Background Thread 3 ] DEBUG Engine               - platform: WINDOWS
18:58:04.529 [FXGL Background Thread 3 ] DEBUG Engine               - prefHeightProperty: ReadOnlyDoubleProperty [value: 720.0]
18:58:04.530 [FXGL Background Thread 3 ] DEBUG Engine               - prefWidthProperty: ReadOnlyDoubleProperty [value: 720.0]
18:58:04.530 [FXGL Background Thread 3 ] DEBUG Engine               - profileDir: profiles/
18:58:04.530 [FXGL Background Thread 3 ] DEBUG Engine               - profileName: StringProperty [value: DEFAULT]
18:58:04.530 [FXGL Background Thread 3 ] DEBUG Engine               - randomSeed: -1
18:58:04.530 [FXGL Background Thread 3 ] DEBUG Engine               - runtimeInfo: RuntimeInfo(platform=WINDOWS, version=11.17, build=16.07.2021 15.46)
18:58:04.530 [FXGL Background Thread 3 ] DEBUG Engine               - saveFileExt: sav
18:58:04.530 [FXGL Background Thread 3 ] DEBUG Engine               - scaledHeightProp$fxgl: DoubleProperty [bound, value: 720.0]
18:58:04.531 [FXGL Background Thread 3 ] DEBUG Engine               - scaledWidthProp$fxgl: DoubleProperty [bound, value: 720.0]
18:58:04.531 [FXGL Background Thread 3 ] DEBUG Engine               - sceneFactory: Bomber.BombermanApp$1@4ba10e70
18:58:04.532 [FXGL Background Thread 3 ] DEBUG Engine               - secondsIn24h: 60
18:58:04.532 [FXGL Background Thread 3 ] DEBUG Engine               - soundMenuBack: menu/back.wav
18:58:04.532 [FXGL Background Thread 3 ] DEBUG Engine               - soundMenuPress: menu/press.wav
18:58:04.532 [FXGL Background Thread 3 ] DEBUG Engine               - soundMenuSelect: menu/select.wav
18:58:04.532 [FXGL Background Thread 3 ] DEBUG Engine               - soundNotification: core/notification.wav
18:58:04.532 [FXGL Background Thread 3 ] DEBUG Engine               - stageStyle: DECORATED
18:58:04.533 [FXGL Background Thread 3 ] DEBUG Engine               - supportedLanguages: [ENGLISH, FRENCH, GERMAN, HUNGARIAN, RUSSIAN]
18:58:04.533 [FXGL Background Thread 3 ] DEBUG Engine               - ticksPerSecond: -1
18:58:04.533 [FXGL Background Thread 3 ] DEBUG Engine               - title: BOMBERMAN
18:58:04.533 [FXGL Background Thread 3 ] DEBUG Engine               - urlGithub: https://github.com/AlmasB/FXGL
18:58:04.533 [FXGL Background Thread 3 ] DEBUG Engine               - urlLeaderboard: http://fxgl-top.herokuapp.com/
18:58:04.533 [FXGL Background Thread 3 ] DEBUG Engine               - urlPOM: https://raw.githubusercontent.com/AlmasB/FXGL/release/README.md
18:58:04.533 [FXGL Background Thread 3 ] DEBUG Engine               - userAppClass: class Bomber.BombermanApp
18:58:04.533 [FXGL Background Thread 3 ] DEBUG Engine               - version: 1.0
18:58:04.534 [FXGL Background Thread 3 ] DEBUG Engine               - versionCheckDays: 7
18:58:04.534 [FXGL Background Thread 3 ] DEBUG Engine               - width: 720
18:58:04.534 [FXGL Background Thread 3 ] DEBUG Engine               - Logging services
18:58:04.535 [FXGL Background Thread 3 ] DEBUG Engine               - class com.almasb.fxgl.app.services.FXGLAssetLoaderService
18:58:04.535 [FXGL Background Thread 3 ] DEBUG Engine               - class com.almasb.fxgl.app.FXGLApplication$GameApplicationService
18:58:04.535 [FXGL Background Thread 3 ] DEBUG Engine               - class com.almasb.fxgl.app.services.FXGLDialogService
18:58:04.535 [FXGL Background Thread 3 ] DEBUG Engine               - class com.almasb.fxgl.app.services.IOTaskExecutorService
18:58:04.535 [FXGL Background Thread 3 ] DEBUG Engine               - class com.almasb.fxgl.io.FileSystemService
18:58:04.535 [FXGL Background Thread 3 ] DEBUG Engine               - class com.almasb.fxgl.localization.LocalizationService
18:58:04.535 [FXGL Background Thread 3 ] DEBUG Engine               - class com.almasb.fxgl.app.services.SystemBundleService
18:58:04.536 [FXGL Background Thread 3 ] DEBUG Engine               - class com.almasb.fxgl.profile.SaveLoadService
18:58:04.536 [FXGL Background Thread 3 ] DEBUG Engine               - class com.almasb.fxgl.ui.FXGLUIFactoryServiceProvider
18:58:04.536 [FXGL Background Thread 3 ] DEBUG Engine               - class com.almasb.fxgl.ui.FXGLDialogFactoryServiceProvider
18:58:04.536 [FXGL Background Thread 3 ] DEBUG Engine               - class com.almasb.fxgl.audio.AudioPlayer
18:58:04.537 [FXGL Background Thread 3 ] DEBUG Engine               - class com.almasb.fxgl.notification.impl.NotificationServiceProvider
18:58:04.537 [FXGL Background Thread 3 ] DEBUG Engine               - class com.almasb.fxgl.achievement.AchievementService
18:58:04.537 [FXGL Background Thread 3 ] DEBUG Engine               - class com.almasb.fxgl.cutscene.CutsceneService
18:58:04.537 [FXGL Background Thread 3 ] DEBUG Engine               - class com.almasb.fxgl.minigames.MiniGameService
18:58:04.537 [FXGL Background Thread 3 ] DEBUG Engine               - class com.almasb.fxgl.net.NetService
18:58:04.537 [FXGL Background Thread 3 ] DEBUG Engine               - class com.almasb.fxgl.app.services.UpdaterService
18:58:04.537 [FXGL Background Thread 3 ] DEBUG Engine               - class com.almasb.fxgl.dev.DevService
18:58:04.562 [FXGL Background Thread 2 ] DEBUG TMXLevelLoader       - Creating object layer entities
18:58:04.584 [FXGL Background Thread 2 ] DEBUG FXGLAssetLoaderServi - Loading from file system: file:/D:/Code/ProjectJavaFX/bomberman/Bomber/target/classes/assets/textures/player_die.png
18:58:04.587 [FXGL Background Thread 2 ] DEBUG FXGLAssetLoaderServi - Loading from file system: file:/D:/Code/ProjectJavaFX/bomberman/Bomber/target/classes/assets/textures/player_down.png
18:58:04.590 [FXGL Background Thread 2 ] DEBUG FXGLAssetLoaderServi - Loading from file system: file:/D:/Code/ProjectJavaFX/bomberman/Bomber/target/classes/assets/textures/player_right.png
18:58:04.592 [FXGL Background Thread 2 ] DEBUG FXGLAssetLoaderServi - Loading from file system: file:/D:/Code/ProjectJavaFX/bomberman/Bomber/target/classes/assets/textures/player_up.png
18:58:04.593 [FXGL Background Thread 2 ] DEBUG FXGLAssetLoaderServi - Loading from file system: file:/D:/Code/ProjectJavaFX/bomberman/Bomber/target/classes/assets/textures/player_left.png
18:58:04.607 [FXGL Background Thread 2 ] DEBUG FXGLAssetLoaderServi - Loading from file system: file:/D:/Code/ProjectJavaFX/bomberman/Bomber/target/classes/assets/textures/brick.png
18:58:04.653 [FXGL Background Thread 2 ] DEBUG FXGLAssetLoaderServi - Loading from file system: file:/D:/Code/ProjectJavaFX/bomberman/Bomber/target/classes/assets/textures/balloom.png
18:58:04.676 [FXGL Background Thread 2 ] DEBUG FXGLAssetLoaderServi - Loading from file system: file:/D:/Code/ProjectJavaFX/bomberman/Bomber/target/classes/assets/textures/powerup_speed.png
18:58:04.680 [FXGL Background Thread 2 ] DEBUG FXGLAssetLoaderServi - Loading from file system: file:/D:/Code/ProjectJavaFX/bomberman/Bomber/target/classes/assets/textures/powerup_flames.png
18:58:04.681 [FXGL Background Thread 2 ] DEBUG FXGLAssetLoaderServi - Loading from file system: file:/D:/Code/ProjectJavaFX/bomberman/Bomber/target/classes/assets/textures/powerup_bombs.png
18:58:04.683 [FXGL Background Thread 2 ] DEBUG FXGLAssetLoaderServi - Loading from file system: file:/D:/Code/ProjectJavaFX/bomberman/Bomber/target/classes/assets/textures/powerup_flamepass.png
18:58:04.685 [FXGL Background Thread 2 ] DEBUG FXGLAssetLoaderServi - Loading from file system: file:/D:/Code/ProjectJavaFX/bomberman/Bomber/target/classes/assets/textures/portal.png
18:58:04.686 [FXGL Background Thread 2 ] DEBUG GameWorld            - Clearing removable entities
18:58:04.687 [FXGL Background Thread 2 ] DEBUG GameWorld            - Setting level: com.almasb.fxgl.entity.level.Level@604b90e5
18:58:04.758 [FXGL Background Thread 2 ] INFO  FXGLApplication      - Game initialization took: 0.425 sec
18:58:04.760 [JavaFX Application Thread] DEBUG Input                - Clearing active input actions
18:58:04.769 [JavaFX Application Thread] DEBUG GameApplicationServi - Removing overlay from FXGLLoadingScene and adding to GameScene
18:58:04.772 [JavaFX Application Thread] DEBUG PrimaryStageWindow   - FXGLLoadingScene -> GameScene
18:58:24.573 [JavaFX Application Thread] DEBUG FXGLAssetLoaderServi - Loading from file system: file:/D:/Code/ProjectJavaFX/bomberman/Bomber/target/classes/assets/textures/bomb_ani.png
18:58:27.081 [JavaFX Application Thread] DEBUG FXGLAssetLoaderServi - Loading from file system: file:/D:/Code/ProjectJavaFX/bomberman/Bomber/target/classes/assets/textures/bomb_exploded_1.png
18:58:27.087 [JavaFX Application Thread] DEBUG FXGLAssetLoaderServi - Loading from file system: file:/D:/Code/ProjectJavaFX/bomberman/Bomber/target/classes/assets/textures/brick_break.png
18:58:30.681 [JavaFX Application Thread] WARN  TMXLevelLoader       - TiledMap generated from 1.7.2. Supported version: 1.2.3. Some features may not be parsed fully.
18:58:30.692 [JavaFX Application Thread] DEBUG TMXLevelLoader       - Parsed TiledMap: file:/D:/Code/ProjectJavaFX/bomberman/Bomber/target/classes/assets/levels/bbm_level2.tmx
18:58:30.692 [JavaFX Application Thread] DEBUG TMXLevelLoader       - Creating tile layer entities
18:58:30.692 [JavaFX Application Thread] DEBUG TilesetLoader        - Loading view for layer Tile Layer 1
18:58:30.695 [JavaFX Application Thread] DEBUG TilesetLoader        - Created buffer with size 1488.0x720.0
18:58:30.796 [JavaFX Application Thread] DEBUG TilesetLoader        - Loading view for layer Tile Layer 2
18:58:30.797 [JavaFX Application Thread] DEBUG TilesetLoader        - Created buffer with size 1488.0x720.0
18:58:30.798 [JavaFX Application Thread] DEBUG TMXLevelLoader       - Creating object layer entities
18:58:30.800 [JavaFX Application Thread] DEBUG FXGLAssetLoaderServi - Loading from file system: file:/D:/Code/ProjectJavaFX/bomberman/Bomber/target/classes/assets/textures/grass.png
18:58:30.824 [JavaFX Application Thread] DEBUG FXGLAssetLoaderServi - Loading from file system: file:/D:/Code/ProjectJavaFX/bomberman/Bomber/target/classes/assets/textures/Oneal.png
18:58:30.834 [JavaFX Application Thread] DEBUG GameWorld            - Clearing removable entities
18:58:30.846 [JavaFX Application Thread] DEBUG GameWorld            - Setting level: com.almasb.fxgl.entity.level.Level@28684224
18:58:34.697 [JavaFX Application Thread] DEBUG FXGLAssetLoaderServi - Loading from file system: file:/D:/Code/ProjectJavaFX/bomberman/Bomber/target/classes/assets/textures/grass_break_2.png
18:59:57.753 [JavaFX Application Thread] DEBUG FXGLApplication      - Exiting FXGL
18:59:57.753 [JavaFX Application Thread] DEBUG LoopRunner           - Stopping loop
18:59:57.753 [JavaFX Application Thread] DEBUG SystemBundleService  - Saving FXGL system data
18:59:57.755 [JavaFX Application Thread] DEBUG FileSystemAccess     - Writing to: D:\Code\ProjectJavaFX\bomberman\Bomber\system\fxgl.bundle
18:59:57.756 [JavaFX Application Thread] DEBUG Async                - Shutting down background threads
18:59:57.756 [JavaFX Application Thread] DEBUG PrimaryStageWindow   - Closing main window
18:59:57.766 [JavaFX Application Thread] DEBUG Logger               - Closing Logger
