19:21:54.835 [main                     ] DEBUG Logger               - Configured Logger
19:21:54.850 [main                     ] DEBUG GameApplication      - Logging settings
Title: BOMBERMAN
Version: 1.0
Width: 704
Height: 704
Fullscreen: false
Intro: false
Profiling: false
Single step:false
App Mode: DEVELOPER
Menu Key: ESCAPE
Stage Style: DECORATED
Scene Factory: class Bomber.BombermanApp$1

19:21:55.178 [JavaFX Application Thread] DEBUG FXGLApplication      - Initializing FXGL
19:21:55.180 [JavaFX Application Thread] INFO  Engine               - FXGL-11.17 (16.07.2021 15.46) on WINDOWS (J:17.0.1 FX:16)
19:21:55.181 [JavaFX Application Thread] DEBUG Engine               - JRE Vendor Name: Oracle Corporation
19:21:55.181 [JavaFX Application Thread] DEBUG Engine               - Running on OS: Windows 10 version 10.0
19:21:55.181 [JavaFX Application Thread] DEBUG Engine               - Architecture: amd64
19:21:55.181 [JavaFX Application Thread] INFO  Engine               - Source code and latest versions at: https://github.com/AlmasB/FXGL
19:21:55.181 [JavaFX Application Thread] INFO  Engine               -              Join the FXGL chat at: https://gitter.im/AlmasB/FXGL
19:21:55.283 [JavaFX Application Thread] DEBUG PrimaryStageWindow   - Creating a JavaFX scene
19:21:55.317 [JavaFX Application Thread] DEBUG PrimaryStageWindow   - Target settings size: 704.0 x 704.0
19:21:55.318 [JavaFX Application Thread] DEBUG PrimaryStageWindow   - Scaled scene size:    704.0 x 704.0
19:21:55.318 [JavaFX Application Thread] DEBUG PrimaryStageWindow   - Scaled ratio: (1.0, 1.0)
19:21:55.319 [JavaFX Application Thread] DEBUG PrimaryStageWindow   - Set initial scene to FXGLStartupScene
19:21:55.325 [JavaFX Application Thread] DEBUG PrimaryStageWindow   - Opening main window
19:21:55.411 [JavaFX Application Thread] DEBUG PrimaryStageWindow   - Window border size: (14.4000244140625, 37.5999755859375)
19:21:55.411 [JavaFX Application Thread] DEBUG PrimaryStageWindow   - Scaled size: 704.0 x 704.0
19:21:55.411 [JavaFX Application Thread] DEBUG PrimaryStageWindow   - Scaled ratio: (1.0, 1.0)
19:21:55.412 [JavaFX Application Thread] DEBUG PrimaryStageWindow   - Scene size: 704.0 x 704.0
19:21:55.412 [JavaFX Application Thread] DEBUG PrimaryStageWindow   - Stage size: 718.4000244140625 x 741.5999755859375
19:21:55.420 [FXGL Background Thread 1 ] DEBUG Engine               - Initializing environment variables
19:21:55.494 [FXGL Background Thread 1 ] DEBUG FXGLAssetLoaderServi - User app class for loading assets: class Bomber.BombermanApp
19:21:55.494 [FXGL Background Thread 1 ] DEBUG GameApplicationServi - Applying CSS: fxgl_dark.css
19:21:55.498 [FXGL Background Thread 1 ] DEBUG FXGLAssetLoaderServi - Loading from file system: jar:file:/C:/Users/thinh/.m2/repository/com/github/almasb/fxgl/11.17/fxgl-11.17.jar!/fxglassets/ui/css/fxgl_dark.css
19:21:55.550 [FXGL Background Thread 1 ] DEBUG GameApplicationServi - Initializing application scenes
19:21:55.598 [FXGL Background Thread 1 ] DEBUG GameWorld            - Game world initialized
19:21:55.669 [FXGL Background Thread 1 ] DEBUG PhysicsWorld         - Physics world initialized: appHeight=704, physics.ppm=50.0
19:21:55.669 [FXGL Background Thread 1 ] DEBUG PhysicsWorld         - Using strategy: BRUTE_FORCE
19:21:55.674 [FXGL Background Thread 1 ] DEBUG GameScene            - Game scene initialized: 704x704
19:21:55.762 [FXGL Background Thread 1 ] DEBUG GameApplicationServi - Application scenes initialized
19:21:55.773 [FXGL Background Thread 1 ] DEBUG SystemBundleService  - Loading FXGL system data
19:21:55.776 [FXGL Background Thread 1 ] DEBUG FileSystemAccess     - Reading from: D:\Code\ProjectJavaFX\bombermanTu\Bomber\system\fxgl.bundle
19:21:55.782 [FXGL Background Thread 1 ] DEBUG SystemBundleService  - Bundle FXGL: {}
19:21:55.782 [FXGL Background Thread 1 ] DEBUG UpdaterService       - Checking for updates
19:21:55.790 [FXGL Background Thread 4 ] DEBUG FXGLApplication      - Loading fonts
19:21:55.790 [FXGL Background Thread 1 ] DEBUG FXGLApplication      - Loading default localization
19:21:55.791 [FXGL Background Thread 4 ] DEBUG FXGLAssetLoaderServi - Loading from file system: file:/D:/Code/ProjectJavaFX/bombermanTu/Bomber/target/classes/assets/ui/fonts/Quinquefive-Ea6d4.ttf
19:21:55.791 [FXGL Background Thread 1 ] DEBUG FXGLAssetLoaderServi - Loading from file system: jar:file:/C:/Users/thinh/.m2/repository/com/github/almasb/fxgl/11.17/fxgl-11.17.jar!/fxglassets/languages/english.lang
19:21:55.812 [FXGL Background Thread 1 ] INFO  FXGLApplication      - FXGL initialization took: 0.392 sec
19:21:55.825 [JavaFX Application Thread] DEBUG Input                - Registered new binding: Move Up - W
19:21:55.826 [JavaFX Application Thread] DEBUG Input                - Registered new binding: Move Down - S
19:21:55.826 [JavaFX Application Thread] DEBUG Input                - Registered new binding: Move Left - A
19:21:55.826 [JavaFX Application Thread] DEBUG Input                - Registered new binding: Move Right - D
19:21:55.826 [JavaFX Application Thread] DEBUG Input                - Registered new binding: Place Bomb - Space
19:21:55.827 [JavaFX Application Thread] DEBUG FXGLAssetLoaderServi - Loading from file system: file:/D:/Code/ProjectJavaFX/bombermanTu/Bomber/target/classes/assets/music/title_screen.mp3
19:21:55.878 [FXGL Background Thread 4 ] DEBUG FXGLAssetLoaderServi - Loading from file system: jar:file:/C:/Users/thinh/.m2/repository/com/github/almasb/fxgl/11.17/fxgl-11.17.jar!/fxglassets/ui/fonts/Abel-Regular.ttf
19:21:55.893 [FXGL Background Thread 4 ] DEBUG FXGLAssetLoaderServi - Loading from file system: jar:file:/C:/Users/thinh/.m2/repository/com/github/almasb/fxgl/11.17/fxgl-11.17.jar!/fxglassets/ui/fonts/lucida_console.ttf
19:21:55.913 [FXGL Background Thread 4 ] DEBUG FXGLAssetLoaderServi - Loading from file system: jar:file:/C:/Users/thinh/.m2/repository/com/github/almasb/fxgl/11.17/fxgl-11.17.jar!/fxglassets/ui/fonts/Courier-Prime.ttf
19:21:55.992 [JavaFX Application Thread] DEBUG AudioPlayer          - Playing music com.almasb.fxgl.audio.Music@7b5e675a
19:21:55.993 [JavaFX Application Thread] DEBUG FXGLAssetLoaderServi - Loading from file system: jar:file:/C:/Users/thinh/.m2/repository/com/github/almasb/fxgl/11.17/fxgl-11.17.jar!/fxglassets/textures/fxgl_icon.png
19:21:56.016 [JavaFX Application Thread] DEBUG FXGLAssetLoaderServi - Loading from file system: jar:file:/C:/Users/thinh/.m2/repository/com/github/almasb/fxgl/11.17/fxgl-11.17.jar!/fxglassets/textures/fxgl_default_cursor.png
19:21:56.019 [JavaFX Application Thread] DEBUG Input                - Registered new binding: Screenshot - CTRL+8
19:21:56.020 [JavaFX Application Thread] DEBUG Input                - Registered new binding: System info dump - CTRL+9
19:21:56.021 [JavaFX Application Thread] DEBUG Input                - Registered new binding: Restart - CTRL+R
19:21:56.022 [JavaFX Application Thread] DEBUG Input                - Registered new binding: Toggle Debug Camera - CTRL+C
19:21:56.024 [JavaFX Application Thread] DEBUG LoopRunner           - Starting loop
19:21:56.024 [JavaFX Application Thread] DEBUG LoopRunner           - Initializing JavaFX AnimationTimerLoop
19:21:56.028 [JavaFX Application Thread] DEBUG Input                - Clearing active input actions
19:21:56.035 [JavaFX Application Thread] DEBUG GameApplicationServi - Removing overlay from FXGLStartupScene and adding to FXGLMainMenuDummyScene
19:21:56.036 [JavaFX Application Thread] DEBUG PrimaryStageWindow   - FXGLStartupScene -> FXGLMainMenuDummyScene
19:21:56.036 [JavaFX Application Thread] DEBUG PrimaryStageWindow   - Push state: BombermanMenu
19:21:56.036 [JavaFX Application Thread] DEBUG Input                - Clearing active input actions
19:21:56.040 [JavaFX Application Thread] DEBUG GameApplicationServi - Removing overlay from FXGLMainMenuDummyScene and adding to BombermanMenu
19:21:56.041 [JavaFX Application Thread] DEBUG PrimaryStageWindow   - FXGLMainMenuDummyScene -> BombermanMenu
19:21:56.041 [JavaFX Application Thread] DEBUG FXGLApplication      - Registering font factories with UI factory
19:21:57.935 [JavaFX Application Thread] DEBUG Menu                 - fireNewGame()
19:21:57.936 [JavaFX Application Thread] DEBUG GameApplicationServi - Starting new game
19:21:57.936 [JavaFX Application Thread] DEBUG PrimaryStageWindow   - Pop state: BombermanMenu
19:21:57.936 [JavaFX Application Thread] DEBUG Input                - Clearing active input actions
19:21:57.936 [JavaFX Application Thread] DEBUG GameApplicationServi - Removing overlay from BombermanMenu and adding to FXGLMainMenuDummyScene
19:21:57.937 [JavaFX Application Thread] DEBUG PrimaryStageWindow   - FXGLMainMenuDummyScene <- BombermanMenu
19:21:57.937 [JavaFX Application Thread] DEBUG Input                - Clearing active input actions
19:21:57.945 [JavaFX Application Thread] DEBUG GameApplicationServi - Removing overlay from FXGLMainMenuDummyScene and adding to FXGLLoadingScene
19:21:57.945 [JavaFX Application Thread] DEBUG PrimaryStageWindow   - FXGLMainMenuDummyScene -> FXGLLoadingScene
19:21:57.945 [JavaFX Application Thread] DEBUG GameApplicationServi - Clearing previous game
19:21:57.945 [JavaFX Application Thread] DEBUG GameScene            - Clearing game scene
19:21:57.945 [JavaFX Application Thread] DEBUG GameWorld            - Clearing game world
19:21:57.945 [JavaFX Application Thread] DEBUG PhysicsWorld         - Clearing physics world
19:21:57.949 [FXGL Background Thread 2 ] DEBUG FXGLApplication      - Initializing game
19:21:58.007 [FXGL Background Thread 2 ] WARN  TMXLevelLoader       - TiledMap generated from 1.7.2. Supported version: 1.2.3. Some features may not be parsed fully.
19:21:58.019 [FXGL Background Thread 2 ] DEBUG TMXLevelLoader       - Parsed TiledMap: file:/D:/Code/ProjectJavaFX/bombermanTu/Bomber/target/classes/assets/levels/level1.tmx
19:21:58.021 [FXGL Background Thread 2 ] DEBUG TMXLevelLoader       - Creating tile layer entities
19:21:58.022 [FXGL Background Thread 2 ] DEBUG TilesetLoader        - Loading view for layer Tile Layer 1
19:21:58.025 [FXGL Background Thread 2 ] DEBUG TilesetLoader        - Created buffer with size 1280.0x704.0
19:21:58.184 [FXGL Background Thread 2 ] DEBUG TMXLevelLoader       - Creating object layer entities
19:21:58.188 [FXGL Background Thread 2 ] DEBUG FXGLAssetLoaderServi - Loading from file system: file:/D:/Code/ProjectJavaFX/bombermanTu/Bomber/target/classes/assets/textures/powerup_bombs.png
19:21:58.192 [FXGL Background Thread 2 ] DEBUG FXGLAssetLoaderServi - Loading from file system: file:/D:/Code/ProjectJavaFX/bombermanTu/Bomber/target/classes/assets/textures/powerup_flames.png
19:21:58.193 [FXGL Background Thread 2 ] DEBUG FXGLAssetLoaderServi - Loading from file system: file:/D:/Code/ProjectJavaFX/bombermanTu/Bomber/target/classes/assets/textures/powerup_speed.png
19:21:58.195 [FXGL Background Thread 2 ] DEBUG FXGLAssetLoaderServi - Loading from file system: file:/D:/Code/ProjectJavaFX/bombermanTu/Bomber/target/classes/assets/textures/powerup_flamepass.png
19:21:58.198 [FXGL Background Thread 2 ] DEBUG FXGLAssetLoaderServi - Loading from file system: file:/D:/Code/ProjectJavaFX/bombermanTu/Bomber/target/classes/assets/textures/portal.png
19:21:58.206 [FXGL Background Thread 2 ] DEBUG FXGLAssetLoaderServi - Loading from file system: file:/D:/Code/ProjectJavaFX/bombermanTu/Bomber/target/classes/assets/textures/player_die.png
19:21:58.210 [FXGL Background Thread 2 ] DEBUG FXGLAssetLoaderServi - Loading from file system: file:/D:/Code/ProjectJavaFX/bombermanTu/Bomber/target/classes/assets/textures/player_down.png
19:21:58.213 [FXGL Background Thread 2 ] DEBUG FXGLAssetLoaderServi - Loading from file system: file:/D:/Code/ProjectJavaFX/bombermanTu/Bomber/target/classes/assets/textures/player_right.png
19:21:58.216 [FXGL Background Thread 2 ] DEBUG FXGLAssetLoaderServi - Loading from file system: file:/D:/Code/ProjectJavaFX/bombermanTu/Bomber/target/classes/assets/textures/player_up.png
19:21:58.218 [FXGL Background Thread 2 ] DEBUG FXGLAssetLoaderServi - Loading from file system: file:/D:/Code/ProjectJavaFX/bombermanTu/Bomber/target/classes/assets/textures/player_left.png
19:21:58.222 [FXGL Background Thread 2 ] WARN  Entity               - Entity already has component: com.almasb.fxgl.physics.PhysicsComponent
19:21:58.224 [FXGL Background Thread 2 ] DEBUG FXGLAssetLoaderServi - Loading from file system: file:/D:/Code/ProjectJavaFX/bombermanTu/Bomber/target/classes/assets/textures/brick.png
19:21:58.259 [FXGL Background Thread 2 ] DEBUG GameWorld            - Clearing removable entities
19:21:58.260 [FXGL Background Thread 2 ] DEBUG GameWorld            - Setting level: com.almasb.fxgl.entity.level.Level@2ff42a65
19:21:58.285 [FXGL Background Thread 2 ] INFO  FXGLApplication      - Game initialization took: 0.336 sec
19:21:58.297 [JavaFX Application Thread] DEBUG Input                - Clearing active input actions
19:21:58.309 [JavaFX Application Thread] DEBUG GameApplicationServi - Removing overlay from FXGLLoadingScene and adding to GameScene
19:21:58.309 [JavaFX Application Thread] DEBUG PrimaryStageWindow   - FXGLLoadingScene -> GameScene
19:21:58.789 [FXGL Background Thread 3 ] DEBUG Engine               - Logging environment variables
19:21:58.789 [FXGL Background Thread 3 ] DEBUG Engine               - achievements: []
19:21:58.789 [FXGL Background Thread 3 ] DEBUG Engine               - actualHeight: 704.0
19:21:58.789 [FXGL Background Thread 3 ] DEBUG Engine               - actualHeightProperty: ReadOnlyDoubleProperty [value: 704.0]
19:21:58.790 [FXGL Background Thread 3 ] DEBUG Engine               - actualWidth: 704.0
19:21:58.790 [FXGL Background Thread 3 ] DEBUG Engine               - actualWidthProperty: ReadOnlyDoubleProperty [value: 704.0]
19:21:58.790 [FXGL Background Thread 3 ] DEBUG Engine               - appIcon: fxgl_icon.png
19:21:58.790 [FXGL Background Thread 3 ] DEBUG Engine               - applicationMode: DEVELOPER
19:21:58.790 [FXGL Background Thread 3 ] DEBUG Engine               - cSSList: [fxgl_dark.css]
19:21:58.790 [FXGL Background Thread 3 ] DEBUG Engine               - collisionDetectionStrategy: BRUTE_FORCE
19:21:58.790 [FXGL Background Thread 3 ] DEBUG Engine               - configClass: Optional.empty
19:21:58.790 [FXGL Background Thread 3 ] DEBUG Engine               - credits: []
19:21:58.791 [FXGL Background Thread 3 ] DEBUG Engine               - defaultCursor: CursorInfo(imageName=fxgl_default_cursor.png, hotspotX=7.0, hotspotY=6.0)
19:21:58.791 [FXGL Background Thread 3 ] DEBUG Engine               - devBBoxColorProperty: ObjectProperty [value: 0xff0000ff]
19:21:58.791 [FXGL Background Thread 3 ] DEBUG Engine               - devEnableDebugCameraProperty: BooleanProperty [value: false]
19:21:58.791 [FXGL Background Thread 3 ] DEBUG Engine               - devSensorColorProperty: ObjectProperty [value: 0xffff00ff]
19:21:58.791 [FXGL Background Thread 3 ] DEBUG Engine               - devShowBBoxProperty: BooleanProperty [value: false]
19:21:58.791 [FXGL Background Thread 3 ] DEBUG Engine               - devShowPositionProperty: BooleanProperty [value: false]
19:21:58.791 [FXGL Background Thread 3 ] DEBUG Engine               - enabledMenuItems: []
19:21:58.791 [FXGL Background Thread 3 ] DEBUG Engine               - engineServices: [class com.almasb.fxgl.app.services.FXGLAssetLoaderService, class com.almasb.fxgl.app.FXGLApplication$GameApplicationService, class com.almasb.fxgl.app.services.FXGLDialogService, class com.almasb.fxgl.app.services.IOTaskExecutorService, class com.almasb.fxgl.io.FileSystemService, class com.almasb.fxgl.localization.LocalizationService, class com.almasb.fxgl.app.services.SystemBundleService, class com.almasb.fxgl.profile.SaveLoadService, class com.almasb.fxgl.ui.FXGLUIFactoryServiceProvider, class com.almasb.fxgl.ui.FXGLDialogFactoryServiceProvider, class com.almasb.fxgl.audio.AudioPlayer, class com.almasb.fxgl.notification.impl.NotificationServiceProvider, class com.almasb.fxgl.achievement.AchievementService, class com.almasb.fxgl.cutscene.CutsceneService, class com.almasb.fxgl.minigames.MiniGameService, class com.almasb.fxgl.net.NetService, class com.almasb.fxgl.app.services.UpdaterService, class com.almasb.fxgl.dev.DevService]
19:21:58.791 [FXGL Background Thread 3 ] DEBUG Engine               - fontGame: Abel-Regular.ttf
19:21:58.791 [FXGL Background Thread 3 ] DEBUG Engine               - fontMono: lucida_console.ttf
19:21:58.791 [FXGL Background Thread 3 ] DEBUG Engine               - fontText: Courier-Prime.ttf
19:21:58.792 [FXGL Background Thread 3 ] DEBUG Engine               - fontUI: Quinquefive-Ea6d4.ttf
19:21:58.792 [FXGL Background Thread 3 ] DEBUG Engine               - fullScreen: BooleanProperty [value: false]
19:21:58.792 [FXGL Background Thread 3 ] DEBUG Engine               - gameDifficulty: MEDIUM
19:21:58.792 [FXGL Background Thread 3 ] DEBUG Engine               - gameDifficultyProperty: ObjectProperty [value: MEDIUM]
19:21:58.792 [FXGL Background Thread 3 ] DEBUG Engine               - globalMusicVolume: 0.5
19:21:58.792 [FXGL Background Thread 3 ] DEBUG Engine               - globalMusicVolumeProperty: DoubleProperty [value: 0.5]
19:21:58.792 [FXGL Background Thread 3 ] DEBUG Engine               - globalSoundVolume: 0.5
19:21:58.792 [FXGL Background Thread 3 ] DEBUG Engine               - globalSoundVolumeProperty: DoubleProperty [value: 0.2]
19:21:58.792 [FXGL Background Thread 3 ] DEBUG Engine               - height: 704
19:21:58.792 [FXGL Background Thread 3 ] DEBUG Engine               - is3D: false
19:21:58.792 [FXGL Background Thread 3 ] DEBUG Engine               - isAndroid: false
19:21:58.792 [FXGL Background Thread 3 ] DEBUG Engine               - isBrowser: false
19:21:58.793 [FXGL Background Thread 3 ] DEBUG Engine               - isClickFeedbackEnabled: false
19:21:58.793 [FXGL Background Thread 3 ] DEBUG Engine               - isCloseConfirmation: false
19:21:58.793 [FXGL Background Thread 3 ] DEBUG Engine               - isDesktop: true
19:21:58.793 [FXGL Background Thread 3 ] DEBUG Engine               - isDeveloperMenuEnabled: false
19:21:58.793 [FXGL Background Thread 3 ] DEBUG Engine               - isEntityPreloadEnabled: true
19:21:58.793 [FXGL Background Thread 3 ] DEBUG Engine               - isExperimentalTiledLargeMap: false
19:21:58.793 [FXGL Background Thread 3 ] DEBUG Engine               - isFileSystemWriteAllowed: true
19:21:58.793 [FXGL Background Thread 3 ] DEBUG Engine               - isFullScreenAllowed: false
19:21:58.793 [FXGL Background Thread 3 ] DEBUG Engine               - isFullScreenFromStart: false
19:21:58.793 [FXGL Background Thread 3 ] DEBUG Engine               - isGameMenuEnabled: true
19:21:58.793 [FXGL Background Thread 3 ] DEBUG Engine               - isIOS: false
19:21:58.793 [FXGL Background Thread 3 ] DEBUG Engine               - isIntroEnabled: false
19:21:58.793 [FXGL Background Thread 3 ] DEBUG Engine               - isLinux: false
19:21:58.794 [FXGL Background Thread 3 ] DEBUG Engine               - isMac: false
19:21:58.794 [FXGL Background Thread 3 ] DEBUG Engine               - isMainMenuEnabled: true
19:21:58.794 [FXGL Background Thread 3 ] DEBUG Engine               - isManualResizeEnabled: false
19:21:58.794 [FXGL Background Thread 3 ] DEBUG Engine               - isMobile: false
19:21:58.794 [FXGL Background Thread 3 ] DEBUG Engine               - isNative: false
19:21:58.794 [FXGL Background Thread 3 ] DEBUG Engine               - isPauseMusicWhenMinimized: true
19:21:58.794 [FXGL Background Thread 3 ] DEBUG Engine               - isPreserveResizeRatio: false
19:21:58.794 [FXGL Background Thread 3 ] DEBUG Engine               - isProfilingEnabled: false
19:21:58.794 [FXGL Background Thread 3 ] DEBUG Engine               - isScaleAffectedOnResize: true
19:21:58.794 [FXGL Background Thread 3 ] DEBUG Engine               - isSingleStep: false
19:21:58.794 [FXGL Background Thread 3 ] DEBUG Engine               - isUserProfileEnabled: false
19:21:58.794 [FXGL Background Thread 3 ] DEBUG Engine               - isWindows: true
19:21:58.794 [FXGL Background Thread 3 ] DEBUG Engine               - language: ObjectProperty [value: ENGLISH]
19:21:58.795 [FXGL Background Thread 3 ] DEBUG Engine               - menuKey: ESCAPE
19:21:58.795 [FXGL Background Thread 3 ] DEBUG Engine               - mouseSensitivity: 0.2
19:21:58.795 [FXGL Background Thread 3 ] DEBUG Engine               - notificationViewClass: class com.almasb.fxgl.notification.view.XboxNotificationView
19:21:58.795 [FXGL Background Thread 3 ] DEBUG Engine               - pixelsPerMeter: 50.0
19:21:58.796 [FXGL Background Thread 3 ] DEBUG Engine               - platform: WINDOWS
19:21:58.796 [FXGL Background Thread 3 ] DEBUG Engine               - prefHeightProperty: ReadOnlyDoubleProperty [value: 704.0]
19:21:58.796 [FXGL Background Thread 3 ] DEBUG Engine               - prefWidthProperty: ReadOnlyDoubleProperty [value: 704.0]
19:21:58.796 [FXGL Background Thread 3 ] DEBUG Engine               - profileDir: profiles/
19:21:58.796 [FXGL Background Thread 3 ] DEBUG Engine               - profileName: StringProperty [value: DEFAULT]
19:21:58.796 [FXGL Background Thread 3 ] DEBUG Engine               - randomSeed: -1
19:21:58.796 [FXGL Background Thread 3 ] DEBUG Engine               - runtimeInfo: RuntimeInfo(platform=WINDOWS, version=11.17, build=16.07.2021 15.46)
19:21:58.797 [FXGL Background Thread 3 ] DEBUG Engine               - saveFileExt: sav
19:21:58.797 [FXGL Background Thread 3 ] DEBUG Engine               - scaledHeightProp$fxgl: DoubleProperty [bound, value: 704.0]
19:21:58.797 [FXGL Background Thread 3 ] DEBUG Engine               - scaledWidthProp$fxgl: DoubleProperty [bound, value: 704.0]
19:21:58.797 [FXGL Background Thread 3 ] DEBUG Engine               - sceneFactory: Bomber.BombermanApp$1@322fac5b
19:21:58.797 [FXGL Background Thread 3 ] DEBUG Engine               - secondsIn24h: 60
19:21:58.797 [FXGL Background Thread 3 ] DEBUG Engine               - soundMenuBack: menu/back.wav
19:21:58.797 [FXGL Background Thread 3 ] DEBUG Engine               - soundMenuPress: menu/press.wav
19:21:58.797 [FXGL Background Thread 3 ] DEBUG Engine               - soundMenuSelect: menu/select.wav
19:21:58.797 [FXGL Background Thread 3 ] DEBUG Engine               - soundNotification: core/notification.wav
19:21:58.797 [FXGL Background Thread 3 ] DEBUG Engine               - stageStyle: DECORATED
19:21:58.797 [FXGL Background Thread 3 ] DEBUG Engine               - supportedLanguages: [ENGLISH, FRENCH, GERMAN, HUNGARIAN, RUSSIAN]
19:21:58.797 [FXGL Background Thread 3 ] DEBUG Engine               - ticksPerSecond: -1
19:21:58.797 [FXGL Background Thread 3 ] DEBUG Engine               - title: BOMBERMAN
19:21:58.798 [FXGL Background Thread 3 ] DEBUG Engine               - urlGithub: https://github.com/AlmasB/FXGL
19:21:58.798 [FXGL Background Thread 3 ] DEBUG Engine               - urlLeaderboard: http://fxgl-top.herokuapp.com/
19:21:58.798 [FXGL Background Thread 3 ] DEBUG Engine               - urlPOM: https://raw.githubusercontent.com/AlmasB/FXGL/release/README.md
19:21:58.798 [FXGL Background Thread 3 ] DEBUG Engine               - userAppClass: class Bomber.BombermanApp
19:21:58.798 [FXGL Background Thread 3 ] DEBUG Engine               - version: 1.0
19:21:58.798 [FXGL Background Thread 3 ] DEBUG Engine               - versionCheckDays: 7
19:21:58.798 [FXGL Background Thread 3 ] DEBUG Engine               - width: 704
19:21:58.798 [FXGL Background Thread 3 ] DEBUG Engine               - Logging services
19:21:58.798 [FXGL Background Thread 3 ] DEBUG Engine               - class com.almasb.fxgl.app.services.FXGLAssetLoaderService
19:21:58.798 [FXGL Background Thread 3 ] DEBUG Engine               - class com.almasb.fxgl.app.FXGLApplication$GameApplicationService
19:21:58.798 [FXGL Background Thread 3 ] DEBUG Engine               - class com.almasb.fxgl.app.services.FXGLDialogService
19:21:58.798 [FXGL Background Thread 3 ] DEBUG Engine               - class com.almasb.fxgl.app.services.IOTaskExecutorService
19:21:58.799 [FXGL Background Thread 3 ] DEBUG Engine               - class com.almasb.fxgl.io.FileSystemService
19:21:58.799 [FXGL Background Thread 3 ] DEBUG Engine               - class com.almasb.fxgl.localization.LocalizationService
19:21:58.799 [FXGL Background Thread 3 ] DEBUG Engine               - class com.almasb.fxgl.app.services.SystemBundleService
19:21:58.799 [FXGL Background Thread 3 ] DEBUG Engine               - class com.almasb.fxgl.profile.SaveLoadService
19:21:58.799 [FXGL Background Thread 3 ] DEBUG Engine               - class com.almasb.fxgl.ui.FXGLUIFactoryServiceProvider
19:21:58.799 [FXGL Background Thread 3 ] DEBUG Engine               - class com.almasb.fxgl.ui.FXGLDialogFactoryServiceProvider
19:21:58.799 [FXGL Background Thread 3 ] DEBUG Engine               - class com.almasb.fxgl.audio.AudioPlayer
19:21:58.799 [FXGL Background Thread 3 ] DEBUG Engine               - class com.almasb.fxgl.notification.impl.NotificationServiceProvider
19:21:58.799 [FXGL Background Thread 3 ] DEBUG Engine               - class com.almasb.fxgl.achievement.AchievementService
19:21:58.799 [FXGL Background Thread 3 ] DEBUG Engine               - class com.almasb.fxgl.cutscene.CutsceneService
19:21:58.799 [FXGL Background Thread 3 ] DEBUG Engine               - class com.almasb.fxgl.minigames.MiniGameService
19:21:58.799 [FXGL Background Thread 3 ] DEBUG Engine               - class com.almasb.fxgl.net.NetService
19:21:58.799 [FXGL Background Thread 3 ] DEBUG Engine               - class com.almasb.fxgl.app.services.UpdaterService
19:21:58.799 [FXGL Background Thread 3 ] DEBUG Engine               - class com.almasb.fxgl.dev.DevService
19:21:59.173 [JavaFX Application Thread] DEBUG FXGLAssetLoaderServi - Loading from file system: file:/D:/Code/ProjectJavaFX/bombermanTu/Bomber/target/classes/assets/textures/bomb_ani.png
19:22:01.360 [JavaFX Application Thread] DEBUG FXGLAssetLoaderServi - Loading from file system: file:/D:/Code/ProjectJavaFX/bombermanTu/Bomber/target/classes/assets/textures/bomb_exploded_1.png
19:22:01.367 [JavaFX Application Thread] DEBUG FXGLAssetLoaderServi - Loading from file system: file:/D:/Code/ProjectJavaFX/bombermanTu/Bomber/target/classes/assets/textures/brick_break.png
19:23:37.938 [JavaFX Application Thread] DEBUG PrimaryStageWindow   - Push state: DialogSubScene
19:23:37.938 [JavaFX Application Thread] DEBUG Input                - Clearing active input actions
19:23:37.939 [JavaFX Application Thread] DEBUG GameApplicationServi - Removing overlay from GameScene and adding to DialogSubScene
19:23:37.939 [JavaFX Application Thread] DEBUG PrimaryStageWindow   - GameScene -> DialogSubScene
19:23:40.877 [JavaFX Application Thread] DEBUG PrimaryStageWindow   - Pop state: DialogSubScene
19:23:40.877 [JavaFX Application Thread] DEBUG Input                - Clearing active input actions
19:23:40.878 [JavaFX Application Thread] DEBUG GameApplicationServi - Removing overlay from DialogSubScene and adding to GameScene
19:23:40.878 [JavaFX Application Thread] DEBUG PrimaryStageWindow   - GameScene <- DialogSubScene
19:23:42.025 [JavaFX Application Thread] DEBUG PrimaryStageWindow   - Push state: BombermanGameMenu
19:23:42.025 [JavaFX Application Thread] DEBUG Input                - Clearing active input actions
19:23:42.026 [JavaFX Application Thread] DEBUG GameApplicationServi - Removing overlay from GameScene and adding to BombermanGameMenu
19:23:42.026 [JavaFX Application Thread] DEBUG PrimaryStageWindow   - GameScene -> BombermanGameMenu
19:23:44.508 [JavaFX Application Thread] DEBUG FXGLApplication      - Exiting FXGL
19:23:44.508 [JavaFX Application Thread] DEBUG LoopRunner           - Stopping loop
19:23:44.509 [JavaFX Application Thread] DEBUG SystemBundleService  - Saving FXGL system data
19:23:44.510 [JavaFX Application Thread] DEBUG FileSystemAccess     - Writing to: D:\Code\ProjectJavaFX\bombermanTu\Bomber\system\fxgl.bundle
19:23:44.511 [JavaFX Application Thread] DEBUG Async                - Shutting down background threads
19:23:44.511 [JavaFX Application Thread] DEBUG PrimaryStageWindow   - Closing main window
19:23:44.520 [JavaFX Application Thread] DEBUG Logger               - Closing Logger
