21:38:57.213 [main                     ] DEBUG Logger               - Configured Logger
21:38:57.223 [main                     ] DEBUG GameApplication      - Logging settings
Title: BOMBERMAN
Version: 1.0
Width: 720
Height: 720
Fullscreen: false
Intro: false
Profiling: false
Single step:false
App Mode: DEVELOPER
Menu Key: ESCAPE
Stage Style: DECORATED
Scene Factory: class Bomber.BombermanApp$1

21:38:57.568 [JavaFX Application Thread] DEBUG FXGLApplication      - Initializing FXGL
21:38:57.571 [JavaFX Application Thread] INFO  Engine               - FXGL-11.17 (16.07.2021 15.46) on WINDOWS (J:17.0.1 FX:16)
21:38:57.571 [JavaFX Application Thread] DEBUG Engine               - JRE Vendor Name: Oracle Corporation
21:38:57.571 [JavaFX Application Thread] DEBUG Engine               - Running on OS: Windows 10 version 10.0
21:38:57.571 [JavaFX Application Thread] DEBUG Engine               - Architecture: amd64
21:38:57.571 [JavaFX Application Thread] INFO  Engine               - Source code and latest versions at: https://github.com/AlmasB/FXGL
21:38:57.571 [JavaFX Application Thread] INFO  Engine               -              Join the FXGL chat at: https://gitter.im/AlmasB/FXGL
21:38:57.683 [JavaFX Application Thread] DEBUG PrimaryStageWindow   - Creating a JavaFX scene
21:38:57.722 [JavaFX Application Thread] DEBUG PrimaryStageWindow   - Target settings size: 720.0 x 720.0
21:38:57.722 [JavaFX Application Thread] DEBUG PrimaryStageWindow   - Scaled scene size:    720.0 x 720.0
21:38:57.722 [JavaFX Application Thread] DEBUG PrimaryStageWindow   - Scaled ratio: (1.0, 1.0)
21:38:57.723 [JavaFX Application Thread] DEBUG PrimaryStageWindow   - Set initial scene to FXGLStartupScene
21:38:57.731 [JavaFX Application Thread] DEBUG PrimaryStageWindow   - Opening main window
21:38:57.810 [JavaFX Application Thread] DEBUG PrimaryStageWindow   - Window border size: (14.4000244140625, 37.5999755859375)
21:38:57.811 [JavaFX Application Thread] DEBUG PrimaryStageWindow   - Scaled size: 720.0 x 720.0
21:38:57.811 [JavaFX Application Thread] DEBUG PrimaryStageWindow   - Scaled ratio: (1.0, 1.0)
21:38:57.811 [JavaFX Application Thread] DEBUG PrimaryStageWindow   - Scene size: 720.0 x 720.0
21:38:57.811 [JavaFX Application Thread] DEBUG PrimaryStageWindow   - Stage size: 734.4000244140625 x 757.5999755859375
21:38:57.824 [FXGL Background Thread 1 ] DEBUG Engine               - Initializing environment variables
21:38:57.898 [FXGL Background Thread 1 ] DEBUG FXGLAssetLoaderServi - User app class for loading assets: class Bomber.BombermanApp
21:38:57.898 [FXGL Background Thread 1 ] DEBUG GameApplicationServi - Applying CSS: fxgl_dark.css
21:38:57.899 [FXGL Background Thread 1 ] DEBUG FXGLAssetLoaderServi - Loading from file system: jar:file:/C:/Users/thinh/.m2/repository/com/github/almasb/fxgl/11.17/fxgl-11.17.jar!/fxglassets/ui/css/fxgl_dark.css
21:38:57.958 [FXGL Background Thread 1 ] DEBUG GameApplicationServi - Initializing application scenes
21:38:58.014 [FXGL Background Thread 1 ] DEBUG GameWorld            - Game world initialized
21:38:58.088 [FXGL Background Thread 1 ] DEBUG PhysicsWorld         - Physics world initialized: appHeight=720, physics.ppm=50.0
21:38:58.090 [FXGL Background Thread 1 ] DEBUG PhysicsWorld         - Using strategy: BRUTE_FORCE
21:38:58.095 [FXGL Background Thread 1 ] DEBUG GameScene            - Game scene initialized: 720x720
21:38:58.180 [FXGL Background Thread 1 ] DEBUG GameApplicationServi - Application scenes initialized
21:38:58.191 [FXGL Background Thread 1 ] DEBUG SystemBundleService  - Loading FXGL system data
21:38:58.197 [FXGL Background Thread 1 ] DEBUG FileSystemAccess     - Reading from: D:\Code\ProjectJavaFX\bomberman\Bomber\system\fxgl.bundle
21:38:58.205 [FXGL Background Thread 1 ] DEBUG SystemBundleService  - Bundle FXGL: {}
21:38:58.206 [FXGL Background Thread 1 ] DEBUG UpdaterService       - Checking for updates
21:38:58.210 [FXGL Background Thread 4 ] DEBUG FXGLApplication      - Loading fonts
21:38:58.211 [FXGL Background Thread 4 ] DEBUG FXGLAssetLoaderServi - Loading from file system: file:/D:/Code/ProjectJavaFX/bomberman/Bomber/target/classes/assets/ui/fonts/Quinquefive-Ea6d4.ttf
21:38:58.211 [FXGL Background Thread 1 ] DEBUG FXGLApplication      - Loading default localization
21:38:58.211 [FXGL Background Thread 1 ] DEBUG FXGLAssetLoaderServi - Loading from file system: jar:file:/C:/Users/thinh/.m2/repository/com/github/almasb/fxgl/11.17/fxgl-11.17.jar!/fxglassets/languages/english.lang
21:38:58.229 [FXGL Background Thread 1 ] INFO  FXGLApplication      - FXGL initialization took: 0.405 sec
21:38:58.242 [JavaFX Application Thread] DEBUG Input                - Registered new binding: Move Up - W
21:38:58.242 [JavaFX Application Thread] DEBUG Input                - Registered new binding: Move Down - S
21:38:58.242 [JavaFX Application Thread] DEBUG Input                - Registered new binding: Move Left - A
21:38:58.243 [JavaFX Application Thread] DEBUG Input                - Registered new binding: Move Right - D
21:38:58.243 [JavaFX Application Thread] DEBUG Input                - Registered new binding: Place Bomb - Space
21:38:58.243 [JavaFX Application Thread] DEBUG FXGLAssetLoaderServi - Loading from file system: file:/D:/Code/ProjectJavaFX/bomberman/Bomber/target/classes/assets/music/title_screen.mp3
21:38:58.300 [FXGL Background Thread 4 ] DEBUG FXGLAssetLoaderServi - Loading from file system: jar:file:/C:/Users/thinh/.m2/repository/com/github/almasb/fxgl/11.17/fxgl-11.17.jar!/fxglassets/ui/fonts/Abel-Regular.ttf
21:38:58.314 [FXGL Background Thread 4 ] DEBUG FXGLAssetLoaderServi - Loading from file system: jar:file:/C:/Users/thinh/.m2/repository/com/github/almasb/fxgl/11.17/fxgl-11.17.jar!/fxglassets/ui/fonts/lucida_console.ttf
21:38:58.333 [FXGL Background Thread 4 ] DEBUG FXGLAssetLoaderServi - Loading from file system: jar:file:/C:/Users/thinh/.m2/repository/com/github/almasb/fxgl/11.17/fxgl-11.17.jar!/fxglassets/ui/fonts/Courier-Prime.ttf
21:38:58.394 [JavaFX Application Thread] DEBUG AudioPlayer          - Playing music com.almasb.fxgl.audio.Music@168d4783
21:38:58.395 [JavaFX Application Thread] DEBUG FXGLAssetLoaderServi - Loading from file system: jar:file:/C:/Users/thinh/.m2/repository/com/github/almasb/fxgl/11.17/fxgl-11.17.jar!/fxglassets/textures/fxgl_icon.png
21:38:58.420 [JavaFX Application Thread] DEBUG FXGLAssetLoaderServi - Loading from file system: jar:file:/C:/Users/thinh/.m2/repository/com/github/almasb/fxgl/11.17/fxgl-11.17.jar!/fxglassets/textures/fxgl_default_cursor.png
21:38:58.421 [JavaFX Application Thread] DEBUG Input                - Registered new binding: Screenshot - CTRL+8
21:38:58.422 [JavaFX Application Thread] DEBUG Input                - Registered new binding: System info dump - CTRL+9
21:38:58.422 [JavaFX Application Thread] DEBUG Input                - Registered new binding: Restart - CTRL+R
21:38:58.423 [JavaFX Application Thread] DEBUG Input                - Registered new binding: Toggle Debug Camera - CTRL+C
21:38:58.424 [JavaFX Application Thread] DEBUG LoopRunner           - Starting loop
21:38:58.424 [JavaFX Application Thread] DEBUG LoopRunner           - Initializing JavaFX AnimationTimerLoop
21:38:58.427 [JavaFX Application Thread] DEBUG Input                - Clearing active input actions
21:38:58.433 [JavaFX Application Thread] DEBUG GameApplicationServi - Removing overlay from FXGLStartupScene and adding to FXGLMainMenuDummyScene
21:38:58.433 [JavaFX Application Thread] DEBUG PrimaryStageWindow   - FXGLStartupScene -> FXGLMainMenuDummyScene
21:38:58.433 [JavaFX Application Thread] DEBUG PrimaryStageWindow   - Push state: BombermanMenu
21:38:58.433 [JavaFX Application Thread] DEBUG Input                - Clearing active input actions
21:38:58.436 [JavaFX Application Thread] DEBUG GameApplicationServi - Removing overlay from FXGLMainMenuDummyScene and adding to BombermanMenu
21:38:58.437 [JavaFX Application Thread] DEBUG PrimaryStageWindow   - FXGLMainMenuDummyScene -> BombermanMenu
21:38:58.437 [JavaFX Application Thread] DEBUG FXGLApplication      - Registering font factories with UI factory
21:39:01.211 [FXGL Background Thread 3 ] DEBUG Engine               - Logging environment variables
21:39:01.211 [FXGL Background Thread 3 ] DEBUG Engine               - achievements: []
21:39:01.211 [FXGL Background Thread 3 ] DEBUG Engine               - actualHeight: 720.0
21:39:01.211 [FXGL Background Thread 3 ] DEBUG Engine               - actualHeightProperty: ReadOnlyDoubleProperty [value: 720.0]
21:39:01.211 [FXGL Background Thread 3 ] DEBUG Engine               - actualWidth: 720.0
21:39:01.211 [FXGL Background Thread 3 ] DEBUG Engine               - actualWidthProperty: ReadOnlyDoubleProperty [value: 720.0]
21:39:01.211 [FXGL Background Thread 3 ] DEBUG Engine               - appIcon: fxgl_icon.png
21:39:01.211 [FXGL Background Thread 3 ] DEBUG Engine               - applicationMode: DEVELOPER
21:39:01.211 [FXGL Background Thread 3 ] DEBUG Engine               - cSSList: [fxgl_dark.css]
21:39:01.211 [FXGL Background Thread 3 ] DEBUG Engine               - collisionDetectionStrategy: BRUTE_FORCE
21:39:01.211 [FXGL Background Thread 3 ] DEBUG Engine               - configClass: Optional.empty
21:39:01.211 [FXGL Background Thread 3 ] DEBUG Engine               - credits: []
21:39:01.211 [FXGL Background Thread 3 ] DEBUG Engine               - defaultCursor: CursorInfo(imageName=fxgl_default_cursor.png, hotspotX=7.0, hotspotY=6.0)
21:39:01.212 [FXGL Background Thread 3 ] DEBUG Engine               - devBBoxColorProperty: ObjectProperty [value: 0xff0000ff]
21:39:01.212 [FXGL Background Thread 3 ] DEBUG Engine               - devEnableDebugCameraProperty: BooleanProperty [value: false]
21:39:01.212 [FXGL Background Thread 3 ] DEBUG Engine               - devSensorColorProperty: ObjectProperty [value: 0xffff00ff]
21:39:01.212 [FXGL Background Thread 3 ] DEBUG Engine               - devShowBBoxProperty: BooleanProperty [value: false]
21:39:01.212 [FXGL Background Thread 3 ] DEBUG Engine               - devShowPositionProperty: BooleanProperty [value: false]
21:39:01.212 [FXGL Background Thread 3 ] DEBUG Engine               - enabledMenuItems: []
21:39:01.212 [FXGL Background Thread 3 ] DEBUG Engine               - engineServices: [class com.almasb.fxgl.app.services.FXGLAssetLoaderService, class com.almasb.fxgl.app.FXGLApplication$GameApplicationService, class com.almasb.fxgl.app.services.FXGLDialogService, class com.almasb.fxgl.app.services.IOTaskExecutorService, class com.almasb.fxgl.io.FileSystemService, class com.almasb.fxgl.localization.LocalizationService, class com.almasb.fxgl.app.services.SystemBundleService, class com.almasb.fxgl.profile.SaveLoadService, class com.almasb.fxgl.ui.FXGLUIFactoryServiceProvider, class com.almasb.fxgl.ui.FXGLDialogFactoryServiceProvider, class com.almasb.fxgl.audio.AudioPlayer, class com.almasb.fxgl.notification.impl.NotificationServiceProvider, class com.almasb.fxgl.achievement.AchievementService, class com.almasb.fxgl.cutscene.CutsceneService, class com.almasb.fxgl.minigames.MiniGameService, class com.almasb.fxgl.net.NetService, class com.almasb.fxgl.app.services.UpdaterService, class com.almasb.fxgl.dev.DevService]
21:39:01.212 [FXGL Background Thread 3 ] DEBUG Engine               - fontGame: Abel-Regular.ttf
21:39:01.212 [FXGL Background Thread 3 ] DEBUG Engine               - fontMono: lucida_console.ttf
21:39:01.212 [FXGL Background Thread 3 ] DEBUG Engine               - fontText: Courier-Prime.ttf
21:39:01.213 [FXGL Background Thread 3 ] DEBUG Engine               - fontUI: Quinquefive-Ea6d4.ttf
21:39:01.213 [FXGL Background Thread 3 ] DEBUG Engine               - fullScreen: BooleanProperty [value: false]
21:39:01.213 [FXGL Background Thread 3 ] DEBUG Engine               - gameDifficulty: MEDIUM
21:39:01.213 [FXGL Background Thread 3 ] DEBUG Engine               - gameDifficultyProperty: ObjectProperty [value: MEDIUM]
21:39:01.213 [FXGL Background Thread 3 ] DEBUG Engine               - globalMusicVolume: 0.5
21:39:01.213 [FXGL Background Thread 3 ] DEBUG Engine               - globalMusicVolumeProperty: DoubleProperty [value: 0.1]
21:39:01.213 [FXGL Background Thread 3 ] DEBUG Engine               - globalSoundVolume: 0.5
21:39:01.213 [FXGL Background Thread 3 ] DEBUG Engine               - globalSoundVolumeProperty: DoubleProperty [value: 0.1]
21:39:01.214 [FXGL Background Thread 3 ] DEBUG Engine               - height: 720
21:39:01.214 [FXGL Background Thread 3 ] DEBUG Engine               - is3D: false
21:39:01.214 [FXGL Background Thread 3 ] DEBUG Engine               - isAndroid: false
21:39:01.214 [FXGL Background Thread 3 ] DEBUG Engine               - isBrowser: false
21:39:01.214 [FXGL Background Thread 3 ] DEBUG Engine               - isClickFeedbackEnabled: false
21:39:01.214 [FXGL Background Thread 3 ] DEBUG Engine               - isCloseConfirmation: false
21:39:01.214 [FXGL Background Thread 3 ] DEBUG Engine               - isDesktop: true
21:39:01.214 [FXGL Background Thread 3 ] DEBUG Engine               - isDeveloperMenuEnabled: false
21:39:01.214 [FXGL Background Thread 3 ] DEBUG Engine               - isEntityPreloadEnabled: true
21:39:01.214 [FXGL Background Thread 3 ] DEBUG Engine               - isExperimentalTiledLargeMap: false
21:39:01.214 [FXGL Background Thread 3 ] DEBUG Engine               - isFileSystemWriteAllowed: true
21:39:01.214 [FXGL Background Thread 3 ] DEBUG Engine               - isFullScreenAllowed: false
21:39:01.214 [FXGL Background Thread 3 ] DEBUG Engine               - isFullScreenFromStart: false
21:39:01.215 [FXGL Background Thread 3 ] DEBUG Engine               - isGameMenuEnabled: true
21:39:01.215 [FXGL Background Thread 3 ] DEBUG Engine               - isIOS: false
21:39:01.215 [FXGL Background Thread 3 ] DEBUG Engine               - isIntroEnabled: false
21:39:01.215 [FXGL Background Thread 3 ] DEBUG Engine               - isLinux: false
21:39:01.215 [FXGL Background Thread 3 ] DEBUG Engine               - isMac: false
21:39:01.215 [FXGL Background Thread 3 ] DEBUG Engine               - isMainMenuEnabled: true
21:39:01.215 [FXGL Background Thread 3 ] DEBUG Engine               - isManualResizeEnabled: true
21:39:01.215 [FXGL Background Thread 3 ] DEBUG Engine               - isMobile: false
21:39:01.215 [FXGL Background Thread 3 ] DEBUG Engine               - isNative: false
21:39:01.215 [FXGL Background Thread 3 ] DEBUG Engine               - isPauseMusicWhenMinimized: true
21:39:01.215 [FXGL Background Thread 3 ] DEBUG Engine               - isPreserveResizeRatio: true
21:39:01.215 [FXGL Background Thread 3 ] DEBUG Engine               - isProfilingEnabled: false
21:39:01.216 [FXGL Background Thread 3 ] DEBUG Engine               - isScaleAffectedOnResize: true
21:39:01.216 [FXGL Background Thread 3 ] DEBUG Engine               - isSingleStep: false
21:39:01.216 [FXGL Background Thread 3 ] DEBUG Engine               - isUserProfileEnabled: false
21:39:01.216 [FXGL Background Thread 3 ] DEBUG Engine               - isWindows: true
21:39:01.216 [FXGL Background Thread 3 ] DEBUG Engine               - language: ObjectProperty [value: ENGLISH]
21:39:01.216 [FXGL Background Thread 3 ] DEBUG Engine               - menuKey: ESCAPE
21:39:01.216 [FXGL Background Thread 3 ] DEBUG Engine               - mouseSensitivity: 0.2
21:39:01.216 [FXGL Background Thread 3 ] DEBUG Engine               - notificationViewClass: class com.almasb.fxgl.notification.view.XboxNotificationView
21:39:01.216 [FXGL Background Thread 3 ] DEBUG Engine               - pixelsPerMeter: 50.0
21:39:01.216 [FXGL Background Thread 3 ] DEBUG Engine               - platform: WINDOWS
21:39:01.216 [FXGL Background Thread 3 ] DEBUG Engine               - prefHeightProperty: ReadOnlyDoubleProperty [value: 720.0]
21:39:01.217 [FXGL Background Thread 3 ] DEBUG Engine               - prefWidthProperty: ReadOnlyDoubleProperty [value: 720.0]
21:39:01.217 [FXGL Background Thread 3 ] DEBUG Engine               - profileDir: profiles/
21:39:01.217 [FXGL Background Thread 3 ] DEBUG Engine               - profileName: StringProperty [value: DEFAULT]
21:39:01.217 [FXGL Background Thread 3 ] DEBUG Engine               - randomSeed: -1
21:39:01.217 [FXGL Background Thread 3 ] DEBUG Engine               - runtimeInfo: RuntimeInfo(platform=WINDOWS, version=11.17, build=16.07.2021 15.46)
21:39:01.217 [FXGL Background Thread 3 ] DEBUG Engine               - saveFileExt: sav
21:39:01.217 [FXGL Background Thread 3 ] DEBUG Engine               - scaledHeightProp$fxgl: DoubleProperty [bound, value: 720.0]
21:39:01.217 [FXGL Background Thread 3 ] DEBUG Engine               - scaledWidthProp$fxgl: DoubleProperty [bound, value: 720.0]
21:39:01.217 [FXGL Background Thread 3 ] DEBUG Engine               - sceneFactory: Bomber.BombermanApp$1@5ed4440e
21:39:01.218 [FXGL Background Thread 3 ] DEBUG Engine               - secondsIn24h: 60
21:39:01.218 [FXGL Background Thread 3 ] DEBUG Engine               - soundMenuBack: menu/back.wav
21:39:01.218 [FXGL Background Thread 3 ] DEBUG Engine               - soundMenuPress: menu/press.wav
21:39:01.218 [FXGL Background Thread 3 ] DEBUG Engine               - soundMenuSelect: menu/select.wav
21:39:01.218 [FXGL Background Thread 3 ] DEBUG Engine               - soundNotification: core/notification.wav
21:39:01.218 [FXGL Background Thread 3 ] DEBUG Engine               - stageStyle: DECORATED
21:39:01.218 [FXGL Background Thread 3 ] DEBUG Engine               - supportedLanguages: [ENGLISH, FRENCH, GERMAN, HUNGARIAN, RUSSIAN]
21:39:01.218 [FXGL Background Thread 3 ] DEBUG Engine               - ticksPerSecond: -1
21:39:01.218 [FXGL Background Thread 3 ] DEBUG Engine               - title: BOMBERMAN
21:39:01.218 [FXGL Background Thread 3 ] DEBUG Engine               - urlGithub: https://github.com/AlmasB/FXGL
21:39:01.218 [FXGL Background Thread 3 ] DEBUG Engine               - urlLeaderboard: http://fxgl-top.herokuapp.com/
21:39:01.218 [FXGL Background Thread 3 ] DEBUG Engine               - urlPOM: https://raw.githubusercontent.com/AlmasB/FXGL/release/README.md
21:39:01.218 [FXGL Background Thread 3 ] DEBUG Engine               - userAppClass: class Bomber.BombermanApp
21:39:01.218 [FXGL Background Thread 3 ] DEBUG Engine               - version: 1.0
21:39:01.218 [FXGL Background Thread 3 ] DEBUG Engine               - versionCheckDays: 7
21:39:01.218 [FXGL Background Thread 3 ] DEBUG Engine               - width: 720
21:39:01.219 [FXGL Background Thread 3 ] DEBUG Engine               - Logging services
21:39:01.219 [FXGL Background Thread 3 ] DEBUG Engine               - class com.almasb.fxgl.app.services.FXGLAssetLoaderService
21:39:01.219 [FXGL Background Thread 3 ] DEBUG Engine               - class com.almasb.fxgl.app.FXGLApplication$GameApplicationService
21:39:01.219 [FXGL Background Thread 3 ] DEBUG Engine               - class com.almasb.fxgl.app.services.FXGLDialogService
21:39:01.219 [FXGL Background Thread 3 ] DEBUG Engine               - class com.almasb.fxgl.app.services.IOTaskExecutorService
21:39:01.219 [FXGL Background Thread 3 ] DEBUG Engine               - class com.almasb.fxgl.io.FileSystemService
21:39:01.219 [FXGL Background Thread 3 ] DEBUG Engine               - class com.almasb.fxgl.localization.LocalizationService
21:39:01.219 [FXGL Background Thread 3 ] DEBUG Engine               - class com.almasb.fxgl.app.services.SystemBundleService
21:39:01.219 [FXGL Background Thread 3 ] DEBUG Engine               - class com.almasb.fxgl.profile.SaveLoadService
21:39:01.220 [FXGL Background Thread 3 ] DEBUG Engine               - class com.almasb.fxgl.ui.FXGLUIFactoryServiceProvider
21:39:01.220 [FXGL Background Thread 3 ] DEBUG Engine               - class com.almasb.fxgl.ui.FXGLDialogFactoryServiceProvider
21:39:01.220 [FXGL Background Thread 3 ] DEBUG Engine               - class com.almasb.fxgl.audio.AudioPlayer
21:39:01.220 [FXGL Background Thread 3 ] DEBUG Engine               - class com.almasb.fxgl.notification.impl.NotificationServiceProvider
21:39:01.220 [FXGL Background Thread 3 ] DEBUG Engine               - class com.almasb.fxgl.achievement.AchievementService
21:39:01.220 [FXGL Background Thread 3 ] DEBUG Engine               - class com.almasb.fxgl.cutscene.CutsceneService
21:39:01.220 [FXGL Background Thread 3 ] DEBUG Engine               - class com.almasb.fxgl.minigames.MiniGameService
21:39:01.220 [FXGL Background Thread 3 ] DEBUG Engine               - class com.almasb.fxgl.net.NetService
21:39:01.220 [FXGL Background Thread 3 ] DEBUG Engine               - class com.almasb.fxgl.app.services.UpdaterService
21:39:01.220 [FXGL Background Thread 3 ] DEBUG Engine               - class com.almasb.fxgl.dev.DevService
21:39:12.643 [JavaFX Application Thread] DEBUG FXGLApplication      - Exiting FXGL
21:39:12.644 [JavaFX Application Thread] DEBUG LoopRunner           - Stopping loop
21:39:12.644 [JavaFX Application Thread] DEBUG SystemBundleService  - Saving FXGL system data
21:39:12.646 [JavaFX Application Thread] DEBUG FileSystemAccess     - Writing to: D:\Code\ProjectJavaFX\bomberman\Bomber\system\fxgl.bundle
21:39:12.648 [JavaFX Application Thread] DEBUG Async                - Shutting down background threads
21:39:12.649 [JavaFX Application Thread] DEBUG PrimaryStageWindow   - Closing main window
21:39:12.665 [JavaFX Application Thread] DEBUG Logger               - Closing Logger
