23:12:54.822 [main                     ] DEBUG Logger               - Configured Logger
23:12:54.832 [main                     ] DEBUG GameApplication      - Logging settings
Title: BOMBERMAN
Version: 1.0
Width: 720
Height: 720
Fullscreen: false
Intro: false
Profiling: false
Single step:false
App Mode: DEVELOPER
Menu Key: ESCAPE
Stage Style: DECORATED
Scene Factory: class Bomber.BombermanApp$1

23:12:55.163 [JavaFX Application Thread] DEBUG FXGLApplication      - Initializing FXGL
23:12:55.165 [JavaFX Application Thread] INFO  Engine               - FXGL-11.17 (16.07.2021 15.46) on WINDOWS (J:17.0.1 FX:16)
23:12:55.165 [JavaFX Application Thread] DEBUG Engine               - JRE Vendor Name: Oracle Corporation
23:12:55.165 [JavaFX Application Thread] DEBUG Engine               - Running on OS: Windows 10 version 10.0
23:12:55.165 [JavaFX Application Thread] DEBUG Engine               - Architecture: amd64
23:12:55.165 [JavaFX Application Thread] INFO  Engine               - Source code and latest versions at: https://github.com/AlmasB/FXGL
23:12:55.165 [JavaFX Application Thread] INFO  Engine               -              Join the FXGL chat at: https://gitter.im/AlmasB/FXGL
23:12:55.277 [JavaFX Application Thread] DEBUG PrimaryStageWindow   - Creating a JavaFX scene
23:12:55.313 [JavaFX Application Thread] DEBUG PrimaryStageWindow   - Target settings size: 720.0 x 720.0
23:12:55.314 [JavaFX Application Thread] DEBUG PrimaryStageWindow   - Scaled scene size:    720.0 x 720.0
23:12:55.314 [JavaFX Application Thread] DEBUG PrimaryStageWindow   - Scaled ratio: (1.0, 1.0)
23:12:55.315 [JavaFX Application Thread] DEBUG PrimaryStageWindow   - Set initial scene to FXGLStartupScene
23:12:55.321 [JavaFX Application Thread] DEBUG PrimaryStageWindow   - Opening main window
23:12:55.401 [JavaFX Application Thread] DEBUG PrimaryStageWindow   - Window border size: (14.4000244140625, 37.5999755859375)
23:12:55.401 [JavaFX Application Thread] DEBUG PrimaryStageWindow   - Scaled size: 720.0 x 720.0
23:12:55.402 [JavaFX Application Thread] DEBUG PrimaryStageWindow   - Scaled ratio: (1.0, 1.0)
23:12:55.402 [JavaFX Application Thread] DEBUG PrimaryStageWindow   - Scene size: 720.0 x 720.0
23:12:55.402 [JavaFX Application Thread] DEBUG PrimaryStageWindow   - Stage size: 734.4000244140625 x 757.5999755859375
23:12:55.410 [FXGL Background Thread 1 ] DEBUG Engine               - Initializing environment variables
23:12:55.495 [FXGL Background Thread 1 ] DEBUG FXGLAssetLoaderServi - User app class for loading assets: class Bomber.BombermanApp
23:12:55.495 [FXGL Background Thread 1 ] DEBUG GameApplicationServi - Applying CSS: fxgl_dark.css
23:12:55.496 [FXGL Background Thread 1 ] DEBUG FXGLAssetLoaderServi - Loading from file system: jar:file:/C:/Users/thinh/.m2/repository/com/github/almasb/fxgl/11.17/fxgl-11.17.jar!/fxglassets/ui/css/fxgl_dark.css
23:12:55.559 [FXGL Background Thread 1 ] DEBUG GameApplicationServi - Initializing application scenes
23:12:55.612 [FXGL Background Thread 1 ] DEBUG GameWorld            - Game world initialized
23:12:55.698 [FXGL Background Thread 1 ] DEBUG PhysicsWorld         - Physics world initialized: appHeight=720, physics.ppm=50.0
23:12:55.700 [FXGL Background Thread 1 ] DEBUG PhysicsWorld         - Using strategy: BRUTE_FORCE
23:12:55.704 [FXGL Background Thread 1 ] DEBUG GameScene            - Game scene initialized: 720x720
23:12:55.787 [FXGL Background Thread 1 ] DEBUG GameApplicationServi - Application scenes initialized
23:12:55.799 [FXGL Background Thread 1 ] DEBUG SystemBundleService  - Loading FXGL system data
23:12:55.803 [FXGL Background Thread 1 ] DEBUG FileSystemAccess     - Reading from: D:\Code\ProjectJavaFX\bomberman\Bomber\system\fxgl.bundle
23:12:55.809 [FXGL Background Thread 1 ] DEBUG SystemBundleService  - Bundle FXGL: {}
23:12:55.809 [FXGL Background Thread 1 ] DEBUG UpdaterService       - Checking for updates
23:12:55.845 [FXGL Background Thread 4 ] DEBUG FXGLApplication      - Loading fonts
23:12:55.845 [FXGL Background Thread 4 ] DEBUG FXGLAssetLoaderServi - Loading from file system: file:/D:/Code/ProjectJavaFX/bomberman/Bomber/target/classes/assets/ui/fonts/Quinquefive-Ea6d4.ttf
23:12:55.847 [FXGL Background Thread 1 ] DEBUG FXGLApplication      - Loading default localization
23:12:55.848 [FXGL Background Thread 1 ] DEBUG FXGLAssetLoaderServi - Loading from file system: jar:file:/C:/Users/thinh/.m2/repository/com/github/almasb/fxgl/11.17/fxgl-11.17.jar!/fxglassets/languages/english.lang
23:12:55.880 [FXGL Background Thread 1 ] INFO  FXGLApplication      - FXGL initialization took: 0.470 sec
23:12:55.894 [JavaFX Application Thread] DEBUG Input                - Registered new binding: Move Up - W
23:12:55.895 [JavaFX Application Thread] DEBUG Input                - Registered new binding: Move Down - S
23:12:55.895 [JavaFX Application Thread] DEBUG Input                - Registered new binding: Move Left - A
23:12:55.895 [JavaFX Application Thread] DEBUG Input                - Registered new binding: Move Right - D
23:12:55.896 [JavaFX Application Thread] DEBUG Input                - Registered new binding: Place Bomb - Space
23:12:55.896 [JavaFX Application Thread] DEBUG FXGLAssetLoaderServi - Loading from file system: file:/D:/Code/ProjectJavaFX/bomberman/Bomber/target/classes/assets/music/title_screen.mp3
23:12:55.938 [FXGL Background Thread 4 ] DEBUG FXGLAssetLoaderServi - Loading from file system: jar:file:/C:/Users/thinh/.m2/repository/com/github/almasb/fxgl/11.17/fxgl-11.17.jar!/fxglassets/ui/fonts/Abel-Regular.ttf
23:12:55.949 [FXGL Background Thread 4 ] DEBUG FXGLAssetLoaderServi - Loading from file system: jar:file:/C:/Users/thinh/.m2/repository/com/github/almasb/fxgl/11.17/fxgl-11.17.jar!/fxglassets/ui/fonts/lucida_console.ttf
23:12:55.964 [FXGL Background Thread 4 ] DEBUG FXGLAssetLoaderServi - Loading from file system: jar:file:/C:/Users/thinh/.m2/repository/com/github/almasb/fxgl/11.17/fxgl-11.17.jar!/fxglassets/ui/fonts/Courier-Prime.ttf
23:12:56.038 [JavaFX Application Thread] DEBUG AudioPlayer          - Playing music com.almasb.fxgl.audio.Music@b196109
23:12:56.038 [JavaFX Application Thread] DEBUG FXGLAssetLoaderServi - Loading from file system: jar:file:/C:/Users/thinh/.m2/repository/com/github/almasb/fxgl/11.17/fxgl-11.17.jar!/fxglassets/textures/fxgl_icon.png
23:12:56.059 [JavaFX Application Thread] DEBUG FXGLAssetLoaderServi - Loading from file system: jar:file:/C:/Users/thinh/.m2/repository/com/github/almasb/fxgl/11.17/fxgl-11.17.jar!/fxglassets/textures/fxgl_default_cursor.png
23:12:56.061 [JavaFX Application Thread] DEBUG Input                - Registered new binding: Screenshot - CTRL+8
23:12:56.062 [JavaFX Application Thread] DEBUG Input                - Registered new binding: Dev Options - 1
23:12:56.062 [JavaFX Application Thread] DEBUG Input                - Registered new binding: Dev Console - 2
23:12:56.062 [JavaFX Application Thread] DEBUG Input                - Registered new binding: System info dump - CTRL+9
23:12:56.063 [JavaFX Application Thread] DEBUG Input                - Registered new binding: Restart - CTRL+R
23:12:56.063 [JavaFX Application Thread] DEBUG Input                - Registered new binding: Toggle Debug Camera - CTRL+C
23:12:56.066 [JavaFX Application Thread] DEBUG LoopRunner           - Starting loop
23:12:56.085 [JavaFX Application Thread] DEBUG LoopRunner           - Initializing JavaFX AnimationTimerLoop
23:12:56.089 [JavaFX Application Thread] DEBUG Input                - Clearing active input actions
23:12:56.100 [JavaFX Application Thread] DEBUG GameApplicationServi - Removing overlay from FXGLStartupScene and adding to FXGLMainMenuDummyScene
23:12:56.104 [JavaFX Application Thread] DEBUG PrimaryStageWindow   - FXGLStartupScene -> FXGLMainMenuDummyScene
23:12:56.104 [JavaFX Application Thread] DEBUG PrimaryStageWindow   - Push state: BombermanMenu
23:12:56.104 [JavaFX Application Thread] DEBUG Input                - Clearing active input actions
23:12:56.107 [JavaFX Application Thread] DEBUG GameApplicationServi - Removing overlay from FXGLMainMenuDummyScene and adding to BombermanMenu
23:12:56.108 [JavaFX Application Thread] DEBUG PrimaryStageWindow   - FXGLMainMenuDummyScene -> BombermanMenu
23:12:56.116 [JavaFX Application Thread] DEBUG FXGLApplication      - Registering font factories with UI factory
23:12:57.056 [JavaFX Application Thread] DEBUG Menu                 - fireNewGame()
23:12:57.056 [JavaFX Application Thread] DEBUG GameApplicationServi - Starting new game
23:12:57.056 [JavaFX Application Thread] DEBUG PrimaryStageWindow   - Pop state: BombermanMenu
23:12:57.056 [JavaFX Application Thread] DEBUG Input                - Clearing active input actions
23:12:57.058 [JavaFX Application Thread] DEBUG GameApplicationServi - Removing overlay from BombermanMenu and adding to FXGLMainMenuDummyScene
23:12:57.059 [JavaFX Application Thread] DEBUG PrimaryStageWindow   - FXGLMainMenuDummyScene <- BombermanMenu
23:12:57.060 [JavaFX Application Thread] DEBUG Input                - Clearing active input actions
23:12:57.066 [JavaFX Application Thread] DEBUG GameApplicationServi - Removing overlay from FXGLMainMenuDummyScene and adding to FXGLLoadingScene
23:12:57.067 [JavaFX Application Thread] DEBUG PrimaryStageWindow   - FXGLMainMenuDummyScene -> FXGLLoadingScene
23:12:57.068 [JavaFX Application Thread] DEBUG GameApplicationServi - Clearing previous game
23:12:57.068 [JavaFX Application Thread] DEBUG GameScene            - Clearing game scene
23:12:57.068 [JavaFX Application Thread] DEBUG GameWorld            - Clearing game world
23:12:57.068 [JavaFX Application Thread] DEBUG PhysicsWorld         - Clearing physics world
23:12:57.070 [FXGL Background Thread 2 ] DEBUG FXGLApplication      - Initializing game
23:12:57.115 [FXGL Background Thread 2 ] WARN  TMXLevelLoader       - TiledMap generated from 1.7.2. Supported version: 1.2.3. Some features may not be parsed fully.
23:12:57.149 [FXGL Background Thread 2 ] DEBUG TMXLevelLoader       - Parsed TiledMap: file:/D:/Code/ProjectJavaFX/bomberman/Bomber/target/classes/assets/levels/bbm_level1.tmx
23:12:57.151 [FXGL Background Thread 2 ] DEBUG TMXLevelLoader       - Creating tile layer entities
23:12:57.153 [FXGL Background Thread 2 ] DEBUG TilesetLoader        - Loading view for layer Tile Layer 1
23:12:57.156 [FXGL Background Thread 2 ] DEBUG TilesetLoader        - Created buffer with size 1488.0x720.0
23:12:57.349 [FXGL Background Thread 2 ] DEBUG TMXLevelLoader       - Creating object layer entities
23:12:57.371 [FXGL Background Thread 2 ] DEBUG FXGLAssetLoaderServi - Loading from file system: file:/D:/Code/ProjectJavaFX/bomberman/Bomber/target/classes/assets/textures/player_die.png
23:12:57.373 [FXGL Background Thread 2 ] DEBUG FXGLAssetLoaderServi - Loading from file system: file:/D:/Code/ProjectJavaFX/bomberman/Bomber/target/classes/assets/textures/player_down.png
23:12:57.374 [FXGL Background Thread 2 ] DEBUG FXGLAssetLoaderServi - Loading from file system: file:/D:/Code/ProjectJavaFX/bomberman/Bomber/target/classes/assets/textures/player_right.png
23:12:57.375 [FXGL Background Thread 2 ] DEBUG FXGLAssetLoaderServi - Loading from file system: file:/D:/Code/ProjectJavaFX/bomberman/Bomber/target/classes/assets/textures/player_up.png
23:12:57.377 [FXGL Background Thread 2 ] DEBUG FXGLAssetLoaderServi - Loading from file system: file:/D:/Code/ProjectJavaFX/bomberman/Bomber/target/classes/assets/textures/player_left.png
23:12:57.387 [FXGL Background Thread 2 ] DEBUG FXGLAssetLoaderServi - Loading from file system: file:/D:/Code/ProjectJavaFX/bomberman/Bomber/target/classes/assets/textures/brick.png
23:12:57.442 [FXGL Background Thread 2 ] DEBUG FXGLAssetLoaderServi - Loading from file system: file:/D:/Code/ProjectJavaFX/bomberman/Bomber/target/classes/assets/textures/balloom.png
23:12:57.468 [FXGL Background Thread 2 ] DEBUG FXGLAssetLoaderServi - Loading from file system: file:/D:/Code/ProjectJavaFX/bomberman/Bomber/target/classes/assets/textures/powerup_speed.png
23:12:57.470 [FXGL Background Thread 2 ] DEBUG FXGLAssetLoaderServi - Loading from file system: file:/D:/Code/ProjectJavaFX/bomberman/Bomber/target/classes/assets/textures/powerup_flames.png
23:12:57.471 [FXGL Background Thread 2 ] DEBUG FXGLAssetLoaderServi - Loading from file system: file:/D:/Code/ProjectJavaFX/bomberman/Bomber/target/classes/assets/textures/powerup_bombs.png
23:12:57.473 [FXGL Background Thread 2 ] DEBUG FXGLAssetLoaderServi - Loading from file system: file:/D:/Code/ProjectJavaFX/bomberman/Bomber/target/classes/assets/textures/powerup_flamepass.png
23:12:57.475 [FXGL Background Thread 2 ] DEBUG FXGLAssetLoaderServi - Loading from file system: file:/D:/Code/ProjectJavaFX/bomberman/Bomber/target/classes/assets/textures/portal.png
23:12:57.478 [FXGL Background Thread 2 ] DEBUG GameWorld            - Clearing removable entities
23:12:57.479 [FXGL Background Thread 2 ] DEBUG GameWorld            - Setting level: com.almasb.fxgl.entity.level.Level@2be9514e
23:12:57.561 [FXGL Background Thread 2 ] INFO  FXGLApplication      - Game initialization took: 0.491 sec
23:12:57.561 [JavaFX Application Thread] DEBUG Input                - Clearing active input actions
23:12:57.570 [JavaFX Application Thread] DEBUG GameApplicationServi - Removing overlay from FXGLLoadingScene and adding to GameScene
23:12:57.572 [JavaFX Application Thread] DEBUG PrimaryStageWindow   - FXGLLoadingScene -> GameScene
23:12:58.842 [FXGL Background Thread 3 ] DEBUG Engine               - Logging environment variables
23:12:58.842 [FXGL Background Thread 3 ] DEBUG Engine               - achievements: []
23:12:58.842 [FXGL Background Thread 3 ] DEBUG Engine               - actualHeight: 720.0
23:12:58.843 [FXGL Background Thread 3 ] DEBUG Engine               - actualHeightProperty: ReadOnlyDoubleProperty [value: 720.0]
23:12:58.843 [FXGL Background Thread 3 ] DEBUG Engine               - actualWidth: 720.0
23:12:58.843 [FXGL Background Thread 3 ] DEBUG Engine               - actualWidthProperty: ReadOnlyDoubleProperty [value: 720.0]
23:12:58.844 [FXGL Background Thread 3 ] DEBUG Engine               - appIcon: fxgl_icon.png
23:12:58.844 [FXGL Background Thread 3 ] DEBUG Engine               - applicationMode: DEVELOPER
23:12:58.844 [FXGL Background Thread 3 ] DEBUG Engine               - cSSList: [fxgl_dark.css]
23:12:58.844 [FXGL Background Thread 3 ] DEBUG Engine               - collisionDetectionStrategy: BRUTE_FORCE
23:12:58.844 [FXGL Background Thread 3 ] DEBUG Engine               - configClass: Optional.empty
23:12:58.844 [FXGL Background Thread 3 ] DEBUG Engine               - credits: []
23:12:58.845 [FXGL Background Thread 3 ] DEBUG Engine               - defaultCursor: CursorInfo(imageName=fxgl_default_cursor.png, hotspotX=7.0, hotspotY=6.0)
23:12:58.846 [FXGL Background Thread 3 ] DEBUG Engine               - devBBoxColorProperty: ObjectProperty [value: 0xff0000ff]
23:12:58.846 [FXGL Background Thread 3 ] DEBUG Engine               - devEnableDebugCameraProperty: BooleanProperty [value: false]
23:12:58.846 [FXGL Background Thread 3 ] DEBUG Engine               - devSensorColorProperty: ObjectProperty [value: 0xffff00ff]
23:12:58.846 [FXGL Background Thread 3 ] DEBUG Engine               - devShowBBoxProperty: BooleanProperty [value: false]
23:12:58.846 [FXGL Background Thread 3 ] DEBUG Engine               - devShowPositionProperty: BooleanProperty [value: false]
23:12:58.846 [FXGL Background Thread 3 ] DEBUG Engine               - enabledMenuItems: []
23:12:58.846 [FXGL Background Thread 3 ] DEBUG Engine               - engineServices: [class com.almasb.fxgl.app.services.FXGLAssetLoaderService, class com.almasb.fxgl.app.FXGLApplication$GameApplicationService, class com.almasb.fxgl.app.services.FXGLDialogService, class com.almasb.fxgl.app.services.IOTaskExecutorService, class com.almasb.fxgl.io.FileSystemService, class com.almasb.fxgl.localization.LocalizationService, class com.almasb.fxgl.app.services.SystemBundleService, class com.almasb.fxgl.profile.SaveLoadService, class com.almasb.fxgl.ui.FXGLUIFactoryServiceProvider, class com.almasb.fxgl.ui.FXGLDialogFactoryServiceProvider, class com.almasb.fxgl.audio.AudioPlayer, class com.almasb.fxgl.notification.impl.NotificationServiceProvider, class com.almasb.fxgl.achievement.AchievementService, class com.almasb.fxgl.cutscene.CutsceneService, class com.almasb.fxgl.minigames.MiniGameService, class com.almasb.fxgl.net.NetService, class com.almasb.fxgl.app.services.UpdaterService, class com.almasb.fxgl.dev.DevService]
23:12:58.846 [FXGL Background Thread 3 ] DEBUG Engine               - fontGame: Abel-Regular.ttf
23:12:58.847 [FXGL Background Thread 3 ] DEBUG Engine               - fontMono: lucida_console.ttf
23:12:58.847 [FXGL Background Thread 3 ] DEBUG Engine               - fontText: Courier-Prime.ttf
23:12:58.847 [FXGL Background Thread 3 ] DEBUG Engine               - fontUI: Quinquefive-Ea6d4.ttf
23:12:58.847 [FXGL Background Thread 3 ] DEBUG Engine               - fullScreen: BooleanProperty [value: false]
23:12:58.847 [FXGL Background Thread 3 ] DEBUG Engine               - gameDifficulty: MEDIUM
23:12:58.847 [FXGL Background Thread 3 ] DEBUG Engine               - gameDifficultyProperty: ObjectProperty [value: MEDIUM]
23:12:58.848 [FXGL Background Thread 3 ] DEBUG Engine               - globalMusicVolume: 0.5
23:12:58.848 [FXGL Background Thread 3 ] DEBUG Engine               - globalMusicVolumeProperty: DoubleProperty [value: 0.1]
23:12:58.848 [FXGL Background Thread 3 ] DEBUG Engine               - globalSoundVolume: 0.5
23:12:58.848 [FXGL Background Thread 3 ] DEBUG Engine               - globalSoundVolumeProperty: DoubleProperty [value: 0.1]
23:12:58.848 [FXGL Background Thread 3 ] DEBUG Engine               - height: 720
23:12:58.848 [FXGL Background Thread 3 ] DEBUG Engine               - is3D: false
23:12:58.848 [FXGL Background Thread 3 ] DEBUG Engine               - isAndroid: false
23:12:58.849 [FXGL Background Thread 3 ] DEBUG Engine               - isBrowser: false
23:12:58.849 [FXGL Background Thread 3 ] DEBUG Engine               - isClickFeedbackEnabled: false
23:12:58.849 [FXGL Background Thread 3 ] DEBUG Engine               - isCloseConfirmation: false
23:12:58.849 [FXGL Background Thread 3 ] DEBUG Engine               - isDesktop: true
23:12:58.849 [FXGL Background Thread 3 ] DEBUG Engine               - isDeveloperMenuEnabled: true
23:12:58.849 [FXGL Background Thread 3 ] DEBUG Engine               - isEntityPreloadEnabled: true
23:12:58.849 [FXGL Background Thread 3 ] DEBUG Engine               - isExperimentalTiledLargeMap: false
23:12:58.849 [FXGL Background Thread 3 ] DEBUG Engine               - isFileSystemWriteAllowed: true
23:12:58.849 [FXGL Background Thread 3 ] DEBUG Engine               - isFullScreenAllowed: false
23:12:58.849 [FXGL Background Thread 3 ] DEBUG Engine               - isFullScreenFromStart: false
23:12:58.849 [FXGL Background Thread 3 ] DEBUG Engine               - isGameMenuEnabled: true
23:12:58.850 [FXGL Background Thread 3 ] DEBUG Engine               - isIOS: false
23:12:58.850 [FXGL Background Thread 3 ] DEBUG Engine               - isIntroEnabled: false
23:12:58.850 [FXGL Background Thread 3 ] DEBUG Engine               - isLinux: false
23:12:58.850 [FXGL Background Thread 3 ] DEBUG Engine               - isMac: false
23:12:58.850 [FXGL Background Thread 3 ] DEBUG Engine               - isMainMenuEnabled: true
23:12:58.851 [FXGL Background Thread 3 ] DEBUG Engine               - isManualResizeEnabled: true
23:12:58.851 [FXGL Background Thread 3 ] DEBUG Engine               - isMobile: false
23:12:58.851 [FXGL Background Thread 3 ] DEBUG Engine               - isNative: false
23:12:58.851 [FXGL Background Thread 3 ] DEBUG Engine               - isPauseMusicWhenMinimized: true
23:12:58.851 [FXGL Background Thread 3 ] DEBUG Engine               - isPreserveResizeRatio: true
23:12:58.851 [FXGL Background Thread 3 ] DEBUG Engine               - isProfilingEnabled: false
23:12:58.851 [FXGL Background Thread 3 ] DEBUG Engine               - isScaleAffectedOnResize: true
23:12:58.851 [FXGL Background Thread 3 ] DEBUG Engine               - isSingleStep: false
23:12:58.851 [FXGL Background Thread 3 ] DEBUG Engine               - isUserProfileEnabled: false
23:12:58.851 [FXGL Background Thread 3 ] DEBUG Engine               - isWindows: true
23:12:58.851 [FXGL Background Thread 3 ] DEBUG Engine               - language: ObjectProperty [value: ENGLISH]
23:12:58.852 [FXGL Background Thread 3 ] DEBUG Engine               - menuKey: ESCAPE
23:12:58.852 [FXGL Background Thread 3 ] DEBUG Engine               - mouseSensitivity: 0.2
23:12:58.852 [FXGL Background Thread 3 ] DEBUG Engine               - notificationViewClass: class com.almasb.fxgl.notification.view.XboxNotificationView
23:12:58.852 [FXGL Background Thread 3 ] DEBUG Engine               - pixelsPerMeter: 50.0
23:12:58.852 [FXGL Background Thread 3 ] DEBUG Engine               - platform: WINDOWS
23:12:58.852 [FXGL Background Thread 3 ] DEBUG Engine               - prefHeightProperty: ReadOnlyDoubleProperty [value: 720.0]
23:12:58.852 [FXGL Background Thread 3 ] DEBUG Engine               - prefWidthProperty: ReadOnlyDoubleProperty [value: 720.0]
23:12:58.852 [FXGL Background Thread 3 ] DEBUG Engine               - profileDir: profiles/
23:12:58.852 [FXGL Background Thread 3 ] DEBUG Engine               - profileName: StringProperty [value: DEFAULT]
23:12:58.852 [FXGL Background Thread 3 ] DEBUG Engine               - randomSeed: -1
23:12:58.852 [FXGL Background Thread 3 ] DEBUG Engine               - runtimeInfo: RuntimeInfo(platform=WINDOWS, version=11.17, build=16.07.2021 15.46)
23:12:58.852 [FXGL Background Thread 3 ] DEBUG Engine               - saveFileExt: sav
23:12:58.852 [FXGL Background Thread 3 ] DEBUG Engine               - scaledHeightProp$fxgl: DoubleProperty [bound, value: 720.0]
23:12:58.853 [FXGL Background Thread 3 ] DEBUG Engine               - scaledWidthProp$fxgl: DoubleProperty [bound, value: 720.0]
23:12:58.853 [FXGL Background Thread 3 ] DEBUG Engine               - sceneFactory: Bomber.BombermanApp$1@12041612
23:12:58.853 [FXGL Background Thread 3 ] DEBUG Engine               - secondsIn24h: 60
23:12:58.853 [FXGL Background Thread 3 ] DEBUG Engine               - soundMenuBack: menu/back.wav
23:12:58.853 [FXGL Background Thread 3 ] DEBUG Engine               - soundMenuPress: menu/press.wav
23:12:58.853 [FXGL Background Thread 3 ] DEBUG Engine               - soundMenuSelect: menu/select.wav
23:12:58.853 [FXGL Background Thread 3 ] DEBUG Engine               - soundNotification: core/notification.wav
23:12:58.853 [FXGL Background Thread 3 ] DEBUG Engine               - stageStyle: DECORATED
23:12:58.853 [FXGL Background Thread 3 ] DEBUG Engine               - supportedLanguages: [ENGLISH, FRENCH, GERMAN, HUNGARIAN, RUSSIAN]
23:12:58.854 [FXGL Background Thread 3 ] DEBUG Engine               - ticksPerSecond: -1
23:12:58.854 [FXGL Background Thread 3 ] DEBUG Engine               - title: BOMBERMAN
23:12:58.854 [FXGL Background Thread 3 ] DEBUG Engine               - urlGithub: https://github.com/AlmasB/FXGL
23:12:58.854 [FXGL Background Thread 3 ] DEBUG Engine               - urlLeaderboard: http://fxgl-top.herokuapp.com/
23:12:58.854 [FXGL Background Thread 3 ] DEBUG Engine               - urlPOM: https://raw.githubusercontent.com/AlmasB/FXGL/release/README.md
23:12:58.854 [FXGL Background Thread 3 ] DEBUG Engine               - userAppClass: class Bomber.BombermanApp
23:12:58.854 [FXGL Background Thread 3 ] DEBUG Engine               - version: 1.0
23:12:58.854 [FXGL Background Thread 3 ] DEBUG Engine               - versionCheckDays: 7
23:12:58.854 [FXGL Background Thread 3 ] DEBUG Engine               - width: 720
23:12:58.854 [FXGL Background Thread 3 ] DEBUG Engine               - Logging services
23:12:58.854 [FXGL Background Thread 3 ] DEBUG Engine               - class com.almasb.fxgl.app.services.FXGLAssetLoaderService
23:12:58.855 [FXGL Background Thread 3 ] DEBUG Engine               - class com.almasb.fxgl.app.FXGLApplication$GameApplicationService
23:12:58.855 [FXGL Background Thread 3 ] DEBUG Engine               - class com.almasb.fxgl.app.services.FXGLDialogService
23:12:58.855 [FXGL Background Thread 3 ] DEBUG Engine               - class com.almasb.fxgl.app.services.IOTaskExecutorService
23:12:58.855 [FXGL Background Thread 3 ] DEBUG Engine               - class com.almasb.fxgl.io.FileSystemService
23:12:58.855 [FXGL Background Thread 3 ] DEBUG Engine               - class com.almasb.fxgl.localization.LocalizationService
23:12:58.855 [FXGL Background Thread 3 ] DEBUG Engine               - class com.almasb.fxgl.app.services.SystemBundleService
23:12:58.855 [FXGL Background Thread 3 ] DEBUG Engine               - class com.almasb.fxgl.profile.SaveLoadService
23:12:58.855 [FXGL Background Thread 3 ] DEBUG Engine               - class com.almasb.fxgl.ui.FXGLUIFactoryServiceProvider
23:12:58.855 [FXGL Background Thread 3 ] DEBUG Engine               - class com.almasb.fxgl.ui.FXGLDialogFactoryServiceProvider
23:12:58.856 [FXGL Background Thread 3 ] DEBUG Engine               - class com.almasb.fxgl.audio.AudioPlayer
23:12:58.856 [FXGL Background Thread 3 ] DEBUG Engine               - class com.almasb.fxgl.notification.impl.NotificationServiceProvider
23:12:58.856 [FXGL Background Thread 3 ] DEBUG Engine               - class com.almasb.fxgl.achievement.AchievementService
23:12:58.856 [FXGL Background Thread 3 ] DEBUG Engine               - class com.almasb.fxgl.cutscene.CutsceneService
23:12:58.856 [FXGL Background Thread 3 ] DEBUG Engine               - class com.almasb.fxgl.minigames.MiniGameService
23:12:58.856 [FXGL Background Thread 3 ] DEBUG Engine               - class com.almasb.fxgl.net.NetService
23:12:58.856 [FXGL Background Thread 3 ] DEBUG Engine               - class com.almasb.fxgl.app.services.UpdaterService
23:12:58.856 [FXGL Background Thread 3 ] DEBUG Engine               - class com.almasb.fxgl.dev.DevService
23:13:13.517 [JavaFX Application Thread] DEBUG FXGLAssetLoaderServi - Loading from file system: file:/D:/Code/ProjectJavaFX/bomberman/Bomber/target/classes/assets/textures/bomb_ani.png
23:13:16.017 [JavaFX Application Thread] DEBUG FXGLAssetLoaderServi - Loading from file system: file:/D:/Code/ProjectJavaFX/bomberman/Bomber/target/classes/assets/textures/bomb_exploded_1.png
23:13:16.021 [JavaFX Application Thread] DEBUG FXGLAssetLoaderServi - Loading from file system: file:/D:/Code/ProjectJavaFX/bomberman/Bomber/target/classes/assets/textures/brick_break.png
23:14:08.775 [JavaFX Application Thread] DEBUG FXGLApplication      - Exiting FXGL
23:14:08.775 [JavaFX Application Thread] DEBUG LoopRunner           - Stopping loop
23:14:08.775 [JavaFX Application Thread] DEBUG SystemBundleService  - Saving FXGL system data
23:14:08.776 [JavaFX Application Thread] DEBUG FileSystemAccess     - Writing to: D:\Code\ProjectJavaFX\bomberman\Bomber\system\fxgl.bundle
23:14:08.777 [JavaFX Application Thread] DEBUG Async                - Shutting down background threads
23:14:08.777 [JavaFX Application Thread] DEBUG PrimaryStageWindow   - Closing main window
23:14:08.789 [JavaFX Application Thread] DEBUG Logger               - Closing Logger
