18:55:06.444 [main                     ] DEBUG Logger               - Configured Logger
18:55:06.454 [main                     ] DEBUG GameApplication      - Logging settings
Title: BOMBERMAN
Version: 1.0
Width: 720
Height: 720
Fullscreen: false
Intro: false
Profiling: false
Single step:false
App Mode: DEVELOPER
Menu Key: ESCAPE
Stage Style: DECORATED
Scene Factory: class Bomber.BombermanApp$1

18:55:06.827 [JavaFX Application Thread] DEBUG FXGLApplication      - Initializing FXGL
18:55:06.829 [JavaFX Application Thread] INFO  Engine               - FXGL-11.17 (16.07.2021 15.46) on WINDOWS (J:17.0.1 FX:16)
18:55:06.829 [JavaFX Application Thread] DEBUG Engine               - JRE Vendor Name: Oracle Corporation
18:55:06.830 [JavaFX Application Thread] DEBUG Engine               - Running on OS: Windows 10 version 10.0
18:55:06.830 [JavaFX Application Thread] DEBUG Engine               - Architecture: amd64
18:55:06.830 [JavaFX Application Thread] INFO  Engine               - Source code and latest versions at: https://github.com/AlmasB/FXGL
18:55:06.830 [JavaFX Application Thread] INFO  Engine               -              Join the FXGL chat at: https://gitter.im/AlmasB/FXGL
18:55:06.949 [JavaFX Application Thread] DEBUG PrimaryStageWindow   - Creating a JavaFX scene
18:55:06.992 [JavaFX Application Thread] DEBUG PrimaryStageWindow   - Target settings size: 720.0 x 720.0
18:55:06.992 [JavaFX Application Thread] DEBUG PrimaryStageWindow   - Scaled scene size:    720.0 x 720.0
18:55:06.993 [JavaFX Application Thread] DEBUG PrimaryStageWindow   - Scaled ratio: (1.0, 1.0)
18:55:06.994 [JavaFX Application Thread] DEBUG PrimaryStageWindow   - Set initial scene to FXGLStartupScene
18:55:07.001 [JavaFX Application Thread] DEBUG PrimaryStageWindow   - Opening main window
18:55:07.088 [JavaFX Application Thread] DEBUG PrimaryStageWindow   - Window border size: (14.4000244140625, 37.5999755859375)
18:55:07.089 [JavaFX Application Thread] DEBUG PrimaryStageWindow   - Scaled size: 720.0 x 720.0
18:55:07.089 [JavaFX Application Thread] DEBUG PrimaryStageWindow   - Scaled ratio: (1.0, 1.0)
18:55:07.089 [JavaFX Application Thread] DEBUG PrimaryStageWindow   - Scene size: 720.0 x 720.0
18:55:07.089 [JavaFX Application Thread] DEBUG PrimaryStageWindow   - Stage size: 734.4000244140625 x 757.5999755859375
18:55:07.099 [FXGL Background Thread 1 ] DEBUG Engine               - Initializing environment variables
18:55:07.180 [FXGL Background Thread 1 ] DEBUG FXGLAssetLoaderServi - User app class for loading assets: class Bomber.BombermanApp
18:55:07.180 [FXGL Background Thread 1 ] DEBUG GameApplicationServi - Applying CSS: fxgl_dark.css
18:55:07.181 [FXGL Background Thread 1 ] DEBUG FXGLAssetLoaderServi - Loading from file system: jar:file:/C:/Users/thinh/.m2/repository/com/github/almasb/fxgl/11.17/fxgl-11.17.jar!/fxglassets/ui/css/fxgl_dark.css
18:55:07.239 [FXGL Background Thread 1 ] DEBUG GameApplicationServi - Initializing application scenes
18:55:07.295 [FXGL Background Thread 1 ] DEBUG GameWorld            - Game world initialized
18:55:07.365 [FXGL Background Thread 1 ] DEBUG PhysicsWorld         - Physics world initialized: appHeight=720, physics.ppm=50.0
18:55:07.365 [FXGL Background Thread 1 ] DEBUG PhysicsWorld         - Using strategy: BRUTE_FORCE
18:55:07.368 [FXGL Background Thread 1 ] DEBUG GameScene            - Game scene initialized: 720x720
18:55:07.448 [FXGL Background Thread 1 ] DEBUG GameApplicationServi - Application scenes initialized
18:55:07.462 [FXGL Background Thread 1 ] DEBUG SystemBundleService  - Loading FXGL system data
18:55:07.467 [FXGL Background Thread 1 ] DEBUG FileSystemAccess     - Reading from: D:\Code\ProjectJavaFX\bomberman\Bomber\system\fxgl.bundle
18:55:07.476 [FXGL Background Thread 1 ] DEBUG SystemBundleService  - Bundle FXGL: {}
18:55:07.476 [FXGL Background Thread 1 ] DEBUG UpdaterService       - Checking for updates
18:55:07.515 [FXGL Background Thread 4 ] DEBUG FXGLApplication      - Loading fonts
18:55:07.515 [FXGL Background Thread 4 ] DEBUG FXGLAssetLoaderServi - Loading from file system: file:/D:/Code/ProjectJavaFX/bomberman/Bomber/target/classes/assets/ui/fonts/Quinquefive-Ea6d4.ttf
18:55:07.515 [FXGL Background Thread 1 ] DEBUG FXGLApplication      - Loading default localization
18:55:07.516 [FXGL Background Thread 1 ] DEBUG FXGLAssetLoaderServi - Loading from file system: jar:file:/C:/Users/thinh/.m2/repository/com/github/almasb/fxgl/11.17/fxgl-11.17.jar!/fxglassets/languages/english.lang
18:55:07.543 [FXGL Background Thread 1 ] INFO  FXGLApplication      - FXGL initialization took: 0.443 sec
18:55:07.556 [JavaFX Application Thread] DEBUG Input                - Registered new binding: Move Up - W
18:55:07.557 [JavaFX Application Thread] DEBUG Input                - Registered new binding: Move Down - S
18:55:07.557 [JavaFX Application Thread] DEBUG Input                - Registered new binding: Move Left - A
18:55:07.557 [JavaFX Application Thread] DEBUG Input                - Registered new binding: Move Right - D
18:55:07.557 [JavaFX Application Thread] DEBUG Input                - Registered new binding: Place Bomb - Space
18:55:07.558 [JavaFX Application Thread] DEBUG FXGLAssetLoaderServi - Loading from file system: file:/D:/Code/ProjectJavaFX/bomberman/Bomber/target/classes/assets/music/title_screen.mp3
18:55:07.620 [FXGL Background Thread 4 ] DEBUG FXGLAssetLoaderServi - Loading from file system: jar:file:/C:/Users/thinh/.m2/repository/com/github/almasb/fxgl/11.17/fxgl-11.17.jar!/fxglassets/ui/fonts/Abel-Regular.ttf
18:55:07.638 [FXGL Background Thread 4 ] DEBUG FXGLAssetLoaderServi - Loading from file system: jar:file:/C:/Users/thinh/.m2/repository/com/github/almasb/fxgl/11.17/fxgl-11.17.jar!/fxglassets/ui/fonts/lucida_console.ttf
18:55:07.657 [FXGL Background Thread 4 ] DEBUG FXGLAssetLoaderServi - Loading from file system: jar:file:/C:/Users/thinh/.m2/repository/com/github/almasb/fxgl/11.17/fxgl-11.17.jar!/fxglassets/ui/fonts/Courier-Prime.ttf
18:55:07.711 [JavaFX Application Thread] DEBUG AudioPlayer          - Playing music com.almasb.fxgl.audio.Music@7b7e516e
18:55:07.712 [JavaFX Application Thread] DEBUG FXGLAssetLoaderServi - Loading from file system: jar:file:/C:/Users/thinh/.m2/repository/com/github/almasb/fxgl/11.17/fxgl-11.17.jar!/fxglassets/textures/fxgl_icon.png
18:55:07.736 [JavaFX Application Thread] DEBUG FXGLAssetLoaderServi - Loading from file system: jar:file:/C:/Users/thinh/.m2/repository/com/github/almasb/fxgl/11.17/fxgl-11.17.jar!/fxglassets/textures/fxgl_default_cursor.png
18:55:07.738 [JavaFX Application Thread] DEBUG Input                - Registered new binding: Screenshot - CTRL+8
18:55:07.739 [JavaFX Application Thread] DEBUG Input                - Registered new binding: Dev Options - 1
18:55:07.739 [JavaFX Application Thread] DEBUG Input                - Registered new binding: Dev Console - 2
18:55:07.740 [JavaFX Application Thread] DEBUG Input                - Registered new binding: System info dump - CTRL+9
18:55:07.740 [JavaFX Application Thread] DEBUG Input                - Registered new binding: Restart - CTRL+R
18:55:07.741 [JavaFX Application Thread] DEBUG Input                - Registered new binding: Toggle Debug Camera - CTRL+C
18:55:07.743 [JavaFX Application Thread] DEBUG LoopRunner           - Starting loop
18:55:07.764 [JavaFX Application Thread] DEBUG LoopRunner           - Initializing JavaFX AnimationTimerLoop
18:55:07.771 [JavaFX Application Thread] DEBUG Input                - Clearing active input actions
18:55:07.778 [JavaFX Application Thread] DEBUG GameApplicationServi - Removing overlay from FXGLStartupScene and adding to FXGLMainMenuDummyScene
18:55:07.782 [JavaFX Application Thread] DEBUG PrimaryStageWindow   - FXGLStartupScene -> FXGLMainMenuDummyScene
18:55:07.782 [JavaFX Application Thread] DEBUG PrimaryStageWindow   - Push state: BombermanMenu
18:55:07.782 [JavaFX Application Thread] DEBUG Input                - Clearing active input actions
18:55:07.786 [JavaFX Application Thread] DEBUG GameApplicationServi - Removing overlay from FXGLMainMenuDummyScene and adding to BombermanMenu
18:55:07.790 [JavaFX Application Thread] DEBUG PrimaryStageWindow   - FXGLMainMenuDummyScene -> BombermanMenu
18:55:07.797 [JavaFX Application Thread] DEBUG FXGLApplication      - Registering font factories with UI factory
18:55:10.513 [FXGL Background Thread 3 ] DEBUG Engine               - Logging environment variables
18:55:10.513 [FXGL Background Thread 3 ] DEBUG Engine               - achievements: []
18:55:10.514 [FXGL Background Thread 3 ] DEBUG Engine               - actualHeight: 720.0
18:55:10.514 [FXGL Background Thread 3 ] DEBUG Engine               - actualHeightProperty: ReadOnlyDoubleProperty [value: 720.0]
18:55:10.514 [FXGL Background Thread 3 ] DEBUG Engine               - actualWidth: 720.0
18:55:10.514 [FXGL Background Thread 3 ] DEBUG Engine               - actualWidthProperty: ReadOnlyDoubleProperty [value: 720.0]
18:55:10.514 [FXGL Background Thread 3 ] DEBUG Engine               - appIcon: fxgl_icon.png
18:55:10.514 [FXGL Background Thread 3 ] DEBUG Engine               - applicationMode: DEVELOPER
18:55:10.514 [FXGL Background Thread 3 ] DEBUG Engine               - cSSList: [fxgl_dark.css]
18:55:10.514 [FXGL Background Thread 3 ] DEBUG Engine               - collisionDetectionStrategy: BRUTE_FORCE
18:55:10.515 [FXGL Background Thread 3 ] DEBUG Engine               - configClass: Optional.empty
18:55:10.515 [FXGL Background Thread 3 ] DEBUG Engine               - credits: []
18:55:10.515 [FXGL Background Thread 3 ] DEBUG Engine               - defaultCursor: CursorInfo(imageName=fxgl_default_cursor.png, hotspotX=7.0, hotspotY=6.0)
18:55:10.515 [FXGL Background Thread 3 ] DEBUG Engine               - devBBoxColorProperty: ObjectProperty [value: 0xff0000ff]
18:55:10.515 [FXGL Background Thread 3 ] DEBUG Engine               - devEnableDebugCameraProperty: BooleanProperty [value: false]
18:55:10.515 [FXGL Background Thread 3 ] DEBUG Engine               - devSensorColorProperty: ObjectProperty [value: 0xffff00ff]
18:55:10.515 [FXGL Background Thread 3 ] DEBUG Engine               - devShowBBoxProperty: BooleanProperty [value: false]
18:55:10.515 [FXGL Background Thread 3 ] DEBUG Engine               - devShowPositionProperty: BooleanProperty [value: false]
18:55:10.515 [FXGL Background Thread 3 ] DEBUG Engine               - enabledMenuItems: []
18:55:10.516 [FXGL Background Thread 3 ] DEBUG Engine               - engineServices: [class com.almasb.fxgl.app.services.FXGLAssetLoaderService, class com.almasb.fxgl.app.FXGLApplication$GameApplicationService, class com.almasb.fxgl.app.services.FXGLDialogService, class com.almasb.fxgl.app.services.IOTaskExecutorService, class com.almasb.fxgl.io.FileSystemService, class com.almasb.fxgl.localization.LocalizationService, class com.almasb.fxgl.app.services.SystemBundleService, class com.almasb.fxgl.profile.SaveLoadService, class com.almasb.fxgl.ui.FXGLUIFactoryServiceProvider, class com.almasb.fxgl.ui.FXGLDialogFactoryServiceProvider, class com.almasb.fxgl.audio.AudioPlayer, class com.almasb.fxgl.notification.impl.NotificationServiceProvider, class com.almasb.fxgl.achievement.AchievementService, class com.almasb.fxgl.cutscene.CutsceneService, class com.almasb.fxgl.minigames.MiniGameService, class com.almasb.fxgl.net.NetService, class com.almasb.fxgl.app.services.UpdaterService, class com.almasb.fxgl.dev.DevService]
18:55:10.516 [FXGL Background Thread 3 ] DEBUG Engine               - fontGame: Abel-Regular.ttf
18:55:10.516 [FXGL Background Thread 3 ] DEBUG Engine               - fontMono: lucida_console.ttf
18:55:10.516 [FXGL Background Thread 3 ] DEBUG Engine               - fontText: Courier-Prime.ttf
18:55:10.516 [FXGL Background Thread 3 ] DEBUG Engine               - fontUI: Quinquefive-Ea6d4.ttf
18:55:10.516 [FXGL Background Thread 3 ] DEBUG Engine               - fullScreen: BooleanProperty [value: false]
18:55:10.516 [FXGL Background Thread 3 ] DEBUG Engine               - gameDifficulty: MEDIUM
18:55:10.517 [FXGL Background Thread 3 ] DEBUG Engine               - gameDifficultyProperty: ObjectProperty [value: MEDIUM]
18:55:10.517 [FXGL Background Thread 3 ] DEBUG Engine               - globalMusicVolume: 0.5
18:55:10.517 [FXGL Background Thread 3 ] DEBUG Engine               - globalMusicVolumeProperty: DoubleProperty [value: 0.1]
18:55:10.517 [FXGL Background Thread 3 ] DEBUG Engine               - globalSoundVolume: 0.5
18:55:10.517 [FXGL Background Thread 3 ] DEBUG Engine               - globalSoundVolumeProperty: DoubleProperty [value: 0.1]
18:55:10.517 [FXGL Background Thread 3 ] DEBUG Engine               - height: 720
18:55:10.517 [FXGL Background Thread 3 ] DEBUG Engine               - is3D: false
18:55:10.517 [FXGL Background Thread 3 ] DEBUG Engine               - isAndroid: false
18:55:10.517 [FXGL Background Thread 3 ] DEBUG Engine               - isBrowser: false
18:55:10.517 [FXGL Background Thread 3 ] DEBUG Engine               - isClickFeedbackEnabled: false
18:55:10.517 [FXGL Background Thread 3 ] DEBUG Engine               - isCloseConfirmation: false
18:55:10.517 [FXGL Background Thread 3 ] DEBUG Engine               - isDesktop: true
18:55:10.518 [FXGL Background Thread 3 ] DEBUG Engine               - isDeveloperMenuEnabled: true
18:55:10.518 [FXGL Background Thread 3 ] DEBUG Engine               - isEntityPreloadEnabled: true
18:55:10.518 [FXGL Background Thread 3 ] DEBUG Engine               - isExperimentalTiledLargeMap: false
18:55:10.518 [FXGL Background Thread 3 ] DEBUG Engine               - isFileSystemWriteAllowed: true
18:55:10.518 [FXGL Background Thread 3 ] DEBUG Engine               - isFullScreenAllowed: false
18:55:10.518 [FXGL Background Thread 3 ] DEBUG Engine               - isFullScreenFromStart: false
18:55:10.518 [FXGL Background Thread 3 ] DEBUG Engine               - isGameMenuEnabled: true
18:55:10.518 [FXGL Background Thread 3 ] DEBUG Engine               - isIOS: false
18:55:10.518 [FXGL Background Thread 3 ] DEBUG Engine               - isIntroEnabled: false
18:55:10.519 [FXGL Background Thread 3 ] DEBUG Engine               - isLinux: false
18:55:10.519 [FXGL Background Thread 3 ] DEBUG Engine               - isMac: false
18:55:10.519 [FXGL Background Thread 3 ] DEBUG Engine               - isMainMenuEnabled: true
18:55:10.519 [FXGL Background Thread 3 ] DEBUG Engine               - isManualResizeEnabled: true
18:55:10.519 [FXGL Background Thread 3 ] DEBUG Engine               - isMobile: false
18:55:10.519 [FXGL Background Thread 3 ] DEBUG Engine               - isNative: false
18:55:10.519 [FXGL Background Thread 3 ] DEBUG Engine               - isPauseMusicWhenMinimized: true
18:55:10.519 [FXGL Background Thread 3 ] DEBUG Engine               - isPreserveResizeRatio: true
18:55:10.519 [FXGL Background Thread 3 ] DEBUG Engine               - isProfilingEnabled: false
18:55:10.519 [FXGL Background Thread 3 ] DEBUG Engine               - isScaleAffectedOnResize: true
18:55:10.519 [FXGL Background Thread 3 ] DEBUG Engine               - isSingleStep: false
18:55:10.519 [FXGL Background Thread 3 ] DEBUG Engine               - isUserProfileEnabled: false
18:55:10.520 [FXGL Background Thread 3 ] DEBUG Engine               - isWindows: true
18:55:10.520 [FXGL Background Thread 3 ] DEBUG Engine               - language: ObjectProperty [value: ENGLISH]
18:55:10.520 [FXGL Background Thread 3 ] DEBUG Engine               - menuKey: ESCAPE
18:55:10.520 [FXGL Background Thread 3 ] DEBUG Engine               - mouseSensitivity: 0.2
18:55:10.520 [FXGL Background Thread 3 ] DEBUG Engine               - notificationViewClass: class com.almasb.fxgl.notification.view.XboxNotificationView
18:55:10.520 [FXGL Background Thread 3 ] DEBUG Engine               - pixelsPerMeter: 50.0
18:55:10.520 [FXGL Background Thread 3 ] DEBUG Engine               - platform: WINDOWS
18:55:10.520 [FXGL Background Thread 3 ] DEBUG Engine               - prefHeightProperty: ReadOnlyDoubleProperty [value: 720.0]
18:55:10.520 [FXGL Background Thread 3 ] DEBUG Engine               - prefWidthProperty: ReadOnlyDoubleProperty [value: 720.0]
18:55:10.520 [FXGL Background Thread 3 ] DEBUG Engine               - profileDir: profiles/
18:55:10.520 [FXGL Background Thread 3 ] DEBUG Engine               - profileName: StringProperty [value: DEFAULT]
18:55:10.520 [FXGL Background Thread 3 ] DEBUG Engine               - randomSeed: -1
18:55:10.520 [FXGL Background Thread 3 ] DEBUG Engine               - runtimeInfo: RuntimeInfo(platform=WINDOWS, version=11.17, build=16.07.2021 15.46)
18:55:10.521 [FXGL Background Thread 3 ] DEBUG Engine               - saveFileExt: sav
18:55:10.521 [FXGL Background Thread 3 ] DEBUG Engine               - scaledHeightProp$fxgl: DoubleProperty [bound, value: 720.0]
18:55:10.521 [FXGL Background Thread 3 ] DEBUG Engine               - scaledWidthProp$fxgl: DoubleProperty [bound, value: 720.0]
18:55:10.521 [FXGL Background Thread 3 ] DEBUG Engine               - sceneFactory: Bomber.BombermanApp$1@78ebd41d
18:55:10.521 [FXGL Background Thread 3 ] DEBUG Engine               - secondsIn24h: 60
18:55:10.521 [FXGL Background Thread 3 ] DEBUG Engine               - soundMenuBack: menu/back.wav
18:55:10.521 [FXGL Background Thread 3 ] DEBUG Engine               - soundMenuPress: menu/press.wav
18:55:10.521 [FXGL Background Thread 3 ] DEBUG Engine               - soundMenuSelect: menu/select.wav
18:55:10.522 [FXGL Background Thread 3 ] DEBUG Engine               - soundNotification: core/notification.wav
18:55:10.522 [FXGL Background Thread 3 ] DEBUG Engine               - stageStyle: DECORATED
18:55:10.522 [FXGL Background Thread 3 ] DEBUG Engine               - supportedLanguages: [ENGLISH, FRENCH, GERMAN, HUNGARIAN, RUSSIAN]
18:55:10.522 [FXGL Background Thread 3 ] DEBUG Engine               - ticksPerSecond: -1
18:55:10.522 [FXGL Background Thread 3 ] DEBUG Engine               - title: BOMBERMAN
18:55:10.522 [FXGL Background Thread 3 ] DEBUG Engine               - urlGithub: https://github.com/AlmasB/FXGL
18:55:10.522 [FXGL Background Thread 3 ] DEBUG Engine               - urlLeaderboard: http://fxgl-top.herokuapp.com/
18:55:10.522 [FXGL Background Thread 3 ] DEBUG Engine               - urlPOM: https://raw.githubusercontent.com/AlmasB/FXGL/release/README.md
18:55:10.522 [FXGL Background Thread 3 ] DEBUG Engine               - userAppClass: class Bomber.BombermanApp
18:55:10.522 [FXGL Background Thread 3 ] DEBUG Engine               - version: 1.0
18:55:10.522 [FXGL Background Thread 3 ] DEBUG Engine               - versionCheckDays: 7
18:55:10.522 [FXGL Background Thread 3 ] DEBUG Engine               - width: 720
18:55:10.522 [FXGL Background Thread 3 ] DEBUG Engine               - Logging services
18:55:10.522 [FXGL Background Thread 3 ] DEBUG Engine               - class com.almasb.fxgl.app.services.FXGLAssetLoaderService
18:55:10.523 [FXGL Background Thread 3 ] DEBUG Engine               - class com.almasb.fxgl.app.FXGLApplication$GameApplicationService
18:55:10.523 [FXGL Background Thread 3 ] DEBUG Engine               - class com.almasb.fxgl.app.services.FXGLDialogService
18:55:10.523 [FXGL Background Thread 3 ] DEBUG Engine               - class com.almasb.fxgl.app.services.IOTaskExecutorService
18:55:10.523 [FXGL Background Thread 3 ] DEBUG Engine               - class com.almasb.fxgl.io.FileSystemService
18:55:10.523 [FXGL Background Thread 3 ] DEBUG Engine               - class com.almasb.fxgl.localization.LocalizationService
18:55:10.523 [FXGL Background Thread 3 ] DEBUG Engine               - class com.almasb.fxgl.app.services.SystemBundleService
18:55:10.523 [FXGL Background Thread 3 ] DEBUG Engine               - class com.almasb.fxgl.profile.SaveLoadService
18:55:10.523 [FXGL Background Thread 3 ] DEBUG Engine               - class com.almasb.fxgl.ui.FXGLUIFactoryServiceProvider
18:55:10.523 [FXGL Background Thread 3 ] DEBUG Engine               - class com.almasb.fxgl.ui.FXGLDialogFactoryServiceProvider
18:55:10.523 [FXGL Background Thread 3 ] DEBUG Engine               - class com.almasb.fxgl.audio.AudioPlayer
18:55:10.524 [FXGL Background Thread 3 ] DEBUG Engine               - class com.almasb.fxgl.notification.impl.NotificationServiceProvider
18:55:10.524 [FXGL Background Thread 3 ] DEBUG Engine               - class com.almasb.fxgl.achievement.AchievementService
18:55:10.524 [FXGL Background Thread 3 ] DEBUG Engine               - class com.almasb.fxgl.cutscene.CutsceneService
18:55:10.524 [FXGL Background Thread 3 ] DEBUG Engine               - class com.almasb.fxgl.minigames.MiniGameService
18:55:10.524 [FXGL Background Thread 3 ] DEBUG Engine               - class com.almasb.fxgl.net.NetService
18:55:10.524 [FXGL Background Thread 3 ] DEBUG Engine               - class com.almasb.fxgl.app.services.UpdaterService
18:55:10.524 [FXGL Background Thread 3 ] DEBUG Engine               - class com.almasb.fxgl.dev.DevService
18:55:10.938 [JavaFX Application Thread] DEBUG Menu                 - fireNewGame()
18:55:10.938 [JavaFX Application Thread] DEBUG GameApplicationServi - Starting new game
18:55:10.938 [JavaFX Application Thread] DEBUG PrimaryStageWindow   - Pop state: BombermanMenu
18:55:10.938 [JavaFX Application Thread] DEBUG Input                - Clearing active input actions
18:55:10.939 [JavaFX Application Thread] DEBUG GameApplicationServi - Removing overlay from BombermanMenu and adding to FXGLMainMenuDummyScene
18:55:10.941 [JavaFX Application Thread] DEBUG PrimaryStageWindow   - FXGLMainMenuDummyScene <- BombermanMenu
18:55:10.941 [JavaFX Application Thread] DEBUG Input                - Clearing active input actions
18:55:10.947 [JavaFX Application Thread] DEBUG GameApplicationServi - Removing overlay from FXGLMainMenuDummyScene and adding to FXGLLoadingScene
18:55:10.948 [JavaFX Application Thread] DEBUG PrimaryStageWindow   - FXGLMainMenuDummyScene -> FXGLLoadingScene
18:55:10.948 [JavaFX Application Thread] DEBUG GameApplicationServi - Clearing previous game
18:55:10.948 [JavaFX Application Thread] DEBUG GameScene            - Clearing game scene
18:55:10.948 [JavaFX Application Thread] DEBUG GameWorld            - Clearing game world
18:55:10.948 [JavaFX Application Thread] DEBUG PhysicsWorld         - Clearing physics world
18:55:10.951 [FXGL Background Thread 2 ] DEBUG FXGLApplication      - Initializing game
18:55:10.998 [FXGL Background Thread 2 ] WARN  TMXLevelLoader       - TiledMap generated from 1.7.2. Supported version: 1.2.3. Some features may not be parsed fully.
18:55:11.024 [FXGL Background Thread 2 ] DEBUG TMXLevelLoader       - Parsed TiledMap: file:/D:/Code/ProjectJavaFX/bomberman/Bomber/target/classes/assets/levels/bbm_level1.tmx
18:55:11.025 [FXGL Background Thread 2 ] DEBUG TMXLevelLoader       - Creating tile layer entities
18:55:11.026 [FXGL Background Thread 2 ] DEBUG TilesetLoader        - Loading view for layer Tile Layer 1
18:55:11.030 [FXGL Background Thread 2 ] DEBUG TilesetLoader        - Created buffer with size 1488.0x720.0
18:55:11.198 [FXGL Background Thread 2 ] DEBUG TMXLevelLoader       - Creating object layer entities
18:55:11.227 [FXGL Background Thread 2 ] DEBUG FXGLAssetLoaderServi - Loading from file system: file:/D:/Code/ProjectJavaFX/bomberman/Bomber/target/classes/assets/textures/player_die.png
18:55:11.230 [FXGL Background Thread 2 ] DEBUG FXGLAssetLoaderServi - Loading from file system: file:/D:/Code/ProjectJavaFX/bomberman/Bomber/target/classes/assets/textures/player_down.png
18:55:11.231 [FXGL Background Thread 2 ] DEBUG FXGLAssetLoaderServi - Loading from file system: file:/D:/Code/ProjectJavaFX/bomberman/Bomber/target/classes/assets/textures/player_right.png
18:55:11.232 [FXGL Background Thread 2 ] DEBUG FXGLAssetLoaderServi - Loading from file system: file:/D:/Code/ProjectJavaFX/bomberman/Bomber/target/classes/assets/textures/player_up.png
18:55:11.233 [FXGL Background Thread 2 ] DEBUG FXGLAssetLoaderServi - Loading from file system: file:/D:/Code/ProjectJavaFX/bomberman/Bomber/target/classes/assets/textures/player_left.png
18:55:11.242 [FXGL Background Thread 2 ] DEBUG FXGLAssetLoaderServi - Loading from file system: file:/D:/Code/ProjectJavaFX/bomberman/Bomber/target/classes/assets/textures/brick.png
18:55:11.277 [FXGL Background Thread 2 ] DEBUG FXGLAssetLoaderServi - Loading from file system: file:/D:/Code/ProjectJavaFX/bomberman/Bomber/target/classes/assets/textures/balloom.png
18:55:11.306 [FXGL Background Thread 2 ] DEBUG FXGLAssetLoaderServi - Loading from file system: file:/D:/Code/ProjectJavaFX/bomberman/Bomber/target/classes/assets/textures/powerup_speed.png
18:55:11.308 [FXGL Background Thread 2 ] DEBUG FXGLAssetLoaderServi - Loading from file system: file:/D:/Code/ProjectJavaFX/bomberman/Bomber/target/classes/assets/textures/powerup_flames.png
18:55:11.309 [FXGL Background Thread 2 ] DEBUG FXGLAssetLoaderServi - Loading from file system: file:/D:/Code/ProjectJavaFX/bomberman/Bomber/target/classes/assets/textures/powerup_bombs.png
18:55:11.315 [FXGL Background Thread 2 ] DEBUG FXGLAssetLoaderServi - Loading from file system: file:/D:/Code/ProjectJavaFX/bomberman/Bomber/target/classes/assets/textures/powerup_flamepass.png
18:55:11.317 [FXGL Background Thread 2 ] DEBUG FXGLAssetLoaderServi - Loading from file system: file:/D:/Code/ProjectJavaFX/bomberman/Bomber/target/classes/assets/textures/portal.png
18:55:11.320 [FXGL Background Thread 2 ] DEBUG GameWorld            - Clearing removable entities
18:55:11.321 [FXGL Background Thread 2 ] DEBUG GameWorld            - Setting level: com.almasb.fxgl.entity.level.Level@604b90e5
18:55:11.395 [FXGL Background Thread 2 ] INFO  FXGLApplication      - Game initialization took: 0.443 sec
18:55:11.403 [JavaFX Application Thread] DEBUG Input                - Clearing active input actions
18:55:11.412 [JavaFX Application Thread] DEBUG GameApplicationServi - Removing overlay from FXGLLoadingScene and adding to GameScene
18:55:11.416 [JavaFX Application Thread] DEBUG PrimaryStageWindow   - FXGLLoadingScene -> GameScene
18:55:15.837 [JavaFX Application Thread] DEBUG FXGLAssetLoaderServi - Loading from file system: file:/D:/Code/ProjectJavaFX/bomberman/Bomber/target/classes/assets/textures/bomb_ani.png
18:55:18.339 [JavaFX Application Thread] DEBUG FXGLAssetLoaderServi - Loading from file system: file:/D:/Code/ProjectJavaFX/bomberman/Bomber/target/classes/assets/textures/bomb_exploded_1.png
18:55:18.342 [JavaFX Application Thread] DEBUG FXGLAssetLoaderServi - Loading from file system: file:/D:/Code/ProjectJavaFX/bomberman/Bomber/target/classes/assets/textures/brick_break.png
18:55:19.342 [JavaFX Application Thread] WARN  GameWorld            - Attempted to remove entity which is not active
18:55:34.287 [JavaFX Application Thread] WARN  TMXLevelLoader       - TiledMap generated from 1.7.2. Supported version: 1.2.3. Some features may not be parsed fully.
18:55:34.298 [JavaFX Application Thread] DEBUG TMXLevelLoader       - Parsed TiledMap: file:/D:/Code/ProjectJavaFX/bomberman/Bomber/target/classes/assets/levels/bbm_level2.tmx
18:55:34.298 [JavaFX Application Thread] DEBUG TMXLevelLoader       - Creating tile layer entities
18:55:34.299 [JavaFX Application Thread] DEBUG TilesetLoader        - Loading view for layer Tile Layer 1
18:55:34.301 [JavaFX Application Thread] DEBUG TilesetLoader        - Created buffer with size 1488.0x720.0
18:55:34.415 [JavaFX Application Thread] DEBUG TilesetLoader        - Loading view for layer Tile Layer 2
18:55:34.418 [JavaFX Application Thread] DEBUG TilesetLoader        - Created buffer with size 1488.0x720.0
18:55:34.419 [JavaFX Application Thread] DEBUG TMXLevelLoader       - Creating object layer entities
18:55:34.421 [JavaFX Application Thread] DEBUG FXGLAssetLoaderServi - Loading from file system: file:/D:/Code/ProjectJavaFX/bomberman/Bomber/target/classes/assets/textures/grass.png
18:55:34.438 [JavaFX Application Thread] DEBUG FXGLAssetLoaderServi - Loading from file system: file:/D:/Code/ProjectJavaFX/bomberman/Bomber/target/classes/assets/textures/Oneal.png
18:55:34.450 [JavaFX Application Thread] DEBUG GameWorld            - Clearing removable entities
18:55:34.461 [JavaFX Application Thread] DEBUG GameWorld            - Setting level: com.almasb.fxgl.entity.level.Level@6320c04e
18:55:37.792 [JavaFX Application Thread] DEBUG FXGLAssetLoaderServi - Loading from file system: file:/D:/Code/ProjectJavaFX/bomberman/Bomber/target/classes/assets/textures/grass_break_2.png
18:56:02.913 [JavaFX Application Thread] DEBUG FXGLApplication      - Exiting FXGL
18:56:02.913 [JavaFX Application Thread] DEBUG LoopRunner           - Stopping loop
18:56:02.914 [JavaFX Application Thread] DEBUG SystemBundleService  - Saving FXGL system data
18:56:02.915 [JavaFX Application Thread] DEBUG FileSystemAccess     - Writing to: D:\Code\ProjectJavaFX\bomberman\Bomber\system\fxgl.bundle
18:56:02.916 [JavaFX Application Thread] DEBUG Async                - Shutting down background threads
18:56:02.917 [JavaFX Application Thread] DEBUG PrimaryStageWindow   - Closing main window
18:56:02.926 [JavaFX Application Thread] DEBUG Logger               - Closing Logger
