16:26:24.893 [main                     ] DEBUG Logger               - Configured Logger
16:26:24.909 [main                     ] DEBUG GameApplication      - Logging settings
Title: BOMBERMAN
Version: 1.0
Width: 720
Height: 720
Fullscreen: false
Intro: false
Profiling: false
Single step:false
App Mode: DEVELOPER
Menu Key: ESCAPE
Stage Style: DECORATED
Scene Factory: class Bomber.BombermanApp$1

16:26:25.373 [JavaFX Application Thread] DEBUG FXGLApplication      - Initializing FXGL
16:26:25.376 [JavaFX Application Thread] INFO  Engine               - FXGL-11.17 (16.07.2021 15.46) on WINDOWS (J:17.0.1 FX:16)
16:26:25.376 [JavaFX Application Thread] DEBUG Engine               - JRE Vendor Name: Oracle Corporation
16:26:25.377 [JavaFX Application Thread] DEBUG Engine               - Running on OS: Windows 10 version 10.0
16:26:25.377 [JavaFX Application Thread] DEBUG Engine               - Architecture: amd64
16:26:25.377 [JavaFX Application Thread] INFO  Engine               - Source code and latest versions at: https://github.com/AlmasB/FXGL
16:26:25.377 [JavaFX Application Thread] INFO  Engine               -              Join the FXGL chat at: https://gitter.im/AlmasB/FXGL
16:26:25.538 [JavaFX Application Thread] DEBUG PrimaryStageWindow   - Creating a JavaFX scene
16:26:25.609 [JavaFX Application Thread] DEBUG PrimaryStageWindow   - Target settings size: 720.0 x 720.0
16:26:25.609 [JavaFX Application Thread] DEBUG PrimaryStageWindow   - Scaled scene size:    720.0 x 720.0
16:26:25.609 [JavaFX Application Thread] DEBUG PrimaryStageWindow   - Scaled ratio: (1.0, 1.0)
16:26:25.610 [JavaFX Application Thread] DEBUG PrimaryStageWindow   - Set initial scene to FXGLStartupScene
16:26:25.618 [JavaFX Application Thread] DEBUG PrimaryStageWindow   - Opening main window
16:26:25.724 [JavaFX Application Thread] DEBUG PrimaryStageWindow   - Window border size: (14.4000244140625, 37.5999755859375)
16:26:25.724 [JavaFX Application Thread] DEBUG PrimaryStageWindow   - Scaled size: 720.0 x 720.0
16:26:25.724 [JavaFX Application Thread] DEBUG PrimaryStageWindow   - Scaled ratio: (1.0, 1.0)
16:26:25.725 [JavaFX Application Thread] DEBUG PrimaryStageWindow   - Scene size: 720.0 x 720.0
16:26:25.725 [JavaFX Application Thread] DEBUG PrimaryStageWindow   - Stage size: 734.4000244140625 x 757.5999755859375
16:26:25.738 [FXGL Background Thread 1 ] DEBUG Engine               - Initializing environment variables
16:26:25.862 [FXGL Background Thread 1 ] DEBUG FXGLAssetLoaderServi - User app class for loading assets: class Bomber.BombermanApp
16:26:25.863 [FXGL Background Thread 1 ] DEBUG GameApplicationServi - Applying CSS: fxgl_dark.css
16:26:25.864 [FXGL Background Thread 1 ] DEBUG FXGLAssetLoaderServi - Loading from file system: jar:file:/C:/Users/thinh/.m2/repository/com/github/almasb/fxgl/11.17/fxgl-11.17.jar!/fxglassets/ui/css/fxgl_dark.css
16:26:25.961 [FXGL Background Thread 1 ] DEBUG GameApplicationServi - Initializing application scenes
16:26:26.061 [FXGL Background Thread 1 ] DEBUG GameWorld            - Game world initialized
16:26:26.172 [FXGL Background Thread 1 ] DEBUG PhysicsWorld         - Physics world initialized: appHeight=720, physics.ppm=50.0
16:26:26.172 [FXGL Background Thread 1 ] DEBUG PhysicsWorld         - Using strategy: BRUTE_FORCE
16:26:26.175 [FXGL Background Thread 1 ] DEBUG GameScene            - Game scene initialized: 720x720
16:26:26.278 [FXGL Background Thread 1 ] DEBUG GameApplicationServi - Application scenes initialized
16:26:26.288 [FXGL Background Thread 1 ] DEBUG SystemBundleService  - Loading FXGL system data
16:26:26.293 [FXGL Background Thread 1 ] DEBUG FileSystemAccess     - Reading from: D:\Code\ProjectJavaFX\bomberman\Bomber\system\fxgl.bundle
16:26:26.299 [FXGL Background Thread 1 ] DEBUG SystemBundleService  - Bundle FXGL: {}
16:26:26.299 [FXGL Background Thread 1 ] DEBUG UpdaterService       - Checking for updates
16:26:26.358 [FXGL Background Thread 4 ] DEBUG FXGLApplication      - Loading fonts
16:26:26.359 [FXGL Background Thread 4 ] DEBUG FXGLAssetLoaderServi - Loading from file system: file:/D:/Code/ProjectJavaFX/bomberman/Bomber/target/classes/assets/ui/fonts/Quinquefive-Ea6d4.ttf
16:26:26.359 [FXGL Background Thread 1 ] DEBUG FXGLApplication      - Loading default localization
16:26:26.360 [FXGL Background Thread 1 ] DEBUG FXGLAssetLoaderServi - Loading from file system: jar:file:/C:/Users/thinh/.m2/repository/com/github/almasb/fxgl/11.17/fxgl-11.17.jar!/fxglassets/languages/english.lang
16:26:26.417 [FXGL Background Thread 1 ] INFO  FXGLApplication      - FXGL initialization took: 0.679 sec
16:26:26.431 [JavaFX Application Thread] DEBUG Input                - Registered new binding: Move Up - W
16:26:26.432 [JavaFX Application Thread] DEBUG Input                - Registered new binding: Move Down - S
16:26:26.432 [JavaFX Application Thread] DEBUG Input                - Registered new binding: Move Left - A
16:26:26.432 [JavaFX Application Thread] DEBUG Input                - Registered new binding: Move Right - D
16:26:26.433 [JavaFX Application Thread] DEBUG Input                - Registered new binding: Place Bomb - Space
16:26:26.433 [JavaFX Application Thread] DEBUG FXGLAssetLoaderServi - Loading from file system: file:/D:/Code/ProjectJavaFX/bomberman/Bomber/target/classes/assets/music/title_screen.mp3
16:26:26.502 [FXGL Background Thread 4 ] DEBUG FXGLAssetLoaderServi - Loading from file system: jar:file:/C:/Users/thinh/.m2/repository/com/github/almasb/fxgl/11.17/fxgl-11.17.jar!/fxglassets/ui/fonts/Abel-Regular.ttf
16:26:26.529 [FXGL Background Thread 4 ] DEBUG FXGLAssetLoaderServi - Loading from file system: jar:file:/C:/Users/thinh/.m2/repository/com/github/almasb/fxgl/11.17/fxgl-11.17.jar!/fxglassets/ui/fonts/lucida_console.ttf
16:26:26.557 [FXGL Background Thread 4 ] DEBUG FXGLAssetLoaderServi - Loading from file system: jar:file:/C:/Users/thinh/.m2/repository/com/github/almasb/fxgl/11.17/fxgl-11.17.jar!/fxglassets/ui/fonts/Courier-Prime.ttf
16:26:26.649 [JavaFX Application Thread] DEBUG AudioPlayer          - Playing music com.almasb.fxgl.audio.Music@aedb6f7
16:26:26.649 [JavaFX Application Thread] DEBUG FXGLAssetLoaderServi - Loading from file system: jar:file:/C:/Users/thinh/.m2/repository/com/github/almasb/fxgl/11.17/fxgl-11.17.jar!/fxglassets/textures/fxgl_icon.png
16:26:26.675 [JavaFX Application Thread] DEBUG FXGLAssetLoaderServi - Loading from file system: jar:file:/C:/Users/thinh/.m2/repository/com/github/almasb/fxgl/11.17/fxgl-11.17.jar!/fxglassets/textures/fxgl_default_cursor.png
16:26:26.677 [JavaFX Application Thread] DEBUG Input                - Registered new binding: Screenshot - CTRL+8
16:26:26.677 [JavaFX Application Thread] DEBUG Input                - Registered new binding: Dev Options - 1
16:26:26.678 [JavaFX Application Thread] DEBUG Input                - Registered new binding: Dev Console - 2
16:26:26.682 [JavaFX Application Thread] DEBUG Input                - Registered new binding: System info dump - CTRL+9
16:26:26.686 [JavaFX Application Thread] DEBUG Input                - Registered new binding: Restart - CTRL+R
16:26:26.691 [JavaFX Application Thread] DEBUG Input                - Registered new binding: Toggle Debug Camera - CTRL+C
16:26:26.701 [JavaFX Application Thread] DEBUG LoopRunner           - Starting loop
16:26:26.730 [JavaFX Application Thread] DEBUG LoopRunner           - Initializing JavaFX AnimationTimerLoop
16:26:26.733 [JavaFX Application Thread] DEBUG Input                - Clearing active input actions
16:26:26.739 [JavaFX Application Thread] DEBUG GameApplicationServi - Removing overlay from FXGLStartupScene and adding to FXGLMainMenuDummyScene
16:26:26.743 [JavaFX Application Thread] DEBUG PrimaryStageWindow   - FXGLStartupScene -> FXGLMainMenuDummyScene
16:26:26.743 [JavaFX Application Thread] DEBUG PrimaryStageWindow   - Push state: BombermanMenu
16:26:26.744 [JavaFX Application Thread] DEBUG Input                - Clearing active input actions
16:26:26.747 [JavaFX Application Thread] DEBUG GameApplicationServi - Removing overlay from FXGLMainMenuDummyScene and adding to BombermanMenu
16:26:26.748 [JavaFX Application Thread] DEBUG PrimaryStageWindow   - FXGLMainMenuDummyScene -> BombermanMenu
16:26:26.748 [JavaFX Application Thread] DEBUG FXGLApplication      - Registering font factories with UI factory
16:26:27.529 [JavaFX Application Thread] DEBUG FXGLApplication      - Exiting FXGL
16:26:27.530 [JavaFX Application Thread] DEBUG LoopRunner           - Stopping loop
16:26:27.530 [JavaFX Application Thread] DEBUG SystemBundleService  - Saving FXGL system data
16:26:27.533 [JavaFX Application Thread] DEBUG FileSystemAccess     - Writing to: D:\Code\ProjectJavaFX\bomberman\Bomber\system\fxgl.bundle
16:26:27.535 [JavaFX Application Thread] DEBUG Async                - Shutting down background threads
16:26:27.536 [JavaFX Application Thread] DEBUG PrimaryStageWindow   - Closing main window
16:26:27.549 [JavaFX Application Thread] DEBUG Logger               - Closing Logger
