19:26:39.803 [main                     ] DEBUG Logger               - Configured Logger
19:26:39.819 [main                     ] DEBUG GameApplication      - Logging settings
Title: BOMBERMAN
Version: 1.0
Width: 704
Height: 704
Fullscreen: false
Intro: false
Profiling: false
Single step:false
App Mode: DEVELOPER
Menu Key: ESCAPE
Stage Style: DECORATED
Scene Factory: class Bomber.BombermanApp$1

19:26:40.150 [JavaFX Application Thread] DEBUG FXGLApplication      - Initializing FXGL
19:26:40.152 [JavaFX Application Thread] INFO  Engine               - FXGL-11.17 (16.07.2021 15.46) on WINDOWS (J:17.0.1 FX:16)
19:26:40.153 [JavaFX Application Thread] DEBUG Engine               - JRE Vendor Name: Oracle Corporation
19:26:40.153 [JavaFX Application Thread] DEBUG Engine               - Running on OS: Windows 10 version 10.0
19:26:40.153 [JavaFX Application Thread] DEBUG Engine               - Architecture: amd64
19:26:40.153 [JavaFX Application Thread] INFO  Engine               - Source code and latest versions at: https://github.com/AlmasB/FXGL
19:26:40.153 [JavaFX Application Thread] INFO  Engine               -              Join the FXGL chat at: https://gitter.im/AlmasB/FXGL
19:26:40.250 [JavaFX Application Thread] DEBUG PrimaryStageWindow   - Creating a JavaFX scene
19:26:40.287 [JavaFX Application Thread] DEBUG PrimaryStageWindow   - Target settings size: 704.0 x 704.0
19:26:40.287 [JavaFX Application Thread] DEBUG PrimaryStageWindow   - Scaled scene size:    704.0 x 704.0
19:26:40.287 [JavaFX Application Thread] DEBUG PrimaryStageWindow   - Scaled ratio: (1.0, 1.0)
19:26:40.288 [JavaFX Application Thread] DEBUG PrimaryStageWindow   - Set initial scene to FXGLStartupScene
19:26:40.294 [JavaFX Application Thread] DEBUG PrimaryStageWindow   - Opening main window
19:26:40.379 [JavaFX Application Thread] DEBUG PrimaryStageWindow   - Window border size: (14.4000244140625, 37.5999755859375)
19:26:40.380 [JavaFX Application Thread] DEBUG PrimaryStageWindow   - Scaled size: 704.0 x 704.0
19:26:40.380 [JavaFX Application Thread] DEBUG PrimaryStageWindow   - Scaled ratio: (1.0, 1.0)
19:26:40.380 [JavaFX Application Thread] DEBUG PrimaryStageWindow   - Scene size: 704.0 x 704.0
19:26:40.380 [JavaFX Application Thread] DEBUG PrimaryStageWindow   - Stage size: 718.4000244140625 x 741.5999755859375
19:26:40.388 [FXGL Background Thread 1 ] DEBUG Engine               - Initializing environment variables
19:26:40.461 [FXGL Background Thread 1 ] DEBUG FXGLAssetLoaderServi - User app class for loading assets: class Bomber.BombermanApp
19:26:40.462 [FXGL Background Thread 1 ] DEBUG GameApplicationServi - Applying CSS: fxgl_dark.css
19:26:40.462 [FXGL Background Thread 1 ] DEBUG FXGLAssetLoaderServi - Loading from file system: jar:file:/C:/Users/thinh/.m2/repository/com/github/almasb/fxgl/11.17/fxgl-11.17.jar!/fxglassets/ui/css/fxgl_dark.css
19:26:40.515 [FXGL Background Thread 1 ] DEBUG GameApplicationServi - Initializing application scenes
19:26:40.577 [FXGL Background Thread 1 ] DEBUG GameWorld            - Game world initialized
19:26:40.647 [FXGL Background Thread 1 ] DEBUG PhysicsWorld         - Physics world initialized: appHeight=704, physics.ppm=50.0
19:26:40.647 [FXGL Background Thread 1 ] DEBUG PhysicsWorld         - Using strategy: BRUTE_FORCE
19:26:40.650 [FXGL Background Thread 1 ] DEBUG GameScene            - Game scene initialized: 704x704
19:26:40.715 [FXGL Background Thread 1 ] DEBUG GameApplicationServi - Application scenes initialized
19:26:40.735 [FXGL Background Thread 1 ] DEBUG SystemBundleService  - Loading FXGL system data
19:26:40.743 [FXGL Background Thread 1 ] DEBUG FileSystemAccess     - Reading from: D:\Code\ProjectJavaFX\bombermanTu\Bomber\system\fxgl.bundle
19:26:40.749 [FXGL Background Thread 1 ] DEBUG SystemBundleService  - Bundle FXGL: {}
19:26:40.749 [FXGL Background Thread 1 ] DEBUG UpdaterService       - Checking for updates
19:26:40.757 [FXGL Background Thread 4 ] DEBUG FXGLApplication      - Loading fonts
19:26:40.758 [FXGL Background Thread 4 ] DEBUG FXGLAssetLoaderServi - Loading from file system: file:/D:/Code/ProjectJavaFX/bombermanTu/Bomber/target/classes/assets/ui/fonts/Quinquefive-Ea6d4.ttf
19:26:40.758 [FXGL Background Thread 1 ] DEBUG FXGLApplication      - Loading default localization
19:26:40.759 [FXGL Background Thread 1 ] DEBUG FXGLAssetLoaderServi - Loading from file system: jar:file:/C:/Users/thinh/.m2/repository/com/github/almasb/fxgl/11.17/fxgl-11.17.jar!/fxglassets/languages/english.lang
19:26:40.789 [FXGL Background Thread 1 ] INFO  FXGLApplication      - FXGL initialization took: 0.401 sec
19:26:40.799 [JavaFX Application Thread] DEBUG Input                - Registered new binding: Move Up - W
19:26:40.799 [JavaFX Application Thread] DEBUG Input                - Registered new binding: Move Down - S
19:26:40.799 [JavaFX Application Thread] DEBUG Input                - Registered new binding: Move Left - A
19:26:40.799 [JavaFX Application Thread] DEBUG Input                - Registered new binding: Move Right - D
19:26:40.800 [JavaFX Application Thread] DEBUG Input                - Registered new binding: Place Bomb - Space
19:26:40.800 [JavaFX Application Thread] DEBUG LoopRunner           - Stopping loop
19:26:40.800 [JavaFX Application Thread] DEBUG LoopRunner           - Initializing JavaFX AnimationTimerLoop
19:26:40.802 [JavaFX Application Thread] FATAL FXGLApplication      - Uncaught Exception:
java.lang.IllegalArgumentException: Property enabledSound does not exist
	at com.almasb.fxgl.core.collection.PropertyMap.get(PropertyMap.kt:251)
	at com.almasb.fxgl.core.collection.PropertyMap.booleanProperty(PropertyMap.kt:160)
	at com.almasb.fxgl.core.collection.PropertyMap.getBoolean(PropertyMap.kt:150)
	at com.almasb.fxgl.dsl.FXGL$Companion.getb(FXGL.kt:299)
	at com.almasb.fxgl.dsl.FXGL.getb(FXGL.kt)
	at Bomber.BombermanApp.onPreInit(BombermanApp.java:78)
	at com.almasb.fxgl.app.FXGLApplication$GameApplicationService.onMainLoopStarting(FXGLApplication.kt:530)
	at com.almasb.fxgl.app.Engine.startLoop(Engine.kt:149)
	at com.almasb.fxgl.app.FXGLApplication.startImpl$lambda-3(FXGLApplication.kt:145)
	at com.almasb.fxgl.core.concurrent.IOTask.succeed(IOTask.java:164)
	at com.almasb.fxgl.core.concurrent.IOTask$1.succeeded(IOTask.java:153)
	at javafx.concurrent.Task.setState(Task.java:726)
	at javafx.concurrent.Task$TaskCallable.lambda$call$1(Task.java:1436)
	at com.sun.javafx.application.PlatformImpl.lambda$runLater$10(PlatformImpl.java:447)
	at java.base/java.security.AccessController.doPrivileged(AccessController.java:399)
	at com.sun.javafx.application.PlatformImpl.lambda$runLater$11(PlatformImpl.java:446)
	at com.sun.glass.ui.InvokeLaterDispatcher$Future.run(InvokeLaterDispatcher.java:96)
	at com.sun.glass.ui.win.WinApplication._runLoop(Native Method)
	at com.sun.glass.ui.win.WinApplication.lambda$runLoop$3(WinApplication.java:174)
	at java.base/java.lang.Thread.run(Thread.java:833)

19:26:40.803 [JavaFX Application Thread] FATAL FXGLApplication      - Application will now exit
19:26:40.827 [JavaFX Application Thread] DEBUG PrimaryStageWindow   - Push state: ErrorSubScene
19:26:40.828 [JavaFX Application Thread] DEBUG Input                - Clearing active input actions
19:26:40.843 [JavaFX Application Thread] DEBUG GameApplicationServi - Removing overlay from FXGLStartupScene and adding to ErrorSubScene
19:26:40.843 [JavaFX Application Thread] DEBUG PrimaryStageWindow   - FXGLStartupScene -> ErrorSubScene
19:26:40.848 [FXGL Background Thread 4 ] DEBUG FXGLAssetLoaderServi - Loading from file system: jar:file:/C:/Users/thinh/.m2/repository/com/github/almasb/fxgl/11.17/fxgl-11.17.jar!/fxglassets/ui/fonts/Abel-Regular.ttf
19:26:40.863 [FXGL Background Thread 4 ] DEBUG FXGLAssetLoaderServi - Loading from file system: jar:file:/C:/Users/thinh/.m2/repository/com/github/almasb/fxgl/11.17/fxgl-11.17.jar!/fxglassets/ui/fonts/lucida_console.ttf
19:26:40.887 [FXGL Background Thread 4 ] DEBUG FXGLAssetLoaderServi - Loading from file system: jar:file:/C:/Users/thinh/.m2/repository/com/github/almasb/fxgl/11.17/fxgl-11.17.jar!/fxglassets/ui/fonts/Courier-Prime.ttf
19:26:41.072 [JavaFX Application Thread] DEBUG FXGLApplication      - Registering font factories with UI factory
19:26:43.755 [FXGL Background Thread 3 ] DEBUG Engine               - Logging environment variables
19:26:43.755 [FXGL Background Thread 3 ] DEBUG Engine               - achievements: []
19:26:43.755 [FXGL Background Thread 3 ] DEBUG Engine               - actualHeight: 704.0
19:26:43.755 [FXGL Background Thread 3 ] DEBUG Engine               - actualHeightProperty: ReadOnlyDoubleProperty [value: 704.0]
19:26:43.755 [FXGL Background Thread 3 ] DEBUG Engine               - actualWidth: 704.0
19:26:43.755 [FXGL Background Thread 3 ] DEBUG Engine               - actualWidthProperty: ReadOnlyDoubleProperty [value: 704.0]
19:26:43.756 [FXGL Background Thread 3 ] DEBUG Engine               - appIcon: fxgl_icon.png
19:26:43.756 [FXGL Background Thread 3 ] DEBUG Engine               - applicationMode: DEVELOPER
19:26:43.756 [FXGL Background Thread 3 ] DEBUG Engine               - cSSList: [fxgl_dark.css]
19:26:43.756 [FXGL Background Thread 3 ] DEBUG Engine               - collisionDetectionStrategy: BRUTE_FORCE
19:26:43.756 [FXGL Background Thread 3 ] DEBUG Engine               - configClass: Optional.empty
19:26:43.756 [FXGL Background Thread 3 ] DEBUG Engine               - credits: []
19:26:43.756 [FXGL Background Thread 3 ] DEBUG Engine               - defaultCursor: CursorInfo(imageName=fxgl_default_cursor.png, hotspotX=7.0, hotspotY=6.0)
19:26:43.757 [FXGL Background Thread 3 ] DEBUG Engine               - devBBoxColorProperty: ObjectProperty [value: 0xff0000ff]
19:26:43.757 [FXGL Background Thread 3 ] DEBUG Engine               - devEnableDebugCameraProperty: BooleanProperty [value: false]
19:26:43.757 [FXGL Background Thread 3 ] DEBUG Engine               - devSensorColorProperty: ObjectProperty [value: 0xffff00ff]
19:26:43.757 [FXGL Background Thread 3 ] DEBUG Engine               - devShowBBoxProperty: BooleanProperty [value: false]
19:26:43.757 [FXGL Background Thread 3 ] DEBUG Engine               - devShowPositionProperty: BooleanProperty [value: false]
19:26:43.757 [FXGL Background Thread 3 ] DEBUG Engine               - enabledMenuItems: []
19:26:43.757 [FXGL Background Thread 3 ] DEBUG Engine               - engineServices: [class com.almasb.fxgl.app.services.FXGLAssetLoaderService, class com.almasb.fxgl.app.FXGLApplication$GameApplicationService, class com.almasb.fxgl.app.services.FXGLDialogService, class com.almasb.fxgl.app.services.IOTaskExecutorService, class com.almasb.fxgl.io.FileSystemService, class com.almasb.fxgl.localization.LocalizationService, class com.almasb.fxgl.app.services.SystemBundleService, class com.almasb.fxgl.profile.SaveLoadService, class com.almasb.fxgl.ui.FXGLUIFactoryServiceProvider, class com.almasb.fxgl.ui.FXGLDialogFactoryServiceProvider, class com.almasb.fxgl.audio.AudioPlayer, class com.almasb.fxgl.notification.impl.NotificationServiceProvider, class com.almasb.fxgl.achievement.AchievementService, class com.almasb.fxgl.cutscene.CutsceneService, class com.almasb.fxgl.minigames.MiniGameService, class com.almasb.fxgl.net.NetService, class com.almasb.fxgl.app.services.UpdaterService, class com.almasb.fxgl.dev.DevService]
19:26:43.758 [FXGL Background Thread 3 ] DEBUG Engine               - fontGame: Abel-Regular.ttf
19:26:43.758 [FXGL Background Thread 3 ] DEBUG Engine               - fontMono: lucida_console.ttf
19:26:43.758 [FXGL Background Thread 3 ] DEBUG Engine               - fontText: Courier-Prime.ttf
19:26:43.758 [FXGL Background Thread 3 ] DEBUG Engine               - fontUI: Quinquefive-Ea6d4.ttf
19:26:43.758 [FXGL Background Thread 3 ] DEBUG Engine               - fullScreen: BooleanProperty [value: false]
19:26:43.758 [FXGL Background Thread 3 ] DEBUG Engine               - gameDifficulty: MEDIUM
19:26:43.759 [FXGL Background Thread 3 ] DEBUG Engine               - gameDifficultyProperty: ObjectProperty [value: MEDIUM]
19:26:43.759 [FXGL Background Thread 3 ] DEBUG Engine               - globalMusicVolume: 0.5
19:26:43.759 [FXGL Background Thread 3 ] DEBUG Engine               - globalMusicVolumeProperty: DoubleProperty [value: 0.5]
19:26:43.759 [FXGL Background Thread 3 ] DEBUG Engine               - globalSoundVolume: 0.5
19:26:43.759 [FXGL Background Thread 3 ] DEBUG Engine               - globalSoundVolumeProperty: DoubleProperty [value: 0.5]
19:26:43.759 [FXGL Background Thread 3 ] DEBUG Engine               - height: 704
19:26:43.760 [FXGL Background Thread 3 ] DEBUG Engine               - is3D: false
19:26:43.760 [FXGL Background Thread 3 ] DEBUG Engine               - isAndroid: false
19:26:43.760 [FXGL Background Thread 3 ] DEBUG Engine               - isBrowser: false
19:26:43.760 [FXGL Background Thread 3 ] DEBUG Engine               - isClickFeedbackEnabled: false
19:26:43.760 [FXGL Background Thread 3 ] DEBUG Engine               - isCloseConfirmation: false
19:26:43.760 [FXGL Background Thread 3 ] DEBUG Engine               - isDesktop: true
19:26:43.760 [FXGL Background Thread 3 ] DEBUG Engine               - isDeveloperMenuEnabled: false
19:26:43.760 [FXGL Background Thread 3 ] DEBUG Engine               - isEntityPreloadEnabled: true
19:26:43.760 [FXGL Background Thread 3 ] DEBUG Engine               - isExperimentalTiledLargeMap: false
19:26:43.760 [FXGL Background Thread 3 ] DEBUG Engine               - isFileSystemWriteAllowed: true
19:26:43.760 [FXGL Background Thread 3 ] DEBUG Engine               - isFullScreenAllowed: false
19:26:43.761 [FXGL Background Thread 3 ] DEBUG Engine               - isFullScreenFromStart: false
19:26:43.761 [FXGL Background Thread 3 ] DEBUG Engine               - isGameMenuEnabled: true
19:26:43.761 [FXGL Background Thread 3 ] DEBUG Engine               - isIOS: false
19:26:43.761 [FXGL Background Thread 3 ] DEBUG Engine               - isIntroEnabled: false
19:26:43.761 [FXGL Background Thread 3 ] DEBUG Engine               - isLinux: false
19:26:43.761 [FXGL Background Thread 3 ] DEBUG Engine               - isMac: false
19:26:43.762 [FXGL Background Thread 3 ] DEBUG Engine               - isMainMenuEnabled: true
19:26:43.762 [FXGL Background Thread 3 ] DEBUG Engine               - isManualResizeEnabled: false
19:26:43.762 [FXGL Background Thread 3 ] DEBUG Engine               - isMobile: false
19:26:43.762 [FXGL Background Thread 3 ] DEBUG Engine               - isNative: false
19:26:43.762 [FXGL Background Thread 3 ] DEBUG Engine               - isPauseMusicWhenMinimized: true
19:26:43.762 [FXGL Background Thread 3 ] DEBUG Engine               - isPreserveResizeRatio: false
19:26:43.762 [FXGL Background Thread 3 ] DEBUG Engine               - isProfilingEnabled: false
19:26:43.762 [FXGL Background Thread 3 ] DEBUG Engine               - isScaleAffectedOnResize: true
19:26:43.762 [FXGL Background Thread 3 ] DEBUG Engine               - isSingleStep: false
19:26:43.762 [FXGL Background Thread 3 ] DEBUG Engine               - isUserProfileEnabled: false
19:26:43.762 [FXGL Background Thread 3 ] DEBUG Engine               - isWindows: true
19:26:43.762 [FXGL Background Thread 3 ] DEBUG Engine               - language: ObjectProperty [value: ENGLISH]
19:26:43.762 [FXGL Background Thread 3 ] DEBUG Engine               - menuKey: ESCAPE
19:26:43.763 [FXGL Background Thread 3 ] DEBUG Engine               - mouseSensitivity: 0.2
19:26:43.763 [FXGL Background Thread 3 ] DEBUG Engine               - notificationViewClass: class com.almasb.fxgl.notification.view.XboxNotificationView
19:26:43.763 [FXGL Background Thread 3 ] DEBUG Engine               - pixelsPerMeter: 50.0
19:26:43.763 [FXGL Background Thread 3 ] DEBUG Engine               - platform: WINDOWS
19:26:43.763 [FXGL Background Thread 3 ] DEBUG Engine               - prefHeightProperty: ReadOnlyDoubleProperty [value: 704.0]
19:26:43.763 [FXGL Background Thread 3 ] DEBUG Engine               - prefWidthProperty: ReadOnlyDoubleProperty [value: 704.0]
19:26:43.763 [FXGL Background Thread 3 ] DEBUG Engine               - profileDir: profiles/
19:26:43.763 [FXGL Background Thread 3 ] DEBUG Engine               - profileName: StringProperty [value: DEFAULT]
19:26:43.763 [FXGL Background Thread 3 ] DEBUG Engine               - randomSeed: -1
19:26:43.763 [FXGL Background Thread 3 ] DEBUG Engine               - runtimeInfo: RuntimeInfo(platform=WINDOWS, version=11.17, build=16.07.2021 15.46)
19:26:43.763 [FXGL Background Thread 3 ] DEBUG Engine               - saveFileExt: sav
19:26:43.763 [FXGL Background Thread 3 ] DEBUG Engine               - scaledHeightProp$fxgl: DoubleProperty [bound, value: 704.0]
19:26:43.764 [FXGL Background Thread 3 ] DEBUG Engine               - scaledWidthProp$fxgl: DoubleProperty [bound, value: 704.0]
19:26:43.764 [FXGL Background Thread 3 ] DEBUG Engine               - sceneFactory: Bomber.BombermanApp$1@390e9486
19:26:43.764 [FXGL Background Thread 3 ] DEBUG Engine               - secondsIn24h: 60
19:26:43.764 [FXGL Background Thread 3 ] DEBUG Engine               - soundMenuBack: menu/back.wav
19:26:43.764 [FXGL Background Thread 3 ] DEBUG Engine               - soundMenuPress: menu/press.wav
19:26:43.764 [FXGL Background Thread 3 ] DEBUG Engine               - soundMenuSelect: menu/select.wav
19:26:43.764 [FXGL Background Thread 3 ] DEBUG Engine               - soundNotification: core/notification.wav
19:26:43.764 [FXGL Background Thread 3 ] DEBUG Engine               - stageStyle: DECORATED
19:26:43.764 [FXGL Background Thread 3 ] DEBUG Engine               - supportedLanguages: [ENGLISH, FRENCH, GERMAN, HUNGARIAN, RUSSIAN]
19:26:43.765 [FXGL Background Thread 3 ] DEBUG Engine               - ticksPerSecond: -1
19:26:43.765 [FXGL Background Thread 3 ] DEBUG Engine               - title: BOMBERMAN
19:26:43.765 [FXGL Background Thread 3 ] DEBUG Engine               - urlGithub: https://github.com/AlmasB/FXGL
19:26:43.765 [FXGL Background Thread 3 ] DEBUG Engine               - urlLeaderboard: http://fxgl-top.herokuapp.com/
19:26:43.765 [FXGL Background Thread 3 ] DEBUG Engine               - urlPOM: https://raw.githubusercontent.com/AlmasB/FXGL/release/README.md
19:26:43.765 [FXGL Background Thread 3 ] DEBUG Engine               - userAppClass: class Bomber.BombermanApp
19:26:43.765 [FXGL Background Thread 3 ] DEBUG Engine               - version: 1.0
19:26:43.765 [FXGL Background Thread 3 ] DEBUG Engine               - versionCheckDays: 7
19:26:43.765 [FXGL Background Thread 3 ] DEBUG Engine               - width: 704
19:26:43.765 [FXGL Background Thread 3 ] DEBUG Engine               - Logging services
19:26:43.765 [FXGL Background Thread 3 ] DEBUG Engine               - class com.almasb.fxgl.app.services.FXGLAssetLoaderService
19:26:43.765 [FXGL Background Thread 3 ] DEBUG Engine               - class com.almasb.fxgl.app.FXGLApplication$GameApplicationService
19:26:43.765 [FXGL Background Thread 3 ] DEBUG Engine               - class com.almasb.fxgl.app.services.FXGLDialogService
19:26:43.765 [FXGL Background Thread 3 ] DEBUG Engine               - class com.almasb.fxgl.app.services.IOTaskExecutorService
19:26:43.765 [FXGL Background Thread 3 ] DEBUG Engine               - class com.almasb.fxgl.io.FileSystemService
19:26:43.766 [FXGL Background Thread 3 ] DEBUG Engine               - class com.almasb.fxgl.localization.LocalizationService
19:26:43.766 [FXGL Background Thread 3 ] DEBUG Engine               - class com.almasb.fxgl.app.services.SystemBundleService
19:26:43.766 [FXGL Background Thread 3 ] DEBUG Engine               - class com.almasb.fxgl.profile.SaveLoadService
19:26:43.766 [FXGL Background Thread 3 ] DEBUG Engine               - class com.almasb.fxgl.ui.FXGLUIFactoryServiceProvider
19:26:43.766 [FXGL Background Thread 3 ] DEBUG Engine               - class com.almasb.fxgl.ui.FXGLDialogFactoryServiceProvider
19:26:43.766 [FXGL Background Thread 3 ] DEBUG Engine               - class com.almasb.fxgl.audio.AudioPlayer
19:26:43.766 [FXGL Background Thread 3 ] DEBUG Engine               - class com.almasb.fxgl.notification.impl.NotificationServiceProvider
19:26:43.766 [FXGL Background Thread 3 ] DEBUG Engine               - class com.almasb.fxgl.achievement.AchievementService
19:26:43.766 [FXGL Background Thread 3 ] DEBUG Engine               - class com.almasb.fxgl.cutscene.CutsceneService
19:26:43.766 [FXGL Background Thread 3 ] DEBUG Engine               - class com.almasb.fxgl.minigames.MiniGameService
19:26:43.766 [FXGL Background Thread 3 ] DEBUG Engine               - class com.almasb.fxgl.net.NetService
19:26:43.766 [FXGL Background Thread 3 ] DEBUG Engine               - class com.almasb.fxgl.app.services.UpdaterService
19:26:43.766 [FXGL Background Thread 3 ] DEBUG Engine               - class com.almasb.fxgl.dev.DevService
19:26:44.636 [JavaFX Application Thread] DEBUG FXGLApplication      - Exiting FXGL
19:26:44.637 [JavaFX Application Thread] DEBUG Async                - Shutting down background threads
19:26:44.637 [JavaFX Application Thread] DEBUG PrimaryStageWindow   - Closing main window
19:26:44.646 [JavaFX Application Thread] DEBUG Logger               - Closing Logger
