16:38:25.423 [main                     ] DEBUG Logger               - Configured Logger
16:38:25.423 [main                     ] DEBUG GameApplication      - Logging settings
Title: BOMBERMAN
Version: 1.0
Width: 720
Height: 720
Fullscreen: false
Intro: false
Profiling: false
Single step:false
App Mode: DEVELOPER
Menu Key: ESCAPE
Stage Style: DECORATED
Scene Factory: class Bomber.BombermanApp$1

16:38:25.904 [JavaFX Application Thread] DEBUG FXGLApplication      - Initializing FXGL
16:38:25.908 [JavaFX Application Thread] INFO  Engine               - FXGL-11.17 (16.07.2021 15.46) on WINDOWS (J:17.0.1 FX:16)
16:38:25.909 [JavaFX Application Thread] DEBUG Engine               - JRE Vendor Name: Oracle Corporation
16:38:25.909 [JavaFX Application Thread] DEBUG Engine               - Running on OS: Windows 10 version 10.0
16:38:25.909 [JavaFX Application Thread] DEBUG Engine               - Architecture: amd64
16:38:25.909 [JavaFX Application Thread] INFO  Engine               - Source code and latest versions at: https://github.com/AlmasB/FXGL
16:38:25.909 [JavaFX Application Thread] INFO  Engine               -              Join the FXGL chat at: https://gitter.im/AlmasB/FXGL
16:38:26.047 [JavaFX Application Thread] DEBUG PrimaryStageWindow   - Creating a JavaFX scene
16:38:26.120 [JavaFX Application Thread] DEBUG PrimaryStageWindow   - Target settings size: 720.0 x 720.0
16:38:26.120 [JavaFX Application Thread] DEBUG PrimaryStageWindow   - Scaled scene size:    720.0 x 720.0
16:38:26.120 [JavaFX Application Thread] DEBUG PrimaryStageWindow   - Scaled ratio: (1.0, 1.0)
16:38:26.121 [JavaFX Application Thread] DEBUG PrimaryStageWindow   - Set initial scene to FXGLStartupScene
16:38:26.128 [JavaFX Application Thread] DEBUG PrimaryStageWindow   - Opening main window
16:38:26.255 [JavaFX Application Thread] DEBUG PrimaryStageWindow   - Window border size: (14.4000244140625, 37.5999755859375)
16:38:26.255 [JavaFX Application Thread] DEBUG PrimaryStageWindow   - Scaled size: 720.0 x 720.0
16:38:26.256 [JavaFX Application Thread] DEBUG PrimaryStageWindow   - Scaled ratio: (1.0, 1.0)
16:38:26.256 [JavaFX Application Thread] DEBUG PrimaryStageWindow   - Scene size: 720.0 x 720.0
16:38:26.257 [JavaFX Application Thread] DEBUG PrimaryStageWindow   - Stage size: 734.4000244140625 x 757.5999755859375
16:38:26.276 [FXGL Background Thread 1 ] DEBUG Engine               - Initializing environment variables
16:38:26.398 [FXGL Background Thread 1 ] DEBUG FXGLAssetLoaderServi - User app class for loading assets: class Bomber.BombermanApp
16:38:26.398 [FXGL Background Thread 1 ] DEBUG GameApplicationServi - Applying CSS: fxgl_dark.css
16:38:26.399 [FXGL Background Thread 1 ] DEBUG FXGLAssetLoaderServi - Loading from file system: jar:file:/C:/Users/thinh/.m2/repository/com/github/almasb/fxgl/11.17/fxgl-11.17.jar!/fxglassets/ui/css/fxgl_dark.css
16:38:26.496 [FXGL Background Thread 1 ] DEBUG GameApplicationServi - Initializing application scenes
16:38:26.576 [FXGL Background Thread 1 ] DEBUG GameWorld            - Game world initialized
16:38:26.699 [FXGL Background Thread 1 ] DEBUG PhysicsWorld         - Physics world initialized: appHeight=720, physics.ppm=50.0
16:38:26.699 [FXGL Background Thread 1 ] DEBUG PhysicsWorld         - Using strategy: BRUTE_FORCE
16:38:26.703 [FXGL Background Thread 1 ] DEBUG GameScene            - Game scene initialized: 720x720
16:38:26.798 [FXGL Background Thread 1 ] DEBUG GameApplicationServi - Application scenes initialized
16:38:26.811 [FXGL Background Thread 1 ] DEBUG SystemBundleService  - Loading FXGL system data
16:38:26.819 [FXGL Background Thread 1 ] DEBUG FileSystemAccess     - Reading from: D:\Code\ProjectJavaFX\bomberman\Bomber\system\fxgl.bundle
16:38:26.835 [FXGL Background Thread 1 ] DEBUG SystemBundleService  - Bundle FXGL: {}
16:38:26.836 [FXGL Background Thread 1 ] DEBUG UpdaterService       - Checking for updates
16:38:26.909 [FXGL Background Thread 4 ] DEBUG FXGLApplication      - Loading fonts
16:38:26.909 [FXGL Background Thread 4 ] DEBUG FXGLAssetLoaderServi - Loading from file system: file:/D:/Code/ProjectJavaFX/bomberman/Bomber/target/classes/assets/ui/fonts/Quinquefive-Ea6d4.ttf
16:38:26.912 [FXGL Background Thread 1 ] DEBUG FXGLApplication      - Loading default localization
16:38:26.913 [FXGL Background Thread 1 ] DEBUG FXGLAssetLoaderServi - Loading from file system: jar:file:/C:/Users/thinh/.m2/repository/com/github/almasb/fxgl/11.17/fxgl-11.17.jar!/fxglassets/languages/english.lang
16:38:26.981 [FXGL Background Thread 1 ] INFO  FXGLApplication      - FXGL initialization took: 0.705 sec
16:38:26.998 [JavaFX Application Thread] DEBUG Input                - Registered new binding: Move Up - W
16:38:26.998 [JavaFX Application Thread] DEBUG Input                - Registered new binding: Move Down - S
16:38:26.999 [JavaFX Application Thread] DEBUG Input                - Registered new binding: Move Left - A
16:38:26.999 [JavaFX Application Thread] DEBUG Input                - Registered new binding: Move Right - D
16:38:26.999 [JavaFX Application Thread] DEBUG Input                - Registered new binding: Place Bomb - Space
16:38:27.000 [JavaFX Application Thread] DEBUG FXGLAssetLoaderServi - Loading from file system: file:/D:/Code/ProjectJavaFX/bomberman/Bomber/target/classes/assets/music/title_screen.mp3
16:38:27.113 [FXGL Background Thread 4 ] DEBUG FXGLAssetLoaderServi - Loading from file system: jar:file:/C:/Users/thinh/.m2/repository/com/github/almasb/fxgl/11.17/fxgl-11.17.jar!/fxglassets/ui/fonts/Abel-Regular.ttf
16:38:27.141 [FXGL Background Thread 4 ] DEBUG FXGLAssetLoaderServi - Loading from file system: jar:file:/C:/Users/thinh/.m2/repository/com/github/almasb/fxgl/11.17/fxgl-11.17.jar!/fxglassets/ui/fonts/lucida_console.ttf
16:38:27.190 [FXGL Background Thread 4 ] DEBUG FXGLAssetLoaderServi - Loading from file system: jar:file:/C:/Users/thinh/.m2/repository/com/github/almasb/fxgl/11.17/fxgl-11.17.jar!/fxglassets/ui/fonts/Courier-Prime.ttf
16:38:27.291 [JavaFX Application Thread] DEBUG AudioPlayer          - Playing music com.almasb.fxgl.audio.Music@1a967977
16:38:27.293 [JavaFX Application Thread] DEBUG FXGLAssetLoaderServi - Loading from file system: jar:file:/C:/Users/thinh/.m2/repository/com/github/almasb/fxgl/11.17/fxgl-11.17.jar!/fxglassets/textures/fxgl_icon.png
16:38:27.341 [JavaFX Application Thread] DEBUG FXGLAssetLoaderServi - Loading from file system: jar:file:/C:/Users/thinh/.m2/repository/com/github/almasb/fxgl/11.17/fxgl-11.17.jar!/fxglassets/textures/fxgl_default_cursor.png
16:38:27.343 [JavaFX Application Thread] DEBUG Input                - Registered new binding: Screenshot - CTRL+8
16:38:27.344 [JavaFX Application Thread] DEBUG Input                - Registered new binding: Dev Options - 1
16:38:27.344 [JavaFX Application Thread] DEBUG Input                - Registered new binding: Dev Console - 2
16:38:27.344 [JavaFX Application Thread] DEBUG Input                - Registered new binding: System info dump - CTRL+9
16:38:27.344 [JavaFX Application Thread] DEBUG Input                - Registered new binding: Restart - CTRL+R
16:38:27.345 [JavaFX Application Thread] DEBUG Input                - Registered new binding: Toggle Debug Camera - CTRL+C
16:38:27.347 [JavaFX Application Thread] DEBUG LoopRunner           - Starting loop
16:38:27.357 [JavaFX Application Thread] DEBUG LoopRunner           - Initializing JavaFX AnimationTimerLoop
16:38:27.359 [JavaFX Application Thread] DEBUG Input                - Clearing active input actions
16:38:27.364 [JavaFX Application Thread] DEBUG GameApplicationServi - Removing overlay from FXGLStartupScene and adding to FXGLMainMenuDummyScene
16:38:27.394 [JavaFX Application Thread] DEBUG PrimaryStageWindow   - FXGLStartupScene -> FXGLMainMenuDummyScene
16:38:27.394 [JavaFX Application Thread] DEBUG PrimaryStageWindow   - Push state: BombermanMenu
16:38:27.395 [JavaFX Application Thread] DEBUG Input                - Clearing active input actions
16:38:27.403 [JavaFX Application Thread] DEBUG GameApplicationServi - Removing overlay from FXGLMainMenuDummyScene and adding to BombermanMenu
16:38:27.406 [JavaFX Application Thread] DEBUG PrimaryStageWindow   - FXGLMainMenuDummyScene -> BombermanMenu
16:38:27.421 [JavaFX Application Thread] DEBUG FXGLApplication      - Registering font factories with UI factory
16:38:28.691 [JavaFX Application Thread] DEBUG Menu                 - fireNewGame()
16:38:28.691 [JavaFX Application Thread] DEBUG GameApplicationServi - Starting new game
16:38:28.691 [JavaFX Application Thread] DEBUG PrimaryStageWindow   - Pop state: BombermanMenu
16:38:28.691 [JavaFX Application Thread] DEBUG Input                - Clearing active input actions
16:38:28.692 [JavaFX Application Thread] DEBUG GameApplicationServi - Removing overlay from BombermanMenu and adding to FXGLMainMenuDummyScene
16:38:28.693 [JavaFX Application Thread] DEBUG PrimaryStageWindow   - FXGLMainMenuDummyScene <- BombermanMenu
16:38:28.694 [JavaFX Application Thread] DEBUG Input                - Clearing active input actions
16:38:28.698 [JavaFX Application Thread] DEBUG GameApplicationServi - Removing overlay from FXGLMainMenuDummyScene and adding to FXGLLoadingScene
16:38:28.698 [JavaFX Application Thread] DEBUG PrimaryStageWindow   - FXGLMainMenuDummyScene -> FXGLLoadingScene
16:38:28.698 [JavaFX Application Thread] DEBUG GameApplicationServi - Clearing previous game
16:38:28.698 [JavaFX Application Thread] DEBUG GameScene            - Clearing game scene
16:38:28.698 [JavaFX Application Thread] DEBUG GameWorld            - Clearing game world
16:38:28.699 [JavaFX Application Thread] DEBUG PhysicsWorld         - Clearing physics world
16:38:28.700 [FXGL Background Thread 2 ] DEBUG FXGLApplication      - Initializing game
16:38:28.761 [FXGL Background Thread 2 ] WARN  TMXLevelLoader       - TiledMap generated from 1.7.2. Supported version: 1.2.3. Some features may not be parsed fully.
16:38:28.795 [FXGL Background Thread 2 ] DEBUG TMXLevelLoader       - Parsed TiledMap: file:/D:/Code/ProjectJavaFX/bomberman/Bomber/target/classes/assets/levels/bbm_level1.tmx
16:38:28.797 [FXGL Background Thread 2 ] DEBUG TMXLevelLoader       - Creating tile layer entities
16:38:28.798 [FXGL Background Thread 2 ] DEBUG TilesetLoader        - Loading view for layer Tile Layer 1
16:38:28.818 [FXGL Background Thread 2 ] DEBUG TilesetLoader        - Created buffer with size 1488.0x720.0
16:38:29.282 [FXGL Background Thread 2 ] DEBUG TMXLevelLoader       - Creating object layer entities
16:38:29.391 [FXGL Background Thread 2 ] DEBUG FXGLAssetLoaderServi - Loading from file system: file:/D:/Code/ProjectJavaFX/bomberman/Bomber/target/classes/assets/textures/player_die.png
16:38:29.398 [FXGL Background Thread 2 ] DEBUG FXGLAssetLoaderServi - Loading from file system: file:/D:/Code/ProjectJavaFX/bomberman/Bomber/target/classes/assets/textures/player_down.png
16:38:29.401 [FXGL Background Thread 2 ] DEBUG FXGLAssetLoaderServi - Loading from file system: file:/D:/Code/ProjectJavaFX/bomberman/Bomber/target/classes/assets/textures/player_right.png
16:38:29.408 [FXGL Background Thread 2 ] DEBUG FXGLAssetLoaderServi - Loading from file system: file:/D:/Code/ProjectJavaFX/bomberman/Bomber/target/classes/assets/textures/player_up.png
16:38:29.414 [FXGL Background Thread 2 ] DEBUG FXGLAssetLoaderServi - Loading from file system: file:/D:/Code/ProjectJavaFX/bomberman/Bomber/target/classes/assets/textures/player_left.png
16:38:29.447 [FXGL Background Thread 2 ] DEBUG FXGLAssetLoaderServi - Loading from file system: file:/D:/Code/ProjectJavaFX/bomberman/Bomber/target/classes/assets/textures/brick.png
16:38:29.654 [FXGL Background Thread 2 ] DEBUG FXGLAssetLoaderServi - Loading from file system: file:/D:/Code/ProjectJavaFX/bomberman/Bomber/target/classes/assets/textures/balloom.png
16:38:29.733 [FXGL Background Thread 2 ] DEBUG FXGLAssetLoaderServi - Loading from file system: file:/D:/Code/ProjectJavaFX/bomberman/Bomber/target/classes/assets/textures/powerup_speed.png
16:38:29.738 [FXGL Background Thread 2 ] DEBUG FXGLAssetLoaderServi - Loading from file system: file:/D:/Code/ProjectJavaFX/bomberman/Bomber/target/classes/assets/textures/powerup_flames.png
16:38:29.740 [FXGL Background Thread 2 ] DEBUG FXGLAssetLoaderServi - Loading from file system: file:/D:/Code/ProjectJavaFX/bomberman/Bomber/target/classes/assets/textures/powerup_bombs.png
16:38:29.741 [FXGL Background Thread 2 ] DEBUG FXGLAssetLoaderServi - Loading from file system: file:/D:/Code/ProjectJavaFX/bomberman/Bomber/target/classes/assets/textures/powerup_flamepass.png
16:38:29.743 [FXGL Background Thread 2 ] DEBUG FXGLAssetLoaderServi - Loading from file system: file:/D:/Code/ProjectJavaFX/bomberman/Bomber/target/classes/assets/textures/portal.png
16:38:29.745 [FXGL Background Thread 2 ] DEBUG GameWorld            - Clearing removable entities
16:38:29.746 [FXGL Background Thread 2 ] DEBUG GameWorld            - Setting level: com.almasb.fxgl.entity.level.Level@42112fb6
16:38:29.886 [FXGL Background Thread 2 ] INFO  FXGLApplication      - Game initialization took: 1.186 sec
16:38:29.888 [JavaFX Application Thread] DEBUG Input                - Clearing active input actions
16:38:29.901 [FXGL Background Thread 3 ] DEBUG Engine               - Logging environment variables
16:38:29.905 [FXGL Background Thread 3 ] DEBUG Engine               - achievements: []
16:38:29.906 [FXGL Background Thread 3 ] DEBUG Engine               - actualHeight: 720.0
16:38:29.906 [FXGL Background Thread 3 ] DEBUG Engine               - actualHeightProperty: ReadOnlyDoubleProperty [value: 720.0]
16:38:29.907 [FXGL Background Thread 3 ] DEBUG Engine               - actualWidth: 720.0
16:38:29.907 [FXGL Background Thread 3 ] DEBUG Engine               - actualWidthProperty: ReadOnlyDoubleProperty [value: 720.0]
16:38:29.908 [FXGL Background Thread 3 ] DEBUG Engine               - appIcon: fxgl_icon.png
16:38:29.908 [FXGL Background Thread 3 ] DEBUG Engine               - applicationMode: DEVELOPER
16:38:29.908 [FXGL Background Thread 3 ] DEBUG Engine               - cSSList: [fxgl_dark.css]
16:38:29.908 [FXGL Background Thread 3 ] DEBUG Engine               - collisionDetectionStrategy: BRUTE_FORCE
16:38:29.908 [FXGL Background Thread 3 ] DEBUG Engine               - configClass: Optional.empty
16:38:29.908 [FXGL Background Thread 3 ] DEBUG Engine               - credits: []
16:38:29.908 [FXGL Background Thread 3 ] DEBUG Engine               - defaultCursor: CursorInfo(imageName=fxgl_default_cursor.png, hotspotX=7.0, hotspotY=6.0)
16:38:29.909 [FXGL Background Thread 3 ] DEBUG Engine               - devBBoxColorProperty: ObjectProperty [value: 0xff0000ff]
16:38:29.910 [JavaFX Application Thread] DEBUG GameApplicationServi - Removing overlay from FXGLLoadingScene and adding to GameScene
16:38:29.909 [FXGL Background Thread 3 ] DEBUG Engine               - devEnableDebugCameraProperty: BooleanProperty [value: false]
16:38:29.910 [FXGL Background Thread 3 ] DEBUG Engine               - devSensorColorProperty: ObjectProperty [value: 0xffff00ff]
16:38:29.910 [FXGL Background Thread 3 ] DEBUG Engine               - devShowBBoxProperty: BooleanProperty [value: false]
16:38:29.910 [FXGL Background Thread 3 ] DEBUG Engine               - devShowPositionProperty: BooleanProperty [value: false]
16:38:29.910 [FXGL Background Thread 3 ] DEBUG Engine               - enabledMenuItems: []
16:38:29.911 [FXGL Background Thread 3 ] DEBUG Engine               - engineServices: [class com.almasb.fxgl.app.services.FXGLAssetLoaderService, class com.almasb.fxgl.app.FXGLApplication$GameApplicationService, class com.almasb.fxgl.app.services.FXGLDialogService, class com.almasb.fxgl.app.services.IOTaskExecutorService, class com.almasb.fxgl.io.FileSystemService, class com.almasb.fxgl.localization.LocalizationService, class com.almasb.fxgl.app.services.SystemBundleService, class com.almasb.fxgl.profile.SaveLoadService, class com.almasb.fxgl.ui.FXGLUIFactoryServiceProvider, class com.almasb.fxgl.ui.FXGLDialogFactoryServiceProvider, class com.almasb.fxgl.audio.AudioPlayer, class com.almasb.fxgl.notification.impl.NotificationServiceProvider, class com.almasb.fxgl.achievement.AchievementService, class com.almasb.fxgl.cutscene.CutsceneService, class com.almasb.fxgl.minigames.MiniGameService, class com.almasb.fxgl.net.NetService, class com.almasb.fxgl.app.services.UpdaterService, class com.almasb.fxgl.dev.DevService]
16:38:29.912 [FXGL Background Thread 3 ] DEBUG Engine               - fontGame: Abel-Regular.ttf
16:38:29.913 [FXGL Background Thread 3 ] DEBUG Engine               - fontMono: lucida_console.ttf
16:38:29.915 [FXGL Background Thread 3 ] DEBUG Engine               - fontText: Courier-Prime.ttf
16:38:29.916 [FXGL Background Thread 3 ] DEBUG Engine               - fontUI: Quinquefive-Ea6d4.ttf
16:38:29.918 [FXGL Background Thread 3 ] DEBUG Engine               - fullScreen: BooleanProperty [value: false]
16:38:29.921 [FXGL Background Thread 3 ] DEBUG Engine               - gameDifficulty: MEDIUM
16:38:29.921 [FXGL Background Thread 3 ] DEBUG Engine               - gameDifficultyProperty: ObjectProperty [value: MEDIUM]
16:38:29.921 [FXGL Background Thread 3 ] DEBUG Engine               - globalMusicVolume: 0.5
16:38:29.922 [FXGL Background Thread 3 ] DEBUG Engine               - globalMusicVolumeProperty: DoubleProperty [value: 0.1]
16:38:29.922 [FXGL Background Thread 3 ] DEBUG Engine               - globalSoundVolume: 0.5
16:38:29.923 [FXGL Background Thread 3 ] DEBUG Engine               - globalSoundVolumeProperty: DoubleProperty [value: 0.1]
16:38:29.923 [FXGL Background Thread 3 ] DEBUG Engine               - height: 720
16:38:29.924 [FXGL Background Thread 3 ] DEBUG Engine               - is3D: false
16:38:29.924 [FXGL Background Thread 3 ] DEBUG Engine               - isAndroid: false
16:38:29.924 [FXGL Background Thread 3 ] DEBUG Engine               - isBrowser: false
16:38:29.924 [FXGL Background Thread 3 ] DEBUG Engine               - isClickFeedbackEnabled: false
16:38:29.924 [FXGL Background Thread 3 ] DEBUG Engine               - isCloseConfirmation: false
16:38:29.927 [FXGL Background Thread 3 ] DEBUG Engine               - isDesktop: true
16:38:29.928 [FXGL Background Thread 3 ] DEBUG Engine               - isDeveloperMenuEnabled: true
16:38:29.930 [FXGL Background Thread 3 ] DEBUG Engine               - isEntityPreloadEnabled: true
16:38:29.934 [FXGL Background Thread 3 ] DEBUG Engine               - isExperimentalTiledLargeMap: false
16:38:29.935 [FXGL Background Thread 3 ] DEBUG Engine               - isFileSystemWriteAllowed: true
16:38:29.935 [JavaFX Application Thread] DEBUG PrimaryStageWindow   - FXGLLoadingScene -> GameScene
16:38:29.935 [FXGL Background Thread 3 ] DEBUG Engine               - isFullScreenAllowed: false
16:38:29.935 [FXGL Background Thread 3 ] DEBUG Engine               - isFullScreenFromStart: false
16:38:29.935 [FXGL Background Thread 3 ] DEBUG Engine               - isGameMenuEnabled: true
16:38:29.936 [FXGL Background Thread 3 ] DEBUG Engine               - isIOS: false
16:38:29.936 [FXGL Background Thread 3 ] DEBUG Engine               - isIntroEnabled: false
16:38:29.936 [FXGL Background Thread 3 ] DEBUG Engine               - isLinux: false
16:38:29.936 [FXGL Background Thread 3 ] DEBUG Engine               - isMac: false
16:38:29.936 [FXGL Background Thread 3 ] DEBUG Engine               - isMainMenuEnabled: true
16:38:29.936 [FXGL Background Thread 3 ] DEBUG Engine               - isManualResizeEnabled: true
16:38:29.936 [FXGL Background Thread 3 ] DEBUG Engine               - isMobile: false
16:38:29.936 [FXGL Background Thread 3 ] DEBUG Engine               - isNative: false
16:38:29.936 [FXGL Background Thread 3 ] DEBUG Engine               - isPauseMusicWhenMinimized: true
16:38:29.936 [FXGL Background Thread 3 ] DEBUG Engine               - isPreserveResizeRatio: true
16:38:29.936 [FXGL Background Thread 3 ] DEBUG Engine               - isProfilingEnabled: false
16:38:29.936 [FXGL Background Thread 3 ] DEBUG Engine               - isScaleAffectedOnResize: true
16:38:29.937 [FXGL Background Thread 3 ] DEBUG Engine               - isSingleStep: false
16:38:29.937 [FXGL Background Thread 3 ] DEBUG Engine               - isUserProfileEnabled: false
16:38:29.937 [FXGL Background Thread 3 ] DEBUG Engine               - isWindows: true
16:38:29.937 [FXGL Background Thread 3 ] DEBUG Engine               - language: ObjectProperty [value: ENGLISH]
16:38:29.937 [FXGL Background Thread 3 ] DEBUG Engine               - menuKey: ESCAPE
16:38:29.938 [FXGL Background Thread 3 ] DEBUG Engine               - mouseSensitivity: 0.2
16:38:29.938 [FXGL Background Thread 3 ] DEBUG Engine               - notificationViewClass: class com.almasb.fxgl.notification.view.XboxNotificationView
16:38:29.938 [FXGL Background Thread 3 ] DEBUG Engine               - pixelsPerMeter: 50.0
16:38:29.938 [FXGL Background Thread 3 ] DEBUG Engine               - platform: WINDOWS
16:38:29.938 [FXGL Background Thread 3 ] DEBUG Engine               - prefHeightProperty: ReadOnlyDoubleProperty [value: 720.0]
16:38:29.939 [FXGL Background Thread 3 ] DEBUG Engine               - prefWidthProperty: ReadOnlyDoubleProperty [value: 720.0]
16:38:29.939 [FXGL Background Thread 3 ] DEBUG Engine               - profileDir: profiles/
16:38:29.939 [FXGL Background Thread 3 ] DEBUG Engine               - profileName: StringProperty [value: DEFAULT]
16:38:29.939 [FXGL Background Thread 3 ] DEBUG Engine               - randomSeed: -1
16:38:29.939 [FXGL Background Thread 3 ] DEBUG Engine               - runtimeInfo: RuntimeInfo(platform=WINDOWS, version=11.17, build=16.07.2021 15.46)
16:38:29.939 [FXGL Background Thread 3 ] DEBUG Engine               - saveFileExt: sav
16:38:29.939 [FXGL Background Thread 3 ] DEBUG Engine               - scaledHeightProp$fxgl: DoubleProperty [bound, value: 720.0]
16:38:29.939 [FXGL Background Thread 3 ] DEBUG Engine               - scaledWidthProp$fxgl: DoubleProperty [bound, value: 720.0]
16:38:29.939 [FXGL Background Thread 3 ] DEBUG Engine               - sceneFactory: Bomber.BombermanApp$1@b9862c4
16:38:29.939 [FXGL Background Thread 3 ] DEBUG Engine               - secondsIn24h: 60
16:38:29.940 [FXGL Background Thread 3 ] DEBUG Engine               - soundMenuBack: menu/back.wav
16:38:29.940 [FXGL Background Thread 3 ] DEBUG Engine               - soundMenuPress: menu/press.wav
16:38:29.940 [FXGL Background Thread 3 ] DEBUG Engine               - soundMenuSelect: menu/select.wav
16:38:29.940 [FXGL Background Thread 3 ] DEBUG Engine               - soundNotification: core/notification.wav
16:38:29.940 [FXGL Background Thread 3 ] DEBUG Engine               - stageStyle: DECORATED
16:38:29.940 [FXGL Background Thread 3 ] DEBUG Engine               - supportedLanguages: [ENGLISH, FRENCH, GERMAN, HUNGARIAN, RUSSIAN]
16:38:29.940 [FXGL Background Thread 3 ] DEBUG Engine               - ticksPerSecond: -1
16:38:29.940 [FXGL Background Thread 3 ] DEBUG Engine               - title: BOMBERMAN
16:38:29.940 [FXGL Background Thread 3 ] DEBUG Engine               - urlGithub: https://github.com/AlmasB/FXGL
16:38:29.940 [FXGL Background Thread 3 ] DEBUG Engine               - urlLeaderboard: http://fxgl-top.herokuapp.com/
16:38:29.940 [FXGL Background Thread 3 ] DEBUG Engine               - urlPOM: https://raw.githubusercontent.com/AlmasB/FXGL/release/README.md
16:38:29.940 [FXGL Background Thread 3 ] DEBUG Engine               - userAppClass: class Bomber.BombermanApp
16:38:29.941 [FXGL Background Thread 3 ] DEBUG Engine               - version: 1.0
16:38:29.941 [FXGL Background Thread 3 ] DEBUG Engine               - versionCheckDays: 7
16:38:29.941 [FXGL Background Thread 3 ] DEBUG Engine               - width: 720
16:38:29.941 [FXGL Background Thread 3 ] DEBUG Engine               - Logging services
16:38:29.941 [FXGL Background Thread 3 ] DEBUG Engine               - class com.almasb.fxgl.app.services.FXGLAssetLoaderService
16:38:29.941 [FXGL Background Thread 3 ] DEBUG Engine               - class com.almasb.fxgl.app.FXGLApplication$GameApplicationService
16:38:29.941 [FXGL Background Thread 3 ] DEBUG Engine               - class com.almasb.fxgl.app.services.FXGLDialogService
16:38:29.941 [FXGL Background Thread 3 ] DEBUG Engine               - class com.almasb.fxgl.app.services.IOTaskExecutorService
16:38:29.942 [FXGL Background Thread 3 ] DEBUG Engine               - class com.almasb.fxgl.io.FileSystemService
16:38:29.944 [FXGL Background Thread 3 ] DEBUG Engine               - class com.almasb.fxgl.localization.LocalizationService
16:38:29.945 [FXGL Background Thread 3 ] DEBUG Engine               - class com.almasb.fxgl.app.services.SystemBundleService
16:38:29.946 [FXGL Background Thread 3 ] DEBUG Engine               - class com.almasb.fxgl.profile.SaveLoadService
16:38:29.948 [FXGL Background Thread 3 ] DEBUG Engine               - class com.almasb.fxgl.ui.FXGLUIFactoryServiceProvider
16:38:29.949 [FXGL Background Thread 3 ] DEBUG Engine               - class com.almasb.fxgl.ui.FXGLDialogFactoryServiceProvider
16:38:29.951 [FXGL Background Thread 3 ] DEBUG Engine               - class com.almasb.fxgl.audio.AudioPlayer
16:38:29.952 [FXGL Background Thread 3 ] DEBUG Engine               - class com.almasb.fxgl.notification.impl.NotificationServiceProvider
16:38:29.952 [FXGL Background Thread 3 ] DEBUG Engine               - class com.almasb.fxgl.achievement.AchievementService
16:38:29.952 [FXGL Background Thread 3 ] DEBUG Engine               - class com.almasb.fxgl.cutscene.CutsceneService
16:38:29.952 [FXGL Background Thread 3 ] DEBUG Engine               - class com.almasb.fxgl.minigames.MiniGameService
16:38:29.952 [FXGL Background Thread 3 ] DEBUG Engine               - class com.almasb.fxgl.net.NetService
16:38:29.952 [FXGL Background Thread 3 ] DEBUG Engine               - class com.almasb.fxgl.app.services.UpdaterService
16:38:29.952 [FXGL Background Thread 3 ] DEBUG Engine               - class com.almasb.fxgl.dev.DevService
16:38:44.003 [JavaFX Application Thread] DEBUG FXGLAssetLoaderServi - Loading from file system: file:/D:/Code/ProjectJavaFX/bomberman/Bomber/target/classes/assets/textures/bomb_ani.png
16:38:46.503 [JavaFX Application Thread] DEBUG FXGLAssetLoaderServi - Loading from file system: file:/D:/Code/ProjectJavaFX/bomberman/Bomber/target/classes/assets/textures/bomb_exploded_1.png
16:38:46.515 [JavaFX Application Thread] DEBUG FXGLAssetLoaderServi - Loading from file system: file:/D:/Code/ProjectJavaFX/bomberman/Bomber/target/classes/assets/textures/brick_break.png
16:38:49.720 [JavaFX Application Thread] WARN  TMXLevelLoader       - TiledMap generated from 1.7.2. Supported version: 1.2.3. Some features may not be parsed fully.
16:38:49.731 [JavaFX Application Thread] DEBUG TMXLevelLoader       - Parsed TiledMap: file:/D:/Code/ProjectJavaFX/bomberman/Bomber/target/classes/assets/levels/bbm_level2.tmx
16:38:49.731 [JavaFX Application Thread] DEBUG TMXLevelLoader       - Creating tile layer entities
16:38:49.731 [JavaFX Application Thread] DEBUG TilesetLoader        - Loading view for layer Tile Layer 1
16:38:49.732 [JavaFX Application Thread] DEBUG TilesetLoader        - Created buffer with size 1488.0x720.0
16:38:49.818 [JavaFX Application Thread] DEBUG TilesetLoader        - Loading view for layer Tile Layer 2
16:38:49.820 [JavaFX Application Thread] DEBUG TilesetLoader        - Created buffer with size 1488.0x720.0
16:38:49.821 [JavaFX Application Thread] DEBUG TMXLevelLoader       - Creating object layer entities
16:38:49.828 [JavaFX Application Thread] DEBUG FXGLAssetLoaderServi - Loading from file system: file:/D:/Code/ProjectJavaFX/bomberman/Bomber/target/classes/assets/textures/grass.png
16:38:49.869 [JavaFX Application Thread] DEBUG FXGLAssetLoaderServi - Loading from file system: file:/D:/Code/ProjectJavaFX/bomberman/Bomber/target/classes/assets/textures/Oneal.png
16:38:49.881 [JavaFX Application Thread] DEBUG GameWorld            - Clearing removable entities
16:38:49.891 [JavaFX Application Thread] DEBUG GameWorld            - Setting level: com.almasb.fxgl.entity.level.Level@7edb5f5c
16:38:53.658 [JavaFX Application Thread] DEBUG FXGLAssetLoaderServi - Loading from file system: file:/D:/Code/ProjectJavaFX/bomberman/Bomber/target/classes/assets/textures/grass_break_2.png
16:39:17.801 [JavaFX Application Thread] DEBUG FXGLApplication      - Exiting FXGL
16:39:17.801 [JavaFX Application Thread] DEBUG LoopRunner           - Stopping loop
16:39:17.801 [JavaFX Application Thread] DEBUG SystemBundleService  - Saving FXGL system data
16:39:17.803 [JavaFX Application Thread] DEBUG FileSystemAccess     - Writing to: D:\Code\ProjectJavaFX\bomberman\Bomber\system\fxgl.bundle
16:39:17.806 [JavaFX Application Thread] DEBUG Async                - Shutting down background threads
16:39:17.806 [JavaFX Application Thread] DEBUG PrimaryStageWindow   - Closing main window
16:39:17.822 [JavaFX Application Thread] DEBUG Logger               - Closing Logger
