16:26:56.578 [main                     ] DEBUG Logger               - Configured Logger
16:26:56.578 [main                     ] DEBUG GameApplication      - Logging settings
Title: BOMBERMAN
Version: 1.0
Width: 720
Height: 720
Fullscreen: false
Intro: false
Profiling: false
Single step:false
App Mode: DEVELOPER
Menu Key: ESCAPE
Stage Style: DECORATED
Scene Factory: class Bomber.BombermanApp$1

16:26:56.952 [JavaFX Application Thread] DEBUG FXGLApplication      - Initializing FXGL
16:26:56.954 [JavaFX Application Thread] INFO  Engine               - FXGL-11.17 (16.07.2021 15.46) on WINDOWS (J:17.0.1 FX:16)
16:26:56.955 [JavaFX Application Thread] DEBUG Engine               - JRE Vendor Name: Oracle Corporation
16:26:56.955 [JavaFX Application Thread] DEBUG Engine               - Running on OS: Windows 10 version 10.0
16:26:56.955 [JavaFX Application Thread] DEBUG Engine               - Architecture: amd64
16:26:56.955 [JavaFX Application Thread] INFO  Engine               - Source code and latest versions at: https://github.com/AlmasB/FXGL
16:26:56.956 [JavaFX Application Thread] INFO  Engine               -              Join the FXGL chat at: https://gitter.im/AlmasB/FXGL
16:26:57.079 [JavaFX Application Thread] DEBUG PrimaryStageWindow   - Creating a JavaFX scene
16:26:57.121 [JavaFX Application Thread] DEBUG PrimaryStageWindow   - Target settings size: 720.0 x 720.0
16:26:57.121 [JavaFX Application Thread] DEBUG PrimaryStageWindow   - Scaled scene size:    720.0 x 720.0
16:26:57.121 [JavaFX Application Thread] DEBUG PrimaryStageWindow   - Scaled ratio: (1.0, 1.0)
16:26:57.122 [JavaFX Application Thread] DEBUG PrimaryStageWindow   - Set initial scene to FXGLStartupScene
16:26:57.129 [JavaFX Application Thread] DEBUG PrimaryStageWindow   - Opening main window
16:26:57.209 [JavaFX Application Thread] DEBUG PrimaryStageWindow   - Window border size: (14.4000244140625, 37.5999755859375)
16:26:57.209 [JavaFX Application Thread] DEBUG PrimaryStageWindow   - Scaled size: 720.0 x 720.0
16:26:57.209 [JavaFX Application Thread] DEBUG PrimaryStageWindow   - Scaled ratio: (1.0, 1.0)
16:26:57.210 [JavaFX Application Thread] DEBUG PrimaryStageWindow   - Scene size: 720.0 x 720.0
16:26:57.210 [JavaFX Application Thread] DEBUG PrimaryStageWindow   - Stage size: 734.4000244140625 x 757.5999755859375
16:26:57.222 [FXGL Background Thread 1 ] DEBUG Engine               - Initializing environment variables
16:26:57.306 [FXGL Background Thread 1 ] DEBUG FXGLAssetLoaderServi - User app class for loading assets: class Bomber.BombermanApp
16:26:57.306 [FXGL Background Thread 1 ] DEBUG GameApplicationServi - Applying CSS: fxgl_dark.css
16:26:57.307 [FXGL Background Thread 1 ] DEBUG FXGLAssetLoaderServi - Loading from file system: jar:file:/C:/Users/thinh/.m2/repository/com/github/almasb/fxgl/11.17/fxgl-11.17.jar!/fxglassets/ui/css/fxgl_dark.css
16:26:57.370 [FXGL Background Thread 1 ] DEBUG GameApplicationServi - Initializing application scenes
16:26:57.419 [FXGL Background Thread 1 ] DEBUG GameWorld            - Game world initialized
16:26:57.486 [FXGL Background Thread 1 ] DEBUG PhysicsWorld         - Physics world initialized: appHeight=720, physics.ppm=50.0
16:26:57.486 [FXGL Background Thread 1 ] DEBUG PhysicsWorld         - Using strategy: BRUTE_FORCE
16:26:57.490 [FXGL Background Thread 1 ] DEBUG GameScene            - Game scene initialized: 720x720
16:26:57.575 [FXGL Background Thread 1 ] DEBUG GameApplicationServi - Application scenes initialized
16:26:57.591 [FXGL Background Thread 1 ] DEBUG SystemBundleService  - Loading FXGL system data
16:26:57.600 [FXGL Background Thread 1 ] DEBUG FileSystemAccess     - Reading from: D:\Code\ProjectJavaFX\bomberman\Bomber\system\fxgl.bundle
16:26:57.608 [FXGL Background Thread 1 ] DEBUG SystemBundleService  - Bundle FXGL: {}
16:26:57.608 [FXGL Background Thread 1 ] DEBUG UpdaterService       - Checking for updates
16:26:57.614 [FXGL Background Thread 4 ] DEBUG FXGLApplication      - Loading fonts
16:26:57.615 [FXGL Background Thread 4 ] DEBUG FXGLAssetLoaderServi - Loading from file system: file:/D:/Code/ProjectJavaFX/bomberman/Bomber/target/classes/assets/ui/fonts/Quinquefive-Ea6d4.ttf
16:26:57.615 [FXGL Background Thread 1 ] DEBUG FXGLApplication      - Loading default localization
16:26:57.615 [FXGL Background Thread 1 ] DEBUG FXGLAssetLoaderServi - Loading from file system: jar:file:/C:/Users/thinh/.m2/repository/com/github/almasb/fxgl/11.17/fxgl-11.17.jar!/fxglassets/languages/english.lang
16:26:57.634 [FXGL Background Thread 1 ] INFO  FXGLApplication      - FXGL initialization took: 0.412 sec
16:26:57.648 [JavaFX Application Thread] DEBUG Input                - Registered new binding: Move Up - W
16:26:57.648 [JavaFX Application Thread] DEBUG Input                - Registered new binding: Move Down - S
16:26:57.649 [JavaFX Application Thread] DEBUG Input                - Registered new binding: Move Left - A
16:26:57.649 [JavaFX Application Thread] DEBUG Input                - Registered new binding: Move Right - D
16:26:57.649 [JavaFX Application Thread] DEBUG Input                - Registered new binding: Place Bomb - Space
16:26:57.650 [JavaFX Application Thread] DEBUG FXGLAssetLoaderServi - Loading from file system: file:/D:/Code/ProjectJavaFX/bomberman/Bomber/target/classes/assets/music/title_screen.mp3
16:26:57.711 [FXGL Background Thread 4 ] DEBUG FXGLAssetLoaderServi - Loading from file system: jar:file:/C:/Users/thinh/.m2/repository/com/github/almasb/fxgl/11.17/fxgl-11.17.jar!/fxglassets/ui/fonts/Abel-Regular.ttf
16:26:57.726 [FXGL Background Thread 4 ] DEBUG FXGLAssetLoaderServi - Loading from file system: jar:file:/C:/Users/thinh/.m2/repository/com/github/almasb/fxgl/11.17/fxgl-11.17.jar!/fxglassets/ui/fonts/lucida_console.ttf
16:26:57.743 [FXGL Background Thread 4 ] DEBUG FXGLAssetLoaderServi - Loading from file system: jar:file:/C:/Users/thinh/.m2/repository/com/github/almasb/fxgl/11.17/fxgl-11.17.jar!/fxglassets/ui/fonts/Courier-Prime.ttf
16:26:57.841 [JavaFX Application Thread] DEBUG AudioPlayer          - Playing music com.almasb.fxgl.audio.Music@6115583f
16:26:57.842 [JavaFX Application Thread] DEBUG FXGLAssetLoaderServi - Loading from file system: jar:file:/C:/Users/thinh/.m2/repository/com/github/almasb/fxgl/11.17/fxgl-11.17.jar!/fxglassets/textures/fxgl_icon.png
16:26:57.871 [JavaFX Application Thread] DEBUG FXGLAssetLoaderServi - Loading from file system: jar:file:/C:/Users/thinh/.m2/repository/com/github/almasb/fxgl/11.17/fxgl-11.17.jar!/fxglassets/textures/fxgl_default_cursor.png
16:26:57.874 [JavaFX Application Thread] DEBUG Input                - Registered new binding: Screenshot - CTRL+8
16:26:57.874 [JavaFX Application Thread] DEBUG Input                - Registered new binding: System info dump - CTRL+9
16:26:57.875 [JavaFX Application Thread] DEBUG Input                - Registered new binding: Restart - CTRL+R
16:26:57.875 [JavaFX Application Thread] DEBUG Input                - Registered new binding: Toggle Debug Camera - CTRL+C
16:26:57.878 [JavaFX Application Thread] DEBUG LoopRunner           - Starting loop
16:26:57.878 [JavaFX Application Thread] DEBUG LoopRunner           - Initializing JavaFX AnimationTimerLoop
16:26:57.883 [JavaFX Application Thread] DEBUG Input                - Clearing active input actions
16:26:57.891 [JavaFX Application Thread] DEBUG GameApplicationServi - Removing overlay from FXGLStartupScene and adding to FXGLMainMenuDummyScene
16:26:57.891 [JavaFX Application Thread] DEBUG PrimaryStageWindow   - FXGLStartupScene -> FXGLMainMenuDummyScene
16:26:57.891 [JavaFX Application Thread] DEBUG PrimaryStageWindow   - Push state: BombermanMenu
16:26:57.891 [JavaFX Application Thread] DEBUG Input                - Clearing active input actions
16:26:57.896 [JavaFX Application Thread] DEBUG GameApplicationServi - Removing overlay from FXGLMainMenuDummyScene and adding to BombermanMenu
16:26:57.897 [JavaFX Application Thread] DEBUG PrimaryStageWindow   - FXGLMainMenuDummyScene -> BombermanMenu
16:26:57.898 [JavaFX Application Thread] DEBUG FXGLApplication      - Registering font factories with UI factory
16:26:59.278 [JavaFX Application Thread] DEBUG Menu                 - fireNewGame()
16:26:59.278 [JavaFX Application Thread] DEBUG GameApplicationServi - Starting new game
16:26:59.278 [JavaFX Application Thread] DEBUG PrimaryStageWindow   - Pop state: BombermanMenu
16:26:59.278 [JavaFX Application Thread] DEBUG Input                - Clearing active input actions
16:26:59.279 [JavaFX Application Thread] DEBUG GameApplicationServi - Removing overlay from BombermanMenu and adding to FXGLMainMenuDummyScene
16:26:59.279 [JavaFX Application Thread] DEBUG PrimaryStageWindow   - FXGLMainMenuDummyScene <- BombermanMenu
16:26:59.279 [JavaFX Application Thread] DEBUG Input                - Clearing active input actions
16:26:59.284 [JavaFX Application Thread] DEBUG GameApplicationServi - Removing overlay from FXGLMainMenuDummyScene and adding to FXGLLoadingScene
16:26:59.285 [JavaFX Application Thread] DEBUG PrimaryStageWindow   - FXGLMainMenuDummyScene -> FXGLLoadingScene
16:26:59.285 [JavaFX Application Thread] DEBUG GameApplicationServi - Clearing previous game
16:26:59.285 [JavaFX Application Thread] DEBUG GameScene            - Clearing game scene
16:26:59.285 [JavaFX Application Thread] DEBUG GameWorld            - Clearing game world
16:26:59.285 [JavaFX Application Thread] DEBUG PhysicsWorld         - Clearing physics world
16:26:59.288 [FXGL Background Thread 2 ] DEBUG FXGLApplication      - Initializing game
16:26:59.327 [FXGL Background Thread 2 ] WARN  TMXLevelLoader       - TiledMap generated from 1.7.2. Supported version: 1.2.3. Some features may not be parsed fully.
16:26:59.351 [FXGL Background Thread 2 ] DEBUG TMXLevelLoader       - Parsed TiledMap: file:/D:/Code/ProjectJavaFX/bomberman/Bomber/target/classes/assets/levels/bbm_level1.tmx
16:26:59.352 [FXGL Background Thread 2 ] DEBUG TMXLevelLoader       - Creating tile layer entities
16:26:59.353 [FXGL Background Thread 2 ] DEBUG TilesetLoader        - Loading view for layer Tile Layer 1
16:26:59.364 [FXGL Background Thread 2 ] DEBUG TilesetLoader        - Created buffer with size 1488.0x720.0
16:26:59.509 [FXGL Background Thread 2 ] DEBUG TMXLevelLoader       - Creating object layer entities
16:26:59.559 [FXGL Background Thread 2 ] DEBUG FXGLAssetLoaderServi - Loading from file system: file:/D:/Code/ProjectJavaFX/bomberman/Bomber/target/classes/assets/textures/player_die.png
16:26:59.561 [FXGL Background Thread 2 ] DEBUG FXGLAssetLoaderServi - Loading from file system: file:/D:/Code/ProjectJavaFX/bomberman/Bomber/target/classes/assets/textures/player_down.png
16:26:59.564 [FXGL Background Thread 2 ] DEBUG FXGLAssetLoaderServi - Loading from file system: file:/D:/Code/ProjectJavaFX/bomberman/Bomber/target/classes/assets/textures/player_right.png
16:26:59.565 [FXGL Background Thread 2 ] DEBUG FXGLAssetLoaderServi - Loading from file system: file:/D:/Code/ProjectJavaFX/bomberman/Bomber/target/classes/assets/textures/player_up.png
16:26:59.566 [FXGL Background Thread 2 ] DEBUG FXGLAssetLoaderServi - Loading from file system: file:/D:/Code/ProjectJavaFX/bomberman/Bomber/target/classes/assets/textures/player_left.png
16:26:59.569 [FXGL Background Thread 2 ] WARN  Entity               - Entity already has component: com.almasb.fxgl.physics.PhysicsComponent
16:26:59.570 [FXGL Background Thread 2 ] DEBUG FXGLAssetLoaderServi - Loading from file system: file:/D:/Code/ProjectJavaFX/bomberman/Bomber/target/classes/assets/textures/brick.png
16:26:59.608 [FXGL Background Thread 2 ] DEBUG FXGLAssetLoaderServi - Loading from file system: file:/D:/Code/ProjectJavaFX/bomberman/Bomber/target/classes/assets/textures/powerup_speed.png
16:26:59.610 [FXGL Background Thread 2 ] DEBUG FXGLAssetLoaderServi - Loading from file system: file:/D:/Code/ProjectJavaFX/bomberman/Bomber/target/classes/assets/textures/powerup_flames.png
16:26:59.613 [FXGL Background Thread 2 ] DEBUG FXGLAssetLoaderServi - Loading from file system: file:/D:/Code/ProjectJavaFX/bomberman/Bomber/target/classes/assets/textures/powerup_bombs.png
16:26:59.618 [FXGL Background Thread 2 ] DEBUG FXGLAssetLoaderServi - Loading from file system: file:/D:/Code/ProjectJavaFX/bomberman/Bomber/target/classes/assets/textures/powerup_flamepass.png
16:26:59.620 [FXGL Background Thread 2 ] DEBUG FXGLAssetLoaderServi - Loading from file system: file:/D:/Code/ProjectJavaFX/bomberman/Bomber/target/classes/assets/textures/portal.png
16:26:59.622 [FXGL Background Thread 2 ] DEBUG GameWorld            - Clearing removable entities
16:26:59.623 [FXGL Background Thread 2 ] DEBUG GameWorld            - Setting level: com.almasb.fxgl.entity.level.Level@666d16a7
16:26:59.686 [FXGL Background Thread 2 ] INFO  FXGLApplication      - Game initialization took: 0.397 sec
16:26:59.695 [JavaFX Application Thread] DEBUG Input                - Clearing active input actions
16:26:59.710 [JavaFX Application Thread] DEBUG GameApplicationServi - Removing overlay from FXGLLoadingScene and adding to GameScene
16:26:59.711 [JavaFX Application Thread] DEBUG PrimaryStageWindow   - FXGLLoadingScene -> GameScene
16:26:59.733 [JavaFX Application Thread] DEBUG LoopRunner           - Stopping loop
16:26:59.734 [JavaFX Application Thread] FATAL FXGLApplication      - Uncaught Exception:
java.lang.ClassCastException: class javafx.beans.property.SimpleIntegerProperty cannot be cast to class javafx.beans.property.DoubleProperty (javafx.beans.property.SimpleIntegerProperty and javafx.beans.property.DoubleProperty are in unnamed module of loader 'app')
	at com.almasb.fxgl.core.collection.PropertyMap.doubleProperty(PropertyMap.kt:164)
	at com.almasb.fxgl.core.collection.PropertyMap.getDouble(PropertyMap.kt:154)
	at com.almasb.fxgl.dsl.FXGL$Companion.getd(FXGL.kt:297)
	at com.almasb.fxgl.dsl.FXGL.getd(FXGL.kt)
	at Bomber.BombermanApp.onUpdate(BombermanApp.java:93)
	at com.almasb.fxgl.app.FXGLApplication$GameApplicationService.onGameUpdate(FXGLApplication.kt:421)
	at com.almasb.fxgl.app.Engine.onGameUpdate(Engine.kt:137)
	at com.almasb.fxgl.app.FXGLApplication.postServicesInit$lambda-7(FXGLApplication.kt:182)
	at com.almasb.fxgl.scene.Scene.update(Scene.kt:113)
	at com.almasb.fxgl.app.MainWindow$update$1.invoke(MainWindow.kt:110)
	at com.almasb.fxgl.app.MainWindow$update$1.invoke(MainWindow.kt:110)
	at com.almasb.fxgl.core.fsm.StateMachine.runOnActiveStates(StateMachine.kt:69)
	at com.almasb.fxgl.app.MainWindow.update(MainWindow.kt:110)
	at com.almasb.fxgl.app.FXGLApplication$GameApplicationService.onUpdate(FXGLApplication.kt:426)
	at com.almasb.fxgl.app.Engine.loop(Engine.kt:133)
	at com.almasb.fxgl.app.Engine.access$loop(Engine.kt:24)
	at com.almasb.fxgl.app.Engine$loop$1.invoke(Engine.kt:28)
	at com.almasb.fxgl.app.Engine$loop$1.invoke(Engine.kt:28)
	at com.almasb.fxgl.app.LoopRunner.frame(LoopRunner.kt:103)
	at com.almasb.fxgl.app.LoopRunner.access$frame(LoopRunner.kt:23)
	at com.almasb.fxgl.app.LoopRunner$impl$2$1.onTick(LoopRunner.kt:57)
	at com.almasb.fxgl.app.AnimationTimerLoop$timer$1.handle(LoopRunner.kt:137)
	at javafx.animation.AnimationTimer$AnimationTimerReceiver.lambda$handle$0(AnimationTimer.java:57)
	at java.base/java.security.AccessController.doPrivileged(AccessController.java:399)
	at javafx.animation.AnimationTimer$AnimationTimerReceiver.handle(AnimationTimer.java:56)
	at com.sun.scenario.animation.AbstractPrimaryTimer.timePulseImpl(AbstractPrimaryTimer.java:356)
	at com.sun.scenario.animation.AbstractPrimaryTimer$MainLoop.run(AbstractPrimaryTimer.java:266)
	at com.sun.javafx.tk.quantum.QuantumToolkit.pulse(QuantumToolkit.java:559)
	at com.sun.javafx.tk.quantum.QuantumToolkit.pulse(QuantumToolkit.java:543)
	at com.sun.javafx.tk.quantum.QuantumToolkit.pulseFromQueue(QuantumToolkit.java:536)
	at com.sun.javafx.tk.quantum.QuantumToolkit.lambda$runToolkit$11(QuantumToolkit.java:342)
	at com.sun.glass.ui.InvokeLaterDispatcher$Future.run(InvokeLaterDispatcher.java:96)
	at com.sun.glass.ui.win.WinApplication._runLoop(Native Method)
	at com.sun.glass.ui.win.WinApplication.lambda$runLoop$3(WinApplication.java:174)
	at java.base/java.lang.Thread.run(Thread.java:833)

16:26:59.734 [JavaFX Application Thread] FATAL FXGLApplication      - Application will now exit
16:26:59.749 [JavaFX Application Thread] DEBUG PrimaryStageWindow   - Push state: ErrorSubScene
16:26:59.749 [JavaFX Application Thread] DEBUG Input                - Clearing active input actions
16:26:59.752 [JavaFX Application Thread] DEBUG GameApplicationServi - Removing overlay from GameScene and adding to ErrorSubScene
16:26:59.752 [JavaFX Application Thread] DEBUG PrimaryStageWindow   - GameScene -> ErrorSubScene
16:27:00.614 [FXGL Background Thread 3 ] DEBUG Engine               - Logging environment variables
16:27:00.614 [FXGL Background Thread 3 ] DEBUG Engine               - achievements: []
16:27:00.614 [FXGL Background Thread 3 ] DEBUG Engine               - actualHeight: 720.0
16:27:00.614 [FXGL Background Thread 3 ] DEBUG Engine               - actualHeightProperty: ReadOnlyDoubleProperty [value: 720.0]
16:27:00.614 [FXGL Background Thread 3 ] DEBUG Engine               - actualWidth: 720.0
16:27:00.614 [FXGL Background Thread 3 ] DEBUG Engine               - actualWidthProperty: ReadOnlyDoubleProperty [value: 720.0]
16:27:00.614 [FXGL Background Thread 3 ] DEBUG Engine               - appIcon: fxgl_icon.png
16:27:00.614 [FXGL Background Thread 3 ] DEBUG Engine               - applicationMode: DEVELOPER
16:27:00.614 [FXGL Background Thread 3 ] DEBUG Engine               - cSSList: [fxgl_dark.css]
16:27:00.615 [FXGL Background Thread 3 ] DEBUG Engine               - collisionDetectionStrategy: BRUTE_FORCE
16:27:00.615 [FXGL Background Thread 3 ] DEBUG Engine               - configClass: Optional.empty
16:27:00.615 [FXGL Background Thread 3 ] DEBUG Engine               - credits: []
16:27:00.615 [FXGL Background Thread 3 ] DEBUG Engine               - defaultCursor: CursorInfo(imageName=fxgl_default_cursor.png, hotspotX=7.0, hotspotY=6.0)
16:27:00.615 [FXGL Background Thread 3 ] DEBUG Engine               - devBBoxColorProperty: ObjectProperty [value: 0xff0000ff]
16:27:00.615 [FXGL Background Thread 3 ] DEBUG Engine               - devEnableDebugCameraProperty: BooleanProperty [value: false]
16:27:00.615 [FXGL Background Thread 3 ] DEBUG Engine               - devSensorColorProperty: ObjectProperty [value: 0xffff00ff]
16:27:00.615 [FXGL Background Thread 3 ] DEBUG Engine               - devShowBBoxProperty: BooleanProperty [value: false]
16:27:00.616 [FXGL Background Thread 3 ] DEBUG Engine               - devShowPositionProperty: BooleanProperty [value: false]
16:27:00.616 [FXGL Background Thread 3 ] DEBUG Engine               - enabledMenuItems: []
16:27:00.616 [FXGL Background Thread 3 ] DEBUG Engine               - engineServices: [class com.almasb.fxgl.app.services.FXGLAssetLoaderService, class com.almasb.fxgl.app.FXGLApplication$GameApplicationService, class com.almasb.fxgl.app.services.FXGLDialogService, class com.almasb.fxgl.app.services.IOTaskExecutorService, class com.almasb.fxgl.io.FileSystemService, class com.almasb.fxgl.localization.LocalizationService, class com.almasb.fxgl.app.services.SystemBundleService, class com.almasb.fxgl.profile.SaveLoadService, class com.almasb.fxgl.ui.FXGLUIFactoryServiceProvider, class com.almasb.fxgl.ui.FXGLDialogFactoryServiceProvider, class com.almasb.fxgl.audio.AudioPlayer, class com.almasb.fxgl.notification.impl.NotificationServiceProvider, class com.almasb.fxgl.achievement.AchievementService, class com.almasb.fxgl.cutscene.CutsceneService, class com.almasb.fxgl.minigames.MiniGameService, class com.almasb.fxgl.net.NetService, class com.almasb.fxgl.app.services.UpdaterService, class com.almasb.fxgl.dev.DevService]
16:27:00.616 [FXGL Background Thread 3 ] DEBUG Engine               - fontGame: Abel-Regular.ttf
16:27:00.616 [FXGL Background Thread 3 ] DEBUG Engine               - fontMono: lucida_console.ttf
16:27:00.616 [FXGL Background Thread 3 ] DEBUG Engine               - fontText: Courier-Prime.ttf
16:27:00.616 [FXGL Background Thread 3 ] DEBUG Engine               - fontUI: Quinquefive-Ea6d4.ttf
16:27:00.616 [FXGL Background Thread 3 ] DEBUG Engine               - fullScreen: BooleanProperty [value: false]
16:27:00.616 [FXGL Background Thread 3 ] DEBUG Engine               - gameDifficulty: MEDIUM
16:27:00.616 [FXGL Background Thread 3 ] DEBUG Engine               - gameDifficultyProperty: ObjectProperty [value: MEDIUM]
16:27:00.616 [FXGL Background Thread 3 ] DEBUG Engine               - globalMusicVolume: 0.5
16:27:00.616 [FXGL Background Thread 3 ] DEBUG Engine               - globalMusicVolumeProperty: DoubleProperty [value: 0.1]
16:27:00.617 [FXGL Background Thread 3 ] DEBUG Engine               - globalSoundVolume: 0.5
16:27:00.617 [FXGL Background Thread 3 ] DEBUG Engine               - globalSoundVolumeProperty: DoubleProperty [value: 0.1]
16:27:00.617 [FXGL Background Thread 3 ] DEBUG Engine               - height: 720
16:27:00.617 [FXGL Background Thread 3 ] DEBUG Engine               - is3D: false
16:27:00.617 [FXGL Background Thread 3 ] DEBUG Engine               - isAndroid: false
16:27:00.617 [FXGL Background Thread 3 ] DEBUG Engine               - isBrowser: false
16:27:00.617 [FXGL Background Thread 3 ] DEBUG Engine               - isClickFeedbackEnabled: false
16:27:00.617 [FXGL Background Thread 3 ] DEBUG Engine               - isCloseConfirmation: false
16:27:00.617 [FXGL Background Thread 3 ] DEBUG Engine               - isDesktop: true
16:27:00.617 [FXGL Background Thread 3 ] DEBUG Engine               - isDeveloperMenuEnabled: false
16:27:00.617 [FXGL Background Thread 3 ] DEBUG Engine               - isEntityPreloadEnabled: true
16:27:00.617 [FXGL Background Thread 3 ] DEBUG Engine               - isExperimentalTiledLargeMap: false
16:27:00.618 [FXGL Background Thread 3 ] DEBUG Engine               - isFileSystemWriteAllowed: true
16:27:00.618 [FXGL Background Thread 3 ] DEBUG Engine               - isFullScreenAllowed: false
16:27:00.618 [FXGL Background Thread 3 ] DEBUG Engine               - isFullScreenFromStart: false
16:27:00.618 [FXGL Background Thread 3 ] DEBUG Engine               - isGameMenuEnabled: true
16:27:00.618 [FXGL Background Thread 3 ] DEBUG Engine               - isIOS: false
16:27:00.618 [FXGL Background Thread 3 ] DEBUG Engine               - isIntroEnabled: false
16:27:00.618 [FXGL Background Thread 3 ] DEBUG Engine               - isLinux: false
16:27:00.618 [FXGL Background Thread 3 ] DEBUG Engine               - isMac: false
16:27:00.618 [FXGL Background Thread 3 ] DEBUG Engine               - isMainMenuEnabled: true
16:27:00.618 [FXGL Background Thread 3 ] DEBUG Engine               - isManualResizeEnabled: true
16:27:00.618 [FXGL Background Thread 3 ] DEBUG Engine               - isMobile: false
16:27:00.618 [FXGL Background Thread 3 ] DEBUG Engine               - isNative: false
16:27:00.618 [FXGL Background Thread 3 ] DEBUG Engine               - isPauseMusicWhenMinimized: true
16:27:00.618 [FXGL Background Thread 3 ] DEBUG Engine               - isPreserveResizeRatio: true
16:27:00.618 [FXGL Background Thread 3 ] DEBUG Engine               - isProfilingEnabled: false
16:27:00.618 [FXGL Background Thread 3 ] DEBUG Engine               - isScaleAffectedOnResize: true
16:27:00.619 [FXGL Background Thread 3 ] DEBUG Engine               - isSingleStep: false
16:27:00.619 [FXGL Background Thread 3 ] DEBUG Engine               - isUserProfileEnabled: false
16:27:00.619 [FXGL Background Thread 3 ] DEBUG Engine               - isWindows: true
16:27:00.619 [FXGL Background Thread 3 ] DEBUG Engine               - language: ObjectProperty [value: ENGLISH]
16:27:00.619 [FXGL Background Thread 3 ] DEBUG Engine               - menuKey: ESCAPE
16:27:00.619 [FXGL Background Thread 3 ] DEBUG Engine               - mouseSensitivity: 0.2
16:27:00.619 [FXGL Background Thread 3 ] DEBUG Engine               - notificationViewClass: class com.almasb.fxgl.notification.view.XboxNotificationView
16:27:00.619 [FXGL Background Thread 3 ] DEBUG Engine               - pixelsPerMeter: 50.0
16:27:00.619 [FXGL Background Thread 3 ] DEBUG Engine               - platform: WINDOWS
16:27:00.619 [FXGL Background Thread 3 ] DEBUG Engine               - prefHeightProperty: ReadOnlyDoubleProperty [value: 720.0]
16:27:00.619 [FXGL Background Thread 3 ] DEBUG Engine               - prefWidthProperty: ReadOnlyDoubleProperty [value: 720.0]
16:27:00.619 [FXGL Background Thread 3 ] DEBUG Engine               - profileDir: profiles/
16:27:00.620 [FXGL Background Thread 3 ] DEBUG Engine               - profileName: StringProperty [value: DEFAULT]
16:27:00.620 [FXGL Background Thread 3 ] DEBUG Engine               - randomSeed: -1
16:27:00.620 [FXGL Background Thread 3 ] DEBUG Engine               - runtimeInfo: RuntimeInfo(platform=WINDOWS, version=11.17, build=16.07.2021 15.46)
16:27:00.620 [FXGL Background Thread 3 ] DEBUG Engine               - saveFileExt: sav
16:27:00.620 [FXGL Background Thread 3 ] DEBUG Engine               - scaledHeightProp$fxgl: DoubleProperty [bound, value: 720.0]
16:27:00.620 [FXGL Background Thread 3 ] DEBUG Engine               - scaledWidthProp$fxgl: DoubleProperty [bound, value: 720.0]
16:27:00.620 [FXGL Background Thread 3 ] DEBUG Engine               - sceneFactory: Bomber.BombermanApp$1@4f2e9aaf
16:27:00.620 [FXGL Background Thread 3 ] DEBUG Engine               - secondsIn24h: 60
16:27:00.620 [FXGL Background Thread 3 ] DEBUG Engine               - soundMenuBack: menu/back.wav
16:27:00.620 [FXGL Background Thread 3 ] DEBUG Engine               - soundMenuPress: menu/press.wav
16:27:00.620 [FXGL Background Thread 3 ] DEBUG Engine               - soundMenuSelect: menu/select.wav
16:27:00.620 [FXGL Background Thread 3 ] DEBUG Engine               - soundNotification: core/notification.wav
16:27:00.620 [FXGL Background Thread 3 ] DEBUG Engine               - stageStyle: DECORATED
16:27:00.620 [FXGL Background Thread 3 ] DEBUG Engine               - supportedLanguages: [ENGLISH, FRENCH, GERMAN, HUNGARIAN, RUSSIAN]
16:27:00.620 [FXGL Background Thread 3 ] DEBUG Engine               - ticksPerSecond: -1
16:27:00.620 [FXGL Background Thread 3 ] DEBUG Engine               - title: BOMBERMAN
16:27:00.621 [FXGL Background Thread 3 ] DEBUG Engine               - urlGithub: https://github.com/AlmasB/FXGL
16:27:00.621 [FXGL Background Thread 3 ] DEBUG Engine               - urlLeaderboard: http://fxgl-top.herokuapp.com/
16:27:00.621 [FXGL Background Thread 3 ] DEBUG Engine               - urlPOM: https://raw.githubusercontent.com/AlmasB/FXGL/release/README.md
16:27:00.621 [FXGL Background Thread 3 ] DEBUG Engine               - userAppClass: class Bomber.BombermanApp
16:27:00.621 [FXGL Background Thread 3 ] DEBUG Engine               - version: 1.0
16:27:00.621 [FXGL Background Thread 3 ] DEBUG Engine               - versionCheckDays: 7
16:27:00.621 [FXGL Background Thread 3 ] DEBUG Engine               - width: 720
16:27:00.621 [FXGL Background Thread 3 ] DEBUG Engine               - Logging services
16:27:00.621 [FXGL Background Thread 3 ] DEBUG Engine               - class com.almasb.fxgl.app.services.FXGLAssetLoaderService
16:27:00.621 [FXGL Background Thread 3 ] DEBUG Engine               - class com.almasb.fxgl.app.FXGLApplication$GameApplicationService
16:27:00.621 [FXGL Background Thread 3 ] DEBUG Engine               - class com.almasb.fxgl.app.services.FXGLDialogService
16:27:00.621 [FXGL Background Thread 3 ] DEBUG Engine               - class com.almasb.fxgl.app.services.IOTaskExecutorService
16:27:00.622 [FXGL Background Thread 3 ] DEBUG Engine               - class com.almasb.fxgl.io.FileSystemService
16:27:00.622 [FXGL Background Thread 3 ] DEBUG Engine               - class com.almasb.fxgl.localization.LocalizationService
16:27:00.622 [FXGL Background Thread 3 ] DEBUG Engine               - class com.almasb.fxgl.app.services.SystemBundleService
16:27:00.622 [FXGL Background Thread 3 ] DEBUG Engine               - class com.almasb.fxgl.profile.SaveLoadService
16:27:00.622 [FXGL Background Thread 3 ] DEBUG Engine               - class com.almasb.fxgl.ui.FXGLUIFactoryServiceProvider
16:27:00.622 [FXGL Background Thread 3 ] DEBUG Engine               - class com.almasb.fxgl.ui.FXGLDialogFactoryServiceProvider
16:27:00.622 [FXGL Background Thread 3 ] DEBUG Engine               - class com.almasb.fxgl.audio.AudioPlayer
16:27:00.622 [FXGL Background Thread 3 ] DEBUG Engine               - class com.almasb.fxgl.notification.impl.NotificationServiceProvider
16:27:00.622 [FXGL Background Thread 3 ] DEBUG Engine               - class com.almasb.fxgl.achievement.AchievementService
16:27:00.622 [FXGL Background Thread 3 ] DEBUG Engine               - class com.almasb.fxgl.cutscene.CutsceneService
16:27:00.622 [FXGL Background Thread 3 ] DEBUG Engine               - class com.almasb.fxgl.minigames.MiniGameService
16:27:00.622 [FXGL Background Thread 3 ] DEBUG Engine               - class com.almasb.fxgl.net.NetService
16:27:00.622 [FXGL Background Thread 3 ] DEBUG Engine               - class com.almasb.fxgl.app.services.UpdaterService
16:27:00.622 [FXGL Background Thread 3 ] DEBUG Engine               - class com.almasb.fxgl.dev.DevService
16:27:01.558 [JavaFX Application Thread] DEBUG FXGLApplication      - Exiting FXGL
16:27:01.558 [JavaFX Application Thread] DEBUG Async                - Shutting down background threads
16:27:01.558 [JavaFX Application Thread] DEBUG PrimaryStageWindow   - Closing main window
16:27:01.568 [JavaFX Application Thread] DEBUG Logger               - Closing Logger
